
R version 3.0.3 (2014-03-06) -- "Warm Puppy"
Copyright (C) 2014 The R Foundation for Statistical Computing
Platform: x86_64-unknown-linux-gnu (64-bit)

R is free software and comes with ABSOLUTELY NO WARRANTY.
You are welcome to redistribute it under certain conditions.
Type 'license()' or 'licence()' for distribution details.

  Natural language support but running in an English locale

R is a collaborative project with many contributors.
Type 'contributors()' for more information and
'citation()' on how to cite R or R packages in publications.

Type 'demo()' for some demos, 'help()' for on-line help, or
'help.start()' for an HTML browser interface to help.
Type 'q()' to quit R.

> print(.libPaths())
[1] "/usr/local/r-3.0.3/lib64/R/library"
> .libPaths("/mnt/home/rjparker/Rlib")
> print(.libPaths())
[1] "/mnt/home/rjparker/Rlib"            "/usr/local/r-3.0.3/lib64/R/library"
> setwd("/mnt/home/rjparker/git/block_int")
> 
> which_exp <- 2
> which_part <- 12
> source("R/sim_nblocks_pred.R")
Loading required package: spam
Loading required package: grid
Spam version 0.41-0 (2014-02-26) is loaded.
Type 'help( Spam)' or 'demo( spam)' for a short introduction 
and overview of this package.
Help for individual functions is also obtained by adding the
suffix '.spam' to the function name, e.g. 'help( chol.spam)'.

Attaching package: ‘spam’

The following objects are masked from ‘package:base’:

    backsolve, forwardsolve

Loading required package: maps
  pred  p b tau Nper_p Npred Fzero sigma2
2 TRUE 10 4  10   2500  1000     0      1
[1] 1.022793
$full.time
[1] 0.021

$full.rmse
[1] 0.05454194

$full.time
[1] 0.021

$full.rmse
[1] 0.05454194

$l25.time
[1] 1.259

$l25.rmse
[1] 0.1322954

$l50.time
[1] 1.396

$l50.rmse
[1] 0.1016974

$l100.time
[1] 3.045

$l100.rmse
[1] 0.08036379

$l250.time
[1] 18.561

$l250.rmse
[1] 0.06481234

$l500.time
[1] 99.502

$l500.rmse
[1] 0.05984342

$o25_i.ptime
[1] 0.066

$o25_i.time
[1] 0.199

$o25_i.rmse
[1] 0.4168213

$o50_i.ptime
[1] 0.047

$o50_i.time
[1] 0.159

$o50_i.rmse
[1] 0.3520219

$o100_i.ptime
[1] 0.065

$o100_i.time
[1] 0.154

$o100_i.rmse
[1] 0.2615185

$o250_i.ptime
[1] 0.204

$o250_i.time
[1] 0.147

$o250_i.rmse
[1] 0.1790923

$o500_i.ptime
[1] 0.443

$o500_i.time
[1] 0.15

$o500_i.rmse
[1] 0.1131118

$o25_d.ptime
[1] 0.049

$o25_d.time
[1] 0.412

$o25_d.rmse
[1] 0.3229862

$o50_d.ptime
[1] 0.02

$o50_d.time
[1] 0.552

$o50_d.rmse
[1] 0.2402514

$o100_d.ptime
[1] 0.014

$o100_d.time
[1] 0.861

$o100_d.rmse
[1] 0.169546

$o250_d.ptime
[1] 0.012

$o250_d.time
[1] 3.841

$o250_d.rmse
[1] 0.09940838

$o500_d.ptime
[1] 0.021

$o500_d.time
[1] 10.576

$o500_d.rmse
[1] 0.07597197

$c25_i.ptime
[1] 0.157

$c25_i.time
[1] 0.146

$c25_i.rmse
[1] 0.2817704

$c50_i.ptime
[1] 0.098

$c50_i.time
[1] 0.183

$c50_i.rmse
[1] 0.2196232

$c100_i.ptime
[1] 0.128

$c100_i.time
[1] 0.157

$c100_i.rmse
[1] 0.1765011

$c250_i.ptime
[1] 0.22

$c250_i.time
[1] 0.13

$c250_i.rmse
[1] 0.1328449

$c500_i.ptime
[1] 0.516

$c500_i.time
[1] 0.168

$c500_i.rmse
[1] 0.1119716

$c25_d.ptime
[1] 0.171

$c25_d.time
[1] 0.359

$c25_d.rmse
[1] 0.2090328

$c50_d.ptime
[1] 0.069

$c50_d.time
[1] 0.549

$c50_d.rmse
[1] 0.1721384

$c100_d.ptime
[1] 0.069

$c100_d.time
[1] 0.973

$c100_d.rmse
[1] 0.1359687

$c250_d.ptime
[1] 0.042

$c250_d.time
[1] 3.452

$c250_d.rmse
[1] 0.09832816

$c500_d.ptime
[1] 0.024

$c500_d.time
[1] 11.047

$c500_d.rmse
[1] 0.06766242

$s25.ptime
[1] 0.06

$s25.time
[1] 0.001

$s25.rmse
[1] 0.4975232

$s50.ptime
[1] 0.088

$s50.time
[1] 0.002

$s50.rmse
[1] 0.4619342

$s100.ptime
[1] 0.115

$s100.time
[1] 0.003

$s100.rmse
[1] 0.3131771

$s250.ptime
[1] 0.208

$s250.time
[1] 0.009

$s250.rmse
[1] 0.1751501

$s500.ptime
[1] 0.368

$s500.time
[1] 0.016

$s500.rmse
[1] 0.116413

$s1000.ptime
[1] 1.096

$s1000.time
[1] 0.03

$s1000.rmse
[1] 0.08152432

        seed            p    full.time    full.rmse     l25.time     l25.rmse 
    2139.000       10.000        0.021        0.055        1.259        0.132 
    l50.time     l50.rmse    l100.time    l100.rmse    l250.time    l250.rmse 
       1.396        0.102        3.045        0.080       18.561        0.065 
   l500.time    l500.rmse  o25_i.ptime   o25_i.time   o25_i.rmse  o50_i.ptime 
      99.502        0.060        0.066        0.199        0.417        0.047 
  o50_i.time   o50_i.rmse o100_i.ptime  o100_i.time  o100_i.rmse o250_i.ptime 
       0.159        0.352        0.065        0.154        0.262        0.204 
 o250_i.time  o250_i.rmse o500_i.ptime  o500_i.time  o500_i.rmse  o25_d.ptime 
       0.147        0.179        0.443        0.150        0.113        0.049 
  o25_d.time   o25_d.rmse  o50_d.ptime   o50_d.time   o50_d.rmse o100_d.ptime 
       0.412        0.323        0.020        0.552        0.240        0.014 
 o100_d.time  o100_d.rmse o250_d.ptime  o250_d.time  o250_d.rmse o500_d.ptime 
       0.861        0.170        0.012        3.841        0.099        0.021 
 o500_d.time  o500_d.rmse  c25_i.ptime   c25_i.time   c25_i.rmse  c50_i.ptime 
      10.576        0.076        0.157        0.146        0.282        0.098 
  c50_i.time   c50_i.rmse c100_i.ptime  c100_i.time  c100_i.rmse c250_i.ptime 
       0.183        0.220        0.128        0.157        0.177        0.220 
 c250_i.time  c250_i.rmse c500_i.ptime  c500_i.time  c500_i.rmse  c25_d.ptime 
       0.130        0.133        0.516        0.168        0.112        0.171 
  c25_d.time   c25_d.rmse  c50_d.ptime   c50_d.time   c50_d.rmse c100_d.ptime 
       0.359        0.209        0.069        0.549        0.172        0.069 
 c100_d.time  c100_d.rmse c250_d.ptime  c250_d.time  c250_d.rmse c500_d.ptime 
       0.973        0.136        0.042        3.452        0.098        0.024 
 c500_d.time  c500_d.rmse    s25.ptime     s25.time     s25.rmse    s50.ptime 
      11.047        0.068        0.060        0.001        0.498        0.088 
    s50.time     s50.rmse   s100.ptime    s100.time    s100.rmse   s250.ptime 
       0.002        0.462        0.115        0.003        0.313        0.208 
   s250.time    s250.rmse   s500.ptime    s500.time    s500.rmse  s1000.ptime 
       0.009        0.175        0.368        0.016        0.116        1.096 
  s1000.time   s1000.rmse 
       0.030        0.082 
[1] 0.6281431
$full.time
[1] 0.02

$full.rmse
[1] 0.05161838

$full.time
[1] 0.02

$full.rmse
[1] 0.05161838

$l25.time
[1] 1.15

$l25.rmse
[1] 0.1346359

$l50.time
[1] 1.433

$l50.rmse
[1] 0.09808832

$l100.time
[1] 2.883

$l100.rmse
[1] 0.07715685

$l250.time
[1] 17.561

$l250.rmse
[1] 0.06330366

$l500.time
[1] 100.669

$l500.rmse
[1] 0.05645296

$o25_i.ptime
[1] 0.068

$o25_i.time
[1] 0.172

$o25_i.rmse
[1] 0.4184004

$o50_i.ptime
[1] 0.035

$o50_i.time
[1] 0.117

$o50_i.rmse
[1] 0.3299761

$o100_i.ptime
[1] 0.055

$o100_i.time
[1] 0.148

$o100_i.rmse
[1] 0.2723069

$o250_i.ptime
[1] 0.193

$o250_i.time
[1] 0.144

$o250_i.rmse
[1] 0.1708344

$o500_i.ptime
[1] 0.475

$o500_i.time
[1] 0.226

$o500_i.rmse
[1] 0.1254159

$o25_d.ptime
[1] 0.042

$o25_d.time
[1] 0.351

$o25_d.rmse
[1] 0.3144918

$o50_d.ptime
[1] 0.018

$o50_d.time
[1] 0.37

$o50_d.rmse
[1] 0.2173268

$o100_d.ptime
[1] 0.01

$o100_d.time
[1] 0.996

$o100_d.rmse
[1] 0.1777179

$o250_d.ptime
[1] 0.014

$o250_d.time
[1] 3.42

$o250_d.rmse
[1] 0.1101839

$o500_d.ptime
[1] 0.015

$o500_d.time
[1] 11.586

$o500_d.rmse
[1] 0.07571643

$c25_i.ptime
[1] 0.126

$c25_i.time
[1] 0.166

$c25_i.rmse
[1] 0.2609354

$c50_i.ptime
[1] 0.115

$c50_i.time
[1] 0.185

$c50_i.rmse
[1] 0.2191591

$c100_i.ptime
[1] 0.121

$c100_i.time
[1] 0.189

$c100_i.rmse
[1] 0.185992

$c250_i.ptime
[1] 0.228

$c250_i.time
[1] 0.136

$c250_i.rmse
[1] 0.1249495

$c500_i.ptime
[1] 0.512

$c500_i.time
[1] 0.221

$c500_i.rmse
[1] 0.1001414

$c25_d.ptime
[1] 0.138

$c25_d.time
[1] 0.488

$c25_d.rmse
[1] 0.2160544

$c50_d.ptime
[1] 0.061

$c50_d.time
[1] 0.478

$c50_d.rmse
[1] 0.1522843

$c100_d.ptime
[1] 0.062

$c100_d.time
[1] 0.917

$c100_d.rmse
[1] 0.1294361

$c250_d.ptime
[1] 0.049

$c250_d.time
[1] 3.401

$c250_d.rmse
[1] 0.09608355

$c500_d.ptime
[1] 0.039

$c500_d.time
[1] 10.748

$c500_d.rmse
[1] 0.06349641

$s25.ptime
[1] 0.046

$s25.time
[1] 0.001

$s25.rmse
[1] 0.5819708

$s50.ptime
[1] 0.067

$s50.time
[1] 0.002

$s50.rmse
[1] 0.4863648

$s100.ptime
[1] 0.097

$s100.time
[1] 0.004

$s100.rmse
[1] 0.3271257

$s250.ptime
[1] 0.183

$s250.time
[1] 0.009

$s250.rmse
[1] 0.179266

$s500.ptime
[1] 0.378

$s500.time
[1] 0.015

$s500.rmse
[1] 0.1234585

$s1000.ptime
[1] 1.107

$s1000.time
[1] 0.033

$s1000.rmse
[1] 0.08355009

        seed            p    full.time    full.rmse     l25.time     l25.rmse 
    2140.000       10.000        0.020        0.052        1.150        0.135 
    l50.time     l50.rmse    l100.time    l100.rmse    l250.time    l250.rmse 
       1.433        0.098        2.883        0.077       17.561        0.063 
   l500.time    l500.rmse  o25_i.ptime   o25_i.time   o25_i.rmse  o50_i.ptime 
     100.669        0.056        0.068        0.172        0.418        0.035 
  o50_i.time   o50_i.rmse o100_i.ptime  o100_i.time  o100_i.rmse o250_i.ptime 
       0.117        0.330        0.055        0.148        0.272        0.193 
 o250_i.time  o250_i.rmse o500_i.ptime  o500_i.time  o500_i.rmse  o25_d.ptime 
       0.144        0.171        0.475        0.226        0.125        0.042 
  o25_d.time   o25_d.rmse  o50_d.ptime   o50_d.time   o50_d.rmse o100_d.ptime 
       0.351        0.314        0.018        0.370        0.217        0.010 
 o100_d.time  o100_d.rmse o250_d.ptime  o250_d.time  o250_d.rmse o500_d.ptime 
       0.996        0.178        0.014        3.420        0.110        0.015 
 o500_d.time  o500_d.rmse  c25_i.ptime   c25_i.time   c25_i.rmse  c50_i.ptime 
      11.586        0.076        0.126        0.166        0.261        0.115 
  c50_i.time   c50_i.rmse c100_i.ptime  c100_i.time  c100_i.rmse c250_i.ptime 
       0.185        0.219        0.121        0.189        0.186        0.228 
 c250_i.time  c250_i.rmse c500_i.ptime  c500_i.time  c500_i.rmse  c25_d.ptime 
       0.136        0.125        0.512        0.221        0.100        0.138 
  c25_d.time   c25_d.rmse  c50_d.ptime   c50_d.time   c50_d.rmse c100_d.ptime 
       0.488        0.216        0.061        0.478        0.152        0.062 
 c100_d.time  c100_d.rmse c250_d.ptime  c250_d.time  c250_d.rmse c500_d.ptime 
       0.917        0.129        0.049        3.401        0.096        0.039 
 c500_d.time  c500_d.rmse    s25.ptime     s25.time     s25.rmse    s50.ptime 
      10.748        0.063        0.046        0.001        0.582        0.067 
    s50.time     s50.rmse   s100.ptime    s100.time    s100.rmse   s250.ptime 
       0.002        0.486        0.097        0.004        0.327        0.183 
   s250.time    s250.rmse   s500.ptime    s500.time    s500.rmse  s1000.ptime 
       0.009        0.179        0.378        0.015        0.123        1.107 
  s1000.time   s1000.rmse 
       0.033        0.084 
[1] 1.025346
$full.time
[1] 0.019

$full.rmse
[1] 0.05302659

$full.time
[1] 0.019

$full.rmse
[1] 0.05302659

$l25.time
[1] 1.125

$l25.rmse
[1] 0.1333957

$l50.time
[1] 1.469

$l50.rmse
[1] 0.09912875

$l100.time
[1] 2.877

$l100.rmse
[1] 0.07788771

$l250.time
[1] 17.922

$l250.rmse
[1] 0.06409823

$l500.time
[1] 101.392

$l500.rmse
[1] 0.05758775

$o25_i.ptime
[1] 0.047

$o25_i.time
[1] 0.155

$o25_i.rmse
[1] 0.4744944

$o50_i.ptime
[1] 0.035

$o50_i.time
[1] 0.128

$o50_i.rmse
[1] 0.3833867

$o100_i.ptime
[1] 0.054

$o100_i.time
[1] 0.125

$o100_i.rmse
[1] 0.295274

$o250_i.ptime
[1] 0.183

$o250_i.time
[1] 0.169

$o250_i.rmse
[1] 0.151819

$o500_i.ptime
[1] 0.54

$o500_i.time
[1] 0.167

$o500_i.rmse
[1] 0.1163226

$o25_d.ptime
[1] 0.052

$o25_d.time
[1] 0.42

$o25_d.rmse
[1] 0.3407684

$o50_d.ptime
[1] 0.024

$o50_d.time
[1] 0.488

$o50_d.rmse
[1] 0.2432162

$o100_d.ptime
[1] 0.01

$o100_d.time
[1] 1.023

$o100_d.rmse
[1] 0.1591902

$o250_d.ptime
[1] 0.011

$o250_d.time
[1] 3.67

$o250_d.rmse
[1] 0.09866823

$o500_d.ptime
[1] 0.015

$o500_d.time
[1] 10.502

$o500_d.rmse
[1] 0.07372979

$c25_i.ptime
[1] 0.125

$c25_i.time
[1] 0.171

$c25_i.rmse
[1] 0.3167356

$c50_i.ptime
[1] 0.106

$c50_i.time
[1] 0.134

$c50_i.rmse
[1] 0.2410689

$c100_i.ptime
[1] 0.093

$c100_i.time
[1] 0.13

$c100_i.rmse
[1] 0.175481

$c250_i.ptime
[1] 0.208

$c250_i.time
[1] 0.132

$c250_i.rmse
[1] 0.1435923

$c500_i.ptime
[1] 0.498

$c500_i.time
[1] 0.18

$c500_i.rmse
[1] 0.0935252

$c25_d.ptime
[1] 0.143

$c25_d.time
[1] 0.47

$c25_d.rmse
[1] 0.2282484

$c50_d.ptime
[1] 0.074

$c50_d.time
[1] 0.439

$c50_d.rmse
[1] 0.1666802

$c100_d.ptime
[1] 0.053

$c100_d.time
[1] 1.016

$c100_d.rmse
[1] 0.127734

$c250_d.ptime
[1] 0.041

$c250_d.time
[1] 3.394

$c250_d.rmse
[1] 0.09434846

$c500_d.ptime
[1] 0.025

$c500_d.time
[1] 10.954

$c500_d.rmse
[1] 0.0764193

$s25.ptime
[1] 0.044

$s25.time
[1] 0.001

$s25.rmse
[1] 0.540087

$s50.ptime
[1] 0.071

$s50.time
[1] 0.002

$s50.rmse
[1] 0.4165943

$s100.ptime
[1] 0.121

$s100.time
[1] 0.004

$s100.rmse
[1] 0.3171556

$s250.ptime
[1] 0.233

$s250.time
[1] 0.009

$s250.rmse
[1] 0.192802

$s500.ptime
[1] 0.369

$s500.time
[1] 0.018

$s500.rmse
[1] 0.1121891

$s1000.ptime
[1] 1.101

$s1000.time
[1] 0.029

$s1000.rmse
[1] 0.07582988

        seed            p    full.time    full.rmse     l25.time     l25.rmse 
    2141.000       10.000        0.019        0.053        1.125        0.133 
    l50.time     l50.rmse    l100.time    l100.rmse    l250.time    l250.rmse 
       1.469        0.099        2.877        0.078       17.922        0.064 
   l500.time    l500.rmse  o25_i.ptime   o25_i.time   o25_i.rmse  o50_i.ptime 
     101.392        0.058        0.047        0.155        0.474        0.035 
  o50_i.time   o50_i.rmse o100_i.ptime  o100_i.time  o100_i.rmse o250_i.ptime 
       0.128        0.383        0.054        0.125        0.295        0.183 
 o250_i.time  o250_i.rmse o500_i.ptime  o500_i.time  o500_i.rmse  o25_d.ptime 
       0.169        0.152        0.540        0.167        0.116        0.052 
  o25_d.time   o25_d.rmse  o50_d.ptime   o50_d.time   o50_d.rmse o100_d.ptime 
       0.420        0.341        0.024        0.488        0.243        0.010 
 o100_d.time  o100_d.rmse o250_d.ptime  o250_d.time  o250_d.rmse o500_d.ptime 
       1.023        0.159        0.011        3.670        0.099        0.015 
 o500_d.time  o500_d.rmse  c25_i.ptime   c25_i.time   c25_i.rmse  c50_i.ptime 
      10.502        0.074        0.125        0.171        0.317        0.106 
  c50_i.time   c50_i.rmse c100_i.ptime  c100_i.time  c100_i.rmse c250_i.ptime 
       0.134        0.241        0.093        0.130        0.175        0.208 
 c250_i.time  c250_i.rmse c500_i.ptime  c500_i.time  c500_i.rmse  c25_d.ptime 
       0.132        0.144        0.498        0.180        0.094        0.143 
  c25_d.time   c25_d.rmse  c50_d.ptime   c50_d.time   c50_d.rmse c100_d.ptime 
       0.470        0.228        0.074        0.439        0.167        0.053 
 c100_d.time  c100_d.rmse c250_d.ptime  c250_d.time  c250_d.rmse c500_d.ptime 
       1.016        0.128        0.041        3.394        0.094        0.025 
 c500_d.time  c500_d.rmse    s25.ptime     s25.time     s25.rmse    s50.ptime 
      10.954        0.076        0.044        0.001        0.540        0.071 
    s50.time     s50.rmse   s100.ptime    s100.time    s100.rmse   s250.ptime 
       0.002        0.417        0.121        0.004        0.317        0.233 
   s250.time    s250.rmse   s500.ptime    s500.time    s500.rmse  s1000.ptime 
       0.009        0.193        0.369        0.018        0.112        1.101 
  s1000.time   s1000.rmse 
       0.029        0.076 
[1] 1.07443
$full.time
[1] 0.02

$full.rmse
[1] 0.05543256

$full.time
[1] 0.02

$full.rmse
[1] 0.05543256

$l25.time
[1] 1.139

$l25.rmse
[1] 0.1351043

$l50.time
[1] 1.423

$l50.rmse
[1] 0.1061151

$l100.time
[1] 2.856

$l100.rmse
[1] 0.08362627

$l250.time
[1] 17.822

$l250.rmse
[1] 0.06749057

$l500.time
[1] 100.136

$l500.rmse
[1] 0.06193922

$o25_i.ptime
[1] 0.061

$o25_i.time
[1] 0.162

$o25_i.rmse
[1] 0.5217003

$o50_i.ptime
[1] 0.036

$o50_i.time
[1] 0.129

$o50_i.rmse
[1] 0.3868598

$o100_i.ptime
[1] 0.054

$o100_i.time
[1] 0.125

$o100_i.rmse
[1] 0.2845849

$o250_i.ptime
[1] 0.156

$o250_i.time
[1] 0.195

$o250_i.rmse
[1] 0.1761758

$o500_i.ptime
[1] 0.445

$o500_i.time
[1] 0.136

$o500_i.rmse
[1] 0.1167966

$o25_d.ptime
[1] 0.043

$o25_d.time
[1] 0.307

$o25_d.rmse
[1] 0.3381024

$o50_d.ptime
[1] 0.015

$o50_d.time
[1] 0.444

$o50_d.rmse
[1] 0.2443505

$o100_d.ptime
[1] 0.014

$o100_d.time
[1] 1.097

$o100_d.rmse
[1] 0.1733131

$o250_d.ptime
[1] 0.011

$o250_d.time
[1] 3.536

$o250_d.rmse
[1] 0.1147058

$o500_d.ptime
[1] 0.043

$o500_d.time
[1] 11.132

$o500_d.rmse
[1] 0.08198716

$c25_i.ptime
[1] 0.134

$c25_i.time
[1] 0.165

$c25_i.rmse
[1] 0.2806004

$c50_i.ptime
[1] 0.12

$c50_i.time
[1] 0.151

$c50_i.rmse
[1] 0.2356778

$c100_i.ptime
[1] 0.093

$c100_i.time
[1] 0.15

$c100_i.rmse
[1] 0.1776749

$c250_i.ptime
[1] 0.177

$c250_i.time
[1] 0.143

$c250_i.rmse
[1] 0.1440333

$c500_i.ptime
[1] 0.478

$c500_i.time
[1] 0.152

$c500_i.rmse
[1] 0.1048168

$c25_d.ptime
[1] 0.138

$c25_d.time
[1] 0.381

$c25_d.rmse
[1] 0.2114017

$c50_d.ptime
[1] 0.078

$c50_d.time
[1] 0.492

$c50_d.rmse
[1] 0.1780095

$c100_d.ptime
[1] 0.063

$c100_d.time
[1] 0.956

$c100_d.rmse
[1] 0.1365581

$c250_d.ptime
[1] 0.027

$c250_d.time
[1] 3.428

$c250_d.rmse
[1] 0.1007269

$c500_d.ptime
[1] 0.028

$c500_d.time
[1] 11.512

$c500_d.rmse
[1] 0.07537485

$s25.ptime
[1] 0.054

$s25.time
[1] 0.001

$s25.rmse
[1] 0.6116914

$s50.ptime
[1] 0.07

$s50.time
[1] 0.001

$s50.rmse
[1] 0.4674066

$s100.ptime
[1] 0.087

$s100.time
[1] 0.003

$s100.rmse
[1] 0.2787583

$s250.ptime
[1] 0.206

$s250.time
[1] 0.01

$s250.rmse
[1] 0.1824898

$s500.ptime
[1] 0.377

$s500.time
[1] 0.017

$s500.rmse
[1] 0.1301218

$s1000.ptime
[1] 1.205

$s1000.time
[1] 0.033

$s1000.rmse
[1] 0.08221179

        seed            p    full.time    full.rmse     l25.time     l25.rmse 
    2142.000       10.000        0.020        0.055        1.139        0.135 
    l50.time     l50.rmse    l100.time    l100.rmse    l250.time    l250.rmse 
       1.423        0.106        2.856        0.084       17.822        0.067 
   l500.time    l500.rmse  o25_i.ptime   o25_i.time   o25_i.rmse  o50_i.ptime 
     100.136        0.062        0.061        0.162        0.522        0.036 
  o50_i.time   o50_i.rmse o100_i.ptime  o100_i.time  o100_i.rmse o250_i.ptime 
       0.129        0.387        0.054        0.125        0.285        0.156 
 o250_i.time  o250_i.rmse o500_i.ptime  o500_i.time  o500_i.rmse  o25_d.ptime 
       0.195        0.176        0.445        0.136        0.117        0.043 
  o25_d.time   o25_d.rmse  o50_d.ptime   o50_d.time   o50_d.rmse o100_d.ptime 
       0.307        0.338        0.015        0.444        0.244        0.014 
 o100_d.time  o100_d.rmse o250_d.ptime  o250_d.time  o250_d.rmse o500_d.ptime 
       1.097        0.173        0.011        3.536        0.115        0.043 
 o500_d.time  o500_d.rmse  c25_i.ptime   c25_i.time   c25_i.rmse  c50_i.ptime 
      11.132        0.082        0.134        0.165        0.281        0.120 
  c50_i.time   c50_i.rmse c100_i.ptime  c100_i.time  c100_i.rmse c250_i.ptime 
       0.151        0.236        0.093        0.150        0.178        0.177 
 c250_i.time  c250_i.rmse c500_i.ptime  c500_i.time  c500_i.rmse  c25_d.ptime 
       0.143        0.144        0.478        0.152        0.105        0.138 
  c25_d.time   c25_d.rmse  c50_d.ptime   c50_d.time   c50_d.rmse c100_d.ptime 
       0.381        0.211        0.078        0.492        0.178        0.063 
 c100_d.time  c100_d.rmse c250_d.ptime  c250_d.time  c250_d.rmse c500_d.ptime 
       0.956        0.137        0.027        3.428        0.101        0.028 
 c500_d.time  c500_d.rmse    s25.ptime     s25.time     s25.rmse    s50.ptime 
      11.512        0.075        0.054        0.001        0.612        0.070 
    s50.time     s50.rmse   s100.ptime    s100.time    s100.rmse   s250.ptime 
       0.001        0.467        0.087        0.003        0.279        0.206 
   s250.time    s250.rmse   s500.ptime    s500.time    s500.rmse  s1000.ptime 
       0.010        0.182        0.377        0.017        0.130        1.205 
  s1000.time   s1000.rmse 
       0.033        0.082 
[1] 0.7485647
$full.time
[1] 0.019

$full.rmse
[1] 0.05440712

$full.time
[1] 0.019

$full.rmse
[1] 0.05440712

$l25.time
[1] 1.123

$l25.rmse
[1] 0.1279048

$l50.time
[1] 1.398

$l50.rmse
[1] 0.1005403

$l100.time
[1] 2.89

$l100.rmse
[1] 0.08291418

$l250.time
[1] 18.158

$l250.rmse
[1] 0.06828243

$l500.time
[1] 101.034

$l500.rmse
[1] 0.06182142

$o25_i.ptime
[1] 0.053

$o25_i.time
[1] 0.183

$o25_i.rmse
[1] 0.4238043

$o50_i.ptime
[1] 0.035

$o50_i.time
[1] 0.122

$o50_i.rmse
[1] 0.3341026

$o100_i.ptime
[1] 0.053

$o100_i.time
[1] 0.115

$o100_i.rmse
[1] 0.2907229

$o250_i.ptime
[1] 0.157

$o250_i.time
[1] 0.114

$o250_i.rmse
[1] 0.177179

$o500_i.ptime
[1] 0.456

$o500_i.time
[1] 0.128

$o500_i.rmse
[1] 0.1188548

$o25_d.ptime
[1] 0.033

$o25_d.time
[1] 0.299

$o25_d.rmse
[1] 0.3204197

$o50_d.ptime
[1] 0.016

$o50_d.time
[1] 0.459

$o50_d.rmse
[1] 0.2406998

$o100_d.ptime
[1] 0.01

$o100_d.time
[1] 0.863

$o100_d.rmse
[1] 0.1730307

$o250_d.ptime
[1] 0.015

$o250_d.time
[1] 3.981

$o250_d.rmse
[1] 0.1024489

$o500_d.ptime
[1] 0.021

$o500_d.time
[1] 12.237

$o500_d.rmse
[1] 0.08180337

$c25_i.ptime
[1] 0.12

$c25_i.time
[1] 0.17

$c25_i.rmse
[1] 0.2926361

$c50_i.ptime
[1] 0.149

$c50_i.time
[1] 0.134

$c50_i.rmse
[1] 0.2318462

$c100_i.ptime
[1] 0.087

$c100_i.time
[1] 0.128

$c100_i.rmse
[1] 0.1865604

$c250_i.ptime
[1] 0.179

$c250_i.time
[1] 0.137

$c250_i.rmse
[1] 0.1302956

$c500_i.ptime
[1] 0.48

$c500_i.time
[1] 0.136

$c500_i.rmse
[1] 0.1078203

$c25_d.ptime
[1] 0.136

$c25_d.time
[1] 0.437

$c25_d.rmse
[1] 0.213584

$c50_d.ptime
[1] 0.07

$c50_d.time
[1] 0.446

$c50_d.rmse
[1] 0.1744768

$c100_d.ptime
[1] 0.052

$c100_d.time
[1] 0.833

$c100_d.rmse
[1] 0.1373309

$c250_d.ptime
[1] 0.029

$c250_d.time
[1] 3.364

$c250_d.rmse
[1] 0.09768071

$c500_d.ptime
[1] 0.042

$c500_d.time
[1] 12.739

$c500_d.rmse
[1] 0.07064887

$s25.ptime
[1] 0.063

$s25.time
[1] 0.001

$s25.rmse
[1] 0.6266607

$s50.ptime
[1] 0.054

$s50.time
[1] 0.002

$s50.rmse
[1] 0.4424181

$s100.ptime
[1] 0.109

$s100.time
[1] 0.004

$s100.rmse
[1] 0.3332618

$s250.ptime
[1] 0.199

$s250.time
[1] 0.009

$s250.rmse
[1] 0.1917499

$s500.ptime
[1] 0.386

$s500.time
[1] 0.018

$s500.rmse
[1] 0.118785

$s1000.ptime
[1] 1.175

$s1000.time
[1] 0.031

$s1000.rmse
[1] 0.07825228

        seed            p    full.time    full.rmse     l25.time     l25.rmse 
    2143.000       10.000        0.019        0.054        1.123        0.128 
    l50.time     l50.rmse    l100.time    l100.rmse    l250.time    l250.rmse 
       1.398        0.101        2.890        0.083       18.158        0.068 
   l500.time    l500.rmse  o25_i.ptime   o25_i.time   o25_i.rmse  o50_i.ptime 
     101.034        0.062        0.053        0.183        0.424        0.035 
  o50_i.time   o50_i.rmse o100_i.ptime  o100_i.time  o100_i.rmse o250_i.ptime 
       0.122        0.334        0.053        0.115        0.291        0.157 
 o250_i.time  o250_i.rmse o500_i.ptime  o500_i.time  o500_i.rmse  o25_d.ptime 
       0.114        0.177        0.456        0.128        0.119        0.033 
  o25_d.time   o25_d.rmse  o50_d.ptime   o50_d.time   o50_d.rmse o100_d.ptime 
       0.299        0.320        0.016        0.459        0.241        0.010 
 o100_d.time  o100_d.rmse o250_d.ptime  o250_d.time  o250_d.rmse o500_d.ptime 
       0.863        0.173        0.015        3.981        0.102        0.021 
 o500_d.time  o500_d.rmse  c25_i.ptime   c25_i.time   c25_i.rmse  c50_i.ptime 
      12.237        0.082        0.120        0.170        0.293        0.149 
  c50_i.time   c50_i.rmse c100_i.ptime  c100_i.time  c100_i.rmse c250_i.ptime 
       0.134        0.232        0.087        0.128        0.187        0.179 
 c250_i.time  c250_i.rmse c500_i.ptime  c500_i.time  c500_i.rmse  c25_d.ptime 
       0.137        0.130        0.480        0.136        0.108        0.136 
  c25_d.time   c25_d.rmse  c50_d.ptime   c50_d.time   c50_d.rmse c100_d.ptime 
       0.437        0.214        0.070        0.446        0.174        0.052 
 c100_d.time  c100_d.rmse c250_d.ptime  c250_d.time  c250_d.rmse c500_d.ptime 
       0.833        0.137        0.029        3.364        0.098        0.042 
 c500_d.time  c500_d.rmse    s25.ptime     s25.time     s25.rmse    s50.ptime 
      12.739        0.071        0.063        0.001        0.627        0.054 
    s50.time     s50.rmse   s100.ptime    s100.time    s100.rmse   s250.ptime 
       0.002        0.442        0.109        0.004        0.333        0.199 
   s250.time    s250.rmse   s500.ptime    s500.time    s500.rmse  s1000.ptime 
       0.009        0.192        0.386        0.018        0.119        1.175 
  s1000.time   s1000.rmse 
       0.031        0.078 
  seed  p full.time  full.rmse l25.time  l25.rmse l50.time   l50.rmse l100.time
1 2139 10     0.021 0.05454194    1.259 0.1322954    1.396 0.10169740     3.045
2 2140 10     0.020 0.05161838    1.150 0.1346359    1.433 0.09808832     2.883
3 2141 10     0.019 0.05302659    1.125 0.1333957    1.469 0.09912875     2.877
4 2142 10     0.020 0.05543256    1.139 0.1351043    1.423 0.10611509     2.856
5 2143 10     0.019 0.05440712    1.123 0.1279048    1.398 0.10054032     2.890
   l100.rmse l250.time  l250.rmse l500.time  l500.rmse o25_i.ptime o25_i.time
1 0.08036379    18.561 0.06481234    99.502 0.05984342       0.066      0.199
2 0.07715685    17.561 0.06330366   100.669 0.05645296       0.068      0.172
3 0.07788771    17.922 0.06409823   101.392 0.05758775       0.047      0.155
4 0.08362627    17.822 0.06749057   100.136 0.06193922       0.061      0.162
5 0.08291418    18.158 0.06828243   101.034 0.06182142       0.053      0.183
  o25_i.rmse o50_i.ptime o50_i.time o50_i.rmse o100_i.ptime o100_i.time
1  0.4168213       0.047      0.159  0.3520219        0.065       0.154
2  0.4184004       0.035      0.117  0.3299761        0.055       0.148
3  0.4744944       0.035      0.128  0.3833867        0.054       0.125
4  0.5217003       0.036      0.129  0.3868598        0.054       0.125
5  0.4238043       0.035      0.122  0.3341026        0.053       0.115
  o100_i.rmse o250_i.ptime o250_i.time o250_i.rmse o500_i.ptime o500_i.time
1   0.2615185        0.204       0.147   0.1790923        0.443       0.150
2   0.2723069        0.193       0.144   0.1708344        0.475       0.226
3   0.2952740        0.183       0.169   0.1518190        0.540       0.167
4   0.2845849        0.156       0.195   0.1761758        0.445       0.136
5   0.2907229        0.157       0.114   0.1771790        0.456       0.128
  o500_i.rmse o25_d.ptime o25_d.time o25_d.rmse o50_d.ptime o50_d.time
1   0.1131118       0.049      0.412  0.3229862       0.020      0.552
2   0.1254159       0.042      0.351  0.3144918       0.018      0.370
3   0.1163226       0.052      0.420  0.3407684       0.024      0.488
4   0.1167966       0.043      0.307  0.3381024       0.015      0.444
5   0.1188548       0.033      0.299  0.3204197       0.016      0.459
  o50_d.rmse o100_d.ptime o100_d.time o100_d.rmse o250_d.ptime o250_d.time
1  0.2402514        0.014       0.861   0.1695460        0.012       3.841
2  0.2173268        0.010       0.996   0.1777179        0.014       3.420
3  0.2432162        0.010       1.023   0.1591902        0.011       3.670
4  0.2443505        0.014       1.097   0.1733131        0.011       3.536
5  0.2406998        0.010       0.863   0.1730307        0.015       3.981
  o250_d.rmse o500_d.ptime o500_d.time o500_d.rmse c25_i.ptime c25_i.time
1  0.09940838        0.021      10.576  0.07597197       0.157      0.146
2  0.11018394        0.015      11.586  0.07571643       0.126      0.166
3  0.09866823        0.015      10.502  0.07372979       0.125      0.171
4  0.11470579        0.043      11.132  0.08198716       0.134      0.165
5  0.10244886        0.021      12.237  0.08180337       0.120      0.170
  c25_i.rmse c50_i.ptime c50_i.time c50_i.rmse c100_i.ptime c100_i.time
1  0.2817704       0.098      0.183  0.2196232        0.128       0.157
2  0.2609354       0.115      0.185  0.2191591        0.121       0.189
3  0.3167356       0.106      0.134  0.2410689        0.093       0.130
4  0.2806004       0.120      0.151  0.2356778        0.093       0.150
5  0.2926361       0.149      0.134  0.2318462        0.087       0.128
  c100_i.rmse c250_i.ptime c250_i.time c250_i.rmse c500_i.ptime c500_i.time
1   0.1765011        0.220       0.130   0.1328449        0.516       0.168
2   0.1859920        0.228       0.136   0.1249495        0.512       0.221
3   0.1754810        0.208       0.132   0.1435923        0.498       0.180
4   0.1776749        0.177       0.143   0.1440333        0.478       0.152
5   0.1865604        0.179       0.137   0.1302956        0.480       0.136
  c500_i.rmse c25_d.ptime c25_d.time c25_d.rmse c50_d.ptime c50_d.time
1   0.1119716       0.171      0.359  0.2090328       0.069      0.549
2   0.1001414       0.138      0.488  0.2160544       0.061      0.478
3   0.0935252       0.143      0.470  0.2282484       0.074      0.439
4   0.1048168       0.138      0.381  0.2114017       0.078      0.492
5   0.1078203       0.136      0.437  0.2135840       0.070      0.446
  c50_d.rmse c100_d.ptime c100_d.time c100_d.rmse c250_d.ptime c250_d.time
1  0.1721384        0.069       0.973   0.1359687        0.042       3.452
2  0.1522843        0.062       0.917   0.1294361        0.049       3.401
3  0.1666802        0.053       1.016   0.1277340        0.041       3.394
4  0.1780095        0.063       0.956   0.1365581        0.027       3.428
5  0.1744768        0.052       0.833   0.1373309        0.029       3.364
  c250_d.rmse c500_d.ptime c500_d.time c500_d.rmse s25.ptime s25.time  s25.rmse
1  0.09832816        0.024      11.047  0.06766242     0.060    0.001 0.4975232
2  0.09608355        0.039      10.748  0.06349641     0.046    0.001 0.5819708
3  0.09434846        0.025      10.954  0.07641930     0.044    0.001 0.5400870
4  0.10072693        0.028      11.512  0.07537485     0.054    0.001 0.6116914
5  0.09768071        0.042      12.739  0.07064887     0.063    0.001 0.6266607
  s50.ptime s50.time  s50.rmse s100.ptime s100.time s100.rmse s250.ptime
1     0.088    0.002 0.4619342      0.115     0.003 0.3131771      0.208
2     0.067    0.002 0.4863648      0.097     0.004 0.3271257      0.183
3     0.071    0.002 0.4165943      0.121     0.004 0.3171556      0.233
4     0.070    0.001 0.4674066      0.087     0.003 0.2787583      0.206
5     0.054    0.002 0.4424181      0.109     0.004 0.3332618      0.199
  s250.time s250.rmse s500.ptime s500.time s500.rmse s1000.ptime s1000.time
1     0.009 0.1751501      0.368     0.016 0.1164130       1.096      0.030
2     0.009 0.1792660      0.378     0.015 0.1234585       1.107      0.033
3     0.009 0.1928020      0.369     0.018 0.1121891       1.101      0.029
4     0.010 0.1824898      0.377     0.017 0.1301218       1.205      0.033
5     0.009 0.1917499      0.386     0.018 0.1187850       1.175      0.031
  s1000.rmse
1 0.08152432
2 0.08355009
3 0.07582988
4 0.08221179
5 0.07825228
> 
> proc.time()
   user  system elapsed 
846.837   7.033 870.397 
