
R version 3.0.3 (2014-03-06) -- "Warm Puppy"
Copyright (C) 2014 The R Foundation for Statistical Computing
Platform: x86_64-unknown-linux-gnu (64-bit)

R is free software and comes with ABSOLUTELY NO WARRANTY.
You are welcome to redistribute it under certain conditions.
Type 'license()' or 'licence()' for distribution details.

  Natural language support but running in an English locale

R is a collaborative project with many contributors.
Type 'contributors()' for more information and
'citation()' on how to cite R or R packages in publications.

Type 'demo()' for some demos, 'help()' for on-line help, or
'help.start()' for an HTML browser interface to help.
Type 'q()' to quit R.

> print(.libPaths())
[1] "/usr/local/r-3.0.3/lib64/R/library"
> .libPaths("/mnt/home/rjparker/Rlib")
> print(.libPaths())
[1] "/mnt/home/rjparker/Rlib"            "/usr/local/r-3.0.3/lib64/R/library"
> setwd("/mnt/home/rjparker/git/block_int")
> 
> which_exp <- 2
> which_part <- 15
> source("R/sim_nblocks_pred.R")
Loading required package: spam
Loading required package: grid
Spam version 0.41-0 (2014-02-26) is loaded.
Type 'help( Spam)' or 'demo( spam)' for a short introduction 
and overview of this package.
Help for individual functions is also obtained by adding the
suffix '.spam' to the function name, e.g. 'help( chol.spam)'.

Attaching package: ‘spam’

The following objects are masked from ‘package:base’:

    backsolve, forwardsolve

Loading required package: maps
  pred  p b tau Nper_p Npred Fzero sigma2
2 TRUE 10 4  10   2500  1000     0      1
[1] 0.863594
$full.time
[1] 0.022

$full.rmse
[1] 0.05487274

$full.time
[1] 0.022

$full.rmse
[1] 0.05487274

$l25.time
[1] 1.301

$l25.rmse
[1] 0.1259529

$l50.time
[1] 1.414

$l50.rmse
[1] 0.09635728

$l100.time
[1] 2.982

$l100.rmse
[1] 0.07686488

$l250.time
[1] 17.246

$l250.rmse
[1] 0.06437044

$l500.time
[1] 98.684

$l500.rmse
[1] 0.05992421

$o25_i.ptime
[1] 0.049

$o25_i.time
[1] 0.147

$o25_i.rmse
[1] 0.4801634

$o50_i.ptime
[1] 0.034

$o50_i.time
[1] 0.119

$o50_i.rmse
[1] 0.3721429

$o100_i.ptime
[1] 0.053

$o100_i.time
[1] 0.122

$o100_i.rmse
[1] 0.2477982

$o250_i.ptime
[1] 0.153

$o250_i.time
[1] 0.111

$o250_i.rmse
[1] 0.1671596

$o500_i.ptime
[1] 0.509

$o500_i.time
[1] 0.16

$o500_i.rmse
[1] 0.1177601

$o25_d.ptime
[1] 0.048

$o25_d.time
[1] 0.347

$o25_d.rmse
[1] 0.3147456

$o50_d.ptime
[1] 0.02

$o50_d.time
[1] 0.484

$o50_d.rmse
[1] 0.2417576

$o100_d.ptime
[1] 0.01

$o100_d.time
[1] 0.855

$o100_d.rmse
[1] 0.1588004

$o250_d.ptime
[1] 0.014

$o250_d.time
[1] 3.476

$o250_d.rmse
[1] 0.1059092

$o500_d.ptime
[1] 0.021

$o500_d.time
[1] 12.377

$o500_d.rmse
[1] 0.07938456

$c25_i.ptime
[1] 0.132

$c25_i.time
[1] 0.153

$c25_i.rmse
[1] 0.2647221

$c50_i.ptime
[1] 0.085

$c50_i.time
[1] 0.141

$c50_i.rmse
[1] 0.2207736

$c100_i.ptime
[1] 0.088

$c100_i.time
[1] 0.132

$c100_i.rmse
[1] 0.1705492

$c250_i.ptime
[1] 0.176

$c250_i.time
[1] 0.128

$c250_i.rmse
[1] 0.1279824

$c500_i.ptime
[1] 0.479

$c500_i.time
[1] 0.129

$c500_i.rmse
[1] 0.091496

$c25_d.ptime
[1] 0.124

$c25_d.time
[1] 0.493

$c25_d.rmse
[1] 0.2004954

$c50_d.ptime
[1] 0.091

$c50_d.time
[1] 0.459

$c50_d.rmse
[1] 0.1578914

$c100_d.ptime
[1] 0.047

$c100_d.time
[1] 0.992

$c100_d.rmse
[1] 0.144066

$c250_d.ptime
[1] 0.035

$c250_d.time
[1] 3.525

$c250_d.rmse
[1] 0.0859635

$c500_d.ptime
[1] 0.032

$c500_d.time
[1] 12.347

$c500_d.rmse
[1] 0.07026305

$s25.ptime
[1] 0.058

$s25.time
[1] 0

$s25.rmse
[1] 0.5500267

$s50.ptime
[1] 0.062

$s50.time
[1] 0.002

$s50.rmse
[1] 0.4276495

$s100.ptime
[1] 0.095

$s100.time
[1] 0.003

$s100.rmse
[1] 0.2564002

$s250.ptime
[1] 0.195

$s250.time
[1] 0.008

$s250.rmse
[1] 0.1749876

$s500.ptime
[1] 0.379

$s500.time
[1] 0.015

$s500.rmse
[1] 0.1232489

$s1000.ptime
[1] 1.118

$s1000.time
[1] 0.034

$s1000.rmse
[1] 0.07730566

        seed            p    full.time    full.rmse     l25.time     l25.rmse 
    2154.000       10.000        0.022        0.055        1.301        0.126 
    l50.time     l50.rmse    l100.time    l100.rmse    l250.time    l250.rmse 
       1.414        0.096        2.982        0.077       17.246        0.064 
   l500.time    l500.rmse  o25_i.ptime   o25_i.time   o25_i.rmse  o50_i.ptime 
      98.684        0.060        0.049        0.147        0.480        0.034 
  o50_i.time   o50_i.rmse o100_i.ptime  o100_i.time  o100_i.rmse o250_i.ptime 
       0.119        0.372        0.053        0.122        0.248        0.153 
 o250_i.time  o250_i.rmse o500_i.ptime  o500_i.time  o500_i.rmse  o25_d.ptime 
       0.111        0.167        0.509        0.160        0.118        0.048 
  o25_d.time   o25_d.rmse  o50_d.ptime   o50_d.time   o50_d.rmse o100_d.ptime 
       0.347        0.315        0.020        0.484        0.242        0.010 
 o100_d.time  o100_d.rmse o250_d.ptime  o250_d.time  o250_d.rmse o500_d.ptime 
       0.855        0.159        0.014        3.476        0.106        0.021 
 o500_d.time  o500_d.rmse  c25_i.ptime   c25_i.time   c25_i.rmse  c50_i.ptime 
      12.377        0.079        0.132        0.153        0.265        0.085 
  c50_i.time   c50_i.rmse c100_i.ptime  c100_i.time  c100_i.rmse c250_i.ptime 
       0.141        0.221        0.088        0.132        0.171        0.176 
 c250_i.time  c250_i.rmse c500_i.ptime  c500_i.time  c500_i.rmse  c25_d.ptime 
       0.128        0.128        0.479        0.129        0.091        0.124 
  c25_d.time   c25_d.rmse  c50_d.ptime   c50_d.time   c50_d.rmse c100_d.ptime 
       0.493        0.200        0.091        0.459        0.158        0.047 
 c100_d.time  c100_d.rmse c250_d.ptime  c250_d.time  c250_d.rmse c500_d.ptime 
       0.992        0.144        0.035        3.525        0.086        0.032 
 c500_d.time  c500_d.rmse    s25.ptime     s25.time     s25.rmse    s50.ptime 
      12.347        0.070        0.058        0.000        0.550        0.062 
    s50.time     s50.rmse   s100.ptime    s100.time    s100.rmse   s250.ptime 
       0.002        0.428        0.095        0.003        0.256        0.195 
   s250.time    s250.rmse   s500.ptime    s500.time    s500.rmse  s1000.ptime 
       0.008        0.175        0.379        0.015        0.123        1.118 
  s1000.time   s1000.rmse 
       0.034        0.077 
[1] 0.6755774
$full.time
[1] 0.019

$full.rmse
[1] 0.05199746

$full.time
[1] 0.019

$full.rmse
[1] 0.05199746

$l25.time
[1] 1.169

$l25.rmse
[1] 0.1391838

$l50.time
[1] 1.409

$l50.rmse
[1] 0.1040578

$l100.time
[1] 2.827

$l100.rmse
[1] 0.08179073

$l250.time
[1] 17.102

$l250.rmse
[1] 0.06623984

$l500.time
[1] 99.347

$l500.rmse
[1] 0.05867305

$o25_i.ptime
[1] 0.047

$o25_i.time
[1] 0.148

$o25_i.rmse
[1] 0.4171855

$o50_i.ptime
[1] 0.035

$o50_i.time
[1] 0.122

$o50_i.rmse
[1] 0.3334007

$o100_i.ptime
[1] 0.054

$o100_i.time
[1] 0.112

$o100_i.rmse
[1] 0.2977507

$o250_i.ptime
[1] 0.157

$o250_i.time
[1] 0.115

$o250_i.rmse
[1] 0.1854528

$o500_i.ptime
[1] 0.439

$o500_i.time
[1] 0.17

$o500_i.rmse
[1] 0.1143903

$o25_d.ptime
[1] 0.035

$o25_d.time
[1] 0.307

$o25_d.rmse
[1] 0.2972887

$o50_d.ptime
[1] 0.019

$o50_d.time
[1] 0.505

$o50_d.rmse
[1] 0.2419135

$o100_d.ptime
[1] 0.014

$o100_d.time
[1] 0.854

$o100_d.rmse
[1] 0.1712167

$o250_d.ptime
[1] 0.01

$o250_d.time
[1] 3.22

$o250_d.rmse
[1] 0.1040919

$o500_d.ptime
[1] 0.021

$o500_d.time
[1] 12.823

$o500_d.rmse
[1] 0.07193815

$c25_i.ptime
[1] 0.147

$c25_i.time
[1] 0.176

$c25_i.rmse
[1] 0.2699112

$c50_i.ptime
[1] 0.106

$c50_i.time
[1] 0.141

$c50_i.rmse
[1] 0.2227875

$c100_i.ptime
[1] 0.087

$c100_i.time
[1] 0.129

$c100_i.rmse
[1] 0.1808762

$c250_i.ptime
[1] 0.173

$c250_i.time
[1] 0.131

$c250_i.rmse
[1] 0.1285888

$c500_i.ptime
[1] 0.473

$c500_i.time
[1] 0.155

$c500_i.rmse
[1] 0.1004675

$c25_d.ptime
[1] 0.142

$c25_d.time
[1] 0.361

$c25_d.rmse
[1] 0.2180654

$c50_d.ptime
[1] 0.095

$c50_d.time
[1] 0.527

$c50_d.rmse
[1] 0.1724365

$c100_d.ptime
[1] 0.061

$c100_d.time
[1] 0.92

$c100_d.rmse
[1] 0.1262966

$c250_d.ptime
[1] 0.038

$c250_d.time
[1] 3.379

$c250_d.rmse
[1] 0.09520466

$c500_d.ptime
[1] 0.034

$c500_d.time
[1] 12.921

$c500_d.rmse
[1] 0.07697948

$s25.ptime
[1] 0.043

$s25.time
[1] 0.001

$s25.rmse
[1] 0.5771191

$s50.ptime
[1] 0.063

$s50.time
[1] 0.002

$s50.rmse
[1] 0.3873725

$s100.ptime
[1] 0.127

$s100.time
[1] 0.004

$s100.rmse
[1] 0.3177929

$s250.ptime
[1] 0.188

$s250.time
[1] 0.009

$s250.rmse
[1] 0.1909889

$s500.ptime
[1] 0.38

$s500.time
[1] 0.017

$s500.rmse
[1] 0.1119298

$s1000.ptime
[1] 1.146

$s1000.time
[1] 0.036

$s1000.rmse
[1] 0.07529968

        seed            p    full.time    full.rmse     l25.time     l25.rmse 
    2155.000       10.000        0.019        0.052        1.169        0.139 
    l50.time     l50.rmse    l100.time    l100.rmse    l250.time    l250.rmse 
       1.409        0.104        2.827        0.082       17.102        0.066 
   l500.time    l500.rmse  o25_i.ptime   o25_i.time   o25_i.rmse  o50_i.ptime 
      99.347        0.059        0.047        0.148        0.417        0.035 
  o50_i.time   o50_i.rmse o100_i.ptime  o100_i.time  o100_i.rmse o250_i.ptime 
       0.122        0.333        0.054        0.112        0.298        0.157 
 o250_i.time  o250_i.rmse o500_i.ptime  o500_i.time  o500_i.rmse  o25_d.ptime 
       0.115        0.185        0.439        0.170        0.114        0.035 
  o25_d.time   o25_d.rmse  o50_d.ptime   o50_d.time   o50_d.rmse o100_d.ptime 
       0.307        0.297        0.019        0.505        0.242        0.014 
 o100_d.time  o100_d.rmse o250_d.ptime  o250_d.time  o250_d.rmse o500_d.ptime 
       0.854        0.171        0.010        3.220        0.104        0.021 
 o500_d.time  o500_d.rmse  c25_i.ptime   c25_i.time   c25_i.rmse  c50_i.ptime 
      12.823        0.072        0.147        0.176        0.270        0.106 
  c50_i.time   c50_i.rmse c100_i.ptime  c100_i.time  c100_i.rmse c250_i.ptime 
       0.141        0.223        0.087        0.129        0.181        0.173 
 c250_i.time  c250_i.rmse c500_i.ptime  c500_i.time  c500_i.rmse  c25_d.ptime 
       0.131        0.129        0.473        0.155        0.100        0.142 
  c25_d.time   c25_d.rmse  c50_d.ptime   c50_d.time   c50_d.rmse c100_d.ptime 
       0.361        0.218        0.095        0.527        0.172        0.061 
 c100_d.time  c100_d.rmse c250_d.ptime  c250_d.time  c250_d.rmse c500_d.ptime 
       0.920        0.126        0.038        3.379        0.095        0.034 
 c500_d.time  c500_d.rmse    s25.ptime     s25.time     s25.rmse    s50.ptime 
      12.921        0.077        0.043        0.001        0.577        0.063 
    s50.time     s50.rmse   s100.ptime    s100.time    s100.rmse   s250.ptime 
       0.002        0.387        0.127        0.004        0.318        0.188 
   s250.time    s250.rmse   s500.ptime    s500.time    s500.rmse  s1000.ptime 
       0.009        0.191        0.380        0.017        0.112        1.146 
  s1000.time   s1000.rmse 
       0.036        0.075 
[1] 0.8346876
$full.time
[1] 0.02

$full.rmse
[1] 0.05263618

$full.time
[1] 0.02

$full.rmse
[1] 0.05263618

$l25.time
[1] 1.156

$l25.rmse
[1] 0.1435119

$l50.time
[1] 1.387

$l50.rmse
[1] 0.1036819

$l100.time
[1] 2.834

$l100.rmse
[1] 0.08167481

$l250.time
[1] 17.006

$l250.rmse
[1] 0.06747962

$l500.time
[1] 97.721

$l500.rmse
[1] 0.05960292

$o25_i.ptime
[1] 0.046

$o25_i.time
[1] 0.16

$o25_i.rmse
[1] 0.4850452

$o50_i.ptime
[1] 0.037

$o50_i.time
[1] 0.129

$o50_i.rmse
[1] 0.3797541

$o100_i.ptime
[1] 0.052

$o100_i.time
[1] 0.131

$o100_i.rmse
[1] 0.2901292

$o250_i.ptime
[1] 0.157

$o250_i.time
[1] 0.13

$o250_i.rmse
[1] 0.1791648

$o500_i.ptime
[1] 0.432

$o500_i.time
[1] 0.134

$o500_i.rmse
[1] 0.1252816

$o25_d.ptime
[1] 0.048

$o25_d.time
[1] 0.391

$o25_d.rmse
[1] 0.3318847

$o50_d.ptime
[1] 0.028

$o50_d.time
[1] 0.504

$o50_d.rmse
[1] 0.2476945

$o100_d.ptime
[1] 0.014

$o100_d.time
[1] 0.964

$o100_d.rmse
[1] 0.1725677

$o250_d.ptime
[1] 0.012

$o250_d.time
[1] 3.695

$o250_d.rmse
[1] 0.1072175

$o500_d.ptime
[1] 0.022

$o500_d.time
[1] 11.849

$o500_d.rmse
[1] 0.07665231

$c25_i.ptime
[1] 0.134

$c25_i.time
[1] 0.175

$c25_i.rmse
[1] 0.3058774

$c50_i.ptime
[1] 0.097

$c50_i.time
[1] 0.134

$c50_i.rmse
[1] 0.2555655

$c100_i.ptime
[1] 0.086

$c100_i.time
[1] 0.131

$c100_i.rmse
[1] 0.1829471

$c250_i.ptime
[1] 0.213

$c250_i.time
[1] 0.131

$c250_i.rmse
[1] 0.1353743

$c500_i.ptime
[1] 0.476

$c500_i.time
[1] 0.13

$c500_i.rmse
[1] 0.1120731

$c25_d.ptime
[1] 0.143

$c25_d.time
[1] 0.477

$c25_d.rmse
[1] 0.2442373

$c50_d.ptime
[1] 0.105

$c50_d.time
[1] 0.473

$c50_d.rmse
[1] 0.1758124

$c100_d.ptime
[1] 0.076

$c100_d.time
[1] 0.996

$c100_d.rmse
[1] 0.133145

$c250_d.ptime
[1] 0.029

$c250_d.time
[1] 3.306

$c250_d.rmse
[1] 0.09606151

$c500_d.ptime
[1] 0.047

$c500_d.time
[1] 12.806

$c500_d.rmse
[1] 0.07561301

$s25.ptime
[1] 0.056

$s25.time
[1] 0

$s25.rmse
[1] 0.5997119

$s50.ptime
[1] 0.06

$s50.time
[1] 0.002

$s50.rmse
[1] 0.4161336

$s100.ptime
[1] 0.11

$s100.time
[1] 0.004

$s100.rmse
[1] 0.3304348

$s250.ptime
[1] 0.202

$s250.time
[1] 0.009

$s250.rmse
[1] 0.1810655

$s500.ptime
[1] 0.375

$s500.time
[1] 0.017

$s500.rmse
[1] 0.1217732

$s1000.ptime
[1] 1.175

$s1000.time
[1] 0.032

$s1000.rmse
[1] 0.08310551

        seed            p    full.time    full.rmse     l25.time     l25.rmse 
    2156.000       10.000        0.020        0.053        1.156        0.144 
    l50.time     l50.rmse    l100.time    l100.rmse    l250.time    l250.rmse 
       1.387        0.104        2.834        0.082       17.006        0.067 
   l500.time    l500.rmse  o25_i.ptime   o25_i.time   o25_i.rmse  o50_i.ptime 
      97.721        0.060        0.046        0.160        0.485        0.037 
  o50_i.time   o50_i.rmse o100_i.ptime  o100_i.time  o100_i.rmse o250_i.ptime 
       0.129        0.380        0.052        0.131        0.290        0.157 
 o250_i.time  o250_i.rmse o500_i.ptime  o500_i.time  o500_i.rmse  o25_d.ptime 
       0.130        0.179        0.432        0.134        0.125        0.048 
  o25_d.time   o25_d.rmse  o50_d.ptime   o50_d.time   o50_d.rmse o100_d.ptime 
       0.391        0.332        0.028        0.504        0.248        0.014 
 o100_d.time  o100_d.rmse o250_d.ptime  o250_d.time  o250_d.rmse o500_d.ptime 
       0.964        0.173        0.012        3.695        0.107        0.022 
 o500_d.time  o500_d.rmse  c25_i.ptime   c25_i.time   c25_i.rmse  c50_i.ptime 
      11.849        0.077        0.134        0.175        0.306        0.097 
  c50_i.time   c50_i.rmse c100_i.ptime  c100_i.time  c100_i.rmse c250_i.ptime 
       0.134        0.256        0.086        0.131        0.183        0.213 
 c250_i.time  c250_i.rmse c500_i.ptime  c500_i.time  c500_i.rmse  c25_d.ptime 
       0.131        0.135        0.476        0.130        0.112        0.143 
  c25_d.time   c25_d.rmse  c50_d.ptime   c50_d.time   c50_d.rmse c100_d.ptime 
       0.477        0.244        0.105        0.473        0.176        0.076 
 c100_d.time  c100_d.rmse c250_d.ptime  c250_d.time  c250_d.rmse c500_d.ptime 
       0.996        0.133        0.029        3.306        0.096        0.047 
 c500_d.time  c500_d.rmse    s25.ptime     s25.time     s25.rmse    s50.ptime 
      12.806        0.076        0.056        0.000        0.600        0.060 
    s50.time     s50.rmse   s100.ptime    s100.time    s100.rmse   s250.ptime 
       0.002        0.416        0.110        0.004        0.330        0.202 
   s250.time    s250.rmse   s500.ptime    s500.time    s500.rmse  s1000.ptime 
       0.009        0.181        0.375        0.017        0.122        1.175 
  s1000.time   s1000.rmse 
       0.032        0.083 
[1] 0.9787494
$full.time
[1] 0.02

$full.rmse
[1] 0.05483192

$full.time
[1] 0.02

$full.rmse
[1] 0.05483192

$l25.time
[1] 1.137

$l25.rmse
[1] 0.1360239

$l50.time
[1] 1.383

$l50.rmse
[1] 0.1051837

$l100.time
[1] 2.824

$l100.rmse
[1] 0.08353001

$l250.time
[1] 17.404

$l250.rmse
[1] 0.06834093

$l500.time
[1] 100.274

$l500.rmse
[1] 0.06118681

$o25_i.ptime
[1] 0.046

$o25_i.time
[1] 0.151

$o25_i.rmse
[1] 0.4710543

$o50_i.ptime
[1] 0.035

$o50_i.time
[1] 0.145

$o50_i.rmse
[1] 0.362282

$o100_i.ptime
[1] 0.052

$o100_i.time
[1] 0.132

$o100_i.rmse
[1] 0.2772341

$o250_i.ptime
[1] 0.156

$o250_i.time
[1] 0.123

$o250_i.rmse
[1] 0.1658802

$o500_i.ptime
[1] 0.505

$o500_i.time
[1] 0.175

$o500_i.rmse
[1] 0.1158117

$o25_d.ptime
[1] 0.041

$o25_d.time
[1] 0.376

$o25_d.rmse
[1] 0.3289002

$o50_d.ptime
[1] 0.016

$o50_d.time
[1] 0.48

$o50_d.rmse
[1] 0.229996

$o100_d.ptime
[1] 0.014

$o100_d.time
[1] 1.012

$o100_d.rmse
[1] 0.1813317

$o250_d.ptime
[1] 0.011

$o250_d.time
[1] 3.925

$o250_d.rmse
[1] 0.09941034

$o500_d.ptime
[1] 0.028

$o500_d.time
[1] 11.472

$o500_d.rmse
[1] 0.07795484

$c25_i.ptime
[1] 0.126

$c25_i.time
[1] 0.163

$c25_i.rmse
[1] 0.2975114

$c50_i.ptime
[1] 0.09

$c50_i.time
[1] 0.164

$c50_i.rmse
[1] 0.2285419

$c100_i.ptime
[1] 0.102

$c100_i.time
[1] 0.134

$c100_i.rmse
[1] 0.1771644

$c250_i.ptime
[1] 0.221

$c250_i.time
[1] 0.205

$c250_i.rmse
[1] 0.1147934

$c500_i.ptime
[1] 0.587

$c500_i.time
[1] 0.187

$c500_i.rmse
[1] 0.1039573

$c25_d.ptime
[1] 0.127

$c25_d.time
[1] 0.44

$c25_d.rmse
[1] 0.2209359

$c50_d.ptime
[1] 0.096

$c50_d.time
[1] 0.617

$c50_d.rmse
[1] 0.1667822

$c100_d.ptime
[1] 0.05

$c100_d.time
[1] 0.91

$c100_d.rmse
[1] 0.1335768

$c250_d.ptime
[1] 0.047

$c250_d.time
[1] 3.687

$c250_d.rmse
[1] 0.1011041

$c500_d.ptime
[1] 0.028

$c500_d.time
[1] 11.041

$c500_d.rmse
[1] 0.06594356

$s25.ptime
[1] 0.039

$s25.time
[1] 0

$s25.rmse
[1] 0.5567421

$s50.ptime
[1] 0.08

$s50.time
[1] 0.002

$s50.rmse
[1] 0.4354369

$s100.ptime
[1] 0.11

$s100.time
[1] 0.004

$s100.rmse
[1] 0.2951949

$s250.ptime
[1] 0.231

$s250.time
[1] 0.007

$s250.rmse
[1] 0.190407

$s500.ptime
[1] 0.35

$s500.time
[1] 0.015

$s500.rmse
[1] 0.118113

$s1000.ptime
[1] 1.116

$s1000.time
[1] 0.031

$s1000.rmse
[1] 0.07460971

        seed            p    full.time    full.rmse     l25.time     l25.rmse 
    2157.000       10.000        0.020        0.055        1.137        0.136 
    l50.time     l50.rmse    l100.time    l100.rmse    l250.time    l250.rmse 
       1.383        0.105        2.824        0.084       17.404        0.068 
   l500.time    l500.rmse  o25_i.ptime   o25_i.time   o25_i.rmse  o50_i.ptime 
     100.274        0.061        0.046        0.151        0.471        0.035 
  o50_i.time   o50_i.rmse o100_i.ptime  o100_i.time  o100_i.rmse o250_i.ptime 
       0.145        0.362        0.052        0.132        0.277        0.156 
 o250_i.time  o250_i.rmse o500_i.ptime  o500_i.time  o500_i.rmse  o25_d.ptime 
       0.123        0.166        0.505        0.175        0.116        0.041 
  o25_d.time   o25_d.rmse  o50_d.ptime   o50_d.time   o50_d.rmse o100_d.ptime 
       0.376        0.329        0.016        0.480        0.230        0.014 
 o100_d.time  o100_d.rmse o250_d.ptime  o250_d.time  o250_d.rmse o500_d.ptime 
       1.012        0.181        0.011        3.925        0.099        0.028 
 o500_d.time  o500_d.rmse  c25_i.ptime   c25_i.time   c25_i.rmse  c50_i.ptime 
      11.472        0.078        0.126        0.163        0.298        0.090 
  c50_i.time   c50_i.rmse c100_i.ptime  c100_i.time  c100_i.rmse c250_i.ptime 
       0.164        0.229        0.102        0.134        0.177        0.221 
 c250_i.time  c250_i.rmse c500_i.ptime  c500_i.time  c500_i.rmse  c25_d.ptime 
       0.205        0.115        0.587        0.187        0.104        0.127 
  c25_d.time   c25_d.rmse  c50_d.ptime   c50_d.time   c50_d.rmse c100_d.ptime 
       0.440        0.221        0.096        0.617        0.167        0.050 
 c100_d.time  c100_d.rmse c250_d.ptime  c250_d.time  c250_d.rmse c500_d.ptime 
       0.910        0.134        0.047        3.687        0.101        0.028 
 c500_d.time  c500_d.rmse    s25.ptime     s25.time     s25.rmse    s50.ptime 
      11.041        0.066        0.039        0.000        0.557        0.080 
    s50.time     s50.rmse   s100.ptime    s100.time    s100.rmse   s250.ptime 
       0.002        0.435        0.110        0.004        0.295        0.231 
   s250.time    s250.rmse   s500.ptime    s500.time    s500.rmse  s1000.ptime 
       0.007        0.190        0.350        0.015        0.118        1.116 
  s1000.time   s1000.rmse 
       0.031        0.075 
[1] 0.7518005
$full.time
[1] 0.019

$full.rmse
[1] 0.05313726

$full.time
[1] 0.019

$full.rmse
[1] 0.05313726

$l25.time
[1] 1.152

$l25.rmse
[1] 0.1287325

$l50.time
[1] 1.356

$l50.rmse
[1] 0.09846403

$l100.time
[1] 2.794

$l100.rmse
[1] 0.07859931

$l250.time
[1] 17.087

$l250.rmse
[1] 0.06634143

$l500.time
[1] 97.635

$l500.rmse
[1] 0.06023626

$o25_i.ptime
[1] 0.05

$o25_i.time
[1] 0.153

$o25_i.rmse
[1] 0.4378796

$o50_i.ptime
[1] 0.038

$o50_i.time
[1] 0.128

$o50_i.rmse
[1] 0.373915

$o100_i.ptime
[1] 0.053

$o100_i.time
[1] 0.114

$o100_i.rmse
[1] 0.2758128

$o250_i.ptime
[1] 0.157

$o250_i.time
[1] 0.163

$o250_i.rmse
[1] 0.1877348

$o500_i.ptime
[1] 0.476

$o500_i.time
[1] 0.172

$o500_i.rmse
[1] 0.1149924

$o25_d.ptime
[1] 0.04

$o25_d.time
[1] 0.309

$o25_d.rmse
[1] 0.3091128

$o50_d.ptime
[1] 0.017

$o50_d.time
[1] 0.404

$o50_d.rmse
[1] 0.2310559

$o100_d.ptime
[1] 0.01

$o100_d.time
[1] 0.962

$o100_d.rmse
[1] 0.1709831

$o250_d.ptime
[1] 0.014

$o250_d.time
[1] 3.646

$o250_d.rmse
[1] 0.1039242

$o500_d.ptime
[1] 0.02

$o500_d.time
[1] 11.63

$o500_d.rmse
[1] 0.07264645

$c25_i.ptime
[1] 0.135

$c25_i.time
[1] 0.156

$c25_i.rmse
[1] 0.2947898

$c50_i.ptime
[1] 0.109

$c50_i.time
[1] 0.139

$c50_i.rmse
[1] 0.2213988

$c100_i.ptime
[1] 0.105

$c100_i.time
[1] 0.132

$c100_i.rmse
[1] 0.1815872

$c250_i.ptime
[1] 0.183

$c250_i.time
[1] 0.143

$c250_i.rmse
[1] 0.1393076

$c500_i.ptime
[1] 0.471

$c500_i.time
[1] 0.143

$c500_i.rmse
[1] 0.09321544

$c25_d.ptime
[1] 0.119

$c25_d.time
[1] 0.508

$c25_d.rmse
[1] 0.2114959

$c50_d.ptime
[1] 0.076

$c50_d.time
[1] 0.593

$c50_d.rmse
[1] 0.158835

$c100_d.ptime
[1] 0.045

$c100_d.time
[1] 1.027

$c100_d.rmse
[1] 0.1329273

$c250_d.ptime
[1] 0.037

$c250_d.time
[1] 3.293

$c250_d.rmse
[1] 0.09536517

$c500_d.ptime
[1] 0.044

$c500_d.time
[1] 13.448

$c500_d.rmse
[1] 0.06947372

$s25.ptime
[1] 0.042

$s25.time
[1] 0.001

$s25.rmse
[1] 0.5061493

$s50.ptime
[1] 0.073

$s50.time
[1] 0.002

$s50.rmse
[1] 0.4151538

$s100.ptime
[1] 0.118

$s100.time
[1] 0.004

$s100.rmse
[1] 0.3023524

$s250.ptime
[1] 0.205

$s250.time
[1] 0.009

$s250.rmse
[1] 0.1867175

$s500.ptime
[1] 0.371

$s500.time
[1] 0.016

$s500.rmse
[1] 0.1198823

$s1000.ptime
[1] 1.148

$s1000.time
[1] 0.033

$s1000.rmse
[1] 0.08079067

        seed            p    full.time    full.rmse     l25.time     l25.rmse 
    2158.000       10.000        0.019        0.053        1.152        0.129 
    l50.time     l50.rmse    l100.time    l100.rmse    l250.time    l250.rmse 
       1.356        0.098        2.794        0.079       17.087        0.066 
   l500.time    l500.rmse  o25_i.ptime   o25_i.time   o25_i.rmse  o50_i.ptime 
      97.635        0.060        0.050        0.153        0.438        0.038 
  o50_i.time   o50_i.rmse o100_i.ptime  o100_i.time  o100_i.rmse o250_i.ptime 
       0.128        0.374        0.053        0.114        0.276        0.157 
 o250_i.time  o250_i.rmse o500_i.ptime  o500_i.time  o500_i.rmse  o25_d.ptime 
       0.163        0.188        0.476        0.172        0.115        0.040 
  o25_d.time   o25_d.rmse  o50_d.ptime   o50_d.time   o50_d.rmse o100_d.ptime 
       0.309        0.309        0.017        0.404        0.231        0.010 
 o100_d.time  o100_d.rmse o250_d.ptime  o250_d.time  o250_d.rmse o500_d.ptime 
       0.962        0.171        0.014        3.646        0.104        0.020 
 o500_d.time  o500_d.rmse  c25_i.ptime   c25_i.time   c25_i.rmse  c50_i.ptime 
      11.630        0.073        0.135        0.156        0.295        0.109 
  c50_i.time   c50_i.rmse c100_i.ptime  c100_i.time  c100_i.rmse c250_i.ptime 
       0.139        0.221        0.105        0.132        0.182        0.183 
 c250_i.time  c250_i.rmse c500_i.ptime  c500_i.time  c500_i.rmse  c25_d.ptime 
       0.143        0.139        0.471        0.143        0.093        0.119 
  c25_d.time   c25_d.rmse  c50_d.ptime   c50_d.time   c50_d.rmse c100_d.ptime 
       0.508        0.211        0.076        0.593        0.159        0.045 
 c100_d.time  c100_d.rmse c250_d.ptime  c250_d.time  c250_d.rmse c500_d.ptime 
       1.027        0.133        0.037        3.293        0.095        0.044 
 c500_d.time  c500_d.rmse    s25.ptime     s25.time     s25.rmse    s50.ptime 
      13.448        0.069        0.042        0.001        0.506        0.073 
    s50.time     s50.rmse   s100.ptime    s100.time    s100.rmse   s250.ptime 
       0.002        0.415        0.118        0.004        0.302        0.205 
   s250.time    s250.rmse   s500.ptime    s500.time    s500.rmse  s1000.ptime 
       0.009        0.187        0.371        0.016        0.120        1.148 
  s1000.time   s1000.rmse 
       0.033        0.081 
  seed  p full.time  full.rmse l25.time  l25.rmse l50.time   l50.rmse l100.time
1 2154 10     0.022 0.05487274    1.301 0.1259529    1.414 0.09635728     2.982
2 2155 10     0.019 0.05199746    1.169 0.1391838    1.409 0.10405780     2.827
3 2156 10     0.020 0.05263618    1.156 0.1435119    1.387 0.10368190     2.834
4 2157 10     0.020 0.05483192    1.137 0.1360239    1.383 0.10518368     2.824
5 2158 10     0.019 0.05313726    1.152 0.1287325    1.356 0.09846403     2.794
   l100.rmse l250.time  l250.rmse l500.time  l500.rmse o25_i.ptime o25_i.time
1 0.07686488    17.246 0.06437044    98.684 0.05992421       0.049      0.147
2 0.08179073    17.102 0.06623984    99.347 0.05867305       0.047      0.148
3 0.08167481    17.006 0.06747962    97.721 0.05960292       0.046      0.160
4 0.08353001    17.404 0.06834093   100.274 0.06118681       0.046      0.151
5 0.07859931    17.087 0.06634143    97.635 0.06023626       0.050      0.153
  o25_i.rmse o50_i.ptime o50_i.time o50_i.rmse o100_i.ptime o100_i.time
1  0.4801634       0.034      0.119  0.3721429        0.053       0.122
2  0.4171855       0.035      0.122  0.3334007        0.054       0.112
3  0.4850452       0.037      0.129  0.3797541        0.052       0.131
4  0.4710543       0.035      0.145  0.3622820        0.052       0.132
5  0.4378796       0.038      0.128  0.3739150        0.053       0.114
  o100_i.rmse o250_i.ptime o250_i.time o250_i.rmse o500_i.ptime o500_i.time
1   0.2477982        0.153       0.111   0.1671596        0.509       0.160
2   0.2977507        0.157       0.115   0.1854528        0.439       0.170
3   0.2901292        0.157       0.130   0.1791648        0.432       0.134
4   0.2772341        0.156       0.123   0.1658802        0.505       0.175
5   0.2758128        0.157       0.163   0.1877348        0.476       0.172
  o500_i.rmse o25_d.ptime o25_d.time o25_d.rmse o50_d.ptime o50_d.time
1   0.1177601       0.048      0.347  0.3147456       0.020      0.484
2   0.1143903       0.035      0.307  0.2972887       0.019      0.505
3   0.1252816       0.048      0.391  0.3318847       0.028      0.504
4   0.1158117       0.041      0.376  0.3289002       0.016      0.480
5   0.1149924       0.040      0.309  0.3091128       0.017      0.404
  o50_d.rmse o100_d.ptime o100_d.time o100_d.rmse o250_d.ptime o250_d.time
1  0.2417576        0.010       0.855   0.1588004        0.014       3.476
2  0.2419135        0.014       0.854   0.1712167        0.010       3.220
3  0.2476945        0.014       0.964   0.1725677        0.012       3.695
4  0.2299960        0.014       1.012   0.1813317        0.011       3.925
5  0.2310559        0.010       0.962   0.1709831        0.014       3.646
  o250_d.rmse o500_d.ptime o500_d.time o500_d.rmse c25_i.ptime c25_i.time
1  0.10590920        0.021      12.377  0.07938456       0.132      0.153
2  0.10409188        0.021      12.823  0.07193815       0.147      0.176
3  0.10721753        0.022      11.849  0.07665231       0.134      0.175
4  0.09941034        0.028      11.472  0.07795484       0.126      0.163
5  0.10392416        0.020      11.630  0.07264645       0.135      0.156
  c25_i.rmse c50_i.ptime c50_i.time c50_i.rmse c100_i.ptime c100_i.time
1  0.2647221       0.085      0.141  0.2207736        0.088       0.132
2  0.2699112       0.106      0.141  0.2227875        0.087       0.129
3  0.3058774       0.097      0.134  0.2555655        0.086       0.131
4  0.2975114       0.090      0.164  0.2285419        0.102       0.134
5  0.2947898       0.109      0.139  0.2213988        0.105       0.132
  c100_i.rmse c250_i.ptime c250_i.time c250_i.rmse c500_i.ptime c500_i.time
1   0.1705492        0.176       0.128   0.1279824        0.479       0.129
2   0.1808762        0.173       0.131   0.1285888        0.473       0.155
3   0.1829471        0.213       0.131   0.1353743        0.476       0.130
4   0.1771644        0.221       0.205   0.1147934        0.587       0.187
5   0.1815872        0.183       0.143   0.1393076        0.471       0.143
  c500_i.rmse c25_d.ptime c25_d.time c25_d.rmse c50_d.ptime c50_d.time
1  0.09149600       0.124      0.493  0.2004954       0.091      0.459
2  0.10046754       0.142      0.361  0.2180654       0.095      0.527
3  0.11207309       0.143      0.477  0.2442373       0.105      0.473
4  0.10395726       0.127      0.440  0.2209359       0.096      0.617
5  0.09321544       0.119      0.508  0.2114959       0.076      0.593
  c50_d.rmse c100_d.ptime c100_d.time c100_d.rmse c250_d.ptime c250_d.time
1  0.1578914        0.047       0.992   0.1440660        0.035       3.525
2  0.1724365        0.061       0.920   0.1262966        0.038       3.379
3  0.1758124        0.076       0.996   0.1331450        0.029       3.306
4  0.1667822        0.050       0.910   0.1335768        0.047       3.687
5  0.1588350        0.045       1.027   0.1329273        0.037       3.293
  c250_d.rmse c500_d.ptime c500_d.time c500_d.rmse s25.ptime s25.time  s25.rmse
1  0.08596350        0.032      12.347  0.07026305     0.058    0.000 0.5500267
2  0.09520466        0.034      12.921  0.07697948     0.043    0.001 0.5771191
3  0.09606151        0.047      12.806  0.07561301     0.056    0.000 0.5997119
4  0.10110414        0.028      11.041  0.06594356     0.039    0.000 0.5567421
5  0.09536517        0.044      13.448  0.06947372     0.042    0.001 0.5061493
  s50.ptime s50.time  s50.rmse s100.ptime s100.time s100.rmse s250.ptime
1     0.062    0.002 0.4276495      0.095     0.003 0.2564002      0.195
2     0.063    0.002 0.3873725      0.127     0.004 0.3177929      0.188
3     0.060    0.002 0.4161336      0.110     0.004 0.3304348      0.202
4     0.080    0.002 0.4354369      0.110     0.004 0.2951949      0.231
5     0.073    0.002 0.4151538      0.118     0.004 0.3023524      0.205
  s250.time s250.rmse s500.ptime s500.time s500.rmse s1000.ptime s1000.time
1     0.008 0.1749876      0.379     0.015 0.1232489       1.118      0.034
2     0.009 0.1909889      0.380     0.017 0.1119298       1.146      0.036
3     0.009 0.1810655      0.375     0.017 0.1217732       1.175      0.032
4     0.007 0.1904070      0.350     0.015 0.1181130       1.116      0.031
5     0.009 0.1867175      0.371     0.016 0.1198823       1.148      0.033
  s1000.rmse
1 0.07730566
2 0.07529968
3 0.08310551
4 0.07460971
5 0.08079067
> 
> proc.time()
   user  system elapsed 
852.783   5.380 872.171 
