
R version 3.0.3 (2014-03-06) -- "Warm Puppy"
Copyright (C) 2014 The R Foundation for Statistical Computing
Platform: x86_64-unknown-linux-gnu (64-bit)

R is free software and comes with ABSOLUTELY NO WARRANTY.
You are welcome to redistribute it under certain conditions.
Type 'license()' or 'licence()' for distribution details.

  Natural language support but running in an English locale

R is a collaborative project with many contributors.
Type 'contributors()' for more information and
'citation()' on how to cite R or R packages in publications.

Type 'demo()' for some demos, 'help()' for on-line help, or
'help.start()' for an HTML browser interface to help.
Type 'q()' to quit R.

> print(.libPaths())
[1] "/usr/local/r-3.0.3/lib64/R/library"
> .libPaths("/mnt/home/rjparker/Rlib")
> print(.libPaths())
[1] "/mnt/home/rjparker/Rlib"            "/usr/local/r-3.0.3/lib64/R/library"
> setwd("/mnt/home/rjparker/git/block_int")
> 
> which_exp <- 2
> which_part <- 3
> source("R/sim_nblocks_pred.R")
Loading required package: spam
Loading required package: grid
Spam version 0.41-0 (2014-02-26) is loaded.
Type 'help( Spam)' or 'demo( spam)' for a short introduction 
and overview of this package.
Help for individual functions is also obtained by adding the
suffix '.spam' to the function name, e.g. 'help( chol.spam)'.

Attaching package: ‘spam’

The following objects are masked from ‘package:base’:

    backsolve, forwardsolve

Loading required package: maps
  pred  p b tau Nper_p Npred Fzero sigma2
2 TRUE 10 4  10   2500  1000     0      1
[1] 0.8496635
$full.time
[1] 0.016

$full.rmse
[1] 0.05398571

$full.time
[1] 0.016

$full.rmse
[1] 0.05398571

$l25.time
[1] 1.024

$l25.rmse
[1] 0.1412844

$l50.time
[1] 1.155

$l50.rmse
[1] 0.1029312

$l100.time
[1] 2.431

$l100.rmse
[1] 0.08223223

$l250.time
[1] 14.18

$l250.rmse
[1] 0.0671911

$l500.time
[1] 76.878

$l500.rmse
[1] 0.05913864

$o25_i.ptime
[1] 0.04

$o25_i.time
[1] 0.123

$o25_i.rmse
[1] 0.5060568

$o50_i.ptime
[1] 0.029

$o50_i.time
[1] 0.097

$o50_i.rmse
[1] 0.4232641

$o100_i.ptime
[1] 0.045

$o100_i.time
[1] 0.093

$o100_i.rmse
[1] 0.2818137

$o250_i.ptime
[1] 0.132

$o250_i.time
[1] 0.094

$o250_i.rmse
[1] 0.1640928

$o500_i.ptime
[1] 0.341

$o500_i.time
[1] 0.096

$o500_i.rmse
[1] 0.1227255

$o25_d.ptime
[1] 0.031

$o25_d.time
[1] 0.239

$o25_d.rmse
[1] 0.3760281

$o50_d.ptime
[1] 0.016

$o50_d.time
[1] 0.393

$o50_d.rmse
[1] 0.2485393

$o100_d.ptime
[1] 0.008

$o100_d.time
[1] 0.681

$o100_d.rmse
[1] 0.1729412

$o250_d.ptime
[1] 0.009

$o250_d.time
[1] 2.367

$o250_d.rmse
[1] 0.108141

$o500_d.ptime
[1] 0.012

$o500_d.time
[1] 7.224

$o500_d.rmse
[1] 0.08294198

$c25_i.ptime
[1] 0.097

$c25_i.time
[1] 0.12

$c25_i.rmse
[1] 0.300967

$c50_i.ptime
[1] 0.067

$c50_i.time
[1] 0.109

$c50_i.rmse
[1] 0.2443674

$c100_i.ptime
[1] 0.065

$c100_i.time
[1] 0.104

$c100_i.rmse
[1] 0.1758039

$c250_i.ptime
[1] 0.146

$c250_i.time
[1] 0.104

$c250_i.rmse
[1] 0.1429021

$c500_i.ptime
[1] 0.398

$c500_i.time
[1] 0.114

$c500_i.rmse
[1] 0.1089644

$c25_d.ptime
[1] 0.109

$c25_d.time
[1] 0.281

$c25_d.rmse
[1] 0.2210732

$c50_d.ptime
[1] 0.09

$c50_d.time
[1] 0.348

$c50_d.rmse
[1] 0.1911774

$c100_d.ptime
[1] 0.046

$c100_d.time
[1] 0.662

$c100_d.rmse
[1] 0.1335011

$c250_d.ptime
[1] 0.038

$c250_d.time
[1] 2.219

$c250_d.rmse
[1] 0.09207849

$c500_d.ptime
[1] 0.023

$c500_d.time
[1] 8.222

$c500_d.rmse
[1] 0.06516398

$s25.ptime
[1] 0.059

$s25.time
[1] 0

$s25.rmse
[1] 0.711716

$s50.ptime
[1] 0.06

$s50.time
[1] 0.001

$s50.rmse
[1] 0.5232841

$s100.ptime
[1] 0.086

$s100.time
[1] 0.002

$s100.rmse
[1] 0.3576574

$s250.ptime
[1] 0.17

$s250.time
[1] 0.007

$s250.rmse
[1] 0.2196618

$s500.ptime
[1] 0.322

$s500.time
[1] 0.013

$s500.rmse
[1] 0.1253663

$s1000.ptime
[1] 0.897

$s1000.time
[1] 0.029

$s1000.rmse
[1] 0.08134972

        seed            p    full.time    full.rmse     l25.time     l25.rmse 
    2094.000       10.000        0.016        0.054        1.024        0.141 
    l50.time     l50.rmse    l100.time    l100.rmse    l250.time    l250.rmse 
       1.155        0.103        2.431        0.082       14.180        0.067 
   l500.time    l500.rmse  o25_i.ptime   o25_i.time   o25_i.rmse  o50_i.ptime 
      76.878        0.059        0.040        0.123        0.506        0.029 
  o50_i.time   o50_i.rmse o100_i.ptime  o100_i.time  o100_i.rmse o250_i.ptime 
       0.097        0.423        0.045        0.093        0.282        0.132 
 o250_i.time  o250_i.rmse o500_i.ptime  o500_i.time  o500_i.rmse  o25_d.ptime 
       0.094        0.164        0.341        0.096        0.123        0.031 
  o25_d.time   o25_d.rmse  o50_d.ptime   o50_d.time   o50_d.rmse o100_d.ptime 
       0.239        0.376        0.016        0.393        0.249        0.008 
 o100_d.time  o100_d.rmse o250_d.ptime  o250_d.time  o250_d.rmse o500_d.ptime 
       0.681        0.173        0.009        2.367        0.108        0.012 
 o500_d.time  o500_d.rmse  c25_i.ptime   c25_i.time   c25_i.rmse  c50_i.ptime 
       7.224        0.083        0.097        0.120        0.301        0.067 
  c50_i.time   c50_i.rmse c100_i.ptime  c100_i.time  c100_i.rmse c250_i.ptime 
       0.109        0.244        0.065        0.104        0.176        0.146 
 c250_i.time  c250_i.rmse c500_i.ptime  c500_i.time  c500_i.rmse  c25_d.ptime 
       0.104        0.143        0.398        0.114        0.109        0.109 
  c25_d.time   c25_d.rmse  c50_d.ptime   c50_d.time   c50_d.rmse c100_d.ptime 
       0.281        0.221        0.090        0.348        0.191        0.046 
 c100_d.time  c100_d.rmse c250_d.ptime  c250_d.time  c250_d.rmse c500_d.ptime 
       0.662        0.134        0.038        2.219        0.092        0.023 
 c500_d.time  c500_d.rmse    s25.ptime     s25.time     s25.rmse    s50.ptime 
       8.222        0.065        0.059        0.000        0.712        0.060 
    s50.time     s50.rmse   s100.ptime    s100.time    s100.rmse   s250.ptime 
       0.001        0.523        0.086        0.002        0.358        0.170 
   s250.time    s250.rmse   s500.ptime    s500.time    s500.rmse  s1000.ptime 
       0.007        0.220        0.322        0.013        0.125        0.897 
  s1000.time   s1000.rmse 
       0.029        0.081 
[1] 0.7873377
$full.time
[1] 0.017

$full.rmse
[1] 0.05357538

$full.time
[1] 0.017

$full.rmse
[1] 0.05357538

$l25.time
[1] 0.969

$l25.rmse
[1] 0.1330575

$l50.time
[1] 1.179

$l50.rmse
[1] 0.1010728

$l100.time
[1] 2.324

$l100.rmse
[1] 0.08031076

$l250.time
[1] 14.041

$l250.rmse
[1] 0.06581261

$l500.time
[1] 76.432

$l500.rmse
[1] 0.05829663

$o25_i.ptime
[1] 0.032

$o25_i.time
[1] 0.11

$o25_i.rmse
[1] 0.4428553

$o50_i.ptime
[1] 0.028

$o50_i.time
[1] 0.092

$o50_i.rmse
[1] 0.3824932

$o100_i.ptime
[1] 0.044

$o100_i.time
[1] 0.09

$o100_i.rmse
[1] 0.2948463

$o250_i.ptime
[1] 0.13

$o250_i.time
[1] 0.13

$o250_i.rmse
[1] 0.161264

$o500_i.ptime
[1] 0.34

$o500_i.time
[1] 0.1

$o500_i.rmse
[1] 0.1255859

$o25_d.ptime
[1] 0.029

$o25_d.time
[1] 0.247

$o25_d.rmse
[1] 0.2986836

$o50_d.ptime
[1] 0.013

$o50_d.time
[1] 0.382

$o50_d.rmse
[1] 0.237368

$o100_d.ptime
[1] 0.008

$o100_d.time
[1] 0.679

$o100_d.rmse
[1] 0.1608011

$o250_d.ptime
[1] 0.008

$o250_d.time
[1] 2.341

$o250_d.rmse
[1] 0.09784137

$o500_d.ptime
[1] 0.013

$o500_d.time
[1] 7.767

$o500_d.rmse
[1] 0.07791704

$c25_i.ptime
[1] 0.116

$c25_i.time
[1] 0.142

$c25_i.rmse
[1] 0.27291

$c50_i.ptime
[1] 0.078

$c50_i.time
[1] 0.107

$c50_i.rmse
[1] 0.2287883

$c100_i.ptime
[1] 0.08

$c100_i.time
[1] 0.101

$c100_i.rmse
[1] 0.1678569

$c250_i.ptime
[1] 0.15

$c250_i.time
[1] 0.111

$c250_i.rmse
[1] 0.1279656

$c500_i.ptime
[1] 0.374

$c500_i.time
[1] 0.111

$c500_i.rmse
[1] 0.1102246

$c25_d.ptime
[1] 0.14

$c25_d.time
[1] 0.289

$c25_d.rmse
[1] 0.2224445

$c50_d.ptime
[1] 0.063

$c50_d.time
[1] 0.368

$c50_d.rmse
[1] 0.17337

$c100_d.ptime
[1] 0.05

$c100_d.time
[1] 0.667

$c100_d.rmse
[1] 0.1326937

$c250_d.ptime
[1] 0.025

$c250_d.time
[1] 2.236

$c250_d.rmse
[1] 0.0971833

$c500_d.ptime
[1] 0.027

$c500_d.time
[1] 7.41

$c500_d.rmse
[1] 0.07895434

$s25.ptime
[1] 0.035

$s25.time
[1] 0.001

$s25.rmse
[1] 0.5154572

$s50.ptime
[1] 0.063

$s50.time
[1] 0.001

$s50.rmse
[1] 0.3749105

$s100.ptime
[1] 0.092

$s100.time
[1] 0.003

$s100.rmse
[1] 0.2825614

$s250.ptime
[1] 0.17

$s250.time
[1] 0.007

$s250.rmse
[1] 0.1779067

$s500.ptime
[1] 0.317

$s500.time
[1] 0.012

$s500.rmse
[1] 0.1164943

$s1000.ptime
[1] 0.839

$s1000.time
[1] 0.024

$s1000.rmse
[1] 0.07983746

        seed            p    full.time    full.rmse     l25.time     l25.rmse 
    2095.000       10.000        0.017        0.054        0.969        0.133 
    l50.time     l50.rmse    l100.time    l100.rmse    l250.time    l250.rmse 
       1.179        0.101        2.324        0.080       14.041        0.066 
   l500.time    l500.rmse  o25_i.ptime   o25_i.time   o25_i.rmse  o50_i.ptime 
      76.432        0.058        0.032        0.110        0.443        0.028 
  o50_i.time   o50_i.rmse o100_i.ptime  o100_i.time  o100_i.rmse o250_i.ptime 
       0.092        0.382        0.044        0.090        0.295        0.130 
 o250_i.time  o250_i.rmse o500_i.ptime  o500_i.time  o500_i.rmse  o25_d.ptime 
       0.130        0.161        0.340        0.100        0.126        0.029 
  o25_d.time   o25_d.rmse  o50_d.ptime   o50_d.time   o50_d.rmse o100_d.ptime 
       0.247        0.299        0.013        0.382        0.237        0.008 
 o100_d.time  o100_d.rmse o250_d.ptime  o250_d.time  o250_d.rmse o500_d.ptime 
       0.679        0.161        0.008        2.341        0.098        0.013 
 o500_d.time  o500_d.rmse  c25_i.ptime   c25_i.time   c25_i.rmse  c50_i.ptime 
       7.767        0.078        0.116        0.142        0.273        0.078 
  c50_i.time   c50_i.rmse c100_i.ptime  c100_i.time  c100_i.rmse c250_i.ptime 
       0.107        0.229        0.080        0.101        0.168        0.150 
 c250_i.time  c250_i.rmse c500_i.ptime  c500_i.time  c500_i.rmse  c25_d.ptime 
       0.111        0.128        0.374        0.111        0.110        0.140 
  c25_d.time   c25_d.rmse  c50_d.ptime   c50_d.time   c50_d.rmse c100_d.ptime 
       0.289        0.222        0.063        0.368        0.173        0.050 
 c100_d.time  c100_d.rmse c250_d.ptime  c250_d.time  c250_d.rmse c500_d.ptime 
       0.667        0.133        0.025        2.236        0.097        0.027 
 c500_d.time  c500_d.rmse    s25.ptime     s25.time     s25.rmse    s50.ptime 
       7.410        0.079        0.035        0.001        0.515        0.063 
    s50.time     s50.rmse   s100.ptime    s100.time    s100.rmse   s250.ptime 
       0.001        0.375        0.092        0.003        0.283        0.170 
   s250.time    s250.rmse   s500.ptime    s500.time    s500.rmse  s1000.ptime 
       0.007        0.178        0.317        0.012        0.116        0.839 
  s1000.time   s1000.rmse 
       0.024        0.080 
[1] 0.8534508
$full.time
[1] 0.015

$full.rmse
[1] 0.05459948

$full.time
[1] 0.015

$full.rmse
[1] 0.05459948

$l25.time
[1] 0.927

$l25.rmse
[1] 0.1336188

$l50.time
[1] 1.141

$l50.rmse
[1] 0.09885334

$l100.time
[1] 2.277

$l100.rmse
[1] 0.07815747

$l250.time
[1] 14.011

$l250.rmse
[1] 0.06330701

$l500.time
[1] 75.649

$l500.rmse
[1] 0.05778971

$o25_i.ptime
[1] 0.037

$o25_i.time
[1] 0.123

$o25_i.rmse
[1] 0.4138994

$o50_i.ptime
[1] 0.029

$o50_i.time
[1] 0.105

$o50_i.rmse
[1] 0.3635398

$o100_i.ptime
[1] 0.044

$o100_i.time
[1] 0.099

$o100_i.rmse
[1] 0.2673718

$o250_i.ptime
[1] 0.127

$o250_i.time
[1] 0.101

$o250_i.rmse
[1] 0.1842777

$o500_i.ptime
[1] 0.34

$o500_i.time
[1] 0.105

$o500_i.rmse
[1] 0.1208784

$o25_d.ptime
[1] 0.033

$o25_d.time
[1] 0.238

$o25_d.rmse
[1] 0.2896361

$o50_d.ptime
[1] 0.017

$o50_d.time
[1] 0.351

$o50_d.rmse
[1] 0.2335099

$o100_d.ptime
[1] 0.008

$o100_d.time
[1] 0.785

$o100_d.rmse
[1] 0.1672925

$o250_d.ptime
[1] 0.011

$o250_d.time
[1] 2.178

$o250_d.rmse
[1] 0.1024612

$o500_d.ptime
[1] 0.037

$o500_d.time
[1] 8.331

$o500_d.rmse
[1] 0.07118791

$c25_i.ptime
[1] 0.122

$c25_i.time
[1] 0.119

$c25_i.rmse
[1] 0.2980084

$c50_i.ptime
[1] 0.081

$c50_i.time
[1] 0.105

$c50_i.rmse
[1] 0.2192113

$c100_i.ptime
[1] 0.087

$c100_i.time
[1] 0.099

$c100_i.rmse
[1] 0.1651352

$c250_i.ptime
[1] 0.144

$c250_i.time
[1] 0.099

$c250_i.rmse
[1] 0.1305802

$c500_i.ptime
[1] 0.358

$c500_i.time
[1] 0.105

$c500_i.rmse
[1] 0.1093576

$c25_d.ptime
[1] 0.102

$c25_d.time
[1] 0.272

$c25_d.rmse
[1] 0.200287

$c50_d.ptime
[1] 0.057

$c50_d.time
[1] 0.344

$c50_d.rmse
[1] 0.166187

$c100_d.ptime
[1] 0.042

$c100_d.time
[1] 0.663

$c100_d.rmse
[1] 0.1210688

$c250_d.ptime
[1] 0.033

$c250_d.time
[1] 2.087

$c250_d.rmse
[1] 0.09038739

$c500_d.ptime
[1] 0.03

$c500_d.time
[1] 7.855

$c500_d.rmse
[1] 0.06801451

$s25.ptime
[1] 0.037

$s25.time
[1] 0.001

$s25.rmse
[1] 0.5868534

$s50.ptime
[1] 0.074

$s50.time
[1] 0.001

$s50.rmse
[1] 0.4348779

$s100.ptime
[1] 0.078

$s100.time
[1] 0.003

$s100.rmse
[1] 0.3012122

$s250.ptime
[1] 0.176

$s250.time
[1] 0.007

$s250.rmse
[1] 0.1878715

$s500.ptime
[1] 0.319

$s500.time
[1] 0.013

$s500.rmse
[1] 0.1208984

$s1000.ptime
[1] 0.881

$s1000.time
[1] 0.029

$s1000.rmse
[1] 0.07754521

        seed            p    full.time    full.rmse     l25.time     l25.rmse 
    2096.000       10.000        0.015        0.055        0.927        0.134 
    l50.time     l50.rmse    l100.time    l100.rmse    l250.time    l250.rmse 
       1.141        0.099        2.277        0.078       14.011        0.063 
   l500.time    l500.rmse  o25_i.ptime   o25_i.time   o25_i.rmse  o50_i.ptime 
      75.649        0.058        0.037        0.123        0.414        0.029 
  o50_i.time   o50_i.rmse o100_i.ptime  o100_i.time  o100_i.rmse o250_i.ptime 
       0.105        0.364        0.044        0.099        0.267        0.127 
 o250_i.time  o250_i.rmse o500_i.ptime  o500_i.time  o500_i.rmse  o25_d.ptime 
       0.101        0.184        0.340        0.105        0.121        0.033 
  o25_d.time   o25_d.rmse  o50_d.ptime   o50_d.time   o50_d.rmse o100_d.ptime 
       0.238        0.290        0.017        0.351        0.234        0.008 
 o100_d.time  o100_d.rmse o250_d.ptime  o250_d.time  o250_d.rmse o500_d.ptime 
       0.785        0.167        0.011        2.178        0.102        0.037 
 o500_d.time  o500_d.rmse  c25_i.ptime   c25_i.time   c25_i.rmse  c50_i.ptime 
       8.331        0.071        0.122        0.119        0.298        0.081 
  c50_i.time   c50_i.rmse c100_i.ptime  c100_i.time  c100_i.rmse c250_i.ptime 
       0.105        0.219        0.087        0.099        0.165        0.144 
 c250_i.time  c250_i.rmse c500_i.ptime  c500_i.time  c500_i.rmse  c25_d.ptime 
       0.099        0.131        0.358        0.105        0.109        0.102 
  c25_d.time   c25_d.rmse  c50_d.ptime   c50_d.time   c50_d.rmse c100_d.ptime 
       0.272        0.200        0.057        0.344        0.166        0.042 
 c100_d.time  c100_d.rmse c250_d.ptime  c250_d.time  c250_d.rmse c500_d.ptime 
       0.663        0.121        0.033        2.087        0.090        0.030 
 c500_d.time  c500_d.rmse    s25.ptime     s25.time     s25.rmse    s50.ptime 
       7.855        0.068        0.037        0.001        0.587        0.074 
    s50.time     s50.rmse   s100.ptime    s100.time    s100.rmse   s250.ptime 
       0.001        0.435        0.078        0.003        0.301        0.176 
   s250.time    s250.rmse   s500.ptime    s500.time    s500.rmse  s1000.ptime 
       0.007        0.188        0.319        0.013        0.121        0.881 
  s1000.time   s1000.rmse 
       0.029        0.078 
[1] 0.9410811
$full.time
[1] 0.016

$full.rmse
[1] 0.05707661

$full.time
[1] 0.016

$full.rmse
[1] 0.05707661

$l25.time
[1] 0.939

$l25.rmse
[1] 0.1427362

$l50.time
[1] 1.158

$l50.rmse
[1] 0.1134455

$l100.time
[1] 2.331

$l100.rmse
[1] 0.08865137

$l250.time
[1] 14.318

$l250.rmse
[1] 0.06910514

$l500.time
[1] 75.629

$l500.rmse
[1] 0.06243903

$o25_i.ptime
[1] 0.035

$o25_i.time
[1] 0.111

$o25_i.rmse
[1] 0.4341791

$o50_i.ptime
[1] 0.028

$o50_i.time
[1] 0.099

$o50_i.rmse
[1] 0.3597837

$o100_i.ptime
[1] 0.041

$o100_i.time
[1] 0.155

$o100_i.rmse
[1] 0.2958867

$o250_i.ptime
[1] 0.118

$o250_i.time
[1] 0.09

$o250_i.rmse
[1] 0.1906347

$o500_i.ptime
[1] 0.309

$o500_i.time
[1] 0.096

$o500_i.rmse
[1] 0.1328411

$o25_d.ptime
[1] 0.03

$o25_d.time
[1] 0.237

$o25_d.rmse
[1] 0.3279924

$o50_d.ptime
[1] 0.011

$o50_d.time
[1] 0.402

$o50_d.rmse
[1] 0.2347013

$o100_d.ptime
[1] 0.007

$o100_d.time
[1] 0.669

$o100_d.rmse
[1] 0.1986161

$o250_d.ptime
[1] 0.008

$o250_d.time
[1] 2.188

$o250_d.rmse
[1] 0.1121889

$o500_d.ptime
[1] 0.04

$o500_d.time
[1] 7.632

$o500_d.rmse
[1] 0.08311369

$c25_i.ptime
[1] 0.106

$c25_i.time
[1] 0.133

$c25_i.rmse
[1] 0.3092296

$c50_i.ptime
[1] 0.091

$c50_i.time
[1] 0.125

$c50_i.rmse
[1] 0.2388334

$c100_i.ptime
[1] 0.076

$c100_i.time
[1] 0.111

$c100_i.rmse
[1] 0.1985315

$c250_i.ptime
[1] 0.169

$c250_i.time
[1] 0.11

$c250_i.rmse
[1] 0.1335798

$c500_i.ptime
[1] 0.363

$c500_i.time
[1] 0.119

$c500_i.rmse
[1] 0.1179896

$c25_d.ptime
[1] 0.099

$c25_d.time
[1] 0.291

$c25_d.rmse
[1] 0.2222454

$c50_d.ptime
[1] 0.07

$c50_d.time
[1] 0.366

$c50_d.rmse
[1] 0.1759086

$c100_d.ptime
[1] 0.066

$c100_d.time
[1] 0.674

$c100_d.rmse
[1] 0.1602063

$c250_d.ptime
[1] 0.028

$c250_d.time
[1] 2.146

$c250_d.rmse
[1] 0.09678818

$c500_d.ptime
[1] 0.026

$c500_d.time
[1] 8.453

$c500_d.rmse
[1] 0.08187703

$s25.ptime
[1] 0.042

$s25.time
[1] 0.001

$s25.rmse
[1] 0.4791443

$s50.ptime
[1] 0.072

$s50.time
[1] 0.002

$s50.rmse
[1] 0.405618

$s100.ptime
[1] 0.11

$s100.time
[1] 0.003

$s100.rmse
[1] 0.3188632

$s250.ptime
[1] 0.188

$s250.time
[1] 0.007

$s250.rmse
[1] 0.2136285

$s500.ptime
[1] 0.331

$s500.time
[1] 0.012

$s500.rmse
[1] 0.1294153

$s1000.ptime
[1] 0.866

$s1000.time
[1] 0.029

$s1000.rmse
[1] 0.08731916

        seed            p    full.time    full.rmse     l25.time     l25.rmse 
    2097.000       10.000        0.016        0.057        0.939        0.143 
    l50.time     l50.rmse    l100.time    l100.rmse    l250.time    l250.rmse 
       1.158        0.113        2.331        0.089       14.318        0.069 
   l500.time    l500.rmse  o25_i.ptime   o25_i.time   o25_i.rmse  o50_i.ptime 
      75.629        0.062        0.035        0.111        0.434        0.028 
  o50_i.time   o50_i.rmse o100_i.ptime  o100_i.time  o100_i.rmse o250_i.ptime 
       0.099        0.360        0.041        0.155        0.296        0.118 
 o250_i.time  o250_i.rmse o500_i.ptime  o500_i.time  o500_i.rmse  o25_d.ptime 
       0.090        0.191        0.309        0.096        0.133        0.030 
  o25_d.time   o25_d.rmse  o50_d.ptime   o50_d.time   o50_d.rmse o100_d.ptime 
       0.237        0.328        0.011        0.402        0.235        0.007 
 o100_d.time  o100_d.rmse o250_d.ptime  o250_d.time  o250_d.rmse o500_d.ptime 
       0.669        0.199        0.008        2.188        0.112        0.040 
 o500_d.time  o500_d.rmse  c25_i.ptime   c25_i.time   c25_i.rmse  c50_i.ptime 
       7.632        0.083        0.106        0.133        0.309        0.091 
  c50_i.time   c50_i.rmse c100_i.ptime  c100_i.time  c100_i.rmse c250_i.ptime 
       0.125        0.239        0.076        0.111        0.199        0.169 
 c250_i.time  c250_i.rmse c500_i.ptime  c500_i.time  c500_i.rmse  c25_d.ptime 
       0.110        0.134        0.363        0.119        0.118        0.099 
  c25_d.time   c25_d.rmse  c50_d.ptime   c50_d.time   c50_d.rmse c100_d.ptime 
       0.291        0.222        0.070        0.366        0.176        0.066 
 c100_d.time  c100_d.rmse c250_d.ptime  c250_d.time  c250_d.rmse c500_d.ptime 
       0.674        0.160        0.028        2.146        0.097        0.026 
 c500_d.time  c500_d.rmse    s25.ptime     s25.time     s25.rmse    s50.ptime 
       8.453        0.082        0.042        0.001        0.479        0.072 
    s50.time     s50.rmse   s100.ptime    s100.time    s100.rmse   s250.ptime 
       0.002        0.406        0.110        0.003        0.319        0.188 
   s250.time    s250.rmse   s500.ptime    s500.time    s500.rmse  s1000.ptime 
       0.007        0.214        0.331        0.012        0.129        0.866 
  s1000.time   s1000.rmse 
       0.029        0.087 
[1] 0.6456502
$full.time
[1] 0.016

$full.rmse
[1] 0.0554114

$full.time
[1] 0.016

$full.rmse
[1] 0.0554114

$l25.time
[1] 0.915

$l25.rmse
[1] 0.1330144

$l50.time
[1] 1.13

$l50.rmse
[1] 0.104677

$l100.time
[1] 2.312

$l100.rmse
[1] 0.08477672

$l250.time
[1] 14.21

$l250.rmse
[1] 0.06952574

$l500.time
[1] 75.173

$l500.rmse
[1] 0.06267944

$o25_i.ptime
[1] 0.038

$o25_i.time
[1] 0.122

$o25_i.rmse
[1] 0.4246892

$o50_i.ptime
[1] 0.029

$o50_i.time
[1] 0.099

$o50_i.rmse
[1] 0.3246657

$o100_i.ptime
[1] 0.045

$o100_i.time
[1] 0.094

$o100_i.rmse
[1] 0.2871977

$o250_i.ptime
[1] 0.129

$o250_i.time
[1] 0.096

$o250_i.rmse
[1] 0.1774599

$o500_i.ptime
[1] 0.334

$o500_i.time
[1] 0.102

$o500_i.rmse
[1] 0.1213126

$o25_d.ptime
[1] 0.029

$o25_d.time
[1] 0.296

$o25_d.rmse
[1] 0.3157415

$o50_d.ptime
[1] 0.013

$o50_d.time
[1] 0.328

$o50_d.rmse
[1] 0.2391935

$o100_d.ptime
[1] 0.008

$o100_d.time
[1] 0.729

$o100_d.rmse
[1] 0.166055

$o250_d.ptime
[1] 0.009

$o250_d.time
[1] 2.071

$o250_d.rmse
[1] 0.1070892

$o500_d.ptime
[1] 0.012

$o500_d.time
[1] 8.149

$o500_d.rmse
[1] 0.0804064

$c25_i.ptime
[1] 0.103

$c25_i.time
[1] 0.137

$c25_i.rmse
[1] 0.2765534

$c50_i.ptime
[1] 0.087

$c50_i.time
[1] 0.11

$c50_i.rmse
[1] 0.2316925

$c100_i.ptime
[1] 0.08

$c100_i.time
[1] 0.105

$c100_i.rmse
[1] 0.1754801

$c250_i.ptime
[1] 0.15

$c250_i.time
[1] 0.106

$c250_i.rmse
[1] 0.1391148

$c500_i.ptime
[1] 0.354

$c500_i.time
[1] 0.112

$c500_i.rmse
[1] 0.1119554

$c25_d.ptime
[1] 0.108

$c25_d.time
[1] 0.293

$c25_d.rmse
[1] 0.2231088

$c50_d.ptime
[1] 0.071

$c50_d.time
[1] 0.364

$c50_d.rmse
[1] 0.1737063

$c100_d.ptime
[1] 0.04

$c100_d.time
[1] 0.673

$c100_d.rmse
[1] 0.1432623

$c250_d.ptime
[1] 0.03

$c250_d.time
[1] 2.15

$c250_d.rmse
[1] 0.09883054

$c500_d.ptime
[1] 0.031

$c500_d.time
[1] 7.774

$c500_d.rmse
[1] 0.07240778

$s25.ptime
[1] 0.04

$s25.time
[1] 0.001

$s25.rmse
[1] 0.472639

$s50.ptime
[1] 0.074

$s50.time
[1] 0.001

$s50.rmse
[1] 0.4388946

$s100.ptime
[1] 0.091

$s100.time
[1] 0.003

$s100.rmse
[1] 0.2881336

$s250.ptime
[1] 0.176

$s250.time
[1] 0.008

$s250.rmse
[1] 0.1994911

$s500.ptime
[1] 0.323

$s500.time
[1] 0.014

$s500.rmse
[1] 0.1205409

$s1000.ptime
[1] 0.883

$s1000.time
[1] 0.025

$s1000.rmse
[1] 0.08233168

        seed            p    full.time    full.rmse     l25.time     l25.rmse 
    2098.000       10.000        0.016        0.055        0.915        0.133 
    l50.time     l50.rmse    l100.time    l100.rmse    l250.time    l250.rmse 
       1.130        0.105        2.312        0.085       14.210        0.070 
   l500.time    l500.rmse  o25_i.ptime   o25_i.time   o25_i.rmse  o50_i.ptime 
      75.173        0.063        0.038        0.122        0.425        0.029 
  o50_i.time   o50_i.rmse o100_i.ptime  o100_i.time  o100_i.rmse o250_i.ptime 
       0.099        0.325        0.045        0.094        0.287        0.129 
 o250_i.time  o250_i.rmse o500_i.ptime  o500_i.time  o500_i.rmse  o25_d.ptime 
       0.096        0.177        0.334        0.102        0.121        0.029 
  o25_d.time   o25_d.rmse  o50_d.ptime   o50_d.time   o50_d.rmse o100_d.ptime 
       0.296        0.316        0.013        0.328        0.239        0.008 
 o100_d.time  o100_d.rmse o250_d.ptime  o250_d.time  o250_d.rmse o500_d.ptime 
       0.729        0.166        0.009        2.071        0.107        0.012 
 o500_d.time  o500_d.rmse  c25_i.ptime   c25_i.time   c25_i.rmse  c50_i.ptime 
       8.149        0.080        0.103        0.137        0.277        0.087 
  c50_i.time   c50_i.rmse c100_i.ptime  c100_i.time  c100_i.rmse c250_i.ptime 
       0.110        0.232        0.080        0.105        0.175        0.150 
 c250_i.time  c250_i.rmse c500_i.ptime  c500_i.time  c500_i.rmse  c25_d.ptime 
       0.106        0.139        0.354        0.112        0.112        0.108 
  c25_d.time   c25_d.rmse  c50_d.ptime   c50_d.time   c50_d.rmse c100_d.ptime 
       0.293        0.223        0.071        0.364        0.174        0.040 
 c100_d.time  c100_d.rmse c250_d.ptime  c250_d.time  c250_d.rmse c500_d.ptime 
       0.673        0.143        0.030        2.150        0.099        0.031 
 c500_d.time  c500_d.rmse    s25.ptime     s25.time     s25.rmse    s50.ptime 
       7.774        0.072        0.040        0.001        0.473        0.074 
    s50.time     s50.rmse   s100.ptime    s100.time    s100.rmse   s250.ptime 
       0.001        0.439        0.091        0.003        0.288        0.176 
   s250.time    s250.rmse   s500.ptime    s500.time    s500.rmse  s1000.ptime 
       0.008        0.199        0.323        0.014        0.121        0.883 
  s1000.time   s1000.rmse 
       0.025        0.082 
  seed  p full.time  full.rmse l25.time  l25.rmse l50.time   l50.rmse l100.time
1 2094 10     0.016 0.05398571    1.024 0.1412844    1.155 0.10293116     2.431
2 2095 10     0.017 0.05357538    0.969 0.1330575    1.179 0.10107283     2.324
3 2096 10     0.015 0.05459948    0.927 0.1336188    1.141 0.09885334     2.277
4 2097 10     0.016 0.05707661    0.939 0.1427362    1.158 0.11344551     2.331
5 2098 10     0.016 0.05541140    0.915 0.1330144    1.130 0.10467702     2.312
   l100.rmse l250.time  l250.rmse l500.time  l500.rmse o25_i.ptime o25_i.time
1 0.08223223    14.180 0.06719110    76.878 0.05913864       0.040      0.123
2 0.08031076    14.041 0.06581261    76.432 0.05829663       0.032      0.110
3 0.07815747    14.011 0.06330701    75.649 0.05778971       0.037      0.123
4 0.08865137    14.318 0.06910514    75.629 0.06243903       0.035      0.111
5 0.08477672    14.210 0.06952574    75.173 0.06267944       0.038      0.122
  o25_i.rmse o50_i.ptime o50_i.time o50_i.rmse o100_i.ptime o100_i.time
1  0.5060568       0.029      0.097  0.4232641        0.045       0.093
2  0.4428553       0.028      0.092  0.3824932        0.044       0.090
3  0.4138994       0.029      0.105  0.3635398        0.044       0.099
4  0.4341791       0.028      0.099  0.3597837        0.041       0.155
5  0.4246892       0.029      0.099  0.3246657        0.045       0.094
  o100_i.rmse o250_i.ptime o250_i.time o250_i.rmse o500_i.ptime o500_i.time
1   0.2818137        0.132       0.094   0.1640928        0.341       0.096
2   0.2948463        0.130       0.130   0.1612640        0.340       0.100
3   0.2673718        0.127       0.101   0.1842777        0.340       0.105
4   0.2958867        0.118       0.090   0.1906347        0.309       0.096
5   0.2871977        0.129       0.096   0.1774599        0.334       0.102
  o500_i.rmse o25_d.ptime o25_d.time o25_d.rmse o50_d.ptime o50_d.time
1   0.1227255       0.031      0.239  0.3760281       0.016      0.393
2   0.1255859       0.029      0.247  0.2986836       0.013      0.382
3   0.1208784       0.033      0.238  0.2896361       0.017      0.351
4   0.1328411       0.030      0.237  0.3279924       0.011      0.402
5   0.1213126       0.029      0.296  0.3157415       0.013      0.328
  o50_d.rmse o100_d.ptime o100_d.time o100_d.rmse o250_d.ptime o250_d.time
1  0.2485393        0.008       0.681   0.1729412        0.009       2.367
2  0.2373680        0.008       0.679   0.1608011        0.008       2.341
3  0.2335099        0.008       0.785   0.1672925        0.011       2.178
4  0.2347013        0.007       0.669   0.1986161        0.008       2.188
5  0.2391935        0.008       0.729   0.1660550        0.009       2.071
  o250_d.rmse o500_d.ptime o500_d.time o500_d.rmse c25_i.ptime c25_i.time
1  0.10814105        0.012       7.224  0.08294198       0.097      0.120
2  0.09784137        0.013       7.767  0.07791704       0.116      0.142
3  0.10246121        0.037       8.331  0.07118791       0.122      0.119
4  0.11218891        0.040       7.632  0.08311369       0.106      0.133
5  0.10708923        0.012       8.149  0.08040640       0.103      0.137
  c25_i.rmse c50_i.ptime c50_i.time c50_i.rmse c100_i.ptime c100_i.time
1  0.3009670       0.067      0.109  0.2443674        0.065       0.104
2  0.2729100       0.078      0.107  0.2287883        0.080       0.101
3  0.2980084       0.081      0.105  0.2192113        0.087       0.099
4  0.3092296       0.091      0.125  0.2388334        0.076       0.111
5  0.2765534       0.087      0.110  0.2316925        0.080       0.105
  c100_i.rmse c250_i.ptime c250_i.time c250_i.rmse c500_i.ptime c500_i.time
1   0.1758039        0.146       0.104   0.1429021        0.398       0.114
2   0.1678569        0.150       0.111   0.1279656        0.374       0.111
3   0.1651352        0.144       0.099   0.1305802        0.358       0.105
4   0.1985315        0.169       0.110   0.1335798        0.363       0.119
5   0.1754801        0.150       0.106   0.1391148        0.354       0.112
  c500_i.rmse c25_d.ptime c25_d.time c25_d.rmse c50_d.ptime c50_d.time
1   0.1089644       0.109      0.281  0.2210732       0.090      0.348
2   0.1102246       0.140      0.289  0.2224445       0.063      0.368
3   0.1093576       0.102      0.272  0.2002870       0.057      0.344
4   0.1179896       0.099      0.291  0.2222454       0.070      0.366
5   0.1119554       0.108      0.293  0.2231088       0.071      0.364
  c50_d.rmse c100_d.ptime c100_d.time c100_d.rmse c250_d.ptime c250_d.time
1  0.1911774        0.046       0.662   0.1335011        0.038       2.219
2  0.1733700        0.050       0.667   0.1326937        0.025       2.236
3  0.1661870        0.042       0.663   0.1210688        0.033       2.087
4  0.1759086        0.066       0.674   0.1602063        0.028       2.146
5  0.1737063        0.040       0.673   0.1432623        0.030       2.150
  c250_d.rmse c500_d.ptime c500_d.time c500_d.rmse s25.ptime s25.time  s25.rmse
1  0.09207849        0.023       8.222  0.06516398     0.059    0.000 0.7117160
2  0.09718330        0.027       7.410  0.07895434     0.035    0.001 0.5154572
3  0.09038739        0.030       7.855  0.06801451     0.037    0.001 0.5868534
4  0.09678818        0.026       8.453  0.08187703     0.042    0.001 0.4791443
5  0.09883054        0.031       7.774  0.07240778     0.040    0.001 0.4726390
  s50.ptime s50.time  s50.rmse s100.ptime s100.time s100.rmse s250.ptime
1     0.060    0.001 0.5232841      0.086     0.002 0.3576574      0.170
2     0.063    0.001 0.3749105      0.092     0.003 0.2825614      0.170
3     0.074    0.001 0.4348779      0.078     0.003 0.3012122      0.176
4     0.072    0.002 0.4056180      0.110     0.003 0.3188632      0.188
5     0.074    0.001 0.4388946      0.091     0.003 0.2881336      0.176
  s250.time s250.rmse s500.ptime s500.time s500.rmse s1000.ptime s1000.time
1     0.007 0.2196618      0.322     0.013 0.1253663       0.897      0.029
2     0.007 0.1779067      0.317     0.012 0.1164943       0.839      0.024
3     0.007 0.1878715      0.319     0.013 0.1208984       0.881      0.029
4     0.007 0.2136285      0.331     0.012 0.1294153       0.866      0.029
5     0.008 0.1994911      0.323     0.014 0.1205409       0.883      0.025
  s1000.rmse
1 0.08134972
2 0.07983746
3 0.07754521
4 0.08731916
5 0.08233168
> 
> proc.time()
   user  system elapsed 
628.052   5.083 641.570 
