
R version 3.0.3 (2014-03-06) -- "Warm Puppy"
Copyright (C) 2014 The R Foundation for Statistical Computing
Platform: x86_64-unknown-linux-gnu (64-bit)

R is free software and comes with ABSOLUTELY NO WARRANTY.
You are welcome to redistribute it under certain conditions.
Type 'license()' or 'licence()' for distribution details.

  Natural language support but running in an English locale

R is a collaborative project with many contributors.
Type 'contributors()' for more information and
'citation()' on how to cite R or R packages in publications.

Type 'demo()' for some demos, 'help()' for on-line help, or
'help.start()' for an HTML browser interface to help.
Type 'q()' to quit R.

> print(.libPaths())
[1] "/usr/local/r-3.0.3/lib64/R/library"
> .libPaths("/mnt/home/rjparker/Rlib")
> print(.libPaths())
[1] "/mnt/home/rjparker/Rlib"            "/usr/local/r-3.0.3/lib64/R/library"
> setwd("/mnt/home/rjparker/git/block_int")
> 
> which_exp <- 2
> which_part <- 14
> source("R/sim_nblocks_pred.R")
Loading required package: spam
Loading required package: grid
Spam version 0.41-0 (2014-02-26) is loaded.
Type 'help( Spam)' or 'demo( spam)' for a short introduction 
and overview of this package.
Help for individual functions is also obtained by adding the
suffix '.spam' to the function name, e.g. 'help( chol.spam)'.

Attaching package: ‘spam’

The following objects are masked from ‘package:base’:

    backsolve, forwardsolve

Loading required package: maps
  pred  p b tau Nper_p Npred Fzero sigma2
2 TRUE 10 4  10   2500  1000     0      1
[1] 0.825505
$full.time
[1] 0.03

$full.rmse
[1] 0.0527845

$full.time
[1] 0.03

$full.rmse
[1] 0.0527845

$l25.time
[1] 2.011

$l25.rmse
[1] 0.1237643

$l50.time
[1] 2.224

$l50.rmse
[1] 0.0970195

$l100.time
[1] 4.599

$l100.rmse
[1] 0.07731866

$l250.time
[1] 17.858

$l250.rmse
[1] 0.0611874

$l500.time
[1] 101.064

$l500.rmse
[1] 0.05714528

$o25_i.ptime
[1] 0.049

$o25_i.time
[1] 0.146

$o25_i.rmse
[1] 0.4430856

$o50_i.ptime
[1] 0.035

$o50_i.time
[1] 0.121

$o50_i.rmse
[1] 0.3497021

$o100_i.ptime
[1] 0.053

$o100_i.time
[1] 0.115

$o100_i.rmse
[1] 0.2569617

$o250_i.ptime
[1] 0.153

$o250_i.time
[1] 0.116

$o250_i.rmse
[1] 0.1698111

$o500_i.ptime
[1] 0.428

$o500_i.time
[1] 0.117

$o500_i.rmse
[1] 0.1172836

$o25_d.ptime
[1] 0.037

$o25_d.time
[1] 0.291

$o25_d.rmse
[1] 0.314968

$o50_d.ptime
[1] 0.018

$o50_d.time
[1] 0.382

$o50_d.rmse
[1] 0.2402687

$o100_d.ptime
[1] 0.01

$o100_d.time
[1] 0.767

$o100_d.rmse
[1] 0.1679503

$o250_d.ptime
[1] 0.011

$o250_d.time
[1] 2.651

$o250_d.rmse
[1] 0.1050846

$o500_d.ptime
[1] 0.015

$o500_d.time
[1] 11.424

$o500_d.rmse
[1] 0.0743331

$c25_i.ptime
[1] 0.162

$c25_i.time
[1] 0.23

$c25_i.rmse
[1] 0.2983069

$c50_i.ptime
[1] 0.126

$c50_i.time
[1] 0.174

$c50_i.rmse
[1] 0.2228481

$c100_i.ptime
[1] 0.124

$c100_i.time
[1] 0.172

$c100_i.rmse
[1] 0.1679179

$c250_i.ptime
[1] 0.231

$c250_i.time
[1] 0.151

$c250_i.rmse
[1] 0.1218761

$c500_i.ptime
[1] 0.456

$c500_i.time
[1] 0.147

$c500_i.rmse
[1] 0.1199006

$c25_d.ptime
[1] 0.135

$c25_d.time
[1] 0.49

$c25_d.rmse
[1] 0.1995237

$c50_d.ptime
[1] 0.067

$c50_d.time
[1] 0.583

$c50_d.rmse
[1] 0.1624202

$c100_d.ptime
[1] 0.065

$c100_d.time
[1] 0.941

$c100_d.rmse
[1] 0.1232975

$c250_d.ptime
[1] 0.042

$c250_d.time
[1] 3.348

$c250_d.rmse
[1] 0.08533818

$c500_d.ptime
[1] 0.034

$c500_d.time
[1] 12.387

$c500_d.rmse
[1] 0.0682628

$s25.ptime
[1] 0.048

$s25.time
[1] 0.001

$s25.rmse
[1] 0.614077

$s50.ptime
[1] 0.056

$s50.time
[1] 0.002

$s50.rmse
[1] 0.439928

$s100.ptime
[1] 0.125

$s100.time
[1] 0.003

$s100.rmse
[1] 0.3397264

$s250.ptime
[1] 0.212

$s250.time
[1] 0.007

$s250.rmse
[1] 0.1927042

$s500.ptime
[1] 0.416

$s500.time
[1] 0.019

$s500.rmse
[1] 0.1147937

$s1000.ptime
[1] 1.247

$s1000.time
[1] 0.041

$s1000.rmse
[1] 0.08232814

        seed            p    full.time    full.rmse     l25.time     l25.rmse 
    2149.000       10.000        0.030        0.053        2.011        0.124 
    l50.time     l50.rmse    l100.time    l100.rmse    l250.time    l250.rmse 
       2.224        0.097        4.599        0.077       17.858        0.061 
   l500.time    l500.rmse  o25_i.ptime   o25_i.time   o25_i.rmse  o50_i.ptime 
     101.064        0.057        0.049        0.146        0.443        0.035 
  o50_i.time   o50_i.rmse o100_i.ptime  o100_i.time  o100_i.rmse o250_i.ptime 
       0.121        0.350        0.053        0.115        0.257        0.153 
 o250_i.time  o250_i.rmse o500_i.ptime  o500_i.time  o500_i.rmse  o25_d.ptime 
       0.116        0.170        0.428        0.117        0.117        0.037 
  o25_d.time   o25_d.rmse  o50_d.ptime   o50_d.time   o50_d.rmse o100_d.ptime 
       0.291        0.315        0.018        0.382        0.240        0.010 
 o100_d.time  o100_d.rmse o250_d.ptime  o250_d.time  o250_d.rmse o500_d.ptime 
       0.767        0.168        0.011        2.651        0.105        0.015 
 o500_d.time  o500_d.rmse  c25_i.ptime   c25_i.time   c25_i.rmse  c50_i.ptime 
      11.424        0.074        0.162        0.230        0.298        0.126 
  c50_i.time   c50_i.rmse c100_i.ptime  c100_i.time  c100_i.rmse c250_i.ptime 
       0.174        0.223        0.124        0.172        0.168        0.231 
 c250_i.time  c250_i.rmse c500_i.ptime  c500_i.time  c500_i.rmse  c25_d.ptime 
       0.151        0.122        0.456        0.147        0.120        0.135 
  c25_d.time   c25_d.rmse  c50_d.ptime   c50_d.time   c50_d.rmse c100_d.ptime 
       0.490        0.200        0.067        0.583        0.162        0.065 
 c100_d.time  c100_d.rmse c250_d.ptime  c250_d.time  c250_d.rmse c500_d.ptime 
       0.941        0.123        0.042        3.348        0.085        0.034 
 c500_d.time  c500_d.rmse    s25.ptime     s25.time     s25.rmse    s50.ptime 
      12.387        0.068        0.048        0.001        0.614        0.056 
    s50.time     s50.rmse   s100.ptime    s100.time    s100.rmse   s250.ptime 
       0.002        0.440        0.125        0.003        0.340        0.212 
   s250.time    s250.rmse   s500.ptime    s500.time    s500.rmse  s1000.ptime 
       0.007        0.193        0.416        0.019        0.115        1.247 
  s1000.time   s1000.rmse 
       0.041        0.082 
[1] 1.01124
$full.time
[1] 0.047

$full.rmse
[1] 0.05546319

$full.time
[1] 0.047

$full.rmse
[1] 0.05546319

$l25.time
[1] 1.41

$l25.rmse
[1] 0.1313168

$l50.time
[1] 1.735

$l50.rmse
[1] 0.1043606

$l100.time
[1] 3.131

$l100.rmse
[1] 0.07896498

$l250.time
[1] 16.986

$l250.rmse
[1] 0.06517325

$l500.time
[1] 98.536

$l500.rmse
[1] 0.06104525

$o25_i.ptime
[1] 0.048

$o25_i.time
[1] 0.149

$o25_i.rmse
[1] 0.4436993

$o50_i.ptime
[1] 0.034

$o50_i.time
[1] 0.118

$o50_i.rmse
[1] 0.3710634

$o100_i.ptime
[1] 0.053

$o100_i.time
[1] 0.113

$o100_i.rmse
[1] 0.2692198

$o250_i.ptime
[1] 0.153

$o250_i.time
[1] 0.113

$o250_i.rmse
[1] 0.1709072

$o500_i.ptime
[1] 0.433

$o500_i.time
[1] 0.171

$o500_i.rmse
[1] 0.1190956

$o25_d.ptime
[1] 0.033

$o25_d.time
[1] 0.319

$o25_d.rmse
[1] 0.2928757

$o50_d.ptime
[1] 0.019

$o50_d.time
[1] 0.381

$o50_d.rmse
[1] 0.2348237

$o100_d.ptime
[1] 0.01

$o100_d.time
[1] 0.747

$o100_d.rmse
[1] 0.1568822

$o250_d.ptime
[1] 0.01

$o250_d.time
[1] 2.826

$o250_d.rmse
[1] 0.1118472

$o500_d.ptime
[1] 0.014

$o500_d.time
[1] 12.798

$o500_d.rmse
[1] 0.07670638

$c25_i.ptime
[1] 0.147

$c25_i.time
[1] 0.239

$c25_i.rmse
[1] 0.3081909

$c50_i.ptime
[1] 0.147

$c50_i.time
[1] 0.184

$c50_i.rmse
[1] 0.2382565

$c100_i.ptime
[1] 0.109

$c100_i.time
[1] 0.175

$c100_i.rmse
[1] 0.1721914

$c250_i.ptime
[1] 0.234

$c250_i.time
[1] 0.174

$c250_i.rmse
[1] 0.1463352

$c500_i.ptime
[1] 0.494

$c500_i.time
[1] 0.193

$c500_i.rmse
[1] 0.09138639

$c25_d.ptime
[1] 0.128

$c25_d.time
[1] 0.395

$c25_d.rmse
[1] 0.2162668

$c50_d.ptime
[1] 0.094

$c50_d.time
[1] 0.538

$c50_d.rmse
[1] 0.1819763

$c100_d.ptime
[1] 0.078

$c100_d.time
[1] 0.967

$c100_d.rmse
[1] 0.1325579

$c250_d.ptime
[1] 0.033

$c250_d.time
[1] 3.341

$c250_d.rmse
[1] 0.09146944

$c500_d.ptime
[1] 0.019

$c500_d.time
[1] 11.233

$c500_d.rmse
[1] 0.07742185

$s25.ptime
[1] 0.064

$s25.time
[1] 0

$s25.rmse
[1] 0.6073321

$s50.ptime
[1] 0.077

$s50.time
[1] 0.002

$s50.rmse
[1] 0.4251434

$s100.ptime
[1] 0.097

$s100.time
[1] 0.004

$s100.rmse
[1] 0.2582268

$s250.ptime
[1] 0.218

$s250.time
[1] 0.012

$s250.rmse
[1] 0.177539

$s500.ptime
[1] 0.44

$s500.time
[1] 0.023

$s500.rmse
[1] 0.1190263

$s1000.ptime
[1] 1.482

$s1000.time
[1] 0.038

$s1000.rmse
[1] 0.0813626

        seed            p    full.time    full.rmse     l25.time     l25.rmse 
    2150.000       10.000        0.047        0.055        1.410        0.131 
    l50.time     l50.rmse    l100.time    l100.rmse    l250.time    l250.rmse 
       1.735        0.104        3.131        0.079       16.986        0.065 
   l500.time    l500.rmse  o25_i.ptime   o25_i.time   o25_i.rmse  o50_i.ptime 
      98.536        0.061        0.048        0.149        0.444        0.034 
  o50_i.time   o50_i.rmse o100_i.ptime  o100_i.time  o100_i.rmse o250_i.ptime 
       0.118        0.371        0.053        0.113        0.269        0.153 
 o250_i.time  o250_i.rmse o500_i.ptime  o500_i.time  o500_i.rmse  o25_d.ptime 
       0.113        0.171        0.433        0.171        0.119        0.033 
  o25_d.time   o25_d.rmse  o50_d.ptime   o50_d.time   o50_d.rmse o100_d.ptime 
       0.319        0.293        0.019        0.381        0.235        0.010 
 o100_d.time  o100_d.rmse o250_d.ptime  o250_d.time  o250_d.rmse o500_d.ptime 
       0.747        0.157        0.010        2.826        0.112        0.014 
 o500_d.time  o500_d.rmse  c25_i.ptime   c25_i.time   c25_i.rmse  c50_i.ptime 
      12.798        0.077        0.147        0.239        0.308        0.147 
  c50_i.time   c50_i.rmse c100_i.ptime  c100_i.time  c100_i.rmse c250_i.ptime 
       0.184        0.238        0.109        0.175        0.172        0.234 
 c250_i.time  c250_i.rmse c500_i.ptime  c500_i.time  c500_i.rmse  c25_d.ptime 
       0.174        0.146        0.494        0.193        0.091        0.128 
  c25_d.time   c25_d.rmse  c50_d.ptime   c50_d.time   c50_d.rmse c100_d.ptime 
       0.395        0.216        0.094        0.538        0.182        0.078 
 c100_d.time  c100_d.rmse c250_d.ptime  c250_d.time  c250_d.rmse c500_d.ptime 
       0.967        0.133        0.033        3.341        0.091        0.019 
 c500_d.time  c500_d.rmse    s25.ptime     s25.time     s25.rmse    s50.ptime 
      11.233        0.077        0.064        0.000        0.607        0.077 
    s50.time     s50.rmse   s100.ptime    s100.time    s100.rmse   s250.ptime 
       0.002        0.425        0.097        0.004        0.258        0.218 
   s250.time    s250.rmse   s500.ptime    s500.time    s500.rmse  s1000.ptime 
       0.012        0.178        0.440        0.023        0.119        1.482 
  s1000.time   s1000.rmse 
       0.038        0.081 
[1] 0.749737
$full.time
[1] 0.019

$full.rmse
[1] 0.05594812

$full.time
[1] 0.019

$full.rmse
[1] 0.05594812

$l25.time
[1] 1.484

$l25.rmse
[1] 0.1293051

$l50.time
[1] 1.776

$l50.rmse
[1] 0.1036774

$l100.time
[1] 3.257

$l100.rmse
[1] 0.08384909

$l250.time
[1] 17.259

$l250.rmse
[1] 0.06918254

$l500.time
[1] 98.688

$l500.rmse
[1] 0.06270248

$o25_i.ptime
[1] 0.051

$o25_i.time
[1] 0.154

$o25_i.rmse
[1] 0.4356199

$o50_i.ptime
[1] 0.035

$o50_i.time
[1] 0.126

$o50_i.rmse
[1] 0.3980202

$o100_i.ptime
[1] 0.053

$o100_i.time
[1] 0.12

$o100_i.rmse
[1] 0.3025292

$o250_i.ptime
[1] 0.154

$o250_i.time
[1] 0.122

$o250_i.rmse
[1] 0.1652959

$o500_i.ptime
[1] 0.43

$o500_i.time
[1] 0.131

$o500_i.rmse
[1] 0.1189388

$o25_d.ptime
[1] 0.034

$o25_d.time
[1] 0.291

$o25_d.rmse
[1] 0.3221165

$o50_d.ptime
[1] 0.015

$o50_d.time
[1] 0.39

$o50_d.rmse
[1] 0.2460417

$o100_d.ptime
[1] 0.016

$o100_d.time
[1] 0.941

$o100_d.rmse
[1] 0.1737072

$o250_d.ptime
[1] 0.01

$o250_d.time
[1] 3.014

$o250_d.rmse
[1] 0.1005131

$o500_d.ptime
[1] 0.015

$o500_d.time
[1] 11.109

$o500_d.rmse
[1] 0.07543968

$c25_i.ptime
[1] 0.124

$c25_i.time
[1] 0.161

$c25_i.rmse
[1] 0.2825811

$c50_i.ptime
[1] 0.098

$c50_i.time
[1] 0.17

$c50_i.rmse
[1] 0.2330603

$c100_i.ptime
[1] 0.12

$c100_i.time
[1] 0.172

$c100_i.rmse
[1] 0.1796663

$c250_i.ptime
[1] 0.212

$c250_i.time
[1] 0.162

$c250_i.rmse
[1] 0.1458124

$c500_i.ptime
[1] 0.513

$c500_i.time
[1] 0.132

$c500_i.rmse
[1] 0.1135519

$c25_d.ptime
[1] 0.105

$c25_d.time
[1] 0.478

$c25_d.rmse
[1] 0.2215435

$c50_d.ptime
[1] 0.075

$c50_d.time
[1] 0.454

$c50_d.rmse
[1] 0.1803939

$c100_d.ptime
[1] 0.056

$c100_d.time
[1] 1.011

$c100_d.rmse
[1] 0.1317588

$c250_d.ptime
[1] 0.023

$c250_d.time
[1] 3.305

$c250_d.rmse
[1] 0.09121626

$c500_d.ptime
[1] 0.029

$c500_d.time
[1] 11.789

$c500_d.rmse
[1] 0.07341804

$s25.ptime
[1] 0.063

$s25.time
[1] 0.001

$s25.rmse
[1] 0.559495

$s50.ptime
[1] 0.066

$s50.time
[1] 0.002

$s50.rmse
[1] 0.4909755

$s100.ptime
[1] 0.117

$s100.time
[1] 0.005

$s100.rmse
[1] 0.2748143

$s250.ptime
[1] 0.199

$s250.time
[1] 0.008

$s250.rmse
[1] 0.1823073

$s500.ptime
[1] 0.396

$s500.time
[1] 0.02

$s500.rmse
[1] 0.1282574

$s1000.ptime
[1] 1.384

$s1000.time
[1] 0.036

$s1000.rmse
[1] 0.08153309

        seed            p    full.time    full.rmse     l25.time     l25.rmse 
    2151.000       10.000        0.019        0.056        1.484        0.129 
    l50.time     l50.rmse    l100.time    l100.rmse    l250.time    l250.rmse 
       1.776        0.104        3.257        0.084       17.259        0.069 
   l500.time    l500.rmse  o25_i.ptime   o25_i.time   o25_i.rmse  o50_i.ptime 
      98.688        0.063        0.051        0.154        0.436        0.035 
  o50_i.time   o50_i.rmse o100_i.ptime  o100_i.time  o100_i.rmse o250_i.ptime 
       0.126        0.398        0.053        0.120        0.303        0.154 
 o250_i.time  o250_i.rmse o500_i.ptime  o500_i.time  o500_i.rmse  o25_d.ptime 
       0.122        0.165        0.430        0.131        0.119        0.034 
  o25_d.time   o25_d.rmse  o50_d.ptime   o50_d.time   o50_d.rmse o100_d.ptime 
       0.291        0.322        0.015        0.390        0.246        0.016 
 o100_d.time  o100_d.rmse o250_d.ptime  o250_d.time  o250_d.rmse o500_d.ptime 
       0.941        0.174        0.010        3.014        0.101        0.015 
 o500_d.time  o500_d.rmse  c25_i.ptime   c25_i.time   c25_i.rmse  c50_i.ptime 
      11.109        0.075        0.124        0.161        0.283        0.098 
  c50_i.time   c50_i.rmse c100_i.ptime  c100_i.time  c100_i.rmse c250_i.ptime 
       0.170        0.233        0.120        0.172        0.180        0.212 
 c250_i.time  c250_i.rmse c500_i.ptime  c500_i.time  c500_i.rmse  c25_d.ptime 
       0.162        0.146        0.513        0.132        0.114        0.105 
  c25_d.time   c25_d.rmse  c50_d.ptime   c50_d.time   c50_d.rmse c100_d.ptime 
       0.478        0.222        0.075        0.454        0.180        0.056 
 c100_d.time  c100_d.rmse c250_d.ptime  c250_d.time  c250_d.rmse c500_d.ptime 
       1.011        0.132        0.023        3.305        0.091        0.029 
 c500_d.time  c500_d.rmse    s25.ptime     s25.time     s25.rmse    s50.ptime 
      11.789        0.073        0.063        0.001        0.559        0.066 
    s50.time     s50.rmse   s100.ptime    s100.time    s100.rmse   s250.ptime 
       0.002        0.491        0.117        0.005        0.275        0.199 
   s250.time    s250.rmse   s500.ptime    s500.time    s500.rmse  s1000.ptime 
       0.008        0.182        0.396        0.020        0.128        1.384 
  s1000.time   s1000.rmse 
       0.036        0.082 
[1] 0.8979364
$full.time
[1] 0.021

$full.rmse
[1] 0.05319366

$full.time
[1] 0.021

$full.rmse
[1] 0.05319366

$l25.time
[1] 1.344

$l25.rmse
[1] 0.1319386

$l50.time
[1] 1.762

$l50.rmse
[1] 0.1001445

$l100.time
[1] 3.36

$l100.rmse
[1] 0.0811187

$l250.time
[1] 17.174

$l250.rmse
[1] 0.06482286

$l500.time
[1] 100.375

$l500.rmse
[1] 0.05995251

$o25_i.ptime
[1] 0.045

$o25_i.time
[1] 0.147

$o25_i.rmse
[1] 0.4906322

$o50_i.ptime
[1] 0.035

$o50_i.time
[1] 0.127

$o50_i.rmse
[1] 0.3936587

$o100_i.ptime
[1] 0.054

$o100_i.time
[1] 0.12

$o100_i.rmse
[1] 0.2816171

$o250_i.ptime
[1] 0.154

$o250_i.time
[1] 0.178

$o250_i.rmse
[1] 0.1737364

$o500_i.ptime
[1] 0.434

$o500_i.time
[1] 0.13

$o500_i.rmse
[1] 0.1104246

$o25_d.ptime
[1] 0.038

$o25_d.time
[1] 0.284

$o25_d.rmse
[1] 0.337476

$o50_d.ptime
[1] 0.016

$o50_d.time
[1] 0.393

$o50_d.rmse
[1] 0.2425692

$o100_d.ptime
[1] 0.011

$o100_d.time
[1] 0.752

$o100_d.rmse
[1] 0.1791528

$o250_d.ptime
[1] 0.01

$o250_d.time
[1] 2.637

$o250_d.rmse
[1] 0.1046515

$o500_d.ptime
[1] 0.016

$o500_d.time
[1] 10.938

$o500_d.rmse
[1] 0.07635427

$c25_i.ptime
[1] 0.152

$c25_i.time
[1] 0.155

$c25_i.rmse
[1] 0.3064723

$c50_i.ptime
[1] 0.112

$c50_i.time
[1] 0.15

$c50_i.rmse
[1] 0.2486331

$c100_i.ptime
[1] 0.138

$c100_i.time
[1] 0.199

$c100_i.rmse
[1] 0.192667

$c250_i.ptime
[1] 0.219

$c250_i.time
[1] 0.183

$c250_i.rmse
[1] 0.1237726

$c500_i.ptime
[1] 0.508

$c500_i.time
[1] 0.139

$c500_i.rmse
[1] 0.09359583

$c25_d.ptime
[1] 0.14

$c25_d.time
[1] 0.537

$c25_d.rmse
[1] 0.2262243

$c50_d.ptime
[1] 0.069

$c50_d.time
[1] 0.524

$c50_d.rmse
[1] 0.1609913

$c100_d.ptime
[1] 0.049

$c100_d.time
[1] 1.067

$c100_d.rmse
[1] 0.1323402

$c250_d.ptime
[1] 0.033

$c250_d.time
[1] 3.426

$c250_d.rmse
[1] 0.09050022

$c500_d.ptime
[1] 0.018

$c500_d.time
[1] 11.493

$c500_d.rmse
[1] 0.06852514

$s25.ptime
[1] 0.052

$s25.time
[1] 0

$s25.rmse
[1] 0.5228831

$s50.ptime
[1] 0.063

$s50.time
[1] 0.002

$s50.rmse
[1] 0.402497

$s100.ptime
[1] 0.105

$s100.time
[1] 0.004

$s100.rmse
[1] 0.2885738

$s250.ptime
[1] 0.224

$s250.time
[1] 0.01

$s250.rmse
[1] 0.1683197

$s500.ptime
[1] 0.403

$s500.time
[1] 0.02

$s500.rmse
[1] 0.1199562

$s1000.ptime
[1] 1.437

$s1000.time
[1] 0.041

$s1000.rmse
[1] 0.07670093

        seed            p    full.time    full.rmse     l25.time     l25.rmse 
    2152.000       10.000        0.021        0.053        1.344        0.132 
    l50.time     l50.rmse    l100.time    l100.rmse    l250.time    l250.rmse 
       1.762        0.100        3.360        0.081       17.174        0.065 
   l500.time    l500.rmse  o25_i.ptime   o25_i.time   o25_i.rmse  o50_i.ptime 
     100.375        0.060        0.045        0.147        0.491        0.035 
  o50_i.time   o50_i.rmse o100_i.ptime  o100_i.time  o100_i.rmse o250_i.ptime 
       0.127        0.394        0.054        0.120        0.282        0.154 
 o250_i.time  o250_i.rmse o500_i.ptime  o500_i.time  o500_i.rmse  o25_d.ptime 
       0.178        0.174        0.434        0.130        0.110        0.038 
  o25_d.time   o25_d.rmse  o50_d.ptime   o50_d.time   o50_d.rmse o100_d.ptime 
       0.284        0.337        0.016        0.393        0.243        0.011 
 o100_d.time  o100_d.rmse o250_d.ptime  o250_d.time  o250_d.rmse o500_d.ptime 
       0.752        0.179        0.010        2.637        0.105        0.016 
 o500_d.time  o500_d.rmse  c25_i.ptime   c25_i.time   c25_i.rmse  c50_i.ptime 
      10.938        0.076        0.152        0.155        0.306        0.112 
  c50_i.time   c50_i.rmse c100_i.ptime  c100_i.time  c100_i.rmse c250_i.ptime 
       0.150        0.249        0.138        0.199        0.193        0.219 
 c250_i.time  c250_i.rmse c500_i.ptime  c500_i.time  c500_i.rmse  c25_d.ptime 
       0.183        0.124        0.508        0.139        0.094        0.140 
  c25_d.time   c25_d.rmse  c50_d.ptime   c50_d.time   c50_d.rmse c100_d.ptime 
       0.537        0.226        0.069        0.524        0.161        0.049 
 c100_d.time  c100_d.rmse c250_d.ptime  c250_d.time  c250_d.rmse c500_d.ptime 
       1.067        0.132        0.033        3.426        0.091        0.018 
 c500_d.time  c500_d.rmse    s25.ptime     s25.time     s25.rmse    s50.ptime 
      11.493        0.069        0.052        0.000        0.523        0.063 
    s50.time     s50.rmse   s100.ptime    s100.time    s100.rmse   s250.ptime 
       0.002        0.402        0.105        0.004        0.289        0.224 
   s250.time    s250.rmse   s500.ptime    s500.time    s500.rmse  s1000.ptime 
       0.010        0.168        0.403        0.020        0.120        1.437 
  s1000.time   s1000.rmse 
       0.041        0.077 
[1] 1.033398
$full.time
[1] 0.022

$full.rmse
[1] 0.05279103

$full.time
[1] 0.022

$full.rmse
[1] 0.05279103

$l25.time
[1] 1.506

$l25.rmse
[1] 0.1328354

$l50.time
[1] 1.697

$l50.rmse
[1] 0.09973102

$l100.time
[1] 3.308

$l100.rmse
[1] 0.07953548

$l250.time
[1] 17.816

$l250.rmse
[1] 0.06589361

$l500.time
[1] 96.769

$l500.rmse
[1] 0.06026251

$o25_i.ptime
[1] 0.049

$o25_i.time
[1] 0.147

$o25_i.rmse
[1] 0.483374

$o50_i.ptime
[1] 0.035

$o50_i.time
[1] 0.12

$o50_i.rmse
[1] 0.3805281

$o100_i.ptime
[1] 0.054

$o100_i.time
[1] 0.113

$o100_i.rmse
[1] 0.3054784

$o250_i.ptime
[1] 0.15

$o250_i.time
[1] 0.114

$o250_i.rmse
[1] 0.1895078

$o500_i.ptime
[1] 0.431

$o500_i.time
[1] 0.122

$o500_i.rmse
[1] 0.1234987

$o25_d.ptime
[1] 0.033

$o25_d.time
[1] 0.282

$o25_d.rmse
[1] 0.3427303

$o50_d.ptime
[1] 0.015

$o50_d.time
[1] 0.418

$o50_d.rmse
[1] 0.2716494

$o100_d.ptime
[1] 0.01

$o100_d.time
[1] 0.721

$o100_d.rmse
[1] 0.164314

$o250_d.ptime
[1] 0.011

$o250_d.time
[1] 2.64

$o250_d.rmse
[1] 0.1062273

$o500_d.ptime
[1] 0.014

$o500_d.time
[1] 11.727

$o500_d.rmse
[1] 0.07296777

$c25_i.ptime
[1] 0.16

$c25_i.time
[1] 0.181

$c25_i.rmse
[1] 0.2894025

$c50_i.ptime
[1] 0.096

$c50_i.time
[1] 0.133

$c50_i.rmse
[1] 0.2502071

$c100_i.ptime
[1] 0.116

$c100_i.time
[1] 0.174

$c100_i.rmse
[1] 0.183557

$c250_i.ptime
[1] 0.207

$c250_i.time
[1] 0.164

$c250_i.rmse
[1] 0.1341533

$c500_i.ptime
[1] 0.517

$c500_i.time
[1] 0.131

$c500_i.rmse
[1] 0.1113483

$c25_d.ptime
[1] 0.12

$c25_d.time
[1] 0.433

$c25_d.rmse
[1] 0.2211911

$c50_d.ptime
[1] 0.118

$c50_d.time
[1] 0.649

$c50_d.rmse
[1] 0.1787515

$c100_d.ptime
[1] 0.048

$c100_d.time
[1] 0.908

$c100_d.rmse
[1] 0.1386146

$c250_d.ptime
[1] 0.051

$c250_d.time
[1] 3.484

$c250_d.rmse
[1] 0.08874991

$c500_d.ptime
[1] 0.04

$c500_d.time
[1] 12.59

$c500_d.rmse
[1] 0.06609315

$s25.ptime
[1] 0.074

$s25.time
[1] 0.001

$s25.rmse
[1] 0.6993532

$s50.ptime
[1] 0.091

$s50.time
[1] 0.002

$s50.rmse
[1] 0.4090629

$s100.ptime
[1] 0.095

$s100.time
[1] 0.005

$s100.rmse
[1] 0.3375569

$s250.ptime
[1] 0.202

$s250.time
[1] 0.008

$s250.rmse
[1] 0.1683287

$s500.ptime
[1] 0.388

$s500.time
[1] 0.021

$s500.rmse
[1] 0.1178649

$s1000.ptime
[1] 1.351

$s1000.time
[1] 0.034

$s1000.rmse
[1] 0.07905811

        seed            p    full.time    full.rmse     l25.time     l25.rmse 
    2153.000       10.000        0.022        0.053        1.506        0.133 
    l50.time     l50.rmse    l100.time    l100.rmse    l250.time    l250.rmse 
       1.697        0.100        3.308        0.080       17.816        0.066 
   l500.time    l500.rmse  o25_i.ptime   o25_i.time   o25_i.rmse  o50_i.ptime 
      96.769        0.060        0.049        0.147        0.483        0.035 
  o50_i.time   o50_i.rmse o100_i.ptime  o100_i.time  o100_i.rmse o250_i.ptime 
       0.120        0.381        0.054        0.113        0.305        0.150 
 o250_i.time  o250_i.rmse o500_i.ptime  o500_i.time  o500_i.rmse  o25_d.ptime 
       0.114        0.190        0.431        0.122        0.123        0.033 
  o25_d.time   o25_d.rmse  o50_d.ptime   o50_d.time   o50_d.rmse o100_d.ptime 
       0.282        0.343        0.015        0.418        0.272        0.010 
 o100_d.time  o100_d.rmse o250_d.ptime  o250_d.time  o250_d.rmse o500_d.ptime 
       0.721        0.164        0.011        2.640        0.106        0.014 
 o500_d.time  o500_d.rmse  c25_i.ptime   c25_i.time   c25_i.rmse  c50_i.ptime 
      11.727        0.073        0.160        0.181        0.289        0.096 
  c50_i.time   c50_i.rmse c100_i.ptime  c100_i.time  c100_i.rmse c250_i.ptime 
       0.133        0.250        0.116        0.174        0.184        0.207 
 c250_i.time  c250_i.rmse c500_i.ptime  c500_i.time  c500_i.rmse  c25_d.ptime 
       0.164        0.134        0.517        0.131        0.111        0.120 
  c25_d.time   c25_d.rmse  c50_d.ptime   c50_d.time   c50_d.rmse c100_d.ptime 
       0.433        0.221        0.118        0.649        0.179        0.048 
 c100_d.time  c100_d.rmse c250_d.ptime  c250_d.time  c250_d.rmse c500_d.ptime 
       0.908        0.139        0.051        3.484        0.089        0.040 
 c500_d.time  c500_d.rmse    s25.ptime     s25.time     s25.rmse    s50.ptime 
      12.590        0.066        0.074        0.001        0.699        0.091 
    s50.time     s50.rmse   s100.ptime    s100.time    s100.rmse   s250.ptime 
       0.002        0.409        0.095        0.005        0.338        0.202 
   s250.time    s250.rmse   s500.ptime    s500.time    s500.rmse  s1000.ptime 
       0.008        0.168        0.388        0.021        0.118        1.351 
  s1000.time   s1000.rmse 
       0.034        0.079 
  seed  p full.time  full.rmse l25.time  l25.rmse l50.time   l50.rmse l100.time
1 2149 10     0.030 0.05278450    2.011 0.1237643    2.224 0.09701950     4.599
2 2150 10     0.047 0.05546319    1.410 0.1313168    1.735 0.10436061     3.131
3 2151 10     0.019 0.05594812    1.484 0.1293051    1.776 0.10367738     3.257
4 2152 10     0.021 0.05319366    1.344 0.1319386    1.762 0.10014452     3.360
5 2153 10     0.022 0.05279103    1.506 0.1328354    1.697 0.09973102     3.308
   l100.rmse l250.time  l250.rmse l500.time  l500.rmse o25_i.ptime o25_i.time
1 0.07731866    17.858 0.06118740   101.064 0.05714528       0.049      0.146
2 0.07896498    16.986 0.06517325    98.536 0.06104525       0.048      0.149
3 0.08384909    17.259 0.06918254    98.688 0.06270248       0.051      0.154
4 0.08111870    17.174 0.06482286   100.375 0.05995251       0.045      0.147
5 0.07953548    17.816 0.06589361    96.769 0.06026251       0.049      0.147
  o25_i.rmse o50_i.ptime o50_i.time o50_i.rmse o100_i.ptime o100_i.time
1  0.4430856       0.035      0.121  0.3497021        0.053       0.115
2  0.4436993       0.034      0.118  0.3710634        0.053       0.113
3  0.4356199       0.035      0.126  0.3980202        0.053       0.120
4  0.4906322       0.035      0.127  0.3936587        0.054       0.120
5  0.4833740       0.035      0.120  0.3805281        0.054       0.113
  o100_i.rmse o250_i.ptime o250_i.time o250_i.rmse o500_i.ptime o500_i.time
1   0.2569617        0.153       0.116   0.1698111        0.428       0.117
2   0.2692198        0.153       0.113   0.1709072        0.433       0.171
3   0.3025292        0.154       0.122   0.1652959        0.430       0.131
4   0.2816171        0.154       0.178   0.1737364        0.434       0.130
5   0.3054784        0.150       0.114   0.1895078        0.431       0.122
  o500_i.rmse o25_d.ptime o25_d.time o25_d.rmse o50_d.ptime o50_d.time
1   0.1172836       0.037      0.291  0.3149680       0.018      0.382
2   0.1190956       0.033      0.319  0.2928757       0.019      0.381
3   0.1189388       0.034      0.291  0.3221165       0.015      0.390
4   0.1104246       0.038      0.284  0.3374760       0.016      0.393
5   0.1234987       0.033      0.282  0.3427303       0.015      0.418
  o50_d.rmse o100_d.ptime o100_d.time o100_d.rmse o250_d.ptime o250_d.time
1  0.2402687        0.010       0.767   0.1679503        0.011       2.651
2  0.2348237        0.010       0.747   0.1568822        0.010       2.826
3  0.2460417        0.016       0.941   0.1737072        0.010       3.014
4  0.2425692        0.011       0.752   0.1791528        0.010       2.637
5  0.2716494        0.010       0.721   0.1643140        0.011       2.640
  o250_d.rmse o500_d.ptime o500_d.time o500_d.rmse c25_i.ptime c25_i.time
1   0.1050846        0.015      11.424  0.07433310       0.162      0.230
2   0.1118472        0.014      12.798  0.07670638       0.147      0.239
3   0.1005131        0.015      11.109  0.07543968       0.124      0.161
4   0.1046515        0.016      10.938  0.07635427       0.152      0.155
5   0.1062273        0.014      11.727  0.07296777       0.160      0.181
  c25_i.rmse c50_i.ptime c50_i.time c50_i.rmse c100_i.ptime c100_i.time
1  0.2983069       0.126      0.174  0.2228481        0.124       0.172
2  0.3081909       0.147      0.184  0.2382565        0.109       0.175
3  0.2825811       0.098      0.170  0.2330603        0.120       0.172
4  0.3064723       0.112      0.150  0.2486331        0.138       0.199
5  0.2894025       0.096      0.133  0.2502071        0.116       0.174
  c100_i.rmse c250_i.ptime c250_i.time c250_i.rmse c500_i.ptime c500_i.time
1   0.1679179        0.231       0.151   0.1218761        0.456       0.147
2   0.1721914        0.234       0.174   0.1463352        0.494       0.193
3   0.1796663        0.212       0.162   0.1458124        0.513       0.132
4   0.1926670        0.219       0.183   0.1237726        0.508       0.139
5   0.1835570        0.207       0.164   0.1341533        0.517       0.131
  c500_i.rmse c25_d.ptime c25_d.time c25_d.rmse c50_d.ptime c50_d.time
1  0.11990057       0.135      0.490  0.1995237       0.067      0.583
2  0.09138639       0.128      0.395  0.2162668       0.094      0.538
3  0.11355195       0.105      0.478  0.2215435       0.075      0.454
4  0.09359583       0.140      0.537  0.2262243       0.069      0.524
5  0.11134829       0.120      0.433  0.2211911       0.118      0.649
  c50_d.rmse c100_d.ptime c100_d.time c100_d.rmse c250_d.ptime c250_d.time
1  0.1624202        0.065       0.941   0.1232975        0.042       3.348
2  0.1819763        0.078       0.967   0.1325579        0.033       3.341
3  0.1803939        0.056       1.011   0.1317588        0.023       3.305
4  0.1609913        0.049       1.067   0.1323402        0.033       3.426
5  0.1787515        0.048       0.908   0.1386146        0.051       3.484
  c250_d.rmse c500_d.ptime c500_d.time c500_d.rmse s25.ptime s25.time  s25.rmse
1  0.08533818        0.034      12.387  0.06826280     0.048    0.001 0.6140770
2  0.09146944        0.019      11.233  0.07742185     0.064    0.000 0.6073321
3  0.09121626        0.029      11.789  0.07341804     0.063    0.001 0.5594950
4  0.09050022        0.018      11.493  0.06852514     0.052    0.000 0.5228831
5  0.08874991        0.040      12.590  0.06609315     0.074    0.001 0.6993532
  s50.ptime s50.time  s50.rmse s100.ptime s100.time s100.rmse s250.ptime
1     0.056    0.002 0.4399280      0.125     0.003 0.3397264      0.212
2     0.077    0.002 0.4251434      0.097     0.004 0.2582268      0.218
3     0.066    0.002 0.4909755      0.117     0.005 0.2748143      0.199
4     0.063    0.002 0.4024970      0.105     0.004 0.2885738      0.224
5     0.091    0.002 0.4090629      0.095     0.005 0.3375569      0.202
  s250.time s250.rmse s500.ptime s500.time s500.rmse s1000.ptime s1000.time
1     0.007 0.1927042      0.416     0.019 0.1147937       1.247      0.041
2     0.012 0.1775390      0.440     0.023 0.1190263       1.482      0.038
3     0.008 0.1823073      0.396     0.020 0.1282574       1.384      0.036
4     0.010 0.1683197      0.403     0.020 0.1199562       1.437      0.041
5     0.008 0.1683287      0.388     0.021 0.1178649       1.351      0.034
  s1000.rmse
1 0.08232814
2 0.08136260
3 0.08153309
4 0.07670093
5 0.07905811
> 
> proc.time()
   user  system elapsed 
848.321   6.630 869.042 
