
R version 3.0.3 (2014-03-06) -- "Warm Puppy"
Copyright (C) 2014 The R Foundation for Statistical Computing
Platform: x86_64-unknown-linux-gnu (64-bit)

R is free software and comes with ABSOLUTELY NO WARRANTY.
You are welcome to redistribute it under certain conditions.
Type 'license()' or 'licence()' for distribution details.

  Natural language support but running in an English locale

R is a collaborative project with many contributors.
Type 'contributors()' for more information and
'citation()' on how to cite R or R packages in publications.

Type 'demo()' for some demos, 'help()' for on-line help, or
'help.start()' for an HTML browser interface to help.
Type 'q()' to quit R.

> print(.libPaths())
[1] "/usr/local/r-3.0.3/lib64/R/library"
> .libPaths("/mnt/home/rjparker/Rlib")
> print(.libPaths())
[1] "/mnt/home/rjparker/Rlib"            "/usr/local/r-3.0.3/lib64/R/library"
> setwd("/mnt/home/rjparker/git/block_int")
> 
> which_exp <- 2
> which_part <- 7
> source("R/sim_nblocks_pred.R")
Loading required package: spam
Loading required package: grid
Spam version 0.41-0 (2014-02-26) is loaded.
Type 'help( Spam)' or 'demo( spam)' for a short introduction 
and overview of this package.
Help for individual functions is also obtained by adding the
suffix '.spam' to the function name, e.g. 'help( chol.spam)'.

Attaching package: ‘spam’

The following objects are masked from ‘package:base’:

    backsolve, forwardsolve

Loading required package: maps
  pred  p b tau Nper_p Npred Fzero sigma2
2 TRUE 10 4  10   2500  1000     0      1
[1] 0.7751314
$full.time
[1] 0.02

$full.rmse
[1] 0.05615438

$full.time
[1] 0.02

$full.rmse
[1] 0.05615438

$l25.time
[1] 1.183

$l25.rmse
[1] 0.1365751

$l50.time
[1] 1.357

$l50.rmse
[1] 0.1040835

$l100.time
[1] 2.825

$l100.rmse
[1] 0.08086383

$l250.time
[1] 16.519

$l250.rmse
[1] 0.06868728

$l500.time
[1] 90.047

$l500.rmse
[1] 0.06179608

$o25_i.ptime
[1] 0.046

$o25_i.time
[1] 0.135

$o25_i.rmse
[1] 0.4193612

$o50_i.ptime
[1] 0.033

$o50_i.time
[1] 0.112

$o50_i.rmse
[1] 0.3538219

$o100_i.ptime
[1] 0.051

$o100_i.time
[1] 0.107

$o100_i.rmse
[1] 0.2678163

$o250_i.ptime
[1] 0.147

$o250_i.time
[1] 0.11

$o250_i.rmse
[1] 0.178463

$o500_i.ptime
[1] 0.403

$o500_i.time
[1] 0.115

$o500_i.rmse
[1] 0.1315662

$o25_d.ptime
[1] 0.034

$o25_d.time
[1] 0.275

$o25_d.rmse
[1] 0.2968135

$o50_d.ptime
[1] 0.014

$o50_d.time
[1] 0.37

$o50_d.rmse
[1] 0.2399492

$o100_d.ptime
[1] 0.01

$o100_d.time
[1] 0.691

$o100_d.rmse
[1] 0.1802974

$o250_d.ptime
[1] 0.009

$o250_d.time
[1] 2.55

$o250_d.rmse
[1] 0.1131985

$o500_d.ptime
[1] 0.014

$o500_d.time
[1] 8.724

$o500_d.rmse
[1] 0.08325561

$c25_i.ptime
[1] 0.109

$c25_i.time
[1] 0.139

$c25_i.rmse
[1] 0.2806277

$c50_i.ptime
[1] 0.1

$c50_i.time
[1] 0.124

$c50_i.rmse
[1] 0.2459923

$c100_i.ptime
[1] 0.087

$c100_i.time
[1] 0.118

$c100_i.rmse
[1] 0.186766

$c250_i.ptime
[1] 0.173

$c250_i.time
[1] 0.12

$c250_i.rmse
[1] 0.1336747

$c500_i.ptime
[1] 0.422

$c500_i.time
[1] 0.128

$c500_i.rmse
[1] 0.09782231

$c25_d.ptime
[1] 0.133

$c25_d.time
[1] 0.325

$c25_d.rmse
[1] 0.2331148

$c50_d.ptime
[1] 0.064

$c50_d.time
[1] 0.416

$c50_d.rmse
[1] 0.1699265

$c100_d.ptime
[1] 0.052

$c100_d.time
[1] 0.77

$c100_d.rmse
[1] 0.135952

$c250_d.ptime
[1] 0.032

$c250_d.time
[1] 2.566

$c250_d.rmse
[1] 0.1002882

$c500_d.ptime
[1] 0.021

$c500_d.time
[1] 8.728

$c500_d.rmse
[1] 0.07312731

$s25.ptime
[1] 0.043

$s25.time
[1] 0.001

$s25.rmse
[1] 0.4747939

$s50.ptime
[1] 0.067

$s50.time
[1] 0.001

$s50.rmse
[1] 0.3870319

$s100.ptime
[1] 0.091

$s100.time
[1] 0.003

$s100.rmse
[1] 0.323323

$s250.ptime
[1] 0.174

$s250.time
[1] 0.008

$s250.rmse
[1] 0.1920765

$s500.ptime
[1] 0.337

$s500.time
[1] 0.016

$s500.rmse
[1] 0.1249452

$s1000.ptime
[1] 1.012

$s1000.time
[1] 0.031

$s1000.rmse
[1] 0.08290431

        seed            p    full.time    full.rmse     l25.time     l25.rmse 
    2114.000       10.000        0.020        0.056        1.183        0.137 
    l50.time     l50.rmse    l100.time    l100.rmse    l250.time    l250.rmse 
       1.357        0.104        2.825        0.081       16.519        0.069 
   l500.time    l500.rmse  o25_i.ptime   o25_i.time   o25_i.rmse  o50_i.ptime 
      90.047        0.062        0.046        0.135        0.419        0.033 
  o50_i.time   o50_i.rmse o100_i.ptime  o100_i.time  o100_i.rmse o250_i.ptime 
       0.112        0.354        0.051        0.107        0.268        0.147 
 o250_i.time  o250_i.rmse o500_i.ptime  o500_i.time  o500_i.rmse  o25_d.ptime 
       0.110        0.178        0.403        0.115        0.132        0.034 
  o25_d.time   o25_d.rmse  o50_d.ptime   o50_d.time   o50_d.rmse o100_d.ptime 
       0.275        0.297        0.014        0.370        0.240        0.010 
 o100_d.time  o100_d.rmse o250_d.ptime  o250_d.time  o250_d.rmse o500_d.ptime 
       0.691        0.180        0.009        2.550        0.113        0.014 
 o500_d.time  o500_d.rmse  c25_i.ptime   c25_i.time   c25_i.rmse  c50_i.ptime 
       8.724        0.083        0.109        0.139        0.281        0.100 
  c50_i.time   c50_i.rmse c100_i.ptime  c100_i.time  c100_i.rmse c250_i.ptime 
       0.124        0.246        0.087        0.118        0.187        0.173 
 c250_i.time  c250_i.rmse c500_i.ptime  c500_i.time  c500_i.rmse  c25_d.ptime 
       0.120        0.134        0.422        0.128        0.098        0.133 
  c25_d.time   c25_d.rmse  c50_d.ptime   c50_d.time   c50_d.rmse c100_d.ptime 
       0.325        0.233        0.064        0.416        0.170        0.052 
 c100_d.time  c100_d.rmse c250_d.ptime  c250_d.time  c250_d.rmse c500_d.ptime 
       0.770        0.136        0.032        2.566        0.100        0.021 
 c500_d.time  c500_d.rmse    s25.ptime     s25.time     s25.rmse    s50.ptime 
       8.728        0.073        0.043        0.001        0.475        0.067 
    s50.time     s50.rmse   s100.ptime    s100.time    s100.rmse   s250.ptime 
       0.001        0.387        0.091        0.003        0.323        0.174 
   s250.time    s250.rmse   s500.ptime    s500.time    s500.rmse  s1000.ptime 
       0.008        0.192        0.337        0.016        0.125        1.012 
  s1000.time   s1000.rmse 
       0.031        0.083 
[1] 0.6058689
$full.time
[1] 0.02

$full.rmse
[1] 0.05676232

$full.time
[1] 0.02

$full.rmse
[1] 0.05676232

$l25.time
[1] 1.06

$l25.rmse
[1] 0.132969

$l50.time
[1] 1.347

$l50.rmse
[1] 0.105919

$l100.time
[1] 2.721

$l100.rmse
[1] 0.0870276

$l250.time
[1] 16.181

$l250.rmse
[1] 0.06956704

$l500.time
[1] 90.196

$l500.rmse
[1] 0.06350893

$o25_i.ptime
[1] 0.045

$o25_i.time
[1] 0.134

$o25_i.rmse
[1] 0.387296

$o50_i.ptime
[1] 0.034

$o50_i.time
[1] 0.111

$o50_i.rmse
[1] 0.3339007

$o100_i.ptime
[1] 0.051

$o100_i.time
[1] 0.107

$o100_i.rmse
[1] 0.267747

$o250_i.ptime
[1] 0.148

$o250_i.time
[1] 0.111

$o250_i.rmse
[1] 0.185494

$o500_i.ptime
[1] 0.412

$o500_i.time
[1] 0.156

$o500_i.rmse
[1] 0.1301615

$o25_d.ptime
[1] 0.031

$o25_d.time
[1] 0.296

$o25_d.rmse
[1] 0.2963725

$o50_d.ptime
[1] 0.018

$o50_d.time
[1] 0.415

$o50_d.rmse
[1] 0.2385289

$o100_d.ptime
[1] 0.01

$o100_d.time
[1] 0.71

$o100_d.rmse
[1] 0.1751015

$o250_d.ptime
[1] 0.01

$o250_d.time
[1] 2.694

$o250_d.rmse
[1] 0.1097013

$o500_d.ptime
[1] 0.014

$o500_d.time
[1] 9.825

$o500_d.rmse
[1] 0.07619669

$c25_i.ptime
[1] 0.111

$c25_i.time
[1] 0.144

$c25_i.rmse
[1] 0.2608801

$c50_i.ptime
[1] 0.084

$c50_i.time
[1] 0.127

$c50_i.rmse
[1] 0.2318335

$c100_i.ptime
[1] 0.088

$c100_i.time
[1] 0.125

$c100_i.rmse
[1] 0.1904933

$c250_i.ptime
[1] 0.166

$c250_i.time
[1] 0.134

$c250_i.rmse
[1] 0.1346178

$c500_i.ptime
[1] 0.419

$c500_i.time
[1] 0.131

$c500_i.rmse
[1] 0.1053978

$c25_d.ptime
[1] 0.099

$c25_d.time
[1] 0.33

$c25_d.rmse
[1] 0.2009212

$c50_d.ptime
[1] 0.054

$c50_d.time
[1] 0.417

$c50_d.rmse
[1] 0.1679176

$c100_d.ptime
[1] 0.054

$c100_d.time
[1] 0.773

$c100_d.rmse
[1] 0.1401754

$c250_d.ptime
[1] 0.035

$c250_d.time
[1] 2.63

$c250_d.rmse
[1] 0.1016413

$c500_d.ptime
[1] 0.028

$c500_d.time
[1] 9.374

$c500_d.rmse
[1] 0.07556408

$s25.ptime
[1] 0.041

$s25.time
[1] 0.001

$s25.rmse
[1] 0.4684619

$s50.ptime
[1] 0.059

$s50.time
[1] 0.002

$s50.rmse
[1] 0.3742633

$s100.ptime
[1] 0.099

$s100.time
[1] 0.003

$s100.rmse
[1] 0.3084435

$s250.ptime
[1] 0.17

$s250.time
[1] 0.007

$s250.rmse
[1] 0.2003989

$s500.ptime
[1] 0.348

$s500.time
[1] 0.015

$s500.rmse
[1] 0.125384

$s1000.ptime
[1] 1.013

$s1000.time
[1] 0.03

$s1000.rmse
[1] 0.08313737

        seed            p    full.time    full.rmse     l25.time     l25.rmse 
    2115.000       10.000        0.020        0.057        1.060        0.133 
    l50.time     l50.rmse    l100.time    l100.rmse    l250.time    l250.rmse 
       1.347        0.106        2.721        0.087       16.181        0.070 
   l500.time    l500.rmse  o25_i.ptime   o25_i.time   o25_i.rmse  o50_i.ptime 
      90.196        0.064        0.045        0.134        0.387        0.034 
  o50_i.time   o50_i.rmse o100_i.ptime  o100_i.time  o100_i.rmse o250_i.ptime 
       0.111        0.334        0.051        0.107        0.268        0.148 
 o250_i.time  o250_i.rmse o500_i.ptime  o500_i.time  o500_i.rmse  o25_d.ptime 
       0.111        0.185        0.412        0.156        0.130        0.031 
  o25_d.time   o25_d.rmse  o50_d.ptime   o50_d.time   o50_d.rmse o100_d.ptime 
       0.296        0.296        0.018        0.415        0.239        0.010 
 o100_d.time  o100_d.rmse o250_d.ptime  o250_d.time  o250_d.rmse o500_d.ptime 
       0.710        0.175        0.010        2.694        0.110        0.014 
 o500_d.time  o500_d.rmse  c25_i.ptime   c25_i.time   c25_i.rmse  c50_i.ptime 
       9.825        0.076        0.111        0.144        0.261        0.084 
  c50_i.time   c50_i.rmse c100_i.ptime  c100_i.time  c100_i.rmse c250_i.ptime 
       0.127        0.232        0.088        0.125        0.190        0.166 
 c250_i.time  c250_i.rmse c500_i.ptime  c500_i.time  c500_i.rmse  c25_d.ptime 
       0.134        0.135        0.419        0.131        0.105        0.099 
  c25_d.time   c25_d.rmse  c50_d.ptime   c50_d.time   c50_d.rmse c100_d.ptime 
       0.330        0.201        0.054        0.417        0.168        0.054 
 c100_d.time  c100_d.rmse c250_d.ptime  c250_d.time  c250_d.rmse c500_d.ptime 
       0.773        0.140        0.035        2.630        0.102        0.028 
 c500_d.time  c500_d.rmse    s25.ptime     s25.time     s25.rmse    s50.ptime 
       9.374        0.076        0.041        0.001        0.468        0.059 
    s50.time     s50.rmse   s100.ptime    s100.time    s100.rmse   s250.ptime 
       0.002        0.374        0.099        0.003        0.308        0.170 
   s250.time    s250.rmse   s500.ptime    s500.time    s500.rmse  s1000.ptime 
       0.007        0.200        0.348        0.015        0.125        1.013 
  s1000.time   s1000.rmse 
       0.030        0.083 
[1] 0.8020335
$full.time
[1] 0.019

$full.rmse
[1] 0.05509134

$full.time
[1] 0.019

$full.rmse
[1] 0.05509134

$l25.time
[1] 1.034

$l25.rmse
[1] 0.1423836

$l50.time
[1] 1.334

$l50.rmse
[1] 0.1074943

$l100.time
[1] 2.725

$l100.rmse
[1] 0.08456303

$l250.time
[1] 16.308

$l250.rmse
[1] 0.07098685

$l500.time
[1] 89.646

$l500.rmse
[1] 0.06204333

$o25_i.ptime
[1] 0.043

$o25_i.time
[1] 0.14

$o25_i.rmse
[1] 0.5000941

$o50_i.ptime
[1] 0.034

$o50_i.time
[1] 0.12

$o50_i.rmse
[1] 0.3893585

$o100_i.ptime
[1] 0.05

$o100_i.time
[1] 0.115

$o100_i.rmse
[1] 0.2820518

$o250_i.ptime
[1] 0.142

$o250_i.time
[1] 0.115

$o250_i.rmse
[1] 0.1814048

$o500_i.ptime
[1] 0.397

$o500_i.time
[1] 0.123

$o500_i.rmse
[1] 0.1253485

$o25_d.ptime
[1] 0.035

$o25_d.time
[1] 0.278

$o25_d.rmse
[1] 0.3530147

$o50_d.ptime
[1] 0.019

$o50_d.time
[1] 0.377

$o50_d.rmse
[1] 0.2576595

$o100_d.ptime
[1] 0.01

$o100_d.time
[1] 0.84

$o100_d.rmse
[1] 0.1941259

$o250_d.ptime
[1] 0.121

$o250_d.time
[1] 2.476

$o250_d.rmse
[1] 0.1062209

$o500_d.ptime
[1] 0.014

$o500_d.time
[1] 9.224

$o500_d.rmse
[1] 0.07869014

$c25_i.ptime
[1] 0.145

$c25_i.time
[1] 0.146

$c25_i.rmse
[1] 0.2880565

$c50_i.ptime
[1] 0.081

$c50_i.time
[1] 0.126

$c50_i.rmse
[1] 0.2480508

$c100_i.ptime
[1] 0.081

$c100_i.time
[1] 0.118

$c100_i.rmse
[1] 0.1817559

$c250_i.ptime
[1] 0.181

$c250_i.time
[1] 0.119

$c250_i.rmse
[1] 0.1353117

$c500_i.ptime
[1] 0.426

$c500_i.time
[1] 0.128

$c500_i.rmse
[1] 0.1021629

$c25_d.ptime
[1] 0.114

$c25_d.time
[1] 0.324

$c25_d.rmse
[1] 0.2257825

$c50_d.ptime
[1] 0.074

$c50_d.time
[1] 0.413

$c50_d.rmse
[1] 0.1734307

$c100_d.ptime
[1] 0.046

$c100_d.time
[1] 0.756

$c100_d.rmse
[1] 0.1266268

$c250_d.ptime
[1] 0.038

$c250_d.time
[1] 2.509

$c250_d.rmse
[1] 0.09301757

$c500_d.ptime
[1] 0.026

$c500_d.time
[1] 9.219

$c500_d.rmse
[1] 0.06753098

$s25.ptime
[1] 0.05

$s25.time
[1] 0.001

$s25.rmse
[1] 0.5838218

$s50.ptime
[1] 0.086

$s50.time
[1] 0.001

$s50.rmse
[1] 0.4003493

$s100.ptime
[1] 0.1

$s100.time
[1] 0.003

$s100.rmse
[1] 0.3068536

$s250.ptime
[1] 0.201

$s250.time
[1] 0.008

$s250.rmse
[1] 0.1813842

$s500.ptime
[1] 0.34

$s500.time
[1] 0.018

$s500.rmse
[1] 0.1343789

$s1000.ptime
[1] 1.025

$s1000.time
[1] 0.034

$s1000.rmse
[1] 0.08808741

        seed            p    full.time    full.rmse     l25.time     l25.rmse 
    2116.000       10.000        0.019        0.055        1.034        0.142 
    l50.time     l50.rmse    l100.time    l100.rmse    l250.time    l250.rmse 
       1.334        0.107        2.725        0.085       16.308        0.071 
   l500.time    l500.rmse  o25_i.ptime   o25_i.time   o25_i.rmse  o50_i.ptime 
      89.646        0.062        0.043        0.140        0.500        0.034 
  o50_i.time   o50_i.rmse o100_i.ptime  o100_i.time  o100_i.rmse o250_i.ptime 
       0.120        0.389        0.050        0.115        0.282        0.142 
 o250_i.time  o250_i.rmse o500_i.ptime  o500_i.time  o500_i.rmse  o25_d.ptime 
       0.115        0.181        0.397        0.123        0.125        0.035 
  o25_d.time   o25_d.rmse  o50_d.ptime   o50_d.time   o50_d.rmse o100_d.ptime 
       0.278        0.353        0.019        0.377        0.258        0.010 
 o100_d.time  o100_d.rmse o250_d.ptime  o250_d.time  o250_d.rmse o500_d.ptime 
       0.840        0.194        0.121        2.476        0.106        0.014 
 o500_d.time  o500_d.rmse  c25_i.ptime   c25_i.time   c25_i.rmse  c50_i.ptime 
       9.224        0.079        0.145        0.146        0.288        0.081 
  c50_i.time   c50_i.rmse c100_i.ptime  c100_i.time  c100_i.rmse c250_i.ptime 
       0.126        0.248        0.081        0.118        0.182        0.181 
 c250_i.time  c250_i.rmse c500_i.ptime  c500_i.time  c500_i.rmse  c25_d.ptime 
       0.119        0.135        0.426        0.128        0.102        0.114 
  c25_d.time   c25_d.rmse  c50_d.ptime   c50_d.time   c50_d.rmse c100_d.ptime 
       0.324        0.226        0.074        0.413        0.173        0.046 
 c100_d.time  c100_d.rmse c250_d.ptime  c250_d.time  c250_d.rmse c500_d.ptime 
       0.756        0.127        0.038        2.509        0.093        0.026 
 c500_d.time  c500_d.rmse    s25.ptime     s25.time     s25.rmse    s50.ptime 
       9.219        0.068        0.050        0.001        0.584        0.086 
    s50.time     s50.rmse   s100.ptime    s100.time    s100.rmse   s250.ptime 
       0.001        0.400        0.100        0.003        0.307        0.201 
   s250.time    s250.rmse   s500.ptime    s500.time    s500.rmse  s1000.ptime 
       0.008        0.181        0.340        0.018        0.134        1.025 
  s1000.time   s1000.rmse 
       0.034        0.088 
[1] 0.9110755
$full.time
[1] 0.02

$full.rmse
[1] 0.05493603

$full.time
[1] 0.02

$full.rmse
[1] 0.05493603

$l25.time
[1] 1.051

$l25.rmse
[1] 0.145726

$l50.time
[1] 1.33

$l50.rmse
[1] 0.108983

$l100.time
[1] 2.727

$l100.rmse
[1] 0.08242258

$l250.time
[1] 16.359

$l250.rmse
[1] 0.06648717

$l500.time
[1] 93.161

$l500.rmse
[1] 0.05939049

$o25_i.ptime
[1] 0.046

$o25_i.time
[1] 0.148

$o25_i.rmse
[1] 0.497719

$o50_i.ptime
[1] 0.041

$o50_i.time
[1] 0.127

$o50_i.rmse
[1] 0.3576365

$o100_i.ptime
[1] 0.066

$o100_i.time
[1] 0.127

$o100_i.rmse
[1] 0.290754

$o250_i.ptime
[1] 0.161

$o250_i.time
[1] 0.125

$o250_i.rmse
[1] 0.1905401

$o500_i.ptime
[1] 0.456

$o500_i.time
[1] 0.145

$o500_i.rmse
[1] 0.1248948

$o25_d.ptime
[1] 0.032

$o25_d.time
[1] 0.298

$o25_d.rmse
[1] 0.3143494

$o50_d.ptime
[1] 0.015

$o50_d.time
[1] 0.43

$o50_d.rmse
[1] 0.259875

$o100_d.ptime
[1] 0.01

$o100_d.time
[1] 0.916

$o100_d.rmse
[1] 0.168512

$o250_d.ptime
[1] 0.01

$o250_d.time
[1] 2.979

$o250_d.rmse
[1] 0.1056059

$o500_d.ptime
[1] 0.014

$o500_d.time
[1] 9.893

$o500_d.rmse
[1] 0.0744942

$c25_i.ptime
[1] 0.139

$c25_i.time
[1] 0.151

$c25_i.rmse
[1] 0.2960071

$c50_i.ptime
[1] 0.082

$c50_i.time
[1] 0.147

$c50_i.rmse
[1] 0.2572237

$c100_i.ptime
[1] 0.112

$c100_i.time
[1] 0.135

$c100_i.rmse
[1] 0.1751882

$c250_i.ptime
[1] 0.18

$c250_i.time
[1] 0.138

$c250_i.rmse
[1] 0.1330899

$c500_i.ptime
[1] 0.463

$c500_i.time
[1] 0.149

$c500_i.rmse
[1] 0.1128233

$c25_d.ptime
[1] 0.104

$c25_d.time
[1] 0.392

$c25_d.rmse
[1] 0.23294

$c50_d.ptime
[1] 0.061

$c50_d.time
[1] 0.473

$c50_d.rmse
[1] 0.1930865

$c100_d.ptime
[1] 0.042

$c100_d.time
[1] 0.868

$c100_d.rmse
[1] 0.1283579

$c250_d.ptime
[1] 0.025

$c250_d.time
[1] 2.808

$c250_d.rmse
[1] 0.0879953

$c500_d.ptime
[1] 0.025

$c500_d.time
[1] 9.82

$c500_d.rmse
[1] 0.07340946

$s25.ptime
[1] 0.055

$s25.time
[1] 0

$s25.rmse
[1] 0.5210301

$s50.ptime
[1] 0.051

$s50.time
[1] 0.001

$s50.rmse
[1] 0.4410492

$s100.ptime
[1] 0.102

$s100.time
[1] 0.003

$s100.rmse
[1] 0.3406352

$s250.ptime
[1] 0.258

$s250.time
[1] 0.008

$s250.rmse
[1] 0.187418

$s500.ptime
[1] 0.349

$s500.time
[1] 0.017

$s500.rmse
[1] 0.1153772

$s1000.ptime
[1] 1.031

$s1000.time
[1] 0.036

$s1000.rmse
[1] 0.07982617

        seed            p    full.time    full.rmse     l25.time     l25.rmse 
    2117.000       10.000        0.020        0.055        1.051        0.146 
    l50.time     l50.rmse    l100.time    l100.rmse    l250.time    l250.rmse 
       1.330        0.109        2.727        0.082       16.359        0.066 
   l500.time    l500.rmse  o25_i.ptime   o25_i.time   o25_i.rmse  o50_i.ptime 
      93.161        0.059        0.046        0.148        0.498        0.041 
  o50_i.time   o50_i.rmse o100_i.ptime  o100_i.time  o100_i.rmse o250_i.ptime 
       0.127        0.358        0.066        0.127        0.291        0.161 
 o250_i.time  o250_i.rmse o500_i.ptime  o500_i.time  o500_i.rmse  o25_d.ptime 
       0.125        0.191        0.456        0.145        0.125        0.032 
  o25_d.time   o25_d.rmse  o50_d.ptime   o50_d.time   o50_d.rmse o100_d.ptime 
       0.298        0.314        0.015        0.430        0.260        0.010 
 o100_d.time  o100_d.rmse o250_d.ptime  o250_d.time  o250_d.rmse o500_d.ptime 
       0.916        0.169        0.010        2.979        0.106        0.014 
 o500_d.time  o500_d.rmse  c25_i.ptime   c25_i.time   c25_i.rmse  c50_i.ptime 
       9.893        0.074        0.139        0.151        0.296        0.082 
  c50_i.time   c50_i.rmse c100_i.ptime  c100_i.time  c100_i.rmse c250_i.ptime 
       0.147        0.257        0.112        0.135        0.175        0.180 
 c250_i.time  c250_i.rmse c500_i.ptime  c500_i.time  c500_i.rmse  c25_d.ptime 
       0.138        0.133        0.463        0.149        0.113        0.104 
  c25_d.time   c25_d.rmse  c50_d.ptime   c50_d.time   c50_d.rmse c100_d.ptime 
       0.392        0.233        0.061        0.473        0.193        0.042 
 c100_d.time  c100_d.rmse c250_d.ptime  c250_d.time  c250_d.rmse c500_d.ptime 
       0.868        0.128        0.025        2.808        0.088        0.025 
 c500_d.time  c500_d.rmse    s25.ptime     s25.time     s25.rmse    s50.ptime 
       9.820        0.073        0.055        0.000        0.521        0.051 
    s50.time     s50.rmse   s100.ptime    s100.time    s100.rmse   s250.ptime 
       0.001        0.441        0.102        0.003        0.341        0.258 
   s250.time    s250.rmse   s500.ptime    s500.time    s500.rmse  s1000.ptime 
       0.008        0.187        0.349        0.017        0.115        1.031 
  s1000.time   s1000.rmse 
       0.036        0.080 
[1] 0.9042995
$full.time
[1] 0.026

$full.rmse
[1] 0.05496463

$full.time
[1] 0.026

$full.rmse
[1] 0.05496463

$l25.time
[1] 1.088

$l25.rmse
[1] 0.146929

$l50.time
[1] 1.474

$l50.rmse
[1] 0.1085297

$l100.time
[1] 3.014

$l100.rmse
[1] 0.0840927

$l250.time
[1] 17.797

$l250.rmse
[1] 0.06841262

$l500.time
[1] 95.133

$l500.rmse
[1] 0.06146186

$o25_i.ptime
[1] 0.045

$o25_i.time
[1] 0.139

$o25_i.rmse
[1] 0.4706143

$o50_i.ptime
[1] 0.036

$o50_i.time
[1] 0.117

$o50_i.rmse
[1] 0.3405749

$o100_i.ptime
[1] 0.056

$o100_i.time
[1] 0.112

$o100_i.rmse
[1] 0.2729484

$o250_i.ptime
[1] 0.164

$o250_i.time
[1] 0.12

$o250_i.rmse
[1] 0.1875527

$o500_i.ptime
[1] 0.444

$o500_i.time
[1] 0.127

$o500_i.rmse
[1] 0.1219897

$o25_d.ptime
[1] 0.031

$o25_d.time
[1] 0.3

$o25_d.rmse
[1] 0.3042868

$o50_d.ptime
[1] 0.015

$o50_d.time
[1] 0.39

$o50_d.rmse
[1] 0.2357193

$o100_d.ptime
[1] 0.009

$o100_d.time
[1] 0.805

$o100_d.rmse
[1] 0.1742851

$o250_d.ptime
[1] 0.014

$o250_d.time
[1] 2.707

$o250_d.rmse
[1] 0.1076483

$o500_d.ptime
[1] 0.015

$o500_d.time
[1] 9.104

$o500_d.rmse
[1] 0.07697525

$c25_i.ptime
[1] 0.157

$c25_i.time
[1] 0.16

$c25_i.rmse
[1] 0.2914345

$c50_i.ptime
[1] 0.074

$c50_i.time
[1] 0.13

$c50_i.rmse
[1] 0.2458122

$c100_i.ptime
[1] 0.085

$c100_i.time
[1] 0.125

$c100_i.rmse
[1] 0.1887884

$c250_i.ptime
[1] 0.166

$c250_i.time
[1] 0.129

$c250_i.rmse
[1] 0.1300098

$c500_i.ptime
[1] 0.404

$c500_i.time
[1] 0.13

$c500_i.rmse
[1] 0.1244208

$c25_d.ptime
[1] 0.107

$c25_d.time
[1] 0.332

$c25_d.rmse
[1] 0.2234216

$c50_d.ptime
[1] 0.067

$c50_d.time
[1] 0.404

$c50_d.rmse
[1] 0.1708548

$c100_d.ptime
[1] 0.047

$c100_d.time
[1] 0.749

$c100_d.rmse
[1] 0.1377294

$c250_d.ptime
[1] 0.025

$c250_d.time
[1] 2.496

$c250_d.rmse
[1] 0.09707932

$c500_d.ptime
[1] 0.023

$c500_d.time
[1] 9.15

$c500_d.rmse
[1] 0.07135907

$s25.ptime
[1] 0.045

$s25.time
[1] 0.001

$s25.rmse
[1] 0.4912684

$s50.ptime
[1] 0.064

$s50.time
[1] 0.001

$s50.rmse
[1] 0.3899657

$s100.ptime
[1] 0.075

$s100.time
[1] 0.002

$s100.rmse
[1] 0.2812774

$s250.ptime
[1] 0.182

$s250.time
[1] 0.007

$s250.rmse
[1] 0.1805048

$s500.ptime
[1] 0.342

$s500.time
[1] 0.014

$s500.rmse
[1] 0.1276832

$s1000.ptime
[1] 1.014

$s1000.time
[1] 0.032

$s1000.rmse
[1] 0.0787342

        seed            p    full.time    full.rmse     l25.time     l25.rmse 
    2118.000       10.000        0.026        0.055        1.088        0.147 
    l50.time     l50.rmse    l100.time    l100.rmse    l250.time    l250.rmse 
       1.474        0.109        3.014        0.084       17.797        0.068 
   l500.time    l500.rmse  o25_i.ptime   o25_i.time   o25_i.rmse  o50_i.ptime 
      95.133        0.061        0.045        0.139        0.471        0.036 
  o50_i.time   o50_i.rmse o100_i.ptime  o100_i.time  o100_i.rmse o250_i.ptime 
       0.117        0.341        0.056        0.112        0.273        0.164 
 o250_i.time  o250_i.rmse o500_i.ptime  o500_i.time  o500_i.rmse  o25_d.ptime 
       0.120        0.188        0.444        0.127        0.122        0.031 
  o25_d.time   o25_d.rmse  o50_d.ptime   o50_d.time   o50_d.rmse o100_d.ptime 
       0.300        0.304        0.015        0.390        0.236        0.009 
 o100_d.time  o100_d.rmse o250_d.ptime  o250_d.time  o250_d.rmse o500_d.ptime 
       0.805        0.174        0.014        2.707        0.108        0.015 
 o500_d.time  o500_d.rmse  c25_i.ptime   c25_i.time   c25_i.rmse  c50_i.ptime 
       9.104        0.077        0.157        0.160        0.291        0.074 
  c50_i.time   c50_i.rmse c100_i.ptime  c100_i.time  c100_i.rmse c250_i.ptime 
       0.130        0.246        0.085        0.125        0.189        0.166 
 c250_i.time  c250_i.rmse c500_i.ptime  c500_i.time  c500_i.rmse  c25_d.ptime 
       0.129        0.130        0.404        0.130        0.124        0.107 
  c25_d.time   c25_d.rmse  c50_d.ptime   c50_d.time   c50_d.rmse c100_d.ptime 
       0.332        0.223        0.067        0.404        0.171        0.047 
 c100_d.time  c100_d.rmse c250_d.ptime  c250_d.time  c250_d.rmse c500_d.ptime 
       0.749        0.138        0.025        2.496        0.097        0.023 
 c500_d.time  c500_d.rmse    s25.ptime     s25.time     s25.rmse    s50.ptime 
       9.150        0.071        0.045        0.001        0.491        0.064 
    s50.time     s50.rmse   s100.ptime    s100.time    s100.rmse   s250.ptime 
       0.001        0.390        0.075        0.002        0.281        0.182 
   s250.time    s250.rmse   s500.ptime    s500.time    s500.rmse  s1000.ptime 
       0.007        0.181        0.342        0.014        0.128        1.014 
  s1000.time   s1000.rmse 
       0.032        0.079 
  seed  p full.time  full.rmse l25.time  l25.rmse l50.time  l50.rmse l100.time
1 2114 10     0.020 0.05615438    1.183 0.1365751    1.357 0.1040835     2.825
2 2115 10     0.020 0.05676232    1.060 0.1329690    1.347 0.1059190     2.721
3 2116 10     0.019 0.05509134    1.034 0.1423836    1.334 0.1074943     2.725
4 2117 10     0.020 0.05493603    1.051 0.1457260    1.330 0.1089830     2.727
5 2118 10     0.026 0.05496463    1.088 0.1469290    1.474 0.1085297     3.014
   l100.rmse l250.time  l250.rmse l500.time  l500.rmse o25_i.ptime o25_i.time
1 0.08086383    16.519 0.06868728    90.047 0.06179608       0.046      0.135
2 0.08702760    16.181 0.06956704    90.196 0.06350893       0.045      0.134
3 0.08456303    16.308 0.07098685    89.646 0.06204333       0.043      0.140
4 0.08242258    16.359 0.06648717    93.161 0.05939049       0.046      0.148
5 0.08409270    17.797 0.06841262    95.133 0.06146186       0.045      0.139
  o25_i.rmse o50_i.ptime o50_i.time o50_i.rmse o100_i.ptime o100_i.time
1  0.4193612       0.033      0.112  0.3538219        0.051       0.107
2  0.3872960       0.034      0.111  0.3339007        0.051       0.107
3  0.5000941       0.034      0.120  0.3893585        0.050       0.115
4  0.4977190       0.041      0.127  0.3576365        0.066       0.127
5  0.4706143       0.036      0.117  0.3405749        0.056       0.112
  o100_i.rmse o250_i.ptime o250_i.time o250_i.rmse o500_i.ptime o500_i.time
1   0.2678163        0.147       0.110   0.1784630        0.403       0.115
2   0.2677470        0.148       0.111   0.1854940        0.412       0.156
3   0.2820518        0.142       0.115   0.1814048        0.397       0.123
4   0.2907540        0.161       0.125   0.1905401        0.456       0.145
5   0.2729484        0.164       0.120   0.1875527        0.444       0.127
  o500_i.rmse o25_d.ptime o25_d.time o25_d.rmse o50_d.ptime o50_d.time
1   0.1315662       0.034      0.275  0.2968135       0.014      0.370
2   0.1301615       0.031      0.296  0.2963725       0.018      0.415
3   0.1253485       0.035      0.278  0.3530147       0.019      0.377
4   0.1248948       0.032      0.298  0.3143494       0.015      0.430
5   0.1219897       0.031      0.300  0.3042868       0.015      0.390
  o50_d.rmse o100_d.ptime o100_d.time o100_d.rmse o250_d.ptime o250_d.time
1  0.2399492        0.010       0.691   0.1802974        0.009       2.550
2  0.2385289        0.010       0.710   0.1751015        0.010       2.694
3  0.2576595        0.010       0.840   0.1941259        0.121       2.476
4  0.2598750        0.010       0.916   0.1685120        0.010       2.979
5  0.2357193        0.009       0.805   0.1742851        0.014       2.707
  o250_d.rmse o500_d.ptime o500_d.time o500_d.rmse c25_i.ptime c25_i.time
1   0.1131985        0.014       8.724  0.08325561       0.109      0.139
2   0.1097013        0.014       9.825  0.07619669       0.111      0.144
3   0.1062209        0.014       9.224  0.07869014       0.145      0.146
4   0.1056059        0.014       9.893  0.07449420       0.139      0.151
5   0.1076483        0.015       9.104  0.07697525       0.157      0.160
  c25_i.rmse c50_i.ptime c50_i.time c50_i.rmse c100_i.ptime c100_i.time
1  0.2806277       0.100      0.124  0.2459923        0.087       0.118
2  0.2608801       0.084      0.127  0.2318335        0.088       0.125
3  0.2880565       0.081      0.126  0.2480508        0.081       0.118
4  0.2960071       0.082      0.147  0.2572237        0.112       0.135
5  0.2914345       0.074      0.130  0.2458122        0.085       0.125
  c100_i.rmse c250_i.ptime c250_i.time c250_i.rmse c500_i.ptime c500_i.time
1   0.1867660        0.173       0.120   0.1336747        0.422       0.128
2   0.1904933        0.166       0.134   0.1346178        0.419       0.131
3   0.1817559        0.181       0.119   0.1353117        0.426       0.128
4   0.1751882        0.180       0.138   0.1330899        0.463       0.149
5   0.1887884        0.166       0.129   0.1300098        0.404       0.130
  c500_i.rmse c25_d.ptime c25_d.time c25_d.rmse c50_d.ptime c50_d.time
1  0.09782231       0.133      0.325  0.2331148       0.064      0.416
2  0.10539777       0.099      0.330  0.2009212       0.054      0.417
3  0.10216289       0.114      0.324  0.2257825       0.074      0.413
4  0.11282326       0.104      0.392  0.2329400       0.061      0.473
5  0.12442083       0.107      0.332  0.2234216       0.067      0.404
  c50_d.rmse c100_d.ptime c100_d.time c100_d.rmse c250_d.ptime c250_d.time
1  0.1699265        0.052       0.770   0.1359520        0.032       2.566
2  0.1679176        0.054       0.773   0.1401754        0.035       2.630
3  0.1734307        0.046       0.756   0.1266268        0.038       2.509
4  0.1930865        0.042       0.868   0.1283579        0.025       2.808
5  0.1708548        0.047       0.749   0.1377294        0.025       2.496
  c250_d.rmse c500_d.ptime c500_d.time c500_d.rmse s25.ptime s25.time  s25.rmse
1  0.10028815        0.021       8.728  0.07312731     0.043    0.001 0.4747939
2  0.10164129        0.028       9.374  0.07556408     0.041    0.001 0.4684619
3  0.09301757        0.026       9.219  0.06753098     0.050    0.001 0.5838218
4  0.08799530        0.025       9.820  0.07340946     0.055    0.000 0.5210301
5  0.09707932        0.023       9.150  0.07135907     0.045    0.001 0.4912684
  s50.ptime s50.time  s50.rmse s100.ptime s100.time s100.rmse s250.ptime
1     0.067    0.001 0.3870319      0.091     0.003 0.3233230      0.174
2     0.059    0.002 0.3742633      0.099     0.003 0.3084435      0.170
3     0.086    0.001 0.4003493      0.100     0.003 0.3068536      0.201
4     0.051    0.001 0.4410492      0.102     0.003 0.3406352      0.258
5     0.064    0.001 0.3899657      0.075     0.002 0.2812774      0.182
  s250.time s250.rmse s500.ptime s500.time s500.rmse s1000.ptime s1000.time
1     0.008 0.1920765      0.337     0.016 0.1249452       1.012      0.031
2     0.007 0.2003989      0.348     0.015 0.1253840       1.013      0.030
3     0.008 0.1813842      0.340     0.018 0.1343789       1.025      0.034
4     0.008 0.1874180      0.349     0.017 0.1153772       1.031      0.036
5     0.007 0.1805048      0.342     0.014 0.1276832       1.014      0.032
  s1000.rmse
1 0.08290431
2 0.08313737
3 0.08808741
4 0.07982617
5 0.07873420
> 
> proc.time()
   user  system elapsed 
758.327   4.277 772.987 
