
R version 3.0.3 (2014-03-06) -- "Warm Puppy"
Copyright (C) 2014 The R Foundation for Statistical Computing
Platform: x86_64-unknown-linux-gnu (64-bit)

R is free software and comes with ABSOLUTELY NO WARRANTY.
You are welcome to redistribute it under certain conditions.
Type 'license()' or 'licence()' for distribution details.

  Natural language support but running in an English locale

R is a collaborative project with many contributors.
Type 'contributors()' for more information and
'citation()' on how to cite R or R packages in publications.

Type 'demo()' for some demos, 'help()' for on-line help, or
'help.start()' for an HTML browser interface to help.
Type 'q()' to quit R.

> print(.libPaths())
[1] "/usr/local/r-3.0.3/lib64/R/library"
> .libPaths("/mnt/home/rjparker/Rlib")
> print(.libPaths())
[1] "/mnt/home/rjparker/Rlib"            "/usr/local/r-3.0.3/lib64/R/library"
> setwd("/mnt/home/rjparker/git/block_int")
> 
> which_exp <- 1
> which_part <- 16
> source("R/sim_nblocks.R")
Loading required package: spam
Loading required package: grid
Spam version 0.41-0 (2014-02-26) is loaded.
Type 'help( Spam)' or 'demo( spam)' for a short introduction 
and overview of this package.
Help for individual functions is also obtained by adding the
suffix '.spam' to the function name, e.g. 'help( chol.spam)'.

Attaching package: ‘spam’

The following objects are masked from ‘package:base’:

    backsolve, forwardsolve

Loading required package: maps
   pred  p   b tau Nper_p Npred Nblock_obs_ind Fzero sigma2
1 FALSE 10 1.5  10     50  1000            100     0      1
[1] 0.8988432
             seed                 p               tau       orac.status 
         2059.000            10.000            10.000             1.000 
        orac.time       orac.rmse_p       full.status         full.time 
            3.040             0.270             1.000           151.824 
      full.rmse_t       full.rmse_p     full.rmse_s_S     full.rmse_s_T 
            0.168             0.271             0.001             0.003 
     ir250.status        ir250.time      ir250.rmse_t ir250.rmse_full_p 
            1.000            12.514             0.336             0.287 
   ir250.rmse_s_S    ir250.rmse_s_T      ic250.status        ic250.time 
            0.007             0.007             1.000            10.968 
[1] 0.9141426
             seed                 p               tau       orac.status 
         2060.000            10.000            10.000             1.000 
        orac.time       orac.rmse_p       full.status         full.time 
            2.921             0.272             1.000           108.107 
      full.rmse_t       full.rmse_p     full.rmse_s_S     full.rmse_s_T 
            0.149             0.270             0.001             0.002 
     ir250.status        ir250.time      ir250.rmse_t ir250.rmse_full_p 
            1.000            15.127             0.261             0.274 
   ir250.rmse_s_S    ir250.rmse_s_T      ic250.status        ic250.time 
            0.004             0.004             1.000            13.700 
[1] 0.9981346
             seed                 p               tau       orac.status 
         2061.000            10.000            10.000             1.000 
        orac.time       orac.rmse_p       full.status         full.time 
            2.241             0.243             1.000           136.010 
      full.rmse_t       full.rmse_p     full.rmse_s_S     full.rmse_s_T 
            0.131             0.242             0.001             0.003 
     ir250.status        ir250.time      ir250.rmse_t ir250.rmse_full_p 
            1.000            25.446             0.178             0.247 
   ir250.rmse_s_S    ir250.rmse_s_T      ic250.status        ic250.time 
            0.004             0.004             1.000            20.726 
[1] 0.82881
             seed                 p               tau       orac.status 
         2062.000            10.000            10.000             1.000 
        orac.time       orac.rmse_p       full.status         full.time 
            1.047             0.261             1.000           121.248 
      full.rmse_t       full.rmse_p     full.rmse_s_S     full.rmse_s_T 
            0.117             0.261             0.001             0.002 
     ir250.status        ir250.time      ir250.rmse_t ir250.rmse_full_p 
            1.000            14.417             0.156             0.262 
   ir250.rmse_s_S    ir250.rmse_s_T      ic250.status        ic250.time 
            0.003             0.003             1.000            15.856 
[1] 0.7737075
             seed                 p               tau       orac.status 
         2063.000            10.000            10.000             1.000 
        orac.time       orac.rmse_p       full.status         full.time 
            2.521             0.267             1.000           111.162 
      full.rmse_t       full.rmse_p     full.rmse_s_S     full.rmse_s_T 
            0.124             0.268             0.001             0.003 
     ir250.status        ir250.time      ir250.rmse_t ir250.rmse_full_p 
            1.000            18.633             0.185             0.267 
   ir250.rmse_s_S    ir250.rmse_s_T      ic250.status        ic250.time 
            0.004             0.004             1.000            16.089 
  [1] "seed"              "p"                 "tau"              
  [4] "orac.status"       "orac.time"         "orac.rmse_p"      
  [7] "full.status"       "full.time"         "full.rmse_t"      
 [10] "full.rmse_p"       "full.rmse_s_S"     "full.rmse_s_T"    
 [13] "ir250.status"      "ir250.time"        "ir250.rmse_t"     
 [16] "ir250.rmse_full_p" "ir250.rmse_s_S"    "ir250.rmse_s_T"   
 [19] "ic250.status"      "ic250.time"        "ic250.rmse_t"     
 [22] "ic250.rmse_full_p" "ic250.rmse_s_S"    "ic250.rmse_s_T"   
 [25] "ir100.status"      "ir100.time"        "ir100.rmse_t"     
 [28] "ir100.rmse_full_p" "ir100.rmse_s_S"    "ir100.rmse_s_T"   
 [31] "ic100.status"      "ic100.time"        "ic100.rmse_t"     
 [34] "ic100.rmse_full_p" "ic100.rmse_s_S"    "ic100.rmse_s_T"   
 [37] "ir50.status"       "ir50.time"         "ir50.rmse_t"      
 [40] "ir50.rmse_full_p"  "ir50.rmse_s_S"     "ir50.rmse_s_T"    
 [43] "ic50.status"       "ic50.time"         "ic50.rmse_t"      
 [46] "ic50.rmse_full_p"  "ic50.rmse_s_S"     "ic50.rmse_s_T"    
 [49] "ir25.status"       "ir25.time"         "ir25.rmse_t"      
 [52] "ir25.rmse_full_p"  "ir25.rmse_s_S"     "ir25.rmse_s_T"    
 [55] "ic25.status"       "ic25.time"         "ic25.rmse_t"      
 [58] "ic25.rmse_full_p"  "ic25.rmse_s_S"     "ic25.rmse_s_T"    
 [61] "dr50.status"       "dr50.time"         "dr50.rmse_t"      
 [64] "dr50.rmse_full_p"  "dr50.rmse_s_S"     "dr50.rmse_s_T"    
 [67] "dc50.status"       "dc50.time"         "dc50.rmse_t"      
 [70] "dc50.rmse_full_p"  "dc50.rmse_s_S"     "dc50.rmse_s_T"    
 [73] "dr25.status"       "dr25.time"         "dr25.rmse_t"      
 [76] "dr25.rmse_full_p"  "dr25.rmse_s_S"     "dr25.rmse_s_T"    
 [79] "dc25.status"       "dc25.time"         "dc25.rmse_t"      
 [82] "dc25.rmse_full_p"  "dc25.rmse_s_S"     "dc25.rmse_s_T"    
 [85] "orac.Si_S"         "orac.Si_T"         "full.Si_S"        
 [88] "full.Si_T"         "ir250.Si_S"        "ir250.Si_T"       
 [91] "ic250.Si_S"        "ic250.Si_T"        "ir100.Si_S"       
 [94] "ir100.Si_T"        "ic100.Si_S"        "ic100.Si_T"       
 [97] "ir50.Si_S"         "ir50.Si_T"         "ic50.Si_S"        
[100] "ic50.Si_T"         "ir25.Si_S"         "ir25.Si_T"        
[103] "ic25.Si_S"         "ic25.Si_T"         "dr50.Si_S"        
[106] "dr50.Si_T"         "dc50.Si_S"         "dc50.Si_T"        
[109] "dr25.Si_S"         "dr25.Si_T"         "dc25.Si_S"        
[112] "dc25.Si_T"        
  seed  p tau orac.status orac.time orac.rmse_p full.status full.time
1 2059 10  10        TRUE     3.040   0.2698868        TRUE   151.824
2 2060 10  10        TRUE     2.921   0.2717988        TRUE   108.107
3 2061 10  10        TRUE     2.241   0.2429460        TRUE   136.010
4 2062 10  10        TRUE     1.047   0.2605849        TRUE   121.248
5 2063 10  10        TRUE     2.521   0.2668761        TRUE   111.162
  full.rmse_t full.rmse_p full.rmse_s_S full.rmse_s_T ir250.status ir250.time
1   0.1675132   0.2709148  0.0014223583   0.003202894         TRUE     12.514
2   0.1493870   0.2700841  0.0012261062   0.002066523         TRUE     15.127
3   0.1307670   0.2420245  0.0009501211   0.002646784         TRUE     25.446
4   0.1171867   0.2613510  0.0006599089   0.002121889         TRUE     14.417
5   0.1238008   0.2679459  0.0013263938   0.003458643         TRUE     18.633
  ir250.rmse_t ir250.rmse_full_p ir250.rmse_s_S ir250.rmse_s_T ic250.status
1    0.3359299         0.2873589    0.007012545    0.007012545         TRUE
2    0.2606061         0.2735304    0.003753924    0.003753924         TRUE
3    0.1778014         0.2465479    0.004140877    0.004140877         TRUE
4    0.1564610         0.2623885    0.002683289    0.002683289         TRUE
5    0.1854850         0.2671451    0.004471638    0.004471638         TRUE
  ic250.time ic250.rmse_t ic250.rmse_full_p ic250.rmse_s_S ic250.rmse_s_T
1     10.968    0.1973407         0.2740148    0.004070210    0.004070210
2     13.700    0.2001304         0.2691868    0.002409612    0.002409612
3     20.726    0.1474598         0.2448199    0.002566466    0.002566466
4     15.856    0.1690152         0.2678346    0.002975768    0.002975768
5     16.089    0.1430950         0.2678983    0.003725762    0.003725762
  ir100.status ir100.time ir100.rmse_t ir100.rmse_full_p ir100.rmse_s_S
1         TRUE     15.610    0.4570286         0.2965457    0.008562485
2         TRUE      4.319    0.3821334         0.2810831    0.006330343
3         TRUE      3.328    0.3743871         0.2633001    0.007717117
4         TRUE      7.422    0.3248033         0.2680053    0.006048889
5         TRUE      6.189    0.4139967         0.2846080    0.012107989
  ir100.rmse_s_T ic100.status ic100.time ic100.rmse_t ic100.rmse_full_p
1    0.008562485         TRUE      6.467    0.3080321         0.2800525
2    0.006330343         TRUE      4.749    0.4926310         0.2827477
3    0.007717117         TRUE      4.415    0.1845944         0.2512701
4    0.006048889         TRUE      5.307    0.2337338         0.2745772
5    0.012107989         TRUE      5.279    0.3284502         0.2771851
  ic100.rmse_s_S ic100.rmse_s_T ir50.status ir50.time ir50.rmse_t
1    0.003999151    0.003999151        TRUE    15.597   0.5022623
2    0.007076852    0.007076852        TRUE    10.491   0.5728171
3    0.005359581    0.005359581       FALSE    15.949          NA
4    0.005750714    0.005750714        TRUE    13.439   0.5772884
5    0.010719762    0.010719762        TRUE    11.993   0.5606954
  ir50.rmse_full_p ir50.rmse_s_S ir50.rmse_s_T ic50.status ic50.time
1        0.3098139   0.012310202   0.012310202        TRUE     3.856
2        0.4282534   0.026078594   0.026078594        TRUE     5.966
3               NA            NA            NA        TRUE     4.855
4        0.2812589   0.009567283   0.009567283        TRUE     5.848
5        0.3136628   0.019149373   0.019149373        TRUE     8.382
  ic50.rmse_t ic50.rmse_full_p ic50.rmse_s_S ic50.rmse_s_T ir25.status
1   0.2968774        0.2822943   0.004858653   0.004858653       FALSE
2   0.4220785        0.2853776   0.008100566   0.008100566        TRUE
3   0.3609688        0.2586246   0.005315591   0.005315591       FALSE
4   0.1999247        0.2650419   0.004094461   0.004094461        TRUE
5   0.3872023        0.2888943   0.014542582   0.014542582        TRUE
  ir25.time ir25.rmse_t ir25.rmse_full_p ir25.rmse_s_S ir25.rmse_s_T
1    32.536          NA               NA            NA            NA
2    10.843   0.6547620        0.3538811    0.01920401    0.01920401
3    35.822          NA               NA            NA            NA
4    18.559   0.7099334        0.3358980    0.01896005    0.01896005
5    14.175   0.7448055        0.3934869    0.03295987    0.03295987
  ic25.status ic25.time ic25.rmse_t ic25.rmse_full_p ic25.rmse_s_S
1        TRUE    18.568   0.4081862        0.2895875   0.008196801
2        TRUE    10.588   0.6298430        0.3032405   0.009917158
3       FALSE    34.643          NA               NA            NA
4        TRUE    16.082   0.3523549        0.2863333   0.007570544
5        TRUE     5.763   0.4183915        0.2926012   0.011030654
  ic25.rmse_s_T dr50.status dr50.time dr50.rmse_t dr50.rmse_full_p
1   0.008196801        TRUE    22.673   0.3935622        0.2907642
2   0.009917158        TRUE    13.436   0.4116419        0.2896576
3            NA        TRUE    11.850   0.2594552        0.2531797
4   0.007570544        TRUE    12.604   0.2429148        0.2671842
5   0.011030654        TRUE     9.916   0.4077690        0.2863483
  dr50.rmse_s_S dr50.rmse_s_T dc50.status dc50.time dc50.rmse_t
1   0.007059146   0.007059146       FALSE    36.484          NA
2   0.007412677   0.007412677        TRUE     7.382   0.3842607
3   0.005770953   0.005770953        TRUE    18.056   0.1661401
4   0.004625560   0.004625560        TRUE    11.837   0.1900727
5   0.012619340   0.012619340        TRUE    12.448   0.2819722
  dc50.rmse_full_p dc50.rmse_s_S dc50.rmse_s_T dr25.status dr25.time
1               NA            NA            NA       FALSE    64.308
2        0.2752084   0.005052879   0.005052879        TRUE    28.394
3        0.2486629   0.003882725   0.003882725       FALSE    70.328
4        0.2680674   0.003685208   0.003685208        TRUE    22.911
5        0.2726370   0.006639552   0.006639552        TRUE    22.648
  dr25.rmse_t dr25.rmse_full_p dr25.rmse_s_S dr25.rmse_s_T dc25.status
1          NA               NA            NA            NA        TRUE
2   0.5546282        0.3159561    0.01216123    0.01216123        TRUE
3          NA               NA            NA            NA        TRUE
4   0.5027336        0.2962086    0.01253597    0.01253597        TRUE
5   0.5630486        0.3117997    0.01947890    0.01947890        TRUE
  dc25.time dc25.rmse_t dc25.rmse_full_p dc25.rmse_s_S dc25.rmse_s_T
1    57.228   0.3430181        0.2827991   0.005616840   0.005616840
2    15.851   0.4824008        0.2826908   0.006962015   0.006962015
3    18.994   0.2644852        0.2543465   0.004674442   0.004674442
4    12.669   0.3209118        0.2736369   0.006449648   0.006449648
5     8.591   0.3108405        0.2806384   0.009558307   0.009558307
                                                                                                                                      orac.Si_S
1  1.279531e-02, 1.100914e-02, 1.867305e-01, 1.770245e-02, -4.551192e-05, -3.598151e-04, 2.025966e-01, 2.530749e-02, 2.840054e-02, 4.577374e-03
2             0.108209193, 0.137321213, 0.007892865, 0.012177616, 0.214191782, 0.058090953, 0.007309093, -0.004658078, 0.060662947, 0.006282473
3             0.055920884, 0.012864912, 0.263433344, 0.121228295, 0.082381739, 0.044891902, 0.026419145, 0.004027752, -0.003314957, 0.002113803
4              0.112252573, 0.035192639, 0.200793670, 0.033255257, 0.039369533, 0.005840118, 0.012364427, 0.010341104, 0.049219673, 0.003502758
5 0.0206266592, -0.0177144408, 0.0324717899, -0.0007416577, 0.1544829010, 0.0778026677, 0.0265201106, 0.1350230407, 0.0014563898, -0.0098090530
                                                                                                               orac.Si_T
1 0.07254738, 0.16727399, 0.33831816, 0.18172439, 0.16914798, 0.09979154, 0.28169883, 0.09371471, 0.10945784, 0.05890589
2 0.26843173, 0.22061228, 0.09958171, 0.14766682, 0.36141503, 0.13985437, 0.06529497, 0.06844447, 0.11678867, 0.04448607
3 0.22356745, 0.13578785, 0.38745961, 0.22715524, 0.16586027, 0.15563436, 0.10741440, 0.06905232, 0.03329241, 0.03213576
4 0.29912648, 0.16605706, 0.39705307, 0.16416027, 0.15373276, 0.12087134, 0.07794852, 0.06362866, 0.11924453, 0.04213037
5 0.13029747, 0.23803906, 0.23290355, 0.12584442, 0.26439448, 0.21966837, 0.12300997, 0.24586776, 0.07840463, 0.09116750
                                                                                                                                      full.Si_S
1   0.0101230248, 0.0099083753, 0.1848834430, 0.0170359221, 0.0007138414, -0.0019078056, 0.2010136464, 0.0238645779, 0.0284911252, 0.0052508764
2             0.107701395, 0.137544709, 0.008193169, 0.013022497, 0.210734245, 0.057340305, 0.006544714, -0.004913298, 0.059796988, 0.006347418
3             0.057089608, 0.012335087, 0.265810027, 0.120360973, 0.082543327, 0.044615923, 0.025766043, 0.004541650, -0.003543857, 0.001747061
4              0.111586633, 0.034402725, 0.200844006, 0.033325266, 0.038636268, 0.005045763, 0.011791232, 0.009810068, 0.048019071, 0.003259347
5 0.0212474768, -0.0174239339, 0.0342891755, -0.0006574625, 0.1530897449, 0.0800384154, 0.0264805922, 0.1324954255, 0.0020431593, -0.0101822370
                                                                                                               full.Si_T
1 0.06902638, 0.16836095, 0.33925190, 0.18426494, 0.16770875, 0.10005174, 0.28393515, 0.09221012, 0.11590425, 0.06444844
2 0.26986880, 0.22226937, 0.09425331, 0.14740400, 0.36390764, 0.14093706, 0.06547209, 0.06961467, 0.11723377, 0.04515609
3 0.22128314, 0.13645884, 0.38801688, 0.23333481, 0.16363002, 0.15753230, 0.11039021, 0.06667385, 0.03299100, 0.03048978
4 0.30060229, 0.16805241, 0.39499515, 0.16422278, 0.15039983, 0.12146800, 0.08166858, 0.06631433, 0.11779205, 0.04212638
5 0.13468291, 0.23548116, 0.23856627, 0.12315099, 0.26054393, 0.22126288, 0.12246689, 0.24276501, 0.07529452, 0.09535825
                                                                                                                                    ir250.Si_S
1  0.0095277846, 0.0102448520, 0.1797706660, 0.0186683946, 0.0022961407, -0.0003993447, 0.2036567027, 0.0239352734, 0.0306294853, 0.0043073532
2            0.105709261, 0.136784338, 0.008487233, 0.013301202, 0.212953753, 0.056026685, 0.005625059, -0.005705012, 0.058464550, 0.006225316
3            0.055750604, 0.012643994, 0.266720846, 0.120222609, 0.080760868, 0.046016527, 0.023218012, 0.003698186, -0.003537008, 0.001803613
4             0.112209728, 0.033801160, 0.201622208, 0.034134705, 0.039242932, 0.005398145, 0.011935099, 0.009852931, 0.047224094, 0.003432106
5 2.231744e-02, -1.700216e-02, 3.506500e-02, 3.128754e-05, 1.572056e-01, 8.411426e-02, 2.463994e-02, 1.312456e-01, 1.739084e-03, -9.764523e-03
                                                                                                              ir250.Si_T
1 0.06187730, 0.16686034, 0.33622706, 0.18536039, 0.17550341, 0.09197995, 0.29042977, 0.09792419, 0.11835452, 0.06815957
2 0.27125488, 0.21672649, 0.09182445, 0.14470389, 0.36590700, 0.14097610, 0.06789273, 0.07250657, 0.11883968, 0.04455092
3 0.21934618, 0.13800771, 0.39061830, 0.23216294, 0.15890558, 0.16001419, 0.10870247, 0.06312507, 0.03250894, 0.03508732
4 0.30267019, 0.16661761, 0.39608450, 0.16671427, 0.14798947, 0.12025124, 0.08177582, 0.06358000, 0.11760454, 0.04310873
5 0.12966763, 0.23307053, 0.23881910, 0.11585533, 0.26681407, 0.22177080, 0.11850316, 0.24473841, 0.07688252, 0.09360034
                                                                                                                                     ic250.Si_S
1             0.010431038, 0.010568537, 0.184161371, 0.017539890, 0.001046785, -0.001433513, 0.200960466, 0.023721492, 0.029592062, 0.005649466
2             0.107124251, 0.138233879, 0.008376816, 0.013266212, 0.210650942, 0.056492495, 0.006326063, -0.004906168, 0.059627358, 0.006404974
3             0.058602015, 0.013019932, 0.265749463, 0.120127970, 0.081812691, 0.044710171, 0.025984770, 0.005092219, -0.003512327, 0.001726385
4              0.112773734, 0.033259618, 0.200168940, 0.034516822, 0.039317462, 0.005796959, 0.011748485, 0.010551959, 0.049566263, 0.003090256
5 0.0208842653, -0.0177009419, 0.0343027043, -0.0006064814, 0.1567422981, 0.0795767904, 0.0248110909, 0.1321726074, 0.0018339991, -0.0105680877
                                                                                                              ic250.Si_T
1 0.06778843, 0.16855324, 0.33680633, 0.18593846, 0.16931510, 0.09561507, 0.28492640, 0.09178830, 0.11658990, 0.06514069
2 0.26956626, 0.22256515, 0.09452081, 0.14725577, 0.36649522, 0.14081073, 0.06490831, 0.06849386, 0.11731756, 0.04464482
3 0.22446143, 0.13576298, 0.38701402, 0.23275120, 0.16507055, 0.15686058, 0.11089227, 0.06599324, 0.03045690, 0.03074527
4 0.30329843, 0.16689518, 0.39502423, 0.16603966, 0.14966065, 0.11498288, 0.08010164, 0.06506292, 0.12055632, 0.04389849
5 0.12812531, 0.23836572, 0.24108639, 0.12268551, 0.26316956, 0.21924982, 0.12062632, 0.24148582, 0.07417001, 0.09471147
                                                                                                                                     ir100.Si_S
1             0.006814785, 0.008551557, 0.173238237, 0.017525465, 0.001446402, -0.001372987, 0.205882380, 0.025228129, 0.030237566, 0.003989268
2             0.106461371, 0.137049514, 0.008771043, 0.012335891, 0.209564227, 0.059362233, 0.005783137, -0.004301652, 0.058487179, 0.005713340
3             0.055488634, 0.014417148, 0.258872619, 0.122968548, 0.080622622, 0.042142573, 0.026334481, 0.005639895, -0.003132834, 0.001957203
4              0.115020315, 0.033068105, 0.205065909, 0.034186258, 0.039760107, 0.006332835, 0.013073139, 0.009820506, 0.048891968, 0.003829762
5 2.561410e-02, -1.729728e-02, 3.672688e-02, -3.736878e-05, 1.683614e-01, 8.774477e-02, 2.143101e-02, 1.308728e-01, 2.038937e-03, -1.039443e-02
                                                                                                              ir100.Si_T
1 0.06027168, 0.16946038, 0.34105746, 0.19002066, 0.17920325, 0.09630585, 0.29797964, 0.09089016, 0.11540049, 0.06783564
2 0.27432698, 0.21848024, 0.08925430, 0.14433616, 0.36711210, 0.14373412, 0.05851725, 0.07825206, 0.11847000, 0.05164300
3 0.23194785, 0.13223643, 0.38061060, 0.24118255, 0.15954729, 0.16786850, 0.10910102, 0.06432842, 0.03093249, 0.02515263
4 0.30365566, 0.16126942, 0.41025016, 0.15819105, 0.15144497, 0.11967126, 0.07533209, 0.05610877, 0.12321137, 0.03694806
5 0.11071159, 0.22870176, 0.24272183, 0.10199757, 0.27334596, 0.22851708, 0.11880485, 0.24040935, 0.06758018, 0.09383144
                                                                                                                                    ic100.Si_S
1 0.0079471715, 0.0103242759, 0.1788296687, 0.0174419109, -0.0005650099, -0.0008656443, 0.2035910117, 0.0251491756, 0.0284606488, 0.0042383585
2            0.107800180, 0.137996140, 0.008416487, 0.013523230, 0.212959319, 0.056434148, 0.006254641, -0.003789353, 0.058797393, 0.006871466
3            0.056577614, 0.013354245, 0.261889462, 0.121660488, 0.082154807, 0.042347462, 0.027341901, 0.005860419, -0.003333587, 0.001643148
4             0.113758666, 0.032487732, 0.203231518, 0.034252408, 0.039240118, 0.007933177, 0.010951724, 0.010310557, 0.047897734, 0.003483972
5 0.0240449621, -0.0157816086, 0.0354058642, 0.0002694955, 0.1619009657, 0.0863362806, 0.0250564485, 0.1300032554, 0.0008340380, -0.0111652612
                                                                                                              ic100.Si_T
1 0.06803473, 0.16754140, 0.34297338, 0.18299419, 0.17413441, 0.10027573, 0.28614872, 0.09533471, 0.11358260, 0.06609440
2 0.27769742, 0.22009501, 0.08294117, 0.14202327, 0.36966309, 0.13730480, 0.06576135, 0.07129155, 0.11974490, 0.04827382
3 0.22718072, 0.13384856, 0.38359568, 0.23820380, 0.16349315, 0.16320419, 0.11108819, 0.06550370, 0.03226427, 0.02554926
4 0.30468945, 0.16208056, 0.40564908, 0.16946103, 0.14788549, 0.10888612, 0.07838827, 0.06472625, 0.11760745, 0.04234099
5 0.12092666, 0.22337084, 0.23841859, 0.10639507, 0.27352162, 0.23203451, 0.12316731, 0.23266868, 0.08334390, 0.09278259
                                                                                                                                     ir50.Si_S
1            0.006274856, 0.006008785, 0.173282443, 0.017181485, 0.004834669, -0.002508679, 0.204779156, 0.023912770, 0.031332838, 0.002617705
2  8.821397e-02, 1.359943e-01, 1.481487e-02, 1.234679e-02, 1.868107e-01, 6.459523e-02, 3.057405e-05, -8.161888e-04, 5.992312e-02, 1.635440e-03
3                                                                                                                                           NA
4             0.116838868, 0.033593468, 0.198698915, 0.035085425, 0.039912592, 0.007106315, 0.011301876, 0.010448971, 0.051167310, 0.003759584
5 2.760321e-02, -1.575691e-02, 3.522214e-02, 7.094875e-05, 1.734817e-01, 8.865209e-02, 1.958012e-02, 1.309161e-01, 1.304703e-03, -9.409279e-03
                                                                                                                                    ir50.Si_T
1                      0.05218174, 0.16871366, 0.34462367, 0.19080775, 0.17477461, 0.09861134, 0.30612184, 0.09397834, 0.12352397, 0.07110636
2 2.795563e-01, 2.381170e-01, 1.026307e-01, 1.678730e-01, 3.595801e-01, 1.661303e-01, -2.879726e-05, 7.902473e-02, 1.330573e-01, 6.929688e-02
3                                                                                                                                          NA
4                      0.31551811, 0.15529892, 0.40508041, 0.15329757, 0.15021462, 0.11625929, 0.06784327, 0.06729973, 0.13152627, 0.03517428
5                      0.09648605, 0.22742602, 0.24503484, 0.08704986, 0.28171756, 0.23586626, 0.12081453, 0.24765522, 0.06966592, 0.08057933
                                                                                                                                      ic50.Si_S
1  0.0090632737, 0.0100886773, 0.1794526736, 0.0172554301, -0.0003448254, -0.0020176439, 0.2040906918, 0.0253517434, 0.0289296363, 0.0037672590
2             0.108327773, 0.139987221, 0.010868392, 0.012129745, 0.210583265, 0.058576945, 0.005584875, -0.003390909, 0.060109032, 0.004714793
3             0.054663873, 0.014223274, 0.264569894, 0.123171822, 0.078002705, 0.045518657, 0.029128071, 0.006374665, -0.003053987, 0.002453896
4              0.114767661, 0.033267872, 0.201268650, 0.035445299, 0.039250208, 0.006634656, 0.012858840, 0.010218191, 0.047441830, 0.003922312
5 0.0261887913, -0.0137930425, 0.0387650860, -0.0005342058, 0.1651710715, 0.0904110110, 0.0262586437, 0.1298740266, 0.0017856519, -0.0096024937
                                                                                                               ic50.Si_T
1 0.06744494, 0.17185331, 0.34099685, 0.18349337, 0.17503075, 0.09704597, 0.28806488, 0.09191791, 0.11831336, 0.06270525
2 0.27735124, 0.22525956, 0.08912876, 0.14844001, 0.36921292, 0.13739725, 0.04750420, 0.07181529, 0.12271898, 0.04839602
3 0.22511989, 0.13071475, 0.38918431, 0.23689684, 0.16064075, 0.16287486, 0.11193849, 0.06858113, 0.02620982, 0.02968329
4 0.30671071, 0.16181104, 0.40304505, 0.16616212, 0.15192993, 0.11837438, 0.07445023, 0.05932991, 0.12192382, 0.03993837
5 0.11796386, 0.22709007, 0.23988878, 0.08860119, 0.27181525, 0.22976967, 0.12787296, 0.23265154, 0.07702387, 0.09821658
                                                                                                                                     ir25.Si_S
1                                                                                                                                           NA
2  0.1159163713, 0.1479036867, 0.0070249886, 0.0143383291, 0.2100383994, 0.0595263911, 0.0047743061, -0.0006637025, 0.0663544949, 0.0118237882
3                                                                                                                                           NA
4             0.118925287, 0.034026861, 0.186319066, 0.036996081, 0.044838676, 0.012399396, 0.011932203, 0.012194647, 0.048055134, 0.002982697
5 2.981532e-02, -1.165288e-02, 3.543850e-02, 2.576476e-05, 1.788614e-01, 8.538664e-02, 1.762050e-02, 1.273888e-01, 1.632876e-03, -8.185758e-03
                                                                                                               ir25.Si_T
1                                                                                                                     NA
2 0.28682850, 0.24799969, 0.09241396, 0.13583488, 0.37494736, 0.14277080, 0.04800288, 0.02903684, 0.12432596, 0.06202578
3                                                                                                                     NA
4 0.32549184, 0.14729080, 0.39871901, 0.15984629, 0.17402256, 0.11833087, 0.04843893, 0.05459852, 0.15220725, 0.03381696
5 0.06250441, 0.24124808, 0.25517945, 0.07108086, 0.29406691, 0.25378422, 0.13064253, 0.26000522, 0.07558371, 0.06991557
                                                                                                                            ic25.Si_S
1   0.006187181, 0.008009687, 0.174744020, 0.015410155, 0.001153035, -0.001048281, 0.205279231, 0.025952869, 0.028255083, 0.004863706
2   0.107172704, 0.139471206, 0.010018606, 0.009982290, 0.219303962, 0.059521292, 0.007030659, -0.002418331, 0.058683083, 0.005464895
3                                                                                                                                  NA
4    0.114275251, 0.032284740, 0.205801375, 0.036553334, 0.044648043, 0.008053358, 0.015396898, 0.010162126, 0.049109777, 0.003811717
5 0.023992495, -0.018413109, 0.034472772, -0.001178741, 0.166967201, 0.082608811, 0.019383918, 0.129233647, 0.002721825, -0.010677244
                                                                                                               ic25.Si_T
1 0.06516189, 0.17107256, 0.34194280, 0.18591466, 0.17882913, 0.09384712, 0.29736085, 0.08609189, 0.11514835, 0.06926714
2 0.27749224, 0.22096521, 0.09703757, 0.14723369, 0.38193915, 0.13122300, 0.04557331, 0.07011904, 0.11932358, 0.04532789
3                                                                                                                     NA
4 0.30748336, 0.16367251, 0.40497307, 0.16762628, 0.15462478, 0.11287039, 0.07533181, 0.04687688, 0.12703057, 0.03897361
5 0.10356307, 0.23802088, 0.24409121, 0.11573042, 0.26529167, 0.22113642, 0.12648301, 0.24792403, 0.06244457, 0.09193845
                                                                                                                                     dr50.Si_S
1  0.0077283689, 0.0092825098, 0.1754272219, 0.0171229817, 0.0023806057, -0.0008346899, 0.2063790222, 0.0260105034, 0.0305145345, 0.0034720194
2            0.109238077, 0.140973598, 0.009808917, 0.010737137, 0.215283724, 0.061017852, 0.007210439, -0.002926658, 0.058054744, 0.005110884
3            0.055031201, 0.013721566, 0.262439429, 0.121840941, 0.079816785, 0.043712026, 0.025604309, 0.005156545, -0.003217028, 0.001779698
4             0.114259990, 0.032744348, 0.203864250, 0.034902435, 0.040874840, 0.006123184, 0.013216469, 0.009893386, 0.048618522, 0.003733750
5 2.579681e-02, -1.830708e-02, 3.590019e-02, 1.317287e-05, 1.701784e-01, 8.721392e-02, 2.127212e-02, 1.315004e-01, 2.411391e-03, -9.917613e-03
                                                                                                               dr50.Si_T
1 0.05941001, 0.17189952, 0.34074857, 0.18902513, 0.17779676, 0.09884959, 0.29355702, 0.09426174, 0.11257573, 0.06324134
2 0.27638760, 0.22319249, 0.09827832, 0.14517220, 0.37047299, 0.13771329, 0.04684330, 0.07082959, 0.11702074, 0.05071218
3 0.22650199, 0.13332101, 0.38576841, 0.23933576, 0.15994550, 0.16537075, 0.10906655, 0.06556841, 0.03091891, 0.02803275
4 0.30631834, 0.16391484, 0.40468032, 0.16291781, 0.15173763, 0.11694819, 0.07622568, 0.05636774, 0.12221635, 0.03838403
5 0.10659920, 0.23194160, 0.23883734, 0.10331964, 0.27684552, 0.22819790, 0.11654084, 0.24331350, 0.06518383, 0.09157972
                                                                                                                                      dc50.Si_S
1                                                                                                                                            NA
2             0.105120069, 0.138076211, 0.009067674, 0.012350618, 0.211562720, 0.057588831, 0.006055320, -0.004604401, 0.058314857, 0.005973588
3             0.056970224, 0.013502478, 0.264833056, 0.120957140, 0.079768895, 0.044523104, 0.027429306, 0.005345941, -0.003240043, 0.001558335
4              0.113174088, 0.032360508, 0.203445754, 0.034911083, 0.040614544, 0.005971826, 0.012877330, 0.010030846, 0.047904135, 0.003575685
5 0.0224053770, -0.0175172964, 0.0353900154, -0.0004903999, 0.1627187357, 0.0840732338, 0.0226664388, 0.1307361348, 0.0022299629, -0.0102801003
                                                                                                               dc50.Si_T
1                                                                                                                     NA
2 0.27231987, 0.22008714, 0.09200320, 0.14603052, 0.37270524, 0.14003803, 0.06051544, 0.07362932, 0.11839470, 0.04443697
3 0.22418262, 0.13449382, 0.38675519, 0.23472309, 0.16362099, 0.16154291, 0.11202603, 0.06780542, 0.02824255, 0.03049691
4 0.30409934, 0.16471653, 0.40016240, 0.16735895, 0.14961371, 0.11682983, 0.08096676, 0.05705895, 0.12119640, 0.04210363
5 0.11725730, 0.23470274, 0.24039882, 0.11611542, 0.26565840, 0.22053551, 0.12192374, 0.24516302, 0.06867391, 0.09434778
                                                                                                                                    dr25.Si_S
1                                                                                                                                          NA
2 0.1114580117, 0.1427482922, 0.0102291426, 0.0125150241, 0.2102370164, 0.0605906405, 0.0050262829, -0.0008362033, 0.0632385384, 0.0047253367
3                                                                                                                                          NA
4            0.118437117, 0.032716102, 0.198748488, 0.037965869, 0.041959377, 0.010374958, 0.012541093, 0.010692883, 0.048055536, 0.003384385
5          0.027233195, -0.016500958, 0.033865189, 0.001037083, 0.172413138, 0.088217169, 0.019101834, 0.130723679, 0.001031659, -0.009042993
                                                                                                               dr25.Si_T
1                                                                                                                     NA
2 0.28121603, 0.22973988, 0.09333261, 0.14662672, 0.37075729, 0.14354659, 0.03554081, 0.06207351, 0.12011861, 0.05690272
3                                                                                                                     NA
4 0.31567366, 0.15098971, 0.40948828, 0.16518196, 0.16107553, 0.11238185, 0.05977827, 0.05732916, 0.13758636, 0.03303412
5 0.09664532, 0.22452452, 0.24274946, 0.08986685, 0.28383898, 0.23871426, 0.11847793, 0.25173215, 0.07198949, 0.07532704
                                                                                                                                     dc25.Si_S
1           0.007690363, 0.009557271, 0.181149596, 0.016270349, -0.001864844, -0.003105510, 0.206077377, 0.025675005, 0.025563649, 0.003366874
2            0.108161425, 0.140537378, 0.008744953, 0.011931709, 0.213468669, 0.058129488, 0.007084153, -0.003776328, 0.058297507, 0.005584689
3            0.055902082, 0.014296662, 0.262473395, 0.122544967, 0.078903866, 0.044035848, 0.027859639, 0.005787807, -0.003225852, 0.001919825
4             0.115635042, 0.033678032, 0.203625295, 0.036063026, 0.041337968, 0.008555944, 0.013261531, 0.010718637, 0.048055778, 0.004440559
5 2.423013e-02, -1.961078e-02, 3.458895e-02, 6.850182e-05, 1.667876e-01, 8.328837e-02, 2.150863e-02, 1.312727e-01, 3.376598e-03, -9.836037e-03
                                                                                                               dc25.Si_T
1 0.07098672, 0.16984083, 0.34997677, 0.17542889, 0.17251089, 0.10476022, 0.28624365, 0.09152611, 0.11735265, 0.06157755
2 0.27489887, 0.22662877, 0.09130590, 0.14209807, 0.37320859, 0.13404878, 0.05526697, 0.06944193, 0.11896034, 0.04978791
3 0.22929200, 0.13152383, 0.38519539, 0.23540246, 0.16167689, 0.16122509, 0.11089648, 0.06678288, 0.02830713, 0.03025872
4 0.30679742, 0.15787004, 0.40632798, 0.16753906, 0.14990083, 0.11827829, 0.07264773, 0.05223939, 0.12287425, 0.04265222
5 0.10957070, 0.23488753, 0.23589863, 0.11783962, 0.26935855, 0.22425806, 0.12174599, 0.24812038, 0.05990745, 0.09371877
Warning messages:
1: In hd.estimate(data, nb, B, cbind(1:nb, 1:nb), factors$p, log(data$theta),  :
  Possible issues with convergence: maximum number of iterations reached.
2: In hd.estimate(data, nb, B, nmat, factors$p, log(data$theta), rep(FALSE,  :
  Possible issues with convergence: maximum number of iterations reached.
3: In hd.estimate(data, nb, B, nmat, factors$p, log(data$theta), rep(FALSE,  :
  Possible issues with convergence: maximum number of iterations reached.
4: In hd.estimate(data, nb, B, cbind(1:nb, 1:nb), factors$p, log(data$theta),  :
  Possible issues with convergence: maximum number of iterations reached.
5: In hd.estimate(data, nb, B, cbind(1:nb, 1:nb), factors$p, log(data$theta),  :
  Possible issues with convergence: maximum number of iterations reached.
6: In hd.estimate(data, nb, B, cbind(1:nb, 1:nb), factors$p, log(data$theta),  :
  Possible issues with convergence: maximum number of iterations reached.
7: In hd.estimate(data, nb, B, nmat, factors$p, log(data$theta), rep(FALSE,  :
  Possible issues with convergence: maximum number of iterations reached.
> 
> proc.time()
    user   system  elapsed 
2963.235   82.237 3104.995 
