
R version 3.0.3 (2014-03-06) -- "Warm Puppy"
Copyright (C) 2014 The R Foundation for Statistical Computing
Platform: x86_64-unknown-linux-gnu (64-bit)

R is free software and comes with ABSOLUTELY NO WARRANTY.
You are welcome to redistribute it under certain conditions.
Type 'license()' or 'licence()' for distribution details.

  Natural language support but running in an English locale

R is a collaborative project with many contributors.
Type 'contributors()' for more information and
'citation()' on how to cite R or R packages in publications.

Type 'demo()' for some demos, 'help()' for on-line help, or
'help.start()' for an HTML browser interface to help.
Type 'q()' to quit R.

> print(.libPaths())
[1] "/usr/local/r-3.0.3/lib64/R/library"
> .libPaths("/mnt/home/rjparker/Rlib")
> print(.libPaths())
[1] "/mnt/home/rjparker/Rlib"            "/usr/local/r-3.0.3/lib64/R/library"
> setwd("/mnt/home/rjparker/git/block_int")
> 
> which_exp <- 1
> which_part <- 18
> source("R/sim_nblocks.R")
Loading required package: spam
Loading required package: grid
Spam version 0.41-0 (2014-02-26) is loaded.
Type 'help( Spam)' or 'demo( spam)' for a short introduction 
and overview of this package.
Help for individual functions is also obtained by adding the
suffix '.spam' to the function name, e.g. 'help( chol.spam)'.

Attaching package: ‘spam’

The following objects are masked from ‘package:base’:

    backsolve, forwardsolve

Loading required package: maps
   pred  p   b tau Nper_p Npred Nblock_obs_ind Fzero sigma2
1 FALSE 10 1.5  10     50  1000            100     0      1
[1] 0.8526972
             seed                 p               tau       orac.status 
         2069.000            10.000            10.000             1.000 
        orac.time       orac.rmse_p       full.status         full.time 
            1.534             0.275             1.000            43.486 
      full.rmse_t       full.rmse_p     full.rmse_s_S     full.rmse_s_T 
            0.150             0.278             0.001             0.004 
     ir250.status        ir250.time      ir250.rmse_t ir250.rmse_full_p 
            1.000             4.575             0.186             0.280 
   ir250.rmse_s_S    ir250.rmse_s_T      ic250.status        ic250.time 
            0.006             0.006             1.000             4.872 
[1] 0.7768009
             seed                 p               tau       orac.status 
         2070.000            10.000            10.000             1.000 
        orac.time       orac.rmse_p       full.status         full.time 
            1.257             0.281             1.000            41.889 
      full.rmse_t       full.rmse_p     full.rmse_s_S     full.rmse_s_T 
            0.128             0.281             0.001             0.004 
     ir250.status        ir250.time      ir250.rmse_t ir250.rmse_full_p 
            1.000             8.517             0.268             0.288 
   ir250.rmse_s_S    ir250.rmse_s_T      ic250.status        ic250.time 
            0.009             0.009             1.000             8.183 
[1] 1.006434
             seed                 p               tau       orac.status 
         2071.000            10.000            10.000             1.000 
        orac.time       orac.rmse_p       full.status         full.time 
            1.398             0.266             1.000            67.976 
      full.rmse_t       full.rmse_p     full.rmse_s_S     full.rmse_s_T 
            0.117             0.268             0.001             0.003 
     ir250.status        ir250.time      ir250.rmse_t ir250.rmse_full_p 
            1.000             9.371             0.161             0.268 
   ir250.rmse_s_S    ir250.rmse_s_T      ic250.status        ic250.time 
            0.004             0.004             1.000             6.186 
[1] 0.9000627
             seed                 p               tau       orac.status 
         2072.000            10.000            10.000             1.000 
        orac.time       orac.rmse_p       full.status         full.time 
            1.164             0.254             1.000            33.560 
      full.rmse_t       full.rmse_p     full.rmse_s_S     full.rmse_s_T 
            0.155             0.256             0.001             0.004 
     ir250.status        ir250.time      ir250.rmse_t ir250.rmse_full_p 
            1.000             4.507             0.249             0.259 
   ir250.rmse_s_S    ir250.rmse_s_T      ic250.status        ic250.time 
            0.005             0.005             1.000             4.701 
[1] 0.8550057
             seed                 p               tau       orac.status 
         2073.000            10.000            10.000             1.000 
        orac.time       orac.rmse_p       full.status         full.time 
            1.282             0.253             1.000            34.507 
      full.rmse_t       full.rmse_p     full.rmse_s_S     full.rmse_s_T 
            0.067             0.253             0.001             0.002 
     ir250.status        ir250.time      ir250.rmse_t ir250.rmse_full_p 
            1.000             9.004             0.213             0.255 
   ir250.rmse_s_S    ir250.rmse_s_T      ic250.status        ic250.time 
            0.005             0.005             1.000             6.307 
  [1] "seed"              "p"                 "tau"              
  [4] "orac.status"       "orac.time"         "orac.rmse_p"      
  [7] "full.status"       "full.time"         "full.rmse_t"      
 [10] "full.rmse_p"       "full.rmse_s_S"     "full.rmse_s_T"    
 [13] "ir250.status"      "ir250.time"        "ir250.rmse_t"     
 [16] "ir250.rmse_full_p" "ir250.rmse_s_S"    "ir250.rmse_s_T"   
 [19] "ic250.status"      "ic250.time"        "ic250.rmse_t"     
 [22] "ic250.rmse_full_p" "ic250.rmse_s_S"    "ic250.rmse_s_T"   
 [25] "ir100.status"      "ir100.time"        "ir100.rmse_t"     
 [28] "ir100.rmse_full_p" "ir100.rmse_s_S"    "ir100.rmse_s_T"   
 [31] "ic100.status"      "ic100.time"        "ic100.rmse_t"     
 [34] "ic100.rmse_full_p" "ic100.rmse_s_S"    "ic100.rmse_s_T"   
 [37] "ir50.status"       "ir50.time"         "ir50.rmse_t"      
 [40] "ir50.rmse_full_p"  "ir50.rmse_s_S"     "ir50.rmse_s_T"    
 [43] "ic50.status"       "ic50.time"         "ic50.rmse_t"      
 [46] "ic50.rmse_full_p"  "ic50.rmse_s_S"     "ic50.rmse_s_T"    
 [49] "ir25.status"       "ir25.time"         "ir25.rmse_t"      
 [52] "ir25.rmse_full_p"  "ir25.rmse_s_S"     "ir25.rmse_s_T"    
 [55] "ic25.status"       "ic25.time"         "ic25.rmse_t"      
 [58] "ic25.rmse_full_p"  "ic25.rmse_s_S"     "ic25.rmse_s_T"    
 [61] "dr50.status"       "dr50.time"         "dr50.rmse_t"      
 [64] "dr50.rmse_full_p"  "dr50.rmse_s_S"     "dr50.rmse_s_T"    
 [67] "dc50.status"       "dc50.time"         "dc50.rmse_t"      
 [70] "dc50.rmse_full_p"  "dc50.rmse_s_S"     "dc50.rmse_s_T"    
 [73] "dr25.status"       "dr25.time"         "dr25.rmse_t"      
 [76] "dr25.rmse_full_p"  "dr25.rmse_s_S"     "dr25.rmse_s_T"    
 [79] "dc25.status"       "dc25.time"         "dc25.rmse_t"      
 [82] "dc25.rmse_full_p"  "dc25.rmse_s_S"     "dc25.rmse_s_T"    
 [85] "orac.Si_S"         "orac.Si_T"         "full.Si_S"        
 [88] "full.Si_T"         "ir250.Si_S"        "ir250.Si_T"       
 [91] "ic250.Si_S"        "ic250.Si_T"        "ir100.Si_S"       
 [94] "ir100.Si_T"        "ic100.Si_S"        "ic100.Si_T"       
 [97] "ir50.Si_S"         "ir50.Si_T"         "ic50.Si_S"        
[100] "ic50.Si_T"         "ir25.Si_S"         "ir25.Si_T"        
[103] "ic25.Si_S"         "ic25.Si_T"         "dr50.Si_S"        
[106] "dr50.Si_T"         "dc50.Si_S"         "dc50.Si_T"        
[109] "dr25.Si_S"         "dr25.Si_T"         "dc25.Si_S"        
[112] "dc25.Si_T"        
  seed  p tau orac.status orac.time orac.rmse_p full.status full.time
1 2069 10  10        TRUE     1.534   0.2753938        TRUE    43.486
2 2070 10  10        TRUE     1.257   0.2805100        TRUE    41.889
3 2071 10  10        TRUE     1.398   0.2658491        TRUE    67.976
4 2072 10  10        TRUE     1.164   0.2540487        TRUE    33.560
5 2073 10  10        TRUE     1.282   0.2530037        TRUE    34.507
  full.rmse_t full.rmse_p full.rmse_s_S full.rmse_s_T ir250.status ir250.time
1   0.1498384   0.2781267  0.0012429191   0.004426525         TRUE      4.575
2   0.1283495   0.2812385  0.0007461072   0.004042637         TRUE      8.517
3   0.1165978   0.2682694  0.0012980049   0.003140161         TRUE      9.371
4   0.1554080   0.2560108  0.0009022543   0.003610921         TRUE      4.507
5   0.0671703   0.2530209  0.0005119576   0.002084757         TRUE      9.004
  ir250.rmse_t ir250.rmse_full_p ir250.rmse_s_S ir250.rmse_s_T ic250.status
1    0.1864615         0.2795034    0.005885001    0.005885001         TRUE
2    0.2684359         0.2876687    0.008996952    0.008996952         TRUE
3    0.1607631         0.2683841    0.003659147    0.003659147         TRUE
4    0.2485318         0.2592204    0.004879010    0.004879010         TRUE
5    0.2128500         0.2550613    0.005224735    0.005224735         TRUE
  ic250.time ic250.rmse_t ic250.rmse_full_p ic250.rmse_s_S ic250.rmse_s_T
1      4.872    0.2199843         0.2814832    0.006230936    0.006230936
2      8.183    0.3136282         0.2923300    0.010278895    0.010278895
3      6.186    0.1823709         0.2704063    0.004924749    0.004924749
4      4.701    0.2093569         0.2576600    0.004265998    0.004265998
5      6.307    0.2268285         0.2541804    0.006562109    0.006562109
  ir100.status ir100.time ir100.rmse_t ir100.rmse_full_p ir100.rmse_s_S
1         TRUE      2.741    0.3485123         0.2866608    0.009829401
2         TRUE      4.114    0.3537166         0.2884441    0.007597575
3         TRUE      2.612    0.2045900         0.2749682    0.004818540
4         TRUE      2.814    0.2406308         0.2595537    0.003360823
5         TRUE      4.470    0.3337891         0.2833249    0.010474417
  ir100.rmse_s_T ic100.status ic100.time ic100.rmse_t ic100.rmse_full_p
1    0.009829401         TRUE      2.527    0.3321845         0.2914215
2    0.007597575         TRUE      2.194    0.1683863         0.2868282
3    0.004818540         TRUE      3.173    0.2351535         0.2753862
4    0.003360823         TRUE      1.783    0.1629707         0.2565729
5    0.010474417         TRUE      2.195    0.1253006         0.2560762
  ic100.rmse_s_S ic100.rmse_s_T ir50.status ir50.time ir50.rmse_t
1    0.008879639    0.008879639        TRUE     3.291   0.4015339
2    0.005019293    0.005019293        TRUE     8.219   0.4655076
3    0.005228225    0.005228225        TRUE     3.659   0.4465198
4    0.002572881    0.002572881        TRUE     4.096   0.3329477
5    0.003372760    0.003372760        TRUE     5.729   0.5882627
  ir50.rmse_full_p ir50.rmse_s_S ir50.rmse_s_T ic50.status ic50.time
1        0.3216145   0.013876487   0.013876487        TRUE     2.326
2        0.2942891   0.008488318   0.008488318        TRUE     3.475
3        0.2828150   0.006630290   0.006630290        TRUE     2.161
4        0.2642054   0.005888303   0.005888303        TRUE     3.178
5        0.3126953   0.014854283   0.014854283        TRUE     2.727
  ic50.rmse_t ic50.rmse_full_p ic50.rmse_s_S ic50.rmse_s_T ir25.status
1   0.2929268        0.2837458   0.008606379   0.008606379        TRUE
2   0.2119315        0.2841861   0.007074212   0.007074212        TRUE
3   0.2740925        0.2723483   0.004775663   0.004775663       FALSE
4   0.2215345        0.2656568   0.005010302   0.005010302        TRUE
5   0.2090971        0.2595097   0.006982183   0.006982183        TRUE
  ir25.time ir25.rmse_t ir25.rmse_full_p ir25.rmse_s_S ir25.rmse_s_T
1     5.699   0.3477575        0.3062260    0.01064849    0.01064849
2    14.320   0.3855484        0.3008275    0.01285172    0.01285172
3    19.213          NA               NA            NA            NA
4    10.572   0.7537373        0.2978681    0.01866883    0.01866883
5     5.033   0.8917616        0.3411474    0.01865073    0.01865073
  ic25.status ic25.time ic25.rmse_t ic25.rmse_full_p ic25.rmse_s_S
1        TRUE     4.028   0.2612176        0.2833459   0.007198284
2        TRUE     8.261   0.3549144        0.2935226   0.013443705
3        TRUE     4.518   0.4304039        0.2805154   0.006785698
4        TRUE     4.813   0.4415368        0.2780458   0.008331747
5        TRUE     5.173   0.3640653        0.2897488   0.010567042
  ic25.rmse_s_T dr50.status dr50.time dr50.rmse_t dr50.rmse_full_p
1   0.007198284        TRUE     4.369   0.2967147        0.2903272
2   0.013443705        TRUE     7.573   0.2593220        0.2891068
3   0.006785698        TRUE     5.053   0.2656327        0.2794848
4   0.008331747        TRUE     3.218   0.2810718        0.2639139
5   0.010567042        TRUE     6.243   0.2615645        0.2664995
  dr50.rmse_s_S dr50.rmse_s_T dc50.status dc50.time dc50.rmse_t
1   0.009476325   0.009476325        TRUE     3.337   0.2901777
2   0.006732987   0.006732987        TRUE     4.049   0.1684815
3   0.005029601   0.005029601        TRUE     4.458   0.2414498
4   0.004855209   0.004855209        TRUE     3.342   0.2641479
5   0.007960989   0.007960989        TRUE     3.041   0.1495278
  dc50.rmse_full_p dc50.rmse_s_S dc50.rmse_s_T dr25.status dr25.time
1        0.2942699   0.008470477   0.008470477        TRUE     4.420
2        0.2810804   0.005412231   0.005412231        TRUE     8.821
3        0.2763632   0.004690417   0.004690417        TRUE    13.311
4        0.2638422   0.004931698   0.004931698        TRUE     5.943
5        0.2554095   0.003905589   0.003905589        TRUE     7.326
  dr25.rmse_t dr25.rmse_full_p dr25.rmse_s_S dr25.rmse_s_T dc25.status
1   0.4314356        0.3029051   0.013536359   0.013536359        TRUE
2   0.3607226        0.3089744   0.018053174   0.018053174        TRUE
3   0.3945845        0.2895019   0.007990374   0.007990374        TRUE
4   0.3172856        0.2629404   0.005552996   0.005552996        TRUE
5   0.5546582        0.3125927   0.015458074   0.015458074        TRUE
  dc25.time dc25.rmse_t dc25.rmse_full_p dc25.rmse_s_S dc25.rmse_s_T
1     3.820   0.3866997        0.2929879   0.010461030   0.010461030
2     6.433   0.1120985        0.2855201   0.003863774   0.003863774
3     3.894   0.2872391        0.2728565   0.004445307   0.004445307
4     5.206   0.3009531        0.2663914   0.005475403   0.005475403
5     4.353   0.3055290        0.2656967   0.004954839   0.004954839
                                                                                                                                    orac.Si_S
1 0.1030766164, 0.0180850313, 0.0690442906, 0.0467526643, 0.0049004565, 0.1893824084, 0.0292867476, 0.0138164187, 0.0009596658, -0.0061789231
2            0.171273446, 0.066310636, 0.005760629, 0.053266777, 0.009467504, 0.026199435, 0.022868363, 0.031930096, 0.045366979, 0.002066706
3           0.338952368, 0.145173990, 0.004963320, 0.049727954, 0.003825383, 0.033007268, -0.004430688, 0.006336915, 0.084631137, 0.007947220
4            0.132484524, 0.014388186, 0.005383757, 0.246933613, 0.020652766, 0.003818719, 0.069657603, 0.058460727, 0.026791352, 0.008576668
5            0.127009296, 0.065867284, 0.027676987, 0.058672674, 0.018717295, 0.005064667, 0.147788691, 0.097174138, 0.001082442, 0.020005019
                                                                                                               orac.Si_T
1 0.18721324, 0.13547613, 0.25730290, 0.16240164, 0.12463249, 0.39013887, 0.17197080, 0.09783204, 0.12383698, 0.06237792
2 0.30052871, 0.30329426, 0.13387927, 0.24162345, 0.12515151, 0.15629299, 0.13642736, 0.14465870, 0.12581677, 0.04593233
3 0.42249778, 0.25112977, 0.10311972, 0.11668665, 0.11850601, 0.13569969, 0.11364069, 0.04470616, 0.11791053, 0.04257757
4 0.23871506, 0.11532465, 0.14530764, 0.35185913, 0.11412891, 0.11792605, 0.18073880, 0.16804855, 0.07228688, 0.03481106
5 0.24982356, 0.23705225, 0.17237249, 0.22585380, 0.14025728, 0.07867629, 0.23015296, 0.14648265, 0.07882670, 0.05781283
                                                                                                                          full.Si_S
1 0.103392059, 0.015422173, 0.068125601, 0.047105128, 0.006414389, 0.189767651, 0.028160241, 0.013283934, 0.001047078, -0.007992576
2  0.172186574, 0.067018139, 0.004746800, 0.051826046, 0.008721336, 0.026407343, 0.023128724, 0.031715635, 0.044750190, 0.002252822
3 0.335263986, 0.146651728, 0.005309633, 0.049438952, 0.003473167, 0.032758587, -0.003989685, 0.006334116, 0.083954056, 0.008081435
4  0.134084913, 0.015785622, 0.005000681, 0.246285189, 0.021348545, 0.003449070, 0.070756817, 0.058200699, 0.026270378, 0.007632578
5  0.127942023, 0.066422304, 0.027292490, 0.058974863, 0.018948964, 0.005380963, 0.148209597, 0.096242600, 0.001126682, 0.019948219
                                                                                                               full.Si_T
1 0.18356826, 0.13113880, 0.26459589, 0.16361045, 0.11704759, 0.39040687, 0.17821768, 0.09553228, 0.12544588, 0.06454367
2 0.30154499, 0.30561439, 0.13711859, 0.24633555, 0.12883166, 0.15893512, 0.12959262, 0.14419941, 0.11851997, 0.04402869
3 0.41638162, 0.24873768, 0.10513789, 0.11935036, 0.11861062, 0.14045579, 0.11390614, 0.04278318, 0.11641980, 0.04653815
4 0.24027857, 0.10962058, 0.14367734, 0.34816982, 0.12059538, 0.11963806, 0.18471841, 0.16821544, 0.06798749, 0.03460708
5 0.25158112, 0.23754357, 0.16952188, 0.22439064, 0.13919047, 0.08139492, 0.23306120, 0.14308260, 0.07945506, 0.05685220
                                                                                                                                  ir250.Si_S
1          0.101987576, 0.015367717, 0.067756957, 0.048277262, 0.005619701, 0.189815577, 0.028184816, 0.012960776, 0.001267996, -0.007750110
2           0.171258913, 0.067840105, 0.006093593, 0.053249213, 0.008740133, 0.027295938, 0.021401667, 0.032312721, 0.043798515, 0.001867913
3          0.338004670, 0.148068401, 0.004784804, 0.048898408, 0.002705362, 0.031481711, -0.004274261, 0.007099834, 0.081439750, 0.006896202
4           0.132899829, 0.015715876, 0.004474826, 0.248889189, 0.020400196, 0.003060971, 0.071698963, 0.058821330, 0.026043917, 0.007336252
5 0.1254462976, 0.0651685650, 0.0284830965, 0.0586076464, 0.0207490590, 0.0050017359, 0.1443149543, 0.0966817026, 0.0009014769, 0.0210877177
                                                                                                              ir250.Si_T
1           0.1813494, 0.1270161, 0.2650290, 0.1629895, 0.1174073, 0.3953627, 0.1805054, 0.1022788, 0.1231433, 0.0595939
2 0.29097040, 0.30264723, 0.14305343, 0.25921221, 0.13418557, 0.15734826, 0.12682993, 0.14205707, 0.11390927, 0.04506862
3 0.41897064, 0.25271388, 0.10160124, 0.12153569, 0.12021340, 0.13955668, 0.11569301, 0.03951967, 0.11265179, 0.04664782
4 0.23948851, 0.10573807, 0.13922376, 0.35381316, 0.11968992, 0.11787009, 0.18369794, 0.17382227, 0.06747854, 0.03188287
5 0.24870837, 0.24949913, 0.17986578, 0.22582222, 0.13695957, 0.07768018, 0.22452182, 0.14380840, 0.07692588, 0.06032642
                                                                                                                                  ic250.Si_S
1          0.102008534, 0.015392819, 0.068296029, 0.048020227, 0.005913560, 0.191640813, 0.027416963, 0.012629598, 0.002045392, -0.007427992
2           0.172151468, 0.071753089, 0.007670678, 0.052355411, 0.009829084, 0.027517285, 0.022521904, 0.031096534, 0.042579074, 0.003784996
3          0.336940992, 0.148218205, 0.005163497, 0.048199104, 0.003532782, 0.033106441, -0.002673423, 0.006737996, 0.083311378, 0.007609786
4           0.133199974, 0.016311401, 0.004797958, 0.246875882, 0.021248638, 0.003323239, 0.070607382, 0.058509559, 0.026138895, 0.007766047
5 0.1250029852, 0.0647176413, 0.0272150319, 0.0590362685, 0.0215110717, 0.0056317974, 0.1444412425, 0.0970059520, 0.0006508655, 0.0194605979
                                                                                                              ic250.Si_T
1 0.18276428, 0.12952702, 0.26581996, 0.16345624, 0.11288946, 0.39811916, 0.17886985, 0.09489347, 0.12436262, 0.06123081
2 0.28791667, 0.30362854, 0.13576517, 0.26141038, 0.13847245, 0.15523504, 0.12699195, 0.15000186, 0.11149394, 0.04694021
3 0.41969721, 0.24864915, 0.10820339, 0.12042569, 0.12095031, 0.13866494, 0.11216423, 0.03427688, 0.11555974, 0.05015830
4 0.23929290, 0.10627373, 0.14335251, 0.35020423, 0.11950403, 0.12174584, 0.18671037, 0.16982183, 0.06912439, 0.03387043
5 0.24705983, 0.25078633, 0.18354180, 0.22748809, 0.14244869, 0.07620189, 0.22323051, 0.13958718, 0.07910373, 0.05848775
                                                                                                                                  ir100.Si_S
1          0.103950190, 0.012676671, 0.069758351, 0.047246997, 0.007203538, 0.192282078, 0.025379444, 0.010945953, 0.002282883, -0.007890277
2 0.1721627532, 0.0680624651, 0.0056189217, 0.0530136893, 0.0079857872, 0.0233463750, 0.0262772834, 0.0317803647, 0.0450309433, 0.0008960808
3          0.334276212, 0.144477208, 0.004559275, 0.047631986, 0.004111342, 0.033847060, -0.004104634, 0.006393497, 0.086675011, 0.007569823
4           0.133521534, 0.016545816, 0.005232059, 0.246523733, 0.019966950, 0.003634031, 0.069009222, 0.059518365, 0.025372560, 0.008072804
5 0.1267250396, 0.0685564558, 0.0287481580, 0.0609194617, 0.0157939665, 0.0058644988, 0.1419495747, 0.0971976938, 0.0005283608, 0.0231934347
                                                                                                              ir100.Si_T
1 0.18326503, 0.11627183, 0.27665658, 0.16325338, 0.11395190, 0.39760732, 0.17781449, 0.09704247, 0.12401136, 0.06373139
2 0.28550481, 0.31583832, 0.13525339, 0.24388467, 0.11696355, 0.16298585, 0.13594579, 0.14992046, 0.12194978, 0.04023584
3 0.41994837, 0.25229816, 0.10154600, 0.11518943, 0.12142455, 0.14067326, 0.11599613, 0.03339109, 0.12296322, 0.04779650
4 0.23789836, 0.10718152, 0.14386998, 0.35526784, 0.11493254, 0.12058541, 0.18196477, 0.17055472, 0.06821131, 0.03522981
5 0.25256563, 0.23605567, 0.17042535, 0.23871178, 0.12128937, 0.09211497, 0.24238798, 0.13717554, 0.06838716, 0.06362844
                                                                                                                         ic100.Si_S
1 0.101992249, 0.014730512, 0.070222134, 0.046890586, 0.005921445, 0.190874366, 0.025893799, 0.011555663, 0.002823830, -0.004496213
2  0.172721944, 0.068140786, 0.005432171, 0.051626192, 0.009330443, 0.023096709, 0.022204047, 0.030311945, 0.044981163, 0.002857413
3 0.336874037, 0.148648122, 0.004871095, 0.047483065, 0.004360373, 0.034072329, -0.002724114, 0.007093054, 0.083830961, 0.008221274
4  0.133130358, 0.015694078, 0.005262966, 0.246366353, 0.019886011, 0.003738644, 0.069150808, 0.059089913, 0.025797389, 0.008357924
5  0.126863504, 0.065467762, 0.027564716, 0.057376333, 0.017559096, 0.004720865, 0.146623370, 0.098668051, 0.001455103, 0.019560819
                                                                                                              ic100.Si_T
1 0.19046400, 0.12393622, 0.27653115, 0.16469280, 0.11348644, 0.39437603, 0.17583633, 0.09894656, 0.12655080, 0.05217836
2 0.29998130, 0.30935913, 0.12997542, 0.24584916, 0.13505180, 0.15581450, 0.13500416, 0.14003995, 0.11815875, 0.04715935
3 0.42104321, 0.25039071, 0.10850648, 0.11871983, 0.12213454, 0.14217561, 0.11181908, 0.03156842, 0.11798220, 0.04512767
4 0.23880013, 0.11029498, 0.14415761, 0.35469037, 0.11369226, 0.12051829, 0.18236473, 0.17130087, 0.06906225, 0.03379912
5 0.25151968, 0.23573532, 0.16906172, 0.23130292, 0.13751318, 0.07604093, 0.22522343, 0.14724025, 0.07741363, 0.06302280
                                                                                                                                    ir50.Si_S
1           0.098766030, 0.015125239, 0.071261702, 0.052284675, 0.002793134, 0.186983105, 0.026297664, 0.015623178, 0.005171355, -0.002154169
2 0.1736333906, 0.0630866507, 0.0066037283, 0.0551725535, 0.0065598803, 0.0229337835, 0.0266284679, 0.0299534761, 0.0463325576, -0.0004645925
3           0.339429975, 0.142918283, 0.004485271, 0.046425330, 0.005061637, 0.033149194, -0.004356317, 0.006864371, 0.089049967, 0.006640008
4            0.131542586, 0.016514223, 0.004458446, 0.247408319, 0.019409474, 0.002853718, 0.069226166, 0.062285302, 0.023998298, 0.008470997
5  0.1243419294, 0.0653896761, 0.0311400222, 0.0605681107, 0.0176454285, 0.0028272858, 0.1368980841, 0.0993755679, 0.0003964094, 0.0215171592
                                                                                                               ir50.Si_T
1 0.19239967, 0.12952402, 0.27521120, 0.16772091, 0.09885857, 0.39966764, 0.17279959, 0.10980833, 0.13503485, 0.04025017
2 0.30052792, 0.32091390, 0.13799311, 0.22833558, 0.11796089, 0.14744004, 0.13838507, 0.13914962, 0.13072098, 0.04061641
3 0.43380664, 0.25496590, 0.09533389, 0.11305861, 0.11600805, 0.13968884, 0.11623471, 0.03665993, 0.12864875, 0.03879789
4 0.23043391, 0.11185685, 0.13924516, 0.36132008, 0.11455954, 0.11860237, 0.18056010, 0.17824191, 0.06729046, 0.03159996
5 0.25228822, 0.24344463, 0.17747404, 0.24744179, 0.11009009, 0.07560777, 0.24278880, 0.15017126, 0.06014267, 0.07283465
                                                                                                                                   ic50.Si_S
1          0.100209626, 0.015423594, 0.071999049, 0.049400630, 0.005917695, 0.190754125, 0.026419179, 0.013787837, 0.003317041, -0.006495769
2           0.172550261, 0.065349453, 0.006341903, 0.051067986, 0.008685527, 0.025211882, 0.022529317, 0.031369777, 0.045308766, 0.001639106
3          0.338375670, 0.144378508, 0.004478266, 0.047260807, 0.003539826, 0.033820165, -0.004046192, 0.006273032, 0.086422653, 0.006517960
4           0.129190431, 0.016168721, 0.004507580, 0.246207773, 0.019628837, 0.003050010, 0.068632366, 0.061241297, 0.025183990, 0.008161475
5 0.1225292534, 0.0665585087, 0.0299506098, 0.0575208214, 0.0195929660, 0.0039546898, 0.1497913171, 0.1016118951, 0.0006305865, 0.0177710548
                                                                                                               ic50.Si_T
1 0.17634174, 0.13174878, 0.27508182, 0.15758538, 0.11297536, 0.39643327, 0.16824040, 0.10513283, 0.12547349, 0.05748662
2 0.31462589, 0.31226912, 0.13328831, 0.24609196, 0.12714353, 0.14542235, 0.13134515, 0.13798688, 0.12816593, 0.04424417
3 0.42771259, 0.25725162, 0.10105822, 0.11528839, 0.11759936, 0.13596049, 0.11418823, 0.03403570, 0.12294794, 0.04667261
4 0.23245679, 0.11144002, 0.14243332, 0.35929305, 0.11800350, 0.12270758, 0.18245623, 0.17558531, 0.07055045, 0.02910079
5 0.23127198, 0.23845167, 0.17501475, 0.22948359, 0.14319686, 0.07283396, 0.23060782, 0.15316046, 0.08380610, 0.05483560
                                                                                                                                    ir25.Si_S
1           0.097776916, 0.014989650, 0.071742182, 0.051024139, 0.003072241, 0.186865953, 0.025752012, 0.014626836, 0.005306157, -0.002757287
2            0.166530066, 0.068030318, 0.005810842, 0.053490352, 0.011428900, 0.026552960, 0.028229674, 0.029461789, 0.041275344, 0.003302882
3                                                                                                                                          NA
4            0.128147990, 0.013159615, 0.005854066, 0.247003423, 0.012268310, 0.003499116, 0.065839804, 0.053496471, 0.023589523, 0.011173578
5 0.1177415455, 0.0671404143, 0.0329963652, 0.0628563911, 0.0220558875, 0.0023858370, 0.1415105702, 0.1034637711, -0.0001327726, 0.0202949360
                                                                                                               ir25.Si_T
1 0.19184286, 0.13153366, 0.26756415, 0.16908500, 0.10473902, 0.39948571, 0.17277588, 0.10372100, 0.13589253, 0.04554972
2 0.31287828, 0.31740408, 0.11151622, 0.21988803, 0.11957959, 0.16330110, 0.13840745, 0.15576841, 0.12746437, 0.05676346
3                                                                                                                     NA
4 0.23965867, 0.12225980, 0.14732002, 0.38402471, 0.08092369, 0.09650271, 0.18009508, 0.19495711, 0.08262131, 0.03262968
5 0.24148631, 0.26788416, 0.17850081, 0.23647789, 0.13289006, 0.07055766, 0.25957320, 0.16455732, 0.04736672, 0.06021961
                                                                                                                                   ic25.Si_S
1          0.101538373, 0.014910074, 0.071027000, 0.047075843, 0.005767019, 0.192003337, 0.025516632, 0.011269341, 0.003240671, -0.005526290
2           0.171419795, 0.067301435, 0.009193896, 0.053675236, 0.006571602, 0.026063607, 0.022858624, 0.031704501, 0.043401507, 0.001137389
3          0.343809462, 0.148178508, 0.003907815, 0.047603136, 0.003662941, 0.031667067, -0.001920233, 0.007897819, 0.083383616, 0.006525662
4           0.130362680, 0.016589437, 0.003902404, 0.250006498, 0.020029015, 0.002683881, 0.070411685, 0.062114110, 0.023846571, 0.006303087
5 0.1241637160, 0.0672119246, 0.0302184779, 0.0582511844, 0.0160476453, 0.0039317396, 0.1400326977, 0.1007667123, 0.0004451495, 0.0210737412
                                                                                                               ic25.Si_T
1 0.18686755, 0.12283415, 0.26985380, 0.16515696, 0.11586902, 0.40016991, 0.17253849, 0.09443345, 0.12542900, 0.06125112
2 0.28627755, 0.30499583, 0.14386586, 0.27147923, 0.12839713, 0.13816572, 0.13003355, 0.15207939, 0.13119133, 0.03383785
3 0.43365470, 0.25723621, 0.09894331, 0.12530967, 0.11683843, 0.13686851, 0.10987992, 0.03158996, 0.12076276, 0.03967372
4 0.23277600, 0.09893079, 0.13760992, 0.36313199, 0.12437170, 0.11655194, 0.18162532, 0.17456636, 0.06540105, 0.03229487
5 0.24648082, 0.23282085, 0.17628671, 0.24740059, 0.12029897, 0.07815500, 0.23701551, 0.14835431, 0.07029689, 0.06708638
                                                                                                                                   dr50.Si_S
1          0.103822663, 0.013521828, 0.070372704, 0.047985262, 0.005381500, 0.190268949, 0.026252567, 0.012306138, 0.002903547, -0.006262476
2           0.171648519, 0.069859001, 0.007923478, 0.054533765, 0.008162565, 0.023456497, 0.024480459, 0.030605156, 0.043367082, 0.001901915
3          0.336312205, 0.145491705, 0.004895236, 0.046765794, 0.004680756, 0.032794545, -0.004353100, 0.006818690, 0.086497622, 0.007081937
4           0.132258784, 0.016835707, 0.005250608, 0.248378156, 0.019691888, 0.003620520, 0.068977503, 0.060411322, 0.025345243, 0.007542288
5 0.1245287232, 0.0667569376, 0.0297266777, 0.0604368897, 0.0197141945, 0.0048707371, 0.1419843247, 0.1009343759, 0.0007883895, 0.0200309108
                                                                                                               dr50.Si_T
1 0.19048931, 0.11811573, 0.27444204, 0.16794169, 0.11083518, 0.39437802, 0.17484279, 0.10160126, 0.12663926, 0.05760247
2           0.2868966, 0.3133209, 0.1324382, 0.2495901, 0.1259786, 0.1498669, 0.1363835, 0.1515491, 0.1226788, 0.0444784
3 0.42164786, 0.24879184, 0.09787155, 0.11804825, 0.11808479, 0.14348838, 0.11960107, 0.03490340, 0.12195664, 0.04550174
4 0.23762005, 0.10340212, 0.14360525, 0.35850659, 0.11723455, 0.12014675, 0.18020611, 0.17111710, 0.06790959, 0.03344687
5 0.24160340, 0.24902994, 0.18469685, 0.23591386, 0.13771143, 0.07475813, 0.22656400, 0.14426601, 0.06829470, 0.06218234
                                                                                                                          dc50.Si_S
1 0.102782703, 0.014683683, 0.071098379, 0.048447522, 0.003889529, 0.189680468, 0.027148728, 0.013596649, 0.004220657, -0.006703252
2  0.173466467, 0.067286482, 0.005185263, 0.048171967, 0.009929897, 0.024748029, 0.021601201, 0.030925060, 0.046667010, 0.002669787
3 0.336402546, 0.146083866, 0.004691102, 0.046745893, 0.004468106, 0.034354214, -0.004306996, 0.006399353, 0.085484664, 0.007420782
4  0.130633000, 0.016659912, 0.004492434, 0.247164588, 0.020406779, 0.002993088, 0.069227564, 0.061138858, 0.024821723, 0.007539240
5  0.126480600, 0.068071266, 0.028840598, 0.058245704, 0.018410601, 0.004424220, 0.149269774, 0.100079950, 0.001338615, 0.018551973
                                                                                                               dc50.Si_T
1 0.19252571, 0.12962635, 0.26708953, 0.16873917, 0.10279708, 0.39290498, 0.17032051, 0.10065277, 0.12872143, 0.06201622
2 0.30819264, 0.30752135, 0.12936897, 0.24988815, 0.13230205, 0.15805841, 0.13124827, 0.13865809, 0.12337243, 0.04378334
3 0.42166922, 0.25146891, 0.10383150, 0.11486750, 0.11901954, 0.14297297, 0.11768702, 0.03319397, 0.11975930, 0.04572350
4           0.2339327, 0.1072089, 0.1416184, 0.3565744, 0.1212999, 0.1223463, 0.1826371, 0.1720855, 0.0675123, 0.0325803
5 0.24146798, 0.23920403, 0.16483165, 0.22537348, 0.14141910, 0.07792358, 0.23388718, 0.14788802, 0.07708824, 0.05818344
                                                                                                                                   dr25.Si_S
1          0.103652045, 0.011750909, 0.076336093, 0.049902328, 0.005032922, 0.191187319, 0.023976058, 0.014064430, 0.004661193, -0.006578078
2           0.176592123, 0.074724965, 0.006079662, 0.046940268, 0.012919214, 0.021607988, 0.026531765, 0.024931034, 0.045174750, 0.003761727
3          0.337918358, 0.142412520, 0.004491091, 0.046506527, 0.004361103, 0.032125457, -0.005836720, 0.007121966, 0.089314932, 0.005613491
4           0.129484214, 0.016144252, 0.004802888, 0.249728931, 0.019846919, 0.002992467, 0.068765114, 0.061276415, 0.024786157, 0.008163256
5 0.1220127926, 0.0659389104, 0.0332683263, 0.0604266980, 0.0169994252, 0.0030430143, 0.1392403677, 0.1044223439, 0.0003369957, 0.0194122295
                                                                                                               dr25.Si_T
1 0.18756315, 0.12113328, 0.28439484, 0.16448962, 0.09916429, 0.39460634, 0.16243295, 0.10266062, 0.13355465, 0.05908372
2 0.31336747, 0.32765291, 0.09064752, 0.23668673, 0.13741137, 0.15601121, 0.15048167, 0.16058286, 0.12784668, 0.04735747
3 0.42878523, 0.25739899, 0.08733878, 0.11372688, 0.11470914, 0.14164281, 0.11997447, 0.03560203, 0.12909610, 0.04457026
4 0.23112342, 0.10729114, 0.14354619, 0.36320252, 0.11626007, 0.11868709, 0.18222074, 0.17327113, 0.07001989, 0.03097956
5 0.23405002, 0.24632628, 0.18106968, 0.25242185, 0.12508273, 0.07683116, 0.24357401, 0.14978089, 0.05177940, 0.06862836
                                                                                                                                   dc25.Si_S
1          0.103292759, 0.013042554, 0.073893525, 0.049678223, 0.005684154, 0.191856445, 0.025508759, 0.013463358, 0.003952435, -0.006778052
2           0.170576316, 0.066685791, 0.007387124, 0.055444275, 0.009336891, 0.026219643, 0.023430603, 0.031339167, 0.043702467, 0.002394031
3          0.340687342, 0.145712455, 0.004636841, 0.047567494, 0.003631256, 0.033503670, -0.004586755, 0.006771397, 0.085547193, 0.006675532
4           0.130542025, 0.016437521, 0.004995986, 0.247288561, 0.019455115, 0.003890213, 0.068138893, 0.060563833, 0.024863063, 0.008224369
5 0.1247930904, 0.0692774138, 0.0297872871, 0.0569936371, 0.0183459052, 0.0042021499, 0.1460640536, 0.1040555365, 0.0006140579, 0.0178908290
                                                                                                               dc25.Si_T
1 0.18489904, 0.12132636, 0.27819711, 0.16116522, 0.10707305, 0.39551525, 0.16638747, 0.10607536, 0.12639254, 0.05959094
2           0.2996069, 0.3034291, 0.1344901, 0.2442804, 0.1248939, 0.1475756, 0.1406657, 0.1514452, 0.1267672, 0.0458727
3 0.42939768, 0.25794729, 0.09941122, 0.11484970, 0.11603499, 0.13951050, 0.11356713, 0.03740146, 0.12105439, 0.04099113
4 0.23561298, 0.10437368, 0.14397866, 0.36068548, 0.11566499, 0.12406522, 0.18262798, 0.17281085, 0.06845566, 0.03171149
5 0.24307646, 0.24179421, 0.16827961, 0.23387212, 0.14029275, 0.07316382, 0.22914539, 0.15280209, 0.07382795, 0.05746166
Warning message:
In hd.estimate(data, nb, B, cbind(1:nb, 1:nb), factors$p, log(data$theta),  :
  Possible issues with convergence: maximum number of iterations reached.
> 
> proc.time()
    user   system  elapsed 
1006.511   17.788 1040.737 
