
R version 3.0.3 (2014-03-06) -- "Warm Puppy"
Copyright (C) 2014 The R Foundation for Statistical Computing
Platform: x86_64-unknown-linux-gnu (64-bit)

R is free software and comes with ABSOLUTELY NO WARRANTY.
You are welcome to redistribute it under certain conditions.
Type 'license()' or 'licence()' for distribution details.

  Natural language support but running in an English locale

R is a collaborative project with many contributors.
Type 'contributors()' for more information and
'citation()' on how to cite R or R packages in publications.

Type 'demo()' for some demos, 'help()' for on-line help, or
'help.start()' for an HTML browser interface to help.
Type 'q()' to quit R.

> print(.libPaths())
[1] "/usr/local/r-3.0.3/lib64/R/library"
> .libPaths("/mnt/home/rjparker/Rlib")
> print(.libPaths())
[1] "/mnt/home/rjparker/Rlib"            "/usr/local/r-3.0.3/lib64/R/library"
> setwd("/mnt/home/rjparker/git/block_int")
> 
> which_exp <- 6
> which_part <- 14
> source("R/sim_nblocks_pred.R")
Loading required package: spam
Loading required package: grid
Spam version 0.41-0 (2014-02-26) is loaded.
Type 'help( Spam)' or 'demo( spam)' for a short introduction 
and overview of this package.
Help for individual functions is also obtained by adding the
suffix '.spam' to the function name, e.g. 'help( chol.spam)'.

Attaching package: ‘spam’

The following objects are masked from ‘package:base’:

    backsolve, forwardsolve

Loading required package: maps
  pred  p b tau Nper_p Npred Fzero sigma2
6 TRUE 10 4  10  10000  1000     0      1
[1] 0.7336899
$full.time
[1] 0.083

$full.rmse
[1] 0.03874844

$full.time
[1] 0.083

$full.rmse
[1] 0.03874844

$l25.time
[1] 4.578

$l25.rmse
[1] 0.1060827

$l50.time
[1] 4.551

$l50.rmse
[1] 0.07731208

$l100.time
[1] 5.898

$l100.rmse
[1] 0.05810855

$l250.time
[1] 21.129

$l250.rmse
[1] 0.04695002

$l500.time
[1] 104.481

$l500.rmse
[1] 0.04424707

$o25_i.ptime
[1] 0.281

$o25_i.time
[1] 0.275

$o25_i.rmse
[1] 0.5060006

$o50_i.ptime
[1] 0.584

$o50_i.time
[1] 0.188

$o50_i.rmse
[1] 0.4101227

$o100_i.ptime
[1] 0.236

$o100_i.time
[1] 0.154

$o100_i.rmse
[1] 0.278022

$o250_i.ptime
[1] 0.667

$o250_i.time
[1] 0.141

$o250_i.rmse
[1] 0.1702624

$o500_i.ptime
[1] 1.905

$o500_i.time
[1] 0.163

$o500_i.rmse
[1] 0.1158758

$o25_d.ptime
[1] 0.639

$o25_d.time
[1] 0.494

$o25_d.rmse
[1] 0.322856

$o50_d.ptime
[1] 0.149

$o50_d.time
[1] 0.622

$o50_d.rmse
[1] 0.2387746

$o100_d.ptime
[1] 0.059

$o100_d.time
[1] 1.293

$o100_d.rmse
[1] 0.1681666

$o250_d.ptime
[1] 0.029

$o250_d.time
[1] 6.202

$o250_d.rmse
[1] 0.1046767

$o500_d.ptime
[1] 0.028

$o500_d.time
[1] 29.065

$o500_d.rmse
[1] 0.07219153

$c25_i.ptime
[1] 1.699

$c25_i.time
[1] 0.294

$c25_i.rmse
[1] 0.2523927

$c50_i.ptime
[1] 1.331

$c50_i.time
[1] 0.2

$c50_i.rmse
[1] 0.1776689

$c100_i.ptime
[1] 0.95

$c100_i.time
[1] 0.167

$c100_i.rmse
[1] 0.134303

$c250_i.ptime
[1] 0.9

$c250_i.time
[1] 0.147

$c250_i.rmse
[1] 0.1010946

$c500_i.ptime
[1] 2.139

$c500_i.time
[1] 0.171

$c500_i.rmse
[1] 0.08070179

$c25_d.ptime
[1] 2.209

$c25_d.time
[1] 1.055

$c25_d.rmse
[1] 0.1771803

$c50_d.ptime
[1] 1.205

$c50_d.time
[1] 1.175

$c50_d.rmse
[1] 0.1327812

$c100_d.ptime
[1] 0.64

$c100_d.time
[1] 2.261

$c100_d.rmse
[1] 0.09904313

$c250_d.ptime
[1] 0.579

$c250_d.time
[1] 8.436

$c250_d.rmse
[1] 0.07465853

$c500_d.ptime
[1] 0.671

$c500_d.time
[1] 33.319

$c500_d.rmse
[1] 0.0630952

$s25.ptime
[1] 0.551

$s25.time
[1] 0.001

$s25.rmse
[1] 0.5972729

$s50.ptime
[1] 0.29

$s50.time
[1] 0.002

$s50.rmse
[1] 0.4014451

$s100.ptime
[1] 0.707

$s100.time
[1] 0.003

$s100.rmse
[1] 0.3027902

$s250.ptime
[1] 1.25

$s250.time
[1] 0.009

$s250.rmse
[1] 0.193224

$s500.ptime
[1] 2.083

$s500.time
[1] 0.017

$s500.rmse
[1] 0.1196556

$s1000.ptime
[1] 3.419

$s1000.time
[1] 0.032

$s1000.rmse
[1] 0.08158126

$s2500.ptime
[1] 18.005

$s2500.time
[1] 0.076

$s2500.rmse
[1] 0.05496718

$s5000.ptime
[1] 146.086

$s5000.time
[1] 0.184

$s5000.rmse
[1] 0.04367252

        seed            p    full.time    full.rmse     l25.time     l25.rmse 
    2549.000       10.000        0.083        0.039        4.578        0.106 
    l50.time     l50.rmse    l100.time    l100.rmse    l250.time    l250.rmse 
       4.551        0.077        5.898        0.058       21.129        0.047 
   l500.time    l500.rmse  o25_i.ptime   o25_i.time   o25_i.rmse  o50_i.ptime 
     104.481        0.044        0.281        0.275        0.506        0.584 
  o50_i.time   o50_i.rmse o100_i.ptime  o100_i.time  o100_i.rmse o250_i.ptime 
       0.188        0.410        0.236        0.154        0.278        0.667 
 o250_i.time  o250_i.rmse o500_i.ptime  o500_i.time  o500_i.rmse  o25_d.ptime 
       0.141        0.170        1.905        0.163        0.116        0.639 
  o25_d.time   o25_d.rmse  o50_d.ptime   o50_d.time   o50_d.rmse o100_d.ptime 
       0.494        0.323        0.149        0.622        0.239        0.059 
 o100_d.time  o100_d.rmse o250_d.ptime  o250_d.time  o250_d.rmse o500_d.ptime 
       1.293        0.168        0.029        6.202        0.105        0.028 
 o500_d.time  o500_d.rmse  c25_i.ptime   c25_i.time   c25_i.rmse  c50_i.ptime 
      29.065        0.072        1.699        0.294        0.252        1.331 
  c50_i.time   c50_i.rmse c100_i.ptime  c100_i.time  c100_i.rmse c250_i.ptime 
       0.200        0.178        0.950        0.167        0.134        0.900 
 c250_i.time  c250_i.rmse c500_i.ptime  c500_i.time  c500_i.rmse  c25_d.ptime 
       0.147        0.101        2.139        0.171        0.081        2.209 
  c25_d.time   c25_d.rmse  c50_d.ptime   c50_d.time   c50_d.rmse c100_d.ptime 
       1.055        0.177        1.205        1.175        0.133        0.640 
 c100_d.time  c100_d.rmse c250_d.ptime  c250_d.time  c250_d.rmse c500_d.ptime 
       2.261        0.099        0.579        8.436        0.075        0.671 
 c500_d.time  c500_d.rmse    s25.ptime     s25.time     s25.rmse    s50.ptime 
      33.319        0.063        0.551        0.001        0.597        0.290 
    s50.time     s50.rmse   s100.ptime    s100.time    s100.rmse   s250.ptime 
       0.002        0.401        0.707        0.003        0.303        1.250 
   s250.time    s250.rmse   s500.ptime    s500.time    s500.rmse  s1000.ptime 
       0.009        0.193        2.083        0.017        0.120        3.419 
  s1000.time   s1000.rmse  s2500.ptime   s2500.time   s2500.rmse  s5000.ptime 
       0.032        0.082       18.005        0.076        0.055      146.086 
  s5000.time   s5000.rmse 
       0.184        0.044 
[1] 0.746666
$full.time
[1] 0.089

$full.rmse
[1] 0.03828609

$full.time
[1] 0.089

$full.rmse
[1] 0.03828609

$l25.time
[1] 4.655

$l25.rmse
[1] 0.09488743

$l50.time
[1] 4.766

$l50.rmse
[1] 0.07014333

$l100.time
[1] 6.509

$l100.rmse
[1] 0.05609127

$l250.time
[1] 23.393

$l250.rmse
[1] 0.04713889

$l500.time
[1] 99.663

$l500.rmse
[1] 0.04331602

$o25_i.ptime
[1] 0.262

$o25_i.time
[1] 0.27

$o25_i.rmse
[1] 0.4233808

$o50_i.ptime
[1] 0.184

$o50_i.time
[1] 0.191

$o50_i.rmse
[1] 0.3329991

$o100_i.ptime
[1] 0.214

$o100_i.time
[1] 0.163

$o100_i.rmse
[1] 0.2633367

$o250_i.ptime
[1] 0.602

$o250_i.time
[1] 0.691

$o250_i.rmse
[1] 0.1800288

$o500_i.ptime
[1] 1.771

$o500_i.time
[1] 0.145

$o500_i.rmse
[1] 0.1215227

$o25_d.ptime
[1] 0.603

$o25_d.time
[1] 0.442

$o25_d.rmse
[1] 0.2877361

$o50_d.ptime
[1] 0.139

$o50_d.time
[1] 0.565

$o50_d.rmse
[1] 0.2309332

$o100_d.ptime
[1] 0.065

$o100_d.time
[1] 1.146

$o100_d.rmse
[1] 0.1673458

$o250_d.ptime
[1] 0.027

$o250_d.time
[1] 5.77

$o250_d.rmse
[1] 0.09888746

$o500_d.ptime
[1] 0.094

$o500_d.time
[1] 26.959

$o500_d.rmse
[1] 0.07031465

$c25_i.ptime
[1] 1.691

$c25_i.time
[1] 0.28

$c25_i.rmse
[1] 0.2249823

$c50_i.ptime
[1] 1.056

$c50_i.time
[1] 0.192

$c50_i.rmse
[1] 0.1816743

$c100_i.ptime
[1] 1.17

$c100_i.time
[1] 0.157

$c100_i.rmse
[1] 0.1307763

$c250_i.ptime
[1] 0.983

$c250_i.time
[1] 0.139

$c250_i.rmse
[1] 0.09797211

$c500_i.ptime
[1] 2.102

$c500_i.time
[1] 0.157

$c500_i.rmse
[1] 0.07983934

$c25_d.ptime
[1] 1.978

$c25_d.time
[1] 0.898

$c25_d.rmse
[1] 0.1843609

$c50_d.ptime
[1] 1.116

$c50_d.time
[1] 1.117

$c50_d.rmse
[1] 0.1321841

$c100_d.ptime
[1] 0.813

$c100_d.time
[1] 2.067

$c100_d.rmse
[1] 0.1037614

$c250_d.ptime
[1] 0.388

$c250_d.time
[1] 7.818

$c250_d.rmse
[1] 0.07742971

$c500_d.ptime
[1] 0.491

$c500_d.time
[1] 30.456

$c500_d.rmse
[1] 0.06092389

$s25.ptime
[1] 0.328

$s25.time
[1] 0.001

$s25.rmse
[1] 0.5282455

$s50.ptime
[1] 0.383

$s50.time
[1] 0.001

$s50.rmse
[1] 0.4285252

$s100.ptime
[1] 0.613

$s100.time
[1] 0.003

$s100.rmse
[1] 0.3228368

$s250.ptime
[1] 1.304

$s250.time
[1] 0.008

$s250.rmse
[1] 0.1879131

$s500.ptime
[1] 1.983

$s500.time
[1] 0.014

$s500.rmse
[1] 0.1229382

$s1000.ptime
[1] 3.193

$s1000.time
[1] 0.031

$s1000.rmse
[1] 0.07809704

$s2500.ptime
[1] 17.194

$s2500.time
[1] 0.072

$s2500.rmse
[1] 0.0515983

$s5000.ptime
[1] 110.166

$s5000.time
[1] 0.154

$s5000.rmse
[1] 0.04358858

        seed            p    full.time    full.rmse     l25.time     l25.rmse 
    2550.000       10.000        0.089        0.038        4.655        0.095 
    l50.time     l50.rmse    l100.time    l100.rmse    l250.time    l250.rmse 
       4.766        0.070        6.509        0.056       23.393        0.047 
   l500.time    l500.rmse  o25_i.ptime   o25_i.time   o25_i.rmse  o50_i.ptime 
      99.663        0.043        0.262        0.270        0.423        0.184 
  o50_i.time   o50_i.rmse o100_i.ptime  o100_i.time  o100_i.rmse o250_i.ptime 
       0.191        0.333        0.214        0.163        0.263        0.602 
 o250_i.time  o250_i.rmse o500_i.ptime  o500_i.time  o500_i.rmse  o25_d.ptime 
       0.691        0.180        1.771        0.145        0.122        0.603 
  o25_d.time   o25_d.rmse  o50_d.ptime   o50_d.time   o50_d.rmse o100_d.ptime 
       0.442        0.288        0.139        0.565        0.231        0.065 
 o100_d.time  o100_d.rmse o250_d.ptime  o250_d.time  o250_d.rmse o500_d.ptime 
       1.146        0.167        0.027        5.770        0.099        0.094 
 o500_d.time  o500_d.rmse  c25_i.ptime   c25_i.time   c25_i.rmse  c50_i.ptime 
      26.959        0.070        1.691        0.280        0.225        1.056 
  c50_i.time   c50_i.rmse c100_i.ptime  c100_i.time  c100_i.rmse c250_i.ptime 
       0.192        0.182        1.170        0.157        0.131        0.983 
 c250_i.time  c250_i.rmse c500_i.ptime  c500_i.time  c500_i.rmse  c25_d.ptime 
       0.139        0.098        2.102        0.157        0.080        1.978 
  c25_d.time   c25_d.rmse  c50_d.ptime   c50_d.time   c50_d.rmse c100_d.ptime 
       0.898        0.184        1.116        1.117        0.132        0.813 
 c100_d.time  c100_d.rmse c250_d.ptime  c250_d.time  c250_d.rmse c500_d.ptime 
       2.067        0.104        0.388        7.818        0.077        0.491 
 c500_d.time  c500_d.rmse    s25.ptime     s25.time     s25.rmse    s50.ptime 
      30.456        0.061        0.328        0.001        0.528        0.383 
    s50.time     s50.rmse   s100.ptime    s100.time    s100.rmse   s250.ptime 
       0.001        0.429        0.613        0.003        0.323        1.304 
   s250.time    s250.rmse   s500.ptime    s500.time    s500.rmse  s1000.ptime 
       0.008        0.188        1.983        0.014        0.123        3.193 
  s1000.time   s1000.rmse  s2500.ptime   s2500.time   s2500.rmse  s5000.ptime 
       0.031        0.078       17.194        0.072        0.052      110.166 
  s5000.time   s5000.rmse 
       0.154        0.044 
[1] 1.001543
$full.time
[1] 0.072

$full.rmse
[1] 0.03891694

$full.time
[1] 0.072

$full.rmse
[1] 0.03891694

$l25.time
[1] 4.149

$l25.rmse
[1] 0.09255482

$l50.time
[1] 4.33

$l50.rmse
[1] 0.07553641

$l100.time
[1] 5.86

$l100.rmse
[1] 0.05914455

$l250.time
[1] 20.289

$l250.rmse
[1] 0.04896418

$l500.time
[1] 100.176

$l500.rmse
[1] 0.04509263

$o25_i.ptime
[1] 0.266

$o25_i.time
[1] 0.282

$o25_i.rmse
[1] 0.4702942

$o50_i.ptime
[1] 0.184

$o50_i.time
[1] 0.193

$o50_i.rmse
[1] 0.4004706

$o100_i.ptime
[1] 0.233

$o100_i.time
[1] 0.162

$o100_i.rmse
[1] 0.2646437

$o250_i.ptime
[1] 0.625

$o250_i.time
[1] 0.155

$o250_i.rmse
[1] 0.1672376

$o500_i.ptime
[1] 1.749

$o500_i.time
[1] 0.457

$o500_i.rmse
[1] 0.1094484

$o25_d.ptime
[1] 0.636

$o25_d.time
[1] 0.49

$o25_d.rmse
[1] 0.3074514

$o50_d.ptime
[1] 0.154

$o50_d.time
[1] 0.64

$o50_d.rmse
[1] 0.231971

$o100_d.ptime
[1] 0.057

$o100_d.time
[1] 1.193

$o100_d.rmse
[1] 0.1589843

$o250_d.ptime
[1] 0.03

$o250_d.time
[1] 5.701

$o250_d.rmse
[1] 0.09681017

$o500_d.ptime
[1] 0.028

$o500_d.time
[1] 25.244

$o500_d.rmse
[1] 0.06929896

$c25_i.ptime
[1] 1.61

$c25_i.time
[1] 0.372

$c25_i.rmse
[1] 0.2408959

$c50_i.ptime
[1] 1.398

$c50_i.time
[1] 0.192

$c50_i.rmse
[1] 0.1856071

$c100_i.ptime
[1] 1.07

$c100_i.time
[1] 0.161

$c100_i.rmse
[1] 0.147737

$c250_i.ptime
[1] 1.114

$c250_i.time
[1] 0.145

$c250_i.rmse
[1] 0.1048395

$c500_i.ptime
[1] 2.122

$c500_i.time
[1] 0.147

$c500_i.rmse
[1] 0.07950076

$c25_d.ptime
[1] 1.811

$c25_d.time
[1] 0.89

$c25_d.rmse
[1] 0.1809233

$c50_d.ptime
[1] 0.933

$c50_d.time
[1] 1.145

$c50_d.rmse
[1] 0.1320448

$c100_d.ptime
[1] 0.521

$c100_d.time
[1] 2.138

$c100_d.rmse
[1] 0.1217156

$c250_d.ptime
[1] 0.398

$c250_d.time
[1] 7.65

$c250_d.rmse
[1] 0.07687579

$c500_d.ptime
[1] 0.435

$c500_d.time
[1] 30.235

$c500_d.rmse
[1] 0.06436155

$s25.ptime
[1] 0.355

$s25.time
[1] 0

$s25.rmse
[1] 0.6404751

$s50.ptime
[1] 0.513

$s50.time
[1] 0.002

$s50.rmse
[1] 0.4402712

$s100.ptime
[1] 0.541

$s100.time
[1] 0.003

$s100.rmse
[1] 0.344799

$s250.ptime
[1] 1.143

$s250.time
[1] 0.008

$s250.rmse
[1] 0.1750989

$s500.ptime
[1] 2.294

$s500.time
[1] 0.016

$s500.rmse
[1] 0.1182363

$s1000.ptime
[1] 3.217

$s1000.time
[1] 0.033

$s1000.rmse
[1] 0.08389009

$s2500.ptime
[1] 17.332

$s2500.time
[1] 0.089

$s2500.rmse
[1] 0.05060567

$s5000.ptime
[1] 104.593

$s5000.time
[1] 0.17

$s5000.rmse
[1] 0.04306474

        seed            p    full.time    full.rmse     l25.time     l25.rmse 
    2551.000       10.000        0.072        0.039        4.149        0.093 
    l50.time     l50.rmse    l100.time    l100.rmse    l250.time    l250.rmse 
       4.330        0.076        5.860        0.059       20.289        0.049 
   l500.time    l500.rmse  o25_i.ptime   o25_i.time   o25_i.rmse  o50_i.ptime 
     100.176        0.045        0.266        0.282        0.470        0.184 
  o50_i.time   o50_i.rmse o100_i.ptime  o100_i.time  o100_i.rmse o250_i.ptime 
       0.193        0.400        0.233        0.162        0.265        0.625 
 o250_i.time  o250_i.rmse o500_i.ptime  o500_i.time  o500_i.rmse  o25_d.ptime 
       0.155        0.167        1.749        0.457        0.109        0.636 
  o25_d.time   o25_d.rmse  o50_d.ptime   o50_d.time   o50_d.rmse o100_d.ptime 
       0.490        0.307        0.154        0.640        0.232        0.057 
 o100_d.time  o100_d.rmse o250_d.ptime  o250_d.time  o250_d.rmse o500_d.ptime 
       1.193        0.159        0.030        5.701        0.097        0.028 
 o500_d.time  o500_d.rmse  c25_i.ptime   c25_i.time   c25_i.rmse  c50_i.ptime 
      25.244        0.069        1.610        0.372        0.241        1.398 
  c50_i.time   c50_i.rmse c100_i.ptime  c100_i.time  c100_i.rmse c250_i.ptime 
       0.192        0.186        1.070        0.161        0.148        1.114 
 c250_i.time  c250_i.rmse c500_i.ptime  c500_i.time  c500_i.rmse  c25_d.ptime 
       0.145        0.105        2.122        0.147        0.080        1.811 
  c25_d.time   c25_d.rmse  c50_d.ptime   c50_d.time   c50_d.rmse c100_d.ptime 
       0.890        0.181        0.933        1.145        0.132        0.521 
 c100_d.time  c100_d.rmse c250_d.ptime  c250_d.time  c250_d.rmse c500_d.ptime 
       2.138        0.122        0.398        7.650        0.077        0.435 
 c500_d.time  c500_d.rmse    s25.ptime     s25.time     s25.rmse    s50.ptime 
      30.235        0.064        0.355        0.000        0.640        0.513 
    s50.time     s50.rmse   s100.ptime    s100.time    s100.rmse   s250.ptime 
       0.002        0.440        0.541        0.003        0.345        1.143 
   s250.time    s250.rmse   s500.ptime    s500.time    s500.rmse  s1000.ptime 
       0.008        0.175        2.294        0.016        0.118        3.217 
  s1000.time   s1000.rmse  s2500.ptime   s2500.time   s2500.rmse  s5000.ptime 
       0.033        0.084       17.332        0.089        0.051      104.593 
  s5000.time   s5000.rmse 
       0.170        0.043 
[1] 0.6349276
$full.time
[1] 0.067

$full.rmse
[1] 0.03738913

$full.time
[1] 0.067

$full.rmse
[1] 0.03738913

$l25.time
[1] 3.772

$l25.rmse
[1] 0.08263969

$l50.time
[1] 4.032

$l50.rmse
[1] 0.06926918

$l100.time
[1] 5.454

$l100.rmse
[1] 0.05522495

$l250.time
[1] 18.843

$l250.rmse
[1] 0.04571631

$l500.time
[1] 93.441

$l500.rmse
[1] 0.04249392

$o25_i.ptime
[1] 0.248

$o25_i.time
[1] 0.257

$o25_i.rmse
[1] 0.3974352

$o50_i.ptime
[1] 0.171

$o50_i.time
[1] 0.185

$o50_i.rmse
[1] 0.3238298

$o100_i.ptime
[1] 0.208

$o100_i.time
[1] 0.154

$o100_i.rmse
[1] 0.2619536

$o250_i.ptime
[1] 0.583

$o250_i.time
[1] 0.135

$o250_i.rmse
[1] 0.1637891

$o500_i.ptime
[1] 1.576

$o500_i.time
[1] 0.445

$o500_i.rmse
[1] 0.1131118

$o25_d.ptime
[1] 0.583

$o25_d.time
[1] 0.492

$o25_d.rmse
[1] 0.3031358

$o50_d.ptime
[1] 0.139

$o50_d.time
[1] 0.6

$o50_d.rmse
[1] 0.2271466

$o100_d.ptime
[1] 0.051

$o100_d.time
[1] 1.199

$o100_d.rmse
[1] 0.1578024

$o250_d.ptime
[1] 0.027

$o250_d.time
[1] 5.307

$o250_d.rmse
[1] 0.0979925

$o500_d.ptime
[1] 0.024

$o500_d.time
[1] 25.887

$o500_d.rmse
[1] 0.06969283

$c25_i.ptime
[1] 1.566

$c25_i.time
[1] 0.292

$c25_i.rmse
[1] 0.2250212

$c50_i.ptime
[1] 0.861

$c50_i.time
[1] 0.202

$c50_i.rmse
[1] 0.1828902

$c100_i.ptime
[1] 0.884

$c100_i.time
[1] 0.176

$c100_i.rmse
[1] 0.1374014

$c250_i.ptime
[1] 0.925

$c250_i.time
[1] 0.155

$c250_i.rmse
[1] 0.09381183

$c500_i.ptime
[1] 1.867

$c500_i.time
[1] 0.166

$c500_i.rmse
[1] 0.07587285

$c25_d.ptime
[1] 1.848

$c25_d.time
[1] 1.025

$c25_d.rmse
[1] 0.1707412

$c50_d.ptime
[1] 0.72

$c50_d.time
[1] 1.066

$c50_d.rmse
[1] 0.1371102

$c100_d.ptime
[1] 0.684

$c100_d.time
[1] 1.913

$c100_d.rmse
[1] 0.09685689

$c250_d.ptime
[1] 0.444

$c250_d.time
[1] 6.978

$c250_d.rmse
[1] 0.06903281

$c500_d.ptime
[1] 0.357

$c500_d.time
[1] 27.594

$c500_d.rmse
[1] 0.05818191

$s25.ptime
[1] 0.291

$s25.time
[1] 0.001

$s25.rmse
[1] 0.5509551

$s50.ptime
[1] 0.412

$s50.time
[1] 0.001

$s50.rmse
[1] 0.3532068

$s100.ptime
[1] 0.765

$s100.time
[1] 0.003

$s100.rmse
[1] 0.3152523

$s250.ptime
[1] 0.988

$s250.time
[1] 0.007

$s250.rmse
[1] 0.1828287

$s500.ptime
[1] 2.153

$s500.time
[1] 0.014

$s500.rmse
[1] 0.1263259

$s1000.ptime
[1] 3.066

$s1000.time
[1] 0.031

$s1000.rmse
[1] 0.08723976

$s2500.ptime
[1] 15.251

$s2500.time
[1] 0.076

$s2500.rmse
[1] 0.05197507

$s5000.ptime
[1] 96.388

$s5000.time
[1] 0.16

$s5000.rmse
[1] 0.04161985

        seed            p    full.time    full.rmse     l25.time     l25.rmse 
    2552.000       10.000        0.067        0.037        3.772        0.083 
    l50.time     l50.rmse    l100.time    l100.rmse    l250.time    l250.rmse 
       4.032        0.069        5.454        0.055       18.843        0.046 
   l500.time    l500.rmse  o25_i.ptime   o25_i.time   o25_i.rmse  o50_i.ptime 
      93.441        0.042        0.248        0.257        0.397        0.171 
  o50_i.time   o50_i.rmse o100_i.ptime  o100_i.time  o100_i.rmse o250_i.ptime 
       0.185        0.324        0.208        0.154        0.262        0.583 
 o250_i.time  o250_i.rmse o500_i.ptime  o500_i.time  o500_i.rmse  o25_d.ptime 
       0.135        0.164        1.576        0.445        0.113        0.583 
  o25_d.time   o25_d.rmse  o50_d.ptime   o50_d.time   o50_d.rmse o100_d.ptime 
       0.492        0.303        0.139        0.600        0.227        0.051 
 o100_d.time  o100_d.rmse o250_d.ptime  o250_d.time  o250_d.rmse o500_d.ptime 
       1.199        0.158        0.027        5.307        0.098        0.024 
 o500_d.time  o500_d.rmse  c25_i.ptime   c25_i.time   c25_i.rmse  c50_i.ptime 
      25.887        0.070        1.566        0.292        0.225        0.861 
  c50_i.time   c50_i.rmse c100_i.ptime  c100_i.time  c100_i.rmse c250_i.ptime 
       0.202        0.183        0.884        0.176        0.137        0.925 
 c250_i.time  c250_i.rmse c500_i.ptime  c500_i.time  c500_i.rmse  c25_d.ptime 
       0.155        0.094        1.867        0.166        0.076        1.848 
  c25_d.time   c25_d.rmse  c50_d.ptime   c50_d.time   c50_d.rmse c100_d.ptime 
       1.025        0.171        0.720        1.066        0.137        0.684 
 c100_d.time  c100_d.rmse c250_d.ptime  c250_d.time  c250_d.rmse c500_d.ptime 
       1.913        0.097        0.444        6.978        0.069        0.357 
 c500_d.time  c500_d.rmse    s25.ptime     s25.time     s25.rmse    s50.ptime 
      27.594        0.058        0.291        0.001        0.551        0.412 
    s50.time     s50.rmse   s100.ptime    s100.time    s100.rmse   s250.ptime 
       0.001        0.353        0.765        0.003        0.315        0.988 
   s250.time    s250.rmse   s500.ptime    s500.time    s500.rmse  s1000.ptime 
       0.007        0.183        2.153        0.014        0.126        3.066 
  s1000.time   s1000.rmse  s2500.ptime   s2500.time   s2500.rmse  s5000.ptime 
       0.031        0.087       15.251        0.076        0.052       96.388 
  s5000.time   s5000.rmse 
       0.160        0.042 
[1] 0.8160883
$full.time
[1] 0.066

$full.rmse
[1] 0.03785731

$full.time
[1] 0.066

$full.rmse
[1] 0.03785731

$l25.time
[1] 3.625

$l25.rmse
[1] 0.09191862

$l50.time
[1] 3.841

$l50.rmse
[1] 0.06967895

$l100.time
[1] 5.096

$l100.rmse
[1] 0.05467205

$l250.time
[1] 18.248

$l250.rmse
[1] 0.04707297

$l500.time
[1] 92.911

$l500.rmse
[1] 0.04228663

$o25_i.ptime
[1] 0.244

$o25_i.time
[1] 0.251

$o25_i.rmse
[1] 0.4027272

$o50_i.ptime
[1] 0.165

$o50_i.time
[1] 0.171

$o50_i.rmse
[1] 0.3286443

$o100_i.ptime
[1] 0.204

$o100_i.time
[1] 0.158

$o100_i.rmse
[1] 0.2603473

$o250_i.ptime
[1] 0.552

$o250_i.time
[1] 0.124

$o250_i.rmse
[1] 0.1602159

$o500_i.ptime
[1] 1.562

$o500_i.time
[1] 0.397

$o500_i.rmse
[1] 0.1139582

$o25_d.ptime
[1] 0.571

$o25_d.time
[1] 0.441

$o25_d.rmse
[1] 0.2978155

$o50_d.ptime
[1] 0.133

$o50_d.time
[1] 0.543

$o50_d.rmse
[1] 0.2296359

$o100_d.ptime
[1] 0.048

$o100_d.time
[1] 1.085

$o100_d.rmse
[1] 0.1536018

$o250_d.ptime
[1] 0.025

$o250_d.time
[1] 4.928

$o250_d.rmse
[1] 0.09700057

$o500_d.ptime
[1] 0.024

$o500_d.time
[1] 23.322

$o500_d.rmse
[1] 0.07527817

$c25_i.ptime
[1] 1.617

$c25_i.time
[1] 0.281

$c25_i.rmse
[1] 0.235708

$c50_i.ptime
[1] 1.32

$c50_i.time
[1] 0.19

$c50_i.rmse
[1] 0.184821

$c100_i.ptime
[1] 0.868

$c100_i.time
[1] 0.158

$c100_i.rmse
[1] 0.1355808

$c250_i.ptime
[1] 0.847

$c250_i.time
[1] 0.148

$c250_i.rmse
[1] 0.0996408

$c500_i.ptime
[1] 1.808

$c500_i.time
[1] 0.147

$c500_i.rmse
[1] 0.08339028

$c25_d.ptime
[1] 1.818

$c25_d.time
[1] 0.858

$c25_d.rmse
[1] 0.1834887

$c50_d.ptime
[1] 0.898

$c50_d.time
[1] 1.054

$c50_d.rmse
[1] 0.1285681

$c100_d.ptime
[1] 0.585

$c100_d.time
[1] 1.94

$c100_d.rmse
[1] 0.1053113

$c250_d.ptime
[1] 0.641

$c250_d.time
[1] 6.991

$c250_d.rmse
[1] 0.07477475

$c500_d.ptime
[1] 0.329

$c500_d.time
[1] 27.205

$c500_d.rmse
[1] 0.05982495

$s25.ptime
[1] 0.356

$s25.time
[1] 0.001

$s25.rmse
[1] 0.5315813

$s50.ptime
[1] 0.393

$s50.time
[1] 0.001

$s50.rmse
[1] 0.3738154

$s100.ptime
[1] 0.541

$s100.time
[1] 0.003

$s100.rmse
[1] 0.2948079

$s250.ptime
[1] 0.968

$s250.time
[1] 0.007

$s250.rmse
[1] 0.1758336

$s500.ptime
[1] 1.618

$s500.time
[1] 0.014

$s500.rmse
[1] 0.1200498

$s1000.ptime
[1] 3.046

$s1000.time
[1] 0.031

$s1000.rmse
[1] 0.08277975

$s2500.ptime
[1] 15.326

$s2500.time
[1] 0.067

$s2500.rmse
[1] 0.05533573

$s5000.ptime
[1] 98.885

$s5000.time
[1] 0.139

$s5000.rmse
[1] 0.0424766

        seed            p    full.time    full.rmse     l25.time     l25.rmse 
    2553.000       10.000        0.066        0.038        3.625        0.092 
    l50.time     l50.rmse    l100.time    l100.rmse    l250.time    l250.rmse 
       3.841        0.070        5.096        0.055       18.248        0.047 
   l500.time    l500.rmse  o25_i.ptime   o25_i.time   o25_i.rmse  o50_i.ptime 
      92.911        0.042        0.244        0.251        0.403        0.165 
  o50_i.time   o50_i.rmse o100_i.ptime  o100_i.time  o100_i.rmse o250_i.ptime 
       0.171        0.329        0.204        0.158        0.260        0.552 
 o250_i.time  o250_i.rmse o500_i.ptime  o500_i.time  o500_i.rmse  o25_d.ptime 
       0.124        0.160        1.562        0.397        0.114        0.571 
  o25_d.time   o25_d.rmse  o50_d.ptime   o50_d.time   o50_d.rmse o100_d.ptime 
       0.441        0.298        0.133        0.543        0.230        0.048 
 o100_d.time  o100_d.rmse o250_d.ptime  o250_d.time  o250_d.rmse o500_d.ptime 
       1.085        0.154        0.025        4.928        0.097        0.024 
 o500_d.time  o500_d.rmse  c25_i.ptime   c25_i.time   c25_i.rmse  c50_i.ptime 
      23.322        0.075        1.617        0.281        0.236        1.320 
  c50_i.time   c50_i.rmse c100_i.ptime  c100_i.time  c100_i.rmse c250_i.ptime 
       0.190        0.185        0.868        0.158        0.136        0.847 
 c250_i.time  c250_i.rmse c500_i.ptime  c500_i.time  c500_i.rmse  c25_d.ptime 
       0.148        0.100        1.808        0.147        0.083        1.818 
  c25_d.time   c25_d.rmse  c50_d.ptime   c50_d.time   c50_d.rmse c100_d.ptime 
       0.858        0.183        0.898        1.054        0.129        0.585 
 c100_d.time  c100_d.rmse c250_d.ptime  c250_d.time  c250_d.rmse c500_d.ptime 
       1.940        0.105        0.641        6.991        0.075        0.329 
 c500_d.time  c500_d.rmse    s25.ptime     s25.time     s25.rmse    s50.ptime 
      27.205        0.060        0.356        0.001        0.532        0.393 
    s50.time     s50.rmse   s100.ptime    s100.time    s100.rmse   s250.ptime 
       0.001        0.374        0.541        0.003        0.295        0.968 
   s250.time    s250.rmse   s500.ptime    s500.time    s500.rmse  s1000.ptime 
       0.007        0.176        1.618        0.014        0.120        3.046 
  s1000.time   s1000.rmse  s2500.ptime   s2500.time   s2500.rmse  s5000.ptime 
       0.031        0.083       15.326        0.067        0.055       98.885 
  s5000.time   s5000.rmse 
       0.139        0.042 
  seed  p full.time  full.rmse l25.time   l25.rmse l50.time   l50.rmse
1 2549 10     0.083 0.03874844    4.578 0.10608275    4.551 0.07731208
2 2550 10     0.089 0.03828609    4.655 0.09488743    4.766 0.07014333
3 2551 10     0.072 0.03891694    4.149 0.09255482    4.330 0.07553641
4 2552 10     0.067 0.03738913    3.772 0.08263969    4.032 0.06926918
5 2553 10     0.066 0.03785731    3.625 0.09191862    3.841 0.06967895
  l100.time  l100.rmse l250.time  l250.rmse l500.time  l500.rmse o25_i.ptime
1     5.898 0.05810855    21.129 0.04695002   104.481 0.04424707       0.281
2     6.509 0.05609127    23.393 0.04713889    99.663 0.04331602       0.262
3     5.860 0.05914455    20.289 0.04896418   100.176 0.04509263       0.266
4     5.454 0.05522495    18.843 0.04571631    93.441 0.04249392       0.248
5     5.096 0.05467205    18.248 0.04707297    92.911 0.04228663       0.244
  o25_i.time o25_i.rmse o50_i.ptime o50_i.time o50_i.rmse o100_i.ptime
1      0.275  0.5060006       0.584      0.188  0.4101227        0.236
2      0.270  0.4233808       0.184      0.191  0.3329991        0.214
3      0.282  0.4702942       0.184      0.193  0.4004706        0.233
4      0.257  0.3974352       0.171      0.185  0.3238298        0.208
5      0.251  0.4027272       0.165      0.171  0.3286443        0.204
  o100_i.time o100_i.rmse o250_i.ptime o250_i.time o250_i.rmse o500_i.ptime
1       0.154   0.2780220        0.667       0.141   0.1702624        1.905
2       0.163   0.2633367        0.602       0.691   0.1800288        1.771
3       0.162   0.2646437        0.625       0.155   0.1672376        1.749
4       0.154   0.2619536        0.583       0.135   0.1637891        1.576
5       0.158   0.2603473        0.552       0.124   0.1602159        1.562
  o500_i.time o500_i.rmse o25_d.ptime o25_d.time o25_d.rmse o50_d.ptime
1       0.163   0.1158758       0.639      0.494  0.3228560       0.149
2       0.145   0.1215227       0.603      0.442  0.2877361       0.139
3       0.457   0.1094484       0.636      0.490  0.3074514       0.154
4       0.445   0.1131118       0.583      0.492  0.3031358       0.139
5       0.397   0.1139582       0.571      0.441  0.2978155       0.133
  o50_d.time o50_d.rmse o100_d.ptime o100_d.time o100_d.rmse o250_d.ptime
1      0.622  0.2387746        0.059       1.293   0.1681666        0.029
2      0.565  0.2309332        0.065       1.146   0.1673458        0.027
3      0.640  0.2319710        0.057       1.193   0.1589843        0.030
4      0.600  0.2271466        0.051       1.199   0.1578024        0.027
5      0.543  0.2296359        0.048       1.085   0.1536018        0.025
  o250_d.time o250_d.rmse o500_d.ptime o500_d.time o500_d.rmse c25_i.ptime
1       6.202  0.10467669        0.028      29.065  0.07219153       1.699
2       5.770  0.09888746        0.094      26.959  0.07031465       1.691
3       5.701  0.09681017        0.028      25.244  0.06929896       1.610
4       5.307  0.09799250        0.024      25.887  0.06969283       1.566
5       4.928  0.09700057        0.024      23.322  0.07527817       1.617
  c25_i.time c25_i.rmse c50_i.ptime c50_i.time c50_i.rmse c100_i.ptime
1      0.294  0.2523927       1.331      0.200  0.1776689        0.950
2      0.280  0.2249823       1.056      0.192  0.1816743        1.170
3      0.372  0.2408959       1.398      0.192  0.1856071        1.070
4      0.292  0.2250212       0.861      0.202  0.1828902        0.884
5      0.281  0.2357080       1.320      0.190  0.1848210        0.868
  c100_i.time c100_i.rmse c250_i.ptime c250_i.time c250_i.rmse c500_i.ptime
1       0.167   0.1343030        0.900       0.147  0.10109460        2.139
2       0.157   0.1307763        0.983       0.139  0.09797211        2.102
3       0.161   0.1477370        1.114       0.145  0.10483945        2.122
4       0.176   0.1374014        0.925       0.155  0.09381183        1.867
5       0.158   0.1355808        0.847       0.148  0.09964080        1.808
  c500_i.time c500_i.rmse c25_d.ptime c25_d.time c25_d.rmse c50_d.ptime
1       0.171  0.08070179       2.209      1.055  0.1771803       1.205
2       0.157  0.07983934       1.978      0.898  0.1843609       1.116
3       0.147  0.07950076       1.811      0.890  0.1809233       0.933
4       0.166  0.07587285       1.848      1.025  0.1707412       0.720
5       0.147  0.08339028       1.818      0.858  0.1834887       0.898
  c50_d.time c50_d.rmse c100_d.ptime c100_d.time c100_d.rmse c250_d.ptime
1      1.175  0.1327812        0.640       2.261  0.09904313        0.579
2      1.117  0.1321841        0.813       2.067  0.10376141        0.388
3      1.145  0.1320448        0.521       2.138  0.12171560        0.398
4      1.066  0.1371102        0.684       1.913  0.09685689        0.444
5      1.054  0.1285681        0.585       1.940  0.10531126        0.641
  c250_d.time c250_d.rmse c500_d.ptime c500_d.time c500_d.rmse s25.ptime
1       8.436  0.07465853        0.671      33.319  0.06309520     0.551
2       7.818  0.07742971        0.491      30.456  0.06092389     0.328
3       7.650  0.07687579        0.435      30.235  0.06436155     0.355
4       6.978  0.06903281        0.357      27.594  0.05818191     0.291
5       6.991  0.07477475        0.329      27.205  0.05982495     0.356
  s25.time  s25.rmse s50.ptime s50.time  s50.rmse s100.ptime s100.time
1    0.001 0.5972729     0.290    0.002 0.4014451      0.707     0.003
2    0.001 0.5282455     0.383    0.001 0.4285252      0.613     0.003
3    0.000 0.6404751     0.513    0.002 0.4402712      0.541     0.003
4    0.001 0.5509551     0.412    0.001 0.3532068      0.765     0.003
5    0.001 0.5315813     0.393    0.001 0.3738154      0.541     0.003
  s100.rmse s250.ptime s250.time s250.rmse s500.ptime s500.time s500.rmse
1 0.3027902      1.250     0.009 0.1932240      2.083     0.017 0.1196556
2 0.3228368      1.304     0.008 0.1879131      1.983     0.014 0.1229382
3 0.3447990      1.143     0.008 0.1750989      2.294     0.016 0.1182363
4 0.3152523      0.988     0.007 0.1828287      2.153     0.014 0.1263259
5 0.2948079      0.968     0.007 0.1758336      1.618     0.014 0.1200498
  s1000.ptime s1000.time s1000.rmse s2500.ptime s2500.time s2500.rmse
1       3.419      0.032 0.08158126      18.005      0.076 0.05496718
2       3.193      0.031 0.07809704      17.194      0.072 0.05159830
3       3.217      0.033 0.08389009      17.332      0.089 0.05060567
4       3.066      0.031 0.08723976      15.251      0.076 0.05197507
5       3.046      0.031 0.08277975      15.326      0.067 0.05533573
  s5000.ptime s5000.time s5000.rmse
1     146.086      0.184 0.04367252
2     110.166      0.154 0.04358858
3     104.593      0.170 0.04306474
4      96.388      0.160 0.04161985
5      98.885      0.139 0.04247660
Warning message:
Quick-TRANSfer stage steps exceeded maximum (= 500000) 
> 
> proc.time()
    user   system  elapsed 
3295.157   24.757 3384.318 
