
R version 3.0.3 (2014-03-06) -- "Warm Puppy"
Copyright (C) 2014 The R Foundation for Statistical Computing
Platform: x86_64-unknown-linux-gnu (64-bit)

R is free software and comes with ABSOLUTELY NO WARRANTY.
You are welcome to redistribute it under certain conditions.
Type 'license()' or 'licence()' for distribution details.

  Natural language support but running in an English locale

R is a collaborative project with many contributors.
Type 'contributors()' for more information and
'citation()' on how to cite R or R packages in publications.

Type 'demo()' for some demos, 'help()' for on-line help, or
'help.start()' for an HTML browser interface to help.
Type 'q()' to quit R.

> print(.libPaths())
[1] "/usr/local/r-3.0.3/lib64/R/library"
> .libPaths("/mnt/home/rjparker/Rlib")
> print(.libPaths())
[1] "/mnt/home/rjparker/Rlib"            "/usr/local/r-3.0.3/lib64/R/library"
> setwd("/mnt/home/rjparker/git/block_int")
> 
> which_exp <- 6
> which_part <- 13
> source("R/sim_nblocks_pred.R")
Loading required package: spam
Loading required package: grid
Spam version 0.41-0 (2014-02-26) is loaded.
Type 'help( Spam)' or 'demo( spam)' for a short introduction 
and overview of this package.
Help for individual functions is also obtained by adding the
suffix '.spam' to the function name, e.g. 'help( chol.spam)'.

Attaching package: ‘spam’

The following objects are masked from ‘package:base’:

    backsolve, forwardsolve

Loading required package: maps
  pred  p b tau Nper_p Npred Fzero sigma2
6 TRUE 10 4  10  10000  1000     0      1
[1] 0.7630223
$full.time
[1] 0.079

$full.rmse
[1] 0.03830624

$full.time
[1] 0.079

$full.rmse
[1] 0.03830624

$l25.time
[1] 4.506

$l25.rmse
[1] 0.09160476

$l50.time
[1] 4.592

$l50.rmse
[1] 0.0701463

$l100.time
[1] 6.173

$l100.rmse
[1] 0.05618146

$l250.time
[1] 23.442

$l250.rmse
[1] 0.04724936

$l500.time
[1] 113.63

$l500.rmse
[1] 0.04342324

$o25_i.ptime
[1] 0.296

$o25_i.time
[1] 0.326

$o25_i.rmse
[1] 0.4241872

$o50_i.ptime
[1] 0.627

$o50_i.time
[1] 0.213

$o50_i.rmse
[1] 0.3130532

$o100_i.ptime
[1] 0.234

$o100_i.time
[1] 0.186

$o100_i.rmse
[1] 0.261504

$o250_i.ptime
[1] 0.735

$o250_i.time
[1] 0.159

$o250_i.rmse
[1] 0.1647149

$o500_i.ptime
[1] 2.162

$o500_i.time
[1] 0.166

$o500_i.rmse
[1] 0.117948

$o25_d.ptime
[1] 0.672

$o25_d.time
[1] 0.525

$o25_d.rmse
[1] 0.2763218

$o50_d.ptime
[1] 0.167

$o50_d.time
[1] 0.669

$o50_d.rmse
[1] 0.2072047

$o100_d.ptime
[1] 0.064

$o100_d.time
[1] 1.349

$o100_d.rmse
[1] 0.1592491

$o250_d.ptime
[1] 0.031

$o250_d.time
[1] 7.164

$o250_d.rmse
[1] 0.1047475

$o500_d.ptime
[1] 0.089

$o500_d.time
[1] 25.742

$o500_d.rmse
[1] 0.07420163

$c25_i.ptime
[1] 1.806

$c25_i.time
[1] 0.285

$c25_i.rmse
[1] 0.2159034

$c50_i.ptime
[1] 1.061

$c50_i.time
[1] 0.201

$c50_i.rmse
[1] 0.163648

$c100_i.ptime
[1] 0.918

$c100_i.time
[1] 0.258

$c100_i.rmse
[1] 0.134512

$c250_i.ptime
[1] 1.299

$c250_i.time
[1] 0.206

$c250_i.rmse
[1] 0.09881601

$c500_i.ptime
[1] 3.016

$c500_i.time
[1] 0.221

$c500_i.rmse
[1] 0.07973607

$c25_d.ptime
[1] 2.253

$c25_d.time
[1] 1.42

$c25_d.rmse
[1] 0.1642303

$c50_d.ptime
[1] 1.281

$c50_d.time
[1] 1.153

$c50_d.rmse
[1] 0.1446909

$c100_d.ptime
[1] 0.696

$c100_d.time
[1] 2.176

$c100_d.rmse
[1] 0.09863853

$c250_d.ptime
[1] 0.429

$c250_d.time
[1] 8.462

$c250_d.rmse
[1] 0.07712465

$c500_d.ptime
[1] 0.424

$c500_d.time
[1] 41.618

$c500_d.rmse
[1] 0.06543579

$s25.ptime
[1] 0.377

$s25.time
[1] 0.001

$s25.rmse
[1] 0.5228651

$s50.ptime
[1] 0.358

$s50.time
[1] 0.002

$s50.rmse
[1] 0.3919583

$s100.ptime
[1] 0.841

$s100.time
[1] 0.003

$s100.rmse
[1] 0.2990889

$s250.ptime
[1] 1.309

$s250.time
[1] 0.012

$s250.rmse
[1] 0.1880308

$s500.ptime
[1] 2.391

$s500.time
[1] 0.022

$s500.rmse
[1] 0.1255882

$s1000.ptime
[1] 4.063

$s1000.time
[1] 0.05

$s1000.rmse
[1] 0.0818267

$s2500.ptime
[1] 23.902

$s2500.time
[1] 0.154

$s2500.rmse
[1] 0.05453028

$s5000.ptime
[1] 144.222

$s5000.time
[1] 0.216

$s5000.rmse
[1] 0.04348974

        seed            p    full.time    full.rmse     l25.time     l25.rmse 
    2544.000       10.000        0.079        0.038        4.506        0.092 
    l50.time     l50.rmse    l100.time    l100.rmse    l250.time    l250.rmse 
       4.592        0.070        6.173        0.056       23.442        0.047 
   l500.time    l500.rmse  o25_i.ptime   o25_i.time   o25_i.rmse  o50_i.ptime 
     113.630        0.043        0.296        0.326        0.424        0.627 
  o50_i.time   o50_i.rmse o100_i.ptime  o100_i.time  o100_i.rmse o250_i.ptime 
       0.213        0.313        0.234        0.186        0.262        0.735 
 o250_i.time  o250_i.rmse o500_i.ptime  o500_i.time  o500_i.rmse  o25_d.ptime 
       0.159        0.165        2.162        0.166        0.118        0.672 
  o25_d.time   o25_d.rmse  o50_d.ptime   o50_d.time   o50_d.rmse o100_d.ptime 
       0.525        0.276        0.167        0.669        0.207        0.064 
 o100_d.time  o100_d.rmse o250_d.ptime  o250_d.time  o250_d.rmse o500_d.ptime 
       1.349        0.159        0.031        7.164        0.105        0.089 
 o500_d.time  o500_d.rmse  c25_i.ptime   c25_i.time   c25_i.rmse  c50_i.ptime 
      25.742        0.074        1.806        0.285        0.216        1.061 
  c50_i.time   c50_i.rmse c100_i.ptime  c100_i.time  c100_i.rmse c250_i.ptime 
       0.201        0.164        0.918        0.258        0.135        1.299 
 c250_i.time  c250_i.rmse c500_i.ptime  c500_i.time  c500_i.rmse  c25_d.ptime 
       0.206        0.099        3.016        0.221        0.080        2.253 
  c25_d.time   c25_d.rmse  c50_d.ptime   c50_d.time   c50_d.rmse c100_d.ptime 
       1.420        0.164        1.281        1.153        0.145        0.696 
 c100_d.time  c100_d.rmse c250_d.ptime  c250_d.time  c250_d.rmse c500_d.ptime 
       2.176        0.099        0.429        8.462        0.077        0.424 
 c500_d.time  c500_d.rmse    s25.ptime     s25.time     s25.rmse    s50.ptime 
      41.618        0.065        0.377        0.001        0.523        0.358 
    s50.time     s50.rmse   s100.ptime    s100.time    s100.rmse   s250.ptime 
       0.002        0.392        0.841        0.003        0.299        1.309 
   s250.time    s250.rmse   s500.ptime    s500.time    s500.rmse  s1000.ptime 
       0.012        0.188        2.391        0.022        0.126        4.063 
  s1000.time   s1000.rmse  s2500.ptime   s2500.time   s2500.rmse  s5000.ptime 
       0.050        0.082       23.902        0.154        0.055      144.222 
  s5000.time   s5000.rmse 
       0.216        0.043 
[1] 0.7678411
$full.time
[1] 0.084

$full.rmse
[1] 0.0389365

$full.time
[1] 0.084

$full.rmse
[1] 0.0389365

$l25.time
[1] 4.412

$l25.rmse
[1] 0.09051281

$l50.time
[1] 4.496

$l50.rmse
[1] 0.06829473

$l100.time
[1] 6.264

$l100.rmse
[1] 0.05656636

$l250.time
[1] 22.395

$l250.rmse
[1] 0.04769813

$l500.time
[1] 101.874

$l500.rmse
[1] 0.04381635

$o25_i.ptime
[1] 0.246

$o25_i.time
[1] 0.322

$o25_i.rmse
[1] 0.4306121

$o50_i.ptime
[1] 0.203

$o50_i.time
[1] 0.181

$o50_i.rmse
[1] 0.3314937

$o100_i.ptime
[1] 0.245

$o100_i.time
[1] 0.164

$o100_i.rmse
[1] 0.2918219

$o250_i.ptime
[1] 0.662

$o250_i.time
[1] 0.735

$o250_i.rmse
[1] 0.1638465

$o500_i.ptime
[1] 1.883

$o500_i.time
[1] 0.205

$o500_i.rmse
[1] 0.1088343

$o25_d.ptime
[1] 0.628

$o25_d.time
[1] 0.475

$o25_d.rmse
[1] 0.2861795

$o50_d.ptime
[1] 0.134

$o50_d.time
[1] 0.571

$o50_d.rmse
[1] 0.2277466

$o100_d.ptime
[1] 0.054

$o100_d.time
[1] 1.298

$o100_d.rmse
[1] 0.1640439

$o250_d.ptime
[1] 0.025

$o250_d.time
[1] 6.132

$o250_d.rmse
[1] 0.09715611

$o500_d.ptime
[1] 0.023

$o500_d.time
[1] 25.31

$o500_d.rmse
[1] 0.07044918

$c25_i.ptime
[1] 1.879

$c25_i.time
[1] 0.27

$c25_i.rmse
[1] 0.2245517

$c50_i.ptime
[1] 1.168

$c50_i.time
[1] 0.183

$c50_i.rmse
[1] 0.1750147

$c100_i.ptime
[1] 0.908

$c100_i.time
[1] 0.141

$c100_i.rmse
[1] 0.1370412

$c250_i.ptime
[1] 1.04

$c250_i.time
[1] 0.125

$c250_i.rmse
[1] 0.09864885

$c500_i.ptime
[1] 1.985

$c500_i.time
[1] 0.13

$c500_i.rmse
[1] 0.07851232

$c25_d.ptime
[1] 1.899

$c25_d.time
[1] 0.824

$c25_d.rmse
[1] 0.1796151

$c50_d.ptime
[1] 1.017

$c50_d.time
[1] 1.115

$c50_d.rmse
[1] 0.1297398

$c100_d.ptime
[1] 0.629

$c100_d.time
[1] 2.143

$c100_d.rmse
[1] 0.1023286

$c250_d.ptime
[1] 0.433

$c250_d.time
[1] 8.541

$c250_d.rmse
[1] 0.07350314

$c500_d.ptime
[1] 0.862

$c500_d.time
[1] 39.397

$c500_d.rmse
[1] 0.06057733

$s25.ptime
[1] 0.391

$s25.time
[1] 0.001

$s25.rmse
[1] 0.6984796

$s50.ptime
[1] 0.471

$s50.time
[1] 0.002

$s50.rmse
[1] 0.4124065

$s100.ptime
[1] 0.671

$s100.time
[1] 0.004

$s100.rmse
[1] 0.3179972

$s250.ptime
[1] 1.098

$s250.time
[1] 0.01

$s250.rmse
[1] 0.1930948

$s500.ptime
[1] 1.93

$s500.time
[1] 0.021

$s500.rmse
[1] 0.1138275

$s1000.ptime
[1] 3.438

$s1000.time
[1] 0.04

$s1000.rmse
[1] 0.08091888

$s2500.ptime
[1] 21.035

$s2500.time
[1] 0.102

$s2500.rmse
[1] 0.05330652

$s5000.ptime
[1] 110.059

$s5000.time
[1] 0.141

$s5000.rmse
[1] 0.04475266

        seed            p    full.time    full.rmse     l25.time     l25.rmse 
    2545.000       10.000        0.084        0.039        4.412        0.091 
    l50.time     l50.rmse    l100.time    l100.rmse    l250.time    l250.rmse 
       4.496        0.068        6.264        0.057       22.395        0.048 
   l500.time    l500.rmse  o25_i.ptime   o25_i.time   o25_i.rmse  o50_i.ptime 
     101.874        0.044        0.246        0.322        0.431        0.203 
  o50_i.time   o50_i.rmse o100_i.ptime  o100_i.time  o100_i.rmse o250_i.ptime 
       0.181        0.331        0.245        0.164        0.292        0.662 
 o250_i.time  o250_i.rmse o500_i.ptime  o500_i.time  o500_i.rmse  o25_d.ptime 
       0.735        0.164        1.883        0.205        0.109        0.628 
  o25_d.time   o25_d.rmse  o50_d.ptime   o50_d.time   o50_d.rmse o100_d.ptime 
       0.475        0.286        0.134        0.571        0.228        0.054 
 o100_d.time  o100_d.rmse o250_d.ptime  o250_d.time  o250_d.rmse o500_d.ptime 
       1.298        0.164        0.025        6.132        0.097        0.023 
 o500_d.time  o500_d.rmse  c25_i.ptime   c25_i.time   c25_i.rmse  c50_i.ptime 
      25.310        0.070        1.879        0.270        0.225        1.168 
  c50_i.time   c50_i.rmse c100_i.ptime  c100_i.time  c100_i.rmse c250_i.ptime 
       0.183        0.175        0.908        0.141        0.137        1.040 
 c250_i.time  c250_i.rmse c500_i.ptime  c500_i.time  c500_i.rmse  c25_d.ptime 
       0.125        0.099        1.985        0.130        0.079        1.899 
  c25_d.time   c25_d.rmse  c50_d.ptime   c50_d.time   c50_d.rmse c100_d.ptime 
       0.824        0.180        1.017        1.115        0.130        0.629 
 c100_d.time  c100_d.rmse c250_d.ptime  c250_d.time  c250_d.rmse c500_d.ptime 
       2.143        0.102        0.433        8.541        0.074        0.862 
 c500_d.time  c500_d.rmse    s25.ptime     s25.time     s25.rmse    s50.ptime 
      39.397        0.061        0.391        0.001        0.698        0.471 
    s50.time     s50.rmse   s100.ptime    s100.time    s100.rmse   s250.ptime 
       0.002        0.412        0.671        0.004        0.318        1.098 
   s250.time    s250.rmse   s500.ptime    s500.time    s500.rmse  s1000.ptime 
       0.010        0.193        1.930        0.021        0.114        3.438 
  s1000.time   s1000.rmse  s2500.ptime   s2500.time   s2500.rmse  s5000.ptime 
       0.040        0.081       21.035        0.102        0.053      110.059 
  s5000.time   s5000.rmse 
       0.141        0.045 
[1] 0.7868507
$full.time
[1] 0.068

$full.rmse
[1] 0.03854366

$full.time
[1] 0.068

$full.rmse
[1] 0.03854366

$l25.time
[1] 3.578

$l25.rmse
[1] 0.09222269

$l50.time
[1] 3.804

$l50.rmse
[1] 0.07062359

$l100.time
[1] 5.101

$l100.rmse
[1] 0.0559824

$l250.time
[1] 18.394

$l250.rmse
[1] 0.0472014

$l500.time
[1] 96.302

$l500.rmse
[1] 0.04314724

$o25_i.ptime
[1] 0.306

$o25_i.time
[1] 0.254

$o25_i.rmse
[1] 0.429839

$o50_i.ptime
[1] 0.213

$o50_i.time
[1] 0.212

$o50_i.rmse
[1] 0.3454698

$o100_i.ptime
[1] 0.217

$o100_i.time
[1] 0.174

$o100_i.rmse
[1] 0.2339165

$o250_i.ptime
[1] 0.648

$o250_i.time
[1] 0.176

$o250_i.rmse
[1] 0.1738039

$o500_i.ptime
[1] 1.875

$o500_i.time
[1] 0.13

$o500_i.rmse
[1] 0.1157667

$o25_d.ptime
[1] 0.954

$o25_d.time
[1] 0.494

$o25_d.rmse
[1] 0.2953376

$o50_d.ptime
[1] 0.147

$o50_d.time
[1] 0.583

$o50_d.rmse
[1] 0.2234196

$o100_d.ptime
[1] 0.068

$o100_d.time
[1] 1.142

$o100_d.rmse
[1] 0.1621975

$o250_d.ptime
[1] 0.043

$o250_d.time
[1] 5.476

$o250_d.rmse
[1] 0.0985598

$o500_d.ptime
[1] 0.025

$o500_d.time
[1] 23.073

$o500_d.rmse
[1] 0.06939227

$c25_i.ptime
[1] 1.613

$c25_i.time
[1] 0.375

$c25_i.rmse
[1] 0.2334611

$c50_i.ptime
[1] 1.431

$c50_i.time
[1] 0.232

$c50_i.rmse
[1] 0.1739227

$c100_i.ptime
[1] 1.251

$c100_i.time
[1] 0.188

$c100_i.rmse
[1] 0.1346746

$c250_i.ptime
[1] 1.148

$c250_i.time
[1] 0.179

$c250_i.rmse
[1] 0.0974712

$c500_i.ptime
[1] 2.248

$c500_i.time
[1] 0.126

$c500_i.rmse
[1] 0.07603229

$c25_d.ptime
[1] 1.743

$c25_d.time
[1] 0.815

$c25_d.rmse
[1] 0.1707584

$c50_d.ptime
[1] 0.828

$c50_d.time
[1] 1.016

$c50_d.rmse
[1] 0.12981

$c100_d.ptime
[1] 0.591

$c100_d.time
[1] 2.009

$c100_d.rmse
[1] 0.1043274

$c250_d.ptime
[1] 0.465

$c250_d.time
[1] 7.762

$c250_d.rmse
[1] 0.07098297

$c500_d.ptime
[1] 0.4

$c500_d.time
[1] 38.022

$c500_d.rmse
[1] 0.06257204

$s25.ptime
[1] 0.368

$s25.time
[1] 0.001

$s25.rmse
[1] 0.5801891

$s50.ptime
[1] 0.84

$s50.time
[1] 0.002

$s50.rmse
[1] 0.3821791

$s100.ptime
[1] 0.645

$s100.time
[1] 0.004

$s100.rmse
[1] 0.3035142

$s250.ptime
[1] 1.203

$s250.time
[1] 0.012

$s250.rmse
[1] 0.185816

$s500.ptime
[1] 2.064

$s500.time
[1] 0.021

$s500.rmse
[1] 0.1173487

$s1000.ptime
[1] 3.485

$s1000.time
[1] 0.046

$s1000.rmse
[1] 0.08037273

$s2500.ptime
[1] 21.485

$s2500.time
[1] 0.112

$s2500.rmse
[1] 0.05259867

$s5000.ptime
[1] 112.186

$s5000.time
[1] 0.141

$s5000.rmse
[1] 0.04296119

        seed            p    full.time    full.rmse     l25.time     l25.rmse 
    2546.000       10.000        0.068        0.039        3.578        0.092 
    l50.time     l50.rmse    l100.time    l100.rmse    l250.time    l250.rmse 
       3.804        0.071        5.101        0.056       18.394        0.047 
   l500.time    l500.rmse  o25_i.ptime   o25_i.time   o25_i.rmse  o50_i.ptime 
      96.302        0.043        0.306        0.254        0.430        0.213 
  o50_i.time   o50_i.rmse o100_i.ptime  o100_i.time  o100_i.rmse o250_i.ptime 
       0.212        0.345        0.217        0.174        0.234        0.648 
 o250_i.time  o250_i.rmse o500_i.ptime  o500_i.time  o500_i.rmse  o25_d.ptime 
       0.176        0.174        1.875        0.130        0.116        0.954 
  o25_d.time   o25_d.rmse  o50_d.ptime   o50_d.time   o50_d.rmse o100_d.ptime 
       0.494        0.295        0.147        0.583        0.223        0.068 
 o100_d.time  o100_d.rmse o250_d.ptime  o250_d.time  o250_d.rmse o500_d.ptime 
       1.142        0.162        0.043        5.476        0.099        0.025 
 o500_d.time  o500_d.rmse  c25_i.ptime   c25_i.time   c25_i.rmse  c50_i.ptime 
      23.073        0.069        1.613        0.375        0.233        1.431 
  c50_i.time   c50_i.rmse c100_i.ptime  c100_i.time  c100_i.rmse c250_i.ptime 
       0.232        0.174        1.251        0.188        0.135        1.148 
 c250_i.time  c250_i.rmse c500_i.ptime  c500_i.time  c500_i.rmse  c25_d.ptime 
       0.179        0.097        2.248        0.126        0.076        1.743 
  c25_d.time   c25_d.rmse  c50_d.ptime   c50_d.time   c50_d.rmse c100_d.ptime 
       0.815        0.171        0.828        1.016        0.130        0.591 
 c100_d.time  c100_d.rmse c250_d.ptime  c250_d.time  c250_d.rmse c500_d.ptime 
       2.009        0.104        0.465        7.762        0.071        0.400 
 c500_d.time  c500_d.rmse    s25.ptime     s25.time     s25.rmse    s50.ptime 
      38.022        0.063        0.368        0.001        0.580        0.840 
    s50.time     s50.rmse   s100.ptime    s100.time    s100.rmse   s250.ptime 
       0.002        0.382        0.645        0.004        0.304        1.203 
   s250.time    s250.rmse   s500.ptime    s500.time    s500.rmse  s1000.ptime 
       0.012        0.186        2.064        0.021        0.117        3.485 
  s1000.time   s1000.rmse  s2500.ptime   s2500.time   s2500.rmse  s5000.ptime 
       0.046        0.080       21.485        0.112        0.053      112.186 
  s5000.time   s5000.rmse 
       0.141        0.043 
[1] 0.8528305
$full.time
[1] 0.07

$full.rmse
[1] 0.03949819

$full.time
[1] 0.07

$full.rmse
[1] 0.03949819

$l25.time
[1] 3.617

$l25.rmse
[1] 0.09147232

$l50.time
[1] 3.8

$l50.rmse
[1] 0.0713877

$l100.time
[1] 5.083

$l100.rmse
[1] 0.05636099

$l250.time
[1] 18.36

$l250.rmse
[1] 0.04842397

$l500.time
[1] 95.177

$l500.rmse
[1] 0.0452142

$o25_i.ptime
[1] 0.324

$o25_i.time
[1] 0.282

$o25_i.rmse
[1] 0.4258429

$o50_i.ptime
[1] 0.17

$o50_i.time
[1] 0.241

$o50_i.rmse
[1] 0.3189697

$o100_i.ptime
[1] 0.242

$o100_i.time
[1] 0.145

$o100_i.rmse
[1] 0.2471361

$o250_i.ptime
[1] 0.632

$o250_i.time
[1] 0.146

$o250_i.rmse
[1] 0.1617383

$o500_i.ptime
[1] 1.907

$o500_i.time
[1] 0.167

$o500_i.rmse
[1] 0.1116385

$o25_d.ptime
[1] 0.596

$o25_d.time
[1] 0.804

$o25_d.rmse
[1] 0.3061387

$o50_d.ptime
[1] 0.157

$o50_d.time
[1] 0.611

$o50_d.rmse
[1] 0.214355

$o100_d.ptime
[1] 0.062

$o100_d.time
[1] 1.224

$o100_d.rmse
[1] 0.1545856

$o250_d.ptime
[1] 0.025

$o250_d.time
[1] 5.882

$o250_d.rmse
[1] 0.09397992

$o500_d.ptime
[1] 0.029

$o500_d.time
[1] 26.621

$o500_d.rmse
[1] 0.07114168

$c25_i.ptime
[1] 1.62

$c25_i.time
[1] 0.36

$c25_i.rmse
[1] 0.2437786

$c50_i.ptime
[1] 1.165

$c50_i.time
[1] 0.265

$c50_i.rmse
[1] 0.1981518

$c100_i.ptime
[1] 1.009

$c100_i.time
[1] 0.198

$c100_i.rmse
[1] 0.154

$c250_i.ptime
[1] 0.926

$c250_i.time
[1] 0.136

$c250_i.rmse
[1] 0.09456793

$c500_i.ptime
[1] 1.769

$c500_i.time
[1] 0.14

$c500_i.rmse
[1] 0.08082745

$c25_d.ptime
[1] 2.02

$c25_d.time
[1] 0.861

$c25_d.rmse
[1] 0.1805647

$c50_d.ptime
[1] 0.798

$c50_d.time
[1] 1.168

$c50_d.rmse
[1] 0.1373592

$c100_d.ptime
[1] 0.501

$c100_d.time
[1] 2.034

$c100_d.rmse
[1] 0.1095401

$c250_d.ptime
[1] 0.325

$c250_d.time
[1] 7.755

$c250_d.rmse
[1] 0.07375977

$c500_d.ptime
[1] 0.51

$c500_d.time
[1] 37.995

$c500_d.rmse
[1] 0.06112929

$s25.ptime
[1] 0.447

$s25.time
[1] 0.001

$s25.rmse
[1] 0.5633266

$s50.ptime
[1] 0.609

$s50.time
[1] 0.001

$s50.rmse
[1] 0.3919682

$s100.ptime
[1] 0.549

$s100.time
[1] 0.004

$s100.rmse
[1] 0.2880498

$s250.ptime
[1] 1.274

$s250.time
[1] 0.01

$s250.rmse
[1] 0.1706033

$s500.ptime
[1] 1.905

$s500.time
[1] 0.017

$s500.rmse
[1] 0.1137507

$s1000.ptime
[1] 3.492

$s1000.time
[1] 0.045

$s1000.rmse
[1] 0.08294265

$s2500.ptime
[1] 21.98

$s2500.time
[1] 0.12

$s2500.rmse
[1] 0.05110905

$s5000.ptime
[1] 111.064

$s5000.time
[1] 0.168

$s5000.rmse
[1] 0.04464811

        seed            p    full.time    full.rmse     l25.time     l25.rmse 
    2547.000       10.000        0.070        0.039        3.617        0.091 
    l50.time     l50.rmse    l100.time    l100.rmse    l250.time    l250.rmse 
       3.800        0.071        5.083        0.056       18.360        0.048 
   l500.time    l500.rmse  o25_i.ptime   o25_i.time   o25_i.rmse  o50_i.ptime 
      95.177        0.045        0.324        0.282        0.426        0.170 
  o50_i.time   o50_i.rmse o100_i.ptime  o100_i.time  o100_i.rmse o250_i.ptime 
       0.241        0.319        0.242        0.145        0.247        0.632 
 o250_i.time  o250_i.rmse o500_i.ptime  o500_i.time  o500_i.rmse  o25_d.ptime 
       0.146        0.162        1.907        0.167        0.112        0.596 
  o25_d.time   o25_d.rmse  o50_d.ptime   o50_d.time   o50_d.rmse o100_d.ptime 
       0.804        0.306        0.157        0.611        0.214        0.062 
 o100_d.time  o100_d.rmse o250_d.ptime  o250_d.time  o250_d.rmse o500_d.ptime 
       1.224        0.155        0.025        5.882        0.094        0.029 
 o500_d.time  o500_d.rmse  c25_i.ptime   c25_i.time   c25_i.rmse  c50_i.ptime 
      26.621        0.071        1.620        0.360        0.244        1.165 
  c50_i.time   c50_i.rmse c100_i.ptime  c100_i.time  c100_i.rmse c250_i.ptime 
       0.265        0.198        1.009        0.198        0.154        0.926 
 c250_i.time  c250_i.rmse c500_i.ptime  c500_i.time  c500_i.rmse  c25_d.ptime 
       0.136        0.095        1.769        0.140        0.081        2.020 
  c25_d.time   c25_d.rmse  c50_d.ptime   c50_d.time   c50_d.rmse c100_d.ptime 
       0.861        0.181        0.798        1.168        0.137        0.501 
 c100_d.time  c100_d.rmse c250_d.ptime  c250_d.time  c250_d.rmse c500_d.ptime 
       2.034        0.110        0.325        7.755        0.074        0.510 
 c500_d.time  c500_d.rmse    s25.ptime     s25.time     s25.rmse    s50.ptime 
      37.995        0.061        0.447        0.001        0.563        0.609 
    s50.time     s50.rmse   s100.ptime    s100.time    s100.rmse   s250.ptime 
       0.001        0.392        0.549        0.004        0.288        1.274 
   s250.time    s250.rmse   s500.ptime    s500.time    s500.rmse  s1000.ptime 
       0.010        0.171        1.905        0.017        0.114        3.492 
  s1000.time   s1000.rmse  s2500.ptime   s2500.time   s2500.rmse  s5000.ptime 
       0.045        0.083       21.980        0.120        0.051      111.064 
  s5000.time   s5000.rmse 
       0.168        0.045 
[1] 0.7577075
$full.time
[1] 0.068

$full.rmse
[1] 0.03732883

$full.time
[1] 0.068

$full.rmse
[1] 0.03732883

$l25.time
[1] 3.615

$l25.rmse
[1] 0.08820151

$l50.time
[1] 3.744

$l50.rmse
[1] 0.06847479

$l100.time
[1] 5.099

$l100.rmse
[1] 0.05666575

$l250.time
[1] 18.398

$l250.rmse
[1] 0.0462028

$l500.time
[1] 95.832

$l500.rmse
[1] 0.04303077

$o25_i.ptime
[1] 0.263

$o25_i.time
[1] 0.301

$o25_i.rmse
[1] 0.3889935

$o50_i.ptime
[1] 0.199

$o50_i.time
[1] 0.194

$o50_i.rmse
[1] 0.3168984

$o100_i.ptime
[1] 0.209

$o100_i.time
[1] 0.183

$o100_i.rmse
[1] 0.2530017

$o250_i.ptime
[1] 0.638

$o250_i.time
[1] 0.162

$o250_i.rmse
[1] 0.1761517

$o500_i.ptime
[1] 1.822

$o500_i.time
[1] 0.161

$o500_i.rmse
[1] 0.1143096

$o25_d.ptime
[1] 0.886

$o25_d.time
[1] 0.492

$o25_d.rmse
[1] 0.2720657

$o50_d.ptime
[1] 0.152

$o50_d.time
[1] 0.635

$o50_d.rmse
[1] 0.2143555

$o100_d.ptime
[1] 0.067

$o100_d.time
[1] 1.33

$o100_d.rmse
[1] 0.1569509

$o250_d.ptime
[1] 0.043

$o250_d.time
[1] 5.463

$o250_d.rmse
[1] 0.09690952

$o500_d.ptime
[1] 0.024

$o500_d.time
[1] 21.402

$o500_d.rmse
[1] 0.06699999

$c25_i.ptime
[1] 1.662

$c25_i.time
[1] 0.367

$c25_i.rmse
[1] 0.2119526

$c50_i.ptime
[1] 1.053

$c50_i.time
[1] 0.27

$c50_i.rmse
[1] 0.179537

$c100_i.ptime
[1] 0.994

$c100_i.time
[1] 0.221

$c100_i.rmse
[1] 0.1448283

$c250_i.ptime
[1] 1.101

$c250_i.time
[1] 0.201

$c250_i.rmse
[1] 0.1016432

$c500_i.ptime
[1] 2.239

$c500_i.time
[1] 0.157

$c500_i.rmse
[1] 0.07677453

$c25_d.ptime
[1] 1.988

$c25_d.time
[1] 0.852

$c25_d.rmse
[1] 0.1694094

$c50_d.ptime
[1] 0.922

$c50_d.time
[1] 1.011

$c50_d.rmse
[1] 0.125256

$c100_d.ptime
[1] 0.899

$c100_d.time
[1] 2.004

$c100_d.rmse
[1] 0.1019163

$c250_d.ptime
[1] 0.465

$c250_d.time
[1] 7.673

$c250_d.rmse
[1] 0.07477222

$c500_d.ptime
[1] 0.433

$c500_d.time
[1] 37.648

$c500_d.rmse
[1] 0.05987294

$s25.ptime
[1] 0.498

$s25.time
[1] 0

$s25.rmse
[1] 0.4365567

$s50.ptime
[1] 0.596

$s50.time
[1] 0.002

$s50.rmse
[1] 0.3408981

$s100.ptime
[1] 0.714

$s100.time
[1] 0.004

$s100.rmse
[1] 0.2930215

$s250.ptime
[1] 1.159

$s250.time
[1] 0.011

$s250.rmse
[1] 0.165297

$s500.ptime
[1] 1.772

$s500.time
[1] 0.019

$s500.rmse
[1] 0.1091716

$s1000.ptime
[1] 3.3

$s1000.time
[1] 0.039

$s1000.rmse
[1] 0.07306259

$s2500.ptime
[1] 22.16

$s2500.time
[1] 0.12

$s2500.rmse
[1] 0.0504933

$s5000.ptime
[1] 105.798

$s5000.time
[1] 0.151

$s5000.rmse
[1] 0.04166915

        seed            p    full.time    full.rmse     l25.time     l25.rmse 
    2548.000       10.000        0.068        0.037        3.615        0.088 
    l50.time     l50.rmse    l100.time    l100.rmse    l250.time    l250.rmse 
       3.744        0.068        5.099        0.057       18.398        0.046 
   l500.time    l500.rmse  o25_i.ptime   o25_i.time   o25_i.rmse  o50_i.ptime 
      95.832        0.043        0.263        0.301        0.389        0.199 
  o50_i.time   o50_i.rmse o100_i.ptime  o100_i.time  o100_i.rmse o250_i.ptime 
       0.194        0.317        0.209        0.183        0.253        0.638 
 o250_i.time  o250_i.rmse o500_i.ptime  o500_i.time  o500_i.rmse  o25_d.ptime 
       0.162        0.176        1.822        0.161        0.114        0.886 
  o25_d.time   o25_d.rmse  o50_d.ptime   o50_d.time   o50_d.rmse o100_d.ptime 
       0.492        0.272        0.152        0.635        0.214        0.067 
 o100_d.time  o100_d.rmse o250_d.ptime  o250_d.time  o250_d.rmse o500_d.ptime 
       1.330        0.157        0.043        5.463        0.097        0.024 
 o500_d.time  o500_d.rmse  c25_i.ptime   c25_i.time   c25_i.rmse  c50_i.ptime 
      21.402        0.067        1.662        0.367        0.212        1.053 
  c50_i.time   c50_i.rmse c100_i.ptime  c100_i.time  c100_i.rmse c250_i.ptime 
       0.270        0.180        0.994        0.221        0.145        1.101 
 c250_i.time  c250_i.rmse c500_i.ptime  c500_i.time  c500_i.rmse  c25_d.ptime 
       0.201        0.102        2.239        0.157        0.077        1.988 
  c25_d.time   c25_d.rmse  c50_d.ptime   c50_d.time   c50_d.rmse c100_d.ptime 
       0.852        0.169        0.922        1.011        0.125        0.899 
 c100_d.time  c100_d.rmse c250_d.ptime  c250_d.time  c250_d.rmse c500_d.ptime 
       2.004        0.102        0.465        7.673        0.075        0.433 
 c500_d.time  c500_d.rmse    s25.ptime     s25.time     s25.rmse    s50.ptime 
      37.648        0.060        0.498        0.000        0.437        0.596 
    s50.time     s50.rmse   s100.ptime    s100.time    s100.rmse   s250.ptime 
       0.002        0.341        0.714        0.004        0.293        1.159 
   s250.time    s250.rmse   s500.ptime    s500.time    s500.rmse  s1000.ptime 
       0.011        0.165        1.772        0.019        0.109        3.300 
  s1000.time   s1000.rmse  s2500.ptime   s2500.time   s2500.rmse  s5000.ptime 
       0.039        0.073       22.160        0.120        0.050      105.798 
  s5000.time   s5000.rmse 
       0.151        0.042 
  seed  p full.time  full.rmse l25.time   l25.rmse l50.time   l50.rmse
1 2544 10     0.079 0.03830624    4.506 0.09160476    4.592 0.07014630
2 2545 10     0.084 0.03893650    4.412 0.09051281    4.496 0.06829473
3 2546 10     0.068 0.03854366    3.578 0.09222269    3.804 0.07062359
4 2547 10     0.070 0.03949819    3.617 0.09147232    3.800 0.07138770
5 2548 10     0.068 0.03732883    3.615 0.08820151    3.744 0.06847479
  l100.time  l100.rmse l250.time  l250.rmse l500.time  l500.rmse o25_i.ptime
1     6.173 0.05618146    23.442 0.04724936   113.630 0.04342324       0.296
2     6.264 0.05656636    22.395 0.04769813   101.874 0.04381635       0.246
3     5.101 0.05598240    18.394 0.04720140    96.302 0.04314724       0.306
4     5.083 0.05636099    18.360 0.04842397    95.177 0.04521420       0.324
5     5.099 0.05666575    18.398 0.04620280    95.832 0.04303077       0.263
  o25_i.time o25_i.rmse o50_i.ptime o50_i.time o50_i.rmse o100_i.ptime
1      0.326  0.4241872       0.627      0.213  0.3130532        0.234
2      0.322  0.4306121       0.203      0.181  0.3314937        0.245
3      0.254  0.4298390       0.213      0.212  0.3454698        0.217
4      0.282  0.4258429       0.170      0.241  0.3189697        0.242
5      0.301  0.3889935       0.199      0.194  0.3168984        0.209
  o100_i.time o100_i.rmse o250_i.ptime o250_i.time o250_i.rmse o500_i.ptime
1       0.186   0.2615040        0.735       0.159   0.1647149        2.162
2       0.164   0.2918219        0.662       0.735   0.1638465        1.883
3       0.174   0.2339165        0.648       0.176   0.1738039        1.875
4       0.145   0.2471361        0.632       0.146   0.1617383        1.907
5       0.183   0.2530017        0.638       0.162   0.1761517        1.822
  o500_i.time o500_i.rmse o25_d.ptime o25_d.time o25_d.rmse o50_d.ptime
1       0.166   0.1179480       0.672      0.525  0.2763218       0.167
2       0.205   0.1088343       0.628      0.475  0.2861795       0.134
3       0.130   0.1157667       0.954      0.494  0.2953376       0.147
4       0.167   0.1116385       0.596      0.804  0.3061387       0.157
5       0.161   0.1143096       0.886      0.492  0.2720657       0.152
  o50_d.time o50_d.rmse o100_d.ptime o100_d.time o100_d.rmse o250_d.ptime
1      0.669  0.2072047        0.064       1.349   0.1592491        0.031
2      0.571  0.2277466        0.054       1.298   0.1640439        0.025
3      0.583  0.2234196        0.068       1.142   0.1621975        0.043
4      0.611  0.2143550        0.062       1.224   0.1545856        0.025
5      0.635  0.2143555        0.067       1.330   0.1569509        0.043
  o250_d.time o250_d.rmse o500_d.ptime o500_d.time o500_d.rmse c25_i.ptime
1       7.164  0.10474748        0.089      25.742  0.07420163       1.806
2       6.132  0.09715611        0.023      25.310  0.07044918       1.879
3       5.476  0.09855980        0.025      23.073  0.06939227       1.613
4       5.882  0.09397992        0.029      26.621  0.07114168       1.620
5       5.463  0.09690952        0.024      21.402  0.06699999       1.662
  c25_i.time c25_i.rmse c50_i.ptime c50_i.time c50_i.rmse c100_i.ptime
1      0.285  0.2159034       1.061      0.201  0.1636480        0.918
2      0.270  0.2245517       1.168      0.183  0.1750147        0.908
3      0.375  0.2334611       1.431      0.232  0.1739227        1.251
4      0.360  0.2437786       1.165      0.265  0.1981518        1.009
5      0.367  0.2119526       1.053      0.270  0.1795370        0.994
  c100_i.time c100_i.rmse c250_i.ptime c250_i.time c250_i.rmse c500_i.ptime
1       0.258   0.1345120        1.299       0.206  0.09881601        3.016
2       0.141   0.1370412        1.040       0.125  0.09864885        1.985
3       0.188   0.1346746        1.148       0.179  0.09747120        2.248
4       0.198   0.1540000        0.926       0.136  0.09456793        1.769
5       0.221   0.1448283        1.101       0.201  0.10164315        2.239
  c500_i.time c500_i.rmse c25_d.ptime c25_d.time c25_d.rmse c50_d.ptime
1       0.221  0.07973607       2.253      1.420  0.1642303       1.281
2       0.130  0.07851232       1.899      0.824  0.1796151       1.017
3       0.126  0.07603229       1.743      0.815  0.1707584       0.828
4       0.140  0.08082745       2.020      0.861  0.1805647       0.798
5       0.157  0.07677453       1.988      0.852  0.1694094       0.922
  c50_d.time c50_d.rmse c100_d.ptime c100_d.time c100_d.rmse c250_d.ptime
1      1.153  0.1446909        0.696       2.176  0.09863853        0.429
2      1.115  0.1297398        0.629       2.143  0.10232857        0.433
3      1.016  0.1298100        0.591       2.009  0.10432745        0.465
4      1.168  0.1373592        0.501       2.034  0.10954011        0.325
5      1.011  0.1252560        0.899       2.004  0.10191625        0.465
  c250_d.time c250_d.rmse c500_d.ptime c500_d.time c500_d.rmse s25.ptime
1       8.462  0.07712465        0.424      41.618  0.06543579     0.377
2       8.541  0.07350314        0.862      39.397  0.06057733     0.391
3       7.762  0.07098297        0.400      38.022  0.06257204     0.368
4       7.755  0.07375977        0.510      37.995  0.06112929     0.447
5       7.673  0.07477222        0.433      37.648  0.05987294     0.498
  s25.time  s25.rmse s50.ptime s50.time  s50.rmse s100.ptime s100.time
1    0.001 0.5228651     0.358    0.002 0.3919583      0.841     0.003
2    0.001 0.6984796     0.471    0.002 0.4124065      0.671     0.004
3    0.001 0.5801891     0.840    0.002 0.3821791      0.645     0.004
4    0.001 0.5633266     0.609    0.001 0.3919682      0.549     0.004
5    0.000 0.4365567     0.596    0.002 0.3408981      0.714     0.004
  s100.rmse s250.ptime s250.time s250.rmse s500.ptime s500.time s500.rmse
1 0.2990889      1.309     0.012 0.1880308      2.391     0.022 0.1255882
2 0.3179972      1.098     0.010 0.1930948      1.930     0.021 0.1138275
3 0.3035142      1.203     0.012 0.1858160      2.064     0.021 0.1173487
4 0.2880498      1.274     0.010 0.1706033      1.905     0.017 0.1137507
5 0.2930215      1.159     0.011 0.1652970      1.772     0.019 0.1091716
  s1000.ptime s1000.time s1000.rmse s2500.ptime s2500.time s2500.rmse
1       4.063      0.050 0.08182670      23.902      0.154 0.05453028
2       3.438      0.040 0.08091888      21.035      0.102 0.05330652
3       3.485      0.046 0.08037273      21.485      0.112 0.05259867
4       3.492      0.045 0.08294265      21.980      0.120 0.05110905
5       3.300      0.039 0.07306259      22.160      0.120 0.05049330
  s5000.ptime s5000.time s5000.rmse
1     144.222      0.216 0.04348974
2     110.059      0.141 0.04475266
3     112.186      0.141 0.04296119
4     111.064      0.168 0.04464811
5     105.798      0.151 0.04166915
> 
> proc.time()
    user   system  elapsed 
4112.008   30.229 4233.985 
