
R version 3.0.3 (2014-03-06) -- "Warm Puppy"
Copyright (C) 2014 The R Foundation for Statistical Computing
Platform: x86_64-unknown-linux-gnu (64-bit)

R is free software and comes with ABSOLUTELY NO WARRANTY.
You are welcome to redistribute it under certain conditions.
Type 'license()' or 'licence()' for distribution details.

  Natural language support but running in an English locale

R is a collaborative project with many contributors.
Type 'contributors()' for more information and
'citation()' on how to cite R or R packages in publications.

Type 'demo()' for some demos, 'help()' for on-line help, or
'help.start()' for an HTML browser interface to help.
Type 'q()' to quit R.

> print(.libPaths())
[1] "/usr/local/r-3.0.3/lib64/R/library"
> .libPaths("/mnt/home/rjparker/Rlib")
> print(.libPaths())
[1] "/mnt/home/rjparker/Rlib"            "/usr/local/r-3.0.3/lib64/R/library"
> setwd("/mnt/home/rjparker/git/block_int")
> 
> which_exp <- 6
> which_part <- 19
> source("R/sim_nblocks_pred.R")
Loading required package: spam
Loading required package: grid
Spam version 0.41-0 (2014-02-26) is loaded.
Type 'help( Spam)' or 'demo( spam)' for a short introduction 
and overview of this package.
Help for individual functions is also obtained by adding the
suffix '.spam' to the function name, e.g. 'help( chol.spam)'.

Attaching package: ‘spam’

The following objects are masked from ‘package:base’:

    backsolve, forwardsolve

Loading required package: maps
  pred  p b tau Nper_p Npred Fzero sigma2
6 TRUE 10 4  10  10000  1000     0      1
[1] 0.7715048
$full.time
[1] 0.068

$full.rmse
[1] 0.03834244

$full.time
[1] 0.068

$full.rmse
[1] 0.03834244

$l25.time
[1] 2.852

$l25.rmse
[1] 0.09014586

$l50.time
[1] 2.916

$l50.rmse
[1] 0.06856443

$l100.time
[1] 3.927

$l100.rmse
[1] 0.05691058

$l250.time
[1] 14.965

$l250.rmse
[1] 0.04744695

$l500.time
[1] 75.696

$l500.rmse
[1] 0.04390522

$o25_i.ptime
[1] 0.209

$o25_i.time
[1] 0.216

$o25_i.rmse
[1] 0.4295014

$o50_i.ptime
[1] 0.446

$o50_i.time
[1] 0.141

$o50_i.rmse
[1] 0.3468598

$o100_i.ptime
[1] 0.181

$o100_i.time
[1] 0.115

$o100_i.rmse
[1] 0.2730637

$o250_i.ptime
[1] 0.514

$o250_i.time
[1] 0.103

$o250_i.rmse
[1] 0.1602422

$o500_i.ptime
[1] 1.404

$o500_i.time
[1] 0.122

$o500_i.rmse
[1] 0.1175961

$o25_d.ptime
[1] 0.565

$o25_d.time
[1] 0.368

$o25_d.rmse
[1] 0.317292

$o50_d.ptime
[1] 0.126

$o50_d.time
[1] 0.447

$o50_d.rmse
[1] 0.2331711

$o100_d.ptime
[1] 0.048

$o100_d.time
[1] 0.917

$o100_d.rmse
[1] 0.1720226

$o250_d.ptime
[1] 0.023

$o250_d.time
[1] 4.344

$o250_d.rmse
[1] 0.09757407

$o500_d.ptime
[1] 0.076

$o500_d.time
[1] 18.353

$o500_d.rmse
[1] 0.06734668

$c25_i.ptime
[1] 1.453

$c25_i.time
[1] 0.213

$c25_i.rmse
[1] 0.2322848

$c50_i.ptime
[1] 0.952

$c50_i.time
[1] 0.142

$c50_i.rmse
[1] 0.1933357

$c100_i.ptime
[1] 0.754

$c100_i.time
[1] 0.115

$c100_i.rmse
[1] 0.1338771

$c250_i.ptime
[1] 0.822

$c250_i.time
[1] 0.1

$c250_i.rmse
[1] 0.1034482

$c500_i.ptime
[1] 1.711

$c500_i.time
[1] 0.131

$c500_i.rmse
[1] 0.07961163

$c25_d.ptime
[1] 1.746

$c25_d.time
[1] 0.724

$c25_d.rmse
[1] 0.1748649

$c50_d.ptime
[1] 1.339

$c50_d.time
[1] 0.932

$c50_d.rmse
[1] 0.1305512

$c100_d.ptime
[1] 0.613

$c100_d.time
[1] 1.825

$c100_d.rmse
[1] 0.1022261

$c250_d.ptime
[1] 0.352

$c250_d.time
[1] 6.474

$c250_d.rmse
[1] 0.07771036

$c500_d.ptime
[1] 0.278

$c500_d.time
[1] 22.295

$c500_d.rmse
[1] 0.06097365

$s25.ptime
[1] 0.322

$s25.time
[1] 0.001

$s25.rmse
[1] 0.6134671

$s50.ptime
[1] 0.475

$s50.time
[1] 0.001

$s50.rmse
[1] 0.3943895

$s100.ptime
[1] 0.608

$s100.time
[1] 0.002

$s100.rmse
[1] 0.3045159

$s250.ptime
[1] 1.184

$s250.time
[1] 0.007

$s250.rmse
[1] 0.1769053

$s500.ptime
[1] 1.775

$s500.time
[1] 0.014

$s500.rmse
[1] 0.1143085

$s1000.ptime
[1] 2.906

$s1000.time
[1] 0.028

$s1000.rmse
[1] 0.08215087

$s2500.ptime
[1] 15.024

$s2500.time
[1] 0.073

$s2500.rmse
[1] 0.05147569

$s5000.ptime
[1] 84.951

$s5000.time
[1] 0.121

$s5000.rmse
[1] 0.04250802

        seed            p    full.time    full.rmse     l25.time     l25.rmse 
    2574.000       10.000        0.068        0.038        2.852        0.090 
    l50.time     l50.rmse    l100.time    l100.rmse    l250.time    l250.rmse 
       2.916        0.069        3.927        0.057       14.965        0.047 
   l500.time    l500.rmse  o25_i.ptime   o25_i.time   o25_i.rmse  o50_i.ptime 
      75.696        0.044        0.209        0.216        0.430        0.446 
  o50_i.time   o50_i.rmse o100_i.ptime  o100_i.time  o100_i.rmse o250_i.ptime 
       0.141        0.347        0.181        0.115        0.273        0.514 
 o250_i.time  o250_i.rmse o500_i.ptime  o500_i.time  o500_i.rmse  o25_d.ptime 
       0.103        0.160        1.404        0.122        0.118        0.565 
  o25_d.time   o25_d.rmse  o50_d.ptime   o50_d.time   o50_d.rmse o100_d.ptime 
       0.368        0.317        0.126        0.447        0.233        0.048 
 o100_d.time  o100_d.rmse o250_d.ptime  o250_d.time  o250_d.rmse o500_d.ptime 
       0.917        0.172        0.023        4.344        0.098        0.076 
 o500_d.time  o500_d.rmse  c25_i.ptime   c25_i.time   c25_i.rmse  c50_i.ptime 
      18.353        0.067        1.453        0.213        0.232        0.952 
  c50_i.time   c50_i.rmse c100_i.ptime  c100_i.time  c100_i.rmse c250_i.ptime 
       0.142        0.193        0.754        0.115        0.134        0.822 
 c250_i.time  c250_i.rmse c500_i.ptime  c500_i.time  c500_i.rmse  c25_d.ptime 
       0.100        0.103        1.711        0.131        0.080        1.746 
  c25_d.time   c25_d.rmse  c50_d.ptime   c50_d.time   c50_d.rmse c100_d.ptime 
       0.724        0.175        1.339        0.932        0.131        0.613 
 c100_d.time  c100_d.rmse c250_d.ptime  c250_d.time  c250_d.rmse c500_d.ptime 
       1.825        0.102        0.352        6.474        0.078        0.278 
 c500_d.time  c500_d.rmse    s25.ptime     s25.time     s25.rmse    s50.ptime 
      22.295        0.061        0.322        0.001        0.613        0.475 
    s50.time     s50.rmse   s100.ptime    s100.time    s100.rmse   s250.ptime 
       0.001        0.394        0.608        0.002        0.305        1.184 
   s250.time    s250.rmse   s500.ptime    s500.time    s500.rmse  s1000.ptime 
       0.007        0.177        1.775        0.014        0.114        2.906 
  s1000.time   s1000.rmse  s2500.ptime   s2500.time   s2500.rmse  s5000.ptime 
       0.028        0.082       15.024        0.073        0.051       84.951 
  s5000.time   s5000.rmse 
       0.121        0.043 
[1] 0.670679
$full.time
[1] 0.085

$full.rmse
[1] 0.03840135

$full.time
[1] 0.085

$full.rmse
[1] 0.03840135

$l25.time
[1] 3.159

$l25.rmse
[1] 0.09793663

$l50.time
[1] 3.231

$l50.rmse
[1] 0.07491588

$l100.time
[1] 4.529

$l100.rmse
[1] 0.05867879

$l250.time
[1] 16.777

$l250.rmse
[1] 0.04859191

$l500.time
[1] 78.784

$l500.rmse
[1] 0.04491369

$o25_i.ptime
[1] 0.201

$o25_i.time
[1] 0.208

$o25_i.rmse
[1] 0.439431

$o50_i.ptime
[1] 0.138

$o50_i.time
[1] 0.144

$o50_i.rmse
[1] 0.3482582

$o100_i.ptime
[1] 0.172

$o100_i.time
[1] 0.12

$o100_i.rmse
[1] 0.2527683

$o250_i.ptime
[1] 0.473

$o250_i.time
[1] 0.44

$o250_i.rmse
[1] 0.1569234

$o500_i.ptime
[1] 1.282

$o500_i.time
[1] 0.118

$o500_i.rmse
[1] 0.1130219

$o25_d.ptime
[1] 0.552

$o25_d.time
[1] 0.356

$o25_d.rmse
[1] 0.2957643

$o50_d.ptime
[1] 0.122

$o50_d.time
[1] 0.44

$o50_d.rmse
[1] 0.2156995

$o100_d.ptime
[1] 0.045

$o100_d.time
[1] 0.959

$o100_d.rmse
[1] 0.1540501

$o250_d.ptime
[1] 0.022

$o250_d.time
[1] 4.929

$o250_d.rmse
[1] 0.09662867

$o500_d.ptime
[1] 0.083

$o500_d.time
[1] 18.785

$o500_d.rmse
[1] 0.07611122

$c25_i.ptime
[1] 1.525

$c25_i.time
[1] 0.231

$c25_i.rmse
[1] 0.2250282

$c50_i.ptime
[1] 0.912

$c50_i.time
[1] 0.157

$c50_i.rmse
[1] 0.1832737

$c100_i.ptime
[1] 0.847

$c100_i.time
[1] 0.126

$c100_i.rmse
[1] 0.1410036

$c250_i.ptime
[1] 1.015

$c250_i.time
[1] 0.114

$c250_i.rmse
[1] 0.1035966

$c500_i.ptime
[1] 1.646

$c500_i.time
[1] 0.124

$c500_i.rmse
[1] 0.0868439

$c25_d.ptime
[1] 1.847

$c25_d.time
[1] 0.708

$c25_d.rmse
[1] 0.1712445

$c50_d.ptime
[1] 0.939

$c50_d.time
[1] 0.962

$c50_d.rmse
[1] 0.1335014

$c100_d.ptime
[1] 0.63

$c100_d.time
[1] 1.887

$c100_d.rmse
[1] 0.1097574

$c250_d.ptime
[1] 0.377

$c250_d.time
[1] 6.498

$c250_d.rmse
[1] 0.08036285

$c500_d.ptime
[1] 0.435

$c500_d.time
[1] 22.481

$c500_d.rmse
[1] 0.06598564

$s25.ptime
[1] 0.378

$s25.time
[1] 0.001

$s25.rmse
[1] 0.5561385

$s50.ptime
[1] 0.388

$s50.time
[1] 0.001

$s50.rmse
[1] 0.4507517

$s100.ptime
[1] 0.516

$s100.time
[1] 0.003

$s100.rmse
[1] 0.2646995

$s250.ptime
[1] 0.906

$s250.time
[1] 0.007

$s250.rmse
[1] 0.1753075

$s500.ptime
[1] 1.624

$s500.time
[1] 0.014

$s500.rmse
[1] 0.1264386

$s1000.ptime
[1] 2.852

$s1000.time
[1] 0.028

$s1000.rmse
[1] 0.08402509

$s2500.ptime
[1] 14.581

$s2500.time
[1] 0.06

$s2500.rmse
[1] 0.05497906

$s5000.ptime
[1] 84.943

$s5000.time
[1] 0.17

$s5000.rmse
[1] 0.04382184

        seed            p    full.time    full.rmse     l25.time     l25.rmse 
    2575.000       10.000        0.085        0.038        3.159        0.098 
    l50.time     l50.rmse    l100.time    l100.rmse    l250.time    l250.rmse 
       3.231        0.075        4.529        0.059       16.777        0.049 
   l500.time    l500.rmse  o25_i.ptime   o25_i.time   o25_i.rmse  o50_i.ptime 
      78.784        0.045        0.201        0.208        0.439        0.138 
  o50_i.time   o50_i.rmse o100_i.ptime  o100_i.time  o100_i.rmse o250_i.ptime 
       0.144        0.348        0.172        0.120        0.253        0.473 
 o250_i.time  o250_i.rmse o500_i.ptime  o500_i.time  o500_i.rmse  o25_d.ptime 
       0.440        0.157        1.282        0.118        0.113        0.552 
  o25_d.time   o25_d.rmse  o50_d.ptime   o50_d.time   o50_d.rmse o100_d.ptime 
       0.356        0.296        0.122        0.440        0.216        0.045 
 o100_d.time  o100_d.rmse o250_d.ptime  o250_d.time  o250_d.rmse o500_d.ptime 
       0.959        0.154        0.022        4.929        0.097        0.083 
 o500_d.time  o500_d.rmse  c25_i.ptime   c25_i.time   c25_i.rmse  c50_i.ptime 
      18.785        0.076        1.525        0.231        0.225        0.912 
  c50_i.time   c50_i.rmse c100_i.ptime  c100_i.time  c100_i.rmse c250_i.ptime 
       0.157        0.183        0.847        0.126        0.141        1.015 
 c250_i.time  c250_i.rmse c500_i.ptime  c500_i.time  c500_i.rmse  c25_d.ptime 
       0.114        0.104        1.646        0.124        0.087        1.847 
  c25_d.time   c25_d.rmse  c50_d.ptime   c50_d.time   c50_d.rmse c100_d.ptime 
       0.708        0.171        0.939        0.962        0.134        0.630 
 c100_d.time  c100_d.rmse c250_d.ptime  c250_d.time  c250_d.rmse c500_d.ptime 
       1.887        0.110        0.377        6.498        0.080        0.435 
 c500_d.time  c500_d.rmse    s25.ptime     s25.time     s25.rmse    s50.ptime 
      22.481        0.066        0.378        0.001        0.556        0.388 
    s50.time     s50.rmse   s100.ptime    s100.time    s100.rmse   s250.ptime 
       0.001        0.451        0.516        0.003        0.265        0.906 
   s250.time    s250.rmse   s500.ptime    s500.time    s500.rmse  s1000.ptime 
       0.007        0.175        1.624        0.014        0.126        2.852 
  s1000.time   s1000.rmse  s2500.ptime   s2500.time   s2500.rmse  s5000.ptime 
       0.028        0.084       14.581        0.060        0.055       84.943 
  s5000.time   s5000.rmse 
       0.170        0.044 
[1] 0.7213364
$full.time
[1] 0.073

$full.rmse
[1] 0.03752511

$full.time
[1] 0.073

$full.rmse
[1] 0.03752511

$l25.time
[1] 3.158

$l25.rmse
[1] 0.09259066

$l50.time
[1] 2.953

$l50.rmse
[1] 0.07010172

$l100.time
[1] 4.344

$l100.rmse
[1] 0.05504872

$l250.time
[1] 15.856

$l250.rmse
[1] 0.04711566

$l500.time
[1] 76.206

$l500.rmse
[1] 0.04325949

$o25_i.ptime
[1] 0.216

$o25_i.time
[1] 0.228

$o25_i.rmse
[1] 0.4052958

$o50_i.ptime
[1] 0.171

$o50_i.time
[1] 0.159

$o50_i.rmse
[1] 0.3155013

$o100_i.ptime
[1] 0.188

$o100_i.time
[1] 0.126

$o100_i.rmse
[1] 0.2670855

$o250_i.ptime
[1] 0.513

$o250_i.time
[1] 0.119

$o250_i.rmse
[1] 0.1690343

$o500_i.ptime
[1] 1.343

$o500_i.time
[1] 0.32

$o500_i.rmse
[1] 0.1175987

$o25_d.ptime
[1] 0.552

$o25_d.time
[1] 0.379

$o25_d.rmse
[1] 0.2847781

$o50_d.ptime
[1] 0.118

$o50_d.time
[1] 0.496

$o50_d.rmse
[1] 0.2269437

$o100_d.ptime
[1] 0.044

$o100_d.time
[1] 0.964

$o100_d.rmse
[1] 0.1694335

$o250_d.ptime
[1] 0.02

$o250_d.time
[1] 3.888

$o250_d.rmse
[1] 0.09794504

$o500_d.ptime
[1] 0.021

$o500_d.time
[1] 22.098

$o500_d.rmse
[1] 0.07445949

$c25_i.ptime
[1] 1.378

$c25_i.time
[1] 0.32

$c25_i.rmse
[1] 0.2255115

$c50_i.ptime
[1] 0.953

$c50_i.time
[1] 0.154

$c50_i.rmse
[1] 0.179615

$c100_i.ptime
[1] 0.72

$c100_i.time
[1] 0.13

$c100_i.rmse
[1] 0.1407413

$c250_i.ptime
[1] 0.834

$c250_i.time
[1] 0.116

$c250_i.rmse
[1] 0.09878683

$c500_i.ptime
[1] 1.749

$c500_i.time
[1] 0.121

$c500_i.rmse
[1] 0.08140838

$c25_d.ptime
[1] 1.715

$c25_d.time
[1] 0.705

$c25_d.rmse
[1] 0.1726226

$c50_d.ptime
[1] 0.884

$c50_d.time
[1] 0.829

$c50_d.rmse
[1] 0.1388378

$c100_d.ptime
[1] 0.474

$c100_d.time
[1] 1.53

$c100_d.rmse
[1] 0.1029194

$c250_d.ptime
[1] 0.456

$c250_d.time
[1] 6.084

$c250_d.rmse
[1] 0.07759634

$c500_d.ptime
[1] 0.359

$c500_d.time
[1] 22.952

$c500_d.rmse
[1] 0.06311978

$s25.ptime
[1] 0.431

$s25.time
[1] 0.001

$s25.rmse
[1] 0.4817135

$s50.ptime
[1] 0.589

$s50.time
[1] 0.001

$s50.rmse
[1] 0.4617113

$s100.ptime
[1] 0.891

$s100.time
[1] 0.002

$s100.rmse
[1] 0.3075987

$s250.ptime
[1] 0.996

$s250.time
[1] 0.006

$s250.rmse
[1] 0.1780123

$s500.ptime
[1] 1.653

$s500.time
[1] 0.013

$s500.rmse
[1] 0.1302784

$s1000.ptime
[1] 2.596

$s1000.time
[1] 0.024

$s1000.rmse
[1] 0.08424186

$s2500.ptime
[1] 14.788

$s2500.time
[1] 0.066

$s2500.rmse
[1] 0.05249606

$s5000.ptime
[1] 85.747

$s5000.time
[1] 0.125

$s5000.rmse
[1] 0.04198579

        seed            p    full.time    full.rmse     l25.time     l25.rmse 
    2576.000       10.000        0.073        0.038        3.158        0.093 
    l50.time     l50.rmse    l100.time    l100.rmse    l250.time    l250.rmse 
       2.953        0.070        4.344        0.055       15.856        0.047 
   l500.time    l500.rmse  o25_i.ptime   o25_i.time   o25_i.rmse  o50_i.ptime 
      76.206        0.043        0.216        0.228        0.405        0.171 
  o50_i.time   o50_i.rmse o100_i.ptime  o100_i.time  o100_i.rmse o250_i.ptime 
       0.159        0.316        0.188        0.126        0.267        0.513 
 o250_i.time  o250_i.rmse o500_i.ptime  o500_i.time  o500_i.rmse  o25_d.ptime 
       0.119        0.169        1.343        0.320        0.118        0.552 
  o25_d.time   o25_d.rmse  o50_d.ptime   o50_d.time   o50_d.rmse o100_d.ptime 
       0.379        0.285        0.118        0.496        0.227        0.044 
 o100_d.time  o100_d.rmse o250_d.ptime  o250_d.time  o250_d.rmse o500_d.ptime 
       0.964        0.169        0.020        3.888        0.098        0.021 
 o500_d.time  o500_d.rmse  c25_i.ptime   c25_i.time   c25_i.rmse  c50_i.ptime 
      22.098        0.074        1.378        0.320        0.226        0.953 
  c50_i.time   c50_i.rmse c100_i.ptime  c100_i.time  c100_i.rmse c250_i.ptime 
       0.154        0.180        0.720        0.130        0.141        0.834 
 c250_i.time  c250_i.rmse c500_i.ptime  c500_i.time  c500_i.rmse  c25_d.ptime 
       0.116        0.099        1.749        0.121        0.081        1.715 
  c25_d.time   c25_d.rmse  c50_d.ptime   c50_d.time   c50_d.rmse c100_d.ptime 
       0.705        0.173        0.884        0.829        0.139        0.474 
 c100_d.time  c100_d.rmse c250_d.ptime  c250_d.time  c250_d.rmse c500_d.ptime 
       1.530        0.103        0.456        6.084        0.078        0.359 
 c500_d.time  c500_d.rmse    s25.ptime     s25.time     s25.rmse    s50.ptime 
      22.952        0.063        0.431        0.001        0.482        0.589 
    s50.time     s50.rmse   s100.ptime    s100.time    s100.rmse   s250.ptime 
       0.001        0.462        0.891        0.002        0.308        0.996 
   s250.time    s250.rmse   s500.ptime    s500.time    s500.rmse  s1000.ptime 
       0.006        0.178        1.653        0.013        0.130        2.596 
  s1000.time   s1000.rmse  s2500.ptime   s2500.time   s2500.rmse  s5000.ptime 
       0.024        0.084       14.788        0.066        0.052       85.747 
  s5000.time   s5000.rmse 
       0.125        0.042 
[1] 0.9662263
$full.time
[1] 0.06

$full.rmse
[1] 0.03792385

$full.time
[1] 0.06

$full.rmse
[1] 0.03792385

$l25.time
[1] 2.779

$l25.rmse
[1] 0.09424475

$l50.time
[1] 2.981

$l50.rmse
[1] 0.07050933

$l100.time
[1] 4.317

$l100.rmse
[1] 0.0551805

$l250.time
[1] 15.801

$l250.rmse
[1] 0.04672527

$l500.time
[1] 76.015

$l500.rmse
[1] 0.04302941

$o25_i.ptime
[1] 0.217

$o25_i.time
[1] 0.221

$o25_i.rmse
[1] 0.4097602

$o50_i.ptime
[1] 0.149

$o50_i.time
[1] 0.151

$o50_i.rmse
[1] 0.3554395

$o100_i.ptime
[1] 0.188

$o100_i.time
[1] 0.124

$o100_i.rmse
[1] 0.2744525

$o250_i.ptime
[1] 0.52

$o250_i.time
[1] 0.112

$o250_i.rmse
[1] 0.1654985

$o500_i.ptime
[1] 1.336

$o500_i.time
[1] 0.34

$o500_i.rmse
[1] 0.1184906

$o25_d.ptime
[1] 0.543

$o25_d.time
[1] 0.359

$o25_d.rmse
[1] 0.3022771

$o50_d.ptime
[1] 0.113

$o50_d.time
[1] 0.446

$o50_d.rmse
[1] 0.2319045

$o100_d.ptime
[1] 0.041

$o100_d.time
[1] 0.895

$o100_d.rmse
[1] 0.1588341

$o250_d.ptime
[1] 0.021

$o250_d.time
[1] 4.169

$o250_d.rmse
[1] 0.0983861

$o500_d.ptime
[1] 0.021

$o500_d.time
[1] 19.399

$o500_d.rmse
[1] 0.07533411

$c25_i.ptime
[1] 1.406

$c25_i.time
[1] 0.254

$c25_i.rmse
[1] 0.2269502

$c50_i.ptime
[1] 0.929

$c50_i.time
[1] 0.18

$c50_i.rmse
[1] 0.1833585

$c100_i.ptime
[1] 0.669

$c100_i.time
[1] 0.149

$c100_i.rmse
[1] 0.1432602

$c250_i.ptime
[1] 0.945

$c250_i.time
[1] 0.131

$c250_i.rmse
[1] 0.09994154

$c500_i.ptime
[1] 1.802

$c500_i.time
[1] 0.136

$c500_i.rmse
[1] 0.07634989

$c25_d.ptime
[1] 1.997

$c25_d.time
[1] 0.813

$c25_d.rmse
[1] 0.1805558

$c50_d.ptime
[1] 0.936

$c50_d.time
[1] 0.881

$c50_d.rmse
[1] 0.1321444

$c100_d.ptime
[1] 0.608

$c100_d.time
[1] 1.659

$c100_d.rmse
[1] 0.1054211

$c250_d.ptime
[1] 0.373

$c250_d.time
[1] 5.988

$c250_d.rmse
[1] 0.0800631

$c500_d.ptime
[1] 0.387

$c500_d.time
[1] 22.698

$c500_d.rmse
[1] 0.06046602

$s25.ptime
[1] 0.406

$s25.time
[1] 0.001

$s25.rmse
[1] 0.4990884

$s50.ptime
[1] 0.422

$s50.time
[1] 0.002

$s50.rmse
[1] 0.421477

$s100.ptime
[1] 0.911

$s100.time
[1] 0.003

$s100.rmse
[1] 0.2824924

$s250.ptime
[1] 1.2

$s250.time
[1] 0.007

$s250.rmse
[1] 0.1845083

$s500.ptime
[1] 1.843

$s500.time
[1] 0.013

$s500.rmse
[1] 0.1191313

$s1000.ptime
[1] 2.821

$s1000.time
[1] 0.028

$s1000.rmse
[1] 0.07886729

$s2500.ptime
[1] 14.679

$s2500.time
[1] 0.067

$s2500.rmse
[1] 0.05480167

$s5000.ptime
[1] 85.408

$s5000.time
[1] 0.149

$s5000.rmse
[1] 0.04382893

        seed            p    full.time    full.rmse     l25.time     l25.rmse 
    2577.000       10.000        0.060        0.038        2.779        0.094 
    l50.time     l50.rmse    l100.time    l100.rmse    l250.time    l250.rmse 
       2.981        0.071        4.317        0.055       15.801        0.047 
   l500.time    l500.rmse  o25_i.ptime   o25_i.time   o25_i.rmse  o50_i.ptime 
      76.015        0.043        0.217        0.221        0.410        0.149 
  o50_i.time   o50_i.rmse o100_i.ptime  o100_i.time  o100_i.rmse o250_i.ptime 
       0.151        0.355        0.188        0.124        0.274        0.520 
 o250_i.time  o250_i.rmse o500_i.ptime  o500_i.time  o500_i.rmse  o25_d.ptime 
       0.112        0.165        1.336        0.340        0.118        0.543 
  o25_d.time   o25_d.rmse  o50_d.ptime   o50_d.time   o50_d.rmse o100_d.ptime 
       0.359        0.302        0.113        0.446        0.232        0.041 
 o100_d.time  o100_d.rmse o250_d.ptime  o250_d.time  o250_d.rmse o500_d.ptime 
       0.895        0.159        0.021        4.169        0.098        0.021 
 o500_d.time  o500_d.rmse  c25_i.ptime   c25_i.time   c25_i.rmse  c50_i.ptime 
      19.399        0.075        1.406        0.254        0.227        0.929 
  c50_i.time   c50_i.rmse c100_i.ptime  c100_i.time  c100_i.rmse c250_i.ptime 
       0.180        0.183        0.669        0.149        0.143        0.945 
 c250_i.time  c250_i.rmse c500_i.ptime  c500_i.time  c500_i.rmse  c25_d.ptime 
       0.131        0.100        1.802        0.136        0.076        1.997 
  c25_d.time   c25_d.rmse  c50_d.ptime   c50_d.time   c50_d.rmse c100_d.ptime 
       0.813        0.181        0.936        0.881        0.132        0.608 
 c100_d.time  c100_d.rmse c250_d.ptime  c250_d.time  c250_d.rmse c500_d.ptime 
       1.659        0.105        0.373        5.988        0.080        0.387 
 c500_d.time  c500_d.rmse    s25.ptime     s25.time     s25.rmse    s50.ptime 
      22.698        0.060        0.406        0.001        0.499        0.422 
    s50.time     s50.rmse   s100.ptime    s100.time    s100.rmse   s250.ptime 
       0.002        0.421        0.911        0.003        0.282        1.200 
   s250.time    s250.rmse   s500.ptime    s500.time    s500.rmse  s1000.ptime 
       0.007        0.185        1.843        0.013        0.119        2.821 
  s1000.time   s1000.rmse  s2500.ptime   s2500.time   s2500.rmse  s5000.ptime 
       0.028        0.079       14.679        0.067        0.055       85.408 
  s5000.time   s5000.rmse 
       0.149        0.044 
[1] 0.77704
$full.time
[1] 0.062

$full.rmse
[1] 0.03849254

$full.time
[1] 0.062

$full.rmse
[1] 0.03849254

$l25.time
[1] 3.068

$l25.rmse
[1] 0.09485119

$l50.time
[1] 2.947

$l50.rmse
[1] 0.07365411

$l100.time
[1] 4.179

$l100.rmse
[1] 0.06011234

$l250.time
[1] 15.176

$l250.rmse
[1] 0.04756028

$l500.time
[1] 75.069

$l500.rmse
[1] 0.04321381

$o25_i.ptime
[1] 0.199

$o25_i.time
[1] 0.196

$o25_i.rmse
[1] 0.4779057

$o50_i.ptime
[1] 0.143

$o50_i.time
[1] 0.146

$o50_i.rmse
[1] 0.4080369

$o100_i.ptime
[1] 0.176

$o100_i.time
[1] 0.116

$o100_i.rmse
[1] 0.2786104

$o250_i.ptime
[1] 0.483

$o250_i.time
[1] 0.104

$o250_i.rmse
[1] 0.1690961

$o500_i.ptime
[1] 1.299

$o500_i.time
[1] 0.334

$o500_i.rmse
[1] 0.1141425

$o25_d.ptime
[1] 0.571

$o25_d.time
[1] 0.359

$o25_d.rmse
[1] 0.3417504

$o50_d.ptime
[1] 0.127

$o50_d.time
[1] 0.442

$o50_d.rmse
[1] 0.2370171

$o100_d.ptime
[1] 0.044

$o100_d.time
[1] 0.863

$o100_d.rmse
[1] 0.1686818

$o250_d.ptime
[1] 0.021

$o250_d.time
[1] 4.562

$o250_d.rmse
[1] 0.1004083

$o500_d.ptime
[1] 0.021

$o500_d.time
[1] 19.412

$o500_d.rmse
[1] 0.07046151

$c25_i.ptime
[1] 1.36

$c25_i.time
[1] 0.213

$c25_i.rmse
[1] 0.2563765

$c50_i.ptime
[1] 0.849

$c50_i.time
[1] 0.142

$c50_i.rmse
[1] 0.2009625

$c100_i.ptime
[1] 0.527

$c100_i.time
[1] 0.113

$c100_i.rmse
[1] 0.1437956

$c250_i.ptime
[1] 0.666

$c250_i.time
[1] 0.106

$c250_i.rmse
[1] 0.1026903

$c500_i.ptime
[1] 1.421

$c500_i.time
[1] 0.12

$c500_i.rmse
[1] 0.07943817

$c25_d.ptime
[1] 1.758

$c25_d.time
[1] 0.737

$c25_d.rmse
[1] 0.1838256

$c50_d.ptime
[1] 0.761

$c50_d.time
[1] 0.893

$c50_d.rmse
[1] 0.1343234

$c100_d.ptime
[1] 0.454

$c100_d.time
[1] 1.715

$c100_d.rmse
[1] 0.1034047

$c250_d.ptime
[1] 0.295

$c250_d.time
[1] 6.042

$c250_d.rmse
[1] 0.07696161

$c500_d.ptime
[1] 0.254

$c500_d.time
[1] 21.423

$c500_d.rmse
[1] 0.06000138

$s25.ptime
[1] 0.307

$s25.time
[1] 0.001

$s25.rmse
[1] 0.5772523

$s50.ptime
[1] 0.416

$s50.time
[1] 0.001

$s50.rmse
[1] 0.4778675

$s100.ptime
[1] 0.672

$s100.time
[1] 0.002

$s100.rmse
[1] 0.3262054

$s250.ptime
[1] 1.087

$s250.time
[1] 0.006

$s250.rmse
[1] 0.1840999

$s500.ptime
[1] 1.602

$s500.time
[1] 0.011

$s500.rmse
[1] 0.1268231

$s1000.ptime
[1] 2.837

$s1000.time
[1] 0.025

$s1000.rmse
[1] 0.08034137

$s2500.ptime
[1] 13.612

$s2500.time
[1] 0.063

$s2500.rmse
[1] 0.05196042

$s5000.ptime
[1] 84.989

$s5000.time
[1] 0.14

$s5000.rmse
[1] 0.04270464

        seed            p    full.time    full.rmse     l25.time     l25.rmse 
    2578.000       10.000        0.062        0.038        3.068        0.095 
    l50.time     l50.rmse    l100.time    l100.rmse    l250.time    l250.rmse 
       2.947        0.074        4.179        0.060       15.176        0.048 
   l500.time    l500.rmse  o25_i.ptime   o25_i.time   o25_i.rmse  o50_i.ptime 
      75.069        0.043        0.199        0.196        0.478        0.143 
  o50_i.time   o50_i.rmse o100_i.ptime  o100_i.time  o100_i.rmse o250_i.ptime 
       0.146        0.408        0.176        0.116        0.279        0.483 
 o250_i.time  o250_i.rmse o500_i.ptime  o500_i.time  o500_i.rmse  o25_d.ptime 
       0.104        0.169        1.299        0.334        0.114        0.571 
  o25_d.time   o25_d.rmse  o50_d.ptime   o50_d.time   o50_d.rmse o100_d.ptime 
       0.359        0.342        0.127        0.442        0.237        0.044 
 o100_d.time  o100_d.rmse o250_d.ptime  o250_d.time  o250_d.rmse o500_d.ptime 
       0.863        0.169        0.021        4.562        0.100        0.021 
 o500_d.time  o500_d.rmse  c25_i.ptime   c25_i.time   c25_i.rmse  c50_i.ptime 
      19.412        0.070        1.360        0.213        0.256        0.849 
  c50_i.time   c50_i.rmse c100_i.ptime  c100_i.time  c100_i.rmse c250_i.ptime 
       0.142        0.201        0.527        0.113        0.144        0.666 
 c250_i.time  c250_i.rmse c500_i.ptime  c500_i.time  c500_i.rmse  c25_d.ptime 
       0.106        0.103        1.421        0.120        0.079        1.758 
  c25_d.time   c25_d.rmse  c50_d.ptime   c50_d.time   c50_d.rmse c100_d.ptime 
       0.737        0.184        0.761        0.893        0.134        0.454 
 c100_d.time  c100_d.rmse c250_d.ptime  c250_d.time  c250_d.rmse c500_d.ptime 
       1.715        0.103        0.295        6.042        0.077        0.254 
 c500_d.time  c500_d.rmse    s25.ptime     s25.time     s25.rmse    s50.ptime 
      21.423        0.060        0.307        0.001        0.577        0.416 
    s50.time     s50.rmse   s100.ptime    s100.time    s100.rmse   s250.ptime 
       0.001        0.478        0.672        0.002        0.326        1.087 
   s250.time    s250.rmse   s500.ptime    s500.time    s500.rmse  s1000.ptime 
       0.006        0.184        1.602        0.011        0.127        2.837 
  s1000.time   s1000.rmse  s2500.ptime   s2500.time   s2500.rmse  s5000.ptime 
       0.025        0.080       13.612        0.063        0.052       84.989 
  s5000.time   s5000.rmse 
       0.140        0.043 
  seed  p full.time  full.rmse l25.time   l25.rmse l50.time   l50.rmse
1 2574 10     0.068 0.03834244    2.852 0.09014586    2.916 0.06856443
2 2575 10     0.085 0.03840135    3.159 0.09793663    3.231 0.07491588
3 2576 10     0.073 0.03752511    3.158 0.09259066    2.953 0.07010172
4 2577 10     0.060 0.03792385    2.779 0.09424475    2.981 0.07050933
5 2578 10     0.062 0.03849254    3.068 0.09485119    2.947 0.07365411
  l100.time  l100.rmse l250.time  l250.rmse l500.time  l500.rmse o25_i.ptime
1     3.927 0.05691058    14.965 0.04744695    75.696 0.04390522       0.209
2     4.529 0.05867879    16.777 0.04859191    78.784 0.04491369       0.201
3     4.344 0.05504872    15.856 0.04711566    76.206 0.04325949       0.216
4     4.317 0.05518050    15.801 0.04672527    76.015 0.04302941       0.217
5     4.179 0.06011234    15.176 0.04756028    75.069 0.04321381       0.199
  o25_i.time o25_i.rmse o50_i.ptime o50_i.time o50_i.rmse o100_i.ptime
1      0.216  0.4295014       0.446      0.141  0.3468598        0.181
2      0.208  0.4394310       0.138      0.144  0.3482582        0.172
3      0.228  0.4052958       0.171      0.159  0.3155013        0.188
4      0.221  0.4097602       0.149      0.151  0.3554395        0.188
5      0.196  0.4779057       0.143      0.146  0.4080369        0.176
  o100_i.time o100_i.rmse o250_i.ptime o250_i.time o250_i.rmse o500_i.ptime
1       0.115   0.2730637        0.514       0.103   0.1602422        1.404
2       0.120   0.2527683        0.473       0.440   0.1569234        1.282
3       0.126   0.2670855        0.513       0.119   0.1690343        1.343
4       0.124   0.2744525        0.520       0.112   0.1654985        1.336
5       0.116   0.2786104        0.483       0.104   0.1690961        1.299
  o500_i.time o500_i.rmse o25_d.ptime o25_d.time o25_d.rmse o50_d.ptime
1       0.122   0.1175961       0.565      0.368  0.3172920       0.126
2       0.118   0.1130219       0.552      0.356  0.2957643       0.122
3       0.320   0.1175987       0.552      0.379  0.2847781       0.118
4       0.340   0.1184906       0.543      0.359  0.3022771       0.113
5       0.334   0.1141425       0.571      0.359  0.3417504       0.127
  o50_d.time o50_d.rmse o100_d.ptime o100_d.time o100_d.rmse o250_d.ptime
1      0.447  0.2331711        0.048       0.917   0.1720226        0.023
2      0.440  0.2156995        0.045       0.959   0.1540501        0.022
3      0.496  0.2269437        0.044       0.964   0.1694335        0.020
4      0.446  0.2319045        0.041       0.895   0.1588341        0.021
5      0.442  0.2370171        0.044       0.863   0.1686818        0.021
  o250_d.time o250_d.rmse o500_d.ptime o500_d.time o500_d.rmse c25_i.ptime
1       4.344  0.09757407        0.076      18.353  0.06734668       1.453
2       4.929  0.09662867        0.083      18.785  0.07611122       1.525
3       3.888  0.09794504        0.021      22.098  0.07445949       1.378
4       4.169  0.09838610        0.021      19.399  0.07533411       1.406
5       4.562  0.10040833        0.021      19.412  0.07046151       1.360
  c25_i.time c25_i.rmse c50_i.ptime c50_i.time c50_i.rmse c100_i.ptime
1      0.213  0.2322848       0.952      0.142  0.1933357        0.754
2      0.231  0.2250282       0.912      0.157  0.1832737        0.847
3      0.320  0.2255115       0.953      0.154  0.1796150        0.720
4      0.254  0.2269502       0.929      0.180  0.1833585        0.669
5      0.213  0.2563765       0.849      0.142  0.2009625        0.527
  c100_i.time c100_i.rmse c250_i.ptime c250_i.time c250_i.rmse c500_i.ptime
1       0.115   0.1338771        0.822       0.100  0.10344821        1.711
2       0.126   0.1410036        1.015       0.114  0.10359658        1.646
3       0.130   0.1407413        0.834       0.116  0.09878683        1.749
4       0.149   0.1432602        0.945       0.131  0.09994154        1.802
5       0.113   0.1437956        0.666       0.106  0.10269026        1.421
  c500_i.time c500_i.rmse c25_d.ptime c25_d.time c25_d.rmse c50_d.ptime
1       0.131  0.07961163       1.746      0.724  0.1748649       1.339
2       0.124  0.08684390       1.847      0.708  0.1712445       0.939
3       0.121  0.08140838       1.715      0.705  0.1726226       0.884
4       0.136  0.07634989       1.997      0.813  0.1805558       0.936
5       0.120  0.07943817       1.758      0.737  0.1838256       0.761
  c50_d.time c50_d.rmse c100_d.ptime c100_d.time c100_d.rmse c250_d.ptime
1      0.932  0.1305512        0.613       1.825   0.1022261        0.352
2      0.962  0.1335014        0.630       1.887   0.1097574        0.377
3      0.829  0.1388378        0.474       1.530   0.1029194        0.456
4      0.881  0.1321444        0.608       1.659   0.1054211        0.373
5      0.893  0.1343234        0.454       1.715   0.1034047        0.295
  c250_d.time c250_d.rmse c500_d.ptime c500_d.time c500_d.rmse s25.ptime
1       6.474  0.07771036        0.278      22.295  0.06097365     0.322
2       6.498  0.08036285        0.435      22.481  0.06598564     0.378
3       6.084  0.07759634        0.359      22.952  0.06311978     0.431
4       5.988  0.08006310        0.387      22.698  0.06046602     0.406
5       6.042  0.07696161        0.254      21.423  0.06000138     0.307
  s25.time  s25.rmse s50.ptime s50.time  s50.rmse s100.ptime s100.time
1    0.001 0.6134671     0.475    0.001 0.3943895      0.608     0.002
2    0.001 0.5561385     0.388    0.001 0.4507517      0.516     0.003
3    0.001 0.4817135     0.589    0.001 0.4617113      0.891     0.002
4    0.001 0.4990884     0.422    0.002 0.4214770      0.911     0.003
5    0.001 0.5772523     0.416    0.001 0.4778675      0.672     0.002
  s100.rmse s250.ptime s250.time s250.rmse s500.ptime s500.time s500.rmse
1 0.3045159      1.184     0.007 0.1769053      1.775     0.014 0.1143085
2 0.2646995      0.906     0.007 0.1753075      1.624     0.014 0.1264386
3 0.3075987      0.996     0.006 0.1780123      1.653     0.013 0.1302784
4 0.2824924      1.200     0.007 0.1845083      1.843     0.013 0.1191313
5 0.3262054      1.087     0.006 0.1840999      1.602     0.011 0.1268231
  s1000.ptime s1000.time s1000.rmse s2500.ptime s2500.time s2500.rmse
1       2.906      0.028 0.08215087      15.024      0.073 0.05147569
2       2.852      0.028 0.08402509      14.581      0.060 0.05497906
3       2.596      0.024 0.08424186      14.788      0.066 0.05249606
4       2.821      0.028 0.07886729      14.679      0.067 0.05480167
5       2.837      0.025 0.08034137      13.612      0.063 0.05196042
  s5000.ptime s5000.time s5000.rmse
1      84.951      0.121 0.04250802
2      84.943      0.170 0.04382184
3      85.747      0.125 0.04198579
4      85.408      0.149 0.04382893
5      84.989      0.140 0.04270464
> 
> proc.time()
    user   system  elapsed 
3751.112   24.581 3838.807 
