
R version 3.0.3 (2014-03-06) -- "Warm Puppy"
Copyright (C) 2014 The R Foundation for Statistical Computing
Platform: x86_64-unknown-linux-gnu (64-bit)

R is free software and comes with ABSOLUTELY NO WARRANTY.
You are welcome to redistribute it under certain conditions.
Type 'license()' or 'licence()' for distribution details.

  Natural language support but running in an English locale

R is a collaborative project with many contributors.
Type 'contributors()' for more information and
'citation()' on how to cite R or R packages in publications.

Type 'demo()' for some demos, 'help()' for on-line help, or
'help.start()' for an HTML browser interface to help.
Type 'q()' to quit R.

> print(.libPaths())
[1] "/usr/local/r-3.0.3/lib64/R/library"
> .libPaths("/mnt/home/rjparker/Rlib")
> print(.libPaths())
[1] "/mnt/home/rjparker/Rlib"            "/usr/local/r-3.0.3/lib64/R/library"
> setwd("/mnt/home/rjparker/git/block_int")
> 
> which_exp <- 6
> which_part <- 6
> source("R/sim_nblocks_pred.R")
Loading required package: spam
Loading required package: grid
Spam version 0.41-0 (2014-02-26) is loaded.
Type 'help( Spam)' or 'demo( spam)' for a short introduction 
and overview of this package.
Help for individual functions is also obtained by adding the
suffix '.spam' to the function name, e.g. 'help( chol.spam)'.

Attaching package: ‘spam’

The following objects are masked from ‘package:base’:

    backsolve, forwardsolve

Loading required package: maps
  pred  p b tau Nper_p Npred Fzero sigma2
6 TRUE 10 4  10  10000  1000     0      1
[1] 0.8985129
$full.time
[1] 0.077

$full.rmse
[1] 0.0377617

$full.time
[1] 0.077

$full.rmse
[1] 0.0377617

$l25.time
[1] 3.268

$l25.rmse
[1] 0.08636839

$l50.time
[1] 3.211

$l50.rmse
[1] 0.06598766

$l100.time
[1] 4.393

$l100.rmse
[1] 0.05310144

$l250.time
[1] 16.881

$l250.rmse
[1] 0.04578138

$l500.time
[1] 79.482

$l500.rmse
[1] 0.04240921

$o25_i.ptime
[1] 0.212

$o25_i.time
[1] 0.228

$o25_i.rmse
[1] 0.4250664

$o50_i.ptime
[1] 0.485

$o50_i.time
[1] 0.149

$o50_i.rmse
[1] 0.3260009

$o100_i.ptime
[1] 0.186

$o100_i.time
[1] 0.12

$o100_i.rmse
[1] 0.2591575

$o250_i.ptime
[1] 0.539

$o250_i.time
[1] 0.106

$o250_i.rmse
[1] 0.1586557

$o500_i.ptime
[1] 1.443

$o500_i.time
[1] 0.125

$o500_i.rmse
[1] 0.110268

$o25_d.ptime
[1] 0.568

$o25_d.time
[1] 0.387

$o25_d.rmse
[1] 0.2851978

$o50_d.ptime
[1] 0.129

$o50_d.time
[1] 0.479

$o50_d.rmse
[1] 0.2122552

$o100_d.ptime
[1] 0.049

$o100_d.time
[1] 0.945

$o100_d.rmse
[1] 0.1543994

$o250_d.ptime
[1] 0.024

$o250_d.time
[1] 5.224

$o250_d.rmse
[1] 0.09637722

$o500_d.ptime
[1] 0.082

$o500_d.time
[1] 17.249

$o500_d.rmse
[1] 0.0691219

$c25_i.ptime
[1] 1.447

$c25_i.time
[1] 0.245

$c25_i.rmse
[1] 0.2183463

$c50_i.ptime
[1] 0.949

$c50_i.time
[1] 0.162

$c50_i.rmse
[1] 0.1754207

$c100_i.ptime
[1] 0.716

$c100_i.time
[1] 0.133

$c100_i.rmse
[1] 0.1392751

$c250_i.ptime
[1] 1.084

$c250_i.time
[1] 0.12

$c250_i.rmse
[1] 0.09973506

$c500_i.ptime
[1] 1.911

$c500_i.time
[1] 0.14

$c500_i.rmse
[1] 0.07812389

$c25_d.ptime
[1] 2.061

$c25_d.time
[1] 0.736

$c25_d.rmse
[1] 0.1626672

$c50_d.ptime
[1] 1.099

$c50_d.time
[1] 0.835

$c50_d.rmse
[1] 0.1325896

$c100_d.ptime
[1] 0.534

$c100_d.time
[1] 1.683

$c100_d.rmse
[1] 0.1010965

$c250_d.ptime
[1] 0.316

$c250_d.time
[1] 6.646

$c250_d.rmse
[1] 0.07199282

$c500_d.ptime
[1] 0.264

$c500_d.time
[1] 23.19

$c500_d.rmse
[1] 0.05862745

$s25.ptime
[1] 0.247

$s25.time
[1] 0.001

$s25.rmse
[1] 0.530478

$s50.ptime
[1] 0.639

$s50.time
[1] 0.001

$s50.rmse
[1] 0.4002867

$s100.ptime
[1] 0.485

$s100.time
[1] 0.002

$s100.rmse
[1] 0.3022682

$s250.ptime
[1] 1.051

$s250.time
[1] 0.006

$s250.rmse
[1] 0.1625527

$s500.ptime
[1] 1.594

$s500.time
[1] 0.014

$s500.rmse
[1] 0.1246295

$s1000.ptime
[1] 2.974

$s1000.time
[1] 0.028

$s1000.rmse
[1] 0.07777444

$s2500.ptime
[1] 15.07

$s2500.time
[1] 0.077

$s2500.rmse
[1] 0.05170924

$s5000.ptime
[1] 93.207

$s5000.time
[1] 0.16

$s5000.rmse
[1] 0.04287172

        seed            p    full.time    full.rmse     l25.time     l25.rmse 
    2509.000       10.000        0.077        0.038        3.268        0.086 
    l50.time     l50.rmse    l100.time    l100.rmse    l250.time    l250.rmse 
       3.211        0.066        4.393        0.053       16.881        0.046 
   l500.time    l500.rmse  o25_i.ptime   o25_i.time   o25_i.rmse  o50_i.ptime 
      79.482        0.042        0.212        0.228        0.425        0.485 
  o50_i.time   o50_i.rmse o100_i.ptime  o100_i.time  o100_i.rmse o250_i.ptime 
       0.149        0.326        0.186        0.120        0.259        0.539 
 o250_i.time  o250_i.rmse o500_i.ptime  o500_i.time  o500_i.rmse  o25_d.ptime 
       0.106        0.159        1.443        0.125        0.110        0.568 
  o25_d.time   o25_d.rmse  o50_d.ptime   o50_d.time   o50_d.rmse o100_d.ptime 
       0.387        0.285        0.129        0.479        0.212        0.049 
 o100_d.time  o100_d.rmse o250_d.ptime  o250_d.time  o250_d.rmse o500_d.ptime 
       0.945        0.154        0.024        5.224        0.096        0.082 
 o500_d.time  o500_d.rmse  c25_i.ptime   c25_i.time   c25_i.rmse  c50_i.ptime 
      17.249        0.069        1.447        0.245        0.218        0.949 
  c50_i.time   c50_i.rmse c100_i.ptime  c100_i.time  c100_i.rmse c250_i.ptime 
       0.162        0.175        0.716        0.133        0.139        1.084 
 c250_i.time  c250_i.rmse c500_i.ptime  c500_i.time  c500_i.rmse  c25_d.ptime 
       0.120        0.100        1.911        0.140        0.078        2.061 
  c25_d.time   c25_d.rmse  c50_d.ptime   c50_d.time   c50_d.rmse c100_d.ptime 
       0.736        0.163        1.099        0.835        0.133        0.534 
 c100_d.time  c100_d.rmse c250_d.ptime  c250_d.time  c250_d.rmse c500_d.ptime 
       1.683        0.101        0.316        6.646        0.072        0.264 
 c500_d.time  c500_d.rmse    s25.ptime     s25.time     s25.rmse    s50.ptime 
      23.190        0.059        0.247        0.001        0.530        0.639 
    s50.time     s50.rmse   s100.ptime    s100.time    s100.rmse   s250.ptime 
       0.001        0.400        0.485        0.002        0.302        1.051 
   s250.time    s250.rmse   s500.ptime    s500.time    s500.rmse  s1000.ptime 
       0.006        0.163        1.594        0.014        0.125        2.974 
  s1000.time   s1000.rmse  s2500.ptime   s2500.time   s2500.rmse  s5000.ptime 
       0.028        0.078       15.070        0.077        0.052       93.207 
  s5000.time   s5000.rmse 
       0.160        0.043 
[1] 0.7420983
$full.time
[1] 0.073

$full.rmse
[1] 0.03799281

$full.time
[1] 0.073

$full.rmse
[1] 0.03799281

$l25.time
[1] 3.247

$l25.rmse
[1] 0.09189361

$l50.time
[1] 3.183

$l50.rmse
[1] 0.06857071

$l100.time
[1] 4.743

$l100.rmse
[1] 0.05532005

$l250.time
[1] 18.408

$l250.rmse
[1] 0.04492527

$l500.time
[1] 82.711

$l500.rmse
[1] 0.04132497

$o25_i.ptime
[1] 0.203

$o25_i.time
[1] 0.208

$o25_i.rmse
[1] 0.3935271

$o50_i.ptime
[1] 0.141

$o50_i.time
[1] 0.148

$o50_i.rmse
[1] 0.3215291

$o100_i.ptime
[1] 0.175

$o100_i.time
[1] 0.123

$o100_i.rmse
[1] 0.265004

$o250_i.ptime
[1] 0.498

$o250_i.time
[1] 0.476

$o250_i.rmse
[1] 0.1700529

$o500_i.ptime
[1] 1.33

$o500_i.time
[1] 0.113

$o500_i.rmse
[1] 0.1118984

$o25_d.ptime
[1] 0.514

$o25_d.time
[1] 0.318

$o25_d.rmse
[1] 0.2837069

$o50_d.ptime
[1] 0.112

$o50_d.time
[1] 0.441

$o50_d.rmse
[1] 0.2061709

$o100_d.ptime
[1] 0.041

$o100_d.time
[1] 0.803

$o100_d.rmse
[1] 0.176262

$o250_d.ptime
[1] 0.02

$o250_d.time
[1] 4.068

$o250_d.rmse
[1] 0.09527028

$o500_d.ptime
[1] 0.02

$o500_d.time
[1] 20.732

$o500_d.rmse
[1] 0.06994417

$c25_i.ptime
[1] 1.309

$c25_i.time
[1] 0.221

$c25_i.rmse
[1] 0.2248559

$c50_i.ptime
[1] 0.953

$c50_i.time
[1] 0.163

$c50_i.rmse
[1] 0.1723929

$c100_i.ptime
[1] 0.857

$c100_i.time
[1] 0.132

$c100_i.rmse
[1] 0.1367026

$c250_i.ptime
[1] 0.978

$c250_i.time
[1] 0.121

$c250_i.rmse
[1] 0.09827428

$c500_i.ptime
[1] 1.851

$c500_i.time
[1] 0.137

$c500_i.rmse
[1] 0.08069142

$c25_d.ptime
[1] 1.822

$c25_d.time
[1] 0.787

$c25_d.rmse
[1] 0.1644142

$c50_d.ptime
[1] 0.92

$c50_d.time
[1] 0.961

$c50_d.rmse
[1] 0.1322765

$c100_d.ptime
[1] 0.632

$c100_d.time
[1] 2.013

$c100_d.rmse
[1] 0.1052646

$c250_d.ptime
[1] 0.364

$c250_d.time
[1] 6.511

$c250_d.rmse
[1] 0.07843192

$c500_d.ptime
[1] 0.368

$c500_d.time
[1] 23.349

$c500_d.rmse
[1] 0.06277225

$s25.ptime
[1] 0.294

$s25.time
[1] 0.001

$s25.rmse
[1] 0.4990181

$s50.ptime
[1] 0.379

$s50.time
[1] 0.002

$s50.rmse
[1] 0.4061733

$s100.ptime
[1] 0.473

$s100.time
[1] 0.002

$s100.rmse
[1] 0.2773111

$s250.ptime
[1] 1.135

$s250.time
[1] 0.007

$s250.rmse
[1] 0.1758261

$s500.ptime
[1] 1.605

$s500.time
[1] 0.014

$s500.rmse
[1] 0.1209093

$s1000.ptime
[1] 3.089

$s1000.time
[1] 0.028

$s1000.rmse
[1] 0.07798802

$s2500.ptime
[1] 13.903

$s2500.time
[1] 0.061

$s2500.rmse
[1] 0.05197815

$s5000.ptime
[1] 87.762

$s5000.time
[1] 0.129

$s5000.rmse
[1] 0.0434997

        seed            p    full.time    full.rmse     l25.time     l25.rmse 
    2510.000       10.000        0.073        0.038        3.247        0.092 
    l50.time     l50.rmse    l100.time    l100.rmse    l250.time    l250.rmse 
       3.183        0.069        4.743        0.055       18.408        0.045 
   l500.time    l500.rmse  o25_i.ptime   o25_i.time   o25_i.rmse  o50_i.ptime 
      82.711        0.041        0.203        0.208        0.394        0.141 
  o50_i.time   o50_i.rmse o100_i.ptime  o100_i.time  o100_i.rmse o250_i.ptime 
       0.148        0.322        0.175        0.123        0.265        0.498 
 o250_i.time  o250_i.rmse o500_i.ptime  o500_i.time  o500_i.rmse  o25_d.ptime 
       0.476        0.170        1.330        0.113        0.112        0.514 
  o25_d.time   o25_d.rmse  o50_d.ptime   o50_d.time   o50_d.rmse o100_d.ptime 
       0.318        0.284        0.112        0.441        0.206        0.041 
 o100_d.time  o100_d.rmse o250_d.ptime  o250_d.time  o250_d.rmse o500_d.ptime 
       0.803        0.176        0.020        4.068        0.095        0.020 
 o500_d.time  o500_d.rmse  c25_i.ptime   c25_i.time   c25_i.rmse  c50_i.ptime 
      20.732        0.070        1.309        0.221        0.225        0.953 
  c50_i.time   c50_i.rmse c100_i.ptime  c100_i.time  c100_i.rmse c250_i.ptime 
       0.163        0.172        0.857        0.132        0.137        0.978 
 c250_i.time  c250_i.rmse c500_i.ptime  c500_i.time  c500_i.rmse  c25_d.ptime 
       0.121        0.098        1.851        0.137        0.081        1.822 
  c25_d.time   c25_d.rmse  c50_d.ptime   c50_d.time   c50_d.rmse c100_d.ptime 
       0.787        0.164        0.920        0.961        0.132        0.632 
 c100_d.time  c100_d.rmse c250_d.ptime  c250_d.time  c250_d.rmse c500_d.ptime 
       2.013        0.105        0.364        6.511        0.078        0.368 
 c500_d.time  c500_d.rmse    s25.ptime     s25.time     s25.rmse    s50.ptime 
      23.349        0.063        0.294        0.001        0.499        0.379 
    s50.time     s50.rmse   s100.ptime    s100.time    s100.rmse   s250.ptime 
       0.002        0.406        0.473        0.002        0.277        1.135 
   s250.time    s250.rmse   s500.ptime    s500.time    s500.rmse  s1000.ptime 
       0.007        0.176        1.605        0.014        0.121        3.089 
  s1000.time   s1000.rmse  s2500.ptime   s2500.time   s2500.rmse  s5000.ptime 
       0.028        0.078       13.903        0.061        0.052       87.762 
  s5000.time   s5000.rmse 
       0.129        0.043 
[1] 0.7666154
$full.time
[1] 0.064

$full.rmse
[1] 0.03720812

$full.time
[1] 0.064

$full.rmse
[1] 0.03720812

$l25.time
[1] 3.043

$l25.rmse
[1] 0.09613747

$l50.time
[1] 3.405

$l50.rmse
[1] 0.07055048

$l100.time
[1] 4.58

$l100.rmse
[1] 0.05614489

$l250.time
[1] 16.751

$l250.rmse
[1] 0.04622015

$l500.time
[1] 82.814

$l500.rmse
[1] 0.04203626

$o25_i.ptime
[1] 0.231

$o25_i.time
[1] 0.237

$o25_i.rmse
[1] 0.4683154

$o50_i.ptime
[1] 0.16

$o50_i.time
[1] 0.164

$o50_i.rmse
[1] 0.356613

$o100_i.ptime
[1] 0.202

$o100_i.time
[1] 0.136

$o100_i.rmse
[1] 0.2712752

$o250_i.ptime
[1] 0.544

$o250_i.time
[1] 0.132

$o250_i.rmse
[1] 0.1752139

$o500_i.ptime
[1] 1.416

$o500_i.time
[1] 0.127

$o500_i.rmse
[1] 0.1147233

$o25_d.ptime
[1] 0.871

$o25_d.time
[1] 0.395

$o25_d.rmse
[1] 0.3256005

$o50_d.ptime
[1] 0.139

$o50_d.time
[1] 0.509

$o50_d.rmse
[1] 0.2277079

$o100_d.ptime
[1] 0.047

$o100_d.time
[1] 1.016

$o100_d.rmse
[1] 0.1635008

$o250_d.ptime
[1] 0.03

$o250_d.time
[1] 4.926

$o250_d.rmse
[1] 0.1041121

$o500_d.ptime
[1] 0.023

$o500_d.time
[1] 16.29

$o500_d.rmse
[1] 0.06641611

$c25_i.ptime
[1] 1.386

$c25_i.time
[1] 0.23

$c25_i.rmse
[1] 0.2479032

$c50_i.ptime
[1] 1.137

$c50_i.time
[1] 0.272

$c50_i.rmse
[1] 0.2004448

$c100_i.ptime
[1] 0.728

$c100_i.time
[1] 0.124

$c100_i.rmse
[1] 0.1409276

$c250_i.ptime
[1] 0.937

$c250_i.time
[1] 0.104

$c250_i.rmse
[1] 0.103093

$c500_i.ptime
[1] 1.707

$c500_i.time
[1] 0.11

$c500_i.rmse
[1] 0.07840428

$c25_d.ptime
[1] 1.804

$c25_d.time
[1] 0.66

$c25_d.rmse
[1] 0.1848064

$c50_d.ptime
[1] 0.818

$c50_d.time
[1] 0.82

$c50_d.rmse
[1] 0.138498

$c100_d.ptime
[1] 0.547

$c100_d.time
[1] 1.654

$c100_d.rmse
[1] 0.100845

$c250_d.ptime
[1] 0.323

$c250_d.time
[1] 5.861

$c250_d.rmse
[1] 0.07486241

$c500_d.ptime
[1] 0.288

$c500_d.time
[1] 23.117

$c500_d.rmse
[1] 0.05991055

$s25.ptime
[1] 0.239

$s25.time
[1] 0.001

$s25.rmse
[1] 0.5278221

$s50.ptime
[1] 0.383

$s50.time
[1] 0.002

$s50.rmse
[1] 0.4991579

$s100.ptime
[1] 0.466

$s100.time
[1] 0.002

$s100.rmse
[1] 0.3010178

$s250.ptime
[1] 1.02

$s250.time
[1] 0.006

$s250.rmse
[1] 0.1749742

$s500.ptime
[1] 1.5

$s500.time
[1] 0.014

$s500.rmse
[1] 0.12942

$s1000.ptime
[1] 3.037

$s1000.time
[1] 0.028

$s1000.rmse
[1] 0.07833777

$s2500.ptime
[1] 14.198

$s2500.time
[1] 0.059

$s2500.rmse
[1] 0.05240525

$s5000.ptime
[1] 85.72

$s5000.time
[1] 0.159

$s5000.rmse
[1] 0.04166506

        seed            p    full.time    full.rmse     l25.time     l25.rmse 
    2511.000       10.000        0.064        0.037        3.043        0.096 
    l50.time     l50.rmse    l100.time    l100.rmse    l250.time    l250.rmse 
       3.405        0.071        4.580        0.056       16.751        0.046 
   l500.time    l500.rmse  o25_i.ptime   o25_i.time   o25_i.rmse  o50_i.ptime 
      82.814        0.042        0.231        0.237        0.468        0.160 
  o50_i.time   o50_i.rmse o100_i.ptime  o100_i.time  o100_i.rmse o250_i.ptime 
       0.164        0.357        0.202        0.136        0.271        0.544 
 o250_i.time  o250_i.rmse o500_i.ptime  o500_i.time  o500_i.rmse  o25_d.ptime 
       0.132        0.175        1.416        0.127        0.115        0.871 
  o25_d.time   o25_d.rmse  o50_d.ptime   o50_d.time   o50_d.rmse o100_d.ptime 
       0.395        0.326        0.139        0.509        0.228        0.047 
 o100_d.time  o100_d.rmse o250_d.ptime  o250_d.time  o250_d.rmse o500_d.ptime 
       1.016        0.164        0.030        4.926        0.104        0.023 
 o500_d.time  o500_d.rmse  c25_i.ptime   c25_i.time   c25_i.rmse  c50_i.ptime 
      16.290        0.066        1.386        0.230        0.248        1.137 
  c50_i.time   c50_i.rmse c100_i.ptime  c100_i.time  c100_i.rmse c250_i.ptime 
       0.272        0.200        0.728        0.124        0.141        0.937 
 c250_i.time  c250_i.rmse c500_i.ptime  c500_i.time  c500_i.rmse  c25_d.ptime 
       0.104        0.103        1.707        0.110        0.078        1.804 
  c25_d.time   c25_d.rmse  c50_d.ptime   c50_d.time   c50_d.rmse c100_d.ptime 
       0.660        0.185        0.818        0.820        0.138        0.547 
 c100_d.time  c100_d.rmse c250_d.ptime  c250_d.time  c250_d.rmse c500_d.ptime 
       1.654        0.101        0.323        5.861        0.075        0.288 
 c500_d.time  c500_d.rmse    s25.ptime     s25.time     s25.rmse    s50.ptime 
      23.117        0.060        0.239        0.001        0.528        0.383 
    s50.time     s50.rmse   s100.ptime    s100.time    s100.rmse   s250.ptime 
       0.002        0.499        0.466        0.002        0.301        1.020 
   s250.time    s250.rmse   s500.ptime    s500.time    s500.rmse  s1000.ptime 
       0.006        0.175        1.500        0.014        0.129        3.037 
  s1000.time   s1000.rmse  s2500.ptime   s2500.time   s2500.rmse  s5000.ptime 
       0.028        0.078       14.198        0.059        0.052       85.720 
  s5000.time   s5000.rmse 
       0.159        0.042 
[1] 1.045888
$full.time
[1] 0.07

$full.rmse
[1] 0.03822954

$full.time
[1] 0.07

$full.rmse
[1] 0.03822954

$l25.time
[1] 3.185

$l25.rmse
[1] 0.09243568

$l50.time
[1] 3.146

$l50.rmse
[1] 0.07363434

$l100.time
[1] 4.443

$l100.rmse
[1] 0.05850086

$l250.time
[1] 16.662

$l250.rmse
[1] 0.04897461

$l500.time
[1] 80.35

$l500.rmse
[1] 0.04464029

$o25_i.ptime
[1] 0.229

$o25_i.time
[1] 0.242

$o25_i.rmse
[1] 0.4337835

$o50_i.ptime
[1] 0.16

$o50_i.time
[1] 0.172

$o50_i.rmse
[1] 0.3400184

$o100_i.ptime
[1] 0.194

$o100_i.time
[1] 0.137

$o100_i.rmse
[1] 0.2490011

$o250_i.ptime
[1] 0.557

$o250_i.time
[1] 0.125

$o250_i.rmse
[1] 0.182323

$o500_i.ptime
[1] 1.434

$o500_i.time
[1] 0.145

$o500_i.rmse
[1] 0.1115524

$o25_d.ptime
[1] 0.6

$o25_d.time
[1] 0.712

$o25_d.rmse
[1] 0.275847

$o50_d.ptime
[1] 0.13

$o50_d.time
[1] 0.495

$o50_d.rmse
[1] 0.223213

$o100_d.ptime
[1] 0.049

$o100_d.time
[1] 0.966

$o100_d.rmse
[1] 0.1468639

$o250_d.ptime
[1] 0.023

$o250_d.time
[1] 4.09

$o250_d.rmse
[1] 0.1020905

$o500_d.ptime
[1] 0.029

$o500_d.time
[1] 23.597

$o500_d.rmse
[1] 0.06482889

$c25_i.ptime
[1] 1.524

$c25_i.time
[1] 0.258

$c25_i.rmse
[1] 0.2376268

$c50_i.ptime
[1] 0.992

$c50_i.time
[1] 0.185

$c50_i.rmse
[1] 0.1875176

$c100_i.ptime
[1] 0.739

$c100_i.time
[1] 0.154

$c100_i.rmse
[1] 0.1339329

$c250_i.ptime
[1] 0.843

$c250_i.time
[1] 0.143

$c250_i.rmse
[1] 0.09516195

$c500_i.ptime
[1] 1.847

$c500_i.time
[1] 0.141

$c500_i.rmse
[1] 0.08018354

$c25_d.ptime
[1] 1.778

$c25_d.time
[1] 0.832

$c25_d.rmse
[1] 0.1716763

$c50_d.ptime
[1] 0.889

$c50_d.time
[1] 1.118

$c50_d.rmse
[1] 0.1347266

$c100_d.ptime
[1] 0.64

$c100_d.time
[1] 1.883

$c100_d.rmse
[1] 0.104835

$c250_d.ptime
[1] 0.541

$c250_d.time
[1] 6.207

$c250_d.rmse
[1] 0.07708368

$c500_d.ptime
[1] 0.576

$c500_d.time
[1] 22.905

$c500_d.rmse
[1] 0.05987784

$s25.ptime
[1] 0.514

$s25.time
[1] 0.001

$s25.rmse
[1] 0.5351441

$s50.ptime
[1] 0.438

$s50.time
[1] 0.001

$s50.rmse
[1] 0.3790997

$s100.ptime
[1] 0.575

$s100.time
[1] 0.002

$s100.rmse
[1] 0.273123

$s250.ptime
[1] 0.993

$s250.time
[1] 0.006

$s250.rmse
[1] 0.1832393

$s500.ptime
[1] 1.716

$s500.time
[1] 0.015

$s500.rmse
[1] 0.1180103

$s1000.ptime
[1] 3.114

$s1000.time
[1] 0.031

$s1000.rmse
[1] 0.07773913

$s2500.ptime
[1] 14.041

$s2500.time
[1] 0.064

$s2500.rmse
[1] 0.05044017

$s5000.ptime
[1] 86.287

$s5000.time
[1] 0.142

$s5000.rmse
[1] 0.042162

        seed            p    full.time    full.rmse     l25.time     l25.rmse 
    2512.000       10.000        0.070        0.038        3.185        0.092 
    l50.time     l50.rmse    l100.time    l100.rmse    l250.time    l250.rmse 
       3.146        0.074        4.443        0.059       16.662        0.049 
   l500.time    l500.rmse  o25_i.ptime   o25_i.time   o25_i.rmse  o50_i.ptime 
      80.350        0.045        0.229        0.242        0.434        0.160 
  o50_i.time   o50_i.rmse o100_i.ptime  o100_i.time  o100_i.rmse o250_i.ptime 
       0.172        0.340        0.194        0.137        0.249        0.557 
 o250_i.time  o250_i.rmse o500_i.ptime  o500_i.time  o500_i.rmse  o25_d.ptime 
       0.125        0.182        1.434        0.145        0.112        0.600 
  o25_d.time   o25_d.rmse  o50_d.ptime   o50_d.time   o50_d.rmse o100_d.ptime 
       0.712        0.276        0.130        0.495        0.223        0.049 
 o100_d.time  o100_d.rmse o250_d.ptime  o250_d.time  o250_d.rmse o500_d.ptime 
       0.966        0.147        0.023        4.090        0.102        0.029 
 o500_d.time  o500_d.rmse  c25_i.ptime   c25_i.time   c25_i.rmse  c50_i.ptime 
      23.597        0.065        1.524        0.258        0.238        0.992 
  c50_i.time   c50_i.rmse c100_i.ptime  c100_i.time  c100_i.rmse c250_i.ptime 
       0.185        0.188        0.739        0.154        0.134        0.843 
 c250_i.time  c250_i.rmse c500_i.ptime  c500_i.time  c500_i.rmse  c25_d.ptime 
       0.143        0.095        1.847        0.141        0.080        1.778 
  c25_d.time   c25_d.rmse  c50_d.ptime   c50_d.time   c50_d.rmse c100_d.ptime 
       0.832        0.172        0.889        1.118        0.135        0.640 
 c100_d.time  c100_d.rmse c250_d.ptime  c250_d.time  c250_d.rmse c500_d.ptime 
       1.883        0.105        0.541        6.207        0.077        0.576 
 c500_d.time  c500_d.rmse    s25.ptime     s25.time     s25.rmse    s50.ptime 
      22.905        0.060        0.514        0.001        0.535        0.438 
    s50.time     s50.rmse   s100.ptime    s100.time    s100.rmse   s250.ptime 
       0.001        0.379        0.575        0.002        0.273        0.993 
   s250.time    s250.rmse   s500.ptime    s500.time    s500.rmse  s1000.ptime 
       0.006        0.183        1.716        0.015        0.118        3.114 
  s1000.time   s1000.rmse  s2500.ptime   s2500.time   s2500.rmse  s5000.ptime 
       0.031        0.078       14.041        0.064        0.050       86.287 
  s5000.time   s5000.rmse 
       0.142        0.042 
[1] 0.915409
$full.time
[1] 0.072

$full.rmse
[1] 0.03879924

$full.time
[1] 0.072

$full.rmse
[1] 0.03879924

$l25.time
[1] 3.198

$l25.rmse
[1] 0.08742336

$l50.time
[1] 3.112

$l50.rmse
[1] 0.069916

$l100.time
[1] 4.131

$l100.rmse
[1] 0.05603536

$l250.time
[1] 16.922

$l250.rmse
[1] 0.0482003

$l500.time
[1] 78.748

$l500.rmse
[1] 0.04403214

$o25_i.ptime
[1] 0.2

$o25_i.time
[1] 0.207

$o25_i.rmse
[1] 0.4601449

$o50_i.ptime
[1] 0.137

$o50_i.time
[1] 0.14

$o50_i.rmse
[1] 0.3659376

$o100_i.ptime
[1] 0.172

$o100_i.time
[1] 0.12

$o100_i.rmse
[1] 0.2989673

$o250_i.ptime
[1] 0.503

$o250_i.time
[1] 0.114

$o250_i.rmse
[1] 0.1710911

$o500_i.ptime
[1] 1.401

$o500_i.time
[1] 0.137

$o500_i.rmse
[1] 0.1122921

$o25_d.ptime
[1] 0.583

$o25_d.time
[1] 0.797

$o25_d.rmse
[1] 0.2864391

$o50_d.ptime
[1] 0.131

$o50_d.time
[1] 0.446

$o50_d.rmse
[1] 0.2157728

$o100_d.ptime
[1] 0.05

$o100_d.time
[1] 0.96

$o100_d.rmse
[1] 0.1686831

$o250_d.ptime
[1] 0.022

$o250_d.time
[1] 4.301

$o250_d.rmse
[1] 0.09647529

$o500_d.ptime
[1] 0.021

$o500_d.time
[1] 17.971

$o500_d.rmse
[1] 0.07205986

$c25_i.ptime
[1] 1.635

$c25_i.time
[1] 0.253

$c25_i.rmse
[1] 0.2313364

$c50_i.ptime
[1] 1.007

$c50_i.time
[1] 0.19

$c50_i.rmse
[1] 0.1868791

$c100_i.ptime
[1] 0.647

$c100_i.time
[1] 0.147

$c100_i.rmse
[1] 0.1334547

$c250_i.ptime
[1] 1.116

$c250_i.time
[1] 0.143

$c250_i.rmse
[1] 0.09744984

$c500_i.ptime
[1] 1.721

$c500_i.time
[1] 0.14

$c500_i.rmse
[1] 0.07916758

$c25_d.ptime
[1] 1.993

$c25_d.time
[1] 0.806

$c25_d.rmse
[1] 0.1819649

$c50_d.ptime
[1] 1.07

$c50_d.time
[1] 1.027

$c50_d.rmse
[1] 0.1357947

$c100_d.ptime
[1] 0.493

$c100_d.time
[1] 1.849

$c100_d.rmse
[1] 0.1057489

$c250_d.ptime
[1] 0.362

$c250_d.time
[1] 6.55

$c250_d.rmse
[1] 0.07872385

$c500_d.ptime
[1] 0.395

$c500_d.time
[1] 23.785

$c500_d.rmse
[1] 0.06162089

$s25.ptime
[1] 0.274

$s25.time
[1] 0

$s25.rmse
[1] 0.4583177

$s50.ptime
[1] 0.387

$s50.time
[1] 0.001

$s50.rmse
[1] 0.4557466

$s100.ptime
[1] 0.866

$s100.time
[1] 0.003

$s100.rmse
[1] 0.2991383

$s250.ptime
[1] 1.048

$s250.time
[1] 0.007

$s250.rmse
[1] 0.1914048

$s500.ptime
[1] 1.942

$s500.time
[1] 0.014

$s500.rmse
[1] 0.1109443

$s1000.ptime
[1] 2.982

$s1000.time
[1] 0.032

$s1000.rmse
[1] 0.07580315

$s2500.ptime
[1] 15.308

$s2500.time
[1] 0.083

$s2500.rmse
[1] 0.05252544

$s5000.ptime
[1] 95.357

$s5000.time
[1] 0.158

$s5000.rmse
[1] 0.04353295

        seed            p    full.time    full.rmse     l25.time     l25.rmse 
    2513.000       10.000        0.072        0.039        3.198        0.087 
    l50.time     l50.rmse    l100.time    l100.rmse    l250.time    l250.rmse 
       3.112        0.070        4.131        0.056       16.922        0.048 
   l500.time    l500.rmse  o25_i.ptime   o25_i.time   o25_i.rmse  o50_i.ptime 
      78.748        0.044        0.200        0.207        0.460        0.137 
  o50_i.time   o50_i.rmse o100_i.ptime  o100_i.time  o100_i.rmse o250_i.ptime 
       0.140        0.366        0.172        0.120        0.299        0.503 
 o250_i.time  o250_i.rmse o500_i.ptime  o500_i.time  o500_i.rmse  o25_d.ptime 
       0.114        0.171        1.401        0.137        0.112        0.583 
  o25_d.time   o25_d.rmse  o50_d.ptime   o50_d.time   o50_d.rmse o100_d.ptime 
       0.797        0.286        0.131        0.446        0.216        0.050 
 o100_d.time  o100_d.rmse o250_d.ptime  o250_d.time  o250_d.rmse o500_d.ptime 
       0.960        0.169        0.022        4.301        0.096        0.021 
 o500_d.time  o500_d.rmse  c25_i.ptime   c25_i.time   c25_i.rmse  c50_i.ptime 
      17.971        0.072        1.635        0.253        0.231        1.007 
  c50_i.time   c50_i.rmse c100_i.ptime  c100_i.time  c100_i.rmse c250_i.ptime 
       0.190        0.187        0.647        0.147        0.133        1.116 
 c250_i.time  c250_i.rmse c500_i.ptime  c500_i.time  c500_i.rmse  c25_d.ptime 
       0.143        0.097        1.721        0.140        0.079        1.993 
  c25_d.time   c25_d.rmse  c50_d.ptime   c50_d.time   c50_d.rmse c100_d.ptime 
       0.806        0.182        1.070        1.027        0.136        0.493 
 c100_d.time  c100_d.rmse c250_d.ptime  c250_d.time  c250_d.rmse c500_d.ptime 
       1.849        0.106        0.362        6.550        0.079        0.395 
 c500_d.time  c500_d.rmse    s25.ptime     s25.time     s25.rmse    s50.ptime 
      23.785        0.062        0.274        0.000        0.458        0.387 
    s50.time     s50.rmse   s100.ptime    s100.time    s100.rmse   s250.ptime 
       0.001        0.456        0.866        0.003        0.299        1.048 
   s250.time    s250.rmse   s500.ptime    s500.time    s500.rmse  s1000.ptime 
       0.007        0.191        1.942        0.014        0.111        2.982 
  s1000.time   s1000.rmse  s2500.ptime   s2500.time   s2500.rmse  s5000.ptime 
       0.032        0.076       15.308        0.083        0.053       95.357 
  s5000.time   s5000.rmse 
       0.158        0.044 
  seed  p full.time  full.rmse l25.time   l25.rmse l50.time   l50.rmse
1 2509 10     0.077 0.03776170    3.268 0.08636839    3.211 0.06598766
2 2510 10     0.073 0.03799281    3.247 0.09189361    3.183 0.06857071
3 2511 10     0.064 0.03720812    3.043 0.09613747    3.405 0.07055048
4 2512 10     0.070 0.03822954    3.185 0.09243568    3.146 0.07363434
5 2513 10     0.072 0.03879924    3.198 0.08742336    3.112 0.06991600
  l100.time  l100.rmse l250.time  l250.rmse l500.time  l500.rmse o25_i.ptime
1     4.393 0.05310144    16.881 0.04578138    79.482 0.04240921       0.212
2     4.743 0.05532005    18.408 0.04492527    82.711 0.04132497       0.203
3     4.580 0.05614489    16.751 0.04622015    82.814 0.04203626       0.231
4     4.443 0.05850086    16.662 0.04897461    80.350 0.04464029       0.229
5     4.131 0.05603536    16.922 0.04820030    78.748 0.04403214       0.200
  o25_i.time o25_i.rmse o50_i.ptime o50_i.time o50_i.rmse o100_i.ptime
1      0.228  0.4250664       0.485      0.149  0.3260009        0.186
2      0.208  0.3935271       0.141      0.148  0.3215291        0.175
3      0.237  0.4683154       0.160      0.164  0.3566130        0.202
4      0.242  0.4337835       0.160      0.172  0.3400184        0.194
5      0.207  0.4601449       0.137      0.140  0.3659376        0.172
  o100_i.time o100_i.rmse o250_i.ptime o250_i.time o250_i.rmse o500_i.ptime
1       0.120   0.2591575        0.539       0.106   0.1586557        1.443
2       0.123   0.2650040        0.498       0.476   0.1700529        1.330
3       0.136   0.2712752        0.544       0.132   0.1752139        1.416
4       0.137   0.2490011        0.557       0.125   0.1823230        1.434
5       0.120   0.2989673        0.503       0.114   0.1710911        1.401
  o500_i.time o500_i.rmse o25_d.ptime o25_d.time o25_d.rmse o50_d.ptime
1       0.125   0.1102680       0.568      0.387  0.2851978       0.129
2       0.113   0.1118984       0.514      0.318  0.2837069       0.112
3       0.127   0.1147233       0.871      0.395  0.3256005       0.139
4       0.145   0.1115524       0.600      0.712  0.2758470       0.130
5       0.137   0.1122921       0.583      0.797  0.2864391       0.131
  o50_d.time o50_d.rmse o100_d.ptime o100_d.time o100_d.rmse o250_d.ptime
1      0.479  0.2122552        0.049       0.945   0.1543994        0.024
2      0.441  0.2061709        0.041       0.803   0.1762620        0.020
3      0.509  0.2277079        0.047       1.016   0.1635008        0.030
4      0.495  0.2232130        0.049       0.966   0.1468639        0.023
5      0.446  0.2157728        0.050       0.960   0.1686831        0.022
  o250_d.time o250_d.rmse o500_d.ptime o500_d.time o500_d.rmse c25_i.ptime
1       5.224  0.09637722        0.082      17.249  0.06912190       1.447
2       4.068  0.09527028        0.020      20.732  0.06994417       1.309
3       4.926  0.10411208        0.023      16.290  0.06641611       1.386
4       4.090  0.10209052        0.029      23.597  0.06482889       1.524
5       4.301  0.09647529        0.021      17.971  0.07205986       1.635
  c25_i.time c25_i.rmse c50_i.ptime c50_i.time c50_i.rmse c100_i.ptime
1      0.245  0.2183463       0.949      0.162  0.1754207        0.716
2      0.221  0.2248559       0.953      0.163  0.1723929        0.857
3      0.230  0.2479032       1.137      0.272  0.2004448        0.728
4      0.258  0.2376268       0.992      0.185  0.1875176        0.739
5      0.253  0.2313364       1.007      0.190  0.1868791        0.647
  c100_i.time c100_i.rmse c250_i.ptime c250_i.time c250_i.rmse c500_i.ptime
1       0.133   0.1392751        1.084       0.120  0.09973506        1.911
2       0.132   0.1367026        0.978       0.121  0.09827428        1.851
3       0.124   0.1409276        0.937       0.104  0.10309299        1.707
4       0.154   0.1339329        0.843       0.143  0.09516195        1.847
5       0.147   0.1334547        1.116       0.143  0.09744984        1.721
  c500_i.time c500_i.rmse c25_d.ptime c25_d.time c25_d.rmse c50_d.ptime
1       0.140  0.07812389       2.061      0.736  0.1626672       1.099
2       0.137  0.08069142       1.822      0.787  0.1644142       0.920
3       0.110  0.07840428       1.804      0.660  0.1848064       0.818
4       0.141  0.08018354       1.778      0.832  0.1716763       0.889
5       0.140  0.07916758       1.993      0.806  0.1819649       1.070
  c50_d.time c50_d.rmse c100_d.ptime c100_d.time c100_d.rmse c250_d.ptime
1      0.835  0.1325896        0.534       1.683   0.1010965        0.316
2      0.961  0.1322765        0.632       2.013   0.1052646        0.364
3      0.820  0.1384980        0.547       1.654   0.1008450        0.323
4      1.118  0.1347266        0.640       1.883   0.1048350        0.541
5      1.027  0.1357947        0.493       1.849   0.1057489        0.362
  c250_d.time c250_d.rmse c500_d.ptime c500_d.time c500_d.rmse s25.ptime
1       6.646  0.07199282        0.264      23.190  0.05862745     0.247
2       6.511  0.07843192        0.368      23.349  0.06277225     0.294
3       5.861  0.07486241        0.288      23.117  0.05991055     0.239
4       6.207  0.07708368        0.576      22.905  0.05987784     0.514
5       6.550  0.07872385        0.395      23.785  0.06162089     0.274
  s25.time  s25.rmse s50.ptime s50.time  s50.rmse s100.ptime s100.time
1    0.001 0.5304780     0.639    0.001 0.4002867      0.485     0.002
2    0.001 0.4990181     0.379    0.002 0.4061733      0.473     0.002
3    0.001 0.5278221     0.383    0.002 0.4991579      0.466     0.002
4    0.001 0.5351441     0.438    0.001 0.3790997      0.575     0.002
5    0.000 0.4583177     0.387    0.001 0.4557466      0.866     0.003
  s100.rmse s250.ptime s250.time s250.rmse s500.ptime s500.time s500.rmse
1 0.3022682      1.051     0.006 0.1625527      1.594     0.014 0.1246295
2 0.2773111      1.135     0.007 0.1758261      1.605     0.014 0.1209093
3 0.3010178      1.020     0.006 0.1749742      1.500     0.014 0.1294200
4 0.2731230      0.993     0.006 0.1832393      1.716     0.015 0.1180103
5 0.2991383      1.048     0.007 0.1914048      1.942     0.014 0.1109443
  s1000.ptime s1000.time s1000.rmse s2500.ptime s2500.time s2500.rmse
1       2.974      0.028 0.07777444      15.070      0.077 0.05170924
2       3.089      0.028 0.07798802      13.903      0.061 0.05197815
3       3.037      0.028 0.07833777      14.198      0.059 0.05240525
4       3.114      0.031 0.07773913      14.041      0.064 0.05044017
5       2.982      0.032 0.07580315      15.308      0.083 0.05252544
  s5000.ptime s5000.time s5000.rmse
1      93.207      0.160 0.04287172
2      87.762      0.129 0.04349970
3      85.720      0.159 0.04166506
4      86.287      0.142 0.04216200
5      95.357      0.158 0.04353295
> 
> proc.time()
    user   system  elapsed 
3854.289   30.262 3955.229 
