
R version 3.0.3 (2014-03-06) -- "Warm Puppy"
Copyright (C) 2014 The R Foundation for Statistical Computing
Platform: x86_64-unknown-linux-gnu (64-bit)

R is free software and comes with ABSOLUTELY NO WARRANTY.
You are welcome to redistribute it under certain conditions.
Type 'license()' or 'licence()' for distribution details.

  Natural language support but running in an English locale

R is a collaborative project with many contributors.
Type 'contributors()' for more information and
'citation()' on how to cite R or R packages in publications.

Type 'demo()' for some demos, 'help()' for on-line help, or
'help.start()' for an HTML browser interface to help.
Type 'q()' to quit R.

> print(.libPaths())
[1] "/usr/local/r-3.0.3/lib64/R/library"
> .libPaths("/mnt/home/rjparker/Rlib")
> print(.libPaths())
[1] "/mnt/home/rjparker/Rlib"            "/usr/local/r-3.0.3/lib64/R/library"
> setwd("/mnt/home/rjparker/git/block_int")
> 
> which_exp <- 6
> which_part <- 16
> source("R/sim_nblocks_pred.R")
Loading required package: spam
Loading required package: grid
Spam version 0.41-0 (2014-02-26) is loaded.
Type 'help( Spam)' or 'demo( spam)' for a short introduction 
and overview of this package.
Help for individual functions is also obtained by adding the
suffix '.spam' to the function name, e.g. 'help( chol.spam)'.

Attaching package: ‘spam’

The following objects are masked from ‘package:base’:

    backsolve, forwardsolve

Loading required package: maps
  pred  p b tau Nper_p Npred Fzero sigma2
6 TRUE 10 4  10  10000  1000     0      1
[1] 0.8897878
$full.time
[1] 0.076

$full.rmse
[1] 0.03704908

$full.time
[1] 0.076

$full.rmse
[1] 0.03704908

$l25.time
[1] 3.561

$l25.rmse
[1] 0.08810327

$l50.time
[1] 3.678

$l50.rmse
[1] 0.06825862

$l100.time
[1] 4.848

$l100.rmse
[1] 0.05407424

$l250.time
[1] 18.518

$l250.rmse
[1] 0.04584774

$l500.time
[1] 89.141

$l500.rmse
[1] 0.04153137

$o25_i.ptime
[1] 0.241

$o25_i.time
[1] 0.23

$o25_i.rmse
[1] 0.3976658

$o50_i.ptime
[1] 0.46

$o50_i.time
[1] 0.154

$o50_i.rmse
[1] 0.3160172

$o100_i.ptime
[1] 0.183

$o100_i.time
[1] 0.125

$o100_i.rmse
[1] 0.2500657

$o250_i.ptime
[1] 0.499

$o250_i.time
[1] 0.115

$o250_i.rmse
[1] 0.16232

$o500_i.ptime
[1] 1.379

$o500_i.time
[1] 0.148

$o500_i.rmse
[1] 0.1124099

$o25_d.ptime
[1] 0.588

$o25_d.time
[1] 0.423

$o25_d.rmse
[1] 0.2881665

$o50_d.ptime
[1] 0.137

$o50_d.time
[1] 0.552

$o50_d.rmse
[1] 0.2212497

$o100_d.ptime
[1] 0.05

$o100_d.time
[1] 1.17

$o100_d.rmse
[1] 0.1622829

$o250_d.ptime
[1] 0.029

$o250_d.time
[1] 5.04

$o250_d.rmse
[1] 0.09446032

$o500_d.ptime
[1] 0.024

$o500_d.time
[1] 19.813

$o500_d.rmse
[1] 0.07278273

$c25_i.ptime
[1] 1.565

$c25_i.time
[1] 0.256

$c25_i.rmse
[1] 0.2345045

$c50_i.ptime
[1] 0.969

$c50_i.time
[1] 0.221

$c50_i.rmse
[1] 0.1780099

$c100_i.ptime
[1] 0.899

$c100_i.time
[1] 0.189

$c100_i.rmse
[1] 0.1439542

$c250_i.ptime
[1] 0.916

$c250_i.time
[1] 0.136

$c250_i.rmse
[1] 0.09791664

$c500_i.ptime
[1] 1.839

$c500_i.time
[1] 0.159

$c500_i.rmse
[1] 0.07509494

$c25_d.ptime
[1] 1.818

$c25_d.time
[1] 0.803

$c25_d.rmse
[1] 0.1694559

$c50_d.ptime
[1] 0.907

$c50_d.time
[1] 0.96

$c50_d.rmse
[1] 0.1332637

$c100_d.ptime
[1] 0.524

$c100_d.time
[1] 1.745

$c100_d.rmse
[1] 0.102286

$c250_d.ptime
[1] 0.477

$c250_d.time
[1] 6.567

$c250_d.rmse
[1] 0.07487968

$c500_d.ptime
[1] 0.414

$c500_d.time
[1] 24.929

$c500_d.rmse
[1] 0.06237324

$s25.ptime
[1] 0.504

$s25.time
[1] 0.001

$s25.rmse
[1] 0.4406909

$s50.ptime
[1] 0.648

$s50.time
[1] 0.002

$s50.rmse
[1] 0.3966089

$s100.ptime
[1] 0.701

$s100.time
[1] 0.003

$s100.rmse
[1] 0.2630144

$s250.ptime
[1] 1.152

$s250.time
[1] 0.007

$s250.rmse
[1] 0.1864144

$s500.ptime
[1] 1.906

$s500.time
[1] 0.015

$s500.rmse
[1] 0.1204715

$s1000.ptime
[1] 2.755

$s1000.time
[1] 0.026

$s1000.rmse
[1] 0.07903367

$s2500.ptime
[1] 17.401

$s2500.time
[1] 0.077

$s2500.rmse
[1] 0.0507799

$s5000.ptime
[1] 102.191

$s5000.time
[1] 0.145

$s5000.rmse
[1] 0.04044845

        seed            p    full.time    full.rmse     l25.time     l25.rmse 
    2559.000       10.000        0.076        0.037        3.561        0.088 
    l50.time     l50.rmse    l100.time    l100.rmse    l250.time    l250.rmse 
       3.678        0.068        4.848        0.054       18.518        0.046 
   l500.time    l500.rmse  o25_i.ptime   o25_i.time   o25_i.rmse  o50_i.ptime 
      89.141        0.042        0.241        0.230        0.398        0.460 
  o50_i.time   o50_i.rmse o100_i.ptime  o100_i.time  o100_i.rmse o250_i.ptime 
       0.154        0.316        0.183        0.125        0.250        0.499 
 o250_i.time  o250_i.rmse o500_i.ptime  o500_i.time  o500_i.rmse  o25_d.ptime 
       0.115        0.162        1.379        0.148        0.112        0.588 
  o25_d.time   o25_d.rmse  o50_d.ptime   o50_d.time   o50_d.rmse o100_d.ptime 
       0.423        0.288        0.137        0.552        0.221        0.050 
 o100_d.time  o100_d.rmse o250_d.ptime  o250_d.time  o250_d.rmse o500_d.ptime 
       1.170        0.162        0.029        5.040        0.094        0.024 
 o500_d.time  o500_d.rmse  c25_i.ptime   c25_i.time   c25_i.rmse  c50_i.ptime 
      19.813        0.073        1.565        0.256        0.235        0.969 
  c50_i.time   c50_i.rmse c100_i.ptime  c100_i.time  c100_i.rmse c250_i.ptime 
       0.221        0.178        0.899        0.189        0.144        0.916 
 c250_i.time  c250_i.rmse c500_i.ptime  c500_i.time  c500_i.rmse  c25_d.ptime 
       0.136        0.098        1.839        0.159        0.075        1.818 
  c25_d.time   c25_d.rmse  c50_d.ptime   c50_d.time   c50_d.rmse c100_d.ptime 
       0.803        0.169        0.907        0.960        0.133        0.524 
 c100_d.time  c100_d.rmse c250_d.ptime  c250_d.time  c250_d.rmse c500_d.ptime 
       1.745        0.102        0.477        6.567        0.075        0.414 
 c500_d.time  c500_d.rmse    s25.ptime     s25.time     s25.rmse    s50.ptime 
      24.929        0.062        0.504        0.001        0.441        0.648 
    s50.time     s50.rmse   s100.ptime    s100.time    s100.rmse   s250.ptime 
       0.002        0.397        0.701        0.003        0.263        1.152 
   s250.time    s250.rmse   s500.ptime    s500.time    s500.rmse  s1000.ptime 
       0.007        0.186        1.906        0.015        0.120        2.755 
  s1000.time   s1000.rmse  s2500.ptime   s2500.time   s2500.rmse  s5000.ptime 
       0.026        0.079       17.401        0.077        0.051      102.191 
  s5000.time   s5000.rmse 
       0.145        0.040 
[1] 0.8762133
$full.time
[1] 0.06

$full.rmse
[1] 0.03697217

$full.time
[1] 0.06

$full.rmse
[1] 0.03697217

$l25.time
[1] 3.226

$l25.rmse
[1] 0.09676719

$l50.time
[1] 3.375

$l50.rmse
[1] 0.07029385

$l100.time
[1] 4.644

$l100.rmse
[1] 0.05468158

$l250.time
[1] 18.545

$l250.rmse
[1] 0.04495299

$l500.time
[1] 92.327

$l500.rmse
[1] 0.04135545

$o25_i.ptime
[1] 0.259

$o25_i.time
[1] 0.265

$o25_i.rmse
[1] 0.4852123

$o50_i.ptime
[1] 0.177

$o50_i.time
[1] 0.186

$o50_i.rmse
[1] 0.3904897

$o100_i.ptime
[1] 0.204

$o100_i.time
[1] 0.165

$o100_i.rmse
[1] 0.2658082

$o250_i.ptime
[1] 0.577

$o250_i.time
[1] 0.56

$o250_i.rmse
[1] 0.172131

$o500_i.ptime
[1] 1.461

$o500_i.time
[1] 0.129

$o500_i.rmse
[1] 0.1127861

$o25_d.ptime
[1] 0.581

$o25_d.time
[1] 0.427

$o25_d.rmse
[1] 0.3039873

$o50_d.ptime
[1] 0.134

$o50_d.time
[1] 0.53

$o50_d.rmse
[1] 0.2206511

$o100_d.ptime
[1] 0.05

$o100_d.time
[1] 1.107

$o100_d.rmse
[1] 0.1608104

$o250_d.ptime
[1] 0.026

$o250_d.time
[1] 5.038

$o250_d.rmse
[1] 0.09797428

$o500_d.ptime
[1] 0.027

$o500_d.time
[1] 21.624

$o500_d.rmse
[1] 0.06837897

$c25_i.ptime
[1] 1.551

$c25_i.time
[1] 0.289

$c25_i.rmse
[1] 0.2199549

$c50_i.ptime
[1] 0.937

$c50_i.time
[1] 0.193

$c50_i.rmse
[1] 0.1757176

$c100_i.ptime
[1] 0.817

$c100_i.time
[1] 0.158

$c100_i.rmse
[1] 0.1364171

$c250_i.ptime
[1] 0.933

$c250_i.time
[1] 0.147

$c250_i.rmse
[1] 0.1003602

$c500_i.ptime
[1] 1.855

$c500_i.time
[1] 0.153

$c500_i.rmse
[1] 0.08219342

$c25_d.ptime
[1] 2.113

$c25_d.time
[1] 0.836

$c25_d.rmse
[1] 0.1574275

$c50_d.ptime
[1] 0.882

$c50_d.time
[1] 1.024

$c50_d.rmse
[1] 0.1302556

$c100_d.ptime
[1] 0.828

$c100_d.time
[1] 2.308

$c100_d.rmse
[1] 0.1028183

$c250_d.ptime
[1] 0.52

$c250_d.time
[1] 7.004

$c250_d.rmse
[1] 0.07364838

$c500_d.ptime
[1] 0.6

$c500_d.time
[1] 26.688

$c500_d.rmse
[1] 0.07104029

$s25.ptime
[1] 0.354

$s25.time
[1] 0.001

$s25.rmse
[1] 0.5568661

$s50.ptime
[1] 0.566

$s50.time
[1] 0.001

$s50.rmse
[1] 0.3917659

$s100.ptime
[1] 0.719

$s100.time
[1] 0.004

$s100.rmse
[1] 0.3008711

$s250.ptime
[1] 1.39

$s250.time
[1] 0.01

$s250.rmse
[1] 0.1888449

$s500.ptime
[1] 1.677

$s500.time
[1] 0.024

$s500.rmse
[1] 0.1216849

$s1000.ptime
[1] 3.276

$s1000.time
[1] 0.035

$s1000.rmse
[1] 0.07735623

$s2500.ptime
[1] 20.168

$s2500.time
[1] 0.086

$s2500.rmse
[1] 0.05179589

$s5000.ptime
[1] 109.114

$s5000.time
[1] 0.168

$s5000.rmse
[1] 0.04024359

        seed            p    full.time    full.rmse     l25.time     l25.rmse 
    2560.000       10.000        0.060        0.037        3.226        0.097 
    l50.time     l50.rmse    l100.time    l100.rmse    l250.time    l250.rmse 
       3.375        0.070        4.644        0.055       18.545        0.045 
   l500.time    l500.rmse  o25_i.ptime   o25_i.time   o25_i.rmse  o50_i.ptime 
      92.327        0.041        0.259        0.265        0.485        0.177 
  o50_i.time   o50_i.rmse o100_i.ptime  o100_i.time  o100_i.rmse o250_i.ptime 
       0.186        0.390        0.204        0.165        0.266        0.577 
 o250_i.time  o250_i.rmse o500_i.ptime  o500_i.time  o500_i.rmse  o25_d.ptime 
       0.560        0.172        1.461        0.129        0.113        0.581 
  o25_d.time   o25_d.rmse  o50_d.ptime   o50_d.time   o50_d.rmse o100_d.ptime 
       0.427        0.304        0.134        0.530        0.221        0.050 
 o100_d.time  o100_d.rmse o250_d.ptime  o250_d.time  o250_d.rmse o500_d.ptime 
       1.107        0.161        0.026        5.038        0.098        0.027 
 o500_d.time  o500_d.rmse  c25_i.ptime   c25_i.time   c25_i.rmse  c50_i.ptime 
      21.624        0.068        1.551        0.289        0.220        0.937 
  c50_i.time   c50_i.rmse c100_i.ptime  c100_i.time  c100_i.rmse c250_i.ptime 
       0.193        0.176        0.817        0.158        0.136        0.933 
 c250_i.time  c250_i.rmse c500_i.ptime  c500_i.time  c500_i.rmse  c25_d.ptime 
       0.147        0.100        1.855        0.153        0.082        2.113 
  c25_d.time   c25_d.rmse  c50_d.ptime   c50_d.time   c50_d.rmse c100_d.ptime 
       0.836        0.157        0.882        1.024        0.130        0.828 
 c100_d.time  c100_d.rmse c250_d.ptime  c250_d.time  c250_d.rmse c500_d.ptime 
       2.308        0.103        0.520        7.004        0.074        0.600 
 c500_d.time  c500_d.rmse    s25.ptime     s25.time     s25.rmse    s50.ptime 
      26.688        0.071        0.354        0.001        0.557        0.566 
    s50.time     s50.rmse   s100.ptime    s100.time    s100.rmse   s250.ptime 
       0.001        0.392        0.719        0.004        0.301        1.390 
   s250.time    s250.rmse   s500.ptime    s500.time    s500.rmse  s1000.ptime 
       0.010        0.189        1.677        0.024        0.122        3.276 
  s1000.time   s1000.rmse  s2500.ptime   s2500.time   s2500.rmse  s5000.ptime 
       0.035        0.077       20.168        0.086        0.052      109.114 
  s5000.time   s5000.rmse 
       0.168        0.040 
[1] 0.8846603
$full.time
[1] 0.071

$full.rmse
[1] 0.03775741

$full.time
[1] 0.071

$full.rmse
[1] 0.03775741

$l25.time
[1] 3.908

$l25.rmse
[1] 0.09393204

$l50.time
[1] 3.283

$l50.rmse
[1] 0.07379439

$l100.time
[1] 5.066

$l100.rmse
[1] 0.05837845

$l250.time
[1] 18.291

$l250.rmse
[1] 0.04739971

$l500.time
[1] 88.802

$l500.rmse
[1] 0.04243959

$o25_i.ptime
[1] 0.248

$o25_i.time
[1] 0.25

$o25_i.rmse
[1] 0.5004515

$o50_i.ptime
[1] 0.163

$o50_i.time
[1] 0.175

$o50_i.rmse
[1] 0.4247646

$o100_i.ptime
[1] 0.203

$o100_i.time
[1] 0.148

$o100_i.rmse
[1] 0.2790051

$o250_i.ptime
[1] 0.575

$o250_i.time
[1] 0.151

$o250_i.rmse
[1] 0.1920573

$o500_i.ptime
[1] 1.675

$o500_i.time
[1] 0.421

$o500_i.rmse
[1] 0.1154773

$o25_d.ptime
[1] 0.64

$o25_d.time
[1] 0.535

$o25_d.rmse
[1] 0.3104298

$o50_d.ptime
[1] 0.159

$o50_d.time
[1] 0.667

$o50_d.rmse
[1] 0.2337756

$o100_d.ptime
[1] 0.059

$o100_d.time
[1] 1.301

$o100_d.rmse
[1] 0.1590786

$o250_d.ptime
[1] 0.044

$o250_d.time
[1] 5.008

$o250_d.rmse
[1] 0.09944472

$o500_d.ptime
[1] 0.028

$o500_d.time
[1] 15.36

$o500_d.rmse
[1] 0.06936506

$c25_i.ptime
[1] 1.342

$c25_i.time
[1] 0.235

$c25_i.rmse
[1] 0.2697038

$c50_i.ptime
[1] 1.051

$c50_i.time
[1] 0.159

$c50_i.rmse
[1] 0.1955393

$c100_i.ptime
[1] 0.689

$c100_i.time
[1] 0.147

$c100_i.rmse
[1] 0.1472581

$c250_i.ptime
[1] 0.919

$c250_i.time
[1] 0.122

$c250_i.rmse
[1] 0.1018895

$c500_i.ptime
[1] 1.638

$c500_i.time
[1] 0.127

$c500_i.rmse
[1] 0.08077659

$c25_d.ptime
[1] 1.548

$c25_d.time
[1] 0.713

$c25_d.rmse
[1] 0.1966773

$c50_d.ptime
[1] 0.791

$c50_d.time
[1] 0.912

$c50_d.rmse
[1] 0.1348534

$c100_d.ptime
[1] 0.567

$c100_d.time
[1] 1.743

$c100_d.rmse
[1] 0.1141225

$c250_d.ptime
[1] 0.368

$c250_d.time
[1] 5.786

$c250_d.rmse
[1] 0.07807794

$c500_d.ptime
[1] 0.28

$c500_d.time
[1] 21.479

$c500_d.rmse
[1] 0.06384274

$s25.ptime
[1] 0.215

$s25.time
[1] 0

$s25.rmse
[1] 0.6274869

$s50.ptime
[1] 0.399

$s50.time
[1] 0.002

$s50.rmse
[1] 0.5326643

$s100.ptime
[1] 0.538

$s100.time
[1] 0.003

$s100.rmse
[1] 0.3361639

$s250.ptime
[1] 0.845

$s250.time
[1] 0.007

$s250.rmse
[1] 0.1976897

$s500.ptime
[1] 1.525

$s500.time
[1] 0.013

$s500.rmse
[1] 0.1200951

$s1000.ptime
[1] 2.607

$s1000.time
[1] 0.027

$s1000.rmse
[1] 0.07270689

$s2500.ptime
[1] 13.964

$s2500.time
[1] 0.061

$s2500.rmse
[1] 0.04839555

$s5000.ptime
[1] 92.322

$s5000.time
[1] 0.149

$s5000.rmse
[1] 0.04121313

        seed            p    full.time    full.rmse     l25.time     l25.rmse 
    2561.000       10.000        0.071        0.038        3.908        0.094 
    l50.time     l50.rmse    l100.time    l100.rmse    l250.time    l250.rmse 
       3.283        0.074        5.066        0.058       18.291        0.047 
   l500.time    l500.rmse  o25_i.ptime   o25_i.time   o25_i.rmse  o50_i.ptime 
      88.802        0.042        0.248        0.250        0.500        0.163 
  o50_i.time   o50_i.rmse o100_i.ptime  o100_i.time  o100_i.rmse o250_i.ptime 
       0.175        0.425        0.203        0.148        0.279        0.575 
 o250_i.time  o250_i.rmse o500_i.ptime  o500_i.time  o500_i.rmse  o25_d.ptime 
       0.151        0.192        1.675        0.421        0.115        0.640 
  o25_d.time   o25_d.rmse  o50_d.ptime   o50_d.time   o50_d.rmse o100_d.ptime 
       0.535        0.310        0.159        0.667        0.234        0.059 
 o100_d.time  o100_d.rmse o250_d.ptime  o250_d.time  o250_d.rmse o500_d.ptime 
       1.301        0.159        0.044        5.008        0.099        0.028 
 o500_d.time  o500_d.rmse  c25_i.ptime   c25_i.time   c25_i.rmse  c50_i.ptime 
      15.360        0.069        1.342        0.235        0.270        1.051 
  c50_i.time   c50_i.rmse c100_i.ptime  c100_i.time  c100_i.rmse c250_i.ptime 
       0.159        0.196        0.689        0.147        0.147        0.919 
 c250_i.time  c250_i.rmse c500_i.ptime  c500_i.time  c500_i.rmse  c25_d.ptime 
       0.122        0.102        1.638        0.127        0.081        1.548 
  c25_d.time   c25_d.rmse  c50_d.ptime   c50_d.time   c50_d.rmse c100_d.ptime 
       0.713        0.197        0.791        0.912        0.135        0.567 
 c100_d.time  c100_d.rmse c250_d.ptime  c250_d.time  c250_d.rmse c500_d.ptime 
       1.743        0.114        0.368        5.786        0.078        0.280 
 c500_d.time  c500_d.rmse    s25.ptime     s25.time     s25.rmse    s50.ptime 
      21.479        0.064        0.215        0.000        0.627        0.399 
    s50.time     s50.rmse   s100.ptime    s100.time    s100.rmse   s250.ptime 
       0.002        0.533        0.538        0.003        0.336        0.845 
   s250.time    s250.rmse   s500.ptime    s500.time    s500.rmse  s1000.ptime 
       0.007        0.198        1.525        0.013        0.120        2.607 
  s1000.time   s1000.rmse  s2500.ptime   s2500.time   s2500.rmse  s5000.ptime 
       0.027        0.073       13.964        0.061        0.048       92.322 
  s5000.time   s5000.rmse 
       0.149        0.041 
[1] 0.7333152
$full.time
[1] 0.056

$full.rmse
[1] 0.03737628

$full.time
[1] 0.056

$full.rmse
[1] 0.03737628

$l25.time
[1] 2.982

$l25.rmse
[1] 0.0903069

$l50.time
[1] 3.199

$l50.rmse
[1] 0.06931648

$l100.time
[1] 4.401

$l100.rmse
[1] 0.0544822

$l250.time
[1] 16.02

$l250.rmse
[1] 0.04669454

$l500.time
[1] 84.58

$l500.rmse
[1] 0.0428754

$o25_i.ptime
[1] 0.235

$o25_i.time
[1] 0.242

$o25_i.rmse
[1] 0.4206171

$o50_i.ptime
[1] 0.159

$o50_i.time
[1] 0.172

$o50_i.rmse
[1] 0.3348257

$o100_i.ptime
[1] 0.196

$o100_i.time
[1] 0.144

$o100_i.rmse
[1] 0.2582864

$o250_i.ptime
[1] 0.529

$o250_i.time
[1] 0.13

$o250_i.rmse
[1] 0.1698759

$o500_i.ptime
[1] 1.317

$o500_i.time
[1] 0.308

$o500_i.rmse
[1] 0.1167177

$o25_d.ptime
[1] 0.536

$o25_d.time
[1] 0.395

$o25_d.rmse
[1] 0.2794689

$o50_d.ptime
[1] 0.122

$o50_d.time
[1] 0.531

$o50_d.rmse
[1] 0.2184314

$o100_d.ptime
[1] 0.047

$o100_d.time
[1] 1.028

$o100_d.rmse
[1] 0.1532976

$o250_d.ptime
[1] 0.024

$o250_d.time
[1] 4.965

$o250_d.rmse
[1] 0.1004603

$o500_d.ptime
[1] 0.023

$o500_d.time
[1] 19.145

$o500_d.rmse
[1] 0.07182359

$c25_i.ptime
[1] 1.538

$c25_i.time
[1] 0.275

$c25_i.rmse
[1] 0.2304922

$c50_i.ptime
[1] 0.892

$c50_i.time
[1] 0.201

$c50_i.rmse
[1] 0.1750718

$c100_i.ptime
[1] 0.931

$c100_i.time
[1] 0.164

$c100_i.rmse
[1] 0.1400828

$c250_i.ptime
[1] 0.868

$c250_i.time
[1] 0.143

$c250_i.rmse
[1] 0.09698744

$c500_i.ptime
[1] 1.721

$c500_i.time
[1] 0.153

$c500_i.rmse
[1] 0.07498897

$c25_d.ptime
[1] 1.696

$c25_d.time
[1] 0.876

$c25_d.rmse
[1] 0.1696495

$c50_d.ptime
[1] 1.099

$c50_d.time
[1] 0.928

$c50_d.rmse
[1] 0.1352952

$c100_d.ptime
[1] 0.474

$c100_d.time
[1] 1.762

$c100_d.rmse
[1] 0.1088168

$c250_d.ptime
[1] 0.24

$c250_d.time
[1] 5.988

$c250_d.rmse
[1] 0.07452769

$c500_d.ptime
[1] 0.32

$c500_d.time
[1] 22.148

$c500_d.rmse
[1] 0.06910514

$s25.ptime
[1] 0.321

$s25.time
[1] 0.001

$s25.rmse
[1] 0.4658052

$s50.ptime
[1] 0.497

$s50.time
[1] 0.001

$s50.rmse
[1] 0.4227957

$s100.ptime
[1] 0.608

$s100.time
[1] 0.002

$s100.rmse
[1] 0.3042092

$s250.ptime
[1] 1.151

$s250.time
[1] 0.006

$s250.rmse
[1] 0.1926572

$s500.ptime
[1] 1.782

$s500.time
[1] 0.014

$s500.rmse
[1] 0.1300349

$s1000.ptime
[1] 2.679

$s1000.time
[1] 0.029

$s1000.rmse
[1] 0.08497666

$s2500.ptime
[1] 13.879

$s2500.time
[1] 0.062

$s2500.rmse
[1] 0.05234211

$s5000.ptime
[1] 86.693

$s5000.time
[1] 0.149

$s5000.rmse
[1] 0.0414384

        seed            p    full.time    full.rmse     l25.time     l25.rmse 
    2562.000       10.000        0.056        0.037        2.982        0.090 
    l50.time     l50.rmse    l100.time    l100.rmse    l250.time    l250.rmse 
       3.199        0.069        4.401        0.054       16.020        0.047 
   l500.time    l500.rmse  o25_i.ptime   o25_i.time   o25_i.rmse  o50_i.ptime 
      84.580        0.043        0.235        0.242        0.421        0.159 
  o50_i.time   o50_i.rmse o100_i.ptime  o100_i.time  o100_i.rmse o250_i.ptime 
       0.172        0.335        0.196        0.144        0.258        0.529 
 o250_i.time  o250_i.rmse o500_i.ptime  o500_i.time  o500_i.rmse  o25_d.ptime 
       0.130        0.170        1.317        0.308        0.117        0.536 
  o25_d.time   o25_d.rmse  o50_d.ptime   o50_d.time   o50_d.rmse o100_d.ptime 
       0.395        0.279        0.122        0.531        0.218        0.047 
 o100_d.time  o100_d.rmse o250_d.ptime  o250_d.time  o250_d.rmse o500_d.ptime 
       1.028        0.153        0.024        4.965        0.100        0.023 
 o500_d.time  o500_d.rmse  c25_i.ptime   c25_i.time   c25_i.rmse  c50_i.ptime 
      19.145        0.072        1.538        0.275        0.230        0.892 
  c50_i.time   c50_i.rmse c100_i.ptime  c100_i.time  c100_i.rmse c250_i.ptime 
       0.201        0.175        0.931        0.164        0.140        0.868 
 c250_i.time  c250_i.rmse c500_i.ptime  c500_i.time  c500_i.rmse  c25_d.ptime 
       0.143        0.097        1.721        0.153        0.075        1.696 
  c25_d.time   c25_d.rmse  c50_d.ptime   c50_d.time   c50_d.rmse c100_d.ptime 
       0.876        0.170        1.099        0.928        0.135        0.474 
 c100_d.time  c100_d.rmse c250_d.ptime  c250_d.time  c250_d.rmse c500_d.ptime 
       1.762        0.109        0.240        5.988        0.075        0.320 
 c500_d.time  c500_d.rmse    s25.ptime     s25.time     s25.rmse    s50.ptime 
      22.148        0.069        0.321        0.001        0.466        0.497 
    s50.time     s50.rmse   s100.ptime    s100.time    s100.rmse   s250.ptime 
       0.001        0.423        0.608        0.002        0.304        1.151 
   s250.time    s250.rmse   s500.ptime    s500.time    s500.rmse  s1000.ptime 
       0.006        0.193        1.782        0.014        0.130        2.679 
  s1000.time   s1000.rmse  s2500.ptime   s2500.time   s2500.rmse  s5000.ptime 
       0.029        0.085       13.879        0.062        0.052       86.693 
  s5000.time   s5000.rmse 
       0.149        0.041 
[1] 0.8198127
$full.time
[1] 0.054

$full.rmse
[1] 0.03847455

$full.time
[1] 0.054

$full.rmse
[1] 0.03847455

$l25.time
[1] 2.855

$l25.rmse
[1] 0.09184695

$l50.time
[1] 3.036

$l50.rmse
[1] 0.06934363

$l100.time
[1] 4.156

$l100.rmse
[1] 0.05611094

$l250.time
[1] 15.62

$l250.rmse
[1] 0.04601792

$l500.time
[1] 76.815

$l500.rmse
[1] 0.04292664

$o25_i.ptime
[1] 0.227

$o25_i.time
[1] 0.236

$o25_i.rmse
[1] 0.496238

$o50_i.ptime
[1] 0.153

$o50_i.time
[1] 0.163

$o50_i.rmse
[1] 0.3485287

$o100_i.ptime
[1] 0.183

$o100_i.time
[1] 0.141

$o100_i.rmse
[1] 0.2874682

$o250_i.ptime
[1] 0.502

$o250_i.time
[1] 0.124

$o250_i.rmse
[1] 0.1647975

$o500_i.ptime
[1] 1.343

$o500_i.time
[1] 0.343

$o500_i.rmse
[1] 0.1064882

$o25_d.ptime
[1] 0.582

$o25_d.time
[1] 0.454

$o25_d.rmse
[1] 0.310508

$o50_d.ptime
[1] 0.129

$o50_d.time
[1] 0.518

$o50_d.rmse
[1] 0.2237192

$o100_d.ptime
[1] 0.051

$o100_d.time
[1] 1.114

$o100_d.rmse
[1] 0.1616298

$o250_d.ptime
[1] 0.026

$o250_d.time
[1] 4.439

$o250_d.rmse
[1] 0.09635106

$o500_d.ptime
[1] 0.029

$o500_d.time
[1] 21.729

$o500_d.rmse
[1] 0.06742424

$c25_i.ptime
[1] 1.269

$c25_i.time
[1] 0.238

$c25_i.rmse
[1] 0.2363136

$c50_i.ptime
[1] 1.042

$c50_i.time
[1] 0.18

$c50_i.rmse
[1] 0.1762604

$c100_i.ptime
[1] 0.679

$c100_i.time
[1] 0.153

$c100_i.rmse
[1] 0.1325446

$c250_i.ptime
[1] 0.799

$c250_i.time
[1] 0.132

$c250_i.rmse
[1] 0.1000592

$c500_i.ptime
[1] 1.693

$c500_i.time
[1] 0.146

$c500_i.rmse
[1] 0.0778481

$c25_d.ptime
[1] 1.614

$c25_d.time
[1] 0.768

$c25_d.rmse
[1] 0.1840486

$c50_d.ptime
[1] 1.068

$c50_d.time
[1] 0.974

$c50_d.rmse
[1] 0.129278

$c100_d.ptime
[1] 0.7

$c100_d.time
[1] 1.819

$c100_d.rmse
[1] 0.1068354

$c250_d.ptime
[1] 0.342

$c250_d.time
[1] 6.11

$c250_d.rmse
[1] 0.06636671

$c500_d.ptime
[1] 0.351

$c500_d.time
[1] 21.97

$c500_d.rmse
[1] 0.05944182

$s25.ptime
[1] 0.247

$s25.time
[1] 0.001

$s25.rmse
[1] 0.5925948

$s50.ptime
[1] 0.32

$s50.time
[1] 0.001

$s50.rmse
[1] 0.4332641

$s100.ptime
[1] 0.661

$s100.time
[1] 0.002

$s100.rmse
[1] 0.288698

$s250.ptime
[1] 0.949

$s250.time
[1] 0.007

$s250.rmse
[1] 0.1881493

$s500.ptime
[1] 1.505

$s500.time
[1] 0.011

$s500.rmse
[1] 0.1273217

$s1000.ptime
[1] 2.718

$s1000.time
[1] 0.028

$s1000.rmse
[1] 0.08588141

$s2500.ptime
[1] 14.052

$s2500.time
[1] 0.065

$s2500.rmse
[1] 0.05310075

$s5000.ptime
[1] 86.411

$s5000.time
[1] 0.149

$s5000.rmse
[1] 0.04217149

        seed            p    full.time    full.rmse     l25.time     l25.rmse 
    2563.000       10.000        0.054        0.038        2.855        0.092 
    l50.time     l50.rmse    l100.time    l100.rmse    l250.time    l250.rmse 
       3.036        0.069        4.156        0.056       15.620        0.046 
   l500.time    l500.rmse  o25_i.ptime   o25_i.time   o25_i.rmse  o50_i.ptime 
      76.815        0.043        0.227        0.236        0.496        0.153 
  o50_i.time   o50_i.rmse o100_i.ptime  o100_i.time  o100_i.rmse o250_i.ptime 
       0.163        0.349        0.183        0.141        0.287        0.502 
 o250_i.time  o250_i.rmse o500_i.ptime  o500_i.time  o500_i.rmse  o25_d.ptime 
       0.124        0.165        1.343        0.343        0.106        0.582 
  o25_d.time   o25_d.rmse  o50_d.ptime   o50_d.time   o50_d.rmse o100_d.ptime 
       0.454        0.311        0.129        0.518        0.224        0.051 
 o100_d.time  o100_d.rmse o250_d.ptime  o250_d.time  o250_d.rmse o500_d.ptime 
       1.114        0.162        0.026        4.439        0.096        0.029 
 o500_d.time  o500_d.rmse  c25_i.ptime   c25_i.time   c25_i.rmse  c50_i.ptime 
      21.729        0.067        1.269        0.238        0.236        1.042 
  c50_i.time   c50_i.rmse c100_i.ptime  c100_i.time  c100_i.rmse c250_i.ptime 
       0.180        0.176        0.679        0.153        0.133        0.799 
 c250_i.time  c250_i.rmse c500_i.ptime  c500_i.time  c500_i.rmse  c25_d.ptime 
       0.132        0.100        1.693        0.146        0.078        1.614 
  c25_d.time   c25_d.rmse  c50_d.ptime   c50_d.time   c50_d.rmse c100_d.ptime 
       0.768        0.184        1.068        0.974        0.129        0.700 
 c100_d.time  c100_d.rmse c250_d.ptime  c250_d.time  c250_d.rmse c500_d.ptime 
       1.819        0.107        0.342        6.110        0.066        0.351 
 c500_d.time  c500_d.rmse    s25.ptime     s25.time     s25.rmse    s50.ptime 
      21.970        0.059        0.247        0.001        0.593        0.320 
    s50.time     s50.rmse   s100.ptime    s100.time    s100.rmse   s250.ptime 
       0.001        0.433        0.661        0.002        0.289        0.949 
   s250.time    s250.rmse   s500.ptime    s500.time    s500.rmse  s1000.ptime 
       0.007        0.188        1.505        0.011        0.127        2.718 
  s1000.time   s1000.rmse  s2500.ptime   s2500.time   s2500.rmse  s5000.ptime 
       0.028        0.086       14.052        0.065        0.053       86.411 
  s5000.time   s5000.rmse 
       0.149        0.042 
  seed  p full.time  full.rmse l25.time   l25.rmse l50.time   l50.rmse
1 2559 10     0.076 0.03704908    3.561 0.08810327    3.678 0.06825862
2 2560 10     0.060 0.03697217    3.226 0.09676719    3.375 0.07029385
3 2561 10     0.071 0.03775741    3.908 0.09393204    3.283 0.07379439
4 2562 10     0.056 0.03737628    2.982 0.09030690    3.199 0.06931648
5 2563 10     0.054 0.03847455    2.855 0.09184695    3.036 0.06934363
  l100.time  l100.rmse l250.time  l250.rmse l500.time  l500.rmse o25_i.ptime
1     4.848 0.05407424    18.518 0.04584774    89.141 0.04153137       0.241
2     4.644 0.05468158    18.545 0.04495299    92.327 0.04135545       0.259
3     5.066 0.05837845    18.291 0.04739971    88.802 0.04243959       0.248
4     4.401 0.05448220    16.020 0.04669454    84.580 0.04287540       0.235
5     4.156 0.05611094    15.620 0.04601792    76.815 0.04292664       0.227
  o25_i.time o25_i.rmse o50_i.ptime o50_i.time o50_i.rmse o100_i.ptime
1      0.230  0.3976658       0.460      0.154  0.3160172        0.183
2      0.265  0.4852123       0.177      0.186  0.3904897        0.204
3      0.250  0.5004515       0.163      0.175  0.4247646        0.203
4      0.242  0.4206171       0.159      0.172  0.3348257        0.196
5      0.236  0.4962380       0.153      0.163  0.3485287        0.183
  o100_i.time o100_i.rmse o250_i.ptime o250_i.time o250_i.rmse o500_i.ptime
1       0.125   0.2500657        0.499       0.115   0.1623200        1.379
2       0.165   0.2658082        0.577       0.560   0.1721310        1.461
3       0.148   0.2790051        0.575       0.151   0.1920573        1.675
4       0.144   0.2582864        0.529       0.130   0.1698759        1.317
5       0.141   0.2874682        0.502       0.124   0.1647975        1.343
  o500_i.time o500_i.rmse o25_d.ptime o25_d.time o25_d.rmse o50_d.ptime
1       0.148   0.1124099       0.588      0.423  0.2881665       0.137
2       0.129   0.1127861       0.581      0.427  0.3039873       0.134
3       0.421   0.1154773       0.640      0.535  0.3104298       0.159
4       0.308   0.1167177       0.536      0.395  0.2794689       0.122
5       0.343   0.1064882       0.582      0.454  0.3105080       0.129
  o50_d.time o50_d.rmse o100_d.ptime o100_d.time o100_d.rmse o250_d.ptime
1      0.552  0.2212497        0.050       1.170   0.1622829        0.029
2      0.530  0.2206511        0.050       1.107   0.1608104        0.026
3      0.667  0.2337756        0.059       1.301   0.1590786        0.044
4      0.531  0.2184314        0.047       1.028   0.1532976        0.024
5      0.518  0.2237192        0.051       1.114   0.1616298        0.026
  o250_d.time o250_d.rmse o500_d.ptime o500_d.time o500_d.rmse c25_i.ptime
1       5.040  0.09446032        0.024      19.813  0.07278273       1.565
2       5.038  0.09797428        0.027      21.624  0.06837897       1.551
3       5.008  0.09944472        0.028      15.360  0.06936506       1.342
4       4.965  0.10046031        0.023      19.145  0.07182359       1.538
5       4.439  0.09635106        0.029      21.729  0.06742424       1.269
  c25_i.time c25_i.rmse c50_i.ptime c50_i.time c50_i.rmse c100_i.ptime
1      0.256  0.2345045       0.969      0.221  0.1780099        0.899
2      0.289  0.2199549       0.937      0.193  0.1757176        0.817
3      0.235  0.2697038       1.051      0.159  0.1955393        0.689
4      0.275  0.2304922       0.892      0.201  0.1750718        0.931
5      0.238  0.2363136       1.042      0.180  0.1762604        0.679
  c100_i.time c100_i.rmse c250_i.ptime c250_i.time c250_i.rmse c500_i.ptime
1       0.189   0.1439542        0.916       0.136  0.09791664        1.839
2       0.158   0.1364171        0.933       0.147  0.10036022        1.855
3       0.147   0.1472581        0.919       0.122  0.10188946        1.638
4       0.164   0.1400828        0.868       0.143  0.09698744        1.721
5       0.153   0.1325446        0.799       0.132  0.10005916        1.693
  c500_i.time c500_i.rmse c25_d.ptime c25_d.time c25_d.rmse c50_d.ptime
1       0.159  0.07509494       1.818      0.803  0.1694559       0.907
2       0.153  0.08219342       2.113      0.836  0.1574275       0.882
3       0.127  0.08077659       1.548      0.713  0.1966773       0.791
4       0.153  0.07498897       1.696      0.876  0.1696495       1.099
5       0.146  0.07784810       1.614      0.768  0.1840486       1.068
  c50_d.time c50_d.rmse c100_d.ptime c100_d.time c100_d.rmse c250_d.ptime
1      0.960  0.1332637        0.524       1.745   0.1022860        0.477
2      1.024  0.1302556        0.828       2.308   0.1028183        0.520
3      0.912  0.1348534        0.567       1.743   0.1141225        0.368
4      0.928  0.1352952        0.474       1.762   0.1088168        0.240
5      0.974  0.1292780        0.700       1.819   0.1068354        0.342
  c250_d.time c250_d.rmse c500_d.ptime c500_d.time c500_d.rmse s25.ptime
1       6.567  0.07487968        0.414      24.929  0.06237324     0.504
2       7.004  0.07364838        0.600      26.688  0.07104029     0.354
3       5.786  0.07807794        0.280      21.479  0.06384274     0.215
4       5.988  0.07452769        0.320      22.148  0.06910514     0.321
5       6.110  0.06636671        0.351      21.970  0.05944182     0.247
  s25.time  s25.rmse s50.ptime s50.time  s50.rmse s100.ptime s100.time
1    0.001 0.4406909     0.648    0.002 0.3966089      0.701     0.003
2    0.001 0.5568661     0.566    0.001 0.3917659      0.719     0.004
3    0.000 0.6274869     0.399    0.002 0.5326643      0.538     0.003
4    0.001 0.4658052     0.497    0.001 0.4227957      0.608     0.002
5    0.001 0.5925948     0.320    0.001 0.4332641      0.661     0.002
  s100.rmse s250.ptime s250.time s250.rmse s500.ptime s500.time s500.rmse
1 0.2630144      1.152     0.007 0.1864144      1.906     0.015 0.1204715
2 0.3008711      1.390     0.010 0.1888449      1.677     0.024 0.1216849
3 0.3361639      0.845     0.007 0.1976897      1.525     0.013 0.1200951
4 0.3042092      1.151     0.006 0.1926572      1.782     0.014 0.1300349
5 0.2886980      0.949     0.007 0.1881493      1.505     0.011 0.1273217
  s1000.ptime s1000.time s1000.rmse s2500.ptime s2500.time s2500.rmse
1       2.755      0.026 0.07903367      17.401      0.077 0.05077990
2       3.276      0.035 0.07735623      20.168      0.086 0.05179589
3       2.607      0.027 0.07270689      13.964      0.061 0.04839555
4       2.679      0.029 0.08497666      13.879      0.062 0.05234211
5       2.718      0.028 0.08588141      14.052      0.065 0.05310075
  s5000.ptime s5000.time s5000.rmse
1     102.191      0.145 0.04044845
2     109.114      0.168 0.04024359
3      92.322      0.149 0.04121313
4      86.693      0.149 0.04143840
5      86.411      0.149 0.04217149
> 
> proc.time()
    user   system  elapsed 
2940.358   21.304 3008.676 
