
R version 3.0.3 (2014-03-06) -- "Warm Puppy"
Copyright (C) 2014 The R Foundation for Statistical Computing
Platform: x86_64-unknown-linux-gnu (64-bit)

R is free software and comes with ABSOLUTELY NO WARRANTY.
You are welcome to redistribute it under certain conditions.
Type 'license()' or 'licence()' for distribution details.

  Natural language support but running in an English locale

R is a collaborative project with many contributors.
Type 'contributors()' for more information and
'citation()' on how to cite R or R packages in publications.

Type 'demo()' for some demos, 'help()' for on-line help, or
'help.start()' for an HTML browser interface to help.
Type 'q()' to quit R.

> print(.libPaths())
[1] "/usr/local/r-3.0.3/lib64/R/library"
> .libPaths("/mnt/home/rjparker/Rlib")
> print(.libPaths())
[1] "/mnt/home/rjparker/Rlib"            "/usr/local/r-3.0.3/lib64/R/library"
> setwd("/mnt/home/rjparker/git/block_int")
> 
> which_exp <- 6
> which_part <- 15
> source("R/sim_nblocks_pred.R")
Loading required package: spam
Loading required package: grid
Spam version 0.41-0 (2014-02-26) is loaded.
Type 'help( Spam)' or 'demo( spam)' for a short introduction 
and overview of this package.
Help for individual functions is also obtained by adding the
suffix '.spam' to the function name, e.g. 'help( chol.spam)'.

Attaching package: ‘spam’

The following objects are masked from ‘package:base’:

    backsolve, forwardsolve

Loading required package: maps
  pred  p b tau Nper_p Npred Fzero sigma2
6 TRUE 10 4  10  10000  1000     0      1
[1] 0.7133496
$full.time
[1] 0.075

$full.rmse
[1] 0.03968124

$full.time
[1] 0.075

$full.rmse
[1] 0.03968124

$l25.time
[1] 3.127

$l25.rmse
[1] 0.09701814

$l50.time
[1] 3.294

$l50.rmse
[1] 0.07285296

$l100.time
[1] 4.548

$l100.rmse
[1] 0.05919101

$l250.time
[1] 17.762

$l250.rmse
[1] 0.04885601

$l500.time
[1] 82.247

$l500.rmse
[1] 0.04505295

$o25_i.ptime
[1] 0.21

$o25_i.time
[1] 0.218

$o25_i.rmse
[1] 0.4244715

$o50_i.ptime
[1] 0.483

$o50_i.time
[1] 0.144

$o50_i.rmse
[1] 0.3764657

$o100_i.ptime
[1] 0.185

$o100_i.time
[1] 0.118

$o100_i.rmse
[1] 0.290217

$o250_i.ptime
[1] 0.525

$o250_i.time
[1] 0.104

$o250_i.rmse
[1] 0.1719034

$o500_i.ptime
[1] 1.428

$o500_i.time
[1] 0.121

$o500_i.rmse
[1] 0.1224271

$o25_d.ptime
[1] 0.53

$o25_d.time
[1] 0.361

$o25_d.rmse
[1] 0.3069402

$o50_d.ptime
[1] 0.118

$o50_d.time
[1] 0.462

$o50_d.rmse
[1] 0.2426367

$o100_d.ptime
[1] 0.042

$o100_d.time
[1] 0.994

$o100_d.rmse
[1] 0.1774117

$o250_d.ptime
[1] 0.028

$o250_d.time
[1] 5.883

$o250_d.rmse
[1] 0.09841123

$o500_d.ptime
[1] 0.026

$o500_d.time
[1] 25.323

$o500_d.rmse
[1] 0.0714542

$c25_i.ptime
[1] 1.394

$c25_i.time
[1] 0.224

$c25_i.rmse
[1] 0.2364781

$c50_i.ptime
[1] 0.85

$c50_i.time
[1] 0.15

$c50_i.rmse
[1] 0.1787183

$c100_i.ptime
[1] 0.734

$c100_i.time
[1] 0.129

$c100_i.rmse
[1] 0.1387854

$c250_i.ptime
[1] 0.853

$c250_i.time
[1] 0.118

$c250_i.rmse
[1] 0.09969947

$c500_i.ptime
[1] 1.683

$c500_i.time
[1] 0.135

$c500_i.rmse
[1] 0.09170534

$c25_d.ptime
[1] 2.129

$c25_d.time
[1] 0.742

$c25_d.rmse
[1] 0.1831396

$c50_d.ptime
[1] 0.951

$c50_d.time
[1] 0.921

$c50_d.rmse
[1] 0.1396407

$c100_d.ptime
[1] 0.434

$c100_d.time
[1] 1.847

$c100_d.rmse
[1] 0.1021346

$c250_d.ptime
[1] 0.377

$c250_d.time
[1] 7.67

$c250_d.rmse
[1] 0.07968768

$c500_d.ptime
[1] 0.504

$c500_d.time
[1] 23.07

$c500_d.rmse
[1] 0.05840575

$s25.ptime
[1] 0.376

$s25.time
[1] 0.001

$s25.rmse
[1] 0.5226266

$s50.ptime
[1] 0.321

$s50.time
[1] 0.001

$s50.rmse
[1] 0.4225009

$s100.ptime
[1] 0.484

$s100.time
[1] 0.003

$s100.rmse
[1] 0.2829148

$s250.ptime
[1] 1.069

$s250.time
[1] 0.006

$s250.rmse
[1] 0.184421

$s500.ptime
[1] 1.562

$s500.time
[1] 0.013

$s500.rmse
[1] 0.1267665

$s1000.ptime
[1] 3.038

$s1000.time
[1] 0.027

$s1000.rmse
[1] 0.0795434

$s2500.ptime
[1] 13.842

$s2500.time
[1] 0.07

$s2500.rmse
[1] 0.05709509

$s5000.ptime
[1] 150.969

$s5000.time
[1] 0.165

$s5000.rmse
[1] 0.04463424

        seed            p    full.time    full.rmse     l25.time     l25.rmse 
    2554.000       10.000        0.075        0.040        3.127        0.097 
    l50.time     l50.rmse    l100.time    l100.rmse    l250.time    l250.rmse 
       3.294        0.073        4.548        0.059       17.762        0.049 
   l500.time    l500.rmse  o25_i.ptime   o25_i.time   o25_i.rmse  o50_i.ptime 
      82.247        0.045        0.210        0.218        0.424        0.483 
  o50_i.time   o50_i.rmse o100_i.ptime  o100_i.time  o100_i.rmse o250_i.ptime 
       0.144        0.376        0.185        0.118        0.290        0.525 
 o250_i.time  o250_i.rmse o500_i.ptime  o500_i.time  o500_i.rmse  o25_d.ptime 
       0.104        0.172        1.428        0.121        0.122        0.530 
  o25_d.time   o25_d.rmse  o50_d.ptime   o50_d.time   o50_d.rmse o100_d.ptime 
       0.361        0.307        0.118        0.462        0.243        0.042 
 o100_d.time  o100_d.rmse o250_d.ptime  o250_d.time  o250_d.rmse o500_d.ptime 
       0.994        0.177        0.028        5.883        0.098        0.026 
 o500_d.time  o500_d.rmse  c25_i.ptime   c25_i.time   c25_i.rmse  c50_i.ptime 
      25.323        0.071        1.394        0.224        0.236        0.850 
  c50_i.time   c50_i.rmse c100_i.ptime  c100_i.time  c100_i.rmse c250_i.ptime 
       0.150        0.179        0.734        0.129        0.139        0.853 
 c250_i.time  c250_i.rmse c500_i.ptime  c500_i.time  c500_i.rmse  c25_d.ptime 
       0.118        0.100        1.683        0.135        0.092        2.129 
  c25_d.time   c25_d.rmse  c50_d.ptime   c50_d.time   c50_d.rmse c100_d.ptime 
       0.742        0.183        0.951        0.921        0.140        0.434 
 c100_d.time  c100_d.rmse c250_d.ptime  c250_d.time  c250_d.rmse c500_d.ptime 
       1.847        0.102        0.377        7.670        0.080        0.504 
 c500_d.time  c500_d.rmse    s25.ptime     s25.time     s25.rmse    s50.ptime 
      23.070        0.058        0.376        0.001        0.523        0.321 
    s50.time     s50.rmse   s100.ptime    s100.time    s100.rmse   s250.ptime 
       0.001        0.423        0.484        0.003        0.283        1.069 
   s250.time    s250.rmse   s500.ptime    s500.time    s500.rmse  s1000.ptime 
       0.006        0.184        1.562        0.013        0.127        3.038 
  s1000.time   s1000.rmse  s2500.ptime   s2500.time   s2500.rmse  s5000.ptime 
       0.027        0.080       13.842        0.070        0.057      150.969 
  s5000.time   s5000.rmse 
       0.165        0.045 
[1] 0.734979
$full.time
[1] 0.072

$full.rmse
[1] 0.03773312

$full.time
[1] 0.072

$full.rmse
[1] 0.03773312

$l25.time
[1] 3.357

$l25.rmse
[1] 0.09580646

$l50.time
[1] 3.64

$l50.rmse
[1] 0.0740583

$l100.time
[1] 4.864

$l100.rmse
[1] 0.05762853

$l250.time
[1] 20.311

$l250.rmse
[1] 0.04690722

$l500.time
[1] 90.339

$l500.rmse
[1] 0.04305602

$o25_i.ptime
[1] 0.244

$o25_i.time
[1] 0.233

$o25_i.rmse
[1] 0.4353681

$o50_i.ptime
[1] 0.178

$o50_i.time
[1] 0.16

$o50_i.rmse
[1] 0.3790232

$o100_i.ptime
[1] 0.221

$o100_i.time
[1] 0.14

$o100_i.rmse
[1] 0.2571053

$o250_i.ptime
[1] 0.624

$o250_i.time
[1] 0.546

$o250_i.rmse
[1] 0.1569887

$o500_i.ptime
[1] 1.578

$o500_i.time
[1] 0.144

$o500_i.rmse
[1] 0.117097

$o25_d.ptime
[1] 0.58

$o25_d.time
[1] 0.423

$o25_d.rmse
[1] 0.2934694

$o50_d.ptime
[1] 0.128

$o50_d.time
[1] 0.516

$o50_d.rmse
[1] 0.2639414

$o100_d.ptime
[1] 0.048

$o100_d.time
[1] 1.106

$o100_d.rmse
[1] 0.1658454

$o250_d.ptime
[1] 0.024

$o250_d.time
[1] 5.604

$o250_d.rmse
[1] 0.09813385

$o500_d.ptime
[1] 0.021

$o500_d.time
[1] 17.486

$o500_d.rmse
[1] 0.07399046

$c25_i.ptime
[1] 1.394

$c25_i.time
[1] 0.206

$c25_i.rmse
[1] 0.2470037

$c50_i.ptime
[1] 0.798

$c50_i.time
[1] 0.136

$c50_i.rmse
[1] 0.1766556

$c100_i.ptime
[1] 0.755

$c100_i.time
[1] 0.13

$c100_i.rmse
[1] 0.1319249

$c250_i.ptime
[1] 0.988

$c250_i.time
[1] 0.117

$c250_i.rmse
[1] 0.1139849

$c500_i.ptime
[1] 1.843

$c500_i.time
[1] 0.141

$c500_i.rmse
[1] 0.07808029

$c25_d.ptime
[1] 1.994

$c25_d.time
[1] 0.709

$c25_d.rmse
[1] 0.1708172

$c50_d.ptime
[1] 1.309

$c50_d.time
[1] 0.938

$c50_d.rmse
[1] 0.1393938

$c100_d.ptime
[1] 0.587

$c100_d.time
[1] 1.868

$c100_d.rmse
[1] 0.106485

$c250_d.ptime
[1] 0.288

$c250_d.time
[1] 6.499

$c250_d.rmse
[1] 0.07976473

$c500_d.ptime
[1] 0.286

$c500_d.time
[1] 22.441

$c500_d.rmse
[1] 0.06363833

$s25.ptime
[1] 0.313

$s25.time
[1] 0

$s25.rmse
[1] 0.4968779

$s50.ptime
[1] 0.345

$s50.time
[1] 0.002

$s50.rmse
[1] 0.3895865

$s100.ptime
[1] 0.473

$s100.time
[1] 0.003

$s100.rmse
[1] 0.2843811

$s250.ptime
[1] 1.101

$s250.time
[1] 0.008

$s250.rmse
[1] 0.1862555

$s500.ptime
[1] 1.807

$s500.time
[1] 0.015

$s500.rmse
[1] 0.1239498

$s1000.ptime
[1] 2.961

$s1000.time
[1] 0.028

$s1000.rmse
[1] 0.07462631

$s2500.ptime
[1] 13.827

$s2500.time
[1] 0.063

$s2500.rmse
[1] 0.05179055

$s5000.ptime
[1] 90.118

$s5000.time
[1] 0.139

$s5000.rmse
[1] 0.04051913

        seed            p    full.time    full.rmse     l25.time     l25.rmse 
    2555.000       10.000        0.072        0.038        3.357        0.096 
    l50.time     l50.rmse    l100.time    l100.rmse    l250.time    l250.rmse 
       3.640        0.074        4.864        0.058       20.311        0.047 
   l500.time    l500.rmse  o25_i.ptime   o25_i.time   o25_i.rmse  o50_i.ptime 
      90.339        0.043        0.244        0.233        0.435        0.178 
  o50_i.time   o50_i.rmse o100_i.ptime  o100_i.time  o100_i.rmse o250_i.ptime 
       0.160        0.379        0.221        0.140        0.257        0.624 
 o250_i.time  o250_i.rmse o500_i.ptime  o500_i.time  o500_i.rmse  o25_d.ptime 
       0.546        0.157        1.578        0.144        0.117        0.580 
  o25_d.time   o25_d.rmse  o50_d.ptime   o50_d.time   o50_d.rmse o100_d.ptime 
       0.423        0.293        0.128        0.516        0.264        0.048 
 o100_d.time  o100_d.rmse o250_d.ptime  o250_d.time  o250_d.rmse o500_d.ptime 
       1.106        0.166        0.024        5.604        0.098        0.021 
 o500_d.time  o500_d.rmse  c25_i.ptime   c25_i.time   c25_i.rmse  c50_i.ptime 
      17.486        0.074        1.394        0.206        0.247        0.798 
  c50_i.time   c50_i.rmse c100_i.ptime  c100_i.time  c100_i.rmse c250_i.ptime 
       0.136        0.177        0.755        0.130        0.132        0.988 
 c250_i.time  c250_i.rmse c500_i.ptime  c500_i.time  c500_i.rmse  c25_d.ptime 
       0.117        0.114        1.843        0.141        0.078        1.994 
  c25_d.time   c25_d.rmse  c50_d.ptime   c50_d.time   c50_d.rmse c100_d.ptime 
       0.709        0.171        1.309        0.938        0.139        0.587 
 c100_d.time  c100_d.rmse c250_d.ptime  c250_d.time  c250_d.rmse c500_d.ptime 
       1.868        0.106        0.288        6.499        0.080        0.286 
 c500_d.time  c500_d.rmse    s25.ptime     s25.time     s25.rmse    s50.ptime 
      22.441        0.064        0.313        0.000        0.497        0.345 
    s50.time     s50.rmse   s100.ptime    s100.time    s100.rmse   s250.ptime 
       0.002        0.390        0.473        0.003        0.284        1.101 
   s250.time    s250.rmse   s500.ptime    s500.time    s500.rmse  s1000.ptime 
       0.008        0.186        1.807        0.015        0.124        2.961 
  s1000.time   s1000.rmse  s2500.ptime   s2500.time   s2500.rmse  s5000.ptime 
       0.028        0.075       13.827        0.063        0.052       90.118 
  s5000.time   s5000.rmse 
       0.139        0.041 
[1] 0.8021084
$full.time
[1] 0.073

$full.rmse
[1] 0.03744508

$full.time
[1] 0.073

$full.rmse
[1] 0.03744508

$l25.time
[1] 3.189

$l25.rmse
[1] 0.09374231

$l50.time
[1] 3.247

$l50.rmse
[1] 0.07158245

$l100.time
[1] 4.016

$l100.rmse
[1] 0.05638903

$l250.time
[1] 16.57

$l250.rmse
[1] 0.04679433

$l500.time
[1] 78.917

$l500.rmse
[1] 0.04348206

$o25_i.ptime
[1] 0.186

$o25_i.time
[1] 0.197

$o25_i.rmse
[1] 0.4352628

$o50_i.ptime
[1] 0.13

$o50_i.time
[1] 0.142

$o50_i.rmse
[1] 0.3699644

$o100_i.ptime
[1] 0.181

$o100_i.time
[1] 0.125

$o100_i.rmse
[1] 0.2736389

$o250_i.ptime
[1] 0.505

$o250_i.time
[1] 0.118

$o250_i.rmse
[1] 0.1746173

$o500_i.ptime
[1] 1.348

$o500_i.time
[1] 0.439

$o500_i.rmse
[1] 0.1173391

$o25_d.ptime
[1] 0.581

$o25_d.time
[1] 0.39

$o25_d.rmse
[1] 0.3106427

$o50_d.ptime
[1] 0.126

$o50_d.time
[1] 0.464

$o50_d.rmse
[1] 0.2449963

$o100_d.ptime
[1] 0.053

$o100_d.time
[1] 0.986

$o100_d.rmse
[1] 0.1718549

$o250_d.ptime
[1] 0.024

$o250_d.time
[1] 3.979

$o250_d.rmse
[1] 0.1071769

$o500_d.ptime
[1] 0.022

$o500_d.time
[1] 18.104

$o500_d.rmse
[1] 0.06991607

$c25_i.ptime
[1] 1.361

$c25_i.time
[1] 0.321

$c25_i.rmse
[1] 0.2513597

$c50_i.ptime
[1] 1.089

$c50_i.time
[1] 0.157

$c50_i.rmse
[1] 0.1943894

$c100_i.ptime
[1] 0.702

$c100_i.time
[1] 0.129

$c100_i.rmse
[1] 0.1371916

$c250_i.ptime
[1] 0.927

$c250_i.time
[1] 0.115

$c250_i.rmse
[1] 0.09590534

$c500_i.ptime
[1] 1.635

$c500_i.time
[1] 0.119

$c500_i.rmse
[1] 0.08561486

$c25_d.ptime
[1] 1.729

$c25_d.time
[1] 0.709

$c25_d.rmse
[1] 0.1815707

$c50_d.ptime
[1] 0.919

$c50_d.time
[1] 0.937

$c50_d.rmse
[1] 0.1391504

$c100_d.ptime
[1] 0.611

$c100_d.time
[1] 1.807

$c100_d.rmse
[1] 0.09962218

$c250_d.ptime
[1] 0.331

$c250_d.time
[1] 6.201

$c250_d.rmse
[1] 0.0753035

$c500_d.ptime
[1] 0.265

$c500_d.time
[1] 22.588

$c500_d.rmse
[1] 0.06544398

$s25.ptime
[1] 0.252

$s25.time
[1] 0

$s25.rmse
[1] 0.6580029

$s50.ptime
[1] 0.341

$s50.time
[1] 0.001

$s50.rmse
[1] 0.4733596

$s100.ptime
[1] 0.573

$s100.time
[1] 0.003

$s100.rmse
[1] 0.3388165

$s250.ptime
[1] 1.175

$s250.time
[1] 0.007

$s250.rmse
[1] 0.1940441

$s500.ptime
[1] 1.606

$s500.time
[1] 0.014

$s500.rmse
[1] 0.1304058

$s1000.ptime
[1] 3.05

$s1000.time
[1] 0.032

$s1000.rmse
[1] 0.08125891

$s2500.ptime
[1] 14.295

$s2500.time
[1] 0.073

$s2500.rmse
[1] 0.05507803

$s5000.ptime
[1] 118.327

$s5000.time
[1] 0.134

$s5000.rmse
[1] 0.04263633

        seed            p    full.time    full.rmse     l25.time     l25.rmse 
    2556.000       10.000        0.073        0.037        3.189        0.094 
    l50.time     l50.rmse    l100.time    l100.rmse    l250.time    l250.rmse 
       3.247        0.072        4.016        0.056       16.570        0.047 
   l500.time    l500.rmse  o25_i.ptime   o25_i.time   o25_i.rmse  o50_i.ptime 
      78.917        0.043        0.186        0.197        0.435        0.130 
  o50_i.time   o50_i.rmse o100_i.ptime  o100_i.time  o100_i.rmse o250_i.ptime 
       0.142        0.370        0.181        0.125        0.274        0.505 
 o250_i.time  o250_i.rmse o500_i.ptime  o500_i.time  o500_i.rmse  o25_d.ptime 
       0.118        0.175        1.348        0.439        0.117        0.581 
  o25_d.time   o25_d.rmse  o50_d.ptime   o50_d.time   o50_d.rmse o100_d.ptime 
       0.390        0.311        0.126        0.464        0.245        0.053 
 o100_d.time  o100_d.rmse o250_d.ptime  o250_d.time  o250_d.rmse o500_d.ptime 
       0.986        0.172        0.024        3.979        0.107        0.022 
 o500_d.time  o500_d.rmse  c25_i.ptime   c25_i.time   c25_i.rmse  c50_i.ptime 
      18.104        0.070        1.361        0.321        0.251        1.089 
  c50_i.time   c50_i.rmse c100_i.ptime  c100_i.time  c100_i.rmse c250_i.ptime 
       0.157        0.194        0.702        0.129        0.137        0.927 
 c250_i.time  c250_i.rmse c500_i.ptime  c500_i.time  c500_i.rmse  c25_d.ptime 
       0.115        0.096        1.635        0.119        0.086        1.729 
  c25_d.time   c25_d.rmse  c50_d.ptime   c50_d.time   c50_d.rmse c100_d.ptime 
       0.709        0.182        0.919        0.937        0.139        0.611 
 c100_d.time  c100_d.rmse c250_d.ptime  c250_d.time  c250_d.rmse c500_d.ptime 
       1.807        0.100        0.331        6.201        0.075        0.265 
 c500_d.time  c500_d.rmse    s25.ptime     s25.time     s25.rmse    s50.ptime 
      22.588        0.065        0.252        0.000        0.658        0.341 
    s50.time     s50.rmse   s100.ptime    s100.time    s100.rmse   s250.ptime 
       0.001        0.473        0.573        0.003        0.339        1.175 
   s250.time    s250.rmse   s500.ptime    s500.time    s500.rmse  s1000.ptime 
       0.007        0.194        1.606        0.014        0.130        3.050 
  s1000.time   s1000.rmse  s2500.ptime   s2500.time   s2500.rmse  s5000.ptime 
       0.032        0.081       14.295        0.073        0.055      118.327 
  s5000.time   s5000.rmse 
       0.134        0.043 
[1] 0.6643736
$full.time
[1] 0.077

$full.rmse
[1] 0.03905813

$full.time
[1] 0.077

$full.rmse
[1] 0.03905813

$l25.time
[1] 3.144

$l25.rmse
[1] 0.08830092

$l50.time
[1] 3.283

$l50.rmse
[1] 0.06822725

$l100.time
[1] 4.446

$l100.rmse
[1] 0.055792

$l250.time
[1] 16.478

$l250.rmse
[1] 0.04684565

$l500.time
[1] 78.998

$l500.rmse
[1] 0.04330564

$o25_i.ptime
[1] 0.211

$o25_i.time
[1] 0.22

$o25_i.rmse
[1] 0.4391175

$o50_i.ptime
[1] 0.15

$o50_i.time
[1] 0.152

$o50_i.rmse
[1] 0.373427

$o100_i.ptime
[1] 0.178

$o100_i.time
[1] 0.13

$o100_i.rmse
[1] 0.2685484

$o250_i.ptime
[1] 0.511

$o250_i.time
[1] 0.113

$o250_i.rmse
[1] 0.1686354

$o500_i.ptime
[1] 1.313

$o500_i.time
[1] 0.383

$o500_i.rmse
[1] 0.1173311

$o25_d.ptime
[1] 0.487

$o25_d.time
[1] 0.338

$o25_d.rmse
[1] 0.3035282

$o50_d.ptime
[1] 0.112

$o50_d.time
[1] 0.439

$o50_d.rmse
[1] 0.2221003

$o100_d.ptime
[1] 0.043

$o100_d.time
[1] 0.915

$o100_d.rmse
[1] 0.1624579

$o250_d.ptime
[1] 0.024

$o250_d.time
[1] 4.236

$o250_d.rmse
[1] 0.1044544

$o500_d.ptime
[1] 0.024

$o500_d.time
[1] 20.633

$o500_d.rmse
[1] 0.07406508

$c25_i.ptime
[1] 1.612

$c25_i.time
[1] 0.29

$c25_i.rmse
[1] 0.2156375

$c50_i.ptime
[1] 0.79

$c50_i.time
[1] 0.176

$c50_i.rmse
[1] 0.1825461

$c100_i.ptime
[1] 0.945

$c100_i.time
[1] 0.146

$c100_i.rmse
[1] 0.1330643

$c250_i.ptime
[1] 0.99

$c250_i.time
[1] 0.128

$c250_i.rmse
[1] 0.1101673

$c500_i.ptime
[1] 1.599

$c500_i.time
[1] 0.137

$c500_i.rmse
[1] 0.0855496

$c25_d.ptime
[1] 1.824

$c25_d.time
[1] 0.846

$c25_d.rmse
[1] 0.1696125

$c50_d.ptime
[1] 0.907

$c50_d.time
[1] 0.859

$c50_d.rmse
[1] 0.13631

$c100_d.ptime
[1] 0.529

$c100_d.time
[1] 1.746

$c100_d.rmse
[1] 0.1016665

$c250_d.ptime
[1] 0.33

$c250_d.time
[1] 6.367

$c250_d.rmse
[1] 0.07510331

$c500_d.ptime
[1] 0.241

$c500_d.time
[1] 22.744

$c500_d.rmse
[1] 0.06804531

$s25.ptime
[1] 0.369

$s25.time
[1] 0.001

$s25.rmse
[1] 0.5913826

$s50.ptime
[1] 0.496

$s50.time
[1] 0.001

$s50.rmse
[1] 0.455886

$s100.ptime
[1] 0.493

$s100.time
[1] 0.003

$s100.rmse
[1] 0.2996695

$s250.ptime
[1] 1.158

$s250.time
[1] 0.007

$s250.rmse
[1] 0.1896379

$s500.ptime
[1] 1.794

$s500.time
[1] 0.013

$s500.rmse
[1] 0.1151612

$s1000.ptime
[1] 2.841

$s1000.time
[1] 0.029

$s1000.rmse
[1] 0.08369682

$s2500.ptime
[1] 14.422

$s2500.time
[1] 0.075

$s2500.rmse
[1] 0.05393715

$s5000.ptime
[1] 86.98

$s5000.time
[1] 0.153

$s5000.rmse
[1] 0.04284353

        seed            p    full.time    full.rmse     l25.time     l25.rmse 
    2557.000       10.000        0.077        0.039        3.144        0.088 
    l50.time     l50.rmse    l100.time    l100.rmse    l250.time    l250.rmse 
       3.283        0.068        4.446        0.056       16.478        0.047 
   l500.time    l500.rmse  o25_i.ptime   o25_i.time   o25_i.rmse  o50_i.ptime 
      78.998        0.043        0.211        0.220        0.439        0.150 
  o50_i.time   o50_i.rmse o100_i.ptime  o100_i.time  o100_i.rmse o250_i.ptime 
       0.152        0.373        0.178        0.130        0.269        0.511 
 o250_i.time  o250_i.rmse o500_i.ptime  o500_i.time  o500_i.rmse  o25_d.ptime 
       0.113        0.169        1.313        0.383        0.117        0.487 
  o25_d.time   o25_d.rmse  o50_d.ptime   o50_d.time   o50_d.rmse o100_d.ptime 
       0.338        0.304        0.112        0.439        0.222        0.043 
 o100_d.time  o100_d.rmse o250_d.ptime  o250_d.time  o250_d.rmse o500_d.ptime 
       0.915        0.162        0.024        4.236        0.104        0.024 
 o500_d.time  o500_d.rmse  c25_i.ptime   c25_i.time   c25_i.rmse  c50_i.ptime 
      20.633        0.074        1.612        0.290        0.216        0.790 
  c50_i.time   c50_i.rmse c100_i.ptime  c100_i.time  c100_i.rmse c250_i.ptime 
       0.176        0.183        0.945        0.146        0.133        0.990 
 c250_i.time  c250_i.rmse c500_i.ptime  c500_i.time  c500_i.rmse  c25_d.ptime 
       0.128        0.110        1.599        0.137        0.086        1.824 
  c25_d.time   c25_d.rmse  c50_d.ptime   c50_d.time   c50_d.rmse c100_d.ptime 
       0.846        0.170        0.907        0.859        0.136        0.529 
 c100_d.time  c100_d.rmse c250_d.ptime  c250_d.time  c250_d.rmse c500_d.ptime 
       1.746        0.102        0.330        6.367        0.075        0.241 
 c500_d.time  c500_d.rmse    s25.ptime     s25.time     s25.rmse    s50.ptime 
      22.744        0.068        0.369        0.001        0.591        0.496 
    s50.time     s50.rmse   s100.ptime    s100.time    s100.rmse   s250.ptime 
       0.001        0.456        0.493        0.003        0.300        1.158 
   s250.time    s250.rmse   s500.ptime    s500.time    s500.rmse  s1000.ptime 
       0.007        0.190        1.794        0.013        0.115        2.841 
  s1000.time   s1000.rmse  s2500.ptime   s2500.time   s2500.rmse  s5000.ptime 
       0.029        0.084       14.422        0.075        0.054       86.980 
  s5000.time   s5000.rmse 
       0.153        0.043 
[1] 0.7100735
$full.time
[1] 0.067

$full.rmse
[1] 0.0379686

$full.time
[1] 0.067

$full.rmse
[1] 0.0379686

$l25.time
[1] 3.14

$l25.rmse
[1] 0.09435891

$l50.time
[1] 3.421

$l50.rmse
[1] 0.0697473

$l100.time
[1] 4.441

$l100.rmse
[1] 0.0551048

$l250.time
[1] 16.388

$l250.rmse
[1] 0.04639762

$l500.time
[1] 78.842

$l500.rmse
[1] 0.04321126

$o25_i.ptime
[1] 0.21

$o25_i.time
[1] 0.224

$o25_i.rmse
[1] 0.4104716

$o50_i.ptime
[1] 0.144

$o50_i.time
[1] 0.147

$o50_i.rmse
[1] 0.3222297

$o100_i.ptime
[1] 0.178

$o100_i.time
[1] 0.125

$o100_i.rmse
[1] 0.2667621

$o250_i.ptime
[1] 0.513

$o250_i.time
[1] 0.108

$o250_i.rmse
[1] 0.1702643

$o500_i.ptime
[1] 1.359

$o500_i.time
[1] 0.423

$o500_i.rmse
[1] 0.1140081

$o25_d.ptime
[1] 0.579

$o25_d.time
[1] 0.371

$o25_d.rmse
[1] 0.2783382

$o50_d.ptime
[1] 0.13

$o50_d.time
[1] 0.469

$o50_d.rmse
[1] 0.2043755

$o100_d.ptime
[1] 0.05

$o100_d.time
[1] 0.926

$o100_d.rmse
[1] 0.1559282

$o250_d.ptime
[1] 0.028

$o250_d.time
[1] 4.077

$o250_d.rmse
[1] 0.09965531

$o500_d.ptime
[1] 0.025

$o500_d.time
[1] 19.582

$o500_d.rmse
[1] 0.06940017

$c25_i.ptime
[1] 1.561

$c25_i.time
[1] 0.255

$c25_i.rmse
[1] 0.225808

$c50_i.ptime
[1] 0.986

$c50_i.time
[1] 0.172

$c50_i.rmse
[1] 0.1845647

$c100_i.ptime
[1] 0.893

$c100_i.time
[1] 0.138

$c100_i.rmse
[1] 0.1478039

$c250_i.ptime
[1] 0.837

$c250_i.time
[1] 0.124

$c250_i.rmse
[1] 0.1020414

$c500_i.ptime
[1] 1.827

$c500_i.time
[1] 0.14

$c500_i.rmse
[1] 0.08090066

$c25_d.ptime
[1] 1.942

$c25_d.time
[1] 0.743

$c25_d.rmse
[1] 0.1667111

$c50_d.ptime
[1] 1.122

$c50_d.time
[1] 0.929

$c50_d.rmse
[1] 0.1288512

$c100_d.ptime
[1] 0.563

$c100_d.time
[1] 1.797

$c100_d.rmse
[1] 0.1092745

$c250_d.ptime
[1] 0.347

$c250_d.time
[1] 5.761

$c250_d.rmse
[1] 0.07039691

$c500_d.ptime
[1] 0.313

$c500_d.time
[1] 22.357

$c500_d.rmse
[1] 0.06536786

$s25.ptime
[1] 0.328

$s25.time
[1] 0.001

$s25.rmse
[1] 0.5180581

$s50.ptime
[1] 0.449

$s50.time
[1] 0.001

$s50.rmse
[1] 0.422187

$s100.ptime
[1] 0.559

$s100.time
[1] 0.002

$s100.rmse
[1] 0.3283571

$s250.ptime
[1] 1.11

$s250.time
[1] 0.007

$s250.rmse
[1] 0.1687984

$s500.ptime
[1] 1.657

$s500.time
[1] 0.014

$s500.rmse
[1] 0.1166556

$s1000.ptime
[1] 2.981

$s1000.time
[1] 0.029

$s1000.rmse
[1] 0.08554489

$s2500.ptime
[1] 14.588

$s2500.time
[1] 0.075

$s2500.rmse
[1] 0.05560336

$s5000.ptime
[1] 84.207

$s5000.time
[1] 0.133

$s5000.rmse
[1] 0.04341399

        seed            p    full.time    full.rmse     l25.time     l25.rmse 
    2558.000       10.000        0.067        0.038        3.140        0.094 
    l50.time     l50.rmse    l100.time    l100.rmse    l250.time    l250.rmse 
       3.421        0.070        4.441        0.055       16.388        0.046 
   l500.time    l500.rmse  o25_i.ptime   o25_i.time   o25_i.rmse  o50_i.ptime 
      78.842        0.043        0.210        0.224        0.410        0.144 
  o50_i.time   o50_i.rmse o100_i.ptime  o100_i.time  o100_i.rmse o250_i.ptime 
       0.147        0.322        0.178        0.125        0.267        0.513 
 o250_i.time  o250_i.rmse o500_i.ptime  o500_i.time  o500_i.rmse  o25_d.ptime 
       0.108        0.170        1.359        0.423        0.114        0.579 
  o25_d.time   o25_d.rmse  o50_d.ptime   o50_d.time   o50_d.rmse o100_d.ptime 
       0.371        0.278        0.130        0.469        0.204        0.050 
 o100_d.time  o100_d.rmse o250_d.ptime  o250_d.time  o250_d.rmse o500_d.ptime 
       0.926        0.156        0.028        4.077        0.100        0.025 
 o500_d.time  o500_d.rmse  c25_i.ptime   c25_i.time   c25_i.rmse  c50_i.ptime 
      19.582        0.069        1.561        0.255        0.226        0.986 
  c50_i.time   c50_i.rmse c100_i.ptime  c100_i.time  c100_i.rmse c250_i.ptime 
       0.172        0.185        0.893        0.138        0.148        0.837 
 c250_i.time  c250_i.rmse c500_i.ptime  c500_i.time  c500_i.rmse  c25_d.ptime 
       0.124        0.102        1.827        0.140        0.081        1.942 
  c25_d.time   c25_d.rmse  c50_d.ptime   c50_d.time   c50_d.rmse c100_d.ptime 
       0.743        0.167        1.122        0.929        0.129        0.563 
 c100_d.time  c100_d.rmse c250_d.ptime  c250_d.time  c250_d.rmse c500_d.ptime 
       1.797        0.109        0.347        5.761        0.070        0.313 
 c500_d.time  c500_d.rmse    s25.ptime     s25.time     s25.rmse    s50.ptime 
      22.357        0.065        0.328        0.001        0.518        0.449 
    s50.time     s50.rmse   s100.ptime    s100.time    s100.rmse   s250.ptime 
       0.001        0.422        0.559        0.002        0.328        1.110 
   s250.time    s250.rmse   s500.ptime    s500.time    s500.rmse  s1000.ptime 
       0.007        0.169        1.657        0.014        0.117        2.981 
  s1000.time   s1000.rmse  s2500.ptime   s2500.time   s2500.rmse  s5000.ptime 
       0.029        0.086       14.588        0.075        0.056       84.207 
  s5000.time   s5000.rmse 
       0.133        0.043 
  seed  p full.time  full.rmse l25.time   l25.rmse l50.time   l50.rmse
1 2554 10     0.075 0.03968124    3.127 0.09701814    3.294 0.07285296
2 2555 10     0.072 0.03773312    3.357 0.09580646    3.640 0.07405830
3 2556 10     0.073 0.03744508    3.189 0.09374231    3.247 0.07158245
4 2557 10     0.077 0.03905813    3.144 0.08830092    3.283 0.06822725
5 2558 10     0.067 0.03796860    3.140 0.09435891    3.421 0.06974730
  l100.time  l100.rmse l250.time  l250.rmse l500.time  l500.rmse o25_i.ptime
1     4.548 0.05919101    17.762 0.04885601    82.247 0.04505295       0.210
2     4.864 0.05762853    20.311 0.04690722    90.339 0.04305602       0.244
3     4.016 0.05638903    16.570 0.04679433    78.917 0.04348206       0.186
4     4.446 0.05579200    16.478 0.04684565    78.998 0.04330564       0.211
5     4.441 0.05510480    16.388 0.04639762    78.842 0.04321126       0.210
  o25_i.time o25_i.rmse o50_i.ptime o50_i.time o50_i.rmse o100_i.ptime
1      0.218  0.4244715       0.483      0.144  0.3764657        0.185
2      0.233  0.4353681       0.178      0.160  0.3790232        0.221
3      0.197  0.4352628       0.130      0.142  0.3699644        0.181
4      0.220  0.4391175       0.150      0.152  0.3734270        0.178
5      0.224  0.4104716       0.144      0.147  0.3222297        0.178
  o100_i.time o100_i.rmse o250_i.ptime o250_i.time o250_i.rmse o500_i.ptime
1       0.118   0.2902170        0.525       0.104   0.1719034        1.428
2       0.140   0.2571053        0.624       0.546   0.1569887        1.578
3       0.125   0.2736389        0.505       0.118   0.1746173        1.348
4       0.130   0.2685484        0.511       0.113   0.1686354        1.313
5       0.125   0.2667621        0.513       0.108   0.1702643        1.359
  o500_i.time o500_i.rmse o25_d.ptime o25_d.time o25_d.rmse o50_d.ptime
1       0.121   0.1224271       0.530      0.361  0.3069402       0.118
2       0.144   0.1170970       0.580      0.423  0.2934694       0.128
3       0.439   0.1173391       0.581      0.390  0.3106427       0.126
4       0.383   0.1173311       0.487      0.338  0.3035282       0.112
5       0.423   0.1140081       0.579      0.371  0.2783382       0.130
  o50_d.time o50_d.rmse o100_d.ptime o100_d.time o100_d.rmse o250_d.ptime
1      0.462  0.2426367        0.042       0.994   0.1774117        0.028
2      0.516  0.2639414        0.048       1.106   0.1658454        0.024
3      0.464  0.2449963        0.053       0.986   0.1718549        0.024
4      0.439  0.2221003        0.043       0.915   0.1624579        0.024
5      0.469  0.2043755        0.050       0.926   0.1559282        0.028
  o250_d.time o250_d.rmse o500_d.ptime o500_d.time o500_d.rmse c25_i.ptime
1       5.883  0.09841123        0.026      25.323  0.07145420       1.394
2       5.604  0.09813385        0.021      17.486  0.07399046       1.394
3       3.979  0.10717685        0.022      18.104  0.06991607       1.361
4       4.236  0.10445438        0.024      20.633  0.07406508       1.612
5       4.077  0.09965531        0.025      19.582  0.06940017       1.561
  c25_i.time c25_i.rmse c50_i.ptime c50_i.time c50_i.rmse c100_i.ptime
1      0.224  0.2364781       0.850      0.150  0.1787183        0.734
2      0.206  0.2470037       0.798      0.136  0.1766556        0.755
3      0.321  0.2513597       1.089      0.157  0.1943894        0.702
4      0.290  0.2156375       0.790      0.176  0.1825461        0.945
5      0.255  0.2258080       0.986      0.172  0.1845647        0.893
  c100_i.time c100_i.rmse c250_i.ptime c250_i.time c250_i.rmse c500_i.ptime
1       0.129   0.1387854        0.853       0.118  0.09969947        1.683
2       0.130   0.1319249        0.988       0.117  0.11398487        1.843
3       0.129   0.1371916        0.927       0.115  0.09590534        1.635
4       0.146   0.1330643        0.990       0.128  0.11016727        1.599
5       0.138   0.1478039        0.837       0.124  0.10204143        1.827
  c500_i.time c500_i.rmse c25_d.ptime c25_d.time c25_d.rmse c50_d.ptime
1       0.135  0.09170534       2.129      0.742  0.1831396       0.951
2       0.141  0.07808029       1.994      0.709  0.1708172       1.309
3       0.119  0.08561486       1.729      0.709  0.1815707       0.919
4       0.137  0.08554960       1.824      0.846  0.1696125       0.907
5       0.140  0.08090066       1.942      0.743  0.1667111       1.122
  c50_d.time c50_d.rmse c100_d.ptime c100_d.time c100_d.rmse c250_d.ptime
1      0.921  0.1396407        0.434       1.847  0.10213465        0.377
2      0.938  0.1393938        0.587       1.868  0.10648503        0.288
3      0.937  0.1391504        0.611       1.807  0.09962218        0.331
4      0.859  0.1363100        0.529       1.746  0.10166652        0.330
5      0.929  0.1288512        0.563       1.797  0.10927451        0.347
  c250_d.time c250_d.rmse c500_d.ptime c500_d.time c500_d.rmse s25.ptime
1       7.670  0.07968768        0.504      23.070  0.05840575     0.376
2       6.499  0.07976473        0.286      22.441  0.06363833     0.313
3       6.201  0.07530350        0.265      22.588  0.06544398     0.252
4       6.367  0.07510331        0.241      22.744  0.06804531     0.369
5       5.761  0.07039691        0.313      22.357  0.06536786     0.328
  s25.time  s25.rmse s50.ptime s50.time  s50.rmse s100.ptime s100.time
1    0.001 0.5226266     0.321    0.001 0.4225009      0.484     0.003
2    0.000 0.4968779     0.345    0.002 0.3895865      0.473     0.003
3    0.000 0.6580029     0.341    0.001 0.4733596      0.573     0.003
4    0.001 0.5913826     0.496    0.001 0.4558860      0.493     0.003
5    0.001 0.5180581     0.449    0.001 0.4221870      0.559     0.002
  s100.rmse s250.ptime s250.time s250.rmse s500.ptime s500.time s500.rmse
1 0.2829148      1.069     0.006 0.1844210      1.562     0.013 0.1267665
2 0.2843811      1.101     0.008 0.1862555      1.807     0.015 0.1239498
3 0.3388165      1.175     0.007 0.1940441      1.606     0.014 0.1304058
4 0.2996695      1.158     0.007 0.1896379      1.794     0.013 0.1151612
5 0.3283571      1.110     0.007 0.1687984      1.657     0.014 0.1166556
  s1000.ptime s1000.time s1000.rmse s2500.ptime s2500.time s2500.rmse
1       3.038      0.027 0.07954340      13.842      0.070 0.05709509
2       2.961      0.028 0.07462631      13.827      0.063 0.05179055
3       3.050      0.032 0.08125891      14.295      0.073 0.05507803
4       2.841      0.029 0.08369682      14.422      0.075 0.05393715
5       2.981      0.029 0.08554489      14.588      0.075 0.05560336
  s5000.ptime s5000.time s5000.rmse
1     150.969      0.165 0.04463424
2      90.118      0.139 0.04051913
3     118.327      0.134 0.04263633
4      86.980      0.153 0.04284353
5      84.207      0.133 0.04341399
> 
> proc.time()
    user   system  elapsed 
3245.225   30.801 3322.473 
