
R version 3.0.3 (2014-03-06) -- "Warm Puppy"
Copyright (C) 2014 The R Foundation for Statistical Computing
Platform: x86_64-unknown-linux-gnu (64-bit)

R is free software and comes with ABSOLUTELY NO WARRANTY.
You are welcome to redistribute it under certain conditions.
Type 'license()' or 'licence()' for distribution details.

  Natural language support but running in an English locale

R is a collaborative project with many contributors.
Type 'contributors()' for more information and
'citation()' on how to cite R or R packages in publications.

Type 'demo()' for some demos, 'help()' for on-line help, or
'help.start()' for an HTML browser interface to help.
Type 'q()' to quit R.

> print(.libPaths())
[1] "/usr/local/r-3.0.3/lib64/R/library"
> .libPaths("/mnt/home/rjparker/Rlib")
> print(.libPaths())
[1] "/mnt/home/rjparker/Rlib"            "/usr/local/r-3.0.3/lib64/R/library"
> setwd("/mnt/home/rjparker/git/block_int")
> 
> which_exp <- 6
> which_part <- 17
> source("R/sim_nblocks_pred.R")
Loading required package: spam
Loading required package: grid
Spam version 0.41-0 (2014-02-26) is loaded.
Type 'help( Spam)' or 'demo( spam)' for a short introduction 
and overview of this package.
Help for individual functions is also obtained by adding the
suffix '.spam' to the function name, e.g. 'help( chol.spam)'.

Attaching package: ‘spam’

The following objects are masked from ‘package:base’:

    backsolve, forwardsolve

Loading required package: maps
  pred  p b tau Nper_p Npred Fzero sigma2
6 TRUE 10 4  10  10000  1000     0      1
[1] 1.065625
$full.time
[1] 0.075

$full.rmse
[1] 0.03718574

$full.time
[1] 0.075

$full.rmse
[1] 0.03718574

$l25.time
[1] 3.886

$l25.rmse
[1] 0.09289802

$l50.time
[1] 4.114

$l50.rmse
[1] 0.07055031

$l100.time
[1] 5.619

$l100.rmse
[1] 0.05606748

$l250.time
[1] 21.328

$l250.rmse
[1] 0.04629315

$l500.time
[1] 100.783

$l500.rmse
[1] 0.04285378

$o25_i.ptime
[1] 0.266

$o25_i.time
[1] 0.26

$o25_i.rmse
[1] 0.4469967

$o50_i.ptime
[1] 0.547

$o50_i.time
[1] 0.175

$o50_i.rmse
[1] 0.3776822

$o100_i.ptime
[1] 0.229

$o100_i.time
[1] 0.14

$o100_i.rmse
[1] 0.2733594

$o250_i.ptime
[1] 0.643

$o250_i.time
[1] 0.146

$o250_i.rmse
[1] 0.1697552

$o500_i.ptime
[1] 1.789

$o500_i.time
[1] 0.169

$o500_i.rmse
[1] 0.1112157

$o25_d.ptime
[1] 0.614

$o25_d.time
[1] 0.506

$o25_d.rmse
[1] 0.3101128

$o50_d.ptime
[1] 0.139

$o50_d.time
[1] 0.606

$o50_d.rmse
[1] 0.2461636

$o100_d.ptime
[1] 0.054

$o100_d.time
[1] 1.296

$o100_d.rmse
[1] 0.1704619

$o250_d.ptime
[1] 0.031

$o250_d.time
[1] 6.107

$o250_d.rmse
[1] 0.09862139

$o500_d.ptime
[1] 0.028

$o500_d.time
[1] 25.717

$o500_d.rmse
[1] 0.06398156

$c25_i.ptime
[1] 1.56

$c25_i.time
[1] 0.274

$c25_i.rmse
[1] 0.2446624

$c50_i.ptime
[1] 1.202

$c50_i.time
[1] 0.201

$c50_i.rmse
[1] 0.171521

$c100_i.ptime
[1] 0.732

$c100_i.time
[1] 0.176

$c100_i.rmse
[1] 0.1345972

$c250_i.ptime
[1] 0.968

$c250_i.time
[1] 0.16

$c250_i.rmse
[1] 0.09873963

$c500_i.ptime
[1] 2.192

$c500_i.time
[1] 0.169

$c500_i.rmse
[1] 0.07787711

$c25_d.ptime
[1] 2.095

$c25_d.time
[1] 0.971

$c25_d.rmse
[1] 0.1681379

$c50_d.ptime
[1] 1.165

$c50_d.time
[1] 1.186

$c50_d.rmse
[1] 0.1307025

$c100_d.ptime
[1] 0.784

$c100_d.time
[1] 2.221

$c100_d.rmse
[1] 0.109131

$c250_d.ptime
[1] 0.454

$c250_d.time
[1] 8.168

$c250_d.rmse
[1] 0.07460172

$c500_d.ptime
[1] 0.496

$c500_d.time
[1] 29.237

$c500_d.rmse
[1] 0.059285

$s25.ptime
[1] 0.591

$s25.time
[1] 0.001

$s25.rmse
[1] 0.5342016

$s50.ptime
[1] 0.486

$s50.time
[1] 0.002

$s50.rmse
[1] 0.4579531

$s100.ptime
[1] 0.852

$s100.time
[1] 0.004

$s100.rmse
[1] 0.3280162

$s250.ptime
[1] 1.064

$s250.time
[1] 0.008

$s250.rmse
[1] 0.1855662

$s500.ptime
[1] 1.791

$s500.time
[1] 0.016

$s500.rmse
[1] 0.1230476

$s1000.ptime
[1] 3.214

$s1000.time
[1] 0.033

$s1000.rmse
[1] 0.07534247

$s2500.ptime
[1] 19.535

$s2500.time
[1] 0.079

$s2500.rmse
[1] 0.05164637

$s5000.ptime
[1] 156.377

$s5000.time
[1] 0.183

$s5000.rmse
[1] 0.04066537

        seed            p    full.time    full.rmse     l25.time     l25.rmse 
    2564.000       10.000        0.075        0.037        3.886        0.093 
    l50.time     l50.rmse    l100.time    l100.rmse    l250.time    l250.rmse 
       4.114        0.071        5.619        0.056       21.328        0.046 
   l500.time    l500.rmse  o25_i.ptime   o25_i.time   o25_i.rmse  o50_i.ptime 
     100.783        0.043        0.266        0.260        0.447        0.547 
  o50_i.time   o50_i.rmse o100_i.ptime  o100_i.time  o100_i.rmse o250_i.ptime 
       0.175        0.378        0.229        0.140        0.273        0.643 
 o250_i.time  o250_i.rmse o500_i.ptime  o500_i.time  o500_i.rmse  o25_d.ptime 
       0.146        0.170        1.789        0.169        0.111        0.614 
  o25_d.time   o25_d.rmse  o50_d.ptime   o50_d.time   o50_d.rmse o100_d.ptime 
       0.506        0.310        0.139        0.606        0.246        0.054 
 o100_d.time  o100_d.rmse o250_d.ptime  o250_d.time  o250_d.rmse o500_d.ptime 
       1.296        0.170        0.031        6.107        0.099        0.028 
 o500_d.time  o500_d.rmse  c25_i.ptime   c25_i.time   c25_i.rmse  c50_i.ptime 
      25.717        0.064        1.560        0.274        0.245        1.202 
  c50_i.time   c50_i.rmse c100_i.ptime  c100_i.time  c100_i.rmse c250_i.ptime 
       0.201        0.172        0.732        0.176        0.135        0.968 
 c250_i.time  c250_i.rmse c500_i.ptime  c500_i.time  c500_i.rmse  c25_d.ptime 
       0.160        0.099        2.192        0.169        0.078        2.095 
  c25_d.time   c25_d.rmse  c50_d.ptime   c50_d.time   c50_d.rmse c100_d.ptime 
       0.971        0.168        1.165        1.186        0.131        0.784 
 c100_d.time  c100_d.rmse c250_d.ptime  c250_d.time  c250_d.rmse c500_d.ptime 
       2.221        0.109        0.454        8.168        0.075        0.496 
 c500_d.time  c500_d.rmse    s25.ptime     s25.time     s25.rmse    s50.ptime 
      29.237        0.059        0.591        0.001        0.534        0.486 
    s50.time     s50.rmse   s100.ptime    s100.time    s100.rmse   s250.ptime 
       0.002        0.458        0.852        0.004        0.328        1.064 
   s250.time    s250.rmse   s500.ptime    s500.time    s500.rmse  s1000.ptime 
       0.008        0.186        1.791        0.016        0.123        3.214 
  s1000.time   s1000.rmse  s2500.ptime   s2500.time   s2500.rmse  s5000.ptime 
       0.033        0.075       19.535        0.079        0.052      156.377 
  s5000.time   s5000.rmse 
       0.183        0.041 
[1] 0.813315
$full.time
[1] 0.095

$full.rmse
[1] 0.03763335

$full.time
[1] 0.095

$full.rmse
[1] 0.03763335

$l25.time
[1] 4.15

$l25.rmse
[1] 0.09539014

$l50.time
[1] 4.58

$l50.rmse
[1] 0.07043463

$l100.time
[1] 6.31

$l100.rmse
[1] 0.05395794

$l250.time
[1] 21.851

$l250.rmse
[1] 0.04428182

$l500.time
[1] 97.84

$l500.rmse
[1] 0.04182278

$o25_i.ptime
[1] 0.264

$o25_i.time
[1] 0.249

$o25_i.rmse
[1] 0.4304721

$o50_i.ptime
[1] 0.211

$o50_i.time
[1] 0.185

$o50_i.rmse
[1] 0.3389089

$o100_i.ptime
[1] 0.23

$o100_i.time
[1] 0.151

$o100_i.rmse
[1] 0.2885397

$o250_i.ptime
[1] 0.632

$o250_i.time
[1] 0.609

$o250_i.rmse
[1] 0.1687718

$o500_i.ptime
[1] 1.694

$o500_i.time
[1] 0.169

$o500_i.rmse
[1] 0.112584

$o25_d.ptime
[1] 0.58

$o25_d.time
[1] 0.468

$o25_d.rmse
[1] 0.2881117

$o50_d.ptime
[1] 0.131

$o50_d.time
[1] 0.53

$o50_d.rmse
[1] 0.2301743

$o100_d.ptime
[1] 0.049

$o100_d.time
[1] 1.237

$o100_d.rmse
[1] 0.1630781

$o250_d.ptime
[1] 0.029

$o250_d.time
[1] 4.762

$o250_d.rmse
[1] 0.1041892

$o500_d.ptime
[1] 0.028

$o500_d.time
[1] 22.097

$o500_d.rmse
[1] 0.07170081

$c25_i.ptime
[1] 1.437

$c25_i.time
[1] 0.264

$c25_i.rmse
[1] 0.2308433

$c50_i.ptime
[1] 1.149

$c50_i.time
[1] 0.178

$c50_i.rmse
[1] 0.1702413

$c100_i.ptime
[1] 0.92

$c100_i.time
[1] 0.158

$c100_i.rmse
[1] 0.1385766

$c250_i.ptime
[1] 1.051

$c250_i.time
[1] 0.155

$c250_i.rmse
[1] 0.1137238

$c500_i.ptime
[1] 2.162

$c500_i.time
[1] 0.176

$c500_i.rmse
[1] 0.07470188

$c25_d.ptime
[1] 2.06

$c25_d.time
[1] 0.94

$c25_d.rmse
[1] 0.1683943

$c50_d.ptime
[1] 1.208

$c50_d.time
[1] 1.17

$c50_d.rmse
[1] 0.1301123

$c100_d.ptime
[1] 0.533

$c100_d.time
[1] 2.226

$c100_d.rmse
[1] 0.09982106

$c250_d.ptime
[1] 0.534

$c250_d.time
[1] 7.77

$c250_d.rmse
[1] 0.07314654

$c500_d.ptime
[1] 0.456

$c500_d.time
[1] 28.583

$c500_d.rmse
[1] 0.06079142

$s25.ptime
[1] 0.447

$s25.time
[1] 0.001

$s25.rmse
[1] 0.5694206

$s50.ptime
[1] 0.418

$s50.time
[1] 0.001

$s50.rmse
[1] 0.3889739

$s100.ptime
[1] 0.594

$s100.time
[1] 0.004

$s100.rmse
[1] 0.2962776

$s250.ptime
[1] 1.052

$s250.time
[1] 0.008

$s250.rmse
[1] 0.1732154

$s500.ptime
[1] 1.563

$s500.time
[1] 0.015

$s500.rmse
[1] 0.1230255

$s1000.ptime
[1] 2.91

$s1000.time
[1] 0.033

$s1000.rmse
[1] 0.07867872

$s2500.ptime
[1] 19.481

$s2500.time
[1] 0.081

$s2500.rmse
[1] 0.05064213

$s5000.ptime
[1] 136.204

$s5000.time
[1] 0.156

$s5000.rmse
[1] 0.04202525

        seed            p    full.time    full.rmse     l25.time     l25.rmse 
    2565.000       10.000        0.095        0.038        4.150        0.095 
    l50.time     l50.rmse    l100.time    l100.rmse    l250.time    l250.rmse 
       4.580        0.070        6.310        0.054       21.851        0.044 
   l500.time    l500.rmse  o25_i.ptime   o25_i.time   o25_i.rmse  o50_i.ptime 
      97.840        0.042        0.264        0.249        0.430        0.211 
  o50_i.time   o50_i.rmse o100_i.ptime  o100_i.time  o100_i.rmse o250_i.ptime 
       0.185        0.339        0.230        0.151        0.289        0.632 
 o250_i.time  o250_i.rmse o500_i.ptime  o500_i.time  o500_i.rmse  o25_d.ptime 
       0.609        0.169        1.694        0.169        0.113        0.580 
  o25_d.time   o25_d.rmse  o50_d.ptime   o50_d.time   o50_d.rmse o100_d.ptime 
       0.468        0.288        0.131        0.530        0.230        0.049 
 o100_d.time  o100_d.rmse o250_d.ptime  o250_d.time  o250_d.rmse o500_d.ptime 
       1.237        0.163        0.029        4.762        0.104        0.028 
 o500_d.time  o500_d.rmse  c25_i.ptime   c25_i.time   c25_i.rmse  c50_i.ptime 
      22.097        0.072        1.437        0.264        0.231        1.149 
  c50_i.time   c50_i.rmse c100_i.ptime  c100_i.time  c100_i.rmse c250_i.ptime 
       0.178        0.170        0.920        0.158        0.139        1.051 
 c250_i.time  c250_i.rmse c500_i.ptime  c500_i.time  c500_i.rmse  c25_d.ptime 
       0.155        0.114        2.162        0.176        0.075        2.060 
  c25_d.time   c25_d.rmse  c50_d.ptime   c50_d.time   c50_d.rmse c100_d.ptime 
       0.940        0.168        1.208        1.170        0.130        0.533 
 c100_d.time  c100_d.rmse c250_d.ptime  c250_d.time  c250_d.rmse c500_d.ptime 
       2.226        0.100        0.534        7.770        0.073        0.456 
 c500_d.time  c500_d.rmse    s25.ptime     s25.time     s25.rmse    s50.ptime 
      28.583        0.061        0.447        0.001        0.569        0.418 
    s50.time     s50.rmse   s100.ptime    s100.time    s100.rmse   s250.ptime 
       0.001        0.389        0.594        0.004        0.296        1.052 
   s250.time    s250.rmse   s500.ptime    s500.time    s500.rmse  s1000.ptime 
       0.008        0.173        1.563        0.015        0.123        2.910 
  s1000.time   s1000.rmse  s2500.ptime   s2500.time   s2500.rmse  s5000.ptime 
       0.033        0.079       19.481        0.081        0.051      136.204 
  s5000.time   s5000.rmse 
       0.156        0.042 
[1] 0.8063858
$full.time
[1] 0.075

$full.rmse
[1] 0.0402441

$full.time
[1] 0.075

$full.rmse
[1] 0.0402441

$l25.time
[1] 3.898

$l25.rmse
[1] 0.08640991

$l50.time
[1] 3.868

$l50.rmse
[1] 0.06912693

$l100.time
[1] 5.555

$l100.rmse
[1] 0.05598499

$l250.time
[1] 20.303

$l250.rmse
[1] 0.04707607

$l500.time
[1] 99.98

$l500.rmse
[1] 0.04325392

$o25_i.ptime
[1] 0.276

$o25_i.time
[1] 0.254

$o25_i.rmse
[1] 0.40266

$o50_i.ptime
[1] 0.204

$o50_i.time
[1] 0.189

$o50_i.rmse
[1] 0.336957

$o100_i.ptime
[1] 0.223

$o100_i.time
[1] 0.15

$o100_i.rmse
[1] 0.257479

$o250_i.ptime
[1] 0.619

$o250_i.time
[1] 0.168

$o250_i.rmse
[1] 0.1635822

$o500_i.ptime
[1] 1.685

$o500_i.time
[1] 0.525

$o500_i.rmse
[1] 0.1141035

$o25_d.ptime
[1] 0.637

$o25_d.time
[1] 0.506

$o25_d.rmse
[1] 0.2695465

$o50_d.ptime
[1] 0.147

$o50_d.time
[1] 0.658

$o50_d.rmse
[1] 0.2114167

$o100_d.ptime
[1] 0.061

$o100_d.time
[1] 1.298

$o100_d.rmse
[1] 0.1559124

$o250_d.ptime
[1] 0.029

$o250_d.time
[1] 6.099

$o250_d.rmse
[1] 0.1058562

$o500_d.ptime
[1] 0.032

$o500_d.time
[1] 25.496

$o500_d.rmse
[1] 0.072705

$c25_i.ptime
[1] 1.408

$c25_i.time
[1] 0.355

$c25_i.rmse
[1] 0.2214584

$c50_i.ptime
[1] 0.975

$c50_i.time
[1] 0.201

$c50_i.rmse
[1] 0.1775763

$c100_i.ptime
[1] 0.928

$c100_i.time
[1] 0.177

$c100_i.rmse
[1] 0.1326925

$c250_i.ptime
[1] 0.968

$c250_i.time
[1] 0.157

$c250_i.rmse
[1] 0.09811399

$c500_i.ptime
[1] 2.071

$c500_i.time
[1] 0.187

$c500_i.rmse
[1] 0.07750987

$c25_d.ptime
[1] 1.907

$c25_d.time
[1] 0.933

$c25_d.rmse
[1] 0.1672498

$c50_d.ptime
[1] 0.92

$c50_d.time
[1] 1.17

$c50_d.rmse
[1] 0.1237261

$c100_d.ptime
[1] 0.578

$c100_d.time
[1] 2.277

$c100_d.rmse
[1] 0.1077776

$c250_d.ptime
[1] 0.684

$c250_d.time
[1] 8.101

$c250_d.rmse
[1] 0.07789858

$c500_d.ptime
[1] 0.338

$c500_d.time
[1] 30.277

$c500_d.rmse
[1] 0.06256117

$s25.ptime
[1] 0.333

$s25.time
[1] 0.001

$s25.rmse
[1] 0.4622376

$s50.ptime
[1] 0.52

$s50.time
[1] 0.002

$s50.rmse
[1] 0.3745177

$s100.ptime
[1] 1.055

$s100.time
[1] 0.003

$s100.rmse
[1] 0.270541

$s250.ptime
[1] 1.441

$s250.time
[1] 0.008

$s250.rmse
[1] 0.1777618

$s500.ptime
[1] 1.696

$s500.time
[1] 0.017

$s500.rmse
[1] 0.1177336

$s1000.ptime
[1] 3.076

$s1000.time
[1] 0.035

$s1000.rmse
[1] 0.08226667

$s2500.ptime
[1] 20.548

$s2500.time
[1] 0.096

$s2500.rmse
[1] 0.0515176

$s5000.ptime
[1] 138.396

$s5000.time
[1] 0.167

$s5000.rmse
[1] 0.04347041

        seed            p    full.time    full.rmse     l25.time     l25.rmse 
    2566.000       10.000        0.075        0.040        3.898        0.086 
    l50.time     l50.rmse    l100.time    l100.rmse    l250.time    l250.rmse 
       3.868        0.069        5.555        0.056       20.303        0.047 
   l500.time    l500.rmse  o25_i.ptime   o25_i.time   o25_i.rmse  o50_i.ptime 
      99.980        0.043        0.276        0.254        0.403        0.204 
  o50_i.time   o50_i.rmse o100_i.ptime  o100_i.time  o100_i.rmse o250_i.ptime 
       0.189        0.337        0.223        0.150        0.257        0.619 
 o250_i.time  o250_i.rmse o500_i.ptime  o500_i.time  o500_i.rmse  o25_d.ptime 
       0.168        0.164        1.685        0.525        0.114        0.637 
  o25_d.time   o25_d.rmse  o50_d.ptime   o50_d.time   o50_d.rmse o100_d.ptime 
       0.506        0.270        0.147        0.658        0.211        0.061 
 o100_d.time  o100_d.rmse o250_d.ptime  o250_d.time  o250_d.rmse o500_d.ptime 
       1.298        0.156        0.029        6.099        0.106        0.032 
 o500_d.time  o500_d.rmse  c25_i.ptime   c25_i.time   c25_i.rmse  c50_i.ptime 
      25.496        0.073        1.408        0.355        0.221        0.975 
  c50_i.time   c50_i.rmse c100_i.ptime  c100_i.time  c100_i.rmse c250_i.ptime 
       0.201        0.178        0.928        0.177        0.133        0.968 
 c250_i.time  c250_i.rmse c500_i.ptime  c500_i.time  c500_i.rmse  c25_d.ptime 
       0.157        0.098        2.071        0.187        0.078        1.907 
  c25_d.time   c25_d.rmse  c50_d.ptime   c50_d.time   c50_d.rmse c100_d.ptime 
       0.933        0.167        0.920        1.170        0.124        0.578 
 c100_d.time  c100_d.rmse c250_d.ptime  c250_d.time  c250_d.rmse c500_d.ptime 
       2.277        0.108        0.684        8.101        0.078        0.338 
 c500_d.time  c500_d.rmse    s25.ptime     s25.time     s25.rmse    s50.ptime 
      30.277        0.063        0.333        0.001        0.462        0.520 
    s50.time     s50.rmse   s100.ptime    s100.time    s100.rmse   s250.ptime 
       0.002        0.375        1.055        0.003        0.271        1.441 
   s250.time    s250.rmse   s500.ptime    s500.time    s500.rmse  s1000.ptime 
       0.008        0.178        1.696        0.017        0.118        3.076 
  s1000.time   s1000.rmse  s2500.ptime   s2500.time   s2500.rmse  s5000.ptime 
       0.035        0.082       20.548        0.096        0.052      138.396 
  s5000.time   s5000.rmse 
       0.167        0.043 
[1] 0.9669902
$full.time
[1] 0.077

$full.rmse
[1] 0.03690514

$full.time
[1] 0.077

$full.rmse
[1] 0.03690514

$l25.time
[1] 4.016

$l25.rmse
[1] 0.09028641

$l50.time
[1] 4.207

$l50.rmse
[1] 0.0675045

$l100.time
[1] 5.677

$l100.rmse
[1] 0.05504726

$l250.time
[1] 20.356

$l250.rmse
[1] 0.04645738

$l500.time
[1] 99.446

$l500.rmse
[1] 0.04285343

$o25_i.ptime
[1] 0.267

$o25_i.time
[1] 0.254

$o25_i.rmse
[1] 0.4503537

$o50_i.ptime
[1] 0.182

$o50_i.time
[1] 0.185

$o50_i.rmse
[1] 0.3545669

$o100_i.ptime
[1] 0.218

$o100_i.time
[1] 0.163

$o100_i.rmse
[1] 0.2876408

$o250_i.ptime
[1] 0.63

$o250_i.time
[1] 0.137

$o250_i.rmse
[1] 0.1800048

$o500_i.ptime
[1] 1.68

$o500_i.time
[1] 0.15

$o500_i.rmse
[1] 0.1159683

$o25_d.ptime
[1] 0.872

$o25_d.time
[1] 0.463

$o25_d.rmse
[1] 0.3020384

$o50_d.ptime
[1] 0.133

$o50_d.time
[1] 0.528

$o50_d.rmse
[1] 0.2395161

$o100_d.ptime
[1] 0.066

$o100_d.time
[1] 1.164

$o100_d.rmse
[1] 0.1743153

$o250_d.ptime
[1] 0.028

$o250_d.time
[1] 4.52

$o250_d.rmse
[1] 0.1004791

$o500_d.ptime
[1] 0.04

$o500_d.time
[1] 22.605

$o500_d.rmse
[1] 0.07322805

$c25_i.ptime
[1] 1.523

$c25_i.time
[1] 0.312

$c25_i.rmse
[1] 0.2343198

$c50_i.ptime
[1] 0.882

$c50_i.time
[1] 0.212

$c50_i.rmse
[1] 0.1805087

$c100_i.ptime
[1] 0.804

$c100_i.time
[1] 0.171

$c100_i.rmse
[1] 0.1335662

$c250_i.ptime
[1] 0.908

$c250_i.time
[1] 0.173

$c250_i.rmse
[1] 0.09949894

$c500_i.ptime
[1] 2.001

$c500_i.time
[1] 0.176

$c500_i.rmse
[1] 0.07631273

$c25_d.ptime
[1] 2.068

$c25_d.time
[1] 1.163

$c25_d.rmse
[1] 0.1747491

$c50_d.ptime
[1] 0.943

$c50_d.time
[1] 1.081

$c50_d.rmse
[1] 0.1292401

$c100_d.ptime
[1] 0.641

$c100_d.time
[1] 2.091

$c100_d.rmse
[1] 0.09639212

$c250_d.ptime
[1] 0.474

$c250_d.time
[1] 7.694

$c250_d.rmse
[1] 0.078609

$c500_d.ptime
[1] 0.598

$c500_d.time
[1] 28.274

$c500_d.rmse
[1] 0.06364507

$s25.ptime
[1] 0.651

$s25.time
[1] 0.001

$s25.rmse
[1] 0.5042195

$s50.ptime
[1] 0.59

$s50.time
[1] 0.001

$s50.rmse
[1] 0.4118048

$s100.ptime
[1] 0.595

$s100.time
[1] 0.003

$s100.rmse
[1] 0.3118197

$s250.ptime
[1] 0.927

$s250.time
[1] 0.007

$s250.rmse
[1] 0.194091

$s500.ptime
[1] 1.807

$s500.time
[1] 0.016

$s500.rmse
[1] 0.1206678

$s1000.ptime
[1] 3.096

$s1000.time
[1] 0.033

$s1000.rmse
[1] 0.08275205

$s2500.ptime
[1] 18.091

$s2500.time
[1] 0.074

$s2500.rmse
[1] 0.0512076

$s5000.ptime
[1] 122.349

$s5000.time
[1] 0.158

$s5000.rmse
[1] 0.04215696

        seed            p    full.time    full.rmse     l25.time     l25.rmse 
    2567.000       10.000        0.077        0.037        4.016        0.090 
    l50.time     l50.rmse    l100.time    l100.rmse    l250.time    l250.rmse 
       4.207        0.068        5.677        0.055       20.356        0.046 
   l500.time    l500.rmse  o25_i.ptime   o25_i.time   o25_i.rmse  o50_i.ptime 
      99.446        0.043        0.267        0.254        0.450        0.182 
  o50_i.time   o50_i.rmse o100_i.ptime  o100_i.time  o100_i.rmse o250_i.ptime 
       0.185        0.355        0.218        0.163        0.288        0.630 
 o250_i.time  o250_i.rmse o500_i.ptime  o500_i.time  o500_i.rmse  o25_d.ptime 
       0.137        0.180        1.680        0.150        0.116        0.872 
  o25_d.time   o25_d.rmse  o50_d.ptime   o50_d.time   o50_d.rmse o100_d.ptime 
       0.463        0.302        0.133        0.528        0.240        0.066 
 o100_d.time  o100_d.rmse o250_d.ptime  o250_d.time  o250_d.rmse o500_d.ptime 
       1.164        0.174        0.028        4.520        0.100        0.040 
 o500_d.time  o500_d.rmse  c25_i.ptime   c25_i.time   c25_i.rmse  c50_i.ptime 
      22.605        0.073        1.523        0.312        0.234        0.882 
  c50_i.time   c50_i.rmse c100_i.ptime  c100_i.time  c100_i.rmse c250_i.ptime 
       0.212        0.181        0.804        0.171        0.134        0.908 
 c250_i.time  c250_i.rmse c500_i.ptime  c500_i.time  c500_i.rmse  c25_d.ptime 
       0.173        0.099        2.001        0.176        0.076        2.068 
  c25_d.time   c25_d.rmse  c50_d.ptime   c50_d.time   c50_d.rmse c100_d.ptime 
       1.163        0.175        0.943        1.081        0.129        0.641 
 c100_d.time  c100_d.rmse c250_d.ptime  c250_d.time  c250_d.rmse c500_d.ptime 
       2.091        0.096        0.474        7.694        0.079        0.598 
 c500_d.time  c500_d.rmse    s25.ptime     s25.time     s25.rmse    s50.ptime 
      28.274        0.064        0.651        0.001        0.504        0.590 
    s50.time     s50.rmse   s100.ptime    s100.time    s100.rmse   s250.ptime 
       0.001        0.412        0.595        0.003        0.312        0.927 
   s250.time    s250.rmse   s500.ptime    s500.time    s500.rmse  s1000.ptime 
       0.007        0.194        1.807        0.016        0.121        3.096 
  s1000.time   s1000.rmse  s2500.ptime   s2500.time   s2500.rmse  s5000.ptime 
       0.033        0.083       18.091        0.074        0.051      122.349 
  s5000.time   s5000.rmse 
       0.158        0.042 
[1] 0.9072935
$full.time
[1] 0.077

$full.rmse
[1] 0.03777208

$full.time
[1] 0.077

$full.rmse
[1] 0.03777208

$l25.time
[1] 3.663

$l25.rmse
[1] 0.09949012

$l50.time
[1] 3.876

$l50.rmse
[1] 0.07052594

$l100.time
[1] 5.264

$l100.rmse
[1] 0.05336192

$l250.time
[1] 19.373

$l250.rmse
[1] 0.04535486

$l500.time
[1] 96.497

$l500.rmse
[1] 0.04220049

$o25_i.ptime
[1] 0.248

$o25_i.time
[1] 0.251

$o25_i.rmse
[1] 0.4092019

$o50_i.ptime
[1] 0.182

$o50_i.time
[1] 0.179

$o50_i.rmse
[1] 0.3429563

$o100_i.ptime
[1] 0.221

$o100_i.time
[1] 0.151

$o100_i.rmse
[1] 0.2720311

$o250_i.ptime
[1] 0.609

$o250_i.time
[1] 0.141

$o250_i.rmse
[1] 0.1664098

$o500_i.ptime
[1] 1.66

$o500_i.time
[1] 0.4

$o500_i.rmse
[1] 0.117522

$o25_d.ptime
[1] 0.589

$o25_d.time
[1] 0.458

$o25_d.rmse
[1] 0.2947652

$o50_d.ptime
[1] 0.137

$o50_d.time
[1] 0.575

$o50_d.rmse
[1] 0.2141767

$o100_d.ptime
[1] 0.057

$o100_d.time
[1] 1.183

$o100_d.rmse
[1] 0.1633459

$o250_d.ptime
[1] 0.028

$o250_d.time
[1] 4.82

$o250_d.rmse
[1] 0.09337639

$o500_d.ptime
[1] 0.026

$o500_d.time
[1] 21.913

$o500_d.rmse
[1] 0.07142391

$c25_i.ptime
[1] 1.458

$c25_i.time
[1] 0.286

$c25_i.rmse
[1] 0.23537

$c50_i.ptime
[1] 0.966

$c50_i.time
[1] 0.213

$c50_i.rmse
[1] 0.1713696

$c100_i.ptime
[1] 1.088

$c100_i.time
[1] 0.18

$c100_i.rmse
[1] 0.1295243

$c250_i.ptime
[1] 1.039

$c250_i.time
[1] 0.158

$c250_i.rmse
[1] 0.09704958

$c500_i.ptime
[1] 1.92

$c500_i.time
[1] 0.171

$c500_i.rmse
[1] 0.07768852

$c25_d.ptime
[1] 1.981

$c25_d.time
[1] 0.954

$c25_d.rmse
[1] 0.1745798

$c50_d.ptime
[1] 1.004

$c50_d.time
[1] 1.125

$c50_d.rmse
[1] 0.1324514

$c100_d.ptime
[1] 0.618

$c100_d.time
[1] 2.109

$c100_d.rmse
[1] 0.1011809

$c250_d.ptime
[1] 0.406

$c250_d.time
[1] 7.498

$c250_d.rmse
[1] 0.07641323

$c500_d.ptime
[1] 0.457

$c500_d.time
[1] 27.771

$c500_d.rmse
[1] 0.05944064

$s25.ptime
[1] 0.258

$s25.time
[1] 0.001

$s25.rmse
[1] 0.5882597

$s50.ptime
[1] 0.535

$s50.time
[1] 0.001

$s50.rmse
[1] 0.4347266

$s100.ptime
[1] 0.482

$s100.time
[1] 0.003

$s100.rmse
[1] 0.3442781

$s250.ptime
[1] 1.191

$s250.time
[1] 0.007

$s250.rmse
[1] 0.1927545

$s500.ptime
[1] 1.633

$s500.time
[1] 0.014

$s500.rmse
[1] 0.1224183

$s1000.ptime
[1] 2.959

$s1000.time
[1] 0.03

$s1000.rmse
[1] 0.07783606

$s2500.ptime
[1] 18.868

$s2500.time
[1] 0.072

$s2500.rmse
[1] 0.0485249

$s5000.ptime
[1] 126.285

$s5000.time
[1] 0.161

$s5000.rmse
[1] 0.04194382

        seed            p    full.time    full.rmse     l25.time     l25.rmse 
    2568.000       10.000        0.077        0.038        3.663        0.099 
    l50.time     l50.rmse    l100.time    l100.rmse    l250.time    l250.rmse 
       3.876        0.071        5.264        0.053       19.373        0.045 
   l500.time    l500.rmse  o25_i.ptime   o25_i.time   o25_i.rmse  o50_i.ptime 
      96.497        0.042        0.248        0.251        0.409        0.182 
  o50_i.time   o50_i.rmse o100_i.ptime  o100_i.time  o100_i.rmse o250_i.ptime 
       0.179        0.343        0.221        0.151        0.272        0.609 
 o250_i.time  o250_i.rmse o500_i.ptime  o500_i.time  o500_i.rmse  o25_d.ptime 
       0.141        0.166        1.660        0.400        0.118        0.589 
  o25_d.time   o25_d.rmse  o50_d.ptime   o50_d.time   o50_d.rmse o100_d.ptime 
       0.458        0.295        0.137        0.575        0.214        0.057 
 o100_d.time  o100_d.rmse o250_d.ptime  o250_d.time  o250_d.rmse o500_d.ptime 
       1.183        0.163        0.028        4.820        0.093        0.026 
 o500_d.time  o500_d.rmse  c25_i.ptime   c25_i.time   c25_i.rmse  c50_i.ptime 
      21.913        0.071        1.458        0.286        0.235        0.966 
  c50_i.time   c50_i.rmse c100_i.ptime  c100_i.time  c100_i.rmse c250_i.ptime 
       0.213        0.171        1.088        0.180        0.130        1.039 
 c250_i.time  c250_i.rmse c500_i.ptime  c500_i.time  c500_i.rmse  c25_d.ptime 
       0.158        0.097        1.920        0.171        0.078        1.981 
  c25_d.time   c25_d.rmse  c50_d.ptime   c50_d.time   c50_d.rmse c100_d.ptime 
       0.954        0.175        1.004        1.125        0.132        0.618 
 c100_d.time  c100_d.rmse c250_d.ptime  c250_d.time  c250_d.rmse c500_d.ptime 
       2.109        0.101        0.406        7.498        0.076        0.457 
 c500_d.time  c500_d.rmse    s25.ptime     s25.time     s25.rmse    s50.ptime 
      27.771        0.059        0.258        0.001        0.588        0.535 
    s50.time     s50.rmse   s100.ptime    s100.time    s100.rmse   s250.ptime 
       0.001        0.435        0.482        0.003        0.344        1.191 
   s250.time    s250.rmse   s500.ptime    s500.time    s500.rmse  s1000.ptime 
       0.007        0.193        1.633        0.014        0.122        2.959 
  s1000.time   s1000.rmse  s2500.ptime   s2500.time   s2500.rmse  s5000.ptime 
       0.030        0.078       18.868        0.072        0.049      126.285 
  s5000.time   s5000.rmse 
       0.161        0.042 
  seed  p full.time  full.rmse l25.time   l25.rmse l50.time   l50.rmse
1 2564 10     0.075 0.03718574    3.886 0.09289802    4.114 0.07055031
2 2565 10     0.095 0.03763335    4.150 0.09539014    4.580 0.07043463
3 2566 10     0.075 0.04024410    3.898 0.08640991    3.868 0.06912693
4 2567 10     0.077 0.03690514    4.016 0.09028641    4.207 0.06750450
5 2568 10     0.077 0.03777208    3.663 0.09949012    3.876 0.07052594
  l100.time  l100.rmse l250.time  l250.rmse l500.time  l500.rmse o25_i.ptime
1     5.619 0.05606748    21.328 0.04629315   100.783 0.04285378       0.266
2     6.310 0.05395794    21.851 0.04428182    97.840 0.04182278       0.264
3     5.555 0.05598499    20.303 0.04707607    99.980 0.04325392       0.276
4     5.677 0.05504726    20.356 0.04645738    99.446 0.04285343       0.267
5     5.264 0.05336192    19.373 0.04535486    96.497 0.04220049       0.248
  o25_i.time o25_i.rmse o50_i.ptime o50_i.time o50_i.rmse o100_i.ptime
1      0.260  0.4469967       0.547      0.175  0.3776822        0.229
2      0.249  0.4304721       0.211      0.185  0.3389089        0.230
3      0.254  0.4026600       0.204      0.189  0.3369570        0.223
4      0.254  0.4503537       0.182      0.185  0.3545669        0.218
5      0.251  0.4092019       0.182      0.179  0.3429563        0.221
  o100_i.time o100_i.rmse o250_i.ptime o250_i.time o250_i.rmse o500_i.ptime
1       0.140   0.2733594        0.643       0.146   0.1697552        1.789
2       0.151   0.2885397        0.632       0.609   0.1687718        1.694
3       0.150   0.2574790        0.619       0.168   0.1635822        1.685
4       0.163   0.2876408        0.630       0.137   0.1800048        1.680
5       0.151   0.2720311        0.609       0.141   0.1664098        1.660
  o500_i.time o500_i.rmse o25_d.ptime o25_d.time o25_d.rmse o50_d.ptime
1       0.169   0.1112157       0.614      0.506  0.3101128       0.139
2       0.169   0.1125840       0.580      0.468  0.2881117       0.131
3       0.525   0.1141035       0.637      0.506  0.2695465       0.147
4       0.150   0.1159683       0.872      0.463  0.3020384       0.133
5       0.400   0.1175220       0.589      0.458  0.2947652       0.137
  o50_d.time o50_d.rmse o100_d.ptime o100_d.time o100_d.rmse o250_d.ptime
1      0.606  0.2461636        0.054       1.296   0.1704619        0.031
2      0.530  0.2301743        0.049       1.237   0.1630781        0.029
3      0.658  0.2114167        0.061       1.298   0.1559124        0.029
4      0.528  0.2395161        0.066       1.164   0.1743153        0.028
5      0.575  0.2141767        0.057       1.183   0.1633459        0.028
  o250_d.time o250_d.rmse o500_d.ptime o500_d.time o500_d.rmse c25_i.ptime
1       6.107  0.09862139        0.028      25.717  0.06398156       1.560
2       4.762  0.10418923        0.028      22.097  0.07170081       1.437
3       6.099  0.10585623        0.032      25.496  0.07270500       1.408
4       4.520  0.10047907        0.040      22.605  0.07322805       1.523
5       4.820  0.09337639        0.026      21.913  0.07142391       1.458
  c25_i.time c25_i.rmse c50_i.ptime c50_i.time c50_i.rmse c100_i.ptime
1      0.274  0.2446624       1.202      0.201  0.1715210        0.732
2      0.264  0.2308433       1.149      0.178  0.1702413        0.920
3      0.355  0.2214584       0.975      0.201  0.1775763        0.928
4      0.312  0.2343198       0.882      0.212  0.1805087        0.804
5      0.286  0.2353700       0.966      0.213  0.1713696        1.088
  c100_i.time c100_i.rmse c250_i.ptime c250_i.time c250_i.rmse c500_i.ptime
1       0.176   0.1345972        0.968       0.160  0.09873963        2.192
2       0.158   0.1385766        1.051       0.155  0.11372378        2.162
3       0.177   0.1326925        0.968       0.157  0.09811399        2.071
4       0.171   0.1335662        0.908       0.173  0.09949894        2.001
5       0.180   0.1295243        1.039       0.158  0.09704958        1.920
  c500_i.time c500_i.rmse c25_d.ptime c25_d.time c25_d.rmse c50_d.ptime
1       0.169  0.07787711       2.095      0.971  0.1681379       1.165
2       0.176  0.07470188       2.060      0.940  0.1683943       1.208
3       0.187  0.07750987       1.907      0.933  0.1672498       0.920
4       0.176  0.07631273       2.068      1.163  0.1747491       0.943
5       0.171  0.07768852       1.981      0.954  0.1745798       1.004
  c50_d.time c50_d.rmse c100_d.ptime c100_d.time c100_d.rmse c250_d.ptime
1      1.186  0.1307025        0.784       2.221  0.10913098        0.454
2      1.170  0.1301123        0.533       2.226  0.09982106        0.534
3      1.170  0.1237261        0.578       2.277  0.10777759        0.684
4      1.081  0.1292401        0.641       2.091  0.09639212        0.474
5      1.125  0.1324514        0.618       2.109  0.10118089        0.406
  c250_d.time c250_d.rmse c500_d.ptime c500_d.time c500_d.rmse s25.ptime
1       8.168  0.07460172        0.496      29.237  0.05928500     0.591
2       7.770  0.07314654        0.456      28.583  0.06079142     0.447
3       8.101  0.07789858        0.338      30.277  0.06256117     0.333
4       7.694  0.07860900        0.598      28.274  0.06364507     0.651
5       7.498  0.07641323        0.457      27.771  0.05944064     0.258
  s25.time  s25.rmse s50.ptime s50.time  s50.rmse s100.ptime s100.time
1    0.001 0.5342016     0.486    0.002 0.4579531      0.852     0.004
2    0.001 0.5694206     0.418    0.001 0.3889739      0.594     0.004
3    0.001 0.4622376     0.520    0.002 0.3745177      1.055     0.003
4    0.001 0.5042195     0.590    0.001 0.4118048      0.595     0.003
5    0.001 0.5882597     0.535    0.001 0.4347266      0.482     0.003
  s100.rmse s250.ptime s250.time s250.rmse s500.ptime s500.time s500.rmse
1 0.3280162      1.064     0.008 0.1855662      1.791     0.016 0.1230476
2 0.2962776      1.052     0.008 0.1732154      1.563     0.015 0.1230255
3 0.2705410      1.441     0.008 0.1777618      1.696     0.017 0.1177336
4 0.3118197      0.927     0.007 0.1940910      1.807     0.016 0.1206678
5 0.3442781      1.191     0.007 0.1927545      1.633     0.014 0.1224183
  s1000.ptime s1000.time s1000.rmse s2500.ptime s2500.time s2500.rmse
1       3.214      0.033 0.07534247      19.535      0.079 0.05164637
2       2.910      0.033 0.07867872      19.481      0.081 0.05064213
3       3.076      0.035 0.08226667      20.548      0.096 0.05151760
4       3.096      0.033 0.08275205      18.091      0.074 0.05120760
5       2.959      0.030 0.07783606      18.868      0.072 0.04852490
  s5000.ptime s5000.time s5000.rmse
1     156.377      0.183 0.04066537
2     136.204      0.156 0.04202525
3     138.396      0.167 0.04347041
4     122.349      0.158 0.04215696
5     126.285      0.161 0.04194382
> 
> proc.time()
    user   system  elapsed 
3358.914   51.508 3473.938 
