
R version 3.0.3 (2014-03-06) -- "Warm Puppy"
Copyright (C) 2014 The R Foundation for Statistical Computing
Platform: x86_64-unknown-linux-gnu (64-bit)

R is free software and comes with ABSOLUTELY NO WARRANTY.
You are welcome to redistribute it under certain conditions.
Type 'license()' or 'licence()' for distribution details.

  Natural language support but running in an English locale

R is a collaborative project with many contributors.
Type 'contributors()' for more information and
'citation()' on how to cite R or R packages in publications.

Type 'demo()' for some demos, 'help()' for on-line help, or
'help.start()' for an HTML browser interface to help.
Type 'q()' to quit R.

> print(.libPaths())
[1] "/usr/local/r-3.0.3/lib64/R/library"
> .libPaths("/mnt/home/rjparker/Rlib")
> print(.libPaths())
[1] "/mnt/home/rjparker/Rlib"            "/usr/local/r-3.0.3/lib64/R/library"
> setwd("/mnt/home/rjparker/git/block_int")
> 
> which_exp <- 6
> which_part <- 1
> source("R/sim_nblocks_pred.R")
Loading required package: spam
Loading required package: grid
Spam version 0.41-0 (2014-02-26) is loaded.
Type 'help( Spam)' or 'demo( spam)' for a short introduction 
and overview of this package.
Help for individual functions is also obtained by adding the
suffix '.spam' to the function name, e.g. 'help( chol.spam)'.

Attaching package: ‘spam’

The following objects are masked from ‘package:base’:

    backsolve, forwardsolve

Loading required package: maps
  pred  p b tau Nper_p Npred Fzero sigma2
6 TRUE 10 4  10  10000  1000     0      1
[1] 0.89602
$full.time
[1] 0.079

$full.rmse
[1] 0.03806461

$full.time
[1] 0.079

$full.rmse
[1] 0.03806461

$l25.time
[1] 3.171

$l25.rmse
[1] 0.09423772

$l50.time
[1] 3.339

$l50.rmse
[1] 0.07222211

$l100.time
[1] 4.575

$l100.rmse
[1] 0.05608857

$l250.time
[1] 17.506

$l250.rmse
[1] 0.04664249

$l500.time
[1] 80.974

$l500.rmse
[1] 0.0425804

$o25_i.ptime
[1] 0.211

$o25_i.time
[1] 0.219

$o25_i.rmse
[1] 0.449168

$o50_i.ptime
[1] 0.407

$o50_i.time
[1] 0.134

$o50_i.rmse
[1] 0.3622802

$o100_i.ptime
[1] 0.187

$o100_i.time
[1] 0.11

$o100_i.rmse
[1] 0.267689

$o250_i.ptime
[1] 0.53

$o250_i.time
[1] 0.113

$o250_i.rmse
[1] 0.1611315

$o500_i.ptime
[1] 1.391

$o500_i.time
[1] 0.129

$o500_i.rmse
[1] 0.113336

$o25_d.ptime
[1] 0.545

$o25_d.time
[1] 0.367

$o25_d.rmse
[1] 0.2982674

$o50_d.ptime
[1] 0.129

$o50_d.time
[1] 0.491

$o50_d.rmse
[1] 0.204375

$o100_d.ptime
[1] 0.047

$o100_d.time
[1] 1.043

$o100_d.rmse
[1] 0.1567629

$o250_d.ptime
[1] 0.025

$o250_d.time
[1] 4.193

$o250_d.rmse
[1] 0.09886997

$o500_d.ptime
[1] 0.069

$o500_d.time
[1] 20.081

$o500_d.rmse
[1] 0.07164818

$c25_i.ptime
[1] 1.509

$c25_i.time
[1] 0.233

$c25_i.rmse
[1] 0.2478221

$c50_i.ptime
[1] 0.88

$c50_i.time
[1] 0.155

$c50_i.rmse
[1] 0.1801005

$c100_i.ptime
[1] 0.969

$c100_i.time
[1] 0.145

$c100_i.rmse
[1] 0.1276322

$c250_i.ptime
[1] 0.963

$c250_i.time
[1] 0.119

$c250_i.rmse
[1] 0.1031757

$c500_i.ptime
[1] 1.768

$c500_i.time
[1] 0.152

$c500_i.rmse
[1] 0.07615085

$c25_d.ptime
[1] 1.836

$c25_d.time
[1] 0.78

$c25_d.rmse
[1] 0.1777193

$c50_d.ptime
[1] 0.816

$c50_d.time
[1] 1.02

$c50_d.rmse
[1] 0.1348541

$c100_d.ptime
[1] 0.72

$c100_d.time
[1] 2.051

$c100_d.rmse
[1] 0.09977415

$c250_d.ptime
[1] 0.513

$c250_d.time
[1] 6.979

$c250_d.rmse
[1] 0.07699983

$c500_d.ptime
[1] 0.423

$c500_d.time
[1] 25.199

$c500_d.rmse
[1] 0.06333506

$s25.ptime
[1] 0.36

$s25.time
[1] 0.001

$s25.rmse
[1] 0.5597649

$s50.ptime
[1] 0.392

$s50.time
[1] 0.001

$s50.rmse
[1] 0.3939509

$s100.ptime
[1] 0.56

$s100.time
[1] 0.002

$s100.rmse
[1] 0.3039036

$s250.ptime
[1] 1.087

$s250.time
[1] 0.007

$s250.rmse
[1] 0.1915655

$s500.ptime
[1] 1.401

$s500.time
[1] 0.015

$s500.rmse
[1] 0.1165202

$s1000.ptime
[1] 2.817

$s1000.time
[1] 0.029

$s1000.rmse
[1] 0.07650086

$s2500.ptime
[1] 18.913

$s2500.time
[1] 0.074

$s2500.rmse
[1] 0.0524676

$s5000.ptime
[1] 129.392

$s5000.time
[1] 0.156

$s5000.rmse
[1] 0.04276675

        seed            p    full.time    full.rmse     l25.time     l25.rmse 
    2484.000       10.000        0.079        0.038        3.171        0.094 
    l50.time     l50.rmse    l100.time    l100.rmse    l250.time    l250.rmse 
       3.339        0.072        4.575        0.056       17.506        0.047 
   l500.time    l500.rmse  o25_i.ptime   o25_i.time   o25_i.rmse  o50_i.ptime 
      80.974        0.043        0.211        0.219        0.449        0.407 
  o50_i.time   o50_i.rmse o100_i.ptime  o100_i.time  o100_i.rmse o250_i.ptime 
       0.134        0.362        0.187        0.110        0.268        0.530 
 o250_i.time  o250_i.rmse o500_i.ptime  o500_i.time  o500_i.rmse  o25_d.ptime 
       0.113        0.161        1.391        0.129        0.113        0.545 
  o25_d.time   o25_d.rmse  o50_d.ptime   o50_d.time   o50_d.rmse o100_d.ptime 
       0.367        0.298        0.129        0.491        0.204        0.047 
 o100_d.time  o100_d.rmse o250_d.ptime  o250_d.time  o250_d.rmse o500_d.ptime 
       1.043        0.157        0.025        4.193        0.099        0.069 
 o500_d.time  o500_d.rmse  c25_i.ptime   c25_i.time   c25_i.rmse  c50_i.ptime 
      20.081        0.072        1.509        0.233        0.248        0.880 
  c50_i.time   c50_i.rmse c100_i.ptime  c100_i.time  c100_i.rmse c250_i.ptime 
       0.155        0.180        0.969        0.145        0.128        0.963 
 c250_i.time  c250_i.rmse c500_i.ptime  c500_i.time  c500_i.rmse  c25_d.ptime 
       0.119        0.103        1.768        0.152        0.076        1.836 
  c25_d.time   c25_d.rmse  c50_d.ptime   c50_d.time   c50_d.rmse c100_d.ptime 
       0.780        0.178        0.816        1.020        0.135        0.720 
 c100_d.time  c100_d.rmse c250_d.ptime  c250_d.time  c250_d.rmse c500_d.ptime 
       2.051        0.100        0.513        6.979        0.077        0.423 
 c500_d.time  c500_d.rmse    s25.ptime     s25.time     s25.rmse    s50.ptime 
      25.199        0.063        0.360        0.001        0.560        0.392 
    s50.time     s50.rmse   s100.ptime    s100.time    s100.rmse   s250.ptime 
       0.001        0.394        0.560        0.002        0.304        1.087 
   s250.time    s250.rmse   s500.ptime    s500.time    s500.rmse  s1000.ptime 
       0.007        0.192        1.401        0.015        0.117        2.817 
  s1000.time   s1000.rmse  s2500.ptime   s2500.time   s2500.rmse  s5000.ptime 
       0.029        0.077       18.913        0.074        0.052      129.392 
  s5000.time   s5000.rmse 
       0.156        0.043 
[1] 0.9013462
$full.time
[1] 0.079

$full.rmse
[1] 0.03923764

$full.time
[1] 0.079

$full.rmse
[1] 0.03923764

$l25.time
[1] 3.096

$l25.rmse
[1] 0.09290737

$l50.time
[1] 3.321

$l50.rmse
[1] 0.07157894

$l100.time
[1] 4.63

$l100.rmse
[1] 0.05672938

$l250.time
[1] 17.685

$l250.rmse
[1] 0.04684745

$l500.time
[1] 84.351

$l500.rmse
[1] 0.04391342

$o25_i.ptime
[1] 0.244

$o25_i.time
[1] 0.227

$o25_i.rmse
[1] 0.3895928

$o50_i.ptime
[1] 0.161

$o50_i.time
[1] 0.187

$o50_i.rmse
[1] 0.3365808

$o100_i.ptime
[1] 0.21

$o100_i.time
[1] 0.142

$o100_i.rmse
[1] 0.2636267

$o250_i.ptime
[1] 0.561

$o250_i.time
[1] 0.491

$o250_i.rmse
[1] 0.1486667

$o500_i.ptime
[1] 1.486

$o500_i.time
[1] 0.125

$o500_i.rmse
[1] 0.11855

$o25_d.ptime
[1] 0.589

$o25_d.time
[1] 0.432

$o25_d.rmse
[1] 0.2680551

$o50_d.ptime
[1] 0.129

$o50_d.time
[1] 0.507

$o50_d.rmse
[1] 0.2086763

$o100_d.ptime
[1] 0.049

$o100_d.time
[1] 1.071

$o100_d.rmse
[1] 0.1592873

$o250_d.ptime
[1] 0.027

$o250_d.time
[1] 5.116

$o250_d.rmse
[1] 0.1009974

$o500_d.ptime
[1] 0.069

$o500_d.time
[1] 21.804

$o500_d.rmse
[1] 0.0670235

$c25_i.ptime
[1] 1.602

$c25_i.time
[1] 0.248

$c25_i.rmse
[1] 0.2233404

$c50_i.ptime
[1] 1.046

$c50_i.time
[1] 0.168

$c50_i.rmse
[1] 0.1830063

$c100_i.ptime
[1] 0.659

$c100_i.time
[1] 0.132

$c100_i.rmse
[1] 0.1367566

$c250_i.ptime
[1] 0.926

$c250_i.time
[1] 0.135

$c250_i.rmse
[1] 0.09511929

$c500_i.ptime
[1] 1.716

$c500_i.time
[1] 0.143

$c500_i.rmse
[1] 0.07552433

$c25_d.ptime
[1] 1.996

$c25_d.time
[1] 0.804

$c25_d.rmse
[1] 0.1770524

$c50_d.ptime
[1] 1.247

$c50_d.time
[1] 1.016

$c50_d.rmse
[1] 0.1292128

$c100_d.ptime
[1] 0.593

$c100_d.time
[1] 2.051

$c100_d.rmse
[1] 0.106854

$c250_d.ptime
[1] 0.51

$c250_d.time
[1] 6.938

$c250_d.rmse
[1] 0.07386915

$c500_d.ptime
[1] 0.488

$c500_d.time
[1] 24.413

$c500_d.rmse
[1] 0.06849446

$s25.ptime
[1] 0.445

$s25.time
[1] 0.001

$s25.rmse
[1] 0.4533431

$s50.ptime
[1] 0.565

$s50.time
[1] 0.002

$s50.rmse
[1] 0.3862152

$s100.ptime
[1] 0.677

$s100.time
[1] 0.003

$s100.rmse
[1] 0.2577421

$s250.ptime
[1] 1.374

$s250.time
[1] 0.008

$s250.rmse
[1] 0.1802266

$s500.ptime
[1] 1.575

$s500.time
[1] 0.017

$s500.rmse
[1] 0.1204735

$s1000.ptime
[1] 2.865

$s1000.time
[1] 0.032

$s1000.rmse
[1] 0.07938965

$s2500.ptime
[1] 19.064

$s2500.time
[1] 0.085

$s2500.rmse
[1] 0.05601433

$s5000.ptime
[1] 125.551

$s5000.time
[1] 0.156

$s5000.rmse
[1] 0.0435974

        seed            p    full.time    full.rmse     l25.time     l25.rmse 
    2485.000       10.000        0.079        0.039        3.096        0.093 
    l50.time     l50.rmse    l100.time    l100.rmse    l250.time    l250.rmse 
       3.321        0.072        4.630        0.057       17.685        0.047 
   l500.time    l500.rmse  o25_i.ptime   o25_i.time   o25_i.rmse  o50_i.ptime 
      84.351        0.044        0.244        0.227        0.390        0.161 
  o50_i.time   o50_i.rmse o100_i.ptime  o100_i.time  o100_i.rmse o250_i.ptime 
       0.187        0.337        0.210        0.142        0.264        0.561 
 o250_i.time  o250_i.rmse o500_i.ptime  o500_i.time  o500_i.rmse  o25_d.ptime 
       0.491        0.149        1.486        0.125        0.119        0.589 
  o25_d.time   o25_d.rmse  o50_d.ptime   o50_d.time   o50_d.rmse o100_d.ptime 
       0.432        0.268        0.129        0.507        0.209        0.049 
 o100_d.time  o100_d.rmse o250_d.ptime  o250_d.time  o250_d.rmse o500_d.ptime 
       1.071        0.159        0.027        5.116        0.101        0.069 
 o500_d.time  o500_d.rmse  c25_i.ptime   c25_i.time   c25_i.rmse  c50_i.ptime 
      21.804        0.067        1.602        0.248        0.223        1.046 
  c50_i.time   c50_i.rmse c100_i.ptime  c100_i.time  c100_i.rmse c250_i.ptime 
       0.168        0.183        0.659        0.132        0.137        0.926 
 c250_i.time  c250_i.rmse c500_i.ptime  c500_i.time  c500_i.rmse  c25_d.ptime 
       0.135        0.095        1.716        0.143        0.076        1.996 
  c25_d.time   c25_d.rmse  c50_d.ptime   c50_d.time   c50_d.rmse c100_d.ptime 
       0.804        0.177        1.247        1.016        0.129        0.593 
 c100_d.time  c100_d.rmse c250_d.ptime  c250_d.time  c250_d.rmse c500_d.ptime 
       2.051        0.107        0.510        6.938        0.074        0.488 
 c500_d.time  c500_d.rmse    s25.ptime     s25.time     s25.rmse    s50.ptime 
      24.413        0.068        0.445        0.001        0.453        0.565 
    s50.time     s50.rmse   s100.ptime    s100.time    s100.rmse   s250.ptime 
       0.002        0.386        0.677        0.003        0.258        1.374 
   s250.time    s250.rmse   s500.ptime    s500.time    s500.rmse  s1000.ptime 
       0.008        0.180        1.575        0.017        0.120        2.865 
  s1000.time   s1000.rmse  s2500.ptime   s2500.time   s2500.rmse  s5000.ptime 
       0.032        0.079       19.064        0.085        0.056      125.551 
  s5000.time   s5000.rmse 
       0.156        0.044 
[1] 0.7824364
$full.time
[1] 0.082

$full.rmse
[1] 0.03777879

$full.time
[1] 0.082

$full.rmse
[1] 0.03777879

$l25.time
[1] 3.364

$l25.rmse
[1] 0.09049395

$l50.time
[1] 3.55

$l50.rmse
[1] 0.07002013

$l100.time
[1] 5.031

$l100.rmse
[1] 0.05696998

$l250.time
[1] 19

$l250.rmse
[1] 0.04675108

$l500.time
[1] 87.793

$l500.rmse
[1] 0.04335904

$o25_i.ptime
[1] 0.241

$o25_i.time
[1] 0.252

$o25_i.rmse
[1] 0.4647687

$o50_i.ptime
[1] 0.165

$o50_i.time
[1] 0.158

$o50_i.rmse
[1] 0.3972073

$o100_i.ptime
[1] 0.214

$o100_i.time
[1] 0.145

$o100_i.rmse
[1] 0.2941423

$o250_i.ptime
[1] 0.598

$o250_i.time
[1] 0.139

$o250_i.rmse
[1] 0.1724219

$o500_i.ptime
[1] 1.497

$o500_i.time
[1] 0.42

$o500_i.rmse
[1] 0.1279357

$o25_d.ptime
[1] 0.607

$o25_d.time
[1] 0.466

$o25_d.rmse
[1] 0.3399859

$o50_d.ptime
[1] 0.129

$o50_d.time
[1] 0.52

$o50_d.rmse
[1] 0.2479399

$o100_d.ptime
[1] 0.048

$o100_d.time
[1] 1.058

$o100_d.rmse
[1] 0.169372

$o250_d.ptime
[1] 0.027

$o250_d.time
[1] 4.64

$o250_d.rmse
[1] 0.1123031

$o500_d.ptime
[1] 0.026

$o500_d.time
[1] 18.868

$o500_d.rmse
[1] 0.07135144

$c25_i.ptime
[1] 1.414

$c25_i.time
[1] 0.318

$c25_i.rmse
[1] 0.2332069

$c50_i.ptime
[1] 1.076

$c50_i.time
[1] 0.174

$c50_i.rmse
[1] 0.1840397

$c100_i.ptime
[1] 0.913

$c100_i.time
[1] 0.149

$c100_i.rmse
[1] 0.137345

$c250_i.ptime
[1] 0.99

$c250_i.time
[1] 0.134

$c250_i.rmse
[1] 0.1005818

$c500_i.ptime
[1] 1.732

$c500_i.time
[1] 0.14

$c500_i.rmse
[1] 0.08540186

$c25_d.ptime
[1] 1.92

$c25_d.time
[1] 0.794

$c25_d.rmse
[1] 0.1733249

$c50_d.ptime
[1] 0.948

$c50_d.time
[1] 1.067

$c50_d.rmse
[1] 0.1328013

$c100_d.ptime
[1] 0.592

$c100_d.time
[1] 2.045

$c100_d.rmse
[1] 0.1007349

$c250_d.ptime
[1] 0.439

$c250_d.time
[1] 6.938

$c250_d.rmse
[1] 0.07744912

$c500_d.ptime
[1] 0.409

$c500_d.time
[1] 25.358

$c500_d.rmse
[1] 0.06364244

$s25.ptime
[1] 0.429

$s25.time
[1] 0.001

$s25.rmse
[1] 0.5146163

$s50.ptime
[1] 0.645

$s50.time
[1] 0.002

$s50.rmse
[1] 0.4667502

$s100.ptime
[1] 0.867

$s100.time
[1] 0.003

$s100.rmse
[1] 0.2754112

$s250.ptime
[1] 1.268

$s250.time
[1] 0.007

$s250.rmse
[1] 0.1852665

$s500.ptime
[1] 1.64

$s500.time
[1] 0.014

$s500.rmse
[1] 0.1261811

$s1000.ptime
[1] 3.023

$s1000.time
[1] 0.03

$s1000.rmse
[1] 0.08459653

$s2500.ptime
[1] 20.004

$s2500.time
[1] 0.078

$s2500.rmse
[1] 0.05124735

$s5000.ptime
[1] 136.802

$s5000.time
[1] 0.163

$s5000.rmse
[1] 0.04205045

        seed            p    full.time    full.rmse     l25.time     l25.rmse 
    2486.000       10.000        0.082        0.038        3.364        0.090 
    l50.time     l50.rmse    l100.time    l100.rmse    l250.time    l250.rmse 
       3.550        0.070        5.031        0.057       19.000        0.047 
   l500.time    l500.rmse  o25_i.ptime   o25_i.time   o25_i.rmse  o50_i.ptime 
      87.793        0.043        0.241        0.252        0.465        0.165 
  o50_i.time   o50_i.rmse o100_i.ptime  o100_i.time  o100_i.rmse o250_i.ptime 
       0.158        0.397        0.214        0.145        0.294        0.598 
 o250_i.time  o250_i.rmse o500_i.ptime  o500_i.time  o500_i.rmse  o25_d.ptime 
       0.139        0.172        1.497        0.420        0.128        0.607 
  o25_d.time   o25_d.rmse  o50_d.ptime   o50_d.time   o50_d.rmse o100_d.ptime 
       0.466        0.340        0.129        0.520        0.248        0.048 
 o100_d.time  o100_d.rmse o250_d.ptime  o250_d.time  o250_d.rmse o500_d.ptime 
       1.058        0.169        0.027        4.640        0.112        0.026 
 o500_d.time  o500_d.rmse  c25_i.ptime   c25_i.time   c25_i.rmse  c50_i.ptime 
      18.868        0.071        1.414        0.318        0.233        1.076 
  c50_i.time   c50_i.rmse c100_i.ptime  c100_i.time  c100_i.rmse c250_i.ptime 
       0.174        0.184        0.913        0.149        0.137        0.990 
 c250_i.time  c250_i.rmse c500_i.ptime  c500_i.time  c500_i.rmse  c25_d.ptime 
       0.134        0.101        1.732        0.140        0.085        1.920 
  c25_d.time   c25_d.rmse  c50_d.ptime   c50_d.time   c50_d.rmse c100_d.ptime 
       0.794        0.173        0.948        1.067        0.133        0.592 
 c100_d.time  c100_d.rmse c250_d.ptime  c250_d.time  c250_d.rmse c500_d.ptime 
       2.045        0.101        0.439        6.938        0.077        0.409 
 c500_d.time  c500_d.rmse    s25.ptime     s25.time     s25.rmse    s50.ptime 
      25.358        0.064        0.429        0.001        0.515        0.645 
    s50.time     s50.rmse   s100.ptime    s100.time    s100.rmse   s250.ptime 
       0.002        0.467        0.867        0.003        0.275        1.268 
   s250.time    s250.rmse   s500.ptime    s500.time    s500.rmse  s1000.ptime 
       0.007        0.185        1.640        0.014        0.126        3.023 
  s1000.time   s1000.rmse  s2500.ptime   s2500.time   s2500.rmse  s5000.ptime 
       0.030        0.085       20.004        0.078        0.051      136.802 
  s5000.time   s5000.rmse 
       0.163        0.042 
[1] 0.8569774
$full.time
[1] 0.066

$full.rmse
[1] 0.0390245

$full.time
[1] 0.066

$full.rmse
[1] 0.0390245

$l25.time
[1] 3.289

$l25.rmse
[1] 0.09033891

$l50.time
[1] 3.513

$l50.rmse
[1] 0.07074844

$l100.time
[1] 4.933

$l100.rmse
[1] 0.05576537

$l250.time
[1] 18.515

$l250.rmse
[1] 0.04609028

$l500.time
[1] 85.661

$l500.rmse
[1] 0.04349873

$o25_i.ptime
[1] 0.237

$o25_i.time
[1] 0.219

$o25_i.rmse
[1] 0.4811853

$o50_i.ptime
[1] 0.17

$o50_i.time
[1] 0.166

$o50_i.rmse
[1] 0.387489

$o100_i.ptime
[1] 0.224

$o100_i.time
[1] 0.137

$o100_i.rmse
[1] 0.2786453

$o250_i.ptime
[1] 0.578

$o250_i.time
[1] 0.129

$o250_i.rmse
[1] 0.1669431

$o500_i.ptime
[1] 1.469

$o500_i.time
[1] 0.418

$o500_i.rmse
[1] 0.1172526

$o25_d.ptime
[1] 0.588

$o25_d.time
[1] 0.429

$o25_d.rmse
[1] 0.3068474

$o50_d.ptime
[1] 0.125

$o50_d.time
[1] 0.533

$o50_d.rmse
[1] 0.2468524

$o100_d.ptime
[1] 0.047

$o100_d.time
[1] 1.074

$o100_d.rmse
[1] 0.1696248

$o250_d.ptime
[1] 0.026

$o250_d.time
[1] 3.833

$o250_d.rmse
[1] 0.1034558

$o500_d.ptime
[1] 0.026

$o500_d.time
[1] 18.572

$o500_d.rmse
[1] 0.0692

$c25_i.ptime
[1] 1.614

$c25_i.time
[1] 0.24

$c25_i.rmse
[1] 0.2260696

$c50_i.ptime
[1] 1.046

$c50_i.time
[1] 0.166

$c50_i.rmse
[1] 0.1800619

$c100_i.ptime
[1] 0.927

$c100_i.time
[1] 0.145

$c100_i.rmse
[1] 0.1498838

$c250_i.ptime
[1] 1.099

$c250_i.time
[1] 0.149

$c250_i.rmse
[1] 0.1056185

$c500_i.ptime
[1] 1.732

$c500_i.time
[1] 0.148

$c500_i.rmse
[1] 0.08367549

$c25_d.ptime
[1] 1.738

$c25_d.time
[1] 0.938

$c25_d.rmse
[1] 0.1874079

$c50_d.ptime
[1] 0.841

$c50_d.time
[1] 1.04

$c50_d.rmse
[1] 0.1355692

$c100_d.ptime
[1] 0.52

$c100_d.time
[1] 2.048

$c100_d.rmse
[1] 0.1040994

$c250_d.ptime
[1] 0.308

$c250_d.time
[1] 6.763

$c250_d.rmse
[1] 0.07455726

$c500_d.ptime
[1] 0.264

$c500_d.time
[1] 25.286

$c500_d.rmse
[1] 0.06317162

$s25.ptime
[1] 0.31

$s25.time
[1] 0.001

$s25.rmse
[1] 0.5320336

$s50.ptime
[1] 0.425

$s50.time
[1] 0.002

$s50.rmse
[1] 0.4496433

$s100.ptime
[1] 0.598

$s100.time
[1] 0.002

$s100.rmse
[1] 0.3387068

$s250.ptime
[1] 1.029

$s250.time
[1] 0.009

$s250.rmse
[1] 0.1948139

$s500.ptime
[1] 1.739

$s500.time
[1] 0.019

$s500.rmse
[1] 0.1131104

$s1000.ptime
[1] 2.905

$s1000.time
[1] 0.034

$s1000.rmse
[1] 0.08279187

$s2500.ptime
[1] 15.266

$s2500.time
[1] 0.084

$s2500.rmse
[1] 0.05232303

$s5000.ptime
[1] 153.924

$s5000.time
[1] 0.174

$s5000.rmse
[1] 0.04239107

        seed            p    full.time    full.rmse     l25.time     l25.rmse 
    2487.000       10.000        0.066        0.039        3.289        0.090 
    l50.time     l50.rmse    l100.time    l100.rmse    l250.time    l250.rmse 
       3.513        0.071        4.933        0.056       18.515        0.046 
   l500.time    l500.rmse  o25_i.ptime   o25_i.time   o25_i.rmse  o50_i.ptime 
      85.661        0.043        0.237        0.219        0.481        0.170 
  o50_i.time   o50_i.rmse o100_i.ptime  o100_i.time  o100_i.rmse o250_i.ptime 
       0.166        0.387        0.224        0.137        0.279        0.578 
 o250_i.time  o250_i.rmse o500_i.ptime  o500_i.time  o500_i.rmse  o25_d.ptime 
       0.129        0.167        1.469        0.418        0.117        0.588 
  o25_d.time   o25_d.rmse  o50_d.ptime   o50_d.time   o50_d.rmse o100_d.ptime 
       0.429        0.307        0.125        0.533        0.247        0.047 
 o100_d.time  o100_d.rmse o250_d.ptime  o250_d.time  o250_d.rmse o500_d.ptime 
       1.074        0.170        0.026        3.833        0.103        0.026 
 o500_d.time  o500_d.rmse  c25_i.ptime   c25_i.time   c25_i.rmse  c50_i.ptime 
      18.572        0.069        1.614        0.240        0.226        1.046 
  c50_i.time   c50_i.rmse c100_i.ptime  c100_i.time  c100_i.rmse c250_i.ptime 
       0.166        0.180        0.927        0.145        0.150        1.099 
 c250_i.time  c250_i.rmse c500_i.ptime  c500_i.time  c500_i.rmse  c25_d.ptime 
       0.149        0.106        1.732        0.148        0.084        1.738 
  c25_d.time   c25_d.rmse  c50_d.ptime   c50_d.time   c50_d.rmse c100_d.ptime 
       0.938        0.187        0.841        1.040        0.136        0.520 
 c100_d.time  c100_d.rmse c250_d.ptime  c250_d.time  c250_d.rmse c500_d.ptime 
       2.048        0.104        0.308        6.763        0.075        0.264 
 c500_d.time  c500_d.rmse    s25.ptime     s25.time     s25.rmse    s50.ptime 
      25.286        0.063        0.310        0.001        0.532        0.425 
    s50.time     s50.rmse   s100.ptime    s100.time    s100.rmse   s250.ptime 
       0.002        0.450        0.598        0.002        0.339        1.029 
   s250.time    s250.rmse   s500.ptime    s500.time    s500.rmse  s1000.ptime 
       0.009        0.195        1.739        0.019        0.113        2.905 
  s1000.time   s1000.rmse  s2500.ptime   s2500.time   s2500.rmse  s5000.ptime 
       0.034        0.083       15.266        0.084        0.052      153.924 
  s5000.time   s5000.rmse 
       0.174        0.042 
[1] 0.9286157
$full.time
[1] 0.072

$full.rmse
[1] 0.03787038

$full.time
[1] 0.072

$full.rmse
[1] 0.03787038

$l25.time
[1] 3.45

$l25.rmse
[1] 0.0937943

$l50.time
[1] 3.649

$l50.rmse
[1] 0.07031069

$l100.time
[1] 5.069

$l100.rmse
[1] 0.05567589

$l250.time
[1] 18.934

$l250.rmse
[1] 0.04605555

$l500.time
[1] 87.245

$l500.rmse
[1] 0.04214051

$o25_i.ptime
[1] 0.236

$o25_i.time
[1] 0.226

$o25_i.rmse
[1] 0.4027239

$o50_i.ptime
[1] 0.159

$o50_i.time
[1] 0.173

$o50_i.rmse
[1] 0.3713046

$o100_i.ptime
[1] 0.21

$o100_i.time
[1] 0.13

$o100_i.rmse
[1] 0.2988428

$o250_i.ptime
[1] 0.588

$o250_i.time
[1] 0.113

$o250_i.rmse
[1] 0.1802295

$o500_i.ptime
[1] 1.507

$o500_i.time
[1] 0.289

$o500_i.rmse
[1] 0.1188169

$o25_d.ptime
[1] 0.597

$o25_d.time
[1] 0.411

$o25_d.rmse
[1] 0.3078461

$o50_d.ptime
[1] 0.132

$o50_d.time
[1] 0.494

$o50_d.rmse
[1] 0.2482298

$o100_d.ptime
[1] 0.052

$o100_d.time
[1] 1.097

$o100_d.rmse
[1] 0.1815449

$o250_d.ptime
[1] 0.04

$o250_d.time
[1] 4.748

$o250_d.rmse
[1] 0.1052207

$o500_d.ptime
[1] 0.026

$o500_d.time
[1] 17.024

$o500_d.rmse
[1] 0.07473932

$c25_i.ptime
[1] 1.375

$c25_i.time
[1] 0.252

$c25_i.rmse
[1] 0.2295556

$c50_i.ptime
[1] 0.934

$c50_i.time
[1] 0.184

$c50_i.rmse
[1] 0.1810396

$c100_i.ptime
[1] 1.013

$c100_i.time
[1] 0.154

$c100_i.rmse
[1] 0.1473678

$c250_i.ptime
[1] 1.051

$c250_i.time
[1] 0.13

$c250_i.rmse
[1] 0.1044484

$c500_i.ptime
[1] 1.955

$c500_i.time
[1] 0.151

$c500_i.rmse
[1] 0.08247046

$c25_d.ptime
[1] 1.89

$c25_d.time
[1] 0.872

$c25_d.rmse
[1] 0.1746131

$c50_d.ptime
[1] 1.052

$c50_d.time
[1] 1.045

$c50_d.rmse
[1] 0.1370372

$c100_d.ptime
[1] 0.646

$c100_d.time
[1] 2.124

$c100_d.rmse
[1] 0.0971936

$c250_d.ptime
[1] 0.469

$c250_d.time
[1] 6.921

$c250_d.rmse
[1] 0.07766259

$c500_d.ptime
[1] 0.273

$c500_d.time
[1] 24.853

$c500_d.rmse
[1] 0.06351748

$s25.ptime
[1] 0.299

$s25.time
[1] 0.001

$s25.rmse
[1] 0.5465864

$s50.ptime
[1] 0.319

$s50.time
[1] 0.001

$s50.rmse
[1] 0.4099772

$s100.ptime
[1] 0.569

$s100.time
[1] 0.003

$s100.rmse
[1] 0.3129229

$s250.ptime
[1] 1.107

$s250.time
[1] 0.008

$s250.rmse
[1] 0.1917734

$s500.ptime
[1] 1.781

$s500.time
[1] 0.015

$s500.rmse
[1] 0.1253947

$s1000.ptime
[1] 2.86

$s1000.time
[1] 0.033

$s1000.rmse
[1] 0.08158765

$s2500.ptime
[1] 15.222

$s2500.time
[1] 0.086

$s2500.rmse
[1] 0.05202991

$s5000.ptime
[1] 143.105

$s5000.time
[1] 0.169

$s5000.rmse
[1] 0.04271759

        seed            p    full.time    full.rmse     l25.time     l25.rmse 
    2488.000       10.000        0.072        0.038        3.450        0.094 
    l50.time     l50.rmse    l100.time    l100.rmse    l250.time    l250.rmse 
       3.649        0.070        5.069        0.056       18.934        0.046 
   l500.time    l500.rmse  o25_i.ptime   o25_i.time   o25_i.rmse  o50_i.ptime 
      87.245        0.042        0.236        0.226        0.403        0.159 
  o50_i.time   o50_i.rmse o100_i.ptime  o100_i.time  o100_i.rmse o250_i.ptime 
       0.173        0.371        0.210        0.130        0.299        0.588 
 o250_i.time  o250_i.rmse o500_i.ptime  o500_i.time  o500_i.rmse  o25_d.ptime 
       0.113        0.180        1.507        0.289        0.119        0.597 
  o25_d.time   o25_d.rmse  o50_d.ptime   o50_d.time   o50_d.rmse o100_d.ptime 
       0.411        0.308        0.132        0.494        0.248        0.052 
 o100_d.time  o100_d.rmse o250_d.ptime  o250_d.time  o250_d.rmse o500_d.ptime 
       1.097        0.182        0.040        4.748        0.105        0.026 
 o500_d.time  o500_d.rmse  c25_i.ptime   c25_i.time   c25_i.rmse  c50_i.ptime 
      17.024        0.075        1.375        0.252        0.230        0.934 
  c50_i.time   c50_i.rmse c100_i.ptime  c100_i.time  c100_i.rmse c250_i.ptime 
       0.184        0.181        1.013        0.154        0.147        1.051 
 c250_i.time  c250_i.rmse c500_i.ptime  c500_i.time  c500_i.rmse  c25_d.ptime 
       0.130        0.104        1.955        0.151        0.082        1.890 
  c25_d.time   c25_d.rmse  c50_d.ptime   c50_d.time   c50_d.rmse c100_d.ptime 
       0.872        0.175        1.052        1.045        0.137        0.646 
 c100_d.time  c100_d.rmse c250_d.ptime  c250_d.time  c250_d.rmse c500_d.ptime 
       2.124        0.097        0.469        6.921        0.078        0.273 
 c500_d.time  c500_d.rmse    s25.ptime     s25.time     s25.rmse    s50.ptime 
      24.853        0.064        0.299        0.001        0.547        0.319 
    s50.time     s50.rmse   s100.ptime    s100.time    s100.rmse   s250.ptime 
       0.001        0.410        0.569        0.003        0.313        1.107 
   s250.time    s250.rmse   s500.ptime    s500.time    s500.rmse  s1000.ptime 
       0.008        0.192        1.781        0.015        0.125        2.860 
  s1000.time   s1000.rmse  s2500.ptime   s2500.time   s2500.rmse  s5000.ptime 
       0.033        0.082       15.222        0.086        0.052      143.105 
  s5000.time   s5000.rmse 
       0.169        0.043 
  seed  p full.time  full.rmse l25.time   l25.rmse l50.time   l50.rmse
1 2484 10     0.079 0.03806461    3.171 0.09423772    3.339 0.07222211
2 2485 10     0.079 0.03923764    3.096 0.09290737    3.321 0.07157894
3 2486 10     0.082 0.03777879    3.364 0.09049395    3.550 0.07002013
4 2487 10     0.066 0.03902450    3.289 0.09033891    3.513 0.07074844
5 2488 10     0.072 0.03787038    3.450 0.09379430    3.649 0.07031069
  l100.time  l100.rmse l250.time  l250.rmse l500.time  l500.rmse o25_i.ptime
1     4.575 0.05608857    17.506 0.04664249    80.974 0.04258040       0.211
2     4.630 0.05672938    17.685 0.04684745    84.351 0.04391342       0.244
3     5.031 0.05696998    19.000 0.04675108    87.793 0.04335904       0.241
4     4.933 0.05576537    18.515 0.04609028    85.661 0.04349873       0.237
5     5.069 0.05567589    18.934 0.04605555    87.245 0.04214051       0.236
  o25_i.time o25_i.rmse o50_i.ptime o50_i.time o50_i.rmse o100_i.ptime
1      0.219  0.4491680       0.407      0.134  0.3622802        0.187
2      0.227  0.3895928       0.161      0.187  0.3365808        0.210
3      0.252  0.4647687       0.165      0.158  0.3972073        0.214
4      0.219  0.4811853       0.170      0.166  0.3874890        0.224
5      0.226  0.4027239       0.159      0.173  0.3713046        0.210
  o100_i.time o100_i.rmse o250_i.ptime o250_i.time o250_i.rmse o500_i.ptime
1       0.110   0.2676890        0.530       0.113   0.1611315        1.391
2       0.142   0.2636267        0.561       0.491   0.1486667        1.486
3       0.145   0.2941423        0.598       0.139   0.1724219        1.497
4       0.137   0.2786453        0.578       0.129   0.1669431        1.469
5       0.130   0.2988428        0.588       0.113   0.1802295        1.507
  o500_i.time o500_i.rmse o25_d.ptime o25_d.time o25_d.rmse o50_d.ptime
1       0.129   0.1133360       0.545      0.367  0.2982674       0.129
2       0.125   0.1185500       0.589      0.432  0.2680551       0.129
3       0.420   0.1279357       0.607      0.466  0.3399859       0.129
4       0.418   0.1172526       0.588      0.429  0.3068474       0.125
5       0.289   0.1188169       0.597      0.411  0.3078461       0.132
  o50_d.time o50_d.rmse o100_d.ptime o100_d.time o100_d.rmse o250_d.ptime
1      0.491  0.2043750        0.047       1.043   0.1567629        0.025
2      0.507  0.2086763        0.049       1.071   0.1592873        0.027
3      0.520  0.2479399        0.048       1.058   0.1693720        0.027
4      0.533  0.2468524        0.047       1.074   0.1696248        0.026
5      0.494  0.2482298        0.052       1.097   0.1815449        0.040
  o250_d.time o250_d.rmse o500_d.ptime o500_d.time o500_d.rmse c25_i.ptime
1       4.193  0.09886997        0.069      20.081  0.07164818       1.509
2       5.116  0.10099738        0.069      21.804  0.06702350       1.602
3       4.640  0.11230314        0.026      18.868  0.07135144       1.414
4       3.833  0.10345582        0.026      18.572  0.06920000       1.614
5       4.748  0.10522074        0.026      17.024  0.07473932       1.375
  c25_i.time c25_i.rmse c50_i.ptime c50_i.time c50_i.rmse c100_i.ptime
1      0.233  0.2478221       0.880      0.155  0.1801005        0.969
2      0.248  0.2233404       1.046      0.168  0.1830063        0.659
3      0.318  0.2332069       1.076      0.174  0.1840397        0.913
4      0.240  0.2260696       1.046      0.166  0.1800619        0.927
5      0.252  0.2295556       0.934      0.184  0.1810396        1.013
  c100_i.time c100_i.rmse c250_i.ptime c250_i.time c250_i.rmse c500_i.ptime
1       0.145   0.1276322        0.963       0.119  0.10317571        1.768
2       0.132   0.1367566        0.926       0.135  0.09511929        1.716
3       0.149   0.1373450        0.990       0.134  0.10058176        1.732
4       0.145   0.1498838        1.099       0.149  0.10561855        1.732
5       0.154   0.1473678        1.051       0.130  0.10444841        1.955
  c500_i.time c500_i.rmse c25_d.ptime c25_d.time c25_d.rmse c50_d.ptime
1       0.152  0.07615085       1.836      0.780  0.1777193       0.816
2       0.143  0.07552433       1.996      0.804  0.1770524       1.247
3       0.140  0.08540186       1.920      0.794  0.1733249       0.948
4       0.148  0.08367549       1.738      0.938  0.1874079       0.841
5       0.151  0.08247046       1.890      0.872  0.1746131       1.052
  c50_d.time c50_d.rmse c100_d.ptime c100_d.time c100_d.rmse c250_d.ptime
1      1.020  0.1348541        0.720       2.051  0.09977415        0.513
2      1.016  0.1292128        0.593       2.051  0.10685395        0.510
3      1.067  0.1328013        0.592       2.045  0.10073494        0.439
4      1.040  0.1355692        0.520       2.048  0.10409938        0.308
5      1.045  0.1370372        0.646       2.124  0.09719360        0.469
  c250_d.time c250_d.rmse c500_d.ptime c500_d.time c500_d.rmse s25.ptime
1       6.979  0.07699983        0.423      25.199  0.06333506     0.360
2       6.938  0.07386915        0.488      24.413  0.06849446     0.445
3       6.938  0.07744912        0.409      25.358  0.06364244     0.429
4       6.763  0.07455726        0.264      25.286  0.06317162     0.310
5       6.921  0.07766259        0.273      24.853  0.06351748     0.299
  s25.time  s25.rmse s50.ptime s50.time  s50.rmse s100.ptime s100.time
1    0.001 0.5597649     0.392    0.001 0.3939509      0.560     0.002
2    0.001 0.4533431     0.565    0.002 0.3862152      0.677     0.003
3    0.001 0.5146163     0.645    0.002 0.4667502      0.867     0.003
4    0.001 0.5320336     0.425    0.002 0.4496433      0.598     0.002
5    0.001 0.5465864     0.319    0.001 0.4099772      0.569     0.003
  s100.rmse s250.ptime s250.time s250.rmse s500.ptime s500.time s500.rmse
1 0.3039036      1.087     0.007 0.1915655      1.401     0.015 0.1165202
2 0.2577421      1.374     0.008 0.1802266      1.575     0.017 0.1204735
3 0.2754112      1.268     0.007 0.1852665      1.640     0.014 0.1261811
4 0.3387068      1.029     0.009 0.1948139      1.739     0.019 0.1131104
5 0.3129229      1.107     0.008 0.1917734      1.781     0.015 0.1253947
  s1000.ptime s1000.time s1000.rmse s2500.ptime s2500.time s2500.rmse
1       2.817      0.029 0.07650086      18.913      0.074 0.05246760
2       2.865      0.032 0.07938965      19.064      0.085 0.05601433
3       3.023      0.030 0.08459653      20.004      0.078 0.05124735
4       2.905      0.034 0.08279187      15.266      0.084 0.05232303
5       2.860      0.033 0.08158765      15.222      0.086 0.05202991
  s5000.ptime s5000.time s5000.rmse
1     129.392      0.156 0.04276675
2     125.551      0.156 0.04359740
3     136.802      0.163 0.04205045
4     153.924      0.174 0.04239107
5     143.105      0.169 0.04271759
> 
> proc.time()
    user   system  elapsed 
3196.732   48.117 3284.018 
