
R version 3.0.3 (2014-03-06) -- "Warm Puppy"
Copyright (C) 2014 The R Foundation for Statistical Computing
Platform: x86_64-unknown-linux-gnu (64-bit)

R is free software and comes with ABSOLUTELY NO WARRANTY.
You are welcome to redistribute it under certain conditions.
Type 'license()' or 'licence()' for distribution details.

  Natural language support but running in an English locale

R is a collaborative project with many contributors.
Type 'contributors()' for more information and
'citation()' on how to cite R or R packages in publications.

Type 'demo()' for some demos, 'help()' for on-line help, or
'help.start()' for an HTML browser interface to help.
Type 'q()' to quit R.

> print(.libPaths())
[1] "/usr/local/r-3.0.3/lib64/R/library"
> .libPaths("/mnt/home/rjparker/Rlib")
> print(.libPaths())
[1] "/mnt/home/rjparker/Rlib"            "/usr/local/r-3.0.3/lib64/R/library"
> setwd("/mnt/home/rjparker/git/block_int")
> 
> which_exp <- 6
> which_part <- 5
> source("R/sim_nblocks_pred.R")
Loading required package: spam
Loading required package: grid
Spam version 0.41-0 (2014-02-26) is loaded.
Type 'help( Spam)' or 'demo( spam)' for a short introduction 
and overview of this package.
Help for individual functions is also obtained by adding the
suffix '.spam' to the function name, e.g. 'help( chol.spam)'.

Attaching package: ‘spam’

The following objects are masked from ‘package:base’:

    backsolve, forwardsolve

Loading required package: maps
  pred  p b tau Nper_p Npred Fzero sigma2
6 TRUE 10 4  10  10000  1000     0      1
[1] 0.8876673
$full.time
[1] 0.07

$full.rmse
[1] 0.03754461

$full.time
[1] 0.07

$full.rmse
[1] 0.03754461

$l25.time
[1] 3.566

$l25.rmse
[1] 0.09810508

$l50.time
[1] 4.125

$l50.rmse
[1] 0.07130029

$l100.time
[1] 5.363

$l100.rmse
[1] 0.05606321

$l250.time
[1] 19.052

$l250.rmse
[1] 0.0460888

$l500.time
[1] 95.254

$l500.rmse
[1] 0.04161708

$o25_i.ptime
[1] 0.263

$o25_i.time
[1] 0.275

$o25_i.rmse
[1] 0.5200531

$o50_i.ptime
[1] 0.577

$o50_i.time
[1] 0.192

$o50_i.rmse
[1] 0.3776546

$o100_i.ptime
[1] 0.216

$o100_i.time
[1] 0.162

$o100_i.rmse
[1] 0.2731442

$o250_i.ptime
[1] 0.597

$o250_i.time
[1] 0.147

$o250_i.rmse
[1] 0.1768543

$o500_i.ptime
[1] 1.717

$o500_i.time
[1] 0.165

$o500_i.rmse
[1] 0.1177873

$o25_d.ptime
[1] 0.613

$o25_d.time
[1] 0.458

$o25_d.rmse
[1] 0.3366237

$o50_d.ptime
[1] 0.136

$o50_d.time
[1] 0.485

$o50_d.rmse
[1] 0.232839

$o100_d.ptime
[1] 0.054

$o100_d.time
[1] 0.88

$o100_d.rmse
[1] 0.1589545

$o250_d.ptime
[1] 0.027

$o250_d.time
[1] 5.216

$o250_d.rmse
[1] 0.1014448

$o500_d.ptime
[1] 0.031

$o500_d.time
[1] 26.754

$o500_d.rmse
[1] 0.06746191

$c25_i.ptime
[1] 1.592

$c25_i.time
[1] 0.323

$c25_i.rmse
[1] 0.2463282

$c50_i.ptime
[1] 1.037

$c50_i.time
[1] 0.212

$c50_i.rmse
[1] 0.1898419

$c100_i.ptime
[1] 0.976

$c100_i.time
[1] 0.178

$c100_i.rmse
[1] 0.150755

$c250_i.ptime
[1] 1.045

$c250_i.time
[1] 0.166

$c250_i.rmse
[1] 0.1077493

$c500_i.ptime
[1] 2.106

$c500_i.time
[1] 0.177

$c500_i.rmse
[1] 0.08288501

$c25_d.ptime
[1] 2.016

$c25_d.time
[1] 0.936

$c25_d.rmse
[1] 0.1906765

$c50_d.ptime
[1] 1.061

$c50_d.time
[1] 1.173

$c50_d.rmse
[1] 0.1423759

$c100_d.ptime
[1] 0.928

$c100_d.time
[1] 2.186

$c100_d.rmse
[1] 0.1044909

$c250_d.ptime
[1] 0.414

$c250_d.time
[1] 8.054

$c250_d.rmse
[1] 0.07601252

$c500_d.ptime
[1] 0.491

$c500_d.time
[1] 29.933

$c500_d.rmse
[1] 0.06274409

$s25.ptime
[1] 0.382

$s25.time
[1] 0.001

$s25.rmse
[1] 0.5998569

$s50.ptime
[1] 0.426

$s50.time
[1] 0.002

$s50.rmse
[1] 0.438829

$s100.ptime
[1] 0.641

$s100.time
[1] 0.003

$s100.rmse
[1] 0.3195699

$s250.ptime
[1] 1.089

$s250.time
[1] 0.006

$s250.rmse
[1] 0.1928325

$s500.ptime
[1] 1.606

$s500.time
[1] 0.016

$s500.rmse
[1] 0.1248401

$s1000.ptime
[1] 3.053

$s1000.time
[1] 0.032

$s1000.rmse
[1] 0.07683618

$s2500.ptime
[1] 22.475

$s2500.time
[1] 0.081

$s2500.rmse
[1] 0.05159578

$s5000.ptime
[1] 100.437

$s5000.time
[1] 0.151

$s5000.rmse
[1] 0.04061547

        seed            p    full.time    full.rmse     l25.time     l25.rmse 
    2504.000       10.000        0.070        0.038        3.566        0.098 
    l50.time     l50.rmse    l100.time    l100.rmse    l250.time    l250.rmse 
       4.125        0.071        5.363        0.056       19.052        0.046 
   l500.time    l500.rmse  o25_i.ptime   o25_i.time   o25_i.rmse  o50_i.ptime 
      95.254        0.042        0.263        0.275        0.520        0.577 
  o50_i.time   o50_i.rmse o100_i.ptime  o100_i.time  o100_i.rmse o250_i.ptime 
       0.192        0.378        0.216        0.162        0.273        0.597 
 o250_i.time  o250_i.rmse o500_i.ptime  o500_i.time  o500_i.rmse  o25_d.ptime 
       0.147        0.177        1.717        0.165        0.118        0.613 
  o25_d.time   o25_d.rmse  o50_d.ptime   o50_d.time   o50_d.rmse o100_d.ptime 
       0.458        0.337        0.136        0.485        0.233        0.054 
 o100_d.time  o100_d.rmse o250_d.ptime  o250_d.time  o250_d.rmse o500_d.ptime 
       0.880        0.159        0.027        5.216        0.101        0.031 
 o500_d.time  o500_d.rmse  c25_i.ptime   c25_i.time   c25_i.rmse  c50_i.ptime 
      26.754        0.067        1.592        0.323        0.246        1.037 
  c50_i.time   c50_i.rmse c100_i.ptime  c100_i.time  c100_i.rmse c250_i.ptime 
       0.212        0.190        0.976        0.178        0.151        1.045 
 c250_i.time  c250_i.rmse c500_i.ptime  c500_i.time  c500_i.rmse  c25_d.ptime 
       0.166        0.108        2.106        0.177        0.083        2.016 
  c25_d.time   c25_d.rmse  c50_d.ptime   c50_d.time   c50_d.rmse c100_d.ptime 
       0.936        0.191        1.061        1.173        0.142        0.928 
 c100_d.time  c100_d.rmse c250_d.ptime  c250_d.time  c250_d.rmse c500_d.ptime 
       2.186        0.104        0.414        8.054        0.076        0.491 
 c500_d.time  c500_d.rmse    s25.ptime     s25.time     s25.rmse    s50.ptime 
      29.933        0.063        0.382        0.001        0.600        0.426 
    s50.time     s50.rmse   s100.ptime    s100.time    s100.rmse   s250.ptime 
       0.002        0.439        0.641        0.003        0.320        1.089 
   s250.time    s250.rmse   s500.ptime    s500.time    s500.rmse  s1000.ptime 
       0.006        0.193        1.606        0.016        0.125        3.053 
  s1000.time   s1000.rmse  s2500.ptime   s2500.time   s2500.rmse  s5000.ptime 
       0.032        0.077       22.475        0.081        0.052      100.437 
  s5000.time   s5000.rmse 
       0.151        0.041 
[1] 1.066453
$full.time
[1] 0.079

$full.rmse
[1] 0.03908299

$full.time
[1] 0.079

$full.rmse
[1] 0.03908299

$l25.time
[1] 3.55

$l25.rmse
[1] 0.09632952

$l50.time
[1] 3.447

$l50.rmse
[1] 0.07140752

$l100.time
[1] 4.75

$l100.rmse
[1] 0.05729481

$l250.time
[1] 17.378

$l250.rmse
[1] 0.04903579

$l500.time
[1] 95.347

$l500.rmse
[1] 0.04464742

$o25_i.ptime
[1] 0.27

$o25_i.time
[1] 0.289

$o25_i.rmse
[1] 0.4848982

$o50_i.ptime
[1] 0.186

$o50_i.time
[1] 0.213

$o50_i.rmse
[1] 0.3948388

$o100_i.ptime
[1] 0.219

$o100_i.time
[1] 0.184

$o100_i.rmse
[1] 0.2787691

$o250_i.ptime
[1] 0.601

$o250_i.time
[1] 0.661

$o250_i.rmse
[1] 0.1643465

$o500_i.ptime
[1] 1.729

$o500_i.time
[1] 0.161

$o500_i.rmse
[1] 0.1194089

$o25_d.ptime
[1] 0.616

$o25_d.time
[1] 0.431

$o25_d.rmse
[1] 0.3188983

$o50_d.ptime
[1] 0.147

$o50_d.time
[1] 0.519

$o50_d.rmse
[1] 0.2395885

$o100_d.ptime
[1] 0.057

$o100_d.time
[1] 1.063

$o100_d.rmse
[1] 0.1643875

$o250_d.ptime
[1] 0.029

$o250_d.time
[1] 5.051

$o250_d.rmse
[1] 0.09833208

$o500_d.ptime
[1] 0.027

$o500_d.time
[1] 24.262

$o500_d.rmse
[1] 0.06893643

$c25_i.ptime
[1] 1.542

$c25_i.time
[1] 0.307

$c25_i.rmse
[1] 0.2377583

$c50_i.ptime
[1] 0.991

$c50_i.time
[1] 0.247

$c50_i.rmse
[1] 0.1971721

$c100_i.ptime
[1] 1.117

$c100_i.time
[1] 0.176

$c100_i.rmse
[1] 0.1427228

$c250_i.ptime
[1] 0.962

$c250_i.time
[1] 0.156

$c250_i.rmse
[1] 0.1063784

$c500_i.ptime
[1] 1.912

$c500_i.time
[1] 0.192

$c500_i.rmse
[1] 0.08381556

$c25_d.ptime
[1] 1.879

$c25_d.time
[1] 0.943

$c25_d.rmse
[1] 0.1832073

$c50_d.ptime
[1] 0.987

$c50_d.time
[1] 1.153

$c50_d.rmse
[1] 0.1353058

$c100_d.ptime
[1] 0.892

$c100_d.time
[1] 2.047

$c100_d.rmse
[1] 0.1069792

$c250_d.ptime
[1] 0.394

$c250_d.time
[1] 7.426

$c250_d.rmse
[1] 0.07943697

$c500_d.ptime
[1] 0.285

$c500_d.time
[1] 27.709

$c500_d.rmse
[1] 0.06999924

$s25.ptime
[1] 0.312

$s25.time
[1] 0.001

$s25.rmse
[1] 0.6528125

$s50.ptime
[1] 0.38

$s50.time
[1] 0.002

$s50.rmse
[1] 0.4954194

$s100.ptime
[1] 0.802

$s100.time
[1] 0.003

$s100.rmse
[1] 0.3299962

$s250.ptime
[1] 1.036

$s250.time
[1] 0.008

$s250.rmse
[1] 0.1826984

$s500.ptime
[1] 1.67

$s500.time
[1] 0.016

$s500.rmse
[1] 0.1222334

$s1000.ptime
[1] 3.407

$s1000.time
[1] 0.029

$s1000.rmse
[1] 0.08480567

$s2500.ptime
[1] 15.34

$s2500.time
[1] 0.072

$s2500.rmse
[1] 0.0527322

$s5000.ptime
[1] 96.711

$s5000.time
[1] 0.148

$s5000.rmse
[1] 0.04466399

        seed            p    full.time    full.rmse     l25.time     l25.rmse 
    2505.000       10.000        0.079        0.039        3.550        0.096 
    l50.time     l50.rmse    l100.time    l100.rmse    l250.time    l250.rmse 
       3.447        0.071        4.750        0.057       17.378        0.049 
   l500.time    l500.rmse  o25_i.ptime   o25_i.time   o25_i.rmse  o50_i.ptime 
      95.347        0.045        0.270        0.289        0.485        0.186 
  o50_i.time   o50_i.rmse o100_i.ptime  o100_i.time  o100_i.rmse o250_i.ptime 
       0.213        0.395        0.219        0.184        0.279        0.601 
 o250_i.time  o250_i.rmse o500_i.ptime  o500_i.time  o500_i.rmse  o25_d.ptime 
       0.661        0.164        1.729        0.161        0.119        0.616 
  o25_d.time   o25_d.rmse  o50_d.ptime   o50_d.time   o50_d.rmse o100_d.ptime 
       0.431        0.319        0.147        0.519        0.240        0.057 
 o100_d.time  o100_d.rmse o250_d.ptime  o250_d.time  o250_d.rmse o500_d.ptime 
       1.063        0.164        0.029        5.051        0.098        0.027 
 o500_d.time  o500_d.rmse  c25_i.ptime   c25_i.time   c25_i.rmse  c50_i.ptime 
      24.262        0.069        1.542        0.307        0.238        0.991 
  c50_i.time   c50_i.rmse c100_i.ptime  c100_i.time  c100_i.rmse c250_i.ptime 
       0.247        0.197        1.117        0.176        0.143        0.962 
 c250_i.time  c250_i.rmse c500_i.ptime  c500_i.time  c500_i.rmse  c25_d.ptime 
       0.156        0.106        1.912        0.192        0.084        1.879 
  c25_d.time   c25_d.rmse  c50_d.ptime   c50_d.time   c50_d.rmse c100_d.ptime 
       0.943        0.183        0.987        1.153        0.135        0.892 
 c100_d.time  c100_d.rmse c250_d.ptime  c250_d.time  c250_d.rmse c500_d.ptime 
       2.047        0.107        0.394        7.426        0.079        0.285 
 c500_d.time  c500_d.rmse    s25.ptime     s25.time     s25.rmse    s50.ptime 
      27.709        0.070        0.312        0.001        0.653        0.380 
    s50.time     s50.rmse   s100.ptime    s100.time    s100.rmse   s250.ptime 
       0.002        0.495        0.802        0.003        0.330        1.036 
   s250.time    s250.rmse   s500.ptime    s500.time    s500.rmse  s1000.ptime 
       0.008        0.183        1.670        0.016        0.122        3.407 
  s1000.time   s1000.rmse  s2500.ptime   s2500.time   s2500.rmse  s5000.ptime 
       0.029        0.085       15.340        0.072        0.053       96.711 
  s5000.time   s5000.rmse 
       0.148        0.045 
[1] 0.6027812
$full.time
[1] 0.069

$full.rmse
[1] 0.03751193

$full.time
[1] 0.069

$full.rmse
[1] 0.03751193

$l25.time
[1] 3.761

$l25.rmse
[1] 0.1081406

$l50.time
[1] 3.785

$l50.rmse
[1] 0.07608034

$l100.time
[1] 4.721

$l100.rmse
[1] 0.05807594

$l250.time
[1] 17.232

$l250.rmse
[1] 0.04716689

$l500.time
[1] 94.957

$l500.rmse
[1] 0.04177676

$o25_i.ptime
[1] 0.298

$o25_i.time
[1] 0.289

$o25_i.rmse
[1] 0.4434156

$o50_i.ptime
[1] 0.193

$o50_i.time
[1] 0.215

$o50_i.rmse
[1] 0.3523864

$o100_i.ptime
[1] 0.237

$o100_i.time
[1] 0.183

$o100_i.rmse
[1] 0.2803309

$o250_i.ptime
[1] 0.647

$o250_i.time
[1] 0.181

$o250_i.rmse
[1] 0.1730032

$o500_i.ptime
[1] 1.81

$o500_i.time
[1] 0.174

$o500_i.rmse
[1] 0.116354

$o25_d.ptime
[1] 1.053

$o25_d.time
[1] 0.468

$o25_d.rmse
[1] 0.3169508

$o50_d.ptime
[1] 0.148

$o50_d.time
[1] 0.607

$o50_d.rmse
[1] 0.2339721

$o100_d.ptime
[1] 0.058

$o100_d.time
[1] 1.244

$o100_d.rmse
[1] 0.1734684

$o250_d.ptime
[1] 0.038

$o250_d.time
[1] 4.309

$o250_d.rmse
[1] 0.1053612

$o500_d.ptime
[1] 0.027

$o500_d.time
[1] 22.712

$o500_d.rmse
[1] 0.07186769

$c25_i.ptime
[1] 1.835

$c25_i.time
[1] 0.319

$c25_i.rmse
[1] 0.2409026

$c50_i.ptime
[1] 1.206

$c50_i.time
[1] 0.209

$c50_i.rmse
[1] 0.1854439

$c100_i.ptime
[1] 0.793

$c100_i.time
[1] 0.174

$c100_i.rmse
[1] 0.1390927

$c250_i.ptime
[1] 1.073

$c250_i.time
[1] 0.146

$c250_i.rmse
[1] 0.09890922

$c500_i.ptime
[1] 2.023

$c500_i.time
[1] 0.177

$c500_i.rmse
[1] 0.07423247

$c25_d.ptime
[1] 2.071

$c25_d.time
[1] 0.931

$c25_d.rmse
[1] 0.1688977

$c50_d.ptime
[1] 1.087

$c50_d.time
[1] 1.09

$c50_d.rmse
[1] 0.1312097

$c100_d.ptime
[1] 0.722

$c100_d.time
[1] 2.089

$c100_d.rmse
[1] 0.1011471

$c250_d.ptime
[1] 0.544

$c250_d.time
[1] 7.8

$c250_d.rmse
[1] 0.07555738

$c500_d.ptime
[1] 0.358

$c500_d.time
[1] 27.165

$c500_d.rmse
[1] 0.06409165

$s25.ptime
[1] 0.26

$s25.time
[1] 0.001

$s25.rmse
[1] 0.4970022

$s50.ptime
[1] 0.466

$s50.time
[1] 0.002

$s50.rmse
[1] 0.4508325

$s100.ptime
[1] 0.904

$s100.time
[1] 0.003

$s100.rmse
[1] 0.3032379

$s250.ptime
[1] 1.089

$s250.time
[1] 0.007

$s250.rmse
[1] 0.2063989

$s500.ptime
[1] 1.801

$s500.time
[1] 0.016

$s500.rmse
[1] 0.1187399

$s1000.ptime
[1] 3.179

$s1000.time
[1] 0.032

$s1000.rmse
[1] 0.07960725

$s2500.ptime
[1] 15.698

$s2500.time
[1] 0.064

$s2500.rmse
[1] 0.05349407

$s5000.ptime
[1] 100.41

$s5000.time
[1] 0.145

$s5000.rmse
[1] 0.04240407

        seed            p    full.time    full.rmse     l25.time     l25.rmse 
    2506.000       10.000        0.069        0.038        3.761        0.108 
    l50.time     l50.rmse    l100.time    l100.rmse    l250.time    l250.rmse 
       3.785        0.076        4.721        0.058       17.232        0.047 
   l500.time    l500.rmse  o25_i.ptime   o25_i.time   o25_i.rmse  o50_i.ptime 
      94.957        0.042        0.298        0.289        0.443        0.193 
  o50_i.time   o50_i.rmse o100_i.ptime  o100_i.time  o100_i.rmse o250_i.ptime 
       0.215        0.352        0.237        0.183        0.280        0.647 
 o250_i.time  o250_i.rmse o500_i.ptime  o500_i.time  o500_i.rmse  o25_d.ptime 
       0.181        0.173        1.810        0.174        0.116        1.053 
  o25_d.time   o25_d.rmse  o50_d.ptime   o50_d.time   o50_d.rmse o100_d.ptime 
       0.468        0.317        0.148        0.607        0.234        0.058 
 o100_d.time  o100_d.rmse o250_d.ptime  o250_d.time  o250_d.rmse o500_d.ptime 
       1.244        0.173        0.038        4.309        0.105        0.027 
 o500_d.time  o500_d.rmse  c25_i.ptime   c25_i.time   c25_i.rmse  c50_i.ptime 
      22.712        0.072        1.835        0.319        0.241        1.206 
  c50_i.time   c50_i.rmse c100_i.ptime  c100_i.time  c100_i.rmse c250_i.ptime 
       0.209        0.185        0.793        0.174        0.139        1.073 
 c250_i.time  c250_i.rmse c500_i.ptime  c500_i.time  c500_i.rmse  c25_d.ptime 
       0.146        0.099        2.023        0.177        0.074        2.071 
  c25_d.time   c25_d.rmse  c50_d.ptime   c50_d.time   c50_d.rmse c100_d.ptime 
       0.931        0.169        1.087        1.090        0.131        0.722 
 c100_d.time  c100_d.rmse c250_d.ptime  c250_d.time  c250_d.rmse c500_d.ptime 
       2.089        0.101        0.544        7.800        0.076        0.358 
 c500_d.time  c500_d.rmse    s25.ptime     s25.time     s25.rmse    s50.ptime 
      27.165        0.064        0.260        0.001        0.497        0.466 
    s50.time     s50.rmse   s100.ptime    s100.time    s100.rmse   s250.ptime 
       0.002        0.451        0.904        0.003        0.303        1.089 
   s250.time    s250.rmse   s500.ptime    s500.time    s500.rmse  s1000.ptime 
       0.007        0.206        1.801        0.016        0.119        3.179 
  s1000.time   s1000.rmse  s2500.ptime   s2500.time   s2500.rmse  s5000.ptime 
       0.032        0.080       15.698        0.064        0.053      100.410 
  s5000.time   s5000.rmse 
       0.145        0.042 
[1] 0.8930338
$full.time
[1] 0.077

$full.rmse
[1] 0.03630809

$full.time
[1] 0.077

$full.rmse
[1] 0.03630809

$l25.time
[1] 3.704

$l25.rmse
[1] 0.08974411

$l50.time
[1] 3.792

$l50.rmse
[1] 0.06984311

$l100.time
[1] 5.197

$l100.rmse
[1] 0.05340338

$l250.time
[1] 18.858

$l250.rmse
[1] 0.04522579

$l500.time
[1] 94.591

$l500.rmse
[1] 0.0416704

$o25_i.ptime
[1] 0.258

$o25_i.time
[1] 0.263

$o25_i.rmse
[1] 0.4759148

$o50_i.ptime
[1] 0.172

$o50_i.time
[1] 0.183

$o50_i.rmse
[1] 0.347049

$o100_i.ptime
[1] 0.198

$o100_i.time
[1] 0.159

$o100_i.rmse
[1] 0.2562409

$o250_i.ptime
[1] 0.551

$o250_i.time
[1] 0.142

$o250_i.rmse
[1] 0.1714416

$o500_i.ptime
[1] 1.499

$o500_i.time
[1] 0.151

$o500_i.rmse
[1] 0.1146932

$o25_d.ptime
[1] 0.614

$o25_d.time
[1] 0.852

$o25_d.rmse
[1] 0.3372388

$o50_d.ptime
[1] 0.14

$o50_d.time
[1] 0.571

$o50_d.rmse
[1] 0.2455594

$o100_d.ptime
[1] 0.062

$o100_d.time
[1] 1.001

$o100_d.rmse
[1] 0.1694743

$o250_d.ptime
[1] 0.035

$o250_d.time
[1] 4.062

$o250_d.rmse
[1] 0.09978077

$o500_d.ptime
[1] 0.027

$o500_d.time
[1] 20.051

$o500_d.rmse
[1] 0.07263199

$c25_i.ptime
[1] 1.511

$c25_i.time
[1] 0.315

$c25_i.rmse
[1] 0.2218296

$c50_i.ptime
[1] 1.006

$c50_i.time
[1] 0.24

$c50_i.rmse
[1] 0.1870979

$c100_i.ptime
[1] 0.733

$c100_i.time
[1] 0.202

$c100_i.rmse
[1] 0.1457535

$c250_i.ptime
[1] 0.992

$c250_i.time
[1] 0.175

$c250_i.rmse
[1] 0.102598

$c500_i.ptime
[1] 2.04

$c500_i.time
[1] 0.19

$c500_i.rmse
[1] 0.07984612

$c25_d.ptime
[1] 1.996

$c25_d.time
[1] 1.009

$c25_d.rmse
[1] 0.1664473

$c50_d.ptime
[1] 1.104

$c50_d.time
[1] 1.219

$c50_d.rmse
[1] 0.1292276

$c100_d.ptime
[1] 0.654

$c100_d.time
[1] 1.884

$c100_d.rmse
[1] 0.1023715

$c250_d.ptime
[1] 0.342

$c250_d.time
[1] 7.481

$c250_d.rmse
[1] 0.08015157

$c500_d.ptime
[1] 0.444

$c500_d.time
[1] 26.314

$c500_d.rmse
[1] 0.0621262

$s25.ptime
[1] 0.304

$s25.time
[1] 0.001

$s25.rmse
[1] 0.6205728

$s50.ptime
[1] 0.616

$s50.time
[1] 0.002

$s50.rmse
[1] 0.4837814

$s100.ptime
[1] 0.708

$s100.time
[1] 0.003

$s100.rmse
[1] 0.3195394

$s250.ptime
[1] 1.132

$s250.time
[1] 0.008

$s250.rmse
[1] 0.2124343

$s500.ptime
[1] 1.885

$s500.time
[1] 0.013

$s500.rmse
[1] 0.1304585

$s1000.ptime
[1] 2.996

$s1000.time
[1] 0.028

$s1000.rmse
[1] 0.08379073

$s2500.ptime
[1] 15.209

$s2500.time
[1] 0.07

$s2500.rmse
[1] 0.05082632

$s5000.ptime
[1] 97.527

$s5000.time
[1] 0.147

$s5000.rmse
[1] 0.0414933

        seed            p    full.time    full.rmse     l25.time     l25.rmse 
    2507.000       10.000        0.077        0.036        3.704        0.090 
    l50.time     l50.rmse    l100.time    l100.rmse    l250.time    l250.rmse 
       3.792        0.070        5.197        0.053       18.858        0.045 
   l500.time    l500.rmse  o25_i.ptime   o25_i.time   o25_i.rmse  o50_i.ptime 
      94.591        0.042        0.258        0.263        0.476        0.172 
  o50_i.time   o50_i.rmse o100_i.ptime  o100_i.time  o100_i.rmse o250_i.ptime 
       0.183        0.347        0.198        0.159        0.256        0.551 
 o250_i.time  o250_i.rmse o500_i.ptime  o500_i.time  o500_i.rmse  o25_d.ptime 
       0.142        0.171        1.499        0.151        0.115        0.614 
  o25_d.time   o25_d.rmse  o50_d.ptime   o50_d.time   o50_d.rmse o100_d.ptime 
       0.852        0.337        0.140        0.571        0.246        0.062 
 o100_d.time  o100_d.rmse o250_d.ptime  o250_d.time  o250_d.rmse o500_d.ptime 
       1.001        0.169        0.035        4.062        0.100        0.027 
 o500_d.time  o500_d.rmse  c25_i.ptime   c25_i.time   c25_i.rmse  c50_i.ptime 
      20.051        0.073        1.511        0.315        0.222        1.006 
  c50_i.time   c50_i.rmse c100_i.ptime  c100_i.time  c100_i.rmse c250_i.ptime 
       0.240        0.187        0.733        0.202        0.146        0.992 
 c250_i.time  c250_i.rmse c500_i.ptime  c500_i.time  c500_i.rmse  c25_d.ptime 
       0.175        0.103        2.040        0.190        0.080        1.996 
  c25_d.time   c25_d.rmse  c50_d.ptime   c50_d.time   c50_d.rmse c100_d.ptime 
       1.009        0.166        1.104        1.219        0.129        0.654 
 c100_d.time  c100_d.rmse c250_d.ptime  c250_d.time  c250_d.rmse c500_d.ptime 
       1.884        0.102        0.342        7.481        0.080        0.444 
 c500_d.time  c500_d.rmse    s25.ptime     s25.time     s25.rmse    s50.ptime 
      26.314        0.062        0.304        0.001        0.621        0.616 
    s50.time     s50.rmse   s100.ptime    s100.time    s100.rmse   s250.ptime 
       0.002        0.484        0.708        0.003        0.320        1.132 
   s250.time    s250.rmse   s500.ptime    s500.time    s500.rmse  s1000.ptime 
       0.008        0.212        1.885        0.013        0.130        2.996 
  s1000.time   s1000.rmse  s2500.ptime   s2500.time   s2500.rmse  s5000.ptime 
       0.028        0.084       15.209        0.070        0.051       97.527 
  s5000.time   s5000.rmse 
       0.147        0.041 
[1] 0.8332222
$full.time
[1] 0.073

$full.rmse
[1] 0.03639248

$full.time
[1] 0.073

$full.rmse
[1] 0.03639248

$l25.time
[1] 3.629

$l25.rmse
[1] 0.09707875

$l50.time
[1] 3.624

$l50.rmse
[1] 0.07313118

$l100.time
[1] 5.04

$l100.rmse
[1] 0.05546459

$l250.time
[1] 20.267

$l250.rmse
[1] 0.04482242

$l500.time
[1] 98.308

$l500.rmse
[1] 0.04088578

$o25_i.ptime
[1] 0.286

$o25_i.time
[1] 0.29

$o25_i.rmse
[1] 0.4961732

$o50_i.ptime
[1] 0.183

$o50_i.time
[1] 0.208

$o50_i.rmse
[1] 0.4074327

$o100_i.ptime
[1] 0.223

$o100_i.time
[1] 0.169

$o100_i.rmse
[1] 0.2871431

$o250_i.ptime
[1] 0.594

$o250_i.time
[1] 0.143

$o250_i.rmse
[1] 0.1753082

$o500_i.ptime
[1] 1.503

$o500_i.time
[1] 0.142

$o500_i.rmse
[1] 0.1086652

$o25_d.ptime
[1] 0.568

$o25_d.time
[1] 0.836

$o25_d.rmse
[1] 0.3384261

$o50_d.ptime
[1] 0.14

$o50_d.time
[1] 0.581

$o50_d.rmse
[1] 0.2336179

$o100_d.ptime
[1] 0.055

$o100_d.time
[1] 1.274

$o100_d.rmse
[1] 0.1601249

$o250_d.ptime
[1] 0.03

$o250_d.time
[1] 5.147

$o250_d.rmse
[1] 0.09612428

$o500_d.ptime
[1] 0.028

$o500_d.time
[1] 25.499

$o500_d.rmse
[1] 0.07216643

$c25_i.ptime
[1] 1.599

$c25_i.time
[1] 0.316

$c25_i.rmse
[1] 0.2394024

$c50_i.ptime
[1] 1.234

$c50_i.time
[1] 0.229

$c50_i.rmse
[1] 0.1864472

$c100_i.ptime
[1] 0.899

$c100_i.time
[1] 0.189

$c100_i.rmse
[1] 0.1406587

$c250_i.ptime
[1] 0.997

$c250_i.time
[1] 0.177

$c250_i.rmse
[1] 0.099113

$c500_i.ptime
[1] 2.157

$c500_i.time
[1] 0.172

$c500_i.rmse
[1] 0.08165856

$c25_d.ptime
[1] 1.884

$c25_d.time
[1] 0.876

$c25_d.rmse
[1] 0.1720341

$c50_d.ptime
[1] 0.926

$c50_d.time
[1] 1.147

$c50_d.rmse
[1] 0.135195

$c100_d.ptime
[1] 0.837

$c100_d.time
[1] 2.121

$c100_d.rmse
[1] 0.1089088

$c250_d.ptime
[1] 0.605

$c250_d.time
[1] 7.581

$c250_d.rmse
[1] 0.07764158

$c500_d.ptime
[1] 0.474

$c500_d.time
[1] 28.744

$c500_d.rmse
[1] 0.06232012

$s25.ptime
[1] 0.452

$s25.time
[1] 0.001

$s25.rmse
[1] 0.6027413

$s50.ptime
[1] 0.477

$s50.time
[1] 0.001

$s50.rmse
[1] 0.410008

$s100.ptime
[1] 0.561

$s100.time
[1] 0.003

$s100.rmse
[1] 0.325328

$s250.ptime
[1] 1.125

$s250.time
[1] 0.008

$s250.rmse
[1] 0.2236927

$s500.ptime
[1] 1.856

$s500.time
[1] 0.015

$s500.rmse
[1] 0.1204613

$s1000.ptime
[1] 3.171

$s1000.time
[1] 0.025

$s1000.rmse
[1] 0.07477883

$s2500.ptime
[1] 16.114

$s2500.time
[1] 0.071

$s2500.rmse
[1] 0.0535811

$s5000.ptime
[1] 98.018

$s5000.time
[1] 0.131

$s5000.rmse
[1] 0.04051877

        seed            p    full.time    full.rmse     l25.time     l25.rmse 
    2508.000       10.000        0.073        0.036        3.629        0.097 
    l50.time     l50.rmse    l100.time    l100.rmse    l250.time    l250.rmse 
       3.624        0.073        5.040        0.055       20.267        0.045 
   l500.time    l500.rmse  o25_i.ptime   o25_i.time   o25_i.rmse  o50_i.ptime 
      98.308        0.041        0.286        0.290        0.496        0.183 
  o50_i.time   o50_i.rmse o100_i.ptime  o100_i.time  o100_i.rmse o250_i.ptime 
       0.208        0.407        0.223        0.169        0.287        0.594 
 o250_i.time  o250_i.rmse o500_i.ptime  o500_i.time  o500_i.rmse  o25_d.ptime 
       0.143        0.175        1.503        0.142        0.109        0.568 
  o25_d.time   o25_d.rmse  o50_d.ptime   o50_d.time   o50_d.rmse o100_d.ptime 
       0.836        0.338        0.140        0.581        0.234        0.055 
 o100_d.time  o100_d.rmse o250_d.ptime  o250_d.time  o250_d.rmse o500_d.ptime 
       1.274        0.160        0.030        5.147        0.096        0.028 
 o500_d.time  o500_d.rmse  c25_i.ptime   c25_i.time   c25_i.rmse  c50_i.ptime 
      25.499        0.072        1.599        0.316        0.239        1.234 
  c50_i.time   c50_i.rmse c100_i.ptime  c100_i.time  c100_i.rmse c250_i.ptime 
       0.229        0.186        0.899        0.189        0.141        0.997 
 c250_i.time  c250_i.rmse c500_i.ptime  c500_i.time  c500_i.rmse  c25_d.ptime 
       0.177        0.099        2.157        0.172        0.082        1.884 
  c25_d.time   c25_d.rmse  c50_d.ptime   c50_d.time   c50_d.rmse c100_d.ptime 
       0.876        0.172        0.926        1.147        0.135        0.837 
 c100_d.time  c100_d.rmse c250_d.ptime  c250_d.time  c250_d.rmse c500_d.ptime 
       2.121        0.109        0.605        7.581        0.078        0.474 
 c500_d.time  c500_d.rmse    s25.ptime     s25.time     s25.rmse    s50.ptime 
      28.744        0.062        0.452        0.001        0.603        0.477 
    s50.time     s50.rmse   s100.ptime    s100.time    s100.rmse   s250.ptime 
       0.001        0.410        0.561        0.003        0.325        1.125 
   s250.time    s250.rmse   s500.ptime    s500.time    s500.rmse  s1000.ptime 
       0.008        0.224        1.856        0.015        0.120        3.171 
  s1000.time   s1000.rmse  s2500.ptime   s2500.time   s2500.rmse  s5000.ptime 
       0.025        0.075       16.114        0.071        0.054       98.018 
  s5000.time   s5000.rmse 
       0.131        0.041 
  seed  p full.time  full.rmse l25.time   l25.rmse l50.time   l50.rmse
1 2504 10     0.070 0.03754461    3.566 0.09810508    4.125 0.07130029
2 2505 10     0.079 0.03908299    3.550 0.09632952    3.447 0.07140752
3 2506 10     0.069 0.03751193    3.761 0.10814057    3.785 0.07608034
4 2507 10     0.077 0.03630809    3.704 0.08974411    3.792 0.06984311
5 2508 10     0.073 0.03639248    3.629 0.09707875    3.624 0.07313118
  l100.time  l100.rmse l250.time  l250.rmse l500.time  l500.rmse o25_i.ptime
1     5.363 0.05606321    19.052 0.04608880    95.254 0.04161708       0.263
2     4.750 0.05729481    17.378 0.04903579    95.347 0.04464742       0.270
3     4.721 0.05807594    17.232 0.04716689    94.957 0.04177676       0.298
4     5.197 0.05340338    18.858 0.04522579    94.591 0.04167040       0.258
5     5.040 0.05546459    20.267 0.04482242    98.308 0.04088578       0.286
  o25_i.time o25_i.rmse o50_i.ptime o50_i.time o50_i.rmse o100_i.ptime
1      0.275  0.5200531       0.577      0.192  0.3776546        0.216
2      0.289  0.4848982       0.186      0.213  0.3948388        0.219
3      0.289  0.4434156       0.193      0.215  0.3523864        0.237
4      0.263  0.4759148       0.172      0.183  0.3470490        0.198
5      0.290  0.4961732       0.183      0.208  0.4074327        0.223
  o100_i.time o100_i.rmse o250_i.ptime o250_i.time o250_i.rmse o500_i.ptime
1       0.162   0.2731442        0.597       0.147   0.1768543        1.717
2       0.184   0.2787691        0.601       0.661   0.1643465        1.729
3       0.183   0.2803309        0.647       0.181   0.1730032        1.810
4       0.159   0.2562409        0.551       0.142   0.1714416        1.499
5       0.169   0.2871431        0.594       0.143   0.1753082        1.503
  o500_i.time o500_i.rmse o25_d.ptime o25_d.time o25_d.rmse o50_d.ptime
1       0.165   0.1177873       0.613      0.458  0.3366237       0.136
2       0.161   0.1194089       0.616      0.431  0.3188983       0.147
3       0.174   0.1163540       1.053      0.468  0.3169508       0.148
4       0.151   0.1146932       0.614      0.852  0.3372388       0.140
5       0.142   0.1086652       0.568      0.836  0.3384261       0.140
  o50_d.time o50_d.rmse o100_d.ptime o100_d.time o100_d.rmse o250_d.ptime
1      0.485  0.2328390        0.054       0.880   0.1589545        0.027
2      0.519  0.2395885        0.057       1.063   0.1643875        0.029
3      0.607  0.2339721        0.058       1.244   0.1734684        0.038
4      0.571  0.2455594        0.062       1.001   0.1694743        0.035
5      0.581  0.2336179        0.055       1.274   0.1601249        0.030
  o250_d.time o250_d.rmse o500_d.ptime o500_d.time o500_d.rmse c25_i.ptime
1       5.216  0.10144482        0.031      26.754  0.06746191       1.592
2       5.051  0.09833208        0.027      24.262  0.06893643       1.542
3       4.309  0.10536117        0.027      22.712  0.07186769       1.835
4       4.062  0.09978077        0.027      20.051  0.07263199       1.511
5       5.147  0.09612428        0.028      25.499  0.07216643       1.599
  c25_i.time c25_i.rmse c50_i.ptime c50_i.time c50_i.rmse c100_i.ptime
1      0.323  0.2463282       1.037      0.212  0.1898419        0.976
2      0.307  0.2377583       0.991      0.247  0.1971721        1.117
3      0.319  0.2409026       1.206      0.209  0.1854439        0.793
4      0.315  0.2218296       1.006      0.240  0.1870979        0.733
5      0.316  0.2394024       1.234      0.229  0.1864472        0.899
  c100_i.time c100_i.rmse c250_i.ptime c250_i.time c250_i.rmse c500_i.ptime
1       0.178   0.1507550        1.045       0.166  0.10774931        2.106
2       0.176   0.1427228        0.962       0.156  0.10637838        1.912
3       0.174   0.1390927        1.073       0.146  0.09890922        2.023
4       0.202   0.1457535        0.992       0.175  0.10259800        2.040
5       0.189   0.1406587        0.997       0.177  0.09911300        2.157
  c500_i.time c500_i.rmse c25_d.ptime c25_d.time c25_d.rmse c50_d.ptime
1       0.177  0.08288501       2.016      0.936  0.1906765       1.061
2       0.192  0.08381556       1.879      0.943  0.1832073       0.987
3       0.177  0.07423247       2.071      0.931  0.1688977       1.087
4       0.190  0.07984612       1.996      1.009  0.1664473       1.104
5       0.172  0.08165856       1.884      0.876  0.1720341       0.926
  c50_d.time c50_d.rmse c100_d.ptime c100_d.time c100_d.rmse c250_d.ptime
1      1.173  0.1423759        0.928       2.186   0.1044909        0.414
2      1.153  0.1353058        0.892       2.047   0.1069792        0.394
3      1.090  0.1312097        0.722       2.089   0.1011471        0.544
4      1.219  0.1292276        0.654       1.884   0.1023715        0.342
5      1.147  0.1351950        0.837       2.121   0.1089088        0.605
  c250_d.time c250_d.rmse c500_d.ptime c500_d.time c500_d.rmse s25.ptime
1       8.054  0.07601252        0.491      29.933  0.06274409     0.382
2       7.426  0.07943697        0.285      27.709  0.06999924     0.312
3       7.800  0.07555738        0.358      27.165  0.06409165     0.260
4       7.481  0.08015157        0.444      26.314  0.06212620     0.304
5       7.581  0.07764158        0.474      28.744  0.06232012     0.452
  s25.time  s25.rmse s50.ptime s50.time  s50.rmse s100.ptime s100.time
1    0.001 0.5998569     0.426    0.002 0.4388290      0.641     0.003
2    0.001 0.6528125     0.380    0.002 0.4954194      0.802     0.003
3    0.001 0.4970022     0.466    0.002 0.4508325      0.904     0.003
4    0.001 0.6205728     0.616    0.002 0.4837814      0.708     0.003
5    0.001 0.6027413     0.477    0.001 0.4100080      0.561     0.003
  s100.rmse s250.ptime s250.time s250.rmse s500.ptime s500.time s500.rmse
1 0.3195699      1.089     0.006 0.1928325      1.606     0.016 0.1248401
2 0.3299962      1.036     0.008 0.1826984      1.670     0.016 0.1222334
3 0.3032379      1.089     0.007 0.2063989      1.801     0.016 0.1187399
4 0.3195394      1.132     0.008 0.2124343      1.885     0.013 0.1304585
5 0.3253280      1.125     0.008 0.2236927      1.856     0.015 0.1204613
  s1000.ptime s1000.time s1000.rmse s2500.ptime s2500.time s2500.rmse
1       3.053      0.032 0.07683618      22.475      0.081 0.05159578
2       3.407      0.029 0.08480567      15.340      0.072 0.05273220
3       3.179      0.032 0.07960725      15.698      0.064 0.05349407
4       2.996      0.028 0.08379073      15.209      0.070 0.05082632
5       3.171      0.025 0.07477883      16.114      0.071 0.05358110
  s5000.ptime s5000.time s5000.rmse
1     100.437      0.151 0.04061547
2      96.711      0.148 0.04466399
3     100.410      0.145 0.04240407
4      97.527      0.147 0.04149330
5      98.018      0.131 0.04051877
> 
> proc.time()
    user   system  elapsed 
4181.543   34.090 4306.349 
