
R version 3.0.3 (2014-03-06) -- "Warm Puppy"
Copyright (C) 2014 The R Foundation for Statistical Computing
Platform: x86_64-unknown-linux-gnu (64-bit)

R is free software and comes with ABSOLUTELY NO WARRANTY.
You are welcome to redistribute it under certain conditions.
Type 'license()' or 'licence()' for distribution details.

  Natural language support but running in an English locale

R is a collaborative project with many contributors.
Type 'contributors()' for more information and
'citation()' on how to cite R or R packages in publications.

Type 'demo()' for some demos, 'help()' for on-line help, or
'help.start()' for an HTML browser interface to help.
Type 'q()' to quit R.

> print(.libPaths())
[1] "/usr/local/r-3.0.3/lib64/R/library"
> .libPaths("/mnt/home/rjparker/Rlib")
> print(.libPaths())
[1] "/mnt/home/rjparker/Rlib"            "/usr/local/r-3.0.3/lib64/R/library"
> setwd("/mnt/home/rjparker/git/block_int")
> 
> which_exp <- 6
> which_part <- 7
> source("R/sim_nblocks_pred.R")
Loading required package: spam
Loading required package: grid
Spam version 0.41-0 (2014-02-26) is loaded.
Type 'help( Spam)' or 'demo( spam)' for a short introduction 
and overview of this package.
Help for individual functions is also obtained by adding the
suffix '.spam' to the function name, e.g. 'help( chol.spam)'.

Attaching package: ‘spam’

The following objects are masked from ‘package:base’:

    backsolve, forwardsolve

Loading required package: maps
  pred  p b tau Nper_p Npred Fzero sigma2
6 TRUE 10 4  10  10000  1000     0      1
[1] 0.8043567
$full.time
[1] 0.21

$full.rmse
[1] 0.03724279

$full.time
[1] 0.21

$full.rmse
[1] 0.03724279

$l25.time
[1] 6.941

$l25.rmse
[1] 0.09084711

$l50.time
[1] 6.551

$l50.rmse
[1] 0.06648855

$l100.time
[1] 8.68

$l100.rmse
[1] 0.05404275

$l250.time
[1] 27.431

$l250.rmse
[1] 0.04579528

$l500.time
[1] 108.498

$l500.rmse
[1] 0.04197563

$o25_i.ptime
[1] 0.275

$o25_i.time
[1] 0.271

$o25_i.rmse
[1] 0.4539106

$o50_i.ptime
[1] 0.609

$o50_i.time
[1] 0.185

$o50_i.rmse
[1] 0.3767451

$o100_i.ptime
[1] 0.228

$o100_i.time
[1] 0.152

$o100_i.rmse
[1] 0.2862958

$o250_i.ptime
[1] 0.641

$o250_i.time
[1] 0.138

$o250_i.rmse
[1] 0.1658074

$o500_i.ptime
[1] 1.867

$o500_i.time
[1] 0.165

$o500_i.rmse
[1] 0.1090665

$o25_d.ptime
[1] 0.632

$o25_d.time
[1] 0.514

$o25_d.rmse
[1] 0.3133586

$o50_d.ptime
[1] 0.146

$o50_d.time
[1] 0.566

$o50_d.rmse
[1] 0.2265625

$o100_d.ptime
[1] 0.06

$o100_d.time
[1] 1.37

$o100_d.rmse
[1] 0.164836

$o250_d.ptime
[1] 0.029

$o250_d.time
[1] 5.084

$o250_d.rmse
[1] 0.1022741

$o500_d.ptime
[1] 0.028

$o500_d.time
[1] 30.121

$o500_d.rmse
[1] 0.07288714

$c25_i.ptime
[1] 1.857

$c25_i.time
[1] 0.302

$c25_i.rmse
[1] 0.2215843

$c50_i.ptime
[1] 1.229

$c50_i.time
[1] 0.234

$c50_i.rmse
[1] 0.1785061

$c100_i.ptime
[1] 1.152

$c100_i.time
[1] 0.225

$c100_i.rmse
[1] 0.1341299

$c250_i.ptime
[1] 1.155

$c250_i.time
[1] 0.16

$c250_i.rmse
[1] 0.1002493

$c500_i.ptime
[1] 2.399

$c500_i.time
[1] 0.196

$c500_i.rmse
[1] 0.07861559

$c25_d.ptime
[1] 2.159

$c25_d.time
[1] 1.203

$c25_d.rmse
[1] 0.1771288

$c50_d.ptime
[1] 1.3

$c50_d.time
[1] 1.515

$c50_d.rmse
[1] 0.1313125

$c100_d.ptime
[1] 0.704

$c100_d.time
[1] 2.806

$c100_d.rmse
[1] 0.104858

$c250_d.ptime
[1] 0.565

$c250_d.time
[1] 9.177

$c250_d.rmse
[1] 0.0726736

$c500_d.ptime
[1] 0.423

$c500_d.time
[1] 33.63

$c500_d.rmse
[1] 0.06939185

$s25.ptime
[1] 0.425

$s25.time
[1] 0.001

$s25.rmse
[1] 0.5949402

$s50.ptime
[1] 0.506

$s50.time
[1] 0.001

$s50.rmse
[1] 0.467765

$s100.ptime
[1] 0.601

$s100.time
[1] 0.003

$s100.rmse
[1] 0.3187468

$s250.ptime
[1] 1.333

$s250.time
[1] 0.009

$s250.rmse
[1] 0.1801417

$s500.ptime
[1] 2.243

$s500.time
[1] 0.026

$s500.rmse
[1] 0.1233485

$s1000.ptime
[1] 3.628

$s1000.time
[1] 0.034

$s1000.rmse
[1] 0.08018457

$s2500.ptime
[1] 22.155

$s2500.time
[1] 0.08

$s2500.rmse
[1] 0.05318549

$s5000.ptime
[1] 167.906

$s5000.time
[1] 0.267

$s5000.rmse
[1] 0.04159128

        seed            p    full.time    full.rmse     l25.time     l25.rmse 
    2514.000       10.000        0.210        0.037        6.941        0.091 
    l50.time     l50.rmse    l100.time    l100.rmse    l250.time    l250.rmse 
       6.551        0.066        8.680        0.054       27.431        0.046 
   l500.time    l500.rmse  o25_i.ptime   o25_i.time   o25_i.rmse  o50_i.ptime 
     108.498        0.042        0.275        0.271        0.454        0.609 
  o50_i.time   o50_i.rmse o100_i.ptime  o100_i.time  o100_i.rmse o250_i.ptime 
       0.185        0.377        0.228        0.152        0.286        0.641 
 o250_i.time  o250_i.rmse o500_i.ptime  o500_i.time  o500_i.rmse  o25_d.ptime 
       0.138        0.166        1.867        0.165        0.109        0.632 
  o25_d.time   o25_d.rmse  o50_d.ptime   o50_d.time   o50_d.rmse o100_d.ptime 
       0.514        0.313        0.146        0.566        0.227        0.060 
 o100_d.time  o100_d.rmse o250_d.ptime  o250_d.time  o250_d.rmse o500_d.ptime 
       1.370        0.165        0.029        5.084        0.102        0.028 
 o500_d.time  o500_d.rmse  c25_i.ptime   c25_i.time   c25_i.rmse  c50_i.ptime 
      30.121        0.073        1.857        0.302        0.222        1.229 
  c50_i.time   c50_i.rmse c100_i.ptime  c100_i.time  c100_i.rmse c250_i.ptime 
       0.234        0.179        1.152        0.225        0.134        1.155 
 c250_i.time  c250_i.rmse c500_i.ptime  c500_i.time  c500_i.rmse  c25_d.ptime 
       0.160        0.100        2.399        0.196        0.079        2.159 
  c25_d.time   c25_d.rmse  c50_d.ptime   c50_d.time   c50_d.rmse c100_d.ptime 
       1.203        0.177        1.300        1.515        0.131        0.704 
 c100_d.time  c100_d.rmse c250_d.ptime  c250_d.time  c250_d.rmse c500_d.ptime 
       2.806        0.105        0.565        9.177        0.073        0.423 
 c500_d.time  c500_d.rmse    s25.ptime     s25.time     s25.rmse    s50.ptime 
      33.630        0.069        0.425        0.001        0.595        0.506 
    s50.time     s50.rmse   s100.ptime    s100.time    s100.rmse   s250.ptime 
       0.001        0.468        0.601        0.003        0.319        1.333 
   s250.time    s250.rmse   s500.ptime    s500.time    s500.rmse  s1000.ptime 
       0.009        0.180        2.243        0.026        0.123        3.628 
  s1000.time   s1000.rmse  s2500.ptime   s2500.time   s2500.rmse  s5000.ptime 
       0.034        0.080       22.155        0.080        0.053      167.906 
  s5000.time   s5000.rmse 
       0.267        0.042 
[1] 0.9211371
$full.time
[1] 0.129

$full.rmse
[1] 0.03773422

$full.time
[1] 0.129

$full.rmse
[1] 0.03773422

$l25.time
[1] 5.904

$l25.rmse
[1] 0.102784

$l50.time
[1] 6.166

$l50.rmse
[1] 0.07477542

$l100.time
[1] 8.297

$l100.rmse
[1] 0.0583633

$l250.time
[1] 27.632

$l250.rmse
[1] 0.04825674

$l500.time
[1] 109.098

$l500.rmse
[1] 0.04324196

$o25_i.ptime
[1] 0.291

$o25_i.time
[1] 0.312

$o25_i.rmse
[1] 0.4237351

$o50_i.ptime
[1] 0.207

$o50_i.time
[1] 0.235

$o50_i.rmse
[1] 0.3418377

$o100_i.ptime
[1] 0.247

$o100_i.time
[1] 0.196

$o100_i.rmse
[1] 0.2796179

$o250_i.ptime
[1] 0.715

$o250_i.time
[1] 0.735

$o250_i.rmse
[1] 0.1781903

$o500_i.ptime
[1] 1.888

$o500_i.time
[1] 0.163

$o500_i.rmse
[1] 0.1295044

$o25_d.ptime
[1] 0.628

$o25_d.time
[1] 0.535

$o25_d.rmse
[1] 0.2887209

$o50_d.ptime
[1] 0.148

$o50_d.time
[1] 0.604

$o50_d.rmse
[1] 0.2309746

$o100_d.ptime
[1] 0.061

$o100_d.time
[1] 1.251

$o100_d.rmse
[1] 0.1722789

$o250_d.ptime
[1] 0.031

$o250_d.time
[1] 6.116

$o250_d.rmse
[1] 0.1046572

$o500_d.ptime
[1] 0.029

$o500_d.time
[1] 27.288

$o500_d.rmse
[1] 0.06854456

$c25_i.ptime
[1] 1.849

$c25_i.time
[1] 0.315

$c25_i.rmse
[1] 0.2409154

$c50_i.ptime
[1] 1.128

$c50_i.time
[1] 0.216

$c50_i.rmse
[1] 0.1918905

$c100_i.ptime
[1] 0.859

$c100_i.time
[1] 0.179

$c100_i.rmse
[1] 0.1425243

$c250_i.ptime
[1] 1.157

$c250_i.time
[1] 0.165

$c250_i.rmse
[1] 0.1062231

$c500_i.ptime
[1] 2.542

$c500_i.time
[1] 0.192

$c500_i.rmse
[1] 0.08326548

$c25_d.ptime
[1] 2.15

$c25_d.time
[1] 1.246

$c25_d.rmse
[1] 0.1816957

$c50_d.ptime
[1] 0.966

$c50_d.time
[1] 1.443

$c50_d.rmse
[1] 0.1408404

$c100_d.ptime
[1] 0.847

$c100_d.time
[1] 2.597

$c100_d.rmse
[1] 0.1054086

$c250_d.ptime
[1] 0.644

$c250_d.time
[1] 9.879

$c250_d.rmse
[1] 0.07946313

$c500_d.ptime
[1] 0.569

$c500_d.time
[1] 31.698

$c500_d.rmse
[1] 0.06203617

$s25.ptime
[1] 0.348

$s25.time
[1] 0.001

$s25.rmse
[1] 0.5363163

$s50.ptime
[1] 0.488

$s50.time
[1] 0.002

$s50.rmse
[1] 0.4349551

$s100.ptime
[1] 0.704

$s100.time
[1] 0.003

$s100.rmse
[1] 0.31719

$s250.ptime
[1] 1.661

$s250.time
[1] 0.009

$s250.rmse
[1] 0.1978529

$s500.ptime
[1] 1.931

$s500.time
[1] 0.023

$s500.rmse
[1] 0.1226154

$s1000.ptime
[1] 3.739

$s1000.time
[1] 0.042

$s1000.rmse
[1] 0.08303742

$s2500.ptime
[1] 24.007

$s2500.time
[1] 0.1

$s2500.rmse
[1] 0.05328715

$s5000.ptime
[1] 172.068

$s5000.time
[1] 0.242

$s5000.rmse
[1] 0.04264768

        seed            p    full.time    full.rmse     l25.time     l25.rmse 
    2515.000       10.000        0.129        0.038        5.904        0.103 
    l50.time     l50.rmse    l100.time    l100.rmse    l250.time    l250.rmse 
       6.166        0.075        8.297        0.058       27.632        0.048 
   l500.time    l500.rmse  o25_i.ptime   o25_i.time   o25_i.rmse  o50_i.ptime 
     109.098        0.043        0.291        0.312        0.424        0.207 
  o50_i.time   o50_i.rmse o100_i.ptime  o100_i.time  o100_i.rmse o250_i.ptime 
       0.235        0.342        0.247        0.196        0.280        0.715 
 o250_i.time  o250_i.rmse o500_i.ptime  o500_i.time  o500_i.rmse  o25_d.ptime 
       0.735        0.178        1.888        0.163        0.130        0.628 
  o25_d.time   o25_d.rmse  o50_d.ptime   o50_d.time   o50_d.rmse o100_d.ptime 
       0.535        0.289        0.148        0.604        0.231        0.061 
 o100_d.time  o100_d.rmse o250_d.ptime  o250_d.time  o250_d.rmse o500_d.ptime 
       1.251        0.172        0.031        6.116        0.105        0.029 
 o500_d.time  o500_d.rmse  c25_i.ptime   c25_i.time   c25_i.rmse  c50_i.ptime 
      27.288        0.069        1.849        0.315        0.241        1.128 
  c50_i.time   c50_i.rmse c100_i.ptime  c100_i.time  c100_i.rmse c250_i.ptime 
       0.216        0.192        0.859        0.179        0.143        1.157 
 c250_i.time  c250_i.rmse c500_i.ptime  c500_i.time  c500_i.rmse  c25_d.ptime 
       0.165        0.106        2.542        0.192        0.083        2.150 
  c25_d.time   c25_d.rmse  c50_d.ptime   c50_d.time   c50_d.rmse c100_d.ptime 
       1.246        0.182        0.966        1.443        0.141        0.847 
 c100_d.time  c100_d.rmse c250_d.ptime  c250_d.time  c250_d.rmse c500_d.ptime 
       2.597        0.105        0.644        9.879        0.079        0.569 
 c500_d.time  c500_d.rmse    s25.ptime     s25.time     s25.rmse    s50.ptime 
      31.698        0.062        0.348        0.001        0.536        0.488 
    s50.time     s50.rmse   s100.ptime    s100.time    s100.rmse   s250.ptime 
       0.002        0.435        0.704        0.003        0.317        1.661 
   s250.time    s250.rmse   s500.ptime    s500.time    s500.rmse  s1000.ptime 
       0.009        0.198        1.931        0.023        0.123        3.739 
  s1000.time   s1000.rmse  s2500.ptime   s2500.time   s2500.rmse  s5000.ptime 
       0.042        0.083       24.007        0.100        0.053      172.068 
  s5000.time   s5000.rmse 
       0.242        0.043 
[1] 1.007532
$full.time
[1] 0.11

$full.rmse
[1] 0.03900747

$full.time
[1] 0.11

$full.rmse
[1] 0.03900747

$l25.time
[1] 5.659

$l25.rmse
[1] 0.0999942

$l50.time
[1] 6.475

$l50.rmse
[1] 0.07537013

$l100.time
[1] 8.443

$l100.rmse
[1] 0.06007584

$l250.time
[1] 24.19

$l250.rmse
[1] 0.04952122

$l500.time
[1] 108.749

$l500.rmse
[1] 0.04485084

$o25_i.ptime
[1] 0.29

$o25_i.time
[1] 0.316

$o25_i.rmse
[1] 0.4973847

$o50_i.ptime
[1] 0.214

$o50_i.time
[1] 0.222

$o50_i.rmse
[1] 0.3663513

$o100_i.ptime
[1] 0.254

$o100_i.time
[1] 0.191

$o100_i.rmse
[1] 0.2981632

$o250_i.ptime
[1] 0.684

$o250_i.time
[1] 0.169

$o250_i.rmse
[1] 0.1910726

$o500_i.ptime
[1] 1.837

$o500_i.time
[1] 0.193

$o500_i.rmse
[1] 0.1206041

$o25_d.ptime
[1] 0.923

$o25_d.time
[1] 0.551

$o25_d.rmse
[1] 0.3280983

$o50_d.ptime
[1] 0.159

$o50_d.time
[1] 0.684

$o50_d.rmse
[1] 0.2338806

$o100_d.ptime
[1] 0.057

$o100_d.time
[1] 1.234

$o100_d.rmse
[1] 0.175417

$o250_d.ptime
[1] 0.031

$o250_d.time
[1] 6.107

$o250_d.rmse
[1] 0.1164528

$o500_d.ptime
[1] 0.033

$o500_d.time
[1] 23.383

$o500_d.rmse
[1] 0.07768789

$c25_i.ptime
[1] 1.6

$c25_i.time
[1] 0.453

$c25_i.rmse
[1] 0.2435713

$c50_i.ptime
[1] 1.199

$c50_i.time
[1] 0.214

$c50_i.rmse
[1] 0.198943

$c100_i.ptime
[1] 0.995

$c100_i.time
[1] 0.21

$c100_i.rmse
[1] 0.1568599

$c250_i.ptime
[1] 1.088

$c250_i.time
[1] 0.201

$c250_i.rmse
[1] 0.1113326

$c500_i.ptime
[1] 2.633

$c500_i.time
[1] 0.228

$c500_i.rmse
[1] 0.07889326

$c25_d.ptime
[1] 2.048

$c25_d.time
[1] 1.221

$c25_d.rmse
[1] 0.1845233

$c50_d.ptime
[1] 1.03

$c50_d.time
[1] 1.396

$c50_d.rmse
[1] 0.1429194

$c100_d.ptime
[1] 0.898

$c100_d.time
[1] 2.668

$c100_d.rmse
[1] 0.1070479

$c250_d.ptime
[1] 0.609

$c250_d.time
[1] 9.463

$c250_d.rmse
[1] 0.08116966

$c500_d.ptime
[1] 0.51

$c500_d.time
[1] 32.407

$c500_d.rmse
[1] 0.06379388

$s25.ptime
[1] 0.643

$s25.time
[1] 0.001

$s25.rmse
[1] 0.6070903

$s50.ptime
[1] 0.586

$s50.time
[1] 0.002

$s50.rmse
[1] 0.4508252

$s100.ptime
[1] 0.831

$s100.time
[1] 0.004

$s100.rmse
[1] 0.316858

$s250.ptime
[1] 1.382

$s250.time
[1] 0.011

$s250.rmse
[1] 0.1962992

$s500.ptime
[1] 2.114

$s500.time
[1] 0.022

$s500.rmse
[1] 0.1327845

$s1000.ptime
[1] 3.807

$s1000.time
[1] 0.038

$s1000.rmse
[1] 0.08960469

$s2500.ptime
[1] 23.995

$s2500.time
[1] 0.134

$s2500.rmse
[1] 0.05398241

$s5000.ptime
[1] 173.603

$s5000.time
[1] 0.287

$s5000.rmse
[1] 0.0435828

        seed            p    full.time    full.rmse     l25.time     l25.rmse 
    2516.000       10.000        0.110        0.039        5.659        0.100 
    l50.time     l50.rmse    l100.time    l100.rmse    l250.time    l250.rmse 
       6.475        0.075        8.443        0.060       24.190        0.050 
   l500.time    l500.rmse  o25_i.ptime   o25_i.time   o25_i.rmse  o50_i.ptime 
     108.749        0.045        0.290        0.316        0.497        0.214 
  o50_i.time   o50_i.rmse o100_i.ptime  o100_i.time  o100_i.rmse o250_i.ptime 
       0.222        0.366        0.254        0.191        0.298        0.684 
 o250_i.time  o250_i.rmse o500_i.ptime  o500_i.time  o500_i.rmse  o25_d.ptime 
       0.169        0.191        1.837        0.193        0.121        0.923 
  o25_d.time   o25_d.rmse  o50_d.ptime   o50_d.time   o50_d.rmse o100_d.ptime 
       0.551        0.328        0.159        0.684        0.234        0.057 
 o100_d.time  o100_d.rmse o250_d.ptime  o250_d.time  o250_d.rmse o500_d.ptime 
       1.234        0.175        0.031        6.107        0.116        0.033 
 o500_d.time  o500_d.rmse  c25_i.ptime   c25_i.time   c25_i.rmse  c50_i.ptime 
      23.383        0.078        1.600        0.453        0.244        1.199 
  c50_i.time   c50_i.rmse c100_i.ptime  c100_i.time  c100_i.rmse c250_i.ptime 
       0.214        0.199        0.995        0.210        0.157        1.088 
 c250_i.time  c250_i.rmse c500_i.ptime  c500_i.time  c500_i.rmse  c25_d.ptime 
       0.201        0.111        2.633        0.228        0.079        2.048 
  c25_d.time   c25_d.rmse  c50_d.ptime   c50_d.time   c50_d.rmse c100_d.ptime 
       1.221        0.185        1.030        1.396        0.143        0.898 
 c100_d.time  c100_d.rmse c250_d.ptime  c250_d.time  c250_d.rmse c500_d.ptime 
       2.668        0.107        0.609        9.463        0.081        0.510 
 c500_d.time  c500_d.rmse    s25.ptime     s25.time     s25.rmse    s50.ptime 
      32.407        0.064        0.643        0.001        0.607        0.586 
    s50.time     s50.rmse   s100.ptime    s100.time    s100.rmse   s250.ptime 
       0.002        0.451        0.831        0.004        0.317        1.382 
   s250.time    s250.rmse   s500.ptime    s500.time    s500.rmse  s1000.ptime 
       0.011        0.196        2.114        0.022        0.133        3.807 
  s1000.time   s1000.rmse  s2500.ptime   s2500.time   s2500.rmse  s5000.ptime 
       0.038        0.090       23.995        0.134        0.054      173.603 
  s5000.time   s5000.rmse 
       0.287        0.044 
[1] 0.8353486
$full.time
[1] 0.115

$full.rmse
[1] 0.04000665

$full.time
[1] 0.115

$full.rmse
[1] 0.04000665

$l25.time
[1] 5.872

$l25.rmse
[1] 0.09762834

$l50.time
[1] 6.036

$l50.rmse
[1] 0.07462164

$l100.time
[1] 8.097

$l100.rmse
[1] 0.0594177

$l250.time
[1] 25.173

$l250.rmse
[1] 0.04989544

$l500.time
[1] 108.257

$l500.rmse
[1] 0.04545376

$o25_i.ptime
[1] 0.277

$o25_i.time
[1] 0.293

$o25_i.rmse
[1] 0.4538145

$o50_i.ptime
[1] 0.194

$o50_i.time
[1] 0.213

$o50_i.rmse
[1] 0.3741208

$o100_i.ptime
[1] 0.238

$o100_i.time
[1] 0.171

$o100_i.rmse
[1] 0.27744

$o250_i.ptime
[1] 0.654

$o250_i.time
[1] 0.154

$o250_i.rmse
[1] 0.1713676

$o500_i.ptime
[1] 1.767

$o500_i.time
[1] 0.162

$o500_i.rmse
[1] 0.11651

$o25_d.ptime
[1] 0.884

$o25_d.time
[1] 0.534

$o25_d.rmse
[1] 0.314155

$o50_d.ptime
[1] 0.153

$o50_d.time
[1] 0.678

$o50_d.rmse
[1] 0.2329277

$o100_d.ptime
[1] 0.055

$o100_d.time
[1] 1.297

$o100_d.rmse
[1] 0.1611173

$o250_d.ptime
[1] 0.03

$o250_d.time
[1] 5.413

$o250_d.rmse
[1] 0.101766

$o500_d.ptime
[1] 0.028

$o500_d.time
[1] 23.858

$o500_d.rmse
[1] 0.07661929

$c25_i.ptime
[1] 1.747

$c25_i.time
[1] 0.336

$c25_i.rmse
[1] 0.2455677

$c50_i.ptime
[1] 1.342

$c50_i.time
[1] 0.257

$c50_i.rmse
[1] 0.2025555

$c100_i.ptime
[1] 1.074

$c100_i.time
[1] 0.209

$c100_i.rmse
[1] 0.1438737

$c250_i.ptime
[1] 1.09

$c250_i.time
[1] 0.199

$c250_i.rmse
[1] 0.1058534

$c500_i.ptime
[1] 2.628

$c500_i.time
[1] 0.213

$c500_i.rmse
[1] 0.09275412

$c25_d.ptime
[1] 2.184

$c25_d.time
[1] 1.207

$c25_d.rmse
[1] 0.1878806

$c50_d.ptime
[1] 1.442

$c50_d.time
[1] 1.449

$c50_d.rmse
[1] 0.1512147

$c100_d.ptime
[1] 0.987

$c100_d.time
[1] 2.62

$c100_d.rmse
[1] 0.1084503

$c250_d.ptime
[1] 0.581

$c250_d.time
[1] 9.144

$c250_d.rmse
[1] 0.08584235

$c500_d.ptime
[1] 0.34

$c500_d.time
[1] 33.808

$c500_d.rmse
[1] 0.06229441

$s25.ptime
[1] 0.44

$s25.time
[1] 0.001

$s25.rmse
[1] 0.5552363

$s50.ptime
[1] 0.521

$s50.time
[1] 0.002

$s50.rmse
[1] 0.3869483

$s100.ptime
[1] 0.896

$s100.time
[1] 0.003

$s100.rmse
[1] 0.3145162

$s250.ptime
[1] 1.191

$s250.time
[1] 0.011

$s250.rmse
[1] 0.1974528

$s500.ptime
[1] 1.805

$s500.time
[1] 0.023

$s500.rmse
[1] 0.1354888

$s1000.ptime
[1] 3.644

$s1000.time
[1] 0.044

$s1000.rmse
[1] 0.08817884

$s2500.ptime
[1] 22.45

$s2500.time
[1] 0.09

$s2500.rmse
[1] 0.05829494

$s5000.ptime
[1] 160.766

$s5000.time
[1] 0.284

$s5000.rmse
[1] 0.04412623

        seed            p    full.time    full.rmse     l25.time     l25.rmse 
    2517.000       10.000        0.115        0.040        5.872        0.098 
    l50.time     l50.rmse    l100.time    l100.rmse    l250.time    l250.rmse 
       6.036        0.075        8.097        0.059       25.173        0.050 
   l500.time    l500.rmse  o25_i.ptime   o25_i.time   o25_i.rmse  o50_i.ptime 
     108.257        0.045        0.277        0.293        0.454        0.194 
  o50_i.time   o50_i.rmse o100_i.ptime  o100_i.time  o100_i.rmse o250_i.ptime 
       0.213        0.374        0.238        0.171        0.277        0.654 
 o250_i.time  o250_i.rmse o500_i.ptime  o500_i.time  o500_i.rmse  o25_d.ptime 
       0.154        0.171        1.767        0.162        0.117        0.884 
  o25_d.time   o25_d.rmse  o50_d.ptime   o50_d.time   o50_d.rmse o100_d.ptime 
       0.534        0.314        0.153        0.678        0.233        0.055 
 o100_d.time  o100_d.rmse o250_d.ptime  o250_d.time  o250_d.rmse o500_d.ptime 
       1.297        0.161        0.030        5.413        0.102        0.028 
 o500_d.time  o500_d.rmse  c25_i.ptime   c25_i.time   c25_i.rmse  c50_i.ptime 
      23.858        0.077        1.747        0.336        0.246        1.342 
  c50_i.time   c50_i.rmse c100_i.ptime  c100_i.time  c100_i.rmse c250_i.ptime 
       0.257        0.203        1.074        0.209        0.144        1.090 
 c250_i.time  c250_i.rmse c500_i.ptime  c500_i.time  c500_i.rmse  c25_d.ptime 
       0.199        0.106        2.628        0.213        0.093        2.184 
  c25_d.time   c25_d.rmse  c50_d.ptime   c50_d.time   c50_d.rmse c100_d.ptime 
       1.207        0.188        1.442        1.449        0.151        0.987 
 c100_d.time  c100_d.rmse c250_d.ptime  c250_d.time  c250_d.rmse c500_d.ptime 
       2.620        0.108        0.581        9.144        0.086        0.340 
 c500_d.time  c500_d.rmse    s25.ptime     s25.time     s25.rmse    s50.ptime 
      33.808        0.062        0.440        0.001        0.555        0.521 
    s50.time     s50.rmse   s100.ptime    s100.time    s100.rmse   s250.ptime 
       0.002        0.387        0.896        0.003        0.315        1.191 
   s250.time    s250.rmse   s500.ptime    s500.time    s500.rmse  s1000.ptime 
       0.011        0.197        1.805        0.023        0.135        3.644 
  s1000.time   s1000.rmse  s2500.ptime   s2500.time   s2500.rmse  s5000.ptime 
       0.044        0.088       22.450        0.090        0.058      160.766 
  s5000.time   s5000.rmse 
       0.284        0.044 
[1] 1.07051
$full.time
[1] 0.149

$full.rmse
[1] 0.03879844

$full.time
[1] 0.149

$full.rmse
[1] 0.03879844

$l25.time
[1] 5.428

$l25.rmse
[1] 0.09549526

$l50.time
[1] 5.766

$l50.rmse
[1] 0.07241045

$l100.time
[1] 7.722

$l100.rmse
[1] 0.05700822

$l250.time
[1] 22.486

$l250.rmse
[1] 0.04710447

$l500.time
[1] 103.981

$l500.rmse
[1] 0.04321723

$o25_i.ptime
[1] 0.26

$o25_i.time
[1] 0.276

$o25_i.rmse
[1] 0.4954177

$o50_i.ptime
[1] 0.199

$o50_i.time
[1] 0.189

$o50_i.rmse
[1] 0.3555956

$o100_i.ptime
[1] 0.227

$o100_i.time
[1] 0.157

$o100_i.rmse
[1] 0.2696331

$o250_i.ptime
[1] 0.62

$o250_i.time
[1] 0.15

$o250_i.rmse
[1] 0.1634564

$o500_i.ptime
[1] 1.712

$o500_i.time
[1] 0.551

$o500_i.rmse
[1] 0.1091382

$o25_d.ptime
[1] 0.627

$o25_d.time
[1] 0.499

$o25_d.rmse
[1] 0.3307319

$o50_d.ptime
[1] 0.148

$o50_d.time
[1] 0.639

$o50_d.rmse
[1] 0.2369607

$o100_d.ptime
[1] 0.061

$o100_d.time
[1] 1.228

$o100_d.rmse
[1] 0.1763879

$o250_d.ptime
[1] 0.035

$o250_d.time
[1] 6.624

$o250_d.rmse
[1] 0.09575046

$o500_d.ptime
[1] 0.026

$o500_d.time
[1] 30.203

$o500_d.rmse
[1] 0.07102267

$c25_i.ptime
[1] 1.675

$c25_i.time
[1] 0.349

$c25_i.rmse
[1] 0.2522056

$c50_i.ptime
[1] 1.165

$c50_i.time
[1] 0.223

$c50_i.rmse
[1] 0.173232

$c100_i.ptime
[1] 1.025

$c100_i.time
[1] 0.201

$c100_i.rmse
[1] 0.134616

$c250_i.ptime
[1] 1.124

$c250_i.time
[1] 0.163

$c250_i.rmse
[1] 0.09953132

$c500_i.ptime
[1] 2.402

$c500_i.time
[1] 0.219

$c500_i.rmse
[1] 0.08265737

$c25_d.ptime
[1] 2.229

$c25_d.time
[1] 1.167

$c25_d.rmse
[1] 0.1795202

$c50_d.ptime
[1] 1.253

$c50_d.time
[1] 1.361

$c50_d.rmse
[1] 0.1469004

$c100_d.ptime
[1] 0.78

$c100_d.time
[1] 2.48

$c100_d.rmse
[1] 0.09993741

$c250_d.ptime
[1] 0.504

$c250_d.time
[1] 7.85

$c250_d.rmse
[1] 0.07900654

$c500_d.ptime
[1] 0.31

$c500_d.time
[1] 34.37

$c500_d.rmse
[1] 0.06178892

$s25.ptime
[1] 0.459

$s25.time
[1] 0.001

$s25.rmse
[1] 0.6697691

$s50.ptime
[1] 0.438

$s50.time
[1] 0.001

$s50.rmse
[1] 0.5122658

$s100.ptime
[1] 0.807

$s100.time
[1] 0.003

$s100.rmse
[1] 0.3037833

$s250.ptime
[1] 1.364

$s250.time
[1] 0.008

$s250.rmse
[1] 0.1976696

$s500.ptime
[1] 2.123

$s500.time
[1] 0.019

$s500.rmse
[1] 0.1212504

$s1000.ptime
[1] 3.469

$s1000.time
[1] 0.031

$s1000.rmse
[1] 0.0760141

$s2500.ptime
[1] 19.993

$s2500.time
[1] 0.072

$s2500.rmse
[1] 0.05312446

$s5000.ptime
[1] 161.727

$s5000.time
[1] 0.22

$s5000.rmse
[1] 0.0427143

        seed            p    full.time    full.rmse     l25.time     l25.rmse 
    2518.000       10.000        0.149        0.039        5.428        0.095 
    l50.time     l50.rmse    l100.time    l100.rmse    l250.time    l250.rmse 
       5.766        0.072        7.722        0.057       22.486        0.047 
   l500.time    l500.rmse  o25_i.ptime   o25_i.time   o25_i.rmse  o50_i.ptime 
     103.981        0.043        0.260        0.276        0.495        0.199 
  o50_i.time   o50_i.rmse o100_i.ptime  o100_i.time  o100_i.rmse o250_i.ptime 
       0.189        0.356        0.227        0.157        0.270        0.620 
 o250_i.time  o250_i.rmse o500_i.ptime  o500_i.time  o500_i.rmse  o25_d.ptime 
       0.150        0.163        1.712        0.551        0.109        0.627 
  o25_d.time   o25_d.rmse  o50_d.ptime   o50_d.time   o50_d.rmse o100_d.ptime 
       0.499        0.331        0.148        0.639        0.237        0.061 
 o100_d.time  o100_d.rmse o250_d.ptime  o250_d.time  o250_d.rmse o500_d.ptime 
       1.228        0.176        0.035        6.624        0.096        0.026 
 o500_d.time  o500_d.rmse  c25_i.ptime   c25_i.time   c25_i.rmse  c50_i.ptime 
      30.203        0.071        1.675        0.349        0.252        1.165 
  c50_i.time   c50_i.rmse c100_i.ptime  c100_i.time  c100_i.rmse c250_i.ptime 
       0.223        0.173        1.025        0.201        0.135        1.124 
 c250_i.time  c250_i.rmse c500_i.ptime  c500_i.time  c500_i.rmse  c25_d.ptime 
       0.163        0.100        2.402        0.219        0.083        2.229 
  c25_d.time   c25_d.rmse  c50_d.ptime   c50_d.time   c50_d.rmse c100_d.ptime 
       1.167        0.180        1.253        1.361        0.147        0.780 
 c100_d.time  c100_d.rmse c250_d.ptime  c250_d.time  c250_d.rmse c500_d.ptime 
       2.480        0.100        0.504        7.850        0.079        0.310 
 c500_d.time  c500_d.rmse    s25.ptime     s25.time     s25.rmse    s50.ptime 
      34.370        0.062        0.459        0.001        0.670        0.438 
    s50.time     s50.rmse   s100.ptime    s100.time    s100.rmse   s250.ptime 
       0.001        0.512        0.807        0.003        0.304        1.364 
   s250.time    s250.rmse   s500.ptime    s500.time    s500.rmse  s1000.ptime 
       0.008        0.198        2.123        0.019        0.121        3.469 
  s1000.time   s1000.rmse  s2500.ptime   s2500.time   s2500.rmse  s5000.ptime 
       0.031        0.076       19.993        0.072        0.053      161.727 
  s5000.time   s5000.rmse 
       0.220        0.043 
  seed  p full.time  full.rmse l25.time   l25.rmse l50.time   l50.rmse
1 2514 10     0.210 0.03724279    6.941 0.09084711    6.551 0.06648855
2 2515 10     0.129 0.03773422    5.904 0.10278399    6.166 0.07477542
3 2516 10     0.110 0.03900747    5.659 0.09999420    6.475 0.07537013
4 2517 10     0.115 0.04000665    5.872 0.09762834    6.036 0.07462164
5 2518 10     0.149 0.03879844    5.428 0.09549526    5.766 0.07241045
  l100.time  l100.rmse l250.time  l250.rmse l500.time  l500.rmse o25_i.ptime
1     8.680 0.05404275    27.431 0.04579528   108.498 0.04197563       0.275
2     8.297 0.05836330    27.632 0.04825674   109.098 0.04324196       0.291
3     8.443 0.06007584    24.190 0.04952122   108.749 0.04485084       0.290
4     8.097 0.05941770    25.173 0.04989544   108.257 0.04545376       0.277
5     7.722 0.05700822    22.486 0.04710447   103.981 0.04321723       0.260
  o25_i.time o25_i.rmse o50_i.ptime o50_i.time o50_i.rmse o100_i.ptime
1      0.271  0.4539106       0.609      0.185  0.3767451        0.228
2      0.312  0.4237351       0.207      0.235  0.3418377        0.247
3      0.316  0.4973847       0.214      0.222  0.3663513        0.254
4      0.293  0.4538145       0.194      0.213  0.3741208        0.238
5      0.276  0.4954177       0.199      0.189  0.3555956        0.227
  o100_i.time o100_i.rmse o250_i.ptime o250_i.time o250_i.rmse o500_i.ptime
1       0.152   0.2862958        0.641       0.138   0.1658074        1.867
2       0.196   0.2796179        0.715       0.735   0.1781903        1.888
3       0.191   0.2981632        0.684       0.169   0.1910726        1.837
4       0.171   0.2774400        0.654       0.154   0.1713676        1.767
5       0.157   0.2696331        0.620       0.150   0.1634564        1.712
  o500_i.time o500_i.rmse o25_d.ptime o25_d.time o25_d.rmse o50_d.ptime
1       0.165   0.1090665       0.632      0.514  0.3133586       0.146
2       0.163   0.1295044       0.628      0.535  0.2887209       0.148
3       0.193   0.1206041       0.923      0.551  0.3280983       0.159
4       0.162   0.1165100       0.884      0.534  0.3141550       0.153
5       0.551   0.1091382       0.627      0.499  0.3307319       0.148
  o50_d.time o50_d.rmse o100_d.ptime o100_d.time o100_d.rmse o250_d.ptime
1      0.566  0.2265625        0.060       1.370   0.1648360        0.029
2      0.604  0.2309746        0.061       1.251   0.1722789        0.031
3      0.684  0.2338806        0.057       1.234   0.1754170        0.031
4      0.678  0.2329277        0.055       1.297   0.1611173        0.030
5      0.639  0.2369607        0.061       1.228   0.1763879        0.035
  o250_d.time o250_d.rmse o500_d.ptime o500_d.time o500_d.rmse c25_i.ptime
1       5.084  0.10227412        0.028      30.121  0.07288714       1.857
2       6.116  0.10465723        0.029      27.288  0.06854456       1.849
3       6.107  0.11645278        0.033      23.383  0.07768789       1.600
4       5.413  0.10176601        0.028      23.858  0.07661929       1.747
5       6.624  0.09575046        0.026      30.203  0.07102267       1.675
  c25_i.time c25_i.rmse c50_i.ptime c50_i.time c50_i.rmse c100_i.ptime
1      0.302  0.2215843       1.229      0.234  0.1785061        1.152
2      0.315  0.2409154       1.128      0.216  0.1918905        0.859
3      0.453  0.2435713       1.199      0.214  0.1989430        0.995
4      0.336  0.2455677       1.342      0.257  0.2025555        1.074
5      0.349  0.2522056       1.165      0.223  0.1732320        1.025
  c100_i.time c100_i.rmse c250_i.ptime c250_i.time c250_i.rmse c500_i.ptime
1       0.225   0.1341299        1.155       0.160  0.10024926        2.399
2       0.179   0.1425243        1.157       0.165  0.10622306        2.542
3       0.210   0.1568599        1.088       0.201  0.11133257        2.633
4       0.209   0.1438737        1.090       0.199  0.10585339        2.628
5       0.201   0.1346160        1.124       0.163  0.09953132        2.402
  c500_i.time c500_i.rmse c25_d.ptime c25_d.time c25_d.rmse c50_d.ptime
1       0.196  0.07861559       2.159      1.203  0.1771288       1.300
2       0.192  0.08326548       2.150      1.246  0.1816957       0.966
3       0.228  0.07889326       2.048      1.221  0.1845233       1.030
4       0.213  0.09275412       2.184      1.207  0.1878806       1.442
5       0.219  0.08265737       2.229      1.167  0.1795202       1.253
  c50_d.time c50_d.rmse c100_d.ptime c100_d.time c100_d.rmse c250_d.ptime
1      1.515  0.1313125        0.704       2.806  0.10485803        0.565
2      1.443  0.1408404        0.847       2.597  0.10540857        0.644
3      1.396  0.1429194        0.898       2.668  0.10704792        0.609
4      1.449  0.1512147        0.987       2.620  0.10845029        0.581
5      1.361  0.1469004        0.780       2.480  0.09993741        0.504
  c250_d.time c250_d.rmse c500_d.ptime c500_d.time c500_d.rmse s25.ptime
1       9.177  0.07267360        0.423      33.630  0.06939185     0.425
2       9.879  0.07946313        0.569      31.698  0.06203617     0.348
3       9.463  0.08116966        0.510      32.407  0.06379388     0.643
4       9.144  0.08584235        0.340      33.808  0.06229441     0.440
5       7.850  0.07900654        0.310      34.370  0.06178892     0.459
  s25.time  s25.rmse s50.ptime s50.time  s50.rmse s100.ptime s100.time
1    0.001 0.5949402     0.506    0.001 0.4677650      0.601     0.003
2    0.001 0.5363163     0.488    0.002 0.4349551      0.704     0.003
3    0.001 0.6070903     0.586    0.002 0.4508252      0.831     0.004
4    0.001 0.5552363     0.521    0.002 0.3869483      0.896     0.003
5    0.001 0.6697691     0.438    0.001 0.5122658      0.807     0.003
  s100.rmse s250.ptime s250.time s250.rmse s500.ptime s500.time s500.rmse
1 0.3187468      1.333     0.009 0.1801417      2.243     0.026 0.1233485
2 0.3171900      1.661     0.009 0.1978529      1.931     0.023 0.1226154
3 0.3168580      1.382     0.011 0.1962992      2.114     0.022 0.1327845
4 0.3145162      1.191     0.011 0.1974528      1.805     0.023 0.1354888
5 0.3037833      1.364     0.008 0.1976696      2.123     0.019 0.1212504
  s1000.ptime s1000.time s1000.rmse s2500.ptime s2500.time s2500.rmse
1       3.628      0.034 0.08018457      22.155      0.080 0.05318549
2       3.739      0.042 0.08303742      24.007      0.100 0.05328715
3       3.807      0.038 0.08960469      23.995      0.134 0.05398241
4       3.644      0.044 0.08817884      22.450      0.090 0.05829494
5       3.469      0.031 0.07601410      19.993      0.072 0.05312446
  s5000.ptime s5000.time s5000.rmse
1     167.906      0.267 0.04159128
2     172.068      0.242 0.04264768
3     173.603      0.287 0.04358280
4     160.766      0.284 0.04412623
5     161.727      0.220 0.04271430
> 
> proc.time()
    user   system  elapsed 
4414.880   32.022 4554.939 
