
R version 3.0.3 (2014-03-06) -- "Warm Puppy"
Copyright (C) 2014 The R Foundation for Statistical Computing
Platform: x86_64-unknown-linux-gnu (64-bit)

R is free software and comes with ABSOLUTELY NO WARRANTY.
You are welcome to redistribute it under certain conditions.
Type 'license()' or 'licence()' for distribution details.

  Natural language support but running in an English locale

R is a collaborative project with many contributors.
Type 'contributors()' for more information and
'citation()' on how to cite R or R packages in publications.

Type 'demo()' for some demos, 'help()' for on-line help, or
'help.start()' for an HTML browser interface to help.
Type 'q()' to quit R.

> print(.libPaths())
[1] "/usr/local/r-3.0.3/lib64/R/library"
> .libPaths("/mnt/home/rjparker/Rlib")
> print(.libPaths())
[1] "/mnt/home/rjparker/Rlib"            "/usr/local/r-3.0.3/lib64/R/library"
> setwd("/mnt/home/rjparker/git/block_int")
> 
> which_exp <- 6
> which_part <- 4
> source("R/sim_nblocks_pred.R")
Loading required package: spam
Loading required package: grid
Spam version 0.41-0 (2014-02-26) is loaded.
Type 'help( Spam)' or 'demo( spam)' for a short introduction 
and overview of this package.
Help for individual functions is also obtained by adding the
suffix '.spam' to the function name, e.g. 'help( chol.spam)'.

Attaching package: ‘spam’

The following objects are masked from ‘package:base’:

    backsolve, forwardsolve

Loading required package: maps
  pred  p b tau Nper_p Npred Fzero sigma2
6 TRUE 10 4  10  10000  1000     0      1
[1] 1.087719
$full.time
[1] 0.133

$full.rmse
[1] 0.0375999

$full.time
[1] 0.133

$full.rmse
[1] 0.0375999

$l25.time
[1] 4.658

$l25.rmse
[1] 0.08751472

$l50.time
[1] 4.682

$l50.rmse
[1] 0.06896509

$l100.time
[1] 6.44

$l100.rmse
[1] 0.05849882

$l250.time
[1] 23.738

$l250.rmse
[1] 0.0470661

$l500.time
[1] 103.834

$l500.rmse
[1] 0.04407167

$o25_i.ptime
[1] 0.264

$o25_i.time
[1] 0.264

$o25_i.rmse
[1] 0.426502

$o50_i.ptime
[1] 0.547

$o50_i.time
[1] 0.177

$o50_i.rmse
[1] 0.3544566

$o100_i.ptime
[1] 0.229

$o100_i.time
[1] 0.142

$o100_i.rmse
[1] 0.2409482

$o250_i.ptime
[1] 0.627

$o250_i.time
[1] 0.146

$o250_i.rmse
[1] 0.1652283

$o500_i.ptime
[1] 1.769

$o500_i.time
[1] 0.165

$o500_i.rmse
[1] 0.1146112

$o25_d.ptime
[1] 0.613

$o25_d.time
[1] 0.501

$o25_d.rmse
[1] 0.3048093

$o50_d.ptime
[1] 0.144

$o50_d.time
[1] 0.553

$o50_d.rmse
[1] 0.2112835

$o100_d.ptime
[1] 0.056

$o100_d.time
[1] 1.159

$o100_d.rmse
[1] 0.162454

$o250_d.ptime
[1] 0.033

$o250_d.time
[1] 4.992

$o250_d.rmse
[1] 0.1051562

$o500_d.ptime
[1] 0.083

$o500_d.time
[1] 23.676

$o500_d.rmse
[1] 0.06957861

$c25_i.ptime
[1] 1.578

$c25_i.time
[1] 0.276

$c25_i.rmse
[1] 0.2190359

$c50_i.ptime
[1] 1.109

$c50_i.time
[1] 0.188

$c50_i.rmse
[1] 0.1778601

$c100_i.ptime
[1] 0.759

$c100_i.time
[1] 0.156

$c100_i.rmse
[1] 0.1396661

$c250_i.ptime
[1] 1.209

$c250_i.time
[1] 0.164

$c250_i.rmse
[1] 0.1037272

$c500_i.ptime
[1] 2.236

$c500_i.time
[1] 0.182

$c500_i.rmse
[1] 0.07782049

$c25_d.ptime
[1] 1.905

$c25_d.time
[1] 0.948

$c25_d.rmse
[1] 0.1606151

$c50_d.ptime
[1] 1.027

$c50_d.time
[1] 1.134

$c50_d.rmse
[1] 0.1282305

$c100_d.ptime
[1] 0.771

$c100_d.time
[1] 2.313

$c100_d.rmse
[1] 0.1096985

$c250_d.ptime
[1] 0.569

$c250_d.time
[1] 8.338

$c250_d.rmse
[1] 0.07846597

$c500_d.ptime
[1] 0.354

$c500_d.time
[1] 29.736

$c500_d.rmse
[1] 0.06177452

$s25.ptime
[1] 0.403

$s25.time
[1] 0.001

$s25.rmse
[1] 0.6882127

$s50.ptime
[1] 0.602

$s50.time
[1] 0.002

$s50.rmse
[1] 0.3463971

$s100.ptime
[1] 0.829

$s100.time
[1] 0.003

$s100.rmse
[1] 0.3039921

$s250.ptime
[1] 1.224

$s250.time
[1] 0.009

$s250.rmse
[1] 0.175123

$s500.ptime
[1] 2.127

$s500.time
[1] 0.017

$s500.rmse
[1] 0.1202271

$s1000.ptime
[1] 3.199

$s1000.time
[1] 0.037

$s1000.rmse
[1] 0.08250857

$s2500.ptime
[1] 20.818

$s2500.time
[1] 0.08

$s2500.rmse
[1] 0.05261445

$s5000.ptime
[1] 175.042

$s5000.time
[1] 0.168

$s5000.rmse
[1] 0.04139836

        seed            p    full.time    full.rmse     l25.time     l25.rmse 
    2499.000       10.000        0.133        0.038        4.658        0.088 
    l50.time     l50.rmse    l100.time    l100.rmse    l250.time    l250.rmse 
       4.682        0.069        6.440        0.058       23.738        0.047 
   l500.time    l500.rmse  o25_i.ptime   o25_i.time   o25_i.rmse  o50_i.ptime 
     103.834        0.044        0.264        0.264        0.427        0.547 
  o50_i.time   o50_i.rmse o100_i.ptime  o100_i.time  o100_i.rmse o250_i.ptime 
       0.177        0.354        0.229        0.142        0.241        0.627 
 o250_i.time  o250_i.rmse o500_i.ptime  o500_i.time  o500_i.rmse  o25_d.ptime 
       0.146        0.165        1.769        0.165        0.115        0.613 
  o25_d.time   o25_d.rmse  o50_d.ptime   o50_d.time   o50_d.rmse o100_d.ptime 
       0.501        0.305        0.144        0.553        0.211        0.056 
 o100_d.time  o100_d.rmse o250_d.ptime  o250_d.time  o250_d.rmse o500_d.ptime 
       1.159        0.162        0.033        4.992        0.105        0.083 
 o500_d.time  o500_d.rmse  c25_i.ptime   c25_i.time   c25_i.rmse  c50_i.ptime 
      23.676        0.070        1.578        0.276        0.219        1.109 
  c50_i.time   c50_i.rmse c100_i.ptime  c100_i.time  c100_i.rmse c250_i.ptime 
       0.188        0.178        0.759        0.156        0.140        1.209 
 c250_i.time  c250_i.rmse c500_i.ptime  c500_i.time  c500_i.rmse  c25_d.ptime 
       0.164        0.104        2.236        0.182        0.078        1.905 
  c25_d.time   c25_d.rmse  c50_d.ptime   c50_d.time   c50_d.rmse c100_d.ptime 
       0.948        0.161        1.027        1.134        0.128        0.771 
 c100_d.time  c100_d.rmse c250_d.ptime  c250_d.time  c250_d.rmse c500_d.ptime 
       2.313        0.110        0.569        8.338        0.078        0.354 
 c500_d.time  c500_d.rmse    s25.ptime     s25.time     s25.rmse    s50.ptime 
      29.736        0.062        0.403        0.001        0.688        0.602 
    s50.time     s50.rmse   s100.ptime    s100.time    s100.rmse   s250.ptime 
       0.002        0.346        0.829        0.003        0.304        1.224 
   s250.time    s250.rmse   s500.ptime    s500.time    s500.rmse  s1000.ptime 
       0.009        0.175        2.127        0.017        0.120        3.199 
  s1000.time   s1000.rmse  s2500.ptime   s2500.time   s2500.rmse  s5000.ptime 
       0.037        0.083       20.818        0.080        0.053      175.042 
  s5000.time   s5000.rmse 
       0.168        0.041 
[1] 0.9430638
$full.time
[1] 0.084

$full.rmse
[1] 0.03787966

$full.time
[1] 0.084

$full.rmse
[1] 0.03787966

$l25.time
[1] 4.044

$l25.rmse
[1] 0.09721001

$l50.time
[1] 4.146

$l50.rmse
[1] 0.07193115

$l100.time
[1] 5.827

$l100.rmse
[1] 0.05876604

$l250.time
[1] 21.672

$l250.rmse
[1] 0.04701

$l500.time
[1] 104.529

$l500.rmse
[1] 0.04299447

$o25_i.ptime
[1] 0.272

$o25_i.time
[1] 0.27

$o25_i.rmse
[1] 0.4352479

$o50_i.ptime
[1] 0.192

$o50_i.time
[1] 0.21

$o50_i.rmse
[1] 0.3488643

$o100_i.ptime
[1] 0.255

$o100_i.time
[1] 0.165

$o100_i.rmse
[1] 0.2673308

$o250_i.ptime
[1] 0.665

$o250_i.time
[1] 0.61

$o250_i.rmse
[1] 0.1637888

$o500_i.ptime
[1] 1.755

$o500_i.time
[1] 0.152

$o500_i.rmse
[1] 0.1172519

$o25_d.ptime
[1] 0.604

$o25_d.time
[1] 0.458

$o25_d.rmse
[1] 0.311137

$o50_d.ptime
[1] 0.137

$o50_d.time
[1] 0.563

$o50_d.rmse
[1] 0.24134

$o100_d.ptime
[1] 0.053

$o100_d.time
[1] 1.108

$o100_d.rmse
[1] 0.1559177

$o250_d.ptime
[1] 0.028

$o250_d.time
[1] 5.88

$o250_d.rmse
[1] 0.09463241

$o500_d.ptime
[1] 0.027

$o500_d.time
[1] 20.684

$o500_d.rmse
[1] 0.07385446

$c25_i.ptime
[1] 1.615

$c25_i.time
[1] 0.282

$c25_i.rmse
[1] 0.2557477

$c50_i.ptime
[1] 1.15

$c50_i.time
[1] 0.212

$c50_i.rmse
[1] 0.1899802

$c100_i.ptime
[1] 0.792

$c100_i.time
[1] 0.177

$c100_i.rmse
[1] 0.1478079

$c250_i.ptime
[1] 0.977

$c250_i.time
[1] 0.161

$c250_i.rmse
[1] 0.09856673

$c500_i.ptime
[1] 2.236

$c500_i.time
[1] 0.176

$c500_i.rmse
[1] 0.08002563

$c25_d.ptime
[1] 1.924

$c25_d.time
[1] 0.964

$c25_d.rmse
[1] 0.1852138

$c50_d.ptime
[1] 0.976

$c50_d.time
[1] 1.179

$c50_d.rmse
[1] 0.1369071

$c100_d.ptime
[1] 0.463

$c100_d.time
[1] 2.254

$c100_d.rmse
[1] 0.1011242

$c250_d.ptime
[1] 0.482

$c250_d.time
[1] 8.37

$c250_d.rmse
[1] 0.07439775

$c500_d.ptime
[1] 0.414

$c500_d.time
[1] 31.021

$c500_d.rmse
[1] 0.0608061

$s25.ptime
[1] 0.586

$s25.time
[1] 0.001

$s25.rmse
[1] 0.5589758

$s50.ptime
[1] 0.594

$s50.time
[1] 0.001

$s50.rmse
[1] 0.4555499

$s100.ptime
[1] 0.722

$s100.time
[1] 0.003

$s100.rmse
[1] 0.3073907

$s250.ptime
[1] 1.137

$s250.time
[1] 0.008

$s250.rmse
[1] 0.184025

$s500.ptime
[1] 1.875

$s500.time
[1] 0.019

$s500.rmse
[1] 0.1236541

$s1000.ptime
[1] 3.563

$s1000.time
[1] 0.039

$s1000.rmse
[1] 0.08541101

$s2500.ptime
[1] 24.183

$s2500.time
[1] 0.09

$s2500.rmse
[1] 0.05304663

$s5000.ptime
[1] 151.915

$s5000.time
[1] 0.174

$s5000.rmse
[1] 0.04313779

        seed            p    full.time    full.rmse     l25.time     l25.rmse 
    2500.000       10.000        0.084        0.038        4.044        0.097 
    l50.time     l50.rmse    l100.time    l100.rmse    l250.time    l250.rmse 
       4.146        0.072        5.827        0.059       21.672        0.047 
   l500.time    l500.rmse  o25_i.ptime   o25_i.time   o25_i.rmse  o50_i.ptime 
     104.529        0.043        0.272        0.270        0.435        0.192 
  o50_i.time   o50_i.rmse o100_i.ptime  o100_i.time  o100_i.rmse o250_i.ptime 
       0.210        0.349        0.255        0.165        0.267        0.665 
 o250_i.time  o250_i.rmse o500_i.ptime  o500_i.time  o500_i.rmse  o25_d.ptime 
       0.610        0.164        1.755        0.152        0.117        0.604 
  o25_d.time   o25_d.rmse  o50_d.ptime   o50_d.time   o50_d.rmse o100_d.ptime 
       0.458        0.311        0.137        0.563        0.241        0.053 
 o100_d.time  o100_d.rmse o250_d.ptime  o250_d.time  o250_d.rmse o500_d.ptime 
       1.108        0.156        0.028        5.880        0.095        0.027 
 o500_d.time  o500_d.rmse  c25_i.ptime   c25_i.time   c25_i.rmse  c50_i.ptime 
      20.684        0.074        1.615        0.282        0.256        1.150 
  c50_i.time   c50_i.rmse c100_i.ptime  c100_i.time  c100_i.rmse c250_i.ptime 
       0.212        0.190        0.792        0.177        0.148        0.977 
 c250_i.time  c250_i.rmse c500_i.ptime  c500_i.time  c500_i.rmse  c25_d.ptime 
       0.161        0.099        2.236        0.176        0.080        1.924 
  c25_d.time   c25_d.rmse  c50_d.ptime   c50_d.time   c50_d.rmse c100_d.ptime 
       0.964        0.185        0.976        1.179        0.137        0.463 
 c100_d.time  c100_d.rmse c250_d.ptime  c250_d.time  c250_d.rmse c500_d.ptime 
       2.254        0.101        0.482        8.370        0.074        0.414 
 c500_d.time  c500_d.rmse    s25.ptime     s25.time     s25.rmse    s50.ptime 
      31.021        0.061        0.586        0.001        0.559        0.594 
    s50.time     s50.rmse   s100.ptime    s100.time    s100.rmse   s250.ptime 
       0.001        0.456        0.722        0.003        0.307        1.137 
   s250.time    s250.rmse   s500.ptime    s500.time    s500.rmse  s1000.ptime 
       0.008        0.184        1.875        0.019        0.124        3.563 
  s1000.time   s1000.rmse  s2500.ptime   s2500.time   s2500.rmse  s5000.ptime 
       0.039        0.085       24.183        0.090        0.053      151.915 
  s5000.time   s5000.rmse 
       0.174        0.043 
[1] 0.6875749
$full.time
[1] 0.091

$full.rmse
[1] 0.03954965

$full.time
[1] 0.091

$full.rmse
[1] 0.03954965

$l25.time
[1] 3.972

$l25.rmse
[1] 0.09387565

$l50.time
[1] 4.35

$l50.rmse
[1] 0.07213023

$l100.time
[1] 6.086

$l100.rmse
[1] 0.05644559

$l250.time
[1] 21.429

$l250.rmse
[1] 0.04682378

$l500.time
[1] 104.254

$l500.rmse
[1] 0.042676

$o25_i.ptime
[1] 0.275

$o25_i.time
[1] 0.276

$o25_i.rmse
[1] 0.4018084

$o50_i.ptime
[1] 0.194

$o50_i.time
[1] 0.2

$o50_i.rmse
[1] 0.3545082

$o100_i.ptime
[1] 0.247

$o100_i.time
[1] 0.171

$o100_i.rmse
[1] 0.2766177

$o250_i.ptime
[1] 0.645

$o250_i.time
[1] 0.167

$o250_i.rmse
[1] 0.1664063

$o500_i.ptime
[1] 1.757

$o500_i.time
[1] 0.164

$o500_i.rmse
[1] 0.1106617

$o25_d.ptime
[1] 0.892

$o25_d.time
[1] 0.525

$o25_d.rmse
[1] 0.2932285

$o50_d.ptime
[1] 0.155

$o50_d.time
[1] 0.627

$o50_d.rmse
[1] 0.2493016

$o100_d.ptime
[1] 0.069

$o100_d.time
[1] 1.294

$o100_d.rmse
[1] 0.1688058

$o250_d.ptime
[1] 0.033

$o250_d.time
[1] 5.693

$o250_d.rmse
[1] 0.1107239

$o500_d.ptime
[1] 0.041

$o500_d.time
[1] 28.643

$o500_d.rmse
[1] 0.07216948

$c25_i.ptime
[1] 1.655

$c25_i.time
[1] 0.301

$c25_i.rmse
[1] 0.2331387

$c50_i.ptime
[1] 1.156

$c50_i.time
[1] 0.202

$c50_i.rmse
[1] 0.1854565

$c100_i.ptime
[1] 0.775

$c100_i.time
[1] 0.171

$c100_i.rmse
[1] 0.1406492

$c250_i.ptime
[1] 1.205

$c250_i.time
[1] 0.169

$c250_i.rmse
[1] 0.1053827

$c500_i.ptime
[1] 2.116

$c500_i.time
[1] 0.163

$c500_i.rmse
[1] 0.08456163

$c25_d.ptime
[1] 2.001

$c25_d.time
[1] 0.927

$c25_d.rmse
[1] 0.1816886

$c50_d.ptime
[1] 1.217

$c50_d.time
[1] 1.192

$c50_d.rmse
[1] 0.1365626

$c100_d.ptime
[1] 0.604

$c100_d.time
[1] 2.288

$c100_d.rmse
[1] 0.1080014

$c250_d.ptime
[1] 0.49

$c250_d.time
[1] 8.037

$c250_d.rmse
[1] 0.07808006

$c500_d.ptime
[1] 0.462

$c500_d.time
[1] 30.905

$c500_d.rmse
[1] 0.06637189

$s25.ptime
[1] 0.218

$s25.time
[1] 0.001

$s25.rmse
[1] 0.5507054

$s50.ptime
[1] 0.529

$s50.time
[1] 0.002

$s50.rmse
[1] 0.4184194

$s100.ptime
[1] 0.578

$s100.time
[1] 0.003

$s100.rmse
[1] 0.306121

$s250.ptime
[1] 1.199

$s250.time
[1] 0.008

$s250.rmse
[1] 0.2100183

$s500.ptime
[1] 1.805

$s500.time
[1] 0.017

$s500.rmse
[1] 0.1261653

$s1000.ptime
[1] 3.392

$s1000.time
[1] 0.035

$s1000.rmse
[1] 0.08312587

$s2500.ptime
[1] 20.44

$s2500.time
[1] 0.086

$s2500.rmse
[1] 0.05448558

$s5000.ptime
[1] 163.285

$s5000.time
[1] 0.18

$s5000.rmse
[1] 0.04479189

        seed            p    full.time    full.rmse     l25.time     l25.rmse 
    2501.000       10.000        0.091        0.040        3.972        0.094 
    l50.time     l50.rmse    l100.time    l100.rmse    l250.time    l250.rmse 
       4.350        0.072        6.086        0.056       21.429        0.047 
   l500.time    l500.rmse  o25_i.ptime   o25_i.time   o25_i.rmse  o50_i.ptime 
     104.254        0.043        0.275        0.276        0.402        0.194 
  o50_i.time   o50_i.rmse o100_i.ptime  o100_i.time  o100_i.rmse o250_i.ptime 
       0.200        0.355        0.247        0.171        0.277        0.645 
 o250_i.time  o250_i.rmse o500_i.ptime  o500_i.time  o500_i.rmse  o25_d.ptime 
       0.167        0.166        1.757        0.164        0.111        0.892 
  o25_d.time   o25_d.rmse  o50_d.ptime   o50_d.time   o50_d.rmse o100_d.ptime 
       0.525        0.293        0.155        0.627        0.249        0.069 
 o100_d.time  o100_d.rmse o250_d.ptime  o250_d.time  o250_d.rmse o500_d.ptime 
       1.294        0.169        0.033        5.693        0.111        0.041 
 o500_d.time  o500_d.rmse  c25_i.ptime   c25_i.time   c25_i.rmse  c50_i.ptime 
      28.643        0.072        1.655        0.301        0.233        1.156 
  c50_i.time   c50_i.rmse c100_i.ptime  c100_i.time  c100_i.rmse c250_i.ptime 
       0.202        0.185        0.775        0.171        0.141        1.205 
 c250_i.time  c250_i.rmse c500_i.ptime  c500_i.time  c500_i.rmse  c25_d.ptime 
       0.169        0.105        2.116        0.163        0.085        2.001 
  c25_d.time   c25_d.rmse  c50_d.ptime   c50_d.time   c50_d.rmse c100_d.ptime 
       0.927        0.182        1.217        1.192        0.137        0.604 
 c100_d.time  c100_d.rmse c250_d.ptime  c250_d.time  c250_d.rmse c500_d.ptime 
       2.288        0.108        0.490        8.037        0.078        0.462 
 c500_d.time  c500_d.rmse    s25.ptime     s25.time     s25.rmse    s50.ptime 
      30.905        0.066        0.218        0.001        0.551        0.529 
    s50.time     s50.rmse   s100.ptime    s100.time    s100.rmse   s250.ptime 
       0.002        0.418        0.578        0.003        0.306        1.199 
   s250.time    s250.rmse   s500.ptime    s500.time    s500.rmse  s1000.ptime 
       0.008        0.210        1.805        0.017        0.126        3.392 
  s1000.time   s1000.rmse  s2500.ptime   s2500.time   s2500.rmse  s5000.ptime 
       0.035        0.083       20.440        0.086        0.054      163.285 
  s5000.time   s5000.rmse 
       0.180        0.045 
[1] 0.8339082
$full.time
[1] 0.094

$full.rmse
[1] 0.03801791

$full.time
[1] 0.094

$full.rmse
[1] 0.03801791

$l25.time
[1] 4.11

$l25.rmse
[1] 0.09424275

$l50.time
[1] 4.391

$l50.rmse
[1] 0.0703189

$l100.time
[1] 5.635

$l100.rmse
[1] 0.05310749

$l250.time
[1] 21.124

$l250.rmse
[1] 0.04569911

$l500.time
[1] 101.123

$l500.rmse
[1] 0.0428884

$o25_i.ptime
[1] 0.277

$o25_i.time
[1] 0.282

$o25_i.rmse
[1] 0.4647845

$o50_i.ptime
[1] 0.193

$o50_i.time
[1] 0.203

$o50_i.rmse
[1] 0.3894413

$o100_i.ptime
[1] 0.254

$o100_i.time
[1] 0.167

$o100_i.rmse
[1] 0.2709207

$o250_i.ptime
[1] 0.646

$o250_i.time
[1] 0.155

$o250_i.rmse
[1] 0.1647402

$o500_i.ptime
[1] 1.791

$o500_i.time
[1] 0.162

$o500_i.rmse
[1] 0.1121763

$o25_d.ptime
[1] 0.589

$o25_d.time
[1] 0.789

$o25_d.rmse
[1] 0.3134145

$o50_d.ptime
[1] 0.145

$o50_d.time
[1] 0.633

$o50_d.rmse
[1] 0.2680418

$o100_d.ptime
[1] 0.052

$o100_d.time
[1] 1.315

$o100_d.rmse
[1] 0.1539234

$o250_d.ptime
[1] 0.042

$o250_d.time
[1] 5.223

$o250_d.rmse
[1] 0.09261163

$o500_d.ptime
[1] 0.027

$o500_d.time
[1] 26.081

$o500_d.rmse
[1] 0.07024516

$c25_i.ptime
[1] 1.55

$c25_i.time
[1] 0.344

$c25_i.rmse
[1] 0.2472064

$c50_i.ptime
[1] 1.081

$c50_i.time
[1] 0.243

$c50_i.rmse
[1] 0.1868273

$c100_i.ptime
[1] 0.727

$c100_i.time
[1] 0.199

$c100_i.rmse
[1] 0.1378387

$c250_i.ptime
[1] 0.981

$c250_i.time
[1] 0.175

$c250_i.rmse
[1] 0.1062338

$c500_i.ptime
[1] 2.191

$c500_i.time
[1] 0.193

$c500_i.rmse
[1] 0.07634706

$c25_d.ptime
[1] 1.894

$c25_d.time
[1] 1.053

$c25_d.rmse
[1] 0.1789519

$c50_d.ptime
[1] 1.137

$c50_d.time
[1] 1.278

$c50_d.rmse
[1] 0.1366327

$c100_d.ptime
[1] 0.569

$c100_d.time
[1] 2.2

$c100_d.rmse
[1] 0.09858818

$c250_d.ptime
[1] 0.451

$c250_d.time
[1] 8.015

$c250_d.rmse
[1] 0.0793632

$c500_d.ptime
[1] 0.321

$c500_d.time
[1] 30.038

$c500_d.rmse
[1] 0.06373556

$s25.ptime
[1] 0.572

$s25.time
[1] 0.001

$s25.rmse
[1] 0.5590983

$s50.ptime
[1] 0.491

$s50.time
[1] 0.002

$s50.rmse
[1] 0.4490919

$s100.ptime
[1] 0.683

$s100.time
[1] 0.003

$s100.rmse
[1] 0.2930412

$s250.ptime
[1] 1.094

$s250.time
[1] 0.008

$s250.rmse
[1] 0.1840264

$s500.ptime
[1] 1.64

$s500.time
[1] 0.016

$s500.rmse
[1] 0.1151337

$s1000.ptime
[1] 3.183

$s1000.time
[1] 0.036

$s1000.rmse
[1] 0.07982217

$s2500.ptime
[1] 23.649

$s2500.time
[1] 0.092

$s2500.rmse
[1] 0.05301552

$s5000.ptime
[1] 181.134

$s5000.time
[1] 0.185

$s5000.rmse
[1] 0.04217626

        seed            p    full.time    full.rmse     l25.time     l25.rmse 
    2502.000       10.000        0.094        0.038        4.110        0.094 
    l50.time     l50.rmse    l100.time    l100.rmse    l250.time    l250.rmse 
       4.391        0.070        5.635        0.053       21.124        0.046 
   l500.time    l500.rmse  o25_i.ptime   o25_i.time   o25_i.rmse  o50_i.ptime 
     101.123        0.043        0.277        0.282        0.465        0.193 
  o50_i.time   o50_i.rmse o100_i.ptime  o100_i.time  o100_i.rmse o250_i.ptime 
       0.203        0.389        0.254        0.167        0.271        0.646 
 o250_i.time  o250_i.rmse o500_i.ptime  o500_i.time  o500_i.rmse  o25_d.ptime 
       0.155        0.165        1.791        0.162        0.112        0.589 
  o25_d.time   o25_d.rmse  o50_d.ptime   o50_d.time   o50_d.rmse o100_d.ptime 
       0.789        0.313        0.145        0.633        0.268        0.052 
 o100_d.time  o100_d.rmse o250_d.ptime  o250_d.time  o250_d.rmse o500_d.ptime 
       1.315        0.154        0.042        5.223        0.093        0.027 
 o500_d.time  o500_d.rmse  c25_i.ptime   c25_i.time   c25_i.rmse  c50_i.ptime 
      26.081        0.070        1.550        0.344        0.247        1.081 
  c50_i.time   c50_i.rmse c100_i.ptime  c100_i.time  c100_i.rmse c250_i.ptime 
       0.243        0.187        0.727        0.199        0.138        0.981 
 c250_i.time  c250_i.rmse c500_i.ptime  c500_i.time  c500_i.rmse  c25_d.ptime 
       0.175        0.106        2.191        0.193        0.076        1.894 
  c25_d.time   c25_d.rmse  c50_d.ptime   c50_d.time   c50_d.rmse c100_d.ptime 
       1.053        0.179        1.137        1.278        0.137        0.569 
 c100_d.time  c100_d.rmse c250_d.ptime  c250_d.time  c250_d.rmse c500_d.ptime 
       2.200        0.099        0.451        8.015        0.079        0.321 
 c500_d.time  c500_d.rmse    s25.ptime     s25.time     s25.rmse    s50.ptime 
      30.038        0.064        0.572        0.001        0.559        0.491 
    s50.time     s50.rmse   s100.ptime    s100.time    s100.rmse   s250.ptime 
       0.002        0.449        0.683        0.003        0.293        1.094 
   s250.time    s250.rmse   s500.ptime    s500.time    s500.rmse  s1000.ptime 
       0.008        0.184        1.640        0.016        0.115        3.183 
  s1000.time   s1000.rmse  s2500.ptime   s2500.time   s2500.rmse  s5000.ptime 
       0.036        0.080       23.649        0.092        0.053      181.134 
  s5000.time   s5000.rmse 
       0.185        0.042 
[1] 0.9094127
$full.time
[1] 0.125

$full.rmse
[1] 0.03875562

$full.time
[1] 0.125

$full.rmse
[1] 0.03875562

$l25.time
[1] 4.526

$l25.rmse
[1] 0.09217713

$l50.time
[1] 4.707

$l50.rmse
[1] 0.07265355

$l100.time
[1] 6.237

$l100.rmse
[1] 0.05666146

$l250.time
[1] 21.661

$l250.rmse
[1] 0.04808712

$l500.time
[1] 104.04

$l500.rmse
[1] 0.04310078

$o25_i.ptime
[1] 0.283

$o25_i.time
[1] 0.299

$o25_i.rmse
[1] 0.4502148

$o50_i.ptime
[1] 0.189

$o50_i.time
[1] 0.215

$o50_i.rmse
[1] 0.375913

$o100_i.ptime
[1] 0.259

$o100_i.time
[1] 0.175

$o100_i.rmse
[1] 0.2944673

$o250_i.ptime
[1] 0.661

$o250_i.time
[1] 0.157

$o250_i.rmse
[1] 0.181231

$o500_i.ptime
[1] 1.805

$o500_i.time
[1] 0.19

$o500_i.rmse
[1] 0.1180957

$o25_d.ptime
[1] 0.901

$o25_d.time
[1] 0.508

$o25_d.rmse
[1] 0.3115217

$o50_d.ptime
[1] 0.147

$o50_d.time
[1] 0.682

$o50_d.rmse
[1] 0.2339899

$o100_d.ptime
[1] 0.065

$o100_d.time
[1] 1.213

$o100_d.rmse
[1] 0.172494

$o250_d.ptime
[1] 0.042

$o250_d.time
[1] 5.593

$o250_d.rmse
[1] 0.1026457

$o500_d.ptime
[1] 0.029

$o500_d.time
[1] 24.775

$o500_d.rmse
[1] 0.07469866

$c25_i.ptime
[1] 1.473

$c25_i.time
[1] 0.328

$c25_i.rmse
[1] 0.2242181

$c50_i.ptime
[1] 1.055

$c50_i.time
[1] 0.227

$c50_i.rmse
[1] 0.1723533

$c100_i.ptime
[1] 0.863

$c100_i.time
[1] 0.194

$c100_i.rmse
[1] 0.1400296

$c250_i.ptime
[1] 0.979

$c250_i.time
[1] 0.175

$c250_i.rmse
[1] 0.1096107

$c500_i.ptime
[1] 2.08

$c500_i.time
[1] 0.195

$c500_i.rmse
[1] 0.08080984

$c25_d.ptime
[1] 2.123

$c25_d.time
[1] 1.009

$c25_d.rmse
[1] 0.1729399

$c50_d.ptime
[1] 0.83

$c50_d.time
[1] 1.292

$c50_d.rmse
[1] 0.1297962

$c100_d.ptime
[1] 0.781

$c100_d.time
[1] 2.309

$c100_d.rmse
[1] 0.09813202

$c250_d.ptime
[1] 0.565

$c250_d.time
[1] 7.919

$c250_d.rmse
[1] 0.07964585

$c500_d.ptime
[1] 0.333

$c500_d.time
[1] 30.482

$c500_d.rmse
[1] 0.06670576

$s25.ptime
[1] 0.33

$s25.time
[1] 0.001

$s25.rmse
[1] 0.572853

$s50.ptime
[1] 0.53

$s50.time
[1] 0.001

$s50.rmse
[1] 0.4429097

$s100.ptime
[1] 0.691

$s100.time
[1] 0.003

$s100.rmse
[1] 0.3446281

$s250.ptime
[1] 0.986

$s250.time
[1] 0.008

$s250.rmse
[1] 0.2039636

$s500.ptime
[1] 1.777

$s500.time
[1] 0.016

$s500.rmse
[1] 0.1210944

$s1000.ptime
[1] 2.89

$s1000.time
[1] 0.033

$s1000.rmse
[1] 0.08207236

$s2500.ptime
[1] 23.338

$s2500.time
[1] 0.085

$s2500.rmse
[1] 0.05550539

$s5000.ptime
[1] 151.895

$s5000.time
[1] 0.181

$s5000.rmse
[1] 0.04426972

        seed            p    full.time    full.rmse     l25.time     l25.rmse 
    2503.000       10.000        0.125        0.039        4.526        0.092 
    l50.time     l50.rmse    l100.time    l100.rmse    l250.time    l250.rmse 
       4.707        0.073        6.237        0.057       21.661        0.048 
   l500.time    l500.rmse  o25_i.ptime   o25_i.time   o25_i.rmse  o50_i.ptime 
     104.040        0.043        0.283        0.299        0.450        0.189 
  o50_i.time   o50_i.rmse o100_i.ptime  o100_i.time  o100_i.rmse o250_i.ptime 
       0.215        0.376        0.259        0.175        0.294        0.661 
 o250_i.time  o250_i.rmse o500_i.ptime  o500_i.time  o500_i.rmse  o25_d.ptime 
       0.157        0.181        1.805        0.190        0.118        0.901 
  o25_d.time   o25_d.rmse  o50_d.ptime   o50_d.time   o50_d.rmse o100_d.ptime 
       0.508        0.312        0.147        0.682        0.234        0.065 
 o100_d.time  o100_d.rmse o250_d.ptime  o250_d.time  o250_d.rmse o500_d.ptime 
       1.213        0.172        0.042        5.593        0.103        0.029 
 o500_d.time  o500_d.rmse  c25_i.ptime   c25_i.time   c25_i.rmse  c50_i.ptime 
      24.775        0.075        1.473        0.328        0.224        1.055 
  c50_i.time   c50_i.rmse c100_i.ptime  c100_i.time  c100_i.rmse c250_i.ptime 
       0.227        0.172        0.863        0.194        0.140        0.979 
 c250_i.time  c250_i.rmse c500_i.ptime  c500_i.time  c500_i.rmse  c25_d.ptime 
       0.175        0.110        2.080        0.195        0.081        2.123 
  c25_d.time   c25_d.rmse  c50_d.ptime   c50_d.time   c50_d.rmse c100_d.ptime 
       1.009        0.173        0.830        1.292        0.130        0.781 
 c100_d.time  c100_d.rmse c250_d.ptime  c250_d.time  c250_d.rmse c500_d.ptime 
       2.309        0.098        0.565        7.919        0.080        0.333 
 c500_d.time  c500_d.rmse    s25.ptime     s25.time     s25.rmse    s50.ptime 
      30.482        0.067        0.330        0.001        0.573        0.530 
    s50.time     s50.rmse   s100.ptime    s100.time    s100.rmse   s250.ptime 
       0.001        0.443        0.691        0.003        0.345        0.986 
   s250.time    s250.rmse   s500.ptime    s500.time    s500.rmse  s1000.ptime 
       0.008        0.204        1.777        0.016        0.121        2.890 
  s1000.time   s1000.rmse  s2500.ptime   s2500.time   s2500.rmse  s5000.ptime 
       0.033        0.082       23.338        0.085        0.056      151.895 
  s5000.time   s5000.rmse 
       0.181        0.044 
  seed  p full.time  full.rmse l25.time   l25.rmse l50.time   l50.rmse
1 2499 10     0.133 0.03759990    4.658 0.08751472    4.682 0.06896509
2 2500 10     0.084 0.03787966    4.044 0.09721001    4.146 0.07193115
3 2501 10     0.091 0.03954965    3.972 0.09387565    4.350 0.07213023
4 2502 10     0.094 0.03801791    4.110 0.09424275    4.391 0.07031890
5 2503 10     0.125 0.03875562    4.526 0.09217713    4.707 0.07265355
  l100.time  l100.rmse l250.time  l250.rmse l500.time  l500.rmse o25_i.ptime
1     6.440 0.05849882    23.738 0.04706610   103.834 0.04407167       0.264
2     5.827 0.05876604    21.672 0.04701000   104.529 0.04299447       0.272
3     6.086 0.05644559    21.429 0.04682378   104.254 0.04267600       0.275
4     5.635 0.05310749    21.124 0.04569911   101.123 0.04288840       0.277
5     6.237 0.05666146    21.661 0.04808712   104.040 0.04310078       0.283
  o25_i.time o25_i.rmse o50_i.ptime o50_i.time o50_i.rmse o100_i.ptime
1      0.264  0.4265020       0.547      0.177  0.3544566        0.229
2      0.270  0.4352479       0.192      0.210  0.3488643        0.255
3      0.276  0.4018084       0.194      0.200  0.3545082        0.247
4      0.282  0.4647845       0.193      0.203  0.3894413        0.254
5      0.299  0.4502148       0.189      0.215  0.3759130        0.259
  o100_i.time o100_i.rmse o250_i.ptime o250_i.time o250_i.rmse o500_i.ptime
1       0.142   0.2409482        0.627       0.146   0.1652283        1.769
2       0.165   0.2673308        0.665       0.610   0.1637888        1.755
3       0.171   0.2766177        0.645       0.167   0.1664063        1.757
4       0.167   0.2709207        0.646       0.155   0.1647402        1.791
5       0.175   0.2944673        0.661       0.157   0.1812310        1.805
  o500_i.time o500_i.rmse o25_d.ptime o25_d.time o25_d.rmse o50_d.ptime
1       0.165   0.1146112       0.613      0.501  0.3048093       0.144
2       0.152   0.1172519       0.604      0.458  0.3111370       0.137
3       0.164   0.1106617       0.892      0.525  0.2932285       0.155
4       0.162   0.1121763       0.589      0.789  0.3134145       0.145
5       0.190   0.1180957       0.901      0.508  0.3115217       0.147
  o50_d.time o50_d.rmse o100_d.ptime o100_d.time o100_d.rmse o250_d.ptime
1      0.553  0.2112835        0.056       1.159   0.1624540        0.033
2      0.563  0.2413400        0.053       1.108   0.1559177        0.028
3      0.627  0.2493016        0.069       1.294   0.1688058        0.033
4      0.633  0.2680418        0.052       1.315   0.1539234        0.042
5      0.682  0.2339899        0.065       1.213   0.1724940        0.042
  o250_d.time o250_d.rmse o500_d.ptime o500_d.time o500_d.rmse c25_i.ptime
1       4.992  0.10515618        0.083      23.676  0.06957861       1.578
2       5.880  0.09463241        0.027      20.684  0.07385446       1.615
3       5.693  0.11072389        0.041      28.643  0.07216948       1.655
4       5.223  0.09261163        0.027      26.081  0.07024516       1.550
5       5.593  0.10264571        0.029      24.775  0.07469866       1.473
  c25_i.time c25_i.rmse c50_i.ptime c50_i.time c50_i.rmse c100_i.ptime
1      0.276  0.2190359       1.109      0.188  0.1778601        0.759
2      0.282  0.2557477       1.150      0.212  0.1899802        0.792
3      0.301  0.2331387       1.156      0.202  0.1854565        0.775
4      0.344  0.2472064       1.081      0.243  0.1868273        0.727
5      0.328  0.2242181       1.055      0.227  0.1723533        0.863
  c100_i.time c100_i.rmse c250_i.ptime c250_i.time c250_i.rmse c500_i.ptime
1       0.156   0.1396661        1.209       0.164  0.10372717        2.236
2       0.177   0.1478079        0.977       0.161  0.09856673        2.236
3       0.171   0.1406492        1.205       0.169  0.10538274        2.116
4       0.199   0.1378387        0.981       0.175  0.10623381        2.191
5       0.194   0.1400296        0.979       0.175  0.10961070        2.080
  c500_i.time c500_i.rmse c25_d.ptime c25_d.time c25_d.rmse c50_d.ptime
1       0.182  0.07782049       1.905      0.948  0.1606151       1.027
2       0.176  0.08002563       1.924      0.964  0.1852138       0.976
3       0.163  0.08456163       2.001      0.927  0.1816886       1.217
4       0.193  0.07634706       1.894      1.053  0.1789519       1.137
5       0.195  0.08080984       2.123      1.009  0.1729399       0.830
  c50_d.time c50_d.rmse c100_d.ptime c100_d.time c100_d.rmse c250_d.ptime
1      1.134  0.1282305        0.771       2.313  0.10969853        0.569
2      1.179  0.1369071        0.463       2.254  0.10112419        0.482
3      1.192  0.1365626        0.604       2.288  0.10800143        0.490
4      1.278  0.1366327        0.569       2.200  0.09858818        0.451
5      1.292  0.1297962        0.781       2.309  0.09813202        0.565
  c250_d.time c250_d.rmse c500_d.ptime c500_d.time c500_d.rmse s25.ptime
1       8.338  0.07846597        0.354      29.736  0.06177452     0.403
2       8.370  0.07439775        0.414      31.021  0.06080610     0.586
3       8.037  0.07808006        0.462      30.905  0.06637189     0.218
4       8.015  0.07936320        0.321      30.038  0.06373556     0.572
5       7.919  0.07964585        0.333      30.482  0.06670576     0.330
  s25.time  s25.rmse s50.ptime s50.time  s50.rmse s100.ptime s100.time
1    0.001 0.6882127     0.602    0.002 0.3463971      0.829     0.003
2    0.001 0.5589758     0.594    0.001 0.4555499      0.722     0.003
3    0.001 0.5507054     0.529    0.002 0.4184194      0.578     0.003
4    0.001 0.5590983     0.491    0.002 0.4490919      0.683     0.003
5    0.001 0.5728530     0.530    0.001 0.4429097      0.691     0.003
  s100.rmse s250.ptime s250.time s250.rmse s500.ptime s500.time s500.rmse
1 0.3039921      1.224     0.009 0.1751230      2.127     0.017 0.1202271
2 0.3073907      1.137     0.008 0.1840250      1.875     0.019 0.1236541
3 0.3061210      1.199     0.008 0.2100183      1.805     0.017 0.1261653
4 0.2930412      1.094     0.008 0.1840264      1.640     0.016 0.1151337
5 0.3446281      0.986     0.008 0.2039636      1.777     0.016 0.1210944
  s1000.ptime s1000.time s1000.rmse s2500.ptime s2500.time s2500.rmse
1       3.199      0.037 0.08250857      20.818      0.080 0.05261445
2       3.563      0.039 0.08541101      24.183      0.090 0.05304663
3       3.392      0.035 0.08312587      20.440      0.086 0.05448558
4       3.183      0.036 0.07982217      23.649      0.092 0.05301552
5       2.890      0.033 0.08207236      23.338      0.085 0.05550539
  s5000.ptime s5000.time s5000.rmse
1     175.042      0.168 0.04139836
2     151.915      0.174 0.04313779
3     163.285      0.180 0.04479189
4     181.134      0.185 0.04217626
5     151.895      0.181 0.04426972
> 
> proc.time()
    user   system  elapsed 
3521.727   48.366 3625.572 
