
R version 3.0.3 (2014-03-06) -- "Warm Puppy"
Copyright (C) 2014 The R Foundation for Statistical Computing
Platform: x86_64-unknown-linux-gnu (64-bit)

R is free software and comes with ABSOLUTELY NO WARRANTY.
You are welcome to redistribute it under certain conditions.
Type 'license()' or 'licence()' for distribution details.

  Natural language support but running in an English locale

R is a collaborative project with many contributors.
Type 'contributors()' for more information and
'citation()' on how to cite R or R packages in publications.

Type 'demo()' for some demos, 'help()' for on-line help, or
'help.start()' for an HTML browser interface to help.
Type 'q()' to quit R.

> print(.libPaths())
[1] "/usr/local/r-3.0.3/lib64/R/library"
> .libPaths("/mnt/home/rjparker/Rlib")
> print(.libPaths())
[1] "/mnt/home/rjparker/Rlib"            "/usr/local/r-3.0.3/lib64/R/library"
> setwd("/mnt/home/rjparker/git/block_int")
> 
> which_exp <- 6
> which_part <- 3
> source("R/sim_nblocks_pred.R")
Loading required package: spam
Loading required package: grid
Spam version 0.41-0 (2014-02-26) is loaded.
Type 'help( Spam)' or 'demo( spam)' for a short introduction 
and overview of this package.
Help for individual functions is also obtained by adding the
suffix '.spam' to the function name, e.g. 'help( chol.spam)'.

Attaching package: ‘spam’

The following objects are masked from ‘package:base’:

    backsolve, forwardsolve

Loading required package: maps
  pred  p b tau Nper_p Npred Fzero sigma2
6 TRUE 10 4  10  10000  1000     0      1
[1] 0.7868404
$full.time
[1] 0.096

$full.rmse
[1] 0.03815774

$full.time
[1] 0.096

$full.rmse
[1] 0.03815774

$l25.time
[1] 3.606

$l25.rmse
[1] 0.0877667

$l50.time
[1] 3.674

$l50.rmse
[1] 0.06864724

$l100.time
[1] 5.065

$l100.rmse
[1] 0.05441905

$l250.time
[1] 22.133

$l250.rmse
[1] 0.04571079

$l500.time
[1] 102.129

$l500.rmse
[1] 0.04259957

$o25_i.ptime
[1] 0.287

$o25_i.time
[1] 0.312

$o25_i.rmse
[1] 0.4053786

$o50_i.ptime
[1] 0.749

$o50_i.time
[1] 0.211

$o50_i.rmse
[1] 0.3281065

$o100_i.ptime
[1] 0.27

$o100_i.time
[1] 0.174

$o100_i.rmse
[1] 0.2455585

$o250_i.ptime
[1] 0.71

$o250_i.time
[1] 0.158

$o250_i.rmse
[1] 0.1625727

$o500_i.ptime
[1] 2.079

$o500_i.time
[1] 0.211

$o500_i.rmse
[1] 0.1105748

$o25_d.ptime
[1] 0.658

$o25_d.time
[1] 0.477

$o25_d.rmse
[1] 0.2821694

$o50_d.ptime
[1] 0.12

$o50_d.time
[1] 0.516

$o50_d.rmse
[1] 0.1972775

$o100_d.ptime
[1] 0.049

$o100_d.time
[1] 1.246

$o100_d.rmse
[1] 0.1501036

$o250_d.ptime
[1] 0.026

$o250_d.time
[1] 5.038

$o250_d.rmse
[1] 0.09930944

$o500_d.ptime
[1] 0.022

$o500_d.time
[1] 26.299

$o500_d.rmse
[1] 0.07430685

$c25_i.ptime
[1] 1.506

$c25_i.time
[1] 0.335

$c25_i.rmse
[1] 0.2105783

$c50_i.ptime
[1] 1.094

$c50_i.time
[1] 0.232

$c50_i.rmse
[1] 0.1665008

$c100_i.ptime
[1] 1.088

$c100_i.time
[1] 0.208

$c100_i.rmse
[1] 0.1391818

$c250_i.ptime
[1] 0.956

$c250_i.time
[1] 0.174

$c250_i.rmse
[1] 0.09514179

$c500_i.ptime
[1] 2.651

$c500_i.time
[1] 0.211

$c500_i.rmse
[1] 0.08363467

$c25_d.ptime
[1] 2.07

$c25_d.time
[1] 1.068

$c25_d.rmse
[1] 0.1618568

$c50_d.ptime
[1] 1.037

$c50_d.time
[1] 1.072

$c50_d.rmse
[1] 0.1364316

$c100_d.ptime
[1] 0.757

$c100_d.time
[1] 2.335

$c100_d.rmse
[1] 0.1064563

$c250_d.ptime
[1] 0.51

$c250_d.time
[1] 8.772

$c250_d.rmse
[1] 0.07572653

$c500_d.ptime
[1] 0.426

$c500_d.time
[1] 27.415

$c500_d.rmse
[1] 0.05990072

$s25.ptime
[1] 0.452

$s25.time
[1] 0.001

$s25.rmse
[1] 0.497002

$s50.ptime
[1] 0.475

$s50.time
[1] 0.001

$s50.rmse
[1] 0.3837314

$s100.ptime
[1] 0.564

$s100.time
[1] 0.003

$s100.rmse
[1] 0.2923936

$s250.ptime
[1] 0.912

$s250.time
[1] 0.007

$s250.rmse
[1] 0.1755321

$s500.ptime
[1] 1.491

$s500.time
[1] 0.015

$s500.rmse
[1] 0.1220069

$s1000.ptime
[1] 2.625

$s1000.time
[1] 0.033

$s1000.rmse
[1] 0.07943629

$s2500.ptime
[1] 23.095

$s2500.time
[1] 0.103

$s2500.rmse
[1] 0.0484493

$s5000.ptime
[1] 155.297

$s5000.time
[1] 0.212

$s5000.rmse
[1] 0.0423903

        seed            p    full.time    full.rmse     l25.time     l25.rmse 
    2494.000       10.000        0.096        0.038        3.606        0.088 
    l50.time     l50.rmse    l100.time    l100.rmse    l250.time    l250.rmse 
       3.674        0.069        5.065        0.054       22.133        0.046 
   l500.time    l500.rmse  o25_i.ptime   o25_i.time   o25_i.rmse  o50_i.ptime 
     102.129        0.043        0.287        0.312        0.405        0.749 
  o50_i.time   o50_i.rmse o100_i.ptime  o100_i.time  o100_i.rmse o250_i.ptime 
       0.211        0.328        0.270        0.174        0.246        0.710 
 o250_i.time  o250_i.rmse o500_i.ptime  o500_i.time  o500_i.rmse  o25_d.ptime 
       0.158        0.163        2.079        0.211        0.111        0.658 
  o25_d.time   o25_d.rmse  o50_d.ptime   o50_d.time   o50_d.rmse o100_d.ptime 
       0.477        0.282        0.120        0.516        0.197        0.049 
 o100_d.time  o100_d.rmse o250_d.ptime  o250_d.time  o250_d.rmse o500_d.ptime 
       1.246        0.150        0.026        5.038        0.099        0.022 
 o500_d.time  o500_d.rmse  c25_i.ptime   c25_i.time   c25_i.rmse  c50_i.ptime 
      26.299        0.074        1.506        0.335        0.211        1.094 
  c50_i.time   c50_i.rmse c100_i.ptime  c100_i.time  c100_i.rmse c250_i.ptime 
       0.232        0.167        1.088        0.208        0.139        0.956 
 c250_i.time  c250_i.rmse c500_i.ptime  c500_i.time  c500_i.rmse  c25_d.ptime 
       0.174        0.095        2.651        0.211        0.084        2.070 
  c25_d.time   c25_d.rmse  c50_d.ptime   c50_d.time   c50_d.rmse c100_d.ptime 
       1.068        0.162        1.037        1.072        0.136        0.757 
 c100_d.time  c100_d.rmse c250_d.ptime  c250_d.time  c250_d.rmse c500_d.ptime 
       2.335        0.106        0.510        8.772        0.076        0.426 
 c500_d.time  c500_d.rmse    s25.ptime     s25.time     s25.rmse    s50.ptime 
      27.415        0.060        0.452        0.001        0.497        0.475 
    s50.time     s50.rmse   s100.ptime    s100.time    s100.rmse   s250.ptime 
       0.001        0.384        0.564        0.003        0.292        0.912 
   s250.time    s250.rmse   s500.ptime    s500.time    s500.rmse  s1000.ptime 
       0.007        0.176        1.491        0.015        0.122        2.625 
  s1000.time   s1000.rmse  s2500.ptime   s2500.time   s2500.rmse  s5000.ptime 
       0.033        0.079       23.095        0.103        0.048      155.297 
  s5000.time   s5000.rmse 
       0.212        0.042 
[1] 0.8612146
$full.time
[1] 0.102

$full.rmse
[1] 0.03884979

$full.time
[1] 0.102

$full.rmse
[1] 0.03884979

$l25.time
[1] 3.592

$l25.rmse
[1] 0.09647678

$l50.time
[1] 3.825

$l50.rmse
[1] 0.07230929

$l100.time
[1] 5.296

$l100.rmse
[1] 0.0550556

$l250.time
[1] 21.695

$l250.rmse
[1] 0.0478396

$l500.time
[1] 93.547

$l500.rmse
[1] 0.04297753

$o25_i.ptime
[1] 0.243

$o25_i.time
[1] 0.263

$o25_i.rmse
[1] 0.4059593

$o50_i.ptime
[1] 0.167

$o50_i.time
[1] 0.186

$o50_i.rmse
[1] 0.3378794

$o100_i.ptime
[1] 0.206

$o100_i.time
[1] 0.146

$o100_i.rmse
[1] 0.2567207

$o250_i.ptime
[1] 0.587

$o250_i.time
[1] 0.626

$o250_i.rmse
[1] 0.1712083

$o500_i.ptime
[1] 1.56

$o500_i.time
[1] 0.141

$o500_i.rmse
[1] 0.1223128

$o25_d.ptime
[1] 0.573

$o25_d.time
[1] 0.518

$o25_d.rmse
[1] 0.3042574

$o50_d.ptime
[1] 0.15

$o50_d.time
[1] 0.62

$o50_d.rmse
[1] 0.216048

$o100_d.ptime
[1] 0.062

$o100_d.time
[1] 1.364

$o100_d.rmse
[1] 0.1572034

$o250_d.ptime
[1] 0.032

$o250_d.time
[1] 5.461

$o250_d.rmse
[1] 0.09620768

$o500_d.ptime
[1] 0.021

$o500_d.time
[1] 23.344

$o500_d.rmse
[1] 0.07519054

$c25_i.ptime
[1] 1.49

$c25_i.time
[1] 0.241

$c25_i.rmse
[1] 0.227093

$c50_i.ptime
[1] 1.189

$c50_i.time
[1] 0.176

$c50_i.rmse
[1] 0.1804661

$c100_i.ptime
[1] 0.72

$c100_i.time
[1] 0.157

$c100_i.rmse
[1] 0.142507

$c250_i.ptime
[1] 0.996

$c250_i.time
[1] 0.161

$c250_i.rmse
[1] 0.1017258

$c500_i.ptime
[1] 2.371

$c500_i.time
[1] 0.191

$c500_i.rmse
[1] 0.08448733

$c25_d.ptime
[1] 1.891

$c25_d.time
[1] 1.036

$c25_d.rmse
[1] 0.1767794

$c50_d.ptime
[1] 0.944

$c50_d.time
[1] 1.27

$c50_d.rmse
[1] 0.1416697

$c100_d.ptime
[1] 0.629

$c100_d.time
[1] 2.35

$c100_d.rmse
[1] 0.1089935

$c250_d.ptime
[1] 0.34

$c250_d.time
[1] 7.466

$c250_d.rmse
[1] 0.07126069

$c500_d.ptime
[1] 0.291

$c500_d.time
[1] 25.526

$c500_d.rmse
[1] 0.06459162

$s25.ptime
[1] 0.452

$s25.time
[1] 0.001

$s25.rmse
[1] 0.4808337

$s50.ptime
[1] 0.387

$s50.time
[1] 0.001

$s50.rmse
[1] 0.4009534

$s100.ptime
[1] 0.522

$s100.time
[1] 0.003

$s100.rmse
[1] 0.2723566

$s250.ptime
[1] 0.983

$s250.time
[1] 0.008

$s250.rmse
[1] 0.172614

$s500.ptime
[1] 1.64

$s500.time
[1] 0.014

$s500.rmse
[1] 0.1232098

$s1000.ptime
[1] 3.309

$s1000.time
[1] 0.033

$s1000.rmse
[1] 0.08043961

$s2500.ptime
[1] 20.636

$s2500.time
[1] 0.079

$s2500.rmse
[1] 0.05481734

$s5000.ptime
[1] 131.305

$s5000.time
[1] 0.185

$s5000.rmse
[1] 0.04377983

        seed            p    full.time    full.rmse     l25.time     l25.rmse 
    2495.000       10.000        0.102        0.039        3.592        0.096 
    l50.time     l50.rmse    l100.time    l100.rmse    l250.time    l250.rmse 
       3.825        0.072        5.296        0.055       21.695        0.048 
   l500.time    l500.rmse  o25_i.ptime   o25_i.time   o25_i.rmse  o50_i.ptime 
      93.547        0.043        0.243        0.263        0.406        0.167 
  o50_i.time   o50_i.rmse o100_i.ptime  o100_i.time  o100_i.rmse o250_i.ptime 
       0.186        0.338        0.206        0.146        0.257        0.587 
 o250_i.time  o250_i.rmse o500_i.ptime  o500_i.time  o500_i.rmse  o25_d.ptime 
       0.626        0.171        1.560        0.141        0.122        0.573 
  o25_d.time   o25_d.rmse  o50_d.ptime   o50_d.time   o50_d.rmse o100_d.ptime 
       0.518        0.304        0.150        0.620        0.216        0.062 
 o100_d.time  o100_d.rmse o250_d.ptime  o250_d.time  o250_d.rmse o500_d.ptime 
       1.364        0.157        0.032        5.461        0.096        0.021 
 o500_d.time  o500_d.rmse  c25_i.ptime   c25_i.time   c25_i.rmse  c50_i.ptime 
      23.344        0.075        1.490        0.241        0.227        1.189 
  c50_i.time   c50_i.rmse c100_i.ptime  c100_i.time  c100_i.rmse c250_i.ptime 
       0.176        0.180        0.720        0.157        0.143        0.996 
 c250_i.time  c250_i.rmse c500_i.ptime  c500_i.time  c500_i.rmse  c25_d.ptime 
       0.161        0.102        2.371        0.191        0.084        1.891 
  c25_d.time   c25_d.rmse  c50_d.ptime   c50_d.time   c50_d.rmse c100_d.ptime 
       1.036        0.177        0.944        1.270        0.142        0.629 
 c100_d.time  c100_d.rmse c250_d.ptime  c250_d.time  c250_d.rmse c500_d.ptime 
       2.350        0.109        0.340        7.466        0.071        0.291 
 c500_d.time  c500_d.rmse    s25.ptime     s25.time     s25.rmse    s50.ptime 
      25.526        0.065        0.452        0.001        0.481        0.387 
    s50.time     s50.rmse   s100.ptime    s100.time    s100.rmse   s250.ptime 
       0.001        0.401        0.522        0.003        0.272        0.983 
   s250.time    s250.rmse   s500.ptime    s500.time    s500.rmse  s1000.ptime 
       0.008        0.173        1.640        0.014        0.123        3.309 
  s1000.time   s1000.rmse  s2500.ptime   s2500.time   s2500.rmse  s5000.ptime 
       0.033        0.080       20.636        0.079        0.055      131.305 
  s5000.time   s5000.rmse 
       0.185        0.044 
[1] 0.6622521
$full.time
[1] 0.078

$full.rmse
[1] 0.03851649

$full.time
[1] 0.078

$full.rmse
[1] 0.03851649

$l25.time
[1] 3.356

$l25.rmse
[1] 0.08940318

$l50.time
[1] 3.458

$l50.rmse
[1] 0.06850032

$l100.time
[1] 4.688

$l100.rmse
[1] 0.05780125

$l250.time
[1] 20.502

$l250.rmse
[1] 0.04778964

$l500.time
[1] 102.612

$l500.rmse
[1] 0.04429359

$o25_i.ptime
[1] 0.226

$o25_i.time
[1] 0.252

$o25_i.rmse
[1] 0.412409

$o50_i.ptime
[1] 0.16

$o50_i.time
[1] 0.168

$o50_i.rmse
[1] 0.352439

$o100_i.ptime
[1] 0.202

$o100_i.time
[1] 0.138

$o100_i.rmse
[1] 0.2767042

$o250_i.ptime
[1] 0.539

$o250_i.time
[1] 0.125

$o250_i.rmse
[1] 0.160522

$o500_i.ptime
[1] 1.508

$o500_i.time
[1] 0.572

$o500_i.rmse
[1] 0.1108391

$o25_d.ptime
[1] 0.656

$o25_d.time
[1] 0.551

$o25_d.rmse
[1] 0.2786846

$o50_d.ptime
[1] 0.167

$o50_d.time
[1] 0.753

$o50_d.rmse
[1] 0.2257954

$o100_d.ptime
[1] 0.063

$o100_d.time
[1] 1.375

$o100_d.rmse
[1] 0.1558958

$o250_d.ptime
[1] 0.033

$o250_d.time
[1] 6.325

$o250_d.rmse
[1] 0.09947738

$o500_d.ptime
[1] 0.031

$o500_d.time
[1] 30.23

$o500_d.rmse
[1] 0.07039493

$c25_i.ptime
[1] 1.376

$c25_i.time
[1] 0.491

$c25_i.rmse
[1] 0.2280633

$c50_i.ptime
[1] 1.103

$c50_i.time
[1] 0.221

$c50_i.rmse
[1] 0.1624893

$c100_i.ptime
[1] 0.821

$c100_i.time
[1] 0.186

$c100_i.rmse
[1] 0.1306662

$c250_i.ptime
[1] 0.993

$c250_i.time
[1] 0.16

$c250_i.rmse
[1] 0.09658059

$c500_i.ptime
[1] 2.233

$c500_i.time
[1] 0.192

$c500_i.rmse
[1] 0.08098479

$c25_d.ptime
[1] 1.803

$c25_d.time
[1] 0.707

$c25_d.rmse
[1] 0.1774736

$c50_d.ptime
[1] 0.908

$c50_d.time
[1] 0.933

$c50_d.rmse
[1] 0.1368365

$c100_d.ptime
[1] 0.713

$c100_d.time
[1] 1.858

$c100_d.rmse
[1] 0.0998536

$c250_d.ptime
[1] 0.463

$c250_d.time
[1] 6.62

$c250_d.rmse
[1] 0.07966151

$c500_d.ptime
[1] 0.401

$c500_d.time
[1] 25.726

$c500_d.rmse
[1] 0.05824338

$s25.ptime
[1] 0.313

$s25.time
[1] 0.001

$s25.rmse
[1] 0.5382038

$s50.ptime
[1] 0.587

$s50.time
[1] 0.002

$s50.rmse
[1] 0.4400518

$s100.ptime
[1] 0.565

$s100.time
[1] 0.003

$s100.rmse
[1] 0.3211438

$s250.ptime
[1] 1.01

$s250.time
[1] 0.007

$s250.rmse
[1] 0.2155292

$s500.ptime
[1] 1.61

$s500.time
[1] 0.017

$s500.rmse
[1] 0.1259735

$s1000.ptime
[1] 3.406

$s1000.time
[1] 0.036

$s1000.rmse
[1] 0.07940491

$s2500.ptime
[1] 18.14

$s2500.time
[1] 0.078

$s2500.rmse
[1] 0.05233291

$s5000.ptime
[1] 115.159

$s5000.time
[1] 0.159

$s5000.rmse
[1] 0.04366368

        seed            p    full.time    full.rmse     l25.time     l25.rmse 
    2496.000       10.000        0.078        0.039        3.356        0.089 
    l50.time     l50.rmse    l100.time    l100.rmse    l250.time    l250.rmse 
       3.458        0.069        4.688        0.058       20.502        0.048 
   l500.time    l500.rmse  o25_i.ptime   o25_i.time   o25_i.rmse  o50_i.ptime 
     102.612        0.044        0.226        0.252        0.412        0.160 
  o50_i.time   o50_i.rmse o100_i.ptime  o100_i.time  o100_i.rmse o250_i.ptime 
       0.168        0.352        0.202        0.138        0.277        0.539 
 o250_i.time  o250_i.rmse o500_i.ptime  o500_i.time  o500_i.rmse  o25_d.ptime 
       0.125        0.161        1.508        0.572        0.111        0.656 
  o25_d.time   o25_d.rmse  o50_d.ptime   o50_d.time   o50_d.rmse o100_d.ptime 
       0.551        0.279        0.167        0.753        0.226        0.063 
 o100_d.time  o100_d.rmse o250_d.ptime  o250_d.time  o250_d.rmse o500_d.ptime 
       1.375        0.156        0.033        6.325        0.099        0.031 
 o500_d.time  o500_d.rmse  c25_i.ptime   c25_i.time   c25_i.rmse  c50_i.ptime 
      30.230        0.070        1.376        0.491        0.228        1.103 
  c50_i.time   c50_i.rmse c100_i.ptime  c100_i.time  c100_i.rmse c250_i.ptime 
       0.221        0.162        0.821        0.186        0.131        0.993 
 c250_i.time  c250_i.rmse c500_i.ptime  c500_i.time  c500_i.rmse  c25_d.ptime 
       0.160        0.097        2.233        0.192        0.081        1.803 
  c25_d.time   c25_d.rmse  c50_d.ptime   c50_d.time   c50_d.rmse c100_d.ptime 
       0.707        0.177        0.908        0.933        0.137        0.713 
 c100_d.time  c100_d.rmse c250_d.ptime  c250_d.time  c250_d.rmse c500_d.ptime 
       1.858        0.100        0.463        6.620        0.080        0.401 
 c500_d.time  c500_d.rmse    s25.ptime     s25.time     s25.rmse    s50.ptime 
      25.726        0.058        0.313        0.001        0.538        0.587 
    s50.time     s50.rmse   s100.ptime    s100.time    s100.rmse   s250.ptime 
       0.002        0.440        0.565        0.003        0.321        1.010 
   s250.time    s250.rmse   s500.ptime    s500.time    s500.rmse  s1000.ptime 
       0.007        0.216        1.610        0.017        0.126        3.406 
  s1000.time   s1000.rmse  s2500.ptime   s2500.time   s2500.rmse  s5000.ptime 
       0.036        0.079       18.140        0.078        0.052      115.159 
  s5000.time   s5000.rmse 
       0.159        0.044 
[1] 0.7300642
$full.time
[1] 0.069

$full.rmse
[1] 0.03902882

$full.time
[1] 0.069

$full.rmse
[1] 0.03902882

$l25.time
[1] 3.037

$l25.rmse
[1] 0.09069745

$l50.time
[1] 3.145

$l50.rmse
[1] 0.06956028

$l100.time
[1] 5.504

$l100.rmse
[1] 0.05780284

$l250.time
[1] 19.812

$l250.rmse
[1] 0.04812423

$l500.time
[1] 96.144

$l500.rmse
[1] 0.04314218

$o25_i.ptime
[1] 0.232

$o25_i.time
[1] 0.251

$o25_i.rmse
[1] 0.4131093

$o50_i.ptime
[1] 0.166

$o50_i.time
[1] 0.182

$o50_i.rmse
[1] 0.321871

$o100_i.ptime
[1] 0.199

$o100_i.time
[1] 0.143

$o100_i.rmse
[1] 0.24587

$o250_i.ptime
[1] 0.561

$o250_i.time
[1] 0.125

$o250_i.rmse
[1] 0.1930757

$o500_i.ptime
[1] 1.387

$o500_i.time
[1] 0.131

$o500_i.rmse
[1] 0.1285723

$o25_d.ptime
[1] 0.932

$o25_d.time
[1] 0.416

$o25_d.rmse
[1] 0.2921879

$o50_d.ptime
[1] 0.12

$o50_d.time
[1] 0.541

$o50_d.rmse
[1] 0.2272414

$o100_d.ptime
[1] 0.046

$o100_d.time
[1] 0.985

$o100_d.rmse
[1] 0.1607624

$o250_d.ptime
[1] 0.024

$o250_d.time
[1] 5.041

$o250_d.rmse
[1] 0.1200519

$o500_d.ptime
[1] 0.032

$o500_d.time
[1] 27.669

$o500_d.rmse
[1] 0.07859462

$c25_i.ptime
[1] 1.664

$c25_i.time
[1] 0.335

$c25_i.rmse
[1] 0.2277803

$c50_i.ptime
[1] 1.12

$c50_i.time
[1] 0.253

$c50_i.rmse
[1] 0.1781483

$c100_i.ptime
[1] 1.073

$c100_i.time
[1] 0.218

$c100_i.rmse
[1] 0.1300775

$c250_i.ptime
[1] 1.192

$c250_i.time
[1] 0.212

$c250_i.rmse
[1] 0.09970864

$c500_i.ptime
[1] 2.191

$c500_i.time
[1] 0.211

$c500_i.rmse
[1] 0.07878329

$c25_d.ptime
[1] 1.961

$c25_d.time
[1] 0.998

$c25_d.rmse
[1] 0.167096

$c50_d.ptime
[1] 0.911

$c50_d.time
[1] 1.015

$c50_d.rmse
[1] 0.133645

$c100_d.ptime
[1] 0.562

$c100_d.time
[1] 1.87

$c100_d.rmse
[1] 0.1061632

$c250_d.ptime
[1] 0.356

$c250_d.time
[1] 7.027

$c250_d.rmse
[1] 0.08006553

$c500_d.ptime
[1] 0.388

$c500_d.time
[1] 26.173

$c500_d.rmse
[1] 0.06487532

$s25.ptime
[1] 0.47

$s25.time
[1] 0.001

$s25.rmse
[1] 0.6532064

$s50.ptime
[1] 0.432

$s50.time
[1] 0.002

$s50.rmse
[1] 0.4011871

$s100.ptime
[1] 0.851

$s100.time
[1] 0.003

$s100.rmse
[1] 0.2801188

$s250.ptime
[1] 0.91

$s250.time
[1] 0.008

$s250.rmse
[1] 0.2039837

$s500.ptime
[1] 1.846

$s500.time
[1] 0.015

$s500.rmse
[1] 0.1249566

$s1000.ptime
[1] 2.885

$s1000.time
[1] 0.032

$s1000.rmse
[1] 0.08716339

$s2500.ptime
[1] 17.929

$s2500.time
[1] 0.075

$s2500.rmse
[1] 0.05432136

$s5000.ptime
[1] 130.668

$s5000.time
[1] 0.159

$s5000.rmse
[1] 0.04383332

        seed            p    full.time    full.rmse     l25.time     l25.rmse 
    2497.000       10.000        0.069        0.039        3.037        0.091 
    l50.time     l50.rmse    l100.time    l100.rmse    l250.time    l250.rmse 
       3.145        0.070        5.504        0.058       19.812        0.048 
   l500.time    l500.rmse  o25_i.ptime   o25_i.time   o25_i.rmse  o50_i.ptime 
      96.144        0.043        0.232        0.251        0.413        0.166 
  o50_i.time   o50_i.rmse o100_i.ptime  o100_i.time  o100_i.rmse o250_i.ptime 
       0.182        0.322        0.199        0.143        0.246        0.561 
 o250_i.time  o250_i.rmse o500_i.ptime  o500_i.time  o500_i.rmse  o25_d.ptime 
       0.125        0.193        1.387        0.131        0.129        0.932 
  o25_d.time   o25_d.rmse  o50_d.ptime   o50_d.time   o50_d.rmse o100_d.ptime 
       0.416        0.292        0.120        0.541        0.227        0.046 
 o100_d.time  o100_d.rmse o250_d.ptime  o250_d.time  o250_d.rmse o500_d.ptime 
       0.985        0.161        0.024        5.041        0.120        0.032 
 o500_d.time  o500_d.rmse  c25_i.ptime   c25_i.time   c25_i.rmse  c50_i.ptime 
      27.669        0.079        1.664        0.335        0.228        1.120 
  c50_i.time   c50_i.rmse c100_i.ptime  c100_i.time  c100_i.rmse c250_i.ptime 
       0.253        0.178        1.073        0.218        0.130        1.192 
 c250_i.time  c250_i.rmse c500_i.ptime  c500_i.time  c500_i.rmse  c25_d.ptime 
       0.212        0.100        2.191        0.211        0.079        1.961 
  c25_d.time   c25_d.rmse  c50_d.ptime   c50_d.time   c50_d.rmse c100_d.ptime 
       0.998        0.167        0.911        1.015        0.134        0.562 
 c100_d.time  c100_d.rmse c250_d.ptime  c250_d.time  c250_d.rmse c500_d.ptime 
       1.870        0.106        0.356        7.027        0.080        0.388 
 c500_d.time  c500_d.rmse    s25.ptime     s25.time     s25.rmse    s50.ptime 
      26.173        0.065        0.470        0.001        0.653        0.432 
    s50.time     s50.rmse   s100.ptime    s100.time    s100.rmse   s250.ptime 
       0.002        0.401        0.851        0.003        0.280        0.910 
   s250.time    s250.rmse   s500.ptime    s500.time    s500.rmse  s1000.ptime 
       0.008        0.204        1.846        0.015        0.125        2.885 
  s1000.time   s1000.rmse  s2500.ptime   s2500.time   s2500.rmse  s5000.ptime 
       0.032        0.087       17.929        0.075        0.054      130.668 
  s5000.time   s5000.rmse 
       0.159        0.044 
[1] 0.5445814
$full.time
[1] 0.072

$full.rmse
[1] 0.03593307

$full.time
[1] 0.072

$full.rmse
[1] 0.03593307

$l25.time
[1] 3.298

$l25.rmse
[1] 0.09323265

$l50.time
[1] 3.436

$l50.rmse
[1] 0.06778049

$l100.time
[1] 4.416

$l100.rmse
[1] 0.05405148

$l250.time
[1] 19.055

$l250.rmse
[1] 0.04460697

$l500.time
[1] 86.727

$l500.rmse
[1] 0.04117159

$o25_i.ptime
[1] 0.228

$o25_i.time
[1] 0.225

$o25_i.rmse
[1] 0.4153104

$o50_i.ptime
[1] 0.154

$o50_i.time
[1] 0.15

$o50_i.rmse
[1] 0.3322682

$o100_i.ptime
[1] 0.18

$o100_i.time
[1] 0.12

$o100_i.rmse
[1] 0.2713761

$o250_i.ptime
[1] 0.519

$o250_i.time
[1] 0.111

$o250_i.rmse
[1] 0.1596005

$o500_i.ptime
[1] 1.293

$o500_i.time
[1] 0.391

$o500_i.rmse
[1] 0.116431

$o25_d.ptime
[1] 0.527

$o25_d.time
[1] 0.386

$o25_d.rmse
[1] 0.2857047

$o50_d.ptime
[1] 0.116

$o50_d.time
[1] 0.481

$o50_d.rmse
[1] 0.2207755

$o100_d.ptime
[1] 0.051

$o100_d.time
[1] 1.012

$o100_d.rmse
[1] 0.1667274

$o250_d.ptime
[1] 0.022

$o250_d.time
[1] 3.906

$o250_d.rmse
[1] 0.1031306

$o500_d.ptime
[1] 0.026

$o500_d.time
[1] 16.37

$o500_d.rmse
[1] 0.07176145

$c25_i.ptime
[1] 1.293

$c25_i.time
[1] 0.239

$c25_i.rmse
[1] 0.2272547

$c50_i.ptime
[1] 0.869

$c50_i.time
[1] 0.178

$c50_i.rmse
[1] 0.1842724

$c100_i.ptime
[1] 0.846

$c100_i.time
[1] 0.16

$c100_i.rmse
[1] 0.1463598

$c250_i.ptime
[1] 0.908

$c250_i.time
[1] 0.133

$c250_i.rmse
[1] 0.09882466

$c500_i.ptime
[1] 1.923

$c500_i.time
[1] 0.176

$c500_i.rmse
[1] 0.08691012

$c25_d.ptime
[1] 1.969

$c25_d.time
[1] 1.016

$c25_d.rmse
[1] 0.1739853

$c50_d.ptime
[1] 1.034

$c50_d.time
[1] 1.213

$c50_d.rmse
[1] 0.1283661

$c100_d.ptime
[1] 0.678

$c100_d.time
[1] 2.254

$c100_d.rmse
[1] 0.1080841

$c250_d.ptime
[1] 0.432

$c250_d.time
[1] 7.021

$c250_d.rmse
[1] 0.07346646

$c500_d.ptime
[1] 0.406

$c500_d.time
[1] 28.649

$c500_d.rmse
[1] 0.06277633

$s25.ptime
[1] 0.552

$s25.time
[1] 0.001

$s25.rmse
[1] 0.4615203

$s50.ptime
[1] 0.368

$s50.time
[1] 0.001

$s50.rmse
[1] 0.4164512

$s100.ptime
[1] 0.69

$s100.time
[1] 0.002

$s100.rmse
[1] 0.3089548

$s250.ptime
[1] 1.152

$s250.time
[1] 0.008

$s250.rmse
[1] 0.1873594

$s500.ptime
[1] 1.68

$s500.time
[1] 0.015

$s500.rmse
[1] 0.1231809

$s1000.ptime
[1] 2.96

$s1000.time
[1] 0.028

$s1000.rmse
[1] 0.08165926

$s2500.ptime
[1] 16.292

$s2500.time
[1] 0.068

$s2500.rmse
[1] 0.05186709

$s5000.ptime
[1] 106.558

$s5000.time
[1] 0.149

$s5000.rmse
[1] 0.04076435

        seed            p    full.time    full.rmse     l25.time     l25.rmse 
    2498.000       10.000        0.072        0.036        3.298        0.093 
    l50.time     l50.rmse    l100.time    l100.rmse    l250.time    l250.rmse 
       3.436        0.068        4.416        0.054       19.055        0.045 
   l500.time    l500.rmse  o25_i.ptime   o25_i.time   o25_i.rmse  o50_i.ptime 
      86.727        0.041        0.228        0.225        0.415        0.154 
  o50_i.time   o50_i.rmse o100_i.ptime  o100_i.time  o100_i.rmse o250_i.ptime 
       0.150        0.332        0.180        0.120        0.271        0.519 
 o250_i.time  o250_i.rmse o500_i.ptime  o500_i.time  o500_i.rmse  o25_d.ptime 
       0.111        0.160        1.293        0.391        0.116        0.527 
  o25_d.time   o25_d.rmse  o50_d.ptime   o50_d.time   o50_d.rmse o100_d.ptime 
       0.386        0.286        0.116        0.481        0.221        0.051 
 o100_d.time  o100_d.rmse o250_d.ptime  o250_d.time  o250_d.rmse o500_d.ptime 
       1.012        0.167        0.022        3.906        0.103        0.026 
 o500_d.time  o500_d.rmse  c25_i.ptime   c25_i.time   c25_i.rmse  c50_i.ptime 
      16.370        0.072        1.293        0.239        0.227        0.869 
  c50_i.time   c50_i.rmse c100_i.ptime  c100_i.time  c100_i.rmse c250_i.ptime 
       0.178        0.184        0.846        0.160        0.146        0.908 
 c250_i.time  c250_i.rmse c500_i.ptime  c500_i.time  c500_i.rmse  c25_d.ptime 
       0.133        0.099        1.923        0.176        0.087        1.969 
  c25_d.time   c25_d.rmse  c50_d.ptime   c50_d.time   c50_d.rmse c100_d.ptime 
       1.016        0.174        1.034        1.213        0.128        0.678 
 c100_d.time  c100_d.rmse c250_d.ptime  c250_d.time  c250_d.rmse c500_d.ptime 
       2.254        0.108        0.432        7.021        0.073        0.406 
 c500_d.time  c500_d.rmse    s25.ptime     s25.time     s25.rmse    s50.ptime 
      28.649        0.063        0.552        0.001        0.462        0.368 
    s50.time     s50.rmse   s100.ptime    s100.time    s100.rmse   s250.ptime 
       0.001        0.416        0.690        0.002        0.309        1.152 
   s250.time    s250.rmse   s500.ptime    s500.time    s500.rmse  s1000.ptime 
       0.008        0.187        1.680        0.015        0.123        2.960 
  s1000.time   s1000.rmse  s2500.ptime   s2500.time   s2500.rmse  s5000.ptime 
       0.028        0.082       16.292        0.068        0.052      106.558 
  s5000.time   s5000.rmse 
       0.149        0.041 
  seed  p full.time  full.rmse l25.time   l25.rmse l50.time   l50.rmse
1 2494 10     0.096 0.03815774    3.606 0.08776670    3.674 0.06864724
2 2495 10     0.102 0.03884979    3.592 0.09647678    3.825 0.07230929
3 2496 10     0.078 0.03851649    3.356 0.08940318    3.458 0.06850032
4 2497 10     0.069 0.03902882    3.037 0.09069745    3.145 0.06956028
5 2498 10     0.072 0.03593307    3.298 0.09323265    3.436 0.06778049
  l100.time  l100.rmse l250.time  l250.rmse l500.time  l500.rmse o25_i.ptime
1     5.065 0.05441905    22.133 0.04571079   102.129 0.04259957       0.287
2     5.296 0.05505560    21.695 0.04783960    93.547 0.04297753       0.243
3     4.688 0.05780125    20.502 0.04778964   102.612 0.04429359       0.226
4     5.504 0.05780284    19.812 0.04812423    96.144 0.04314218       0.232
5     4.416 0.05405148    19.055 0.04460697    86.727 0.04117159       0.228
  o25_i.time o25_i.rmse o50_i.ptime o50_i.time o50_i.rmse o100_i.ptime
1      0.312  0.4053786       0.749      0.211  0.3281065        0.270
2      0.263  0.4059593       0.167      0.186  0.3378794        0.206
3      0.252  0.4124090       0.160      0.168  0.3524390        0.202
4      0.251  0.4131093       0.166      0.182  0.3218710        0.199
5      0.225  0.4153104       0.154      0.150  0.3322682        0.180
  o100_i.time o100_i.rmse o250_i.ptime o250_i.time o250_i.rmse o500_i.ptime
1       0.174   0.2455585        0.710       0.158   0.1625727        2.079
2       0.146   0.2567207        0.587       0.626   0.1712083        1.560
3       0.138   0.2767042        0.539       0.125   0.1605220        1.508
4       0.143   0.2458700        0.561       0.125   0.1930757        1.387
5       0.120   0.2713761        0.519       0.111   0.1596005        1.293
  o500_i.time o500_i.rmse o25_d.ptime o25_d.time o25_d.rmse o50_d.ptime
1       0.211   0.1105748       0.658      0.477  0.2821694       0.120
2       0.141   0.1223128       0.573      0.518  0.3042574       0.150
3       0.572   0.1108391       0.656      0.551  0.2786846       0.167
4       0.131   0.1285723       0.932      0.416  0.2921879       0.120
5       0.391   0.1164310       0.527      0.386  0.2857047       0.116
  o50_d.time o50_d.rmse o100_d.ptime o100_d.time o100_d.rmse o250_d.ptime
1      0.516  0.1972775        0.049       1.246   0.1501036        0.026
2      0.620  0.2160480        0.062       1.364   0.1572034        0.032
3      0.753  0.2257954        0.063       1.375   0.1558958        0.033
4      0.541  0.2272414        0.046       0.985   0.1607624        0.024
5      0.481  0.2207755        0.051       1.012   0.1667274        0.022
  o250_d.time o250_d.rmse o500_d.ptime o500_d.time o500_d.rmse c25_i.ptime
1       5.038  0.09930944        0.022      26.299  0.07430685       1.506
2       5.461  0.09620768        0.021      23.344  0.07519054       1.490
3       6.325  0.09947738        0.031      30.230  0.07039493       1.376
4       5.041  0.12005193        0.032      27.669  0.07859462       1.664
5       3.906  0.10313057        0.026      16.370  0.07176145       1.293
  c25_i.time c25_i.rmse c50_i.ptime c50_i.time c50_i.rmse c100_i.ptime
1      0.335  0.2105783       1.094      0.232  0.1665008        1.088
2      0.241  0.2270930       1.189      0.176  0.1804661        0.720
3      0.491  0.2280633       1.103      0.221  0.1624893        0.821
4      0.335  0.2277803       1.120      0.253  0.1781483        1.073
5      0.239  0.2272547       0.869      0.178  0.1842724        0.846
  c100_i.time c100_i.rmse c250_i.ptime c250_i.time c250_i.rmse c500_i.ptime
1       0.208   0.1391818        0.956       0.174  0.09514179        2.651
2       0.157   0.1425070        0.996       0.161  0.10172577        2.371
3       0.186   0.1306662        0.993       0.160  0.09658059        2.233
4       0.218   0.1300775        1.192       0.212  0.09970864        2.191
5       0.160   0.1463598        0.908       0.133  0.09882466        1.923
  c500_i.time c500_i.rmse c25_d.ptime c25_d.time c25_d.rmse c50_d.ptime
1       0.211  0.08363467       2.070      1.068  0.1618568       1.037
2       0.191  0.08448733       1.891      1.036  0.1767794       0.944
3       0.192  0.08098479       1.803      0.707  0.1774736       0.908
4       0.211  0.07878329       1.961      0.998  0.1670960       0.911
5       0.176  0.08691012       1.969      1.016  0.1739853       1.034
  c50_d.time c50_d.rmse c100_d.ptime c100_d.time c100_d.rmse c250_d.ptime
1      1.072  0.1364316        0.757       2.335   0.1064563        0.510
2      1.270  0.1416697        0.629       2.350   0.1089935        0.340
3      0.933  0.1368365        0.713       1.858   0.0998536        0.463
4      1.015  0.1336450        0.562       1.870   0.1061632        0.356
5      1.213  0.1283661        0.678       2.254   0.1080841        0.432
  c250_d.time c250_d.rmse c500_d.ptime c500_d.time c500_d.rmse s25.ptime
1       8.772  0.07572653        0.426      27.415  0.05990072     0.452
2       7.466  0.07126069        0.291      25.526  0.06459162     0.452
3       6.620  0.07966151        0.401      25.726  0.05824338     0.313
4       7.027  0.08006553        0.388      26.173  0.06487532     0.470
5       7.021  0.07346646        0.406      28.649  0.06277633     0.552
  s25.time  s25.rmse s50.ptime s50.time  s50.rmse s100.ptime s100.time
1    0.001 0.4970020     0.475    0.001 0.3837314      0.564     0.003
2    0.001 0.4808337     0.387    0.001 0.4009534      0.522     0.003
3    0.001 0.5382038     0.587    0.002 0.4400518      0.565     0.003
4    0.001 0.6532064     0.432    0.002 0.4011871      0.851     0.003
5    0.001 0.4615203     0.368    0.001 0.4164512      0.690     0.002
  s100.rmse s250.ptime s250.time s250.rmse s500.ptime s500.time s500.rmse
1 0.2923936      0.912     0.007 0.1755321      1.491     0.015 0.1220069
2 0.2723566      0.983     0.008 0.1726140      1.640     0.014 0.1232098
3 0.3211438      1.010     0.007 0.2155292      1.610     0.017 0.1259735
4 0.2801188      0.910     0.008 0.2039837      1.846     0.015 0.1249566
5 0.3089548      1.152     0.008 0.1873594      1.680     0.015 0.1231809
  s1000.ptime s1000.time s1000.rmse s2500.ptime s2500.time s2500.rmse
1       2.625      0.033 0.07943629      23.095      0.103 0.04844930
2       3.309      0.033 0.08043961      20.636      0.079 0.05481734
3       3.406      0.036 0.07940491      18.140      0.078 0.05233291
4       2.885      0.032 0.08716339      17.929      0.075 0.05432136
5       2.960      0.028 0.08165926      16.292      0.068 0.05186709
  s5000.ptime s5000.time s5000.rmse
1     155.297      0.212 0.04239030
2     131.305      0.185 0.04377983
3     115.159      0.159 0.04366368
4     130.668      0.159 0.04383332
5     106.558      0.149 0.04076435
Warning message:
Quick-TRANSfer stage steps exceeded maximum (= 500000) 
> 
> proc.time()
    user   system  elapsed 
3579.069   36.112 3679.066 
