
R version 3.0.3 (2014-03-06) -- "Warm Puppy"
Copyright (C) 2014 The R Foundation for Statistical Computing
Platform: x86_64-unknown-linux-gnu (64-bit)

R is free software and comes with ABSOLUTELY NO WARRANTY.
You are welcome to redistribute it under certain conditions.
Type 'license()' or 'licence()' for distribution details.

  Natural language support but running in an English locale

R is a collaborative project with many contributors.
Type 'contributors()' for more information and
'citation()' on how to cite R or R packages in publications.

Type 'demo()' for some demos, 'help()' for on-line help, or
'help.start()' for an HTML browser interface to help.
Type 'q()' to quit R.

> print(.libPaths())
[1] "/usr/local/r-3.0.3/lib64/R/library"
> .libPaths("/mnt/home/rjparker/Rlib")
> print(.libPaths())
[1] "/mnt/home/rjparker/Rlib"            "/usr/local/r-3.0.3/lib64/R/library"
> setwd("/mnt/home/rjparker/git/block_int")
> 
> which_exp <- 6
> which_part <- 18
> source("R/sim_nblocks_pred.R")
Loading required package: spam
Loading required package: grid
Spam version 0.41-0 (2014-02-26) is loaded.
Type 'help( Spam)' or 'demo( spam)' for a short introduction 
and overview of this package.
Help for individual functions is also obtained by adding the
suffix '.spam' to the function name, e.g. 'help( chol.spam)'.

Attaching package: ‘spam’

The following objects are masked from ‘package:base’:

    backsolve, forwardsolve

Loading required package: maps
  pred  p b tau Nper_p Npred Fzero sigma2
6 TRUE 10 4  10  10000  1000     0      1
[1] 1.103539
$full.time
[1] 0.124

$full.rmse
[1] 0.03886598

$full.time
[1] 0.124

$full.rmse
[1] 0.03886598

$l25.time
[1] 3.307

$l25.rmse
[1] 0.09727856

$l50.time
[1] 3.375

$l50.rmse
[1] 0.07602573

$l100.time
[1] 4.555

$l100.rmse
[1] 0.05813767

$l250.time
[1] 17.391

$l250.rmse
[1] 0.04959455

$l500.time
[1] 78.267

$l500.rmse
[1] 0.04428211

$o25_i.ptime
[1] 0.183

$o25_i.time
[1] 0.188

$o25_i.rmse
[1] 0.4758857

$o50_i.ptime
[1] 0.441

$o50_i.time
[1] 0.124

$o50_i.rmse
[1] 0.3456898

$o100_i.ptime
[1] 0.164

$o100_i.time
[1] 0.102

$o100_i.rmse
[1] 0.2539379

$o250_i.ptime
[1] 0.469

$o250_i.time
[1] 0.092

$o250_i.rmse
[1] 0.1697513

$o500_i.ptime
[1] 1.281

$o500_i.time
[1] 0.113

$o500_i.rmse
[1] 0.1129256

$o25_d.ptime
[1] 0.491

$o25_d.time
[1] 0.328

$o25_d.rmse
[1] 0.3105368

$o50_d.ptime
[1] 0.11

$o50_d.time
[1] 0.434

$o50_d.rmse
[1] 0.2145202

$o100_d.ptime
[1] 0.052

$o100_d.time
[1] 0.92

$o100_d.rmse
[1] 0.1661169

$o250_d.ptime
[1] 0.02

$o250_d.time
[1] 4.362

$o250_d.rmse
[1] 0.1037794

$o500_d.ptime
[1] 0.018

$o500_d.time
[1] 20.398

$o500_d.rmse
[1] 0.07060256

$c25_i.ptime
[1] 1.359

$c25_i.time
[1] 0.208

$c25_i.rmse
[1] 0.2478655

$c50_i.ptime
[1] 0.901

$c50_i.time
[1] 0.138

$c50_i.rmse
[1] 0.1772507

$c100_i.ptime
[1] 0.576

$c100_i.time
[1] 0.113

$c100_i.rmse
[1] 0.143043

$c250_i.ptime
[1] 0.784

$c250_i.time
[1] 0.102

$c250_i.rmse
[1] 0.1052491

$c500_i.ptime
[1] 1.708

$c500_i.time
[1] 0.122

$c500_i.rmse
[1] 0.08398705

$c25_d.ptime
[1] 1.498

$c25_d.time
[1] 0.661

$c25_d.rmse
[1] 0.1844485

$c50_d.ptime
[1] 0.827

$c50_d.time
[1] 0.806

$c50_d.rmse
[1] 0.1360815

$c100_d.ptime
[1] 0.53

$c100_d.time
[1] 1.649

$c100_d.rmse
[1] 0.104332

$c250_d.ptime
[1] 0.348

$c250_d.time
[1] 5.959

$c250_d.rmse
[1] 0.08144543

$c500_d.ptime
[1] 0.207

$c500_d.time
[1] 25.386

$c500_d.rmse
[1] 0.06413061

$s25.ptime
[1] 0.447

$s25.time
[1] 0

$s25.rmse
[1] 0.5694933

$s50.ptime
[1] 0.538

$s50.time
[1] 0.001

$s50.rmse
[1] 0.4078446

$s100.ptime
[1] 0.658

$s100.time
[1] 0.003

$s100.rmse
[1] 0.2807841

$s250.ptime
[1] 0.948

$s250.time
[1] 0.007

$s250.rmse
[1] 0.1819363

$s500.ptime
[1] 1.553

$s500.time
[1] 0.016

$s500.rmse
[1] 0.1213473

$s1000.ptime
[1] 2.733

$s1000.time
[1] 0.031

$s1000.rmse
[1] 0.08144622

$s2500.ptime
[1] 28.33

$s2500.time
[1] 0.082

$s2500.rmse
[1] 0.05417058

$s5000.ptime
[1] 214.512

$s5000.time
[1] 0.173

$s5000.rmse
[1] 0.0426668

        seed            p    full.time    full.rmse     l25.time     l25.rmse 
    2569.000       10.000        0.124        0.039        3.307        0.097 
    l50.time     l50.rmse    l100.time    l100.rmse    l250.time    l250.rmse 
       3.375        0.076        4.555        0.058       17.391        0.050 
   l500.time    l500.rmse  o25_i.ptime   o25_i.time   o25_i.rmse  o50_i.ptime 
      78.267        0.044        0.183        0.188        0.476        0.441 
  o50_i.time   o50_i.rmse o100_i.ptime  o100_i.time  o100_i.rmse o250_i.ptime 
       0.124        0.346        0.164        0.102        0.254        0.469 
 o250_i.time  o250_i.rmse o500_i.ptime  o500_i.time  o500_i.rmse  o25_d.ptime 
       0.092        0.170        1.281        0.113        0.113        0.491 
  o25_d.time   o25_d.rmse  o50_d.ptime   o50_d.time   o50_d.rmse o100_d.ptime 
       0.328        0.311        0.110        0.434        0.215        0.052 
 o100_d.time  o100_d.rmse o250_d.ptime  o250_d.time  o250_d.rmse o500_d.ptime 
       0.920        0.166        0.020        4.362        0.104        0.018 
 o500_d.time  o500_d.rmse  c25_i.ptime   c25_i.time   c25_i.rmse  c50_i.ptime 
      20.398        0.071        1.359        0.208        0.248        0.901 
  c50_i.time   c50_i.rmse c100_i.ptime  c100_i.time  c100_i.rmse c250_i.ptime 
       0.138        0.177        0.576        0.113        0.143        0.784 
 c250_i.time  c250_i.rmse c500_i.ptime  c500_i.time  c500_i.rmse  c25_d.ptime 
       0.102        0.105        1.708        0.122        0.084        1.498 
  c25_d.time   c25_d.rmse  c50_d.ptime   c50_d.time   c50_d.rmse c100_d.ptime 
       0.661        0.184        0.827        0.806        0.136        0.530 
 c100_d.time  c100_d.rmse c250_d.ptime  c250_d.time  c250_d.rmse c500_d.ptime 
       1.649        0.104        0.348        5.959        0.081        0.207 
 c500_d.time  c500_d.rmse    s25.ptime     s25.time     s25.rmse    s50.ptime 
      25.386        0.064        0.447        0.000        0.569        0.538 
    s50.time     s50.rmse   s100.ptime    s100.time    s100.rmse   s250.ptime 
       0.001        0.408        0.658        0.003        0.281        0.948 
   s250.time    s250.rmse   s500.ptime    s500.time    s500.rmse  s1000.ptime 
       0.007        0.182        1.553        0.016        0.121        2.733 
  s1000.time   s1000.rmse  s2500.ptime   s2500.time   s2500.rmse  s5000.ptime 
       0.031        0.081       28.330        0.082        0.054      214.512 
  s5000.time   s5000.rmse 
       0.173        0.043 
[1] 0.8193187
$full.time
[1] 0.122

$full.rmse
[1] 0.04044734

$full.time
[1] 0.122

$full.rmse
[1] 0.04044734

$l25.time
[1] 2.964

$l25.rmse
[1] 0.1079928

$l50.time
[1] 2.938

$l50.rmse
[1] 0.07985003

$l100.time
[1] 4.54

$l100.rmse
[1] 0.05998111

$l250.time
[1] 17.06

$l250.rmse
[1] 0.04980209

$l500.time
[1] 74.273

$l500.rmse
[1] 0.04576116

$o25_i.ptime
[1] 0.223

$o25_i.time
[1] 0.238

$o25_i.rmse
[1] 0.4355189

$o50_i.ptime
[1] 0.151

$o50_i.time
[1] 0.157

$o50_i.rmse
[1] 0.3645022

$o100_i.ptime
[1] 0.19

$o100_i.time
[1] 0.129

$o100_i.rmse
[1] 0.2701228

$o250_i.ptime
[1] 0.526

$o250_i.time
[1] 0.458

$o250_i.rmse
[1] 0.177333

$o500_i.ptime
[1] 1.367

$o500_i.time
[1] 0.106

$o500_i.rmse
[1] 0.1176436

$o25_d.ptime
[1] 0.55

$o25_d.time
[1] 0.359

$o25_d.rmse
[1] 0.3084213

$o50_d.ptime
[1] 0.122

$o50_d.time
[1] 0.494

$o50_d.rmse
[1] 0.2374773

$o100_d.ptime
[1] 0.043

$o100_d.time
[1] 0.825

$o100_d.rmse
[1] 0.1637177

$o250_d.ptime
[1] 0.021

$o250_d.time
[1] 3.729

$o250_d.rmse
[1] 0.1050318

$o500_d.ptime
[1] 0.029

$o500_d.time
[1] 19.265

$o500_d.rmse
[1] 0.07632071

$c25_i.ptime
[1] 1.355

$c25_i.time
[1] 0.275

$c25_i.rmse
[1] 0.2330848

$c50_i.ptime
[1] 1.174

$c50_i.time
[1] 0.156

$c50_i.rmse
[1] 0.1881915

$c100_i.ptime
[1] 0.753

$c100_i.time
[1] 0.13

$c100_i.rmse
[1] 0.1468616

$c250_i.ptime
[1] 0.968

$c250_i.time
[1] 0.116

$c250_i.rmse
[1] 0.1039484

$c500_i.ptime
[1] 1.742

$c500_i.time
[1] 0.12

$c500_i.rmse
[1] 0.08201692

$c25_d.ptime
[1] 1.837

$c25_d.time
[1] 0.735

$c25_d.rmse
[1] 0.1778812

$c50_d.ptime
[1] 0.938

$c50_d.time
[1] 0.869

$c50_d.rmse
[1] 0.1507454

$c100_d.ptime
[1] 0.581

$c100_d.time
[1] 1.645

$c100_d.rmse
[1] 0.1052976

$c250_d.ptime
[1] 0.314

$c250_d.time
[1] 6.292

$c250_d.rmse
[1] 0.07704693

$c500_d.ptime
[1] 0.383

$c500_d.time
[1] 22.81

$c500_d.rmse
[1] 0.06841923

$s25.ptime
[1] 0.305

$s25.time
[1] 0.001

$s25.rmse
[1] 0.4777778

$s50.ptime
[1] 0.47

$s50.time
[1] 0.002

$s50.rmse
[1] 0.3934161

$s100.ptime
[1] 0.944

$s100.time
[1] 0.002

$s100.rmse
[1] 0.3168233

$s250.ptime
[1] 1.152

$s250.time
[1] 0.006

$s250.rmse
[1] 0.2047673

$s500.ptime
[1] 1.53

$s500.time
[1] 0.013

$s500.rmse
[1] 0.1271561

$s1000.ptime
[1] 2.578

$s1000.time
[1] 0.024

$s1000.rmse
[1] 0.08891057

$s2500.ptime
[1] 19.524

$s2500.time
[1] 0.064

$s2500.rmse
[1] 0.05742155

$s5000.ptime
[1] 88.674

$s5000.time
[1] 0.127

$s5000.rmse
[1] 0.04665271

        seed            p    full.time    full.rmse     l25.time     l25.rmse 
    2570.000       10.000        0.122        0.040        2.964        0.108 
    l50.time     l50.rmse    l100.time    l100.rmse    l250.time    l250.rmse 
       2.938        0.080        4.540        0.060       17.060        0.050 
   l500.time    l500.rmse  o25_i.ptime   o25_i.time   o25_i.rmse  o50_i.ptime 
      74.273        0.046        0.223        0.238        0.436        0.151 
  o50_i.time   o50_i.rmse o100_i.ptime  o100_i.time  o100_i.rmse o250_i.ptime 
       0.157        0.365        0.190        0.129        0.270        0.526 
 o250_i.time  o250_i.rmse o500_i.ptime  o500_i.time  o500_i.rmse  o25_d.ptime 
       0.458        0.177        1.367        0.106        0.118        0.550 
  o25_d.time   o25_d.rmse  o50_d.ptime   o50_d.time   o50_d.rmse o100_d.ptime 
       0.359        0.308        0.122        0.494        0.237        0.043 
 o100_d.time  o100_d.rmse o250_d.ptime  o250_d.time  o250_d.rmse o500_d.ptime 
       0.825        0.164        0.021        3.729        0.105        0.029 
 o500_d.time  o500_d.rmse  c25_i.ptime   c25_i.time   c25_i.rmse  c50_i.ptime 
      19.265        0.076        1.355        0.275        0.233        1.174 
  c50_i.time   c50_i.rmse c100_i.ptime  c100_i.time  c100_i.rmse c250_i.ptime 
       0.156        0.188        0.753        0.130        0.147        0.968 
 c250_i.time  c250_i.rmse c500_i.ptime  c500_i.time  c500_i.rmse  c25_d.ptime 
       0.116        0.104        1.742        0.120        0.082        1.837 
  c25_d.time   c25_d.rmse  c50_d.ptime   c50_d.time   c50_d.rmse c100_d.ptime 
       0.735        0.178        0.938        0.869        0.151        0.581 
 c100_d.time  c100_d.rmse c250_d.ptime  c250_d.time  c250_d.rmse c500_d.ptime 
       1.645        0.105        0.314        6.292        0.077        0.383 
 c500_d.time  c500_d.rmse    s25.ptime     s25.time     s25.rmse    s50.ptime 
      22.810        0.068        0.305        0.001        0.478        0.470 
    s50.time     s50.rmse   s100.ptime    s100.time    s100.rmse   s250.ptime 
       0.002        0.393        0.944        0.002        0.317        1.152 
   s250.time    s250.rmse   s500.ptime    s500.time    s500.rmse  s1000.ptime 
       0.006        0.205        1.530        0.013        0.127        2.578 
  s1000.time   s1000.rmse  s2500.ptime   s2500.time   s2500.rmse  s5000.ptime 
       0.024        0.089       19.524        0.064        0.057       88.674 
  s5000.time   s5000.rmse 
       0.127        0.047 
[1] 0.9624258
$full.time
[1] 0.071

$full.rmse
[1] 0.03841158

$full.time
[1] 0.071

$full.rmse
[1] 0.03841158

$l25.time
[1] 2.978

$l25.rmse
[1] 0.09161764

$l50.time
[1] 3.186

$l50.rmse
[1] 0.07369222

$l100.time
[1] 4.47

$l100.rmse
[1] 0.0577525

$l250.time
[1] 16.621

$l250.rmse
[1] 0.04756682

$l500.time
[1] 77.655

$l500.rmse
[1] 0.0431964

$o25_i.ptime
[1] 0.208

$o25_i.time
[1] 0.203

$o25_i.rmse
[1] 0.4296641

$o50_i.ptime
[1] 0.143

$o50_i.time
[1] 0.158

$o50_i.rmse
[1] 0.3811059

$o100_i.ptime
[1] 0.181

$o100_i.time
[1] 0.117

$o100_i.rmse
[1] 0.2446599

$o250_i.ptime
[1] 0.464

$o250_i.time
[1] 0.119

$o250_i.rmse
[1] 0.179539

$o500_i.ptime
[1] 1.241

$o500_i.time
[1] 0.392

$o500_i.rmse
[1] 0.1191091

$o25_d.ptime
[1] 0.521

$o25_d.time
[1] 0.338

$o25_d.rmse
[1] 0.2947034

$o50_d.ptime
[1] 0.111

$o50_d.time
[1] 0.383

$o50_d.rmse
[1] 0.234773

$o100_d.ptime
[1] 0.046

$o100_d.time
[1] 0.773

$o100_d.rmse
[1] 0.1614251

$o250_d.ptime
[1] 0.021

$o250_d.time
[1] 3.388

$o250_d.rmse
[1] 0.1132208

$o500_d.ptime
[1] 0.033

$o500_d.time
[1] 13.98

$o500_d.rmse
[1] 0.06941587

$c25_i.ptime
[1] 1.457

$c25_i.time
[1] 0.262

$c25_i.rmse
[1] 0.2329818

$c50_i.ptime
[1] 0.875

$c50_i.time
[1] 0.148

$c50_i.rmse
[1] 0.1876917

$c100_i.ptime
[1] 0.839

$c100_i.time
[1] 0.121

$c100_i.rmse
[1] 0.1427399

$c250_i.ptime
[1] 1.064

$c250_i.time
[1] 0.11

$c250_i.rmse
[1] 0.1060114

$c500_i.ptime
[1] 1.625

$c500_i.time
[1] 0.113

$c500_i.rmse
[1] 0.08532393

$c25_d.ptime
[1] 1.857

$c25_d.time
[1] 0.7

$c25_d.rmse
[1] 0.1771421

$c50_d.ptime
[1] 0.824

$c50_d.time
[1] 0.883

$c50_d.rmse
[1] 0.135978

$c100_d.ptime
[1] 0.696

$c100_d.time
[1] 1.73

$c100_d.rmse
[1] 0.1073798

$c250_d.ptime
[1] 0.458

$c250_d.time
[1] 5.85

$c250_d.rmse
[1] 0.08323044

$c500_d.ptime
[1] 0.365

$c500_d.time
[1] 22.362

$c500_d.rmse
[1] 0.06351966

$s25.ptime
[1] 0.26

$s25.time
[1] 0

$s25.rmse
[1] 0.5934264

$s50.ptime
[1] 0.425

$s50.time
[1] 0.001

$s50.rmse
[1] 0.397616

$s100.ptime
[1] 0.445

$s100.time
[1] 0.002

$s100.rmse
[1] 0.2805475

$s250.ptime
[1] 0.89

$s250.time
[1] 0.005

$s250.rmse
[1] 0.2009809

$s500.ptime
[1] 1.619

$s500.time
[1] 0.014

$s500.rmse
[1] 0.122463

$s1000.ptime
[1] 2.788

$s1000.time
[1] 0.025

$s1000.rmse
[1] 0.07926238

$s2500.ptime
[1] 14.321

$s2500.time
[1] 0.062

$s2500.rmse
[1] 0.05301303

$s5000.ptime
[1] 84.075

$s5000.time
[1] 0.132

$s5000.rmse
[1] 0.04239482

        seed            p    full.time    full.rmse     l25.time     l25.rmse 
    2571.000       10.000        0.071        0.038        2.978        0.092 
    l50.time     l50.rmse    l100.time    l100.rmse    l250.time    l250.rmse 
       3.186        0.074        4.470        0.058       16.621        0.048 
   l500.time    l500.rmse  o25_i.ptime   o25_i.time   o25_i.rmse  o50_i.ptime 
      77.655        0.043        0.208        0.203        0.430        0.143 
  o50_i.time   o50_i.rmse o100_i.ptime  o100_i.time  o100_i.rmse o250_i.ptime 
       0.158        0.381        0.181        0.117        0.245        0.464 
 o250_i.time  o250_i.rmse o500_i.ptime  o500_i.time  o500_i.rmse  o25_d.ptime 
       0.119        0.180        1.241        0.392        0.119        0.521 
  o25_d.time   o25_d.rmse  o50_d.ptime   o50_d.time   o50_d.rmse o100_d.ptime 
       0.338        0.295        0.111        0.383        0.235        0.046 
 o100_d.time  o100_d.rmse o250_d.ptime  o250_d.time  o250_d.rmse o500_d.ptime 
       0.773        0.161        0.021        3.388        0.113        0.033 
 o500_d.time  o500_d.rmse  c25_i.ptime   c25_i.time   c25_i.rmse  c50_i.ptime 
      13.980        0.069        1.457        0.262        0.233        0.875 
  c50_i.time   c50_i.rmse c100_i.ptime  c100_i.time  c100_i.rmse c250_i.ptime 
       0.148        0.188        0.839        0.121        0.143        1.064 
 c250_i.time  c250_i.rmse c500_i.ptime  c500_i.time  c500_i.rmse  c25_d.ptime 
       0.110        0.106        1.625        0.113        0.085        1.857 
  c25_d.time   c25_d.rmse  c50_d.ptime   c50_d.time   c50_d.rmse c100_d.ptime 
       0.700        0.177        0.824        0.883        0.136        0.696 
 c100_d.time  c100_d.rmse c250_d.ptime  c250_d.time  c250_d.rmse c500_d.ptime 
       1.730        0.107        0.458        5.850        0.083        0.365 
 c500_d.time  c500_d.rmse    s25.ptime     s25.time     s25.rmse    s50.ptime 
      22.362        0.064        0.260        0.000        0.593        0.425 
    s50.time     s50.rmse   s100.ptime    s100.time    s100.rmse   s250.ptime 
       0.001        0.398        0.445        0.002        0.281        0.890 
   s250.time    s250.rmse   s500.ptime    s500.time    s500.rmse  s1000.ptime 
       0.005        0.201        1.619        0.014        0.122        2.788 
  s1000.time   s1000.rmse  s2500.ptime   s2500.time   s2500.rmse  s5000.ptime 
       0.025        0.079       14.321        0.062        0.053       84.075 
  s5000.time   s5000.rmse 
       0.132        0.042 
[1] 0.8425023
$full.time
[1] 0.081

$full.rmse
[1] 0.0382743

$full.time
[1] 0.081

$full.rmse
[1] 0.0382743

$l25.time
[1] 2.73

$l25.rmse
[1] 0.09740697

$l50.time
[1] 3.102

$l50.rmse
[1] 0.07216922

$l100.time
[1] 4.464

$l100.rmse
[1] 0.05646516

$l250.time
[1] 16.509

$l250.rmse
[1] 0.04685601

$l500.time
[1] 77.759

$l500.rmse
[1] 0.04256742

$o25_i.ptime
[1] 0.179

$o25_i.time
[1] 0.176

$o25_i.rmse
[1] 0.4449422

$o50_i.ptime
[1] 0.127

$o50_i.time
[1] 0.129

$o50_i.rmse
[1] 0.3482295

$o100_i.ptime
[1] 0.167

$o100_i.time
[1] 0.112

$o100_i.rmse
[1] 0.2683652

$o250_i.ptime
[1] 0.462

$o250_i.time
[1] 0.111

$o250_i.rmse
[1] 0.1689999

$o500_i.ptime
[1] 1.288

$o500_i.time
[1] 0.109

$o500_i.rmse
[1] 0.1079688

$o25_d.ptime
[1] 0.885

$o25_d.time
[1] 0.364

$o25_d.rmse
[1] 0.2989351

$o50_d.ptime
[1] 0.128

$o50_d.time
[1] 0.454

$o50_d.rmse
[1] 0.21371

$o100_d.ptime
[1] 0.049

$o100_d.time
[1] 0.855

$o100_d.rmse
[1] 0.1644209

$o250_d.ptime
[1] 0.027

$o250_d.time
[1] 3.815

$o250_d.rmse
[1] 0.1061646

$o500_d.ptime
[1] 0.021

$o500_d.time
[1] 17.245

$o500_d.rmse
[1] 0.07281013

$c25_i.ptime
[1] 1.339

$c25_i.time
[1] 0.227

$c25_i.rmse
[1] 0.2218445

$c50_i.ptime
[1] 0.848

$c50_i.time
[1] 0.164

$c50_i.rmse
[1] 0.1747417

$c100_i.ptime
[1] 0.84

$c100_i.time
[1] 0.14

$c100_i.rmse
[1] 0.1409803

$c250_i.ptime
[1] 1.086

$c250_i.time
[1] 0.121

$c250_i.rmse
[1] 0.09869186

$c500_i.ptime
[1] 1.845

$c500_i.time
[1] 0.122

$c500_i.rmse
[1] 0.08486322

$c25_d.ptime
[1] 1.726

$c25_d.time
[1] 0.722

$c25_d.rmse
[1] 0.1751298

$c50_d.ptime
[1] 0.827

$c50_d.time
[1] 0.833

$c50_d.rmse
[1] 0.1361201

$c100_d.ptime
[1] 0.573

$c100_d.time
[1] 1.699

$c100_d.rmse
[1] 0.1044764

$c250_d.ptime
[1] 0.473

$c250_d.time
[1] 6.21

$c250_d.rmse
[1] 0.07383536

$c500_d.ptime
[1] 0.405

$c500_d.time
[1] 22.041

$c500_d.rmse
[1] 0.06180732

$s25.ptime
[1] 0.349

$s25.time
[1] 0

$s25.rmse
[1] 0.5670298

$s50.ptime
[1] 0.542

$s50.time
[1] 0.001

$s50.rmse
[1] 0.360616

$s100.ptime
[1] 0.465

$s100.time
[1] 0.002

$s100.rmse
[1] 0.3099892

$s250.ptime
[1] 1.026

$s250.time
[1] 0.005

$s250.rmse
[1] 0.1815047

$s500.ptime
[1] 1.429

$s500.time
[1] 0.012

$s500.rmse
[1] 0.1165555

$s1000.ptime
[1] 2.659

$s1000.time
[1] 0.026

$s1000.rmse
[1] 0.07519334

$s2500.ptime
[1] 13.795

$s2500.time
[1] 0.056

$s2500.rmse
[1] 0.05286037

$s5000.ptime
[1] 84.233

$s5000.time
[1] 0.128

$s5000.rmse
[1] 0.04184998

        seed            p    full.time    full.rmse     l25.time     l25.rmse 
    2572.000       10.000        0.081        0.038        2.730        0.097 
    l50.time     l50.rmse    l100.time    l100.rmse    l250.time    l250.rmse 
       3.102        0.072        4.464        0.056       16.509        0.047 
   l500.time    l500.rmse  o25_i.ptime   o25_i.time   o25_i.rmse  o50_i.ptime 
      77.759        0.043        0.179        0.176        0.445        0.127 
  o50_i.time   o50_i.rmse o100_i.ptime  o100_i.time  o100_i.rmse o250_i.ptime 
       0.129        0.348        0.167        0.112        0.268        0.462 
 o250_i.time  o250_i.rmse o500_i.ptime  o500_i.time  o500_i.rmse  o25_d.ptime 
       0.111        0.169        1.288        0.109        0.108        0.885 
  o25_d.time   o25_d.rmse  o50_d.ptime   o50_d.time   o50_d.rmse o100_d.ptime 
       0.364        0.299        0.128        0.454        0.214        0.049 
 o100_d.time  o100_d.rmse o250_d.ptime  o250_d.time  o250_d.rmse o500_d.ptime 
       0.855        0.164        0.027        3.815        0.106        0.021 
 o500_d.time  o500_d.rmse  c25_i.ptime   c25_i.time   c25_i.rmse  c50_i.ptime 
      17.245        0.073        1.339        0.227        0.222        0.848 
  c50_i.time   c50_i.rmse c100_i.ptime  c100_i.time  c100_i.rmse c250_i.ptime 
       0.164        0.175        0.840        0.140        0.141        1.086 
 c250_i.time  c250_i.rmse c500_i.ptime  c500_i.time  c500_i.rmse  c25_d.ptime 
       0.121        0.099        1.845        0.122        0.085        1.726 
  c25_d.time   c25_d.rmse  c50_d.ptime   c50_d.time   c50_d.rmse c100_d.ptime 
       0.722        0.175        0.827        0.833        0.136        0.573 
 c100_d.time  c100_d.rmse c250_d.ptime  c250_d.time  c250_d.rmse c500_d.ptime 
       1.699        0.104        0.473        6.210        0.074        0.405 
 c500_d.time  c500_d.rmse    s25.ptime     s25.time     s25.rmse    s50.ptime 
      22.041        0.062        0.349        0.000        0.567        0.542 
    s50.time     s50.rmse   s100.ptime    s100.time    s100.rmse   s250.ptime 
       0.001        0.361        0.465        0.002        0.310        1.026 
   s250.time    s250.rmse   s500.ptime    s500.time    s500.rmse  s1000.ptime 
       0.005        0.182        1.429        0.012        0.117        2.659 
  s1000.time   s1000.rmse  s2500.ptime   s2500.time   s2500.rmse  s5000.ptime 
       0.026        0.075       13.795        0.056        0.053       84.233 
  s5000.time   s5000.rmse 
       0.128        0.042 
[1] 0.8877177
$full.time
[1] 0.079

$full.rmse
[1] 0.03870578

$full.time
[1] 0.079

$full.rmse
[1] 0.03870578

$l25.time
[1] 3.044

$l25.rmse
[1] 0.08610777

$l50.time
[1] 3.019

$l50.rmse
[1] 0.07099647

$l100.time
[1] 4.305

$l100.rmse
[1] 0.05702824

$l250.time
[1] 16.567

$l250.rmse
[1] 0.04820443

$l500.time
[1] 77.732

$l500.rmse
[1] 0.04398591

$o25_i.ptime
[1] 0.202

$o25_i.time
[1] 0.199

$o25_i.rmse
[1] 0.3983325

$o50_i.ptime
[1] 0.141

$o50_i.time
[1] 0.147

$o50_i.rmse
[1] 0.3113109

$o100_i.ptime
[1] 0.176

$o100_i.time
[1] 0.116

$o100_i.rmse
[1] 0.2418372

$o250_i.ptime
[1] 0.475

$o250_i.time
[1] 0.1

$o250_i.rmse
[1] 0.1600997

$o500_i.ptime
[1] 1.231

$o500_i.time
[1] 0.411

$o500_i.rmse
[1] 0.1131994

$o25_d.ptime
[1] 0.53

$o25_d.time
[1] 0.317

$o25_d.rmse
[1] 0.280699

$o50_d.ptime
[1] 0.112

$o50_d.time
[1] 0.402

$o50_d.rmse
[1] 0.2136106

$o100_d.ptime
[1] 0.043

$o100_d.time
[1] 0.835

$o100_d.rmse
[1] 0.1599142

$o250_d.ptime
[1] 0.024

$o250_d.time
[1] 4.081

$o250_d.rmse
[1] 0.09471125

$o500_d.ptime
[1] 0.022

$o500_d.time
[1] 16.741

$o500_d.rmse
[1] 0.06850211

$c25_i.ptime
[1] 1.367

$c25_i.time
[1] 0.224

$c25_i.rmse
[1] 0.2310443

$c50_i.ptime
[1] 0.897

$c50_i.time
[1] 0.167

$c50_i.rmse
[1] 0.1733677

$c100_i.ptime
[1] 0.679

$c100_i.time
[1] 0.129

$c100_i.rmse
[1] 0.1356624

$c250_i.ptime
[1] 0.89

$c250_i.time
[1] 0.12

$c250_i.rmse
[1] 0.1038752

$c500_i.ptime
[1] 1.705

$c500_i.time
[1] 0.128

$c500_i.rmse
[1] 0.08021599

$c25_d.ptime
[1] 1.778

$c25_d.time
[1] 0.764

$c25_d.rmse
[1] 0.1598837

$c50_d.ptime
[1] 1.201

$c50_d.time
[1] 0.915

$c50_d.rmse
[1] 0.123185

$c100_d.ptime
[1] 0.83

$c100_d.time
[1] 1.632

$c100_d.rmse
[1] 0.1021049

$c250_d.ptime
[1] 0.374

$c250_d.time
[1] 6.139

$c250_d.rmse
[1] 0.07891983

$c500_d.ptime
[1] 0.431

$c500_d.time
[1] 22.067

$c500_d.rmse
[1] 0.06100042

$s25.ptime
[1] 0.296

$s25.time
[1] 0.001

$s25.rmse
[1] 0.5451698

$s50.ptime
[1] 0.585

$s50.time
[1] 0.001

$s50.rmse
[1] 0.4233201

$s100.ptime
[1] 0.598

$s100.time
[1] 0.002

$s100.rmse
[1] 0.2972476

$s250.ptime
[1] 0.987

$s250.time
[1] 0.006

$s250.rmse
[1] 0.1793157

$s500.ptime
[1] 1.498

$s500.time
[1] 0.013

$s500.rmse
[1] 0.1079366

$s1000.ptime
[1] 2.86

$s1000.time
[1] 0.023

$s1000.rmse
[1] 0.08190377

$s2500.ptime
[1] 13.345

$s2500.time
[1] 0.062

$s2500.rmse
[1] 0.05428839

$s5000.ptime
[1] 84.136

$s5000.time
[1] 0.123

$s5000.rmse
[1] 0.04379572

        seed            p    full.time    full.rmse     l25.time     l25.rmse 
    2573.000       10.000        0.079        0.039        3.044        0.086 
    l50.time     l50.rmse    l100.time    l100.rmse    l250.time    l250.rmse 
       3.019        0.071        4.305        0.057       16.567        0.048 
   l500.time    l500.rmse  o25_i.ptime   o25_i.time   o25_i.rmse  o50_i.ptime 
      77.732        0.044        0.202        0.199        0.398        0.141 
  o50_i.time   o50_i.rmse o100_i.ptime  o100_i.time  o100_i.rmse o250_i.ptime 
       0.147        0.311        0.176        0.116        0.242        0.475 
 o250_i.time  o250_i.rmse o500_i.ptime  o500_i.time  o500_i.rmse  o25_d.ptime 
       0.100        0.160        1.231        0.411        0.113        0.530 
  o25_d.time   o25_d.rmse  o50_d.ptime   o50_d.time   o50_d.rmse o100_d.ptime 
       0.317        0.281        0.112        0.402        0.214        0.043 
 o100_d.time  o100_d.rmse o250_d.ptime  o250_d.time  o250_d.rmse o500_d.ptime 
       0.835        0.160        0.024        4.081        0.095        0.022 
 o500_d.time  o500_d.rmse  c25_i.ptime   c25_i.time   c25_i.rmse  c50_i.ptime 
      16.741        0.069        1.367        0.224        0.231        0.897 
  c50_i.time   c50_i.rmse c100_i.ptime  c100_i.time  c100_i.rmse c250_i.ptime 
       0.167        0.173        0.679        0.129        0.136        0.890 
 c250_i.time  c250_i.rmse c500_i.ptime  c500_i.time  c500_i.rmse  c25_d.ptime 
       0.120        0.104        1.705        0.128        0.080        1.778 
  c25_d.time   c25_d.rmse  c50_d.ptime   c50_d.time   c50_d.rmse c100_d.ptime 
       0.764        0.160        1.201        0.915        0.123        0.830 
 c100_d.time  c100_d.rmse c250_d.ptime  c250_d.time  c250_d.rmse c500_d.ptime 
       1.632        0.102        0.374        6.139        0.079        0.431 
 c500_d.time  c500_d.rmse    s25.ptime     s25.time     s25.rmse    s50.ptime 
      22.067        0.061        0.296        0.001        0.545        0.585 
    s50.time     s50.rmse   s100.ptime    s100.time    s100.rmse   s250.ptime 
       0.001        0.423        0.598        0.002        0.297        0.987 
   s250.time    s250.rmse   s500.ptime    s500.time    s500.rmse  s1000.ptime 
       0.006        0.179        1.498        0.013        0.108        2.860 
  s1000.time   s1000.rmse  s2500.ptime   s2500.time   s2500.rmse  s5000.ptime 
       0.023        0.082       13.345        0.062        0.054       84.136 
  s5000.time   s5000.rmse 
       0.123        0.044 
  seed  p full.time  full.rmse l25.time   l25.rmse l50.time   l50.rmse
1 2569 10     0.124 0.03886598    3.307 0.09727856    3.375 0.07602573
2 2570 10     0.122 0.04044734    2.964 0.10799279    2.938 0.07985003
3 2571 10     0.071 0.03841158    2.978 0.09161764    3.186 0.07369222
4 2572 10     0.081 0.03827430    2.730 0.09740697    3.102 0.07216922
5 2573 10     0.079 0.03870578    3.044 0.08610777    3.019 0.07099647
  l100.time  l100.rmse l250.time  l250.rmse l500.time  l500.rmse o25_i.ptime
1     4.555 0.05813767    17.391 0.04959455    78.267 0.04428211       0.183
2     4.540 0.05998111    17.060 0.04980209    74.273 0.04576116       0.223
3     4.470 0.05775250    16.621 0.04756682    77.655 0.04319640       0.208
4     4.464 0.05646516    16.509 0.04685601    77.759 0.04256742       0.179
5     4.305 0.05702824    16.567 0.04820443    77.732 0.04398591       0.202
  o25_i.time o25_i.rmse o50_i.ptime o50_i.time o50_i.rmse o100_i.ptime
1      0.188  0.4758857       0.441      0.124  0.3456898        0.164
2      0.238  0.4355189       0.151      0.157  0.3645022        0.190
3      0.203  0.4296641       0.143      0.158  0.3811059        0.181
4      0.176  0.4449422       0.127      0.129  0.3482295        0.167
5      0.199  0.3983325       0.141      0.147  0.3113109        0.176
  o100_i.time o100_i.rmse o250_i.ptime o250_i.time o250_i.rmse o500_i.ptime
1       0.102   0.2539379        0.469       0.092   0.1697513        1.281
2       0.129   0.2701228        0.526       0.458   0.1773330        1.367
3       0.117   0.2446599        0.464       0.119   0.1795390        1.241
4       0.112   0.2683652        0.462       0.111   0.1689999        1.288
5       0.116   0.2418372        0.475       0.100   0.1600997        1.231
  o500_i.time o500_i.rmse o25_d.ptime o25_d.time o25_d.rmse o50_d.ptime
1       0.113   0.1129256       0.491      0.328  0.3105368       0.110
2       0.106   0.1176436       0.550      0.359  0.3084213       0.122
3       0.392   0.1191091       0.521      0.338  0.2947034       0.111
4       0.109   0.1079688       0.885      0.364  0.2989351       0.128
5       0.411   0.1131994       0.530      0.317  0.2806990       0.112
  o50_d.time o50_d.rmse o100_d.ptime o100_d.time o100_d.rmse o250_d.ptime
1      0.434  0.2145202        0.052       0.920   0.1661169        0.020
2      0.494  0.2374773        0.043       0.825   0.1637177        0.021
3      0.383  0.2347730        0.046       0.773   0.1614251        0.021
4      0.454  0.2137100        0.049       0.855   0.1644209        0.027
5      0.402  0.2136106        0.043       0.835   0.1599142        0.024
  o250_d.time o250_d.rmse o500_d.ptime o500_d.time o500_d.rmse c25_i.ptime
1       4.362  0.10377939        0.018      20.398  0.07060256       1.359
2       3.729  0.10503176        0.029      19.265  0.07632071       1.355
3       3.388  0.11322078        0.033      13.980  0.06941587       1.457
4       3.815  0.10616458        0.021      17.245  0.07281013       1.339
5       4.081  0.09471125        0.022      16.741  0.06850211       1.367
  c25_i.time c25_i.rmse c50_i.ptime c50_i.time c50_i.rmse c100_i.ptime
1      0.208  0.2478655       0.901      0.138  0.1772507        0.576
2      0.275  0.2330848       1.174      0.156  0.1881915        0.753
3      0.262  0.2329818       0.875      0.148  0.1876917        0.839
4      0.227  0.2218445       0.848      0.164  0.1747417        0.840
5      0.224  0.2310443       0.897      0.167  0.1733677        0.679
  c100_i.time c100_i.rmse c250_i.ptime c250_i.time c250_i.rmse c500_i.ptime
1       0.113   0.1430430        0.784       0.102  0.10524914        1.708
2       0.130   0.1468616        0.968       0.116  0.10394840        1.742
3       0.121   0.1427399        1.064       0.110  0.10601145        1.625
4       0.140   0.1409803        1.086       0.121  0.09869186        1.845
5       0.129   0.1356624        0.890       0.120  0.10387517        1.705
  c500_i.time c500_i.rmse c25_d.ptime c25_d.time c25_d.rmse c50_d.ptime
1       0.122  0.08398705       1.498      0.661  0.1844485       0.827
2       0.120  0.08201692       1.837      0.735  0.1778812       0.938
3       0.113  0.08532393       1.857      0.700  0.1771421       0.824
4       0.122  0.08486322       1.726      0.722  0.1751298       0.827
5       0.128  0.08021599       1.778      0.764  0.1598837       1.201
  c50_d.time c50_d.rmse c100_d.ptime c100_d.time c100_d.rmse c250_d.ptime
1      0.806  0.1360815        0.530       1.649   0.1043320        0.348
2      0.869  0.1507454        0.581       1.645   0.1052976        0.314
3      0.883  0.1359780        0.696       1.730   0.1073798        0.458
4      0.833  0.1361201        0.573       1.699   0.1044764        0.473
5      0.915  0.1231850        0.830       1.632   0.1021049        0.374
  c250_d.time c250_d.rmse c500_d.ptime c500_d.time c500_d.rmse s25.ptime
1       5.959  0.08144543        0.207      25.386  0.06413061     0.447
2       6.292  0.07704693        0.383      22.810  0.06841923     0.305
3       5.850  0.08323044        0.365      22.362  0.06351966     0.260
4       6.210  0.07383536        0.405      22.041  0.06180732     0.349
5       6.139  0.07891983        0.431      22.067  0.06100042     0.296
  s25.time  s25.rmse s50.ptime s50.time  s50.rmse s100.ptime s100.time
1    0.000 0.5694933     0.538    0.001 0.4078446      0.658     0.003
2    0.001 0.4777778     0.470    0.002 0.3934161      0.944     0.002
3    0.000 0.5934264     0.425    0.001 0.3976160      0.445     0.002
4    0.000 0.5670298     0.542    0.001 0.3606160      0.465     0.002
5    0.001 0.5451698     0.585    0.001 0.4233201      0.598     0.002
  s100.rmse s250.ptime s250.time s250.rmse s500.ptime s500.time s500.rmse
1 0.2807841      0.948     0.007 0.1819363      1.553     0.016 0.1213473
2 0.3168233      1.152     0.006 0.2047673      1.530     0.013 0.1271561
3 0.2805475      0.890     0.005 0.2009809      1.619     0.014 0.1224630
4 0.3099892      1.026     0.005 0.1815047      1.429     0.012 0.1165555
5 0.2972476      0.987     0.006 0.1793157      1.498     0.013 0.1079366
  s1000.ptime s1000.time s1000.rmse s2500.ptime s2500.time s2500.rmse
1       2.733      0.031 0.08144622      28.330      0.082 0.05417058
2       2.578      0.024 0.08891057      19.524      0.064 0.05742155
3       2.788      0.025 0.07926238      14.321      0.062 0.05301303
4       2.659      0.026 0.07519334      13.795      0.056 0.05286037
5       2.860      0.023 0.08190377      13.345      0.062 0.05428839
  s5000.ptime s5000.time s5000.rmse
1     214.512      0.173 0.04266680
2      88.674      0.127 0.04665271
3      84.075      0.132 0.04239482
4      84.233      0.128 0.04184998
5      84.136      0.123 0.04379572
> 
> proc.time()
    user   system  elapsed 
3671.639   27.214 3757.995 
