
R version 3.0.3 (2014-03-06) -- "Warm Puppy"
Copyright (C) 2014 The R Foundation for Statistical Computing
Platform: x86_64-unknown-linux-gnu (64-bit)

R is free software and comes with ABSOLUTELY NO WARRANTY.
You are welcome to redistribute it under certain conditions.
Type 'license()' or 'licence()' for distribution details.

  Natural language support but running in an English locale

R is a collaborative project with many contributors.
Type 'contributors()' for more information and
'citation()' on how to cite R or R packages in publications.

Type 'demo()' for some demos, 'help()' for on-line help, or
'help.start()' for an HTML browser interface to help.
Type 'q()' to quit R.

> print(.libPaths())
[1] "/usr/local/r-3.0.3/lib64/R/library"
> .libPaths("/mnt/home/rjparker/Rlib")
> print(.libPaths())
[1] "/mnt/home/rjparker/Rlib"            "/usr/local/r-3.0.3/lib64/R/library"
> setwd("/mnt/home/rjparker/git/block_int")
> 
> which_exp <- 6
> which_part <- 10
> source("R/sim_nblocks_pred.R")
Loading required package: spam
Loading required package: grid
Spam version 0.41-0 (2014-02-26) is loaded.
Type 'help( Spam)' or 'demo( spam)' for a short introduction 
and overview of this package.
Help for individual functions is also obtained by adding the
suffix '.spam' to the function name, e.g. 'help( chol.spam)'.

Attaching package: ‘spam’

The following objects are masked from ‘package:base’:

    backsolve, forwardsolve

Loading required package: maps
  pred  p b tau Nper_p Npred Fzero sigma2
6 TRUE 10 4  10  10000  1000     0      1
[1] 0.7468978
$full.time
[1] 0.08

$full.rmse
[1] 0.03747221

$full.time
[1] 0.08

$full.rmse
[1] 0.03747221

$l25.time
[1] 4.271

$l25.rmse
[1] 0.08685057

$l50.time
[1] 4.349

$l50.rmse
[1] 0.06937443

$l100.time
[1] 5.927

$l100.rmse
[1] 0.05551142

$l250.time
[1] 22.194

$l250.rmse
[1] 0.04574197

$l500.time
[1] 111.221

$l500.rmse
[1] 0.042811

$o25_i.ptime
[1] 0.289

$o25_i.time
[1] 0.298

$o25_i.rmse
[1] 0.4430765

$o50_i.ptime
[1] 0.732

$o50_i.time
[1] 0.195

$o50_i.rmse
[1] 0.3353288

$o100_i.ptime
[1] 0.264

$o100_i.time
[1] 0.161

$o100_i.rmse
[1] 0.2930402

$o250_i.ptime
[1] 0.704

$o250_i.time
[1] 0.145

$o250_i.rmse
[1] 0.1711538

$o500_i.ptime
[1] 1.998

$o500_i.time
[1] 0.179

$o500_i.rmse
[1] 0.11277

$o25_d.ptime
[1] 0.673

$o25_d.time
[1] 0.542

$o25_d.rmse
[1] 0.2956406

$o50_d.ptime
[1] 0.154

$o50_d.time
[1] 0.668

$o50_d.rmse
[1] 0.2231804

$o100_d.ptime
[1] 0.066

$o100_d.time
[1] 1.372

$o100_d.rmse
[1] 0.1650278

$o250_d.ptime
[1] 0.029

$o250_d.time
[1] 6.01

$o250_d.rmse
[1] 0.1045464

$o500_d.ptime
[1] 0.027

$o500_d.time
[1] 33.12

$o500_d.rmse
[1] 0.0711213

$c25_i.ptime
[1] 1.525

$c25_i.time
[1] 0.331

$c25_i.rmse
[1] 0.2287491

$c50_i.ptime
[1] 1.297

$c50_i.time
[1] 0.225

$c50_i.rmse
[1] 0.1749708

$c100_i.ptime
[1] 0.86

$c100_i.time
[1] 0.185

$c100_i.rmse
[1] 0.1360341

$c250_i.ptime
[1] 1.202

$c250_i.time
[1] 0.17

$c250_i.rmse
[1] 0.09874015

$c500_i.ptime
[1] 2.728

$c500_i.time
[1] 0.179

$c500_i.rmse
[1] 0.07304785

$c25_d.ptime
[1] 1.914

$c25_d.time
[1] 1.217

$c25_d.rmse
[1] 0.1658442

$c50_d.ptime
[1] 0.937

$c50_d.time
[1] 1.429

$c50_d.rmse
[1] 0.1355853

$c100_d.ptime
[1] 0.668

$c100_d.time
[1] 2.646

$c100_d.rmse
[1] 0.1070719

$c250_d.ptime
[1] 0.502

$c250_d.time
[1] 9.231

$c250_d.rmse
[1] 0.0752991

$c500_d.ptime
[1] 0.324

$c500_d.time
[1] 40.797

$c500_d.rmse
[1] 0.05626325

$s25.ptime
[1] 0.308

$s25.time
[1] 0.001

$s25.rmse
[1] 0.4678467

$s50.ptime
[1] 0.529

$s50.time
[1] 0.001

$s50.rmse
[1] 0.4540826

$s100.ptime
[1] 0.852

$s100.time
[1] 0.004

$s100.rmse
[1] 0.306571

$s250.ptime
[1] 1.171

$s250.time
[1] 0.01

$s250.rmse
[1] 0.1851629

$s500.ptime
[1] 1.764

$s500.time
[1] 0.02

$s500.rmse
[1] 0.119289

$s1000.ptime
[1] 3.475

$s1000.time
[1] 0.04

$s1000.rmse
[1] 0.07791585

$s2500.ptime
[1] 24.407

$s2500.time
[1] 0.082

$s2500.rmse
[1] 0.04932066

$s5000.ptime
[1] 141.34

$s5000.time
[1] 0.179

$s5000.rmse
[1] 0.04086252

        seed            p    full.time    full.rmse     l25.time     l25.rmse 
    2529.000       10.000        0.080        0.037        4.271        0.087 
    l50.time     l50.rmse    l100.time    l100.rmse    l250.time    l250.rmse 
       4.349        0.069        5.927        0.056       22.194        0.046 
   l500.time    l500.rmse  o25_i.ptime   o25_i.time   o25_i.rmse  o50_i.ptime 
     111.221        0.043        0.289        0.298        0.443        0.732 
  o50_i.time   o50_i.rmse o100_i.ptime  o100_i.time  o100_i.rmse o250_i.ptime 
       0.195        0.335        0.264        0.161        0.293        0.704 
 o250_i.time  o250_i.rmse o500_i.ptime  o500_i.time  o500_i.rmse  o25_d.ptime 
       0.145        0.171        1.998        0.179        0.113        0.673 
  o25_d.time   o25_d.rmse  o50_d.ptime   o50_d.time   o50_d.rmse o100_d.ptime 
       0.542        0.296        0.154        0.668        0.223        0.066 
 o100_d.time  o100_d.rmse o250_d.ptime  o250_d.time  o250_d.rmse o500_d.ptime 
       1.372        0.165        0.029        6.010        0.105        0.027 
 o500_d.time  o500_d.rmse  c25_i.ptime   c25_i.time   c25_i.rmse  c50_i.ptime 
      33.120        0.071        1.525        0.331        0.229        1.297 
  c50_i.time   c50_i.rmse c100_i.ptime  c100_i.time  c100_i.rmse c250_i.ptime 
       0.225        0.175        0.860        0.185        0.136        1.202 
 c250_i.time  c250_i.rmse c500_i.ptime  c500_i.time  c500_i.rmse  c25_d.ptime 
       0.170        0.099        2.728        0.179        0.073        1.914 
  c25_d.time   c25_d.rmse  c50_d.ptime   c50_d.time   c50_d.rmse c100_d.ptime 
       1.217        0.166        0.937        1.429        0.136        0.668 
 c100_d.time  c100_d.rmse c250_d.ptime  c250_d.time  c250_d.rmse c500_d.ptime 
       2.646        0.107        0.502        9.231        0.075        0.324 
 c500_d.time  c500_d.rmse    s25.ptime     s25.time     s25.rmse    s50.ptime 
      40.797        0.056        0.308        0.001        0.468        0.529 
    s50.time     s50.rmse   s100.ptime    s100.time    s100.rmse   s250.ptime 
       0.001        0.454        0.852        0.004        0.307        1.171 
   s250.time    s250.rmse   s500.ptime    s500.time    s500.rmse  s1000.ptime 
       0.010        0.185        1.764        0.020        0.119        3.475 
  s1000.time   s1000.rmse  s2500.ptime   s2500.time   s2500.rmse  s5000.ptime 
       0.040        0.078       24.407        0.082        0.049      141.340 
  s5000.time   s5000.rmse 
       0.179        0.041 
[1] 0.942027
$full.time
[1] 0.081

$full.rmse
[1] 0.03749941

$full.time
[1] 0.081

$full.rmse
[1] 0.03749941

$l25.time
[1] 4.404

$l25.rmse
[1] 0.1049558

$l50.time
[1] 4.611

$l50.rmse
[1] 0.07542852

$l100.time
[1] 6.279

$l100.rmse
[1] 0.05744968

$l250.time
[1] 22.462

$l250.rmse
[1] 0.04688277

$l500.time
[1] 110.665

$l500.rmse
[1] 0.0423198

$o25_i.ptime
[1] 0.312

$o25_i.time
[1] 0.329

$o25_i.rmse
[1] 0.4973701

$o50_i.ptime
[1] 0.212

$o50_i.time
[1] 0.222

$o50_i.rmse
[1] 0.3827828

$o100_i.ptime
[1] 0.275

$o100_i.time
[1] 0.181

$o100_i.rmse
[1] 0.2878093

$o250_i.ptime
[1] 0.717

$o250_i.time
[1] 0.776

$o250_i.rmse
[1] 0.1820086

$o500_i.ptime
[1] 1.883

$o500_i.time
[1] 0.151

$o500_i.rmse
[1] 0.1152344

$o25_d.ptime
[1] 0.66

$o25_d.time
[1] 0.576

$o25_d.rmse
[1] 0.3288646

$o50_d.ptime
[1] 0.148

$o50_d.time
[1] 0.67

$o50_d.rmse
[1] 0.225315

$o100_d.ptime
[1] 0.058

$o100_d.time
[1] 1.368

$o100_d.rmse
[1] 0.1712112

$o250_d.ptime
[1] 0.032

$o250_d.time
[1] 5.706

$o250_d.rmse
[1] 0.09707081

$o500_d.ptime
[1] 0.029

$o500_d.time
[1] 33.724

$o500_d.rmse
[1] 0.07117374

$c25_i.ptime
[1] 1.926

$c25_i.time
[1] 0.347

$c25_i.rmse
[1] 0.2633448

$c50_i.ptime
[1] 1.295

$c50_i.time
[1] 0.235

$c50_i.rmse
[1] 0.1983189

$c100_i.ptime
[1] 1.024

$c100_i.time
[1] 0.192

$c100_i.rmse
[1] 0.1462425

$c250_i.ptime
[1] 1.162

$c250_i.time
[1] 0.175

$c250_i.rmse
[1] 0.1058664

$c500_i.ptime
[1] 2.38

$c500_i.time
[1] 0.185

$c500_i.rmse
[1] 0.08071792

$c25_d.ptime
[1] 1.99

$c25_d.time
[1] 1.144

$c25_d.rmse
[1] 0.1867792

$c50_d.ptime
[1] 1.138

$c50_d.time
[1] 1.472

$c50_d.rmse
[1] 0.1534042

$c100_d.ptime
[1] 0.723

$c100_d.time
[1] 2.591

$c100_d.rmse
[1] 0.1089171

$c250_d.ptime
[1] 0.535

$c250_d.time
[1] 8.852

$c250_d.rmse
[1] 0.08181695

$c500_d.ptime
[1] 0.367

$c500_d.time
[1] 37.91

$c500_d.rmse
[1] 0.06240008

$s25.ptime
[1] 0.365

$s25.time
[1] 0.001

$s25.rmse
[1] 0.5629867

$s50.ptime
[1] 0.329

$s50.time
[1] 0.002

$s50.rmse
[1] 0.3866393

$s100.ptime
[1] 0.647

$s100.time
[1] 0.004

$s100.rmse
[1] 0.3120741

$s250.ptime
[1] 1.474

$s250.time
[1] 0.008

$s250.rmse
[1] 0.1810378

$s500.ptime
[1] 1.885

$s500.time
[1] 0.018

$s500.rmse
[1] 0.1170791

$s1000.ptime
[1] 3.431

$s1000.time
[1] 0.043

$s1000.rmse
[1] 0.08045587

$s2500.ptime
[1] 24.217

$s2500.time
[1] 0.089

$s2500.rmse
[1] 0.05358776

$s5000.ptime
[1] 134.913

$s5000.time
[1] 0.201

$s5000.rmse
[1] 0.04303071

        seed            p    full.time    full.rmse     l25.time     l25.rmse 
    2530.000       10.000        0.081        0.037        4.404        0.105 
    l50.time     l50.rmse    l100.time    l100.rmse    l250.time    l250.rmse 
       4.611        0.075        6.279        0.057       22.462        0.047 
   l500.time    l500.rmse  o25_i.ptime   o25_i.time   o25_i.rmse  o50_i.ptime 
     110.665        0.042        0.312        0.329        0.497        0.212 
  o50_i.time   o50_i.rmse o100_i.ptime  o100_i.time  o100_i.rmse o250_i.ptime 
       0.222        0.383        0.275        0.181        0.288        0.717 
 o250_i.time  o250_i.rmse o500_i.ptime  o500_i.time  o500_i.rmse  o25_d.ptime 
       0.776        0.182        1.883        0.151        0.115        0.660 
  o25_d.time   o25_d.rmse  o50_d.ptime   o50_d.time   o50_d.rmse o100_d.ptime 
       0.576        0.329        0.148        0.670        0.225        0.058 
 o100_d.time  o100_d.rmse o250_d.ptime  o250_d.time  o250_d.rmse o500_d.ptime 
       1.368        0.171        0.032        5.706        0.097        0.029 
 o500_d.time  o500_d.rmse  c25_i.ptime   c25_i.time   c25_i.rmse  c50_i.ptime 
      33.724        0.071        1.926        0.347        0.263        1.295 
  c50_i.time   c50_i.rmse c100_i.ptime  c100_i.time  c100_i.rmse c250_i.ptime 
       0.235        0.198        1.024        0.192        0.146        1.162 
 c250_i.time  c250_i.rmse c500_i.ptime  c500_i.time  c500_i.rmse  c25_d.ptime 
       0.175        0.106        2.380        0.185        0.081        1.990 
  c25_d.time   c25_d.rmse  c50_d.ptime   c50_d.time   c50_d.rmse c100_d.ptime 
       1.144        0.187        1.138        1.472        0.153        0.723 
 c100_d.time  c100_d.rmse c250_d.ptime  c250_d.time  c250_d.rmse c500_d.ptime 
       2.591        0.109        0.535        8.852        0.082        0.367 
 c500_d.time  c500_d.rmse    s25.ptime     s25.time     s25.rmse    s50.ptime 
      37.910        0.062        0.365        0.001        0.563        0.329 
    s50.time     s50.rmse   s100.ptime    s100.time    s100.rmse   s250.ptime 
       0.002        0.387        0.647        0.004        0.312        1.474 
   s250.time    s250.rmse   s500.ptime    s500.time    s500.rmse  s1000.ptime 
       0.008        0.181        1.885        0.018        0.117        3.431 
  s1000.time   s1000.rmse  s2500.ptime   s2500.time   s2500.rmse  s5000.ptime 
       0.043        0.080       24.217        0.089        0.054      134.913 
  s5000.time   s5000.rmse 
       0.201        0.043 
[1] 0.7633281
$full.time
[1] 0.095

$full.rmse
[1] 0.03832719

$full.time
[1] 0.095

$full.rmse
[1] 0.03832719

$l25.time
[1] 4.379

$l25.rmse
[1] 0.08918653

$l50.time
[1] 4.671

$l50.rmse
[1] 0.06877811

$l100.time
[1] 6.228

$l100.rmse
[1] 0.05553312

$l250.time
[1] 22.489

$l250.rmse
[1] 0.04568093

$l500.time
[1] 110.135

$l500.rmse
[1] 0.04335446

$o25_i.ptime
[1] 0.304

$o25_i.time
[1] 0.321

$o25_i.rmse
[1] 0.4719702

$o50_i.ptime
[1] 0.215

$o50_i.time
[1] 0.234

$o50_i.rmse
[1] 0.3299696

$o100_i.ptime
[1] 0.27

$o100_i.time
[1] 0.187

$o100_i.rmse
[1] 0.2803391

$o250_i.ptime
[1] 0.714

$o250_i.time
[1] 0.17

$o250_i.rmse
[1] 0.1728328

$o500_i.ptime
[1] 1.876

$o500_i.time
[1] 0.611

$o500_i.rmse
[1] 0.1091976

$o25_d.ptime
[1] 0.69

$o25_d.time
[1] 0.591

$o25_d.rmse
[1] 0.3016637

$o50_d.ptime
[1] 0.165

$o50_d.time
[1] 0.751

$o50_d.rmse
[1] 0.2274071

$o100_d.ptime
[1] 0.063

$o100_d.time
[1] 1.498

$o100_d.rmse
[1] 0.1631668

$o250_d.ptime
[1] 0.032

$o250_d.time
[1] 6.092

$o250_d.rmse
[1] 0.0931318

$o500_d.ptime
[1] 0.029

$o500_d.time
[1] 35.536

$o500_d.rmse
[1] 0.07294937

$c25_i.ptime
[1] 2.065

$c25_i.time
[1] 0.499

$c25_i.rmse
[1] 0.2294294

$c50_i.ptime
[1] 0.984

$c50_i.time
[1] 0.224

$c50_i.rmse
[1] 0.1828039

$c100_i.ptime
[1] 1.009

$c100_i.time
[1] 0.178

$c100_i.rmse
[1] 0.1357654

$c250_i.ptime
[1] 1.236

$c250_i.time
[1] 0.159

$c250_i.rmse
[1] 0.1034597

$c500_i.ptime
[1] 2.518

$c500_i.time
[1] 0.176

$c500_i.rmse
[1] 0.07824428

$c25_d.ptime
[1] 2.256

$c25_d.time
[1] 1.156

$c25_d.rmse
[1] 0.1723947

$c50_d.ptime
[1] 1.353

$c50_d.time
[1] 1.463

$c50_d.rmse
[1] 0.1354498

$c100_d.ptime
[1] 0.716

$c100_d.time
[1] 2.644

$c100_d.rmse
[1] 0.1041445

$c250_d.ptime
[1] 0.638

$c250_d.time
[1] 9.664

$c250_d.rmse
[1] 0.07698046

$c500_d.ptime
[1] 0.507

$c500_d.time
[1] 37.527

$c500_d.rmse
[1] 0.06284695

$s25.ptime
[1] 0.29

$s25.time
[1] 0.001

$s25.rmse
[1] 0.5035564

$s50.ptime
[1] 0.592

$s50.time
[1] 0.002

$s50.rmse
[1] 0.411256

$s100.ptime
[1] 0.583

$s100.time
[1] 0.004

$s100.rmse
[1] 0.2768695

$s250.ptime
[1] 1.13

$s250.time
[1] 0.011

$s250.rmse
[1] 0.1823485

$s500.ptime
[1] 1.862

$s500.time
[1] 0.022

$s500.rmse
[1] 0.1150835

$s1000.ptime
[1] 3.579

$s1000.time
[1] 0.04

$s1000.rmse
[1] 0.07645694

$s2500.ptime
[1] 24.375

$s2500.time
[1] 0.092

$s2500.rmse
[1] 0.05121872

$s5000.ptime
[1] 137.474

$s5000.time
[1] 0.171

$s5000.rmse
[1] 0.0423766

        seed            p    full.time    full.rmse     l25.time     l25.rmse 
    2531.000       10.000        0.095        0.038        4.379        0.089 
    l50.time     l50.rmse    l100.time    l100.rmse    l250.time    l250.rmse 
       4.671        0.069        6.228        0.056       22.489        0.046 
   l500.time    l500.rmse  o25_i.ptime   o25_i.time   o25_i.rmse  o50_i.ptime 
     110.135        0.043        0.304        0.321        0.472        0.215 
  o50_i.time   o50_i.rmse o100_i.ptime  o100_i.time  o100_i.rmse o250_i.ptime 
       0.234        0.330        0.270        0.187        0.280        0.714 
 o250_i.time  o250_i.rmse o500_i.ptime  o500_i.time  o500_i.rmse  o25_d.ptime 
       0.170        0.173        1.876        0.611        0.109        0.690 
  o25_d.time   o25_d.rmse  o50_d.ptime   o50_d.time   o50_d.rmse o100_d.ptime 
       0.591        0.302        0.165        0.751        0.227        0.063 
 o100_d.time  o100_d.rmse o250_d.ptime  o250_d.time  o250_d.rmse o500_d.ptime 
       1.498        0.163        0.032        6.092        0.093        0.029 
 o500_d.time  o500_d.rmse  c25_i.ptime   c25_i.time   c25_i.rmse  c50_i.ptime 
      35.536        0.073        2.065        0.499        0.229        0.984 
  c50_i.time   c50_i.rmse c100_i.ptime  c100_i.time  c100_i.rmse c250_i.ptime 
       0.224        0.183        1.009        0.178        0.136        1.236 
 c250_i.time  c250_i.rmse c500_i.ptime  c500_i.time  c500_i.rmse  c25_d.ptime 
       0.159        0.103        2.518        0.176        0.078        2.256 
  c25_d.time   c25_d.rmse  c50_d.ptime   c50_d.time   c50_d.rmse c100_d.ptime 
       1.156        0.172        1.353        1.463        0.135        0.716 
 c100_d.time  c100_d.rmse c250_d.ptime  c250_d.time  c250_d.rmse c500_d.ptime 
       2.644        0.104        0.638        9.664        0.077        0.507 
 c500_d.time  c500_d.rmse    s25.ptime     s25.time     s25.rmse    s50.ptime 
      37.527        0.063        0.290        0.001        0.504        0.592 
    s50.time     s50.rmse   s100.ptime    s100.time    s100.rmse   s250.ptime 
       0.002        0.411        0.583        0.004        0.277        1.130 
   s250.time    s250.rmse   s500.ptime    s500.time    s500.rmse  s1000.ptime 
       0.011        0.182        1.862        0.022        0.115        3.579 
  s1000.time   s1000.rmse  s2500.ptime   s2500.time   s2500.rmse  s5000.ptime 
       0.040        0.076       24.375        0.092        0.051      137.474 
  s5000.time   s5000.rmse 
       0.171        0.042 
[1] 0.9244761
$full.time
[1] 0.086

$full.rmse
[1] 0.03928537

$full.time
[1] 0.086

$full.rmse
[1] 0.03928537

$l25.time
[1] 4.522

$l25.rmse
[1] 0.09614995

$l50.time
[1] 4.61

$l50.rmse
[1] 0.0736844

$l100.time
[1] 6.279

$l100.rmse
[1] 0.05718306

$l250.time
[1] 21.79

$l250.rmse
[1] 0.04903262

$l500.time
[1] 108.654

$l500.rmse
[1] 0.04492803

$o25_i.ptime
[1] 0.313

$o25_i.time
[1] 0.318

$o25_i.rmse
[1] 0.4556657

$o50_i.ptime
[1] 0.21

$o50_i.time
[1] 0.232

$o50_i.rmse
[1] 0.3587795

$o100_i.ptime
[1] 0.265

$o100_i.time
[1] 0.184

$o100_i.rmse
[1] 0.2651144

$o250_i.ptime
[1] 0.723

$o250_i.time
[1] 0.165

$o250_i.rmse
[1] 0.16308

$o500_i.ptime
[1] 1.879

$o500_i.time
[1] 0.579

$o500_i.rmse
[1] 0.1148272

$o25_d.ptime
[1] 0.646

$o25_d.time
[1] 0.577

$o25_d.rmse
[1] 0.3189192

$o50_d.ptime
[1] 0.153

$o50_d.time
[1] 0.637

$o50_d.rmse
[1] 0.2316503

$o100_d.ptime
[1] 0.056

$o100_d.time
[1] 1.278

$o100_d.rmse
[1] 0.1573744

$o250_d.ptime
[1] 0.031

$o250_d.time
[1] 5.631

$o250_d.rmse
[1] 0.09790776

$o500_d.ptime
[1] 0.031

$o500_d.time
[1] 33.491

$o500_d.rmse
[1] 0.07298422

$c25_i.ptime
[1] 1.742

$c25_i.time
[1] 0.361

$c25_i.rmse
[1] 0.2439124

$c50_i.ptime
[1] 1.031

$c50_i.time
[1] 0.246

$c50_i.rmse
[1] 0.187041

$c100_i.ptime
[1] 1.02

$c100_i.time
[1] 0.217

$c100_i.rmse
[1] 0.1394899

$c250_i.ptime
[1] 1.081

$c250_i.time
[1] 0.185

$c250_i.rmse
[1] 0.1009552

$c500_i.ptime
[1] 2.445

$c500_i.time
[1] 0.191

$c500_i.rmse
[1] 0.0734361

$c25_d.ptime
[1] 2.071

$c25_d.time
[1] 1.277

$c25_d.rmse
[1] 0.1751876

$c50_d.ptime
[1] 1.112

$c50_d.time
[1] 1.343

$c50_d.rmse
[1] 0.1260053

$c100_d.ptime
[1] 0.702

$c100_d.time
[1] 2.404

$c100_d.rmse
[1] 0.100538

$c250_d.ptime
[1] 0.404

$c250_d.time
[1] 8.54

$c250_d.rmse
[1] 0.08413743

$c500_d.ptime
[1] 0.371

$c500_d.time
[1] 35.631

$c500_d.rmse
[1] 0.06416336

$s25.ptime
[1] 0.491

$s25.time
[1] 0.001

$s25.rmse
[1] 0.5434357

$s50.ptime
[1] 0.4

$s50.time
[1] 0.002

$s50.rmse
[1] 0.396703

$s100.ptime
[1] 0.767

$s100.time
[1] 0.003

$s100.rmse
[1] 0.347352

$s250.ptime
[1] 1.028

$s250.time
[1] 0.01

$s250.rmse
[1] 0.184555

$s500.ptime
[1] 1.848

$s500.time
[1] 0.019

$s500.rmse
[1] 0.1261692

$s1000.ptime
[1] 3.506

$s1000.time
[1] 0.04

$s1000.rmse
[1] 0.07911841

$s2500.ptime
[1] 23.161

$s2500.time
[1] 0.098

$s2500.rmse
[1] 0.05299078

$s5000.ptime
[1] 116.972

$s5000.time
[1] 0.165

$s5000.rmse
[1] 0.0442441

        seed            p    full.time    full.rmse     l25.time     l25.rmse 
    2532.000       10.000        0.086        0.039        4.522        0.096 
    l50.time     l50.rmse    l100.time    l100.rmse    l250.time    l250.rmse 
       4.610        0.074        6.279        0.057       21.790        0.049 
   l500.time    l500.rmse  o25_i.ptime   o25_i.time   o25_i.rmse  o50_i.ptime 
     108.654        0.045        0.313        0.318        0.456        0.210 
  o50_i.time   o50_i.rmse o100_i.ptime  o100_i.time  o100_i.rmse o250_i.ptime 
       0.232        0.359        0.265        0.184        0.265        0.723 
 o250_i.time  o250_i.rmse o500_i.ptime  o500_i.time  o500_i.rmse  o25_d.ptime 
       0.165        0.163        1.879        0.579        0.115        0.646 
  o25_d.time   o25_d.rmse  o50_d.ptime   o50_d.time   o50_d.rmse o100_d.ptime 
       0.577        0.319        0.153        0.637        0.232        0.056 
 o100_d.time  o100_d.rmse o250_d.ptime  o250_d.time  o250_d.rmse o500_d.ptime 
       1.278        0.157        0.031        5.631        0.098        0.031 
 o500_d.time  o500_d.rmse  c25_i.ptime   c25_i.time   c25_i.rmse  c50_i.ptime 
      33.491        0.073        1.742        0.361        0.244        1.031 
  c50_i.time   c50_i.rmse c100_i.ptime  c100_i.time  c100_i.rmse c250_i.ptime 
       0.246        0.187        1.020        0.217        0.139        1.081 
 c250_i.time  c250_i.rmse c500_i.ptime  c500_i.time  c500_i.rmse  c25_d.ptime 
       0.185        0.101        2.445        0.191        0.073        2.071 
  c25_d.time   c25_d.rmse  c50_d.ptime   c50_d.time   c50_d.rmse c100_d.ptime 
       1.277        0.175        1.112        1.343        0.126        0.702 
 c100_d.time  c100_d.rmse c250_d.ptime  c250_d.time  c250_d.rmse c500_d.ptime 
       2.404        0.101        0.404        8.540        0.084        0.371 
 c500_d.time  c500_d.rmse    s25.ptime     s25.time     s25.rmse    s50.ptime 
      35.631        0.064        0.491        0.001        0.543        0.400 
    s50.time     s50.rmse   s100.ptime    s100.time    s100.rmse   s250.ptime 
       0.002        0.397        0.767        0.003        0.347        1.028 
   s250.time    s250.rmse   s500.ptime    s500.time    s500.rmse  s1000.ptime 
       0.010        0.185        1.848        0.019        0.126        3.506 
  s1000.time   s1000.rmse  s2500.ptime   s2500.time   s2500.rmse  s5000.ptime 
       0.040        0.079       23.161        0.098        0.053      116.972 
  s5000.time   s5000.rmse 
       0.165        0.044 
[1] 0.6395571
$full.time
[1] 0.082

$full.rmse
[1] 0.03840799

$full.time
[1] 0.082

$full.rmse
[1] 0.03840799

$l25.time
[1] 4.161

$l25.rmse
[1] 0.09631304

$l50.time
[1] 4.362

$l50.rmse
[1] 0.07199441

$l100.time
[1] 5.795

$l100.rmse
[1] 0.05700429

$l250.time
[1] 20.986

$l250.rmse
[1] 0.0469915

$l500.time
[1] 104.095

$l500.rmse
[1] 0.04349026

$o25_i.ptime
[1] 0.284

$o25_i.time
[1] 0.301

$o25_i.rmse
[1] 0.4759903

$o50_i.ptime
[1] 0.194

$o50_i.time
[1] 0.202

$o50_i.rmse
[1] 0.3387958

$o100_i.ptime
[1] 0.242

$o100_i.time
[1] 0.169

$o100_i.rmse
[1] 0.2682661

$o250_i.ptime
[1] 0.67

$o250_i.time
[1] 0.15

$o250_i.rmse
[1] 0.1668994

$o500_i.ptime
[1] 1.824

$o500_i.time
[1] 0.607

$o500_i.rmse
[1] 0.1191089

$o25_d.ptime
[1] 0.668

$o25_d.time
[1] 0.553

$o25_d.rmse
[1] 0.3259529

$o50_d.ptime
[1] 0.145

$o50_d.time
[1] 0.693

$o50_d.rmse
[1] 0.2238484

$o100_d.ptime
[1] 0.058

$o100_d.time
[1] 1.508

$o100_d.rmse
[1] 0.1738976

$o250_d.ptime
[1] 0.03

$o250_d.time
[1] 6.53

$o250_d.rmse
[1] 0.1016552

$o500_d.ptime
[1] 0.028

$o500_d.time
[1] 31.368

$o500_d.rmse
[1] 0.07414905

$c25_i.ptime
[1] 1.692

$c25_i.time
[1] 0.318

$c25_i.rmse
[1] 0.2419057

$c50_i.ptime
[1] 0.944

$c50_i.time
[1] 0.216

$c50_i.rmse
[1] 0.188851

$c100_i.ptime
[1] 0.893

$c100_i.time
[1] 0.194

$c100_i.rmse
[1] 0.151906

$c250_i.ptime
[1] 1.343

$c250_i.time
[1] 0.175

$c250_i.rmse
[1] 0.1050946

$c500_i.ptime
[1] 2.494

$c500_i.time
[1] 0.177

$c500_i.rmse
[1] 0.07722727

$c25_d.ptime
[1] 2.15

$c25_d.time
[1] 1.111

$c25_d.rmse
[1] 0.1837009

$c50_d.ptime
[1] 1.039

$c50_d.time
[1] 1.371

$c50_d.rmse
[1] 0.1385703

$c100_d.ptime
[1] 0.897

$c100_d.time
[1] 2.432

$c100_d.rmse
[1] 0.110211

$c250_d.ptime
[1] 0.391

$c250_d.time
[1] 8.454

$c250_d.rmse
[1] 0.07704614

$c500_d.ptime
[1] 0.577

$c500_d.time
[1] 35.759

$c500_d.rmse
[1] 0.05876818

$s25.ptime
[1] 0.491

$s25.time
[1] 0

$s25.rmse
[1] 0.5719404

$s50.ptime
[1] 0.384

$s50.time
[1] 0.002

$s50.rmse
[1] 0.4502508

$s100.ptime
[1] 0.635

$s100.time
[1] 0.004

$s100.rmse
[1] 0.3095987

$s250.ptime
[1] 1.546

$s250.time
[1] 0.009

$s250.rmse
[1] 0.1871053

$s500.ptime
[1] 1.727

$s500.time
[1] 0.019

$s500.rmse
[1] 0.1205994

$s1000.ptime
[1] 3.452

$s1000.time
[1] 0.034

$s1000.rmse
[1] 0.08169945

$s2500.ptime
[1] 22.85

$s2500.time
[1] 0.091

$s2500.rmse
[1] 0.05628546

$s5000.ptime
[1] 123.722

$s5000.time
[1] 0.147

$s5000.rmse
[1] 0.04387444

        seed            p    full.time    full.rmse     l25.time     l25.rmse 
    2533.000       10.000        0.082        0.038        4.161        0.096 
    l50.time     l50.rmse    l100.time    l100.rmse    l250.time    l250.rmse 
       4.362        0.072        5.795        0.057       20.986        0.047 
   l500.time    l500.rmse  o25_i.ptime   o25_i.time   o25_i.rmse  o50_i.ptime 
     104.095        0.043        0.284        0.301        0.476        0.194 
  o50_i.time   o50_i.rmse o100_i.ptime  o100_i.time  o100_i.rmse o250_i.ptime 
       0.202        0.339        0.242        0.169        0.268        0.670 
 o250_i.time  o250_i.rmse o500_i.ptime  o500_i.time  o500_i.rmse  o25_d.ptime 
       0.150        0.167        1.824        0.607        0.119        0.668 
  o25_d.time   o25_d.rmse  o50_d.ptime   o50_d.time   o50_d.rmse o100_d.ptime 
       0.553        0.326        0.145        0.693        0.224        0.058 
 o100_d.time  o100_d.rmse o250_d.ptime  o250_d.time  o250_d.rmse o500_d.ptime 
       1.508        0.174        0.030        6.530        0.102        0.028 
 o500_d.time  o500_d.rmse  c25_i.ptime   c25_i.time   c25_i.rmse  c50_i.ptime 
      31.368        0.074        1.692        0.318        0.242        0.944 
  c50_i.time   c50_i.rmse c100_i.ptime  c100_i.time  c100_i.rmse c250_i.ptime 
       0.216        0.189        0.893        0.194        0.152        1.343 
 c250_i.time  c250_i.rmse c500_i.ptime  c500_i.time  c500_i.rmse  c25_d.ptime 
       0.175        0.105        2.494        0.177        0.077        2.150 
  c25_d.time   c25_d.rmse  c50_d.ptime   c50_d.time   c50_d.rmse c100_d.ptime 
       1.111        0.184        1.039        1.371        0.139        0.897 
 c100_d.time  c100_d.rmse c250_d.ptime  c250_d.time  c250_d.rmse c500_d.ptime 
       2.432        0.110        0.391        8.454        0.077        0.577 
 c500_d.time  c500_d.rmse    s25.ptime     s25.time     s25.rmse    s50.ptime 
      35.759        0.059        0.491        0.000        0.572        0.384 
    s50.time     s50.rmse   s100.ptime    s100.time    s100.rmse   s250.ptime 
       0.002        0.450        0.635        0.004        0.310        1.546 
   s250.time    s250.rmse   s500.ptime    s500.time    s500.rmse  s1000.ptime 
       0.009        0.187        1.727        0.019        0.121        3.452 
  s1000.time   s1000.rmse  s2500.ptime   s2500.time   s2500.rmse  s5000.ptime 
       0.034        0.082       22.850        0.091        0.056      123.722 
  s5000.time   s5000.rmse 
       0.147        0.044 
  seed  p full.time  full.rmse l25.time   l25.rmse l50.time   l50.rmse
1 2529 10     0.080 0.03747221    4.271 0.08685057    4.349 0.06937443
2 2530 10     0.081 0.03749941    4.404 0.10495584    4.611 0.07542852
3 2531 10     0.095 0.03832719    4.379 0.08918653    4.671 0.06877811
4 2532 10     0.086 0.03928537    4.522 0.09614995    4.610 0.07368440
5 2533 10     0.082 0.03840799    4.161 0.09631304    4.362 0.07199441
  l100.time  l100.rmse l250.time  l250.rmse l500.time  l500.rmse o25_i.ptime
1     5.927 0.05551142    22.194 0.04574197   111.221 0.04281100       0.289
2     6.279 0.05744968    22.462 0.04688277   110.665 0.04231980       0.312
3     6.228 0.05553312    22.489 0.04568093   110.135 0.04335446       0.304
4     6.279 0.05718306    21.790 0.04903262   108.654 0.04492803       0.313
5     5.795 0.05700429    20.986 0.04699150   104.095 0.04349026       0.284
  o25_i.time o25_i.rmse o50_i.ptime o50_i.time o50_i.rmse o100_i.ptime
1      0.298  0.4430765       0.732      0.195  0.3353288        0.264
2      0.329  0.4973701       0.212      0.222  0.3827828        0.275
3      0.321  0.4719702       0.215      0.234  0.3299696        0.270
4      0.318  0.4556657       0.210      0.232  0.3587795        0.265
5      0.301  0.4759903       0.194      0.202  0.3387958        0.242
  o100_i.time o100_i.rmse o250_i.ptime o250_i.time o250_i.rmse o500_i.ptime
1       0.161   0.2930402        0.704       0.145   0.1711538        1.998
2       0.181   0.2878093        0.717       0.776   0.1820086        1.883
3       0.187   0.2803391        0.714       0.170   0.1728328        1.876
4       0.184   0.2651144        0.723       0.165   0.1630800        1.879
5       0.169   0.2682661        0.670       0.150   0.1668994        1.824
  o500_i.time o500_i.rmse o25_d.ptime o25_d.time o25_d.rmse o50_d.ptime
1       0.179   0.1127700       0.673      0.542  0.2956406       0.154
2       0.151   0.1152344       0.660      0.576  0.3288646       0.148
3       0.611   0.1091976       0.690      0.591  0.3016637       0.165
4       0.579   0.1148272       0.646      0.577  0.3189192       0.153
5       0.607   0.1191089       0.668      0.553  0.3259529       0.145
  o50_d.time o50_d.rmse o100_d.ptime o100_d.time o100_d.rmse o250_d.ptime
1      0.668  0.2231804        0.066       1.372   0.1650278        0.029
2      0.670  0.2253150        0.058       1.368   0.1712112        0.032
3      0.751  0.2274071        0.063       1.498   0.1631668        0.032
4      0.637  0.2316503        0.056       1.278   0.1573744        0.031
5      0.693  0.2238484        0.058       1.508   0.1738976        0.030
  o250_d.time o250_d.rmse o500_d.ptime o500_d.time o500_d.rmse c25_i.ptime
1       6.010  0.10454636        0.027      33.120  0.07112130       1.525
2       5.706  0.09707081        0.029      33.724  0.07117374       1.926
3       6.092  0.09313180        0.029      35.536  0.07294937       2.065
4       5.631  0.09790776        0.031      33.491  0.07298422       1.742
5       6.530  0.10165523        0.028      31.368  0.07414905       1.692
  c25_i.time c25_i.rmse c50_i.ptime c50_i.time c50_i.rmse c100_i.ptime
1      0.331  0.2287491       1.297      0.225  0.1749708        0.860
2      0.347  0.2633448       1.295      0.235  0.1983189        1.024
3      0.499  0.2294294       0.984      0.224  0.1828039        1.009
4      0.361  0.2439124       1.031      0.246  0.1870410        1.020
5      0.318  0.2419057       0.944      0.216  0.1888510        0.893
  c100_i.time c100_i.rmse c250_i.ptime c250_i.time c250_i.rmse c500_i.ptime
1       0.185   0.1360341        1.202       0.170  0.09874015        2.728
2       0.192   0.1462425        1.162       0.175  0.10586641        2.380
3       0.178   0.1357654        1.236       0.159  0.10345969        2.518
4       0.217   0.1394899        1.081       0.185  0.10095517        2.445
5       0.194   0.1519060        1.343       0.175  0.10509458        2.494
  c500_i.time c500_i.rmse c25_d.ptime c25_d.time c25_d.rmse c50_d.ptime
1       0.179  0.07304785       1.914      1.217  0.1658442       0.937
2       0.185  0.08071792       1.990      1.144  0.1867792       1.138
3       0.176  0.07824428       2.256      1.156  0.1723947       1.353
4       0.191  0.07343610       2.071      1.277  0.1751876       1.112
5       0.177  0.07722727       2.150      1.111  0.1837009       1.039
  c50_d.time c50_d.rmse c100_d.ptime c100_d.time c100_d.rmse c250_d.ptime
1      1.429  0.1355853        0.668       2.646   0.1070719        0.502
2      1.472  0.1534042        0.723       2.591   0.1089171        0.535
3      1.463  0.1354498        0.716       2.644   0.1041445        0.638
4      1.343  0.1260053        0.702       2.404   0.1005380        0.404
5      1.371  0.1385703        0.897       2.432   0.1102110        0.391
  c250_d.time c250_d.rmse c500_d.ptime c500_d.time c500_d.rmse s25.ptime
1       9.231  0.07529910        0.324      40.797  0.05626325     0.308
2       8.852  0.08181695        0.367      37.910  0.06240008     0.365
3       9.664  0.07698046        0.507      37.527  0.06284695     0.290
4       8.540  0.08413743        0.371      35.631  0.06416336     0.491
5       8.454  0.07704614        0.577      35.759  0.05876818     0.491
  s25.time  s25.rmse s50.ptime s50.time  s50.rmse s100.ptime s100.time
1    0.001 0.4678467     0.529    0.001 0.4540826      0.852     0.004
2    0.001 0.5629867     0.329    0.002 0.3866393      0.647     0.004
3    0.001 0.5035564     0.592    0.002 0.4112560      0.583     0.004
4    0.001 0.5434357     0.400    0.002 0.3967030      0.767     0.003
5    0.000 0.5719404     0.384    0.002 0.4502508      0.635     0.004
  s100.rmse s250.ptime s250.time s250.rmse s500.ptime s500.time s500.rmse
1 0.3065710      1.171     0.010 0.1851629      1.764     0.020 0.1192890
2 0.3120741      1.474     0.008 0.1810378      1.885     0.018 0.1170791
3 0.2768695      1.130     0.011 0.1823485      1.862     0.022 0.1150835
4 0.3473520      1.028     0.010 0.1845550      1.848     0.019 0.1261692
5 0.3095987      1.546     0.009 0.1871053      1.727     0.019 0.1205994
  s1000.ptime s1000.time s1000.rmse s2500.ptime s2500.time s2500.rmse
1       3.475      0.040 0.07791585      24.407      0.082 0.04932066
2       3.431      0.043 0.08045587      24.217      0.089 0.05358776
3       3.579      0.040 0.07645694      24.375      0.092 0.05121872
4       3.506      0.040 0.07911841      23.161      0.098 0.05299078
5       3.452      0.034 0.08169945      22.850      0.091 0.05628546
  s5000.ptime s5000.time s5000.rmse
1     141.340      0.179 0.04086252
2     134.913      0.201 0.04303071
3     137.474      0.171 0.04237660
4     116.972      0.165 0.04424410
5     123.722      0.147 0.04387444
Warning message:
Quick-TRANSfer stage steps exceeded maximum (= 500000) 
> 
> proc.time()
    user   system  elapsed 
3798.816   37.166 3927.986 
