
R version 3.0.3 (2014-03-06) -- "Warm Puppy"
Copyright (C) 2014 The R Foundation for Statistical Computing
Platform: x86_64-unknown-linux-gnu (64-bit)

R is free software and comes with ABSOLUTELY NO WARRANTY.
You are welcome to redistribute it under certain conditions.
Type 'license()' or 'licence()' for distribution details.

  Natural language support but running in an English locale

R is a collaborative project with many contributors.
Type 'contributors()' for more information and
'citation()' on how to cite R or R packages in publications.

Type 'demo()' for some demos, 'help()' for on-line help, or
'help.start()' for an HTML browser interface to help.
Type 'q()' to quit R.

> print(.libPaths())
[1] "/usr/local/r-3.0.3/lib64/R/library"
> .libPaths("/mnt/home/rjparker/Rlib")
> print(.libPaths())
[1] "/mnt/home/rjparker/Rlib"            "/usr/local/r-3.0.3/lib64/R/library"
> setwd("/mnt/home/rjparker/git/block_int")
> 
> which_exp <- 6
> which_part <- 11
> source("R/sim_nblocks_pred.R")
Loading required package: spam
Loading required package: grid
Spam version 0.41-0 (2014-02-26) is loaded.
Type 'help( Spam)' or 'demo( spam)' for a short introduction 
and overview of this package.
Help for individual functions is also obtained by adding the
suffix '.spam' to the function name, e.g. 'help( chol.spam)'.

Attaching package: ‘spam’

The following objects are masked from ‘package:base’:

    backsolve, forwardsolve

Loading required package: maps
  pred  p b tau Nper_p Npred Fzero sigma2
6 TRUE 10 4  10  10000  1000     0      1
[1] 0.8166522
$full.time
[1] 0.071

$full.rmse
[1] 0.03751373

$full.time
[1] 0.071

$full.rmse
[1] 0.03751373

$l25.time
[1] 3.374

$l25.rmse
[1] 0.08952768

$l50.time
[1] 3.563

$l50.rmse
[1] 0.06994089

$l100.time
[1] 4.936

$l100.rmse
[1] 0.05504143

$l250.time
[1] 18.68

$l250.rmse
[1] 0.04575247

$l500.time
[1] 84.6

$l500.rmse
[1] 0.04280176

$o25_i.ptime
[1] 0.236

$o25_i.time
[1] 0.213

$o25_i.rmse
[1] 0.4684567

$o50_i.ptime
[1] 0.427

$o50_i.time
[1] 0.14

$o50_i.rmse
[1] 0.3500596

$o100_i.ptime
[1] 0.205

$o100_i.time
[1] 0.113

$o100_i.rmse
[1] 0.2550598

$o250_i.ptime
[1] 0.553

$o250_i.time
[1] 0.116

$o250_i.rmse
[1] 0.1479566

$o500_i.ptime
[1] 1.402

$o500_i.time
[1] 0.129

$o500_i.rmse
[1] 0.1130378

$o25_d.ptime
[1] 0.547

$o25_d.time
[1] 0.396

$o25_d.rmse
[1] 0.3053228

$o50_d.ptime
[1] 0.123

$o50_d.time
[1] 0.443

$o50_d.rmse
[1] 0.2133034

$o100_d.ptime
[1] 0.047

$o100_d.time
[1] 0.955

$o100_d.rmse
[1] 0.1511205

$o250_d.ptime
[1] 0.025

$o250_d.time
[1] 4.132

$o250_d.rmse
[1] 0.09417276

$o500_d.ptime
[1] 0.069

$o500_d.time
[1] 21.074

$o500_d.rmse
[1] 0.06840921

$c25_i.ptime
[1] 1.347

$c25_i.time
[1] 0.223

$c25_i.rmse
[1] 0.2168693

$c50_i.ptime
[1] 1.095

$c50_i.time
[1] 0.162

$c50_i.rmse
[1] 0.1815806

$c100_i.ptime
[1] 0.633

$c100_i.time
[1] 0.127

$c100_i.rmse
[1] 0.138173

$c250_i.ptime
[1] 0.866

$c250_i.time
[1] 0.124

$c250_i.rmse
[1] 0.1017005

$c500_i.ptime
[1] 1.762

$c500_i.time
[1] 0.143

$c500_i.rmse
[1] 0.0796945

$c25_d.ptime
[1] 1.648

$c25_d.time
[1] 0.798

$c25_d.rmse
[1] 0.1667487

$c50_d.ptime
[1] 0.865

$c50_d.time
[1] 0.989

$c50_d.rmse
[1] 0.1336355

$c100_d.ptime
[1] 0.575

$c100_d.time
[1] 1.982

$c100_d.rmse
[1] 0.1053435

$c250_d.ptime
[1] 0.454

$c250_d.time
[1] 6.844

$c250_d.rmse
[1] 0.07582448

$c500_d.ptime
[1] 0.244

$c500_d.time
[1] 24.179

$c500_d.rmse
[1] 0.06614463

$s25.ptime
[1] 0.486

$s25.time
[1] 0.001

$s25.rmse
[1] 0.5654806

$s50.ptime
[1] 0.373

$s50.time
[1] 0.001

$s50.rmse
[1] 0.4601186

$s100.ptime
[1] 0.548

$s100.time
[1] 0.002

$s100.rmse
[1] 0.3379271

$s250.ptime
[1] 1.042

$s250.time
[1] 0.007

$s250.rmse
[1] 0.1932694

$s500.ptime
[1] 1.928

$s500.time
[1] 0.015

$s500.rmse
[1] 0.1238514

$s1000.ptime
[1] 3.018

$s1000.time
[1] 0.031

$s1000.rmse
[1] 0.08219772

$s2500.ptime
[1] 22.956

$s2500.time
[1] 0.085

$s2500.rmse
[1] 0.05153018

$s5000.ptime
[1] 172.776

$s5000.time
[1] 0.167

$s5000.rmse
[1] 0.04265961

        seed            p    full.time    full.rmse     l25.time     l25.rmse 
    2534.000       10.000        0.071        0.038        3.374        0.090 
    l50.time     l50.rmse    l100.time    l100.rmse    l250.time    l250.rmse 
       3.563        0.070        4.936        0.055       18.680        0.046 
   l500.time    l500.rmse  o25_i.ptime   o25_i.time   o25_i.rmse  o50_i.ptime 
      84.600        0.043        0.236        0.213        0.468        0.427 
  o50_i.time   o50_i.rmse o100_i.ptime  o100_i.time  o100_i.rmse o250_i.ptime 
       0.140        0.350        0.205        0.113        0.255        0.553 
 o250_i.time  o250_i.rmse o500_i.ptime  o500_i.time  o500_i.rmse  o25_d.ptime 
       0.116        0.148        1.402        0.129        0.113        0.547 
  o25_d.time   o25_d.rmse  o50_d.ptime   o50_d.time   o50_d.rmse o100_d.ptime 
       0.396        0.305        0.123        0.443        0.213        0.047 
 o100_d.time  o100_d.rmse o250_d.ptime  o250_d.time  o250_d.rmse o500_d.ptime 
       0.955        0.151        0.025        4.132        0.094        0.069 
 o500_d.time  o500_d.rmse  c25_i.ptime   c25_i.time   c25_i.rmse  c50_i.ptime 
      21.074        0.068        1.347        0.223        0.217        1.095 
  c50_i.time   c50_i.rmse c100_i.ptime  c100_i.time  c100_i.rmse c250_i.ptime 
       0.162        0.182        0.633        0.127        0.138        0.866 
 c250_i.time  c250_i.rmse c500_i.ptime  c500_i.time  c500_i.rmse  c25_d.ptime 
       0.124        0.102        1.762        0.143        0.080        1.648 
  c25_d.time   c25_d.rmse  c50_d.ptime   c50_d.time   c50_d.rmse c100_d.ptime 
       0.798        0.167        0.865        0.989        0.134        0.575 
 c100_d.time  c100_d.rmse c250_d.ptime  c250_d.time  c250_d.rmse c500_d.ptime 
       1.982        0.105        0.454        6.844        0.076        0.244 
 c500_d.time  c500_d.rmse    s25.ptime     s25.time     s25.rmse    s50.ptime 
      24.179        0.066        0.486        0.001        0.565        0.373 
    s50.time     s50.rmse   s100.ptime    s100.time    s100.rmse   s250.ptime 
       0.001        0.460        0.548        0.002        0.338        1.042 
   s250.time    s250.rmse   s500.ptime    s500.time    s500.rmse  s1000.ptime 
       0.007        0.193        1.928        0.015        0.124        3.018 
  s1000.time   s1000.rmse  s2500.ptime   s2500.time   s2500.rmse  s5000.ptime 
       0.031        0.082       22.956        0.085        0.052      172.776 
  s5000.time   s5000.rmse 
       0.167        0.043 
[1] 0.7454373
$full.time
[1] 0.074

$full.rmse
[1] 0.03842209

$full.time
[1] 0.074

$full.rmse
[1] 0.03842209

$l25.time
[1] 3.306

$l25.rmse
[1] 0.09381058

$l50.time
[1] 3.548

$l50.rmse
[1] 0.0734034

$l100.time
[1] 4.951

$l100.rmse
[1] 0.05854005

$l250.time
[1] 18.819

$l250.rmse
[1] 0.04680159

$l500.time
[1] 86.234

$l500.rmse
[1] 0.04246615

$o25_i.ptime
[1] 0.244

$o25_i.time
[1] 0.223

$o25_i.rmse
[1] 0.4026681

$o50_i.ptime
[1] 0.162

$o50_i.time
[1] 0.159

$o50_i.rmse
[1] 0.3495843

$o100_i.ptime
[1] 0.197

$o100_i.time
[1] 0.133

$o100_i.rmse
[1] 0.2888465

$o250_i.ptime
[1] 0.574

$o250_i.time
[1] 0.484

$o250_i.rmse
[1] 0.1743708

$o500_i.ptime
[1] 1.491

$o500_i.time
[1] 0.132

$o500_i.rmse
[1] 0.1221642

$o25_d.ptime
[1] 0.58

$o25_d.time
[1] 0.415

$o25_d.rmse
[1] 0.3081753

$o50_d.ptime
[1] 0.127

$o50_d.time
[1] 0.482

$o50_d.rmse
[1] 0.246511

$o100_d.ptime
[1] 0.051

$o100_d.time
[1] 1.043

$o100_d.rmse
[1] 0.1732855

$o250_d.ptime
[1] 0.026

$o250_d.time
[1] 3.94

$o250_d.rmse
[1] 0.1087135

$o500_d.ptime
[1] 0.023

$o500_d.time
[1] 18.774

$o500_d.rmse
[1] 0.07469137

$c25_i.ptime
[1] 1.636

$c25_i.time
[1] 0.231

$c25_i.rmse
[1] 0.2352087

$c50_i.ptime
[1] 1.242

$c50_i.time
[1] 0.183

$c50_i.rmse
[1] 0.1746552

$c100_i.ptime
[1] 0.911

$c100_i.time
[1] 0.13

$c100_i.rmse
[1] 0.1491869

$c250_i.ptime
[1] 1.125

$c250_i.time
[1] 0.131

$c250_i.rmse
[1] 0.1016515

$c500_i.ptime
[1] 1.965

$c500_i.time
[1] 0.157

$c500_i.rmse
[1] 0.07444443

$c25_d.ptime
[1] 1.898

$c25_d.time
[1] 0.78

$c25_d.rmse
[1] 0.1789278

$c50_d.ptime
[1] 0.949

$c50_d.time
[1] 0.997

$c50_d.rmse
[1] 0.13393

$c100_d.ptime
[1] 0.619

$c100_d.time
[1] 2.022

$c100_d.rmse
[1] 0.1082768

$c250_d.ptime
[1] 0.537

$c250_d.time
[1] 6.872

$c250_d.rmse
[1] 0.0816905

$c500_d.ptime
[1] 0.395

$c500_d.time
[1] 24.759

$c500_d.rmse
[1] 0.06685202

$s25.ptime
[1] 0.404

$s25.time
[1] 0.001

$s25.rmse
[1] 0.4639231

$s50.ptime
[1] 0.392

$s50.time
[1] 0.001

$s50.rmse
[1] 0.3769726

$s100.ptime
[1] 0.553

$s100.time
[1] 0.003

$s100.rmse
[1] 0.2863903

$s250.ptime
[1] 1.047

$s250.time
[1] 0.006

$s250.rmse
[1] 0.1957041

$s500.ptime
[1] 1.586

$s500.time
[1] 0.015

$s500.rmse
[1] 0.1140731

$s1000.ptime
[1] 2.808

$s1000.time
[1] 0.031

$s1000.rmse
[1] 0.08067937

$s2500.ptime
[1] 19.285

$s2500.time
[1] 0.075

$s2500.rmse
[1] 0.0537697

$s5000.ptime
[1] 131.83

$s5000.time
[1] 0.167

$s5000.rmse
[1] 0.04167245

        seed            p    full.time    full.rmse     l25.time     l25.rmse 
    2535.000       10.000        0.074        0.038        3.306        0.094 
    l50.time     l50.rmse    l100.time    l100.rmse    l250.time    l250.rmse 
       3.548        0.073        4.951        0.059       18.819        0.047 
   l500.time    l500.rmse  o25_i.ptime   o25_i.time   o25_i.rmse  o50_i.ptime 
      86.234        0.042        0.244        0.223        0.403        0.162 
  o50_i.time   o50_i.rmse o100_i.ptime  o100_i.time  o100_i.rmse o250_i.ptime 
       0.159        0.350        0.197        0.133        0.289        0.574 
 o250_i.time  o250_i.rmse o500_i.ptime  o500_i.time  o500_i.rmse  o25_d.ptime 
       0.484        0.174        1.491        0.132        0.122        0.580 
  o25_d.time   o25_d.rmse  o50_d.ptime   o50_d.time   o50_d.rmse o100_d.ptime 
       0.415        0.308        0.127        0.482        0.247        0.051 
 o100_d.time  o100_d.rmse o250_d.ptime  o250_d.time  o250_d.rmse o500_d.ptime 
       1.043        0.173        0.026        3.940        0.109        0.023 
 o500_d.time  o500_d.rmse  c25_i.ptime   c25_i.time   c25_i.rmse  c50_i.ptime 
      18.774        0.075        1.636        0.231        0.235        1.242 
  c50_i.time   c50_i.rmse c100_i.ptime  c100_i.time  c100_i.rmse c250_i.ptime 
       0.183        0.175        0.911        0.130        0.149        1.125 
 c250_i.time  c250_i.rmse c500_i.ptime  c500_i.time  c500_i.rmse  c25_d.ptime 
       0.131        0.102        1.965        0.157        0.074        1.898 
  c25_d.time   c25_d.rmse  c50_d.ptime   c50_d.time   c50_d.rmse c100_d.ptime 
       0.780        0.179        0.949        0.997        0.134        0.619 
 c100_d.time  c100_d.rmse c250_d.ptime  c250_d.time  c250_d.rmse c500_d.ptime 
       2.022        0.108        0.537        6.872        0.082        0.395 
 c500_d.time  c500_d.rmse    s25.ptime     s25.time     s25.rmse    s50.ptime 
      24.759        0.067        0.404        0.001        0.464        0.392 
    s50.time     s50.rmse   s100.ptime    s100.time    s100.rmse   s250.ptime 
       0.001        0.377        0.553        0.003        0.286        1.047 
   s250.time    s250.rmse   s500.ptime    s500.time    s500.rmse  s1000.ptime 
       0.006        0.196        1.586        0.015        0.114        2.808 
  s1000.time   s1000.rmse  s2500.ptime   s2500.time   s2500.rmse  s5000.ptime 
       0.031        0.081       19.285        0.075        0.054      131.830 
  s5000.time   s5000.rmse 
       0.167        0.042 
[1] 0.6375667
$full.time
[1] 0.074

$full.rmse
[1] 0.03787016

$full.time
[1] 0.074

$full.rmse
[1] 0.03787016

$l25.time
[1] 3.288

$l25.rmse
[1] 0.0897484

$l50.time
[1] 3.556

$l50.rmse
[1] 0.06875195

$l100.time
[1] 5

$l100.rmse
[1] 0.0560938

$l250.time
[1] 18.764

$l250.rmse
[1] 0.04621583

$l500.time
[1] 86.302

$l500.rmse
[1] 0.04313587

$o25_i.ptime
[1] 0.241

$o25_i.time
[1] 0.239

$o25_i.rmse
[1] 0.443552

$o50_i.ptime
[1] 0.161

$o50_i.time
[1] 0.155

$o50_i.rmse
[1] 0.3503051

$o100_i.ptime
[1] 0.208

$o100_i.time
[1] 0.13

$o100_i.rmse
[1] 0.260442

$o250_i.ptime
[1] 0.571

$o250_i.time
[1] 0.135

$o250_i.rmse
[1] 0.167342

$o500_i.ptime
[1] 1.482

$o500_i.time
[1] 0.139

$o500_i.rmse
[1] 0.1187108

$o25_d.ptime
[1] 0.824

$o25_d.time
[1] 0.413

$o25_d.rmse
[1] 0.2960407

$o50_d.ptime
[1] 0.138

$o50_d.time
[1] 0.529

$o50_d.rmse
[1] 0.208106

$o100_d.ptime
[1] 0.054

$o100_d.time
[1] 1.134

$o100_d.rmse
[1] 0.1532544

$o250_d.ptime
[1] 0.04

$o250_d.time
[1] 4.684

$o250_d.rmse
[1] 0.09971221

$o500_d.ptime
[1] 0.026

$o500_d.time
[1] 22.045

$o500_d.rmse
[1] 0.07604286

$c25_i.ptime
[1] 1.506

$c25_i.time
[1] 0.251

$c25_i.rmse
[1] 0.2227132

$c50_i.ptime
[1] 1.068

$c50_i.time
[1] 0.154

$c50_i.rmse
[1] 0.175219

$c100_i.ptime
[1] 0.732

$c100_i.time
[1] 0.141

$c100_i.rmse
[1] 0.1458817

$c250_i.ptime
[1] 1.052

$c250_i.time
[1] 0.13

$c250_i.rmse
[1] 0.09613885

$c500_i.ptime
[1] 1.857

$c500_i.time
[1] 0.137

$c500_i.rmse
[1] 0.08060353

$c25_d.ptime
[1] 1.924

$c25_d.time
[1] 0.792

$c25_d.rmse
[1] 0.1747332

$c50_d.ptime
[1] 0.959

$c50_d.time
[1] 1.065

$c50_d.rmse
[1] 0.132365

$c100_d.ptime
[1] 0.667

$c100_d.time
[1] 2.063

$c100_d.rmse
[1] 0.09906015

$c250_d.ptime
[1] 0.436

$c250_d.time
[1] 6.785

$c250_d.rmse
[1] 0.07986266

$c500_d.ptime
[1] 0.274

$c500_d.time
[1] 24.514

$c500_d.rmse
[1] 0.06465948

$s25.ptime
[1] 0.347

$s25.time
[1] 0

$s25.rmse
[1] 0.5763355

$s50.ptime
[1] 0.518

$s50.time
[1] 0.001

$s50.rmse
[1] 0.3897527

$s100.ptime
[1] 0.637

$s100.time
[1] 0.003

$s100.rmse
[1] 0.3035906

$s250.ptime
[1] 1.196

$s250.time
[1] 0.008

$s250.rmse
[1] 0.1985022

$s500.ptime
[1] 1.603

$s500.time
[1] 0.016

$s500.rmse
[1] 0.1280096

$s1000.ptime
[1] 2.973

$s1000.time
[1] 0.032

$s1000.rmse
[1] 0.07887643

$s2500.ptime
[1] 15.085

$s2500.time
[1] 0.082

$s2500.rmse
[1] 0.05509827

$s5000.ptime
[1] 122.054

$s5000.time
[1] 0.186

$s5000.rmse
[1] 0.04286565

        seed            p    full.time    full.rmse     l25.time     l25.rmse 
    2536.000       10.000        0.074        0.038        3.288        0.090 
    l50.time     l50.rmse    l100.time    l100.rmse    l250.time    l250.rmse 
       3.556        0.069        5.000        0.056       18.764        0.046 
   l500.time    l500.rmse  o25_i.ptime   o25_i.time   o25_i.rmse  o50_i.ptime 
      86.302        0.043        0.241        0.239        0.444        0.161 
  o50_i.time   o50_i.rmse o100_i.ptime  o100_i.time  o100_i.rmse o250_i.ptime 
       0.155        0.350        0.208        0.130        0.260        0.571 
 o250_i.time  o250_i.rmse o500_i.ptime  o500_i.time  o500_i.rmse  o25_d.ptime 
       0.135        0.167        1.482        0.139        0.119        0.824 
  o25_d.time   o25_d.rmse  o50_d.ptime   o50_d.time   o50_d.rmse o100_d.ptime 
       0.413        0.296        0.138        0.529        0.208        0.054 
 o100_d.time  o100_d.rmse o250_d.ptime  o250_d.time  o250_d.rmse o500_d.ptime 
       1.134        0.153        0.040        4.684        0.100        0.026 
 o500_d.time  o500_d.rmse  c25_i.ptime   c25_i.time   c25_i.rmse  c50_i.ptime 
      22.045        0.076        1.506        0.251        0.223        1.068 
  c50_i.time   c50_i.rmse c100_i.ptime  c100_i.time  c100_i.rmse c250_i.ptime 
       0.154        0.175        0.732        0.141        0.146        1.052 
 c250_i.time  c250_i.rmse c500_i.ptime  c500_i.time  c500_i.rmse  c25_d.ptime 
       0.130        0.096        1.857        0.137        0.081        1.924 
  c25_d.time   c25_d.rmse  c50_d.ptime   c50_d.time   c50_d.rmse c100_d.ptime 
       0.792        0.175        0.959        1.065        0.132        0.667 
 c100_d.time  c100_d.rmse c250_d.ptime  c250_d.time  c250_d.rmse c500_d.ptime 
       2.063        0.099        0.436        6.785        0.080        0.274 
 c500_d.time  c500_d.rmse    s25.ptime     s25.time     s25.rmse    s50.ptime 
      24.514        0.065        0.347        0.000        0.576        0.518 
    s50.time     s50.rmse   s100.ptime    s100.time    s100.rmse   s250.ptime 
       0.001        0.390        0.637        0.003        0.304        1.196 
   s250.time    s250.rmse   s500.ptime    s500.time    s500.rmse  s1000.ptime 
       0.008        0.199        1.603        0.016        0.128        2.973 
  s1000.time   s1000.rmse  s2500.ptime   s2500.time   s2500.rmse  s5000.ptime 
       0.032        0.079       15.085        0.082        0.055      122.054 
  s5000.time   s5000.rmse 
       0.186        0.043 
[1] 0.7842504
$full.time
[1] 0.074

$full.rmse
[1] 0.03778886

$full.time
[1] 0.074

$full.rmse
[1] 0.03778886

$l25.time
[1] 3.26

$l25.rmse
[1] 0.09326314

$l50.time
[1] 3.556

$l50.rmse
[1] 0.07155588

$l100.time
[1] 4.939

$l100.rmse
[1] 0.05805617

$l250.time
[1] 18.65

$l250.rmse
[1] 0.04797676

$l500.time
[1] 86.228

$l500.rmse
[1] 0.04350365

$o25_i.ptime
[1] 0.235

$o25_i.time
[1] 0.225

$o25_i.rmse
[1] 0.4458729

$o50_i.ptime
[1] 0.18

$o50_i.time
[1] 0.16

$o50_i.rmse
[1] 0.3427423

$o100_i.ptime
[1] 0.212

$o100_i.time
[1] 0.129

$o100_i.rmse
[1] 0.2769549

$o250_i.ptime
[1] 0.58

$o250_i.time
[1] 0.13

$o250_i.rmse
[1] 0.1720522

$o500_i.ptime
[1] 1.486

$o500_i.time
[1] 0.14

$o500_i.rmse
[1] 0.1193899

$o25_d.ptime
[1] 0.597

$o25_d.time
[1] 0.639

$o25_d.rmse
[1] 0.3409566

$o50_d.ptime
[1] 0.128

$o50_d.time
[1] 0.467

$o50_d.rmse
[1] 0.2392448

$o100_d.ptime
[1] 0.06

$o100_d.time
[1] 1.127

$o100_d.rmse
[1] 0.166496

$o250_d.ptime
[1] 0.025

$o250_d.time
[1] 4.86

$o250_d.rmse
[1] 0.1013062

$o500_d.ptime
[1] 0.04

$o500_d.time
[1] 21.378

$o500_d.rmse
[1] 0.0710096

$c25_i.ptime
[1] 1.555

$c25_i.time
[1] 0.23

$c25_i.rmse
[1] 0.2240805

$c50_i.ptime
[1] 1.015

$c50_i.time
[1] 0.162

$c50_i.rmse
[1] 0.1773828

$c100_i.ptime
[1] 0.623

$c100_i.time
[1] 0.134

$c100_i.rmse
[1] 0.13637

$c250_i.ptime
[1] 0.774

$c250_i.time
[1] 0.145

$c250_i.rmse
[1] 0.09479086

$c500_i.ptime
[1] 1.677

$c500_i.time
[1] 0.143

$c500_i.rmse
[1] 0.07942631

$c25_d.ptime
[1] 1.758

$c25_d.time
[1] 0.801

$c25_d.rmse
[1] 0.168883

$c50_d.ptime
[1] 0.879

$c50_d.time
[1] 1.088

$c50_d.rmse
[1] 0.1436838

$c100_d.ptime
[1] 0.57

$c100_d.time
[1] 1.964

$c100_d.rmse
[1] 0.103486

$c250_d.ptime
[1] 0.411

$c250_d.time
[1] 6.409

$c250_d.rmse
[1] 0.08009947

$c500_d.ptime
[1] 0.249

$c500_d.time
[1] 23.185

$c500_d.rmse
[1] 0.06520337

$s25.ptime
[1] 0.333

$s25.time
[1] 0.001

$s25.rmse
[1] 0.5407976

$s50.ptime
[1] 0.399

$s50.time
[1] 0.001

$s50.rmse
[1] 0.4235121

$s100.ptime
[1] 0.672

$s100.time
[1] 0.003

$s100.rmse
[1] 0.3481016

$s250.ptime
[1] 1.206

$s250.time
[1] 0.006

$s250.rmse
[1] 0.2014892

$s500.ptime
[1] 1.97

$s500.time
[1] 0.016

$s500.rmse
[1] 0.1288697

$s1000.ptime
[1] 2.814

$s1000.time
[1] 0.034

$s1000.rmse
[1] 0.08192413

$s2500.ptime
[1] 15.405

$s2500.time
[1] 0.083

$s2500.rmse
[1] 0.0527818

$s5000.ptime
[1] 115.941

$s5000.time
[1] 0.155

$s5000.rmse
[1] 0.04249185

        seed            p    full.time    full.rmse     l25.time     l25.rmse 
    2537.000       10.000        0.074        0.038        3.260        0.093 
    l50.time     l50.rmse    l100.time    l100.rmse    l250.time    l250.rmse 
       3.556        0.072        4.939        0.058       18.650        0.048 
   l500.time    l500.rmse  o25_i.ptime   o25_i.time   o25_i.rmse  o50_i.ptime 
      86.228        0.044        0.235        0.225        0.446        0.180 
  o50_i.time   o50_i.rmse o100_i.ptime  o100_i.time  o100_i.rmse o250_i.ptime 
       0.160        0.343        0.212        0.129        0.277        0.580 
 o250_i.time  o250_i.rmse o500_i.ptime  o500_i.time  o500_i.rmse  o25_d.ptime 
       0.130        0.172        1.486        0.140        0.119        0.597 
  o25_d.time   o25_d.rmse  o50_d.ptime   o50_d.time   o50_d.rmse o100_d.ptime 
       0.639        0.341        0.128        0.467        0.239        0.060 
 o100_d.time  o100_d.rmse o250_d.ptime  o250_d.time  o250_d.rmse o500_d.ptime 
       1.127        0.166        0.025        4.860        0.101        0.040 
 o500_d.time  o500_d.rmse  c25_i.ptime   c25_i.time   c25_i.rmse  c50_i.ptime 
      21.378        0.071        1.555        0.230        0.224        1.015 
  c50_i.time   c50_i.rmse c100_i.ptime  c100_i.time  c100_i.rmse c250_i.ptime 
       0.162        0.177        0.623        0.134        0.136        0.774 
 c250_i.time  c250_i.rmse c500_i.ptime  c500_i.time  c500_i.rmse  c25_d.ptime 
       0.145        0.095        1.677        0.143        0.079        1.758 
  c25_d.time   c25_d.rmse  c50_d.ptime   c50_d.time   c50_d.rmse c100_d.ptime 
       0.801        0.169        0.879        1.088        0.144        0.570 
 c100_d.time  c100_d.rmse c250_d.ptime  c250_d.time  c250_d.rmse c500_d.ptime 
       1.964        0.103        0.411        6.409        0.080        0.249 
 c500_d.time  c500_d.rmse    s25.ptime     s25.time     s25.rmse    s50.ptime 
      23.185        0.065        0.333        0.001        0.541        0.399 
    s50.time     s50.rmse   s100.ptime    s100.time    s100.rmse   s250.ptime 
       0.001        0.424        0.672        0.003        0.348        1.206 
   s250.time    s250.rmse   s500.ptime    s500.time    s500.rmse  s1000.ptime 
       0.006        0.201        1.970        0.016        0.129        2.814 
  s1000.time   s1000.rmse  s2500.ptime   s2500.time   s2500.rmse  s5000.ptime 
       0.034        0.082       15.405        0.083        0.053      115.941 
  s5000.time   s5000.rmse 
       0.155        0.042 
[1] 0.7988238
$full.time
[1] 0.065

$full.rmse
[1] 0.03850779

$full.time
[1] 0.065

$full.rmse
[1] 0.03850779

$l25.time
[1] 3.16

$l25.rmse
[1] 0.08888215

$l50.time
[1] 3.466

$l50.rmse
[1] 0.07024784

$l100.time
[1] 4.847

$l100.rmse
[1] 0.0546321

$l250.time
[1] 18.213

$l250.rmse
[1] 0.04671745

$l500.time
[1] 85.177

$l500.rmse
[1] 0.04307871

$o25_i.ptime
[1] 0.234

$o25_i.time
[1] 0.247

$o25_i.rmse
[1] 0.4671336

$o50_i.ptime
[1] 0.155

$o50_i.time
[1] 0.148

$o50_i.rmse
[1] 0.3421386

$o100_i.ptime
[1] 0.201

$o100_i.time
[1] 0.122

$o100_i.rmse
[1] 0.2474932

$o250_i.ptime
[1] 0.553

$o250_i.time
[1] 0.129

$o250_i.rmse
[1] 0.1771648

$o500_i.ptime
[1] 1.467

$o500_i.time
[1] 0.136

$o500_i.rmse
[1] 0.1192859

$o25_d.ptime
[1] 0.595

$o25_d.time
[1] 0.67

$o25_d.rmse
[1] 0.2873135

$o50_d.ptime
[1] 0.129

$o50_d.time
[1] 0.492

$o50_d.rmse
[1] 0.22376

$o100_d.ptime
[1] 0.064

$o100_d.time
[1] 1.081

$o100_d.rmse
[1] 0.1495141

$o250_d.ptime
[1] 0.024

$o250_d.time
[1] 4.712

$o250_d.rmse
[1] 0.1069937

$o500_d.ptime
[1] 0.037

$o500_d.time
[1] 16.796

$o500_d.rmse
[1] 0.07726455

$c25_i.ptime
[1] 1.4

$c25_i.time
[1] 0.234

$c25_i.rmse
[1] 0.2345083

$c50_i.ptime
[1] 1.04

$c50_i.time
[1] 0.17

$c50_i.rmse
[1] 0.1865197

$c100_i.ptime
[1] 0.821

$c100_i.time
[1] 0.151

$c100_i.rmse
[1] 0.1370482

$c250_i.ptime
[1] 0.886

$c250_i.time
[1] 0.119

$c250_i.rmse
[1] 0.1033984

$c500_i.ptime
[1] 1.818

$c500_i.time
[1] 0.141

$c500_i.rmse
[1] 0.08465744

$c25_d.ptime
[1] 1.777

$c25_d.time
[1] 0.763

$c25_d.rmse
[1] 0.1729792

$c50_d.ptime
[1] 0.91

$c50_d.time
[1] 0.992

$c50_d.rmse
[1] 0.1318951

$c100_d.ptime
[1] 0.597

$c100_d.time
[1] 1.96

$c100_d.rmse
[1] 0.107876

$c250_d.ptime
[1] 0.404

$c250_d.time
[1] 6.573

$c250_d.rmse
[1] 0.08253326

$c500_d.ptime
[1] 0.305

$c500_d.time
[1] 23.858

$c500_d.rmse
[1] 0.06766275

$s25.ptime
[1] 0.319

$s25.time
[1] 0

$s25.rmse
[1] 0.6416916

$s50.ptime
[1] 0.533

$s50.time
[1] 0.002

$s50.rmse
[1] 0.4168848

$s100.ptime
[1] 0.482

$s100.time
[1] 0.003

$s100.rmse
[1] 0.2967178

$s250.ptime
[1] 0.987

$s250.time
[1] 0.007

$s250.rmse
[1] 0.1797801

$s500.ptime
[1] 1.476

$s500.time
[1] 0.015

$s500.rmse
[1] 0.1173555

$s1000.ptime
[1] 2.735

$s1000.time
[1] 0.031

$s1000.rmse
[1] 0.08193169

$s2500.ptime
[1] 16.094

$s2500.time
[1] 0.081

$s2500.rmse
[1] 0.05115713

$s5000.ptime
[1] 148.537

$s5000.time
[1] 0.155

$s5000.rmse
[1] 0.04366456

        seed            p    full.time    full.rmse     l25.time     l25.rmse 
    2538.000       10.000        0.065        0.039        3.160        0.089 
    l50.time     l50.rmse    l100.time    l100.rmse    l250.time    l250.rmse 
       3.466        0.070        4.847        0.055       18.213        0.047 
   l500.time    l500.rmse  o25_i.ptime   o25_i.time   o25_i.rmse  o50_i.ptime 
      85.177        0.043        0.234        0.247        0.467        0.155 
  o50_i.time   o50_i.rmse o100_i.ptime  o100_i.time  o100_i.rmse o250_i.ptime 
       0.148        0.342        0.201        0.122        0.247        0.553 
 o250_i.time  o250_i.rmse o500_i.ptime  o500_i.time  o500_i.rmse  o25_d.ptime 
       0.129        0.177        1.467        0.136        0.119        0.595 
  o25_d.time   o25_d.rmse  o50_d.ptime   o50_d.time   o50_d.rmse o100_d.ptime 
       0.670        0.287        0.129        0.492        0.224        0.064 
 o100_d.time  o100_d.rmse o250_d.ptime  o250_d.time  o250_d.rmse o500_d.ptime 
       1.081        0.150        0.024        4.712        0.107        0.037 
 o500_d.time  o500_d.rmse  c25_i.ptime   c25_i.time   c25_i.rmse  c50_i.ptime 
      16.796        0.077        1.400        0.234        0.235        1.040 
  c50_i.time   c50_i.rmse c100_i.ptime  c100_i.time  c100_i.rmse c250_i.ptime 
       0.170        0.187        0.821        0.151        0.137        0.886 
 c250_i.time  c250_i.rmse c500_i.ptime  c500_i.time  c500_i.rmse  c25_d.ptime 
       0.119        0.103        1.818        0.141        0.085        1.777 
  c25_d.time   c25_d.rmse  c50_d.ptime   c50_d.time   c50_d.rmse c100_d.ptime 
       0.763        0.173        0.910        0.992        0.132        0.597 
 c100_d.time  c100_d.rmse c250_d.ptime  c250_d.time  c250_d.rmse c500_d.ptime 
       1.960        0.108        0.404        6.573        0.083        0.305 
 c500_d.time  c500_d.rmse    s25.ptime     s25.time     s25.rmse    s50.ptime 
      23.858        0.068        0.319        0.000        0.642        0.533 
    s50.time     s50.rmse   s100.ptime    s100.time    s100.rmse   s250.ptime 
       0.002        0.417        0.482        0.003        0.297        0.987 
   s250.time    s250.rmse   s500.ptime    s500.time    s500.rmse  s1000.ptime 
       0.007        0.180        1.476        0.015        0.117        2.735 
  s1000.time   s1000.rmse  s2500.ptime   s2500.time   s2500.rmse  s5000.ptime 
       0.031        0.082       16.094        0.081        0.051      148.537 
  s5000.time   s5000.rmse 
       0.155        0.044 
  seed  p full.time  full.rmse l25.time   l25.rmse l50.time   l50.rmse
1 2534 10     0.071 0.03751373    3.374 0.08952768    3.563 0.06994089
2 2535 10     0.074 0.03842209    3.306 0.09381058    3.548 0.07340340
3 2536 10     0.074 0.03787016    3.288 0.08974840    3.556 0.06875195
4 2537 10     0.074 0.03778886    3.260 0.09326314    3.556 0.07155588
5 2538 10     0.065 0.03850779    3.160 0.08888215    3.466 0.07024784
  l100.time  l100.rmse l250.time  l250.rmse l500.time  l500.rmse o25_i.ptime
1     4.936 0.05504143    18.680 0.04575247    84.600 0.04280176       0.236
2     4.951 0.05854005    18.819 0.04680159    86.234 0.04246615       0.244
3     5.000 0.05609380    18.764 0.04621583    86.302 0.04313587       0.241
4     4.939 0.05805617    18.650 0.04797676    86.228 0.04350365       0.235
5     4.847 0.05463210    18.213 0.04671745    85.177 0.04307871       0.234
  o25_i.time o25_i.rmse o50_i.ptime o50_i.time o50_i.rmse o100_i.ptime
1      0.213  0.4684567       0.427      0.140  0.3500596        0.205
2      0.223  0.4026681       0.162      0.159  0.3495843        0.197
3      0.239  0.4435520       0.161      0.155  0.3503051        0.208
4      0.225  0.4458729       0.180      0.160  0.3427423        0.212
5      0.247  0.4671336       0.155      0.148  0.3421386        0.201
  o100_i.time o100_i.rmse o250_i.ptime o250_i.time o250_i.rmse o500_i.ptime
1       0.113   0.2550598        0.553       0.116   0.1479566        1.402
2       0.133   0.2888465        0.574       0.484   0.1743708        1.491
3       0.130   0.2604420        0.571       0.135   0.1673420        1.482
4       0.129   0.2769549        0.580       0.130   0.1720522        1.486
5       0.122   0.2474932        0.553       0.129   0.1771648        1.467
  o500_i.time o500_i.rmse o25_d.ptime o25_d.time o25_d.rmse o50_d.ptime
1       0.129   0.1130378       0.547      0.396  0.3053228       0.123
2       0.132   0.1221642       0.580      0.415  0.3081753       0.127
3       0.139   0.1187108       0.824      0.413  0.2960407       0.138
4       0.140   0.1193899       0.597      0.639  0.3409566       0.128
5       0.136   0.1192859       0.595      0.670  0.2873135       0.129
  o50_d.time o50_d.rmse o100_d.ptime o100_d.time o100_d.rmse o250_d.ptime
1      0.443  0.2133034        0.047       0.955   0.1511205        0.025
2      0.482  0.2465110        0.051       1.043   0.1732855        0.026
3      0.529  0.2081060        0.054       1.134   0.1532544        0.040
4      0.467  0.2392448        0.060       1.127   0.1664960        0.025
5      0.492  0.2237600        0.064       1.081   0.1495141        0.024
  o250_d.time o250_d.rmse o500_d.ptime o500_d.time o500_d.rmse c25_i.ptime
1       4.132  0.09417276        0.069      21.074  0.06840921       1.347
2       3.940  0.10871349        0.023      18.774  0.07469137       1.636
3       4.684  0.09971221        0.026      22.045  0.07604286       1.506
4       4.860  0.10130620        0.040      21.378  0.07100960       1.555
5       4.712  0.10699374        0.037      16.796  0.07726455       1.400
  c25_i.time c25_i.rmse c50_i.ptime c50_i.time c50_i.rmse c100_i.ptime
1      0.223  0.2168693       1.095      0.162  0.1815806        0.633
2      0.231  0.2352087       1.242      0.183  0.1746552        0.911
3      0.251  0.2227132       1.068      0.154  0.1752190        0.732
4      0.230  0.2240805       1.015      0.162  0.1773828        0.623
5      0.234  0.2345083       1.040      0.170  0.1865197        0.821
  c100_i.time c100_i.rmse c250_i.ptime c250_i.time c250_i.rmse c500_i.ptime
1       0.127   0.1381730        0.866       0.124  0.10170048        1.762
2       0.130   0.1491869        1.125       0.131  0.10165146        1.965
3       0.141   0.1458817        1.052       0.130  0.09613885        1.857
4       0.134   0.1363700        0.774       0.145  0.09479086        1.677
5       0.151   0.1370482        0.886       0.119  0.10339838        1.818
  c500_i.time c500_i.rmse c25_d.ptime c25_d.time c25_d.rmse c50_d.ptime
1       0.143  0.07969450       1.648      0.798  0.1667487       0.865
2       0.157  0.07444443       1.898      0.780  0.1789278       0.949
3       0.137  0.08060353       1.924      0.792  0.1747332       0.959
4       0.143  0.07942631       1.758      0.801  0.1688830       0.879
5       0.141  0.08465744       1.777      0.763  0.1729792       0.910
  c50_d.time c50_d.rmse c100_d.ptime c100_d.time c100_d.rmse c250_d.ptime
1      0.989  0.1336355        0.575       1.982  0.10534353        0.454
2      0.997  0.1339300        0.619       2.022  0.10827683        0.537
3      1.065  0.1323650        0.667       2.063  0.09906015        0.436
4      1.088  0.1436838        0.570       1.964  0.10348603        0.411
5      0.992  0.1318951        0.597       1.960  0.10787596        0.404
  c250_d.time c250_d.rmse c500_d.ptime c500_d.time c500_d.rmse s25.ptime
1       6.844  0.07582448        0.244      24.179  0.06614463     0.486
2       6.872  0.08169050        0.395      24.759  0.06685202     0.404
3       6.785  0.07986266        0.274      24.514  0.06465948     0.347
4       6.409  0.08009947        0.249      23.185  0.06520337     0.333
5       6.573  0.08253326        0.305      23.858  0.06766275     0.319
  s25.time  s25.rmse s50.ptime s50.time  s50.rmse s100.ptime s100.time
1    0.001 0.5654806     0.373    0.001 0.4601186      0.548     0.002
2    0.001 0.4639231     0.392    0.001 0.3769726      0.553     0.003
3    0.000 0.5763355     0.518    0.001 0.3897527      0.637     0.003
4    0.001 0.5407976     0.399    0.001 0.4235121      0.672     0.003
5    0.000 0.6416916     0.533    0.002 0.4168848      0.482     0.003
  s100.rmse s250.ptime s250.time s250.rmse s500.ptime s500.time s500.rmse
1 0.3379271      1.042     0.007 0.1932694      1.928     0.015 0.1238514
2 0.2863903      1.047     0.006 0.1957041      1.586     0.015 0.1140731
3 0.3035906      1.196     0.008 0.1985022      1.603     0.016 0.1280096
4 0.3481016      1.206     0.006 0.2014892      1.970     0.016 0.1288697
5 0.2967178      0.987     0.007 0.1797801      1.476     0.015 0.1173555
  s1000.ptime s1000.time s1000.rmse s2500.ptime s2500.time s2500.rmse
1       3.018      0.031 0.08219772      22.956      0.085 0.05153018
2       2.808      0.031 0.08067937      19.285      0.075 0.05376970
3       2.973      0.032 0.07887643      15.085      0.082 0.05509827
4       2.814      0.034 0.08192413      15.405      0.083 0.05278180
5       2.735      0.031 0.08193169      16.094      0.081 0.05115713
  s5000.ptime s5000.time s5000.rmse
1     172.776      0.167 0.04265961
2     131.830      0.167 0.04167245
3     122.054      0.186 0.04286565
4     115.941      0.155 0.04249185
5     148.537      0.155 0.04366456
Warning message:
Quick-TRANSfer stage steps exceeded maximum (= 500000) 
> 
> proc.time()
    user   system  elapsed 
3270.814   48.542 3364.278 
