
R version 3.0.3 (2014-03-06) -- "Warm Puppy"
Copyright (C) 2014 The R Foundation for Statistical Computing
Platform: x86_64-unknown-linux-gnu (64-bit)

R is free software and comes with ABSOLUTELY NO WARRANTY.
You are welcome to redistribute it under certain conditions.
Type 'license()' or 'licence()' for distribution details.

  Natural language support but running in an English locale

R is a collaborative project with many contributors.
Type 'contributors()' for more information and
'citation()' on how to cite R or R packages in publications.

Type 'demo()' for some demos, 'help()' for on-line help, or
'help.start()' for an HTML browser interface to help.
Type 'q()' to quit R.

> print(.libPaths())
[1] "/usr/local/r-3.0.3/lib64/R/library"
> .libPaths("/mnt/home/rjparker/Rlib")
> print(.libPaths())
[1] "/mnt/home/rjparker/Rlib"            "/usr/local/r-3.0.3/lib64/R/library"
> setwd("/mnt/home/rjparker/git/block_int")
> 
> which_exp <- 6
> which_part <- 2
> source("R/sim_nblocks_pred.R")
Loading required package: spam
Loading required package: grid
Spam version 0.41-0 (2014-02-26) is loaded.
Type 'help( Spam)' or 'demo( spam)' for a short introduction 
and overview of this package.
Help for individual functions is also obtained by adding the
suffix '.spam' to the function name, e.g. 'help( chol.spam)'.

Attaching package: ‘spam’

The following objects are masked from ‘package:base’:

    backsolve, forwardsolve

Loading required package: maps
  pred  p b tau Nper_p Npred Fzero sigma2
6 TRUE 10 4  10  10000  1000     0      1
[1] 0.7499634
$full.time
[1] 0.114

$full.rmse
[1] 0.0374402

$full.time
[1] 0.114

$full.rmse
[1] 0.0374402

$l25.time
[1] 3.074

$l25.rmse
[1] 0.0940304

$l50.time
[1] 2.942

$l50.rmse
[1] 0.07062739

$l100.time
[1] 4.028

$l100.rmse
[1] 0.05752155

$l250.time
[1] 16.849

$l250.rmse
[1] 0.04570151

$l500.time
[1] 78.861

$l500.rmse
[1] 0.04210009

$o25_i.ptime
[1] 0.198

$o25_i.time
[1] 0.193

$o25_i.rmse
[1] 0.4275426

$o50_i.ptime
[1] 0.455

$o50_i.time
[1] 0.13

$o50_i.rmse
[1] 0.362315

$o100_i.ptime
[1] 0.165

$o100_i.time
[1] 0.105

$o100_i.rmse
[1] 0.2648049

$o250_i.ptime
[1] 0.484

$o250_i.time
[1] 0.097

$o250_i.rmse
[1] 0.1709581

$o500_i.ptime
[1] 1.392

$o500_i.time
[1] 0.136

$o500_i.rmse
[1] 0.111972

$o25_d.ptime
[1] 0.566

$o25_d.time
[1] 0.378

$o25_d.rmse
[1] 0.3164052

$o50_d.ptime
[1] 0.126

$o50_d.time
[1] 0.493

$o50_d.rmse
[1] 0.2324584

$o100_d.ptime
[1] 0.045

$o100_d.time
[1] 1.026

$o100_d.rmse
[1] 0.1671319

$o250_d.ptime
[1] 0.026

$o250_d.time
[1] 5.367

$o250_d.rmse
[1] 0.0943738

$o500_d.ptime
[1] 0.021

$o500_d.time
[1] 29.382

$o500_d.rmse
[1] 0.06902134

$c25_i.ptime
[1] 1.566

$c25_i.time
[1] 0.284

$c25_i.rmse
[1] 0.2357048

$c50_i.ptime
[1] 0.932

$c50_i.time
[1] 0.196

$c50_i.rmse
[1] 0.1752075

$c100_i.ptime
[1] 0.75

$c100_i.time
[1] 0.161

$c100_i.rmse
[1] 0.1542193

$c250_i.ptime
[1] 0.965

$c250_i.time
[1] 0.145

$c250_i.rmse
[1] 0.09895474

$c500_i.ptime
[1] 2.29

$c500_i.time
[1] 0.172

$c500_i.rmse
[1] 0.07626489

$c25_d.ptime
[1] 1.803

$c25_d.time
[1] 1.006

$c25_d.rmse
[1] 0.1726313

$c50_d.ptime
[1] 1.042

$c50_d.time
[1] 0.921

$c50_d.rmse
[1] 0.1250796

$c100_d.ptime
[1] 0.539

$c100_d.time
[1] 1.948

$c100_d.rmse
[1] 0.1150349

$c250_d.ptime
[1] 0.538

$c250_d.time
[1] 6.215

$c250_d.rmse
[1] 0.07994585

$c500_d.ptime
[1] 0.331

$c500_d.time
[1] 33.015

$c500_d.rmse
[1] 0.06382308

$s25.ptime
[1] 0.311

$s25.time
[1] 0

$s25.rmse
[1] 0.4805138

$s50.ptime
[1] 0.397

$s50.time
[1] 0.001

$s50.rmse
[1] 0.4388996

$s100.ptime
[1] 0.513

$s100.time
[1] 0.003

$s100.rmse
[1] 0.2792133

$s250.ptime
[1] 1.223

$s250.time
[1] 0.007

$s250.rmse
[1] 0.1792774

$s500.ptime
[1] 1.626

$s500.time
[1] 0.018

$s500.rmse
[1] 0.1285656

$s1000.ptime
[1] 3.097

$s1000.time
[1] 0.04

$s1000.rmse
[1] 0.08429562

$s2500.ptime
[1] 24.914

$s2500.time
[1] 0.077

$s2500.rmse
[1] 0.05079523

$s5000.ptime
[1] 165.418

$s5000.time
[1] 0.174

$s5000.rmse
[1] 0.04264521

        seed            p    full.time    full.rmse     l25.time     l25.rmse 
    2489.000       10.000        0.114        0.037        3.074        0.094 
    l50.time     l50.rmse    l100.time    l100.rmse    l250.time    l250.rmse 
       2.942        0.071        4.028        0.058       16.849        0.046 
   l500.time    l500.rmse  o25_i.ptime   o25_i.time   o25_i.rmse  o50_i.ptime 
      78.861        0.042        0.198        0.193        0.428        0.455 
  o50_i.time   o50_i.rmse o100_i.ptime  o100_i.time  o100_i.rmse o250_i.ptime 
       0.130        0.362        0.165        0.105        0.265        0.484 
 o250_i.time  o250_i.rmse o500_i.ptime  o500_i.time  o500_i.rmse  o25_d.ptime 
       0.097        0.171        1.392        0.136        0.112        0.566 
  o25_d.time   o25_d.rmse  o50_d.ptime   o50_d.time   o50_d.rmse o100_d.ptime 
       0.378        0.316        0.126        0.493        0.232        0.045 
 o100_d.time  o100_d.rmse o250_d.ptime  o250_d.time  o250_d.rmse o500_d.ptime 
       1.026        0.167        0.026        5.367        0.094        0.021 
 o500_d.time  o500_d.rmse  c25_i.ptime   c25_i.time   c25_i.rmse  c50_i.ptime 
      29.382        0.069        1.566        0.284        0.236        0.932 
  c50_i.time   c50_i.rmse c100_i.ptime  c100_i.time  c100_i.rmse c250_i.ptime 
       0.196        0.175        0.750        0.161        0.154        0.965 
 c250_i.time  c250_i.rmse c500_i.ptime  c500_i.time  c500_i.rmse  c25_d.ptime 
       0.145        0.099        2.290        0.172        0.076        1.803 
  c25_d.time   c25_d.rmse  c50_d.ptime   c50_d.time   c50_d.rmse c100_d.ptime 
       1.006        0.173        1.042        0.921        0.125        0.539 
 c100_d.time  c100_d.rmse c250_d.ptime  c250_d.time  c250_d.rmse c500_d.ptime 
       1.948        0.115        0.538        6.215        0.080        0.331 
 c500_d.time  c500_d.rmse    s25.ptime     s25.time     s25.rmse    s50.ptime 
      33.015        0.064        0.311        0.000        0.481        0.397 
    s50.time     s50.rmse   s100.ptime    s100.time    s100.rmse   s250.ptime 
       0.001        0.439        0.513        0.003        0.279        1.223 
   s250.time    s250.rmse   s500.ptime    s500.time    s500.rmse  s1000.ptime 
       0.007        0.179        1.626        0.018        0.129        3.097 
  s1000.time   s1000.rmse  s2500.ptime   s2500.time   s2500.rmse  s5000.ptime 
       0.040        0.084       24.914        0.077        0.051      165.418 
  s5000.time   s5000.rmse 
       0.174        0.043 
[1] 0.7282064
$full.time
[1] 0.091

$full.rmse
[1] 0.03879568

$full.time
[1] 0.091

$full.rmse
[1] 0.03879568

$l25.time
[1] 3.076

$l25.rmse
[1] 0.09625902

$l50.time
[1] 3.208

$l50.rmse
[1] 0.0729887

$l100.time
[1] 5.171

$l100.rmse
[1] 0.05837766

$l250.time
[1] 19.836

$l250.rmse
[1] 0.04785588

$l500.time
[1] 103.298

$l500.rmse
[1] 0.04456425

$o25_i.ptime
[1] 0.236

$o25_i.time
[1] 0.238

$o25_i.rmse
[1] 0.4114696

$o50_i.ptime
[1] 0.185

$o50_i.time
[1] 0.159

$o50_i.rmse
[1] 0.3870782

$o100_i.ptime
[1] 0.258

$o100_i.time
[1] 0.134

$o100_i.rmse
[1] 0.2908205

$o250_i.ptime
[1] 0.69

$o250_i.time
[1] 0.454

$o250_i.rmse
[1] 0.1762242

$o500_i.ptime
[1] 1.732

$o500_i.time
[1] 0.127

$o500_i.rmse
[1] 0.1166256

$o25_d.ptime
[1] 0.574

$o25_d.time
[1] 0.424

$o25_d.rmse
[1] 0.3209719

$o50_d.ptime
[1] 0.127

$o50_d.time
[1] 0.599

$o50_d.rmse
[1] 0.2386698

$o100_d.ptime
[1] 0.045

$o100_d.time
[1] 1.265

$o100_d.rmse
[1] 0.1669078

$o250_d.ptime
[1] 0.023

$o250_d.time
[1] 5.401

$o250_d.rmse
[1] 0.1023545

$o500_d.ptime
[1] 0.021

$o500_d.time
[1] 23.545

$o500_d.rmse
[1] 0.07354232

$c25_i.ptime
[1] 1.563

$c25_i.time
[1] 0.216

$c25_i.rmse
[1] 0.2306186

$c50_i.ptime
[1] 0.76

$c50_i.time
[1] 0.144

$c50_i.rmse
[1] 0.1831647

$c100_i.ptime
[1] 0.676

$c100_i.time
[1] 0.123

$c100_i.rmse
[1] 0.148258

$c250_i.ptime
[1] 1.179

$c250_i.time
[1] 0.125

$c250_i.rmse
[1] 0.1030524

$c500_i.ptime
[1] 1.911

$c500_i.time
[1] 0.153

$c500_i.rmse
[1] 0.08786006

$c25_d.ptime
[1] 1.759

$c25_d.time
[1] 0.817

$c25_d.rmse
[1] 0.1744866

$c50_d.ptime
[1] 1.051

$c50_d.time
[1] 1.15

$c50_d.rmse
[1] 0.1292405

$c100_d.ptime
[1] 0.477

$c100_d.time
[1] 2.252

$c100_d.rmse
[1] 0.09507338

$c250_d.ptime
[1] 0.514

$c250_d.time
[1] 7.719

$c250_d.rmse
[1] 0.07959954

$c500_d.ptime
[1] 0.28

$c500_d.time
[1] 25.52

$c500_d.rmse
[1] 0.06370007

$s25.ptime
[1] 0.43

$s25.time
[1] 0

$s25.rmse
[1] 0.4890591

$s50.ptime
[1] 0.391

$s50.time
[1] 0.001

$s50.rmse
[1] 0.3980203

$s100.ptime
[1] 0.583

$s100.time
[1] 0.003

$s100.rmse
[1] 0.304224

$s250.ptime
[1] 0.868

$s250.time
[1] 0.007

$s250.rmse
[1] 0.1844391

$s500.ptime
[1] 1.563

$s500.time
[1] 0.018

$s500.rmse
[1] 0.1318734

$s1000.ptime
[1] 3.065

$s1000.time
[1] 0.043

$s1000.rmse
[1] 0.08486213

$s2500.ptime
[1] 23.23

$s2500.time
[1] 0.109

$s2500.rmse
[1] 0.05497982

$s5000.ptime
[1] 196.41

$s5000.time
[1] 0.197

$s5000.rmse
[1] 0.0421841

        seed            p    full.time    full.rmse     l25.time     l25.rmse 
    2490.000       10.000        0.091        0.039        3.076        0.096 
    l50.time     l50.rmse    l100.time    l100.rmse    l250.time    l250.rmse 
       3.208        0.073        5.171        0.058       19.836        0.048 
   l500.time    l500.rmse  o25_i.ptime   o25_i.time   o25_i.rmse  o50_i.ptime 
     103.298        0.045        0.236        0.238        0.411        0.185 
  o50_i.time   o50_i.rmse o100_i.ptime  o100_i.time  o100_i.rmse o250_i.ptime 
       0.159        0.387        0.258        0.134        0.291        0.690 
 o250_i.time  o250_i.rmse o500_i.ptime  o500_i.time  o500_i.rmse  o25_d.ptime 
       0.454        0.176        1.732        0.127        0.117        0.574 
  o25_d.time   o25_d.rmse  o50_d.ptime   o50_d.time   o50_d.rmse o100_d.ptime 
       0.424        0.321        0.127        0.599        0.239        0.045 
 o100_d.time  o100_d.rmse o250_d.ptime  o250_d.time  o250_d.rmse o500_d.ptime 
       1.265        0.167        0.023        5.401        0.102        0.021 
 o500_d.time  o500_d.rmse  c25_i.ptime   c25_i.time   c25_i.rmse  c50_i.ptime 
      23.545        0.074        1.563        0.216        0.231        0.760 
  c50_i.time   c50_i.rmse c100_i.ptime  c100_i.time  c100_i.rmse c250_i.ptime 
       0.144        0.183        0.676        0.123        0.148        1.179 
 c250_i.time  c250_i.rmse c500_i.ptime  c500_i.time  c500_i.rmse  c25_d.ptime 
       0.125        0.103        1.911        0.153        0.088        1.759 
  c25_d.time   c25_d.rmse  c50_d.ptime   c50_d.time   c50_d.rmse c100_d.ptime 
       0.817        0.174        1.051        1.150        0.129        0.477 
 c100_d.time  c100_d.rmse c250_d.ptime  c250_d.time  c250_d.rmse c500_d.ptime 
       2.252        0.095        0.514        7.719        0.080        0.280 
 c500_d.time  c500_d.rmse    s25.ptime     s25.time     s25.rmse    s50.ptime 
      25.520        0.064        0.430        0.000        0.489        0.391 
    s50.time     s50.rmse   s100.ptime    s100.time    s100.rmse   s250.ptime 
       0.001        0.398        0.583        0.003        0.304        0.868 
   s250.time    s250.rmse   s500.ptime    s500.time    s500.rmse  s1000.ptime 
       0.007        0.184        1.563        0.018        0.132        3.065 
  s1000.time   s1000.rmse  s2500.ptime   s2500.time   s2500.rmse  s5000.ptime 
       0.043        0.085       23.230        0.109        0.055      196.410 
  s5000.time   s5000.rmse 
       0.197        0.042 
[1] 0.7912424
$full.time
[1] 0.146

$full.rmse
[1] 0.03816699

$full.time
[1] 0.146

$full.rmse
[1] 0.03816699

$l25.time
[1] 3.401

$l25.rmse
[1] 0.09628874

$l50.time
[1] 3.697

$l50.rmse
[1] 0.07093687

$l100.time
[1] 5.357

$l100.rmse
[1] 0.05532728

$l250.time
[1] 20.462

$l250.rmse
[1] 0.0467182

$l500.time
[1] 92.676

$l500.rmse
[1] 0.04347146

$o25_i.ptime
[1] 0.229

$o25_i.time
[1] 0.233

$o25_i.rmse
[1] 0.402127

$o50_i.ptime
[1] 0.183

$o50_i.time
[1] 0.156

$o50_i.rmse
[1] 0.3191651

$o100_i.ptime
[1] 0.22

$o100_i.time
[1] 0.131

$o100_i.rmse
[1] 0.2848681

$o250_i.ptime
[1] 0.616

$o250_i.time
[1] 0.125

$o250_i.rmse
[1] 0.1687845

$o500_i.ptime
[1] 1.495

$o500_i.time
[1] 0.349

$o500_i.rmse
[1] 0.1121542

$o25_d.ptime
[1] 0.584

$o25_d.time
[1] 0.43

$o25_d.rmse
[1] 0.2801429

$o50_d.ptime
[1] 0.128

$o50_d.time
[1] 0.553

$o50_d.rmse
[1] 0.2125974

$o100_d.ptime
[1] 0.047

$o100_d.time
[1] 1.213

$o100_d.rmse
[1] 0.1616525

$o250_d.ptime
[1] 0.024

$o250_d.time
[1] 4.427

$o250_d.rmse
[1] 0.1015558

$o500_d.ptime
[1] 0.026

$o500_d.time
[1] 23.422

$o500_d.rmse
[1] 0.07040664

$c25_i.ptime
[1] 1.322

$c25_i.time
[1] 0.284

$c25_i.rmse
[1] 0.2237478

$c50_i.ptime
[1] 0.954

$c50_i.time
[1] 0.14

$c50_i.rmse
[1] 0.1705256

$c100_i.ptime
[1] 0.745

$c100_i.time
[1] 0.116

$c100_i.rmse
[1] 0.1334253

$c250_i.ptime
[1] 0.975

$c250_i.time
[1] 0.118

$c250_i.rmse
[1] 0.1004924

$c500_i.ptime
[1] 1.719

$c500_i.time
[1] 0.133

$c500_i.rmse
[1] 0.08847397

$c25_d.ptime
[1] 1.573

$c25_d.time
[1] 0.787

$c25_d.rmse
[1] 0.1614382

$c50_d.ptime
[1] 0.949

$c50_d.time
[1] 1.16

$c50_d.rmse
[1] 0.1285164

$c100_d.ptime
[1] 0.665

$c100_d.time
[1] 2.45

$c100_d.rmse
[1] 0.1031439

$c250_d.ptime
[1] 0.407

$c250_d.time
[1] 7.723

$c250_d.rmse
[1] 0.07318721

$c500_d.ptime
[1] 0.4

$c500_d.time
[1] 27.364

$c500_d.rmse
[1] 0.06589597

$s25.ptime
[1] 0.289

$s25.time
[1] 0

$s25.rmse
[1] 0.4606793

$s50.ptime
[1] 0.37

$s50.time
[1] 0.001

$s50.rmse
[1] 0.3723338

$s100.ptime
[1] 0.65

$s100.time
[1] 0.003

$s100.rmse
[1] 0.3058622

$s250.ptime
[1] 1.008

$s250.time
[1] 0.008

$s250.rmse
[1] 0.1715232

$s500.ptime
[1] 1.505

$s500.time
[1] 0.017

$s500.rmse
[1] 0.1143957

$s1000.ptime
[1] 2.699

$s1000.time
[1] 0.03

$s1000.rmse
[1] 0.07130411

$s2500.ptime
[1] 18.176

$s2500.time
[1] 0.09

$s2500.rmse
[1] 0.05229927

$s5000.ptime
[1] 207.982

$s5000.time
[1] 0.193

$s5000.rmse
[1] 0.04137358

        seed            p    full.time    full.rmse     l25.time     l25.rmse 
    2491.000       10.000        0.146        0.038        3.401        0.096 
    l50.time     l50.rmse    l100.time    l100.rmse    l250.time    l250.rmse 
       3.697        0.071        5.357        0.055       20.462        0.047 
   l500.time    l500.rmse  o25_i.ptime   o25_i.time   o25_i.rmse  o50_i.ptime 
      92.676        0.043        0.229        0.233        0.402        0.183 
  o50_i.time   o50_i.rmse o100_i.ptime  o100_i.time  o100_i.rmse o250_i.ptime 
       0.156        0.319        0.220        0.131        0.285        0.616 
 o250_i.time  o250_i.rmse o500_i.ptime  o500_i.time  o500_i.rmse  o25_d.ptime 
       0.125        0.169        1.495        0.349        0.112        0.584 
  o25_d.time   o25_d.rmse  o50_d.ptime   o50_d.time   o50_d.rmse o100_d.ptime 
       0.430        0.280        0.128        0.553        0.213        0.047 
 o100_d.time  o100_d.rmse o250_d.ptime  o250_d.time  o250_d.rmse o500_d.ptime 
       1.213        0.162        0.024        4.427        0.102        0.026 
 o500_d.time  o500_d.rmse  c25_i.ptime   c25_i.time   c25_i.rmse  c50_i.ptime 
      23.422        0.070        1.322        0.284        0.224        0.954 
  c50_i.time   c50_i.rmse c100_i.ptime  c100_i.time  c100_i.rmse c250_i.ptime 
       0.140        0.171        0.745        0.116        0.133        0.975 
 c250_i.time  c250_i.rmse c500_i.ptime  c500_i.time  c500_i.rmse  c25_d.ptime 
       0.118        0.100        1.719        0.133        0.088        1.573 
  c25_d.time   c25_d.rmse  c50_d.ptime   c50_d.time   c50_d.rmse c100_d.ptime 
       0.787        0.161        0.949        1.160        0.129        0.665 
 c100_d.time  c100_d.rmse c250_d.ptime  c250_d.time  c250_d.rmse c500_d.ptime 
       2.450        0.103        0.407        7.723        0.073        0.400 
 c500_d.time  c500_d.rmse    s25.ptime     s25.time     s25.rmse    s50.ptime 
      27.364        0.066        0.289        0.000        0.461        0.370 
    s50.time     s50.rmse   s100.ptime    s100.time    s100.rmse   s250.ptime 
       0.001        0.372        0.650        0.003        0.306        1.008 
   s250.time    s250.rmse   s500.ptime    s500.time    s500.rmse  s1000.ptime 
       0.008        0.172        1.505        0.017        0.114        2.699 
  s1000.time   s1000.rmse  s2500.ptime   s2500.time   s2500.rmse  s5000.ptime 
       0.030        0.071       18.176        0.090        0.052      207.982 
  s5000.time   s5000.rmse 
       0.193        0.041 
[1] 0.6412264
$full.time
[1] 0.122

$full.rmse
[1] 0.03742492

$full.time
[1] 0.122

$full.rmse
[1] 0.03742492

$l25.time
[1] 3.376

$l25.rmse
[1] 0.09574599

$l50.time
[1] 3.572

$l50.rmse
[1] 0.07331523

$l100.time
[1] 4.868

$l100.rmse
[1] 0.0584145

$l250.time
[1] 19.584

$l250.rmse
[1] 0.04892836

$l500.time
[1] 92.003

$l500.rmse
[1] 0.04361124

$o25_i.ptime
[1] 0.229

$o25_i.time
[1] 0.228

$o25_i.rmse
[1] 0.4375343

$o50_i.ptime
[1] 0.172

$o50_i.time
[1] 0.161

$o50_i.rmse
[1] 0.358145

$o100_i.ptime
[1] 0.226

$o100_i.time
[1] 0.129

$o100_i.rmse
[1] 0.2876182

$o250_i.ptime
[1] 0.626

$o250_i.time
[1] 0.123

$o250_i.rmse
[1] 0.1694039

$o500_i.ptime
[1] 1.488

$o500_i.time
[1] 0.125

$o500_i.rmse
[1] 0.1120318

$o25_d.ptime
[1] 0.728

$o25_d.time
[1] 0.371

$o25_d.rmse
[1] 0.3146812

$o50_d.ptime
[1] 0.113

$o50_d.time
[1] 0.476

$o50_d.rmse
[1] 0.232388

$o100_d.ptime
[1] 0.042

$o100_d.time
[1] 1.119

$o100_d.rmse
[1] 0.1717537

$o250_d.ptime
[1] 0.022

$o250_d.time
[1] 5.044

$o250_d.rmse
[1] 0.09832554

$o500_d.ptime
[1] 0.021

$o500_d.time
[1] 21.142

$o500_d.rmse
[1] 0.0733307

$c25_i.ptime
[1] 1.598

$c25_i.time
[1] 0.249

$c25_i.rmse
[1] 0.2299092

$c50_i.ptime
[1] 1.082

$c50_i.time
[1] 0.17

$c50_i.rmse
[1] 0.1780229

$c100_i.ptime
[1] 0.871

$c100_i.time
[1] 0.142

$c100_i.rmse
[1] 0.1439971

$c250_i.ptime
[1] 1.024

$c250_i.time
[1] 0.145

$c250_i.rmse
[1] 0.1067684

$c500_i.ptime
[1] 2.002

$c500_i.time
[1] 0.153

$c500_i.rmse
[1] 0.08290065

$c25_d.ptime
[1] 1.818

$c25_d.time
[1] 0.941

$c25_d.rmse
[1] 0.1711141

$c50_d.ptime
[1] 0.767

$c50_d.time
[1] 1.036

$c50_d.rmse
[1] 0.1367963

$c100_d.ptime
[1] 0.581

$c100_d.time
[1] 2.022

$c100_d.rmse
[1] 0.1000063

$c250_d.ptime
[1] 0.5

$c250_d.time
[1] 6.608

$c250_d.rmse
[1] 0.07868608

$c500_d.ptime
[1] 0.225

$c500_d.time
[1] 26.291

$c500_d.rmse
[1] 0.06405967

$s25.ptime
[1] 0.374

$s25.time
[1] 0.001

$s25.rmse
[1] 0.5027642

$s50.ptime
[1] 0.363

$s50.time
[1] 0.001

$s50.rmse
[1] 0.4801243

$s100.ptime
[1] 0.569

$s100.time
[1] 0.003

$s100.rmse
[1] 0.3226209

$s250.ptime
[1] 1.927

$s250.time
[1] 0.009

$s250.rmse
[1] 0.1897139

$s500.ptime
[1] 1.619

$s500.time
[1] 0.02

$s500.rmse
[1] 0.1287407

$s1000.ptime
[1] 3.197

$s1000.time
[1] 0.036

$s1000.rmse
[1] 0.07929504

$s2500.ptime
[1] 14.81

$s2500.time
[1] 0.081

$s2500.rmse
[1] 0.0518188

$s5000.ptime
[1] 167.562

$s5000.time
[1] 0.158

$s5000.rmse
[1] 0.04281813

        seed            p    full.time    full.rmse     l25.time     l25.rmse 
    2492.000       10.000        0.122        0.037        3.376        0.096 
    l50.time     l50.rmse    l100.time    l100.rmse    l250.time    l250.rmse 
       3.572        0.073        4.868        0.058       19.584        0.049 
   l500.time    l500.rmse  o25_i.ptime   o25_i.time   o25_i.rmse  o50_i.ptime 
      92.003        0.044        0.229        0.228        0.438        0.172 
  o50_i.time   o50_i.rmse o100_i.ptime  o100_i.time  o100_i.rmse o250_i.ptime 
       0.161        0.358        0.226        0.129        0.288        0.626 
 o250_i.time  o250_i.rmse o500_i.ptime  o500_i.time  o500_i.rmse  o25_d.ptime 
       0.123        0.169        1.488        0.125        0.112        0.728 
  o25_d.time   o25_d.rmse  o50_d.ptime   o50_d.time   o50_d.rmse o100_d.ptime 
       0.371        0.315        0.113        0.476        0.232        0.042 
 o100_d.time  o100_d.rmse o250_d.ptime  o250_d.time  o250_d.rmse o500_d.ptime 
       1.119        0.172        0.022        5.044        0.098        0.021 
 o500_d.time  o500_d.rmse  c25_i.ptime   c25_i.time   c25_i.rmse  c50_i.ptime 
      21.142        0.073        1.598        0.249        0.230        1.082 
  c50_i.time   c50_i.rmse c100_i.ptime  c100_i.time  c100_i.rmse c250_i.ptime 
       0.170        0.178        0.871        0.142        0.144        1.024 
 c250_i.time  c250_i.rmse c500_i.ptime  c500_i.time  c500_i.rmse  c25_d.ptime 
       0.145        0.107        2.002        0.153        0.083        1.818 
  c25_d.time   c25_d.rmse  c50_d.ptime   c50_d.time   c50_d.rmse c100_d.ptime 
       0.941        0.171        0.767        1.036        0.137        0.581 
 c100_d.time  c100_d.rmse c250_d.ptime  c250_d.time  c250_d.rmse c500_d.ptime 
       2.022        0.100        0.500        6.608        0.079        0.225 
 c500_d.time  c500_d.rmse    s25.ptime     s25.time     s25.rmse    s50.ptime 
      26.291        0.064        0.374        0.001        0.503        0.363 
    s50.time     s50.rmse   s100.ptime    s100.time    s100.rmse   s250.ptime 
       0.001        0.480        0.569        0.003        0.323        1.927 
   s250.time    s250.rmse   s500.ptime    s500.time    s500.rmse  s1000.ptime 
       0.009        0.190        1.619        0.020        0.129        3.197 
  s1000.time   s1000.rmse  s2500.ptime   s2500.time   s2500.rmse  s5000.ptime 
       0.036        0.079       14.810        0.081        0.052      167.562 
  s5000.time   s5000.rmse 
       0.158        0.043 
[1] 0.758623
$full.time
[1] 0.071

$full.rmse
[1] 0.03844294

$full.time
[1] 0.071

$full.rmse
[1] 0.03844294

$l25.time
[1] 3.225

$l25.rmse
[1] 0.08951988

$l50.time
[1] 3.599

$l50.rmse
[1] 0.06939257

$l100.time
[1] 5.319

$l100.rmse
[1] 0.0550211

$l250.time
[1] 19.367

$l250.rmse
[1] 0.04738274

$l500.time
[1] 89.225

$l500.rmse
[1] 0.04288018

$o25_i.ptime
[1] 0.233

$o25_i.time
[1] 0.223

$o25_i.rmse
[1] 0.3973373

$o50_i.ptime
[1] 0.172

$o50_i.time
[1] 0.153

$o50_i.rmse
[1] 0.3358145

$o100_i.ptime
[1] 0.225

$o100_i.time
[1] 0.129

$o100_i.rmse
[1] 0.2509129

$o250_i.ptime
[1] 0.64

$o250_i.time
[1] 0.116

$o250_i.rmse
[1] 0.1666123

$o500_i.ptime
[1] 1.559

$o500_i.time
[1] 0.446

$o500_i.rmse
[1] 0.1156936

$o25_d.ptime
[1] 0.578

$o25_d.time
[1] 0.39

$o25_d.rmse
[1] 0.298117

$o50_d.ptime
[1] 0.131

$o50_d.time
[1] 0.536

$o50_d.rmse
[1] 0.2283881

$o100_d.ptime
[1] 0.051

$o100_d.time
[1] 1.319

$o100_d.rmse
[1] 0.1723679

$o250_d.ptime
[1] 0.024

$o250_d.time
[1] 4.68

$o250_d.rmse
[1] 0.1012782

$o500_d.ptime
[1] 0.035

$o500_d.time
[1] 20.234

$o500_d.rmse
[1] 0.07544614

$c25_i.ptime
[1] 1.33

$c25_i.time
[1] 0.242

$c25_i.rmse
[1] 0.2336776

$c50_i.ptime
[1] 0.951

$c50_i.time
[1] 0.163

$c50_i.rmse
[1] 0.1772153

$c100_i.ptime
[1] 0.969

$c100_i.time
[1] 0.141

$c100_i.rmse
[1] 0.138112

$c250_i.ptime
[1] 0.964

$c250_i.time
[1] 0.125

$c250_i.rmse
[1] 0.1017688

$c500_i.ptime
[1] 1.719

$c500_i.time
[1] 0.152

$c500_i.rmse
[1] 0.07227581

$c25_d.ptime
[1] 1.707

$c25_d.time
[1] 0.836

$c25_d.rmse
[1] 0.1724595

$c50_d.ptime
[1] 0.888

$c50_d.time
[1] 1.05

$c50_d.rmse
[1] 0.1316976

$c100_d.ptime
[1] 0.654

$c100_d.time
[1] 2.042

$c100_d.rmse
[1] 0.1037057

$c250_d.ptime
[1] 0.31

$c250_d.time
[1] 6.755

$c250_d.rmse
[1] 0.07498418

$c500_d.ptime
[1] 0.342

$c500_d.time
[1] 24.143

$c500_d.rmse
[1] 0.06553954

$s25.ptime
[1] 0.218

$s25.time
[1] 0

$s25.rmse
[1] 0.5404736

$s50.ptime
[1] 0.614

$s50.time
[1] 0.001

$s50.rmse
[1] 0.3967294

$s100.ptime
[1] 0.441

$s100.time
[1] 0.003

$s100.rmse
[1] 0.3302144

$s250.ptime
[1] 0.961

$s250.time
[1] 0.006

$s250.rmse
[1] 0.1871846

$s500.ptime
[1] 1.492

$s500.time
[1] 0.014

$s500.rmse
[1] 0.1238289

$s1000.ptime
[1] 2.699

$s1000.time
[1] 0.031

$s1000.rmse
[1] 0.07901448

$s2500.ptime
[1] 14.994

$s2500.time
[1] 0.071

$s2500.rmse
[1] 0.05244581

$s5000.ptime
[1] 84.183

$s5000.time
[1] 0.164

$s5000.rmse
[1] 0.04269743

        seed            p    full.time    full.rmse     l25.time     l25.rmse 
    2493.000       10.000        0.071        0.038        3.225        0.090 
    l50.time     l50.rmse    l100.time    l100.rmse    l250.time    l250.rmse 
       3.599        0.069        5.319        0.055       19.367        0.047 
   l500.time    l500.rmse  o25_i.ptime   o25_i.time   o25_i.rmse  o50_i.ptime 
      89.225        0.043        0.233        0.223        0.397        0.172 
  o50_i.time   o50_i.rmse o100_i.ptime  o100_i.time  o100_i.rmse o250_i.ptime 
       0.153        0.336        0.225        0.129        0.251        0.640 
 o250_i.time  o250_i.rmse o500_i.ptime  o500_i.time  o500_i.rmse  o25_d.ptime 
       0.116        0.167        1.559        0.446        0.116        0.578 
  o25_d.time   o25_d.rmse  o50_d.ptime   o50_d.time   o50_d.rmse o100_d.ptime 
       0.390        0.298        0.131        0.536        0.228        0.051 
 o100_d.time  o100_d.rmse o250_d.ptime  o250_d.time  o250_d.rmse o500_d.ptime 
       1.319        0.172        0.024        4.680        0.101        0.035 
 o500_d.time  o500_d.rmse  c25_i.ptime   c25_i.time   c25_i.rmse  c50_i.ptime 
      20.234        0.075        1.330        0.242        0.234        0.951 
  c50_i.time   c50_i.rmse c100_i.ptime  c100_i.time  c100_i.rmse c250_i.ptime 
       0.163        0.177        0.969        0.141        0.138        0.964 
 c250_i.time  c250_i.rmse c500_i.ptime  c500_i.time  c500_i.rmse  c25_d.ptime 
       0.125        0.102        1.719        0.152        0.072        1.707 
  c25_d.time   c25_d.rmse  c50_d.ptime   c50_d.time   c50_d.rmse c100_d.ptime 
       0.836        0.172        0.888        1.050        0.132        0.654 
 c100_d.time  c100_d.rmse c250_d.ptime  c250_d.time  c250_d.rmse c500_d.ptime 
       2.042        0.104        0.310        6.755        0.075        0.342 
 c500_d.time  c500_d.rmse    s25.ptime     s25.time     s25.rmse    s50.ptime 
      24.143        0.066        0.218        0.000        0.540        0.614 
    s50.time     s50.rmse   s100.ptime    s100.time    s100.rmse   s250.ptime 
       0.001        0.397        0.441        0.003        0.330        0.961 
   s250.time    s250.rmse   s500.ptime    s500.time    s500.rmse  s1000.ptime 
       0.006        0.187        1.492        0.014        0.124        2.699 
  s1000.time   s1000.rmse  s2500.ptime   s2500.time   s2500.rmse  s5000.ptime 
       0.031        0.079       14.994        0.071        0.052       84.183 
  s5000.time   s5000.rmse 
       0.164        0.043 
  seed  p full.time  full.rmse l25.time   l25.rmse l50.time   l50.rmse
1 2489 10     0.114 0.03744020    3.074 0.09403040    2.942 0.07062739
2 2490 10     0.091 0.03879568    3.076 0.09625902    3.208 0.07298870
3 2491 10     0.146 0.03816699    3.401 0.09628874    3.697 0.07093687
4 2492 10     0.122 0.03742492    3.376 0.09574599    3.572 0.07331523
5 2493 10     0.071 0.03844294    3.225 0.08951988    3.599 0.06939257
  l100.time  l100.rmse l250.time  l250.rmse l500.time  l500.rmse o25_i.ptime
1     4.028 0.05752155    16.849 0.04570151    78.861 0.04210009       0.198
2     5.171 0.05837766    19.836 0.04785588   103.298 0.04456425       0.236
3     5.357 0.05532728    20.462 0.04671820    92.676 0.04347146       0.229
4     4.868 0.05841450    19.584 0.04892836    92.003 0.04361124       0.229
5     5.319 0.05502110    19.367 0.04738274    89.225 0.04288018       0.233
  o25_i.time o25_i.rmse o50_i.ptime o50_i.time o50_i.rmse o100_i.ptime
1      0.193  0.4275426       0.455      0.130  0.3623150        0.165
2      0.238  0.4114696       0.185      0.159  0.3870782        0.258
3      0.233  0.4021270       0.183      0.156  0.3191651        0.220
4      0.228  0.4375343       0.172      0.161  0.3581450        0.226
5      0.223  0.3973373       0.172      0.153  0.3358145        0.225
  o100_i.time o100_i.rmse o250_i.ptime o250_i.time o250_i.rmse o500_i.ptime
1       0.105   0.2648049        0.484       0.097   0.1709581        1.392
2       0.134   0.2908205        0.690       0.454   0.1762242        1.732
3       0.131   0.2848681        0.616       0.125   0.1687845        1.495
4       0.129   0.2876182        0.626       0.123   0.1694039        1.488
5       0.129   0.2509129        0.640       0.116   0.1666123        1.559
  o500_i.time o500_i.rmse o25_d.ptime o25_d.time o25_d.rmse o50_d.ptime
1       0.136   0.1119720       0.566      0.378  0.3164052       0.126
2       0.127   0.1166256       0.574      0.424  0.3209719       0.127
3       0.349   0.1121542       0.584      0.430  0.2801429       0.128
4       0.125   0.1120318       0.728      0.371  0.3146812       0.113
5       0.446   0.1156936       0.578      0.390  0.2981170       0.131
  o50_d.time o50_d.rmse o100_d.ptime o100_d.time o100_d.rmse o250_d.ptime
1      0.493  0.2324584        0.045       1.026   0.1671319        0.026
2      0.599  0.2386698        0.045       1.265   0.1669078        0.023
3      0.553  0.2125974        0.047       1.213   0.1616525        0.024
4      0.476  0.2323880        0.042       1.119   0.1717537        0.022
5      0.536  0.2283881        0.051       1.319   0.1723679        0.024
  o250_d.time o250_d.rmse o500_d.ptime o500_d.time o500_d.rmse c25_i.ptime
1       5.367  0.09437380        0.021      29.382  0.06902134       1.566
2       5.401  0.10235452        0.021      23.545  0.07354232       1.563
3       4.427  0.10155578        0.026      23.422  0.07040664       1.322
4       5.044  0.09832554        0.021      21.142  0.07333070       1.598
5       4.680  0.10127824        0.035      20.234  0.07544614       1.330
  c25_i.time c25_i.rmse c50_i.ptime c50_i.time c50_i.rmse c100_i.ptime
1      0.284  0.2357048       0.932      0.196  0.1752075        0.750
2      0.216  0.2306186       0.760      0.144  0.1831647        0.676
3      0.284  0.2237478       0.954      0.140  0.1705256        0.745
4      0.249  0.2299092       1.082      0.170  0.1780229        0.871
5      0.242  0.2336776       0.951      0.163  0.1772153        0.969
  c100_i.time c100_i.rmse c250_i.ptime c250_i.time c250_i.rmse c500_i.ptime
1       0.161   0.1542193        0.965       0.145  0.09895474        2.290
2       0.123   0.1482580        1.179       0.125  0.10305243        1.911
3       0.116   0.1334253        0.975       0.118  0.10049242        1.719
4       0.142   0.1439971        1.024       0.145  0.10676837        2.002
5       0.141   0.1381120        0.964       0.125  0.10176877        1.719
  c500_i.time c500_i.rmse c25_d.ptime c25_d.time c25_d.rmse c50_d.ptime
1       0.172  0.07626489       1.803      1.006  0.1726313       1.042
2       0.153  0.08786006       1.759      0.817  0.1744866       1.051
3       0.133  0.08847397       1.573      0.787  0.1614382       0.949
4       0.153  0.08290065       1.818      0.941  0.1711141       0.767
5       0.152  0.07227581       1.707      0.836  0.1724595       0.888
  c50_d.time c50_d.rmse c100_d.ptime c100_d.time c100_d.rmse c250_d.ptime
1      0.921  0.1250796        0.539       1.948  0.11503492        0.538
2      1.150  0.1292405        0.477       2.252  0.09507338        0.514
3      1.160  0.1285164        0.665       2.450  0.10314394        0.407
4      1.036  0.1367963        0.581       2.022  0.10000626        0.500
5      1.050  0.1316976        0.654       2.042  0.10370567        0.310
  c250_d.time c250_d.rmse c500_d.ptime c500_d.time c500_d.rmse s25.ptime
1       6.215  0.07994585        0.331      33.015  0.06382308     0.311
2       7.719  0.07959954        0.280      25.520  0.06370007     0.430
3       7.723  0.07318721        0.400      27.364  0.06589597     0.289
4       6.608  0.07868608        0.225      26.291  0.06405967     0.374
5       6.755  0.07498418        0.342      24.143  0.06553954     0.218
  s25.time  s25.rmse s50.ptime s50.time  s50.rmse s100.ptime s100.time
1    0.000 0.4805138     0.397    0.001 0.4388996      0.513     0.003
2    0.000 0.4890591     0.391    0.001 0.3980203      0.583     0.003
3    0.000 0.4606793     0.370    0.001 0.3723338      0.650     0.003
4    0.001 0.5027642     0.363    0.001 0.4801243      0.569     0.003
5    0.000 0.5404736     0.614    0.001 0.3967294      0.441     0.003
  s100.rmse s250.ptime s250.time s250.rmse s500.ptime s500.time s500.rmse
1 0.2792133      1.223     0.007 0.1792774      1.626     0.018 0.1285656
2 0.3042240      0.868     0.007 0.1844391      1.563     0.018 0.1318734
3 0.3058622      1.008     0.008 0.1715232      1.505     0.017 0.1143957
4 0.3226209      1.927     0.009 0.1897139      1.619     0.020 0.1287407
5 0.3302144      0.961     0.006 0.1871846      1.492     0.014 0.1238289
  s1000.ptime s1000.time s1000.rmse s2500.ptime s2500.time s2500.rmse
1       3.097      0.040 0.08429562      24.914      0.077 0.05079523
2       3.065      0.043 0.08486213      23.230      0.109 0.05497982
3       2.699      0.030 0.07130411      18.176      0.090 0.05229927
4       3.197      0.036 0.07929504      14.810      0.081 0.05181880
5       2.699      0.031 0.07901448      14.994      0.071 0.05244581
  s5000.ptime s5000.time s5000.rmse
1     165.418      0.174 0.04264521
2     196.410      0.197 0.04218410
3     207.982      0.193 0.04137358
4     167.562      0.158 0.04281813
5      84.183      0.164 0.04269743
> 
> proc.time()
    user   system  elapsed 
3892.356   37.241 3991.080 
