
R version 3.0.3 (2014-03-06) -- "Warm Puppy"
Copyright (C) 2014 The R Foundation for Statistical Computing
Platform: x86_64-unknown-linux-gnu (64-bit)

R is free software and comes with ABSOLUTELY NO WARRANTY.
You are welcome to redistribute it under certain conditions.
Type 'license()' or 'licence()' for distribution details.

  Natural language support but running in an English locale

R is a collaborative project with many contributors.
Type 'contributors()' for more information and
'citation()' on how to cite R or R packages in publications.

Type 'demo()' for some demos, 'help()' for on-line help, or
'help.start()' for an HTML browser interface to help.
Type 'q()' to quit R.

> print(.libPaths())
[1] "/usr/local/r-3.0.3/lib64/R/library"
> .libPaths("/mnt/home/rjparker/Rlib")
> print(.libPaths())
[1] "/mnt/home/rjparker/Rlib"            "/usr/local/r-3.0.3/lib64/R/library"
> setwd("/mnt/home/rjparker/git/block_int")
> 
> which_exp <- 6
> which_part <- 20
> source("R/sim_nblocks_pred.R")
Loading required package: spam
Loading required package: grid
Spam version 0.41-0 (2014-02-26) is loaded.
Type 'help( Spam)' or 'demo( spam)' for a short introduction 
and overview of this package.
Help for individual functions is also obtained by adding the
suffix '.spam' to the function name, e.g. 'help( chol.spam)'.

Attaching package: ‘spam’

The following objects are masked from ‘package:base’:

    backsolve, forwardsolve

Loading required package: maps
  pred  p b tau Nper_p Npred Fzero sigma2
6 TRUE 10 4  10  10000  1000     0      1
[1] 0.8885387
$full.time
[1] 0.056

$full.rmse
[1] 0.04022598

$full.time
[1] 0.056

$full.rmse
[1] 0.04022598

$l25.time
[1] 2.991

$l25.rmse
[1] 0.09435192

$l50.time
[1] 3.042

$l50.rmse
[1] 0.07083454

$l100.time
[1] 4.102

$l100.rmse
[1] 0.05721417

$l250.time
[1] 15.852

$l250.rmse
[1] 0.04879942

$l500.time
[1] 75.116

$l500.rmse
[1] 0.04480588

$o25_i.ptime
[1] 0.21

$o25_i.time
[1] 0.208

$o25_i.rmse
[1] 0.4365507

$o50_i.ptime
[1] 0.464

$o50_i.time
[1] 0.137

$o50_i.rmse
[1] 0.3708471

$o100_i.ptime
[1] 0.172

$o100_i.time
[1] 0.111

$o100_i.rmse
[1] 0.2683348

$o250_i.ptime
[1] 0.502

$o250_i.time
[1] 0.101

$o250_i.rmse
[1] 0.1652978

$o500_i.ptime
[1] 1.368

$o500_i.time
[1] 0.12

$o500_i.rmse
[1] 0.1205864

$o25_d.ptime
[1] 0.536

$o25_d.time
[1] 0.336

$o25_d.rmse
[1] 0.3070797

$o50_d.ptime
[1] 0.12

$o50_d.time
[1] 0.454

$o50_d.rmse
[1] 0.2377273

$o100_d.ptime
[1] 0.045

$o100_d.time
[1] 1.039

$o100_d.rmse
[1] 0.1572953

$o250_d.ptime
[1] 0.023

$o250_d.time
[1] 4.221

$o250_d.rmse
[1] 0.1006016

$o500_d.ptime
[1] 0.071

$o500_d.time
[1] 19.32

$o500_d.rmse
[1] 0.07552801

$c25_i.ptime
[1] 1.391

$c25_i.time
[1] 0.225

$c25_i.rmse
[1] 0.242679

$c50_i.ptime
[1] 0.811

$c50_i.time
[1] 0.151

$c50_i.rmse
[1] 0.1863575

$c100_i.ptime
[1] 0.702

$c100_i.time
[1] 0.125

$c100_i.rmse
[1] 0.1315084

$c250_i.ptime
[1] 0.909

$c250_i.time
[1] 0.114

$c250_i.rmse
[1] 0.1016994

$c500_i.ptime
[1] 1.664

$c500_i.time
[1] 0.13

$c500_i.rmse
[1] 0.07743456

$c25_d.ptime
[1] 1.741

$c25_d.time
[1] 0.712

$c25_d.rmse
[1] 0.1838859

$c50_d.ptime
[1] 1.087

$c50_d.time
[1] 0.918

$c50_d.rmse
[1] 0.1347495

$c100_d.ptime
[1] 0.575

$c100_d.time
[1] 1.775

$c100_d.rmse
[1] 0.1164383

$c250_d.ptime
[1] 0.457

$c250_d.time
[1] 6.343

$c250_d.rmse
[1] 0.08574664

$c500_d.ptime
[1] 0.271

$c500_d.time
[1] 22.274

$c500_d.rmse
[1] 0.06582446

$s25.ptime
[1] 0.296

$s25.time
[1] 0.001

$s25.rmse
[1] 0.4779924

$s50.ptime
[1] 0.317

$s50.time
[1] 0.001

$s50.rmse
[1] 0.4184139

$s100.ptime
[1] 0.667

$s100.time
[1] 0.002

$s100.rmse
[1] 0.2911672

$s250.ptime
[1] 0.929

$s250.time
[1] 0.005

$s250.rmse
[1] 0.1992459

$s500.ptime
[1] 1.631

$s500.time
[1] 0.013

$s500.rmse
[1] 0.1215719

$s1000.ptime
[1] 2.815

$s1000.time
[1] 0.027

$s1000.rmse
[1] 0.08027196

$s2500.ptime
[1] 13.618

$s2500.time
[1] 0.064

$s2500.rmse
[1] 0.05276434

$s5000.ptime
[1] 82.169

$s5000.time
[1] 0.126

$s5000.rmse
[1] 0.04493899

        seed            p    full.time    full.rmse     l25.time     l25.rmse 
    2579.000       10.000        0.056        0.040        2.991        0.094 
    l50.time     l50.rmse    l100.time    l100.rmse    l250.time    l250.rmse 
       3.042        0.071        4.102        0.057       15.852        0.049 
   l500.time    l500.rmse  o25_i.ptime   o25_i.time   o25_i.rmse  o50_i.ptime 
      75.116        0.045        0.210        0.208        0.437        0.464 
  o50_i.time   o50_i.rmse o100_i.ptime  o100_i.time  o100_i.rmse o250_i.ptime 
       0.137        0.371        0.172        0.111        0.268        0.502 
 o250_i.time  o250_i.rmse o500_i.ptime  o500_i.time  o500_i.rmse  o25_d.ptime 
       0.101        0.165        1.368        0.120        0.121        0.536 
  o25_d.time   o25_d.rmse  o50_d.ptime   o50_d.time   o50_d.rmse o100_d.ptime 
       0.336        0.307        0.120        0.454        0.238        0.045 
 o100_d.time  o100_d.rmse o250_d.ptime  o250_d.time  o250_d.rmse o500_d.ptime 
       1.039        0.157        0.023        4.221        0.101        0.071 
 o500_d.time  o500_d.rmse  c25_i.ptime   c25_i.time   c25_i.rmse  c50_i.ptime 
      19.320        0.076        1.391        0.225        0.243        0.811 
  c50_i.time   c50_i.rmse c100_i.ptime  c100_i.time  c100_i.rmse c250_i.ptime 
       0.151        0.186        0.702        0.125        0.132        0.909 
 c250_i.time  c250_i.rmse c500_i.ptime  c500_i.time  c500_i.rmse  c25_d.ptime 
       0.114        0.102        1.664        0.130        0.077        1.741 
  c25_d.time   c25_d.rmse  c50_d.ptime   c50_d.time   c50_d.rmse c100_d.ptime 
       0.712        0.184        1.087        0.918        0.135        0.575 
 c100_d.time  c100_d.rmse c250_d.ptime  c250_d.time  c250_d.rmse c500_d.ptime 
       1.775        0.116        0.457        6.343        0.086        0.271 
 c500_d.time  c500_d.rmse    s25.ptime     s25.time     s25.rmse    s50.ptime 
      22.274        0.066        0.296        0.001        0.478        0.317 
    s50.time     s50.rmse   s100.ptime    s100.time    s100.rmse   s250.ptime 
       0.001        0.418        0.667        0.002        0.291        0.929 
   s250.time    s250.rmse   s500.ptime    s500.time    s500.rmse  s1000.ptime 
       0.005        0.199        1.631        0.013        0.122        2.815 
  s1000.time   s1000.rmse  s2500.ptime   s2500.time   s2500.rmse  s5000.ptime 
       0.027        0.080       13.618        0.064        0.053       82.169 
  s5000.time   s5000.rmse 
       0.126        0.045 
[1] 0.9611088
$full.time
[1] 0.055

$full.rmse
[1] 0.03911299

$full.time
[1] 0.055

$full.rmse
[1] 0.03911299

$l25.time
[1] 2.95

$l25.rmse
[1] 0.09598603

$l50.time
[1] 3.12

$l50.rmse
[1] 0.07475747

$l100.time
[1] 4.184

$l100.rmse
[1] 0.05734731

$l250.time
[1] 15.83

$l250.rmse
[1] 0.04827164

$l500.time
[1] 75.134

$l500.rmse
[1] 0.04374304

$o25_i.ptime
[1] 0.205

$o25_i.time
[1] 0.214

$o25_i.rmse
[1] 0.4455704

$o50_i.ptime
[1] 0.142

$o50_i.time
[1] 0.151

$o50_i.rmse
[1] 0.3687514

$o100_i.ptime
[1] 0.17

$o100_i.time
[1] 0.124

$o100_i.rmse
[1] 0.2878156

$o250_i.ptime
[1] 0.481

$o250_i.time
[1] 0.499

$o250_i.rmse
[1] 0.193624

$o500_i.ptime
[1] 1.356

$o500_i.time
[1] 0.118

$o500_i.rmse
[1] 0.123709

$o25_d.ptime
[1] 0.532

$o25_d.time
[1] 0.354

$o25_d.rmse
[1] 0.3396377

$o50_d.ptime
[1] 0.118

$o50_d.time
[1] 0.457

$o50_d.rmse
[1] 0.242918

$o100_d.ptime
[1] 0.044

$o100_d.time
[1] 0.854

$o100_d.rmse
[1] 0.1793022

$o250_d.ptime
[1] 0.022

$o250_d.time
[1] 4.77

$o250_d.rmse
[1] 0.1051813

$o500_d.ptime
[1] 0.076

$o500_d.time
[1] 19.532

$o500_d.rmse
[1] 0.074386

$c25_i.ptime
[1] 1.4

$c25_i.time
[1] 0.222

$c25_i.rmse
[1] 0.2209743

$c50_i.ptime
[1] 0.89

$c50_i.time
[1] 0.149

$c50_i.rmse
[1] 0.1953908

$c100_i.ptime
[1] 0.877

$c100_i.time
[1] 0.123

$c100_i.rmse
[1] 0.1363922

$c250_i.ptime
[1] 0.915

$c250_i.time
[1] 0.112

$c250_i.rmse
[1] 0.09528066

$c500_i.ptime
[1] 1.735

$c500_i.time
[1] 0.132

$c500_i.rmse
[1] 0.08386666

$c25_d.ptime
[1] 1.693

$c25_d.time
[1] 0.704

$c25_d.rmse
[1] 0.1832719

$c50_d.ptime
[1] 0.925

$c50_d.time
[1] 0.92

$c50_d.rmse
[1] 0.1495418

$c100_d.ptime
[1] 0.541

$c100_d.time
[1] 1.777

$c100_d.rmse
[1] 0.1056033

$c250_d.ptime
[1] 0.399

$c250_d.time
[1] 6.22

$c250_d.rmse
[1] 0.07794102

$c500_d.ptime
[1] 0.359

$c500_d.time
[1] 22.105

$c500_d.rmse
[1] 0.06387363

$s25.ptime
[1] 0.318

$s25.time
[1] 0.001

$s25.rmse
[1] 0.6043538

$s50.ptime
[1] 0.421

$s50.time
[1] 0.002

$s50.rmse
[1] 0.3807663

$s100.ptime
[1] 0.594

$s100.time
[1] 0.002

$s100.rmse
[1] 0.3097675

$s250.ptime
[1] 0.981

$s250.time
[1] 0.006

$s250.rmse
[1] 0.205038

$s500.ptime
[1] 1.698

$s500.time
[1] 0.014

$s500.rmse
[1] 0.1295587

$s1000.ptime
[1] 2.814

$s1000.time
[1] 0.027

$s1000.rmse
[1] 0.08188728

$s2500.ptime
[1] 14.899

$s2500.time
[1] 0.079

$s2500.rmse
[1] 0.05330277

$s5000.ptime
[1] 82.941

$s5000.time
[1] 0.126

$s5000.rmse
[1] 0.04468002

        seed            p    full.time    full.rmse     l25.time     l25.rmse 
    2580.000       10.000        0.055        0.039        2.950        0.096 
    l50.time     l50.rmse    l100.time    l100.rmse    l250.time    l250.rmse 
       3.120        0.075        4.184        0.057       15.830        0.048 
   l500.time    l500.rmse  o25_i.ptime   o25_i.time   o25_i.rmse  o50_i.ptime 
      75.134        0.044        0.205        0.214        0.446        0.142 
  o50_i.time   o50_i.rmse o100_i.ptime  o100_i.time  o100_i.rmse o250_i.ptime 
       0.151        0.369        0.170        0.124        0.288        0.481 
 o250_i.time  o250_i.rmse o500_i.ptime  o500_i.time  o500_i.rmse  o25_d.ptime 
       0.499        0.194        1.356        0.118        0.124        0.532 
  o25_d.time   o25_d.rmse  o50_d.ptime   o50_d.time   o50_d.rmse o100_d.ptime 
       0.354        0.340        0.118        0.457        0.243        0.044 
 o100_d.time  o100_d.rmse o250_d.ptime  o250_d.time  o250_d.rmse o500_d.ptime 
       0.854        0.179        0.022        4.770        0.105        0.076 
 o500_d.time  o500_d.rmse  c25_i.ptime   c25_i.time   c25_i.rmse  c50_i.ptime 
      19.532        0.074        1.400        0.222        0.221        0.890 
  c50_i.time   c50_i.rmse c100_i.ptime  c100_i.time  c100_i.rmse c250_i.ptime 
       0.149        0.195        0.877        0.123        0.136        0.915 
 c250_i.time  c250_i.rmse c500_i.ptime  c500_i.time  c500_i.rmse  c25_d.ptime 
       0.112        0.095        1.735        0.132        0.084        1.693 
  c25_d.time   c25_d.rmse  c50_d.ptime   c50_d.time   c50_d.rmse c100_d.ptime 
       0.704        0.183        0.925        0.920        0.150        0.541 
 c100_d.time  c100_d.rmse c250_d.ptime  c250_d.time  c250_d.rmse c500_d.ptime 
       1.777        0.106        0.399        6.220        0.078        0.359 
 c500_d.time  c500_d.rmse    s25.ptime     s25.time     s25.rmse    s50.ptime 
      22.105        0.064        0.318        0.001        0.604        0.421 
    s50.time     s50.rmse   s100.ptime    s100.time    s100.rmse   s250.ptime 
       0.002        0.381        0.594        0.002        0.310        0.981 
   s250.time    s250.rmse   s500.ptime    s500.time    s500.rmse  s1000.ptime 
       0.006        0.205        1.698        0.014        0.130        2.814 
  s1000.time   s1000.rmse  s2500.ptime   s2500.time   s2500.rmse  s5000.ptime 
       0.027        0.082       14.899        0.079        0.053       82.941 
  s5000.time   s5000.rmse 
       0.126        0.045 
[1] 0.986886
$full.time
[1] 0.055

$full.rmse
[1] 0.03829675

$full.time
[1] 0.055

$full.rmse
[1] 0.03829675

$l25.time
[1] 2.968

$l25.rmse
[1] 0.09231275

$l50.time
[1] 3.114

$l50.rmse
[1] 0.07250544

$l100.time
[1] 4.301

$l100.rmse
[1] 0.05697758

$l250.time
[1] 15.7

$l250.rmse
[1] 0.04699395

$l500.time
[1] 74.965

$l500.rmse
[1] 0.04303064

$o25_i.ptime
[1] 0.204

$o25_i.time
[1] 0.221

$o25_i.rmse
[1] 0.5377887

$o50_i.ptime
[1] 0.14

$o50_i.time
[1] 0.146

$o50_i.rmse
[1] 0.3838032

$o100_i.ptime
[1] 0.176

$o100_i.time
[1] 0.121

$o100_i.rmse
[1] 0.2866081

$o250_i.ptime
[1] 0.48

$o250_i.time
[1] 0.126

$o250_i.rmse
[1] 0.1682217

$o500_i.ptime
[1] 1.275

$o500_i.time
[1] 0.383

$o500_i.rmse
[1] 0.115534

$o25_d.ptime
[1] 0.543

$o25_d.time
[1] 0.36

$o25_d.rmse
[1] 0.3219074

$o50_d.ptime
[1] 0.123

$o50_d.time
[1] 0.487

$o50_d.rmse
[1] 0.236163

$o100_d.ptime
[1] 0.044

$o100_d.time
[1] 0.895

$o100_d.rmse
[1] 0.1819175

$o250_d.ptime
[1] 0.022

$o250_d.time
[1] 3.837

$o250_d.rmse
[1] 0.1024867

$o500_d.ptime
[1] 0.022

$o500_d.time
[1] 18.522

$o500_d.rmse
[1] 0.07362609

$c25_i.ptime
[1] 1.302

$c25_i.time
[1] 0.295

$c25_i.rmse
[1] 0.2471686

$c50_i.ptime
[1] 0.778

$c50_i.time
[1] 0.151

$c50_i.rmse
[1] 0.1788774

$c100_i.ptime
[1] 0.835

$c100_i.time
[1] 0.134

$c100_i.rmse
[1] 0.1370924

$c250_i.ptime
[1] 0.986

$c250_i.time
[1] 0.109

$c250_i.rmse
[1] 0.1054811

$c500_i.ptime
[1] 1.612

$c500_i.time
[1] 0.111

$c500_i.rmse
[1] 0.08364635

$c25_d.ptime
[1] 1.823

$c25_d.time
[1] 0.677

$c25_d.rmse
[1] 0.1723311

$c50_d.ptime
[1] 0.867

$c50_d.time
[1] 0.844

$c50_d.rmse
[1] 0.1346834

$c100_d.ptime
[1] 0.474

$c100_d.time
[1] 1.665

$c100_d.rmse
[1] 0.1074871

$c250_d.ptime
[1] 0.349

$c250_d.time
[1] 5.821

$c250_d.rmse
[1] 0.0831975

$c500_d.ptime
[1] 0.329

$c500_d.time
[1] 21.207

$c500_d.rmse
[1] 0.06584772

$s25.ptime
[1] 0.303

$s25.time
[1] 0.001

$s25.rmse
[1] 0.6740466

$s50.ptime
[1] 0.649

$s50.time
[1] 0.002

$s50.rmse
[1] 0.5100732

$s100.ptime
[1] 0.457

$s100.time
[1] 0.002

$s100.rmse
[1] 0.3550805

$s250.ptime
[1] 0.919

$s250.time
[1] 0.006

$s250.rmse
[1] 0.1725728

$s500.ptime
[1] 1.512

$s500.time
[1] 0.012

$s500.rmse
[1] 0.1206941

$s1000.ptime
[1] 2.788

$s1000.time
[1] 0.028

$s1000.rmse
[1] 0.08199246

$s2500.ptime
[1] 13.604

$s2500.time
[1] 0.06

$s2500.rmse
[1] 0.05477711

$s5000.ptime
[1] 82.518

$s5000.time
[1] 0.125

$s5000.rmse
[1] 0.04260742

        seed            p    full.time    full.rmse     l25.time     l25.rmse 
    2581.000       10.000        0.055        0.038        2.968        0.092 
    l50.time     l50.rmse    l100.time    l100.rmse    l250.time    l250.rmse 
       3.114        0.073        4.301        0.057       15.700        0.047 
   l500.time    l500.rmse  o25_i.ptime   o25_i.time   o25_i.rmse  o50_i.ptime 
      74.965        0.043        0.204        0.221        0.538        0.140 
  o50_i.time   o50_i.rmse o100_i.ptime  o100_i.time  o100_i.rmse o250_i.ptime 
       0.146        0.384        0.176        0.121        0.287        0.480 
 o250_i.time  o250_i.rmse o500_i.ptime  o500_i.time  o500_i.rmse  o25_d.ptime 
       0.126        0.168        1.275        0.383        0.116        0.543 
  o25_d.time   o25_d.rmse  o50_d.ptime   o50_d.time   o50_d.rmse o100_d.ptime 
       0.360        0.322        0.123        0.487        0.236        0.044 
 o100_d.time  o100_d.rmse o250_d.ptime  o250_d.time  o250_d.rmse o500_d.ptime 
       0.895        0.182        0.022        3.837        0.102        0.022 
 o500_d.time  o500_d.rmse  c25_i.ptime   c25_i.time   c25_i.rmse  c50_i.ptime 
      18.522        0.074        1.302        0.295        0.247        0.778 
  c50_i.time   c50_i.rmse c100_i.ptime  c100_i.time  c100_i.rmse c250_i.ptime 
       0.151        0.179        0.835        0.134        0.137        0.986 
 c250_i.time  c250_i.rmse c500_i.ptime  c500_i.time  c500_i.rmse  c25_d.ptime 
       0.109        0.105        1.612        0.111        0.084        1.823 
  c25_d.time   c25_d.rmse  c50_d.ptime   c50_d.time   c50_d.rmse c100_d.ptime 
       0.677        0.172        0.867        0.844        0.135        0.474 
 c100_d.time  c100_d.rmse c250_d.ptime  c250_d.time  c250_d.rmse c500_d.ptime 
       1.665        0.107        0.349        5.821        0.083        0.329 
 c500_d.time  c500_d.rmse    s25.ptime     s25.time     s25.rmse    s50.ptime 
      21.207        0.066        0.303        0.001        0.674        0.649 
    s50.time     s50.rmse   s100.ptime    s100.time    s100.rmse   s250.ptime 
       0.002        0.510        0.457        0.002        0.355        0.919 
   s250.time    s250.rmse   s500.ptime    s500.time    s500.rmse  s1000.ptime 
       0.006        0.173        1.512        0.012        0.121        2.788 
  s1000.time   s1000.rmse  s2500.ptime   s2500.time   s2500.rmse  s5000.ptime 
       0.028        0.082       13.604        0.060        0.055       82.518 
  s5000.time   s5000.rmse 
       0.125        0.043 
[1] 0.7755602
$full.time
[1] 0.056

$full.rmse
[1] 0.03774708

$full.time
[1] 0.056

$full.rmse
[1] 0.03774708

$l25.time
[1] 2.939

$l25.rmse
[1] 0.1017106

$l50.time
[1] 3.056

$l50.rmse
[1] 0.07402001

$l100.time
[1] 4.179

$l100.rmse
[1] 0.05792127

$l250.time
[1] 15.307

$l250.rmse
[1] 0.04708841

$l500.time
[1] 75.155

$l500.rmse
[1] 0.04188428

$o25_i.ptime
[1] 0.207

$o25_i.time
[1] 0.217

$o25_i.rmse
[1] 0.4423792

$o50_i.ptime
[1] 0.143

$o50_i.time
[1] 0.152

$o50_i.rmse
[1] 0.3808042

$o100_i.ptime
[1] 0.174

$o100_i.time
[1] 0.121

$o100_i.rmse
[1] 0.2713778

$o250_i.ptime
[1] 0.499

$o250_i.time
[1] 0.108

$o250_i.rmse
[1] 0.1587123

$o500_i.ptime
[1] 1.278

$o500_i.time
[1] 0.11

$o500_i.rmse
[1] 0.1160656

$o25_d.ptime
[1] 0.841

$o25_d.time
[1] 0.37

$o25_d.rmse
[1] 0.3060063

$o50_d.ptime
[1] 0.119

$o50_d.time
[1] 0.455

$o50_d.rmse
[1] 0.2464024

$o100_d.ptime
[1] 0.044

$o100_d.time
[1] 0.962

$o100_d.rmse
[1] 0.1765273

$o250_d.ptime
[1] 0.022

$o250_d.time
[1] 4.068

$o250_d.rmse
[1] 0.1006293

$o500_d.ptime
[1] 0.02

$o500_d.time
[1] 19.78

$o500_d.rmse
[1] 0.07406547

$c25_i.ptime
[1] 1.422

$c25_i.time
[1] 0.236

$c25_i.rmse
[1] 0.2545902

$c50_i.ptime
[1] 0.865

$c50_i.time
[1] 0.169

$c50_i.rmse
[1] 0.1825468

$c100_i.ptime
[1] 0.67

$c100_i.time
[1] 0.136

$c100_i.rmse
[1] 0.1539913

$c250_i.ptime
[1] 0.893

$c250_i.time
[1] 0.122

$c250_i.rmse
[1] 0.1020918

$c500_i.ptime
[1] 1.596

$c500_i.time
[1] 0.127

$c500_i.rmse
[1] 0.07987161

$c25_d.ptime
[1] 1.737

$c25_d.time
[1] 0.816

$c25_d.rmse
[1] 0.1914951

$c50_d.ptime
[1] 0.821

$c50_d.time
[1] 0.849

$c50_d.rmse
[1] 0.1409894

$c100_d.ptime
[1] 0.565

$c100_d.time
[1] 1.677

$c100_d.rmse
[1] 0.109021

$c250_d.ptime
[1] 0.323

$c250_d.time
[1] 5.966

$c250_d.rmse
[1] 0.07644952

$c500_d.ptime
[1] 0.368

$c500_d.time
[1] 21.813

$c500_d.rmse
[1] 0.06481731

$s25.ptime
[1] 0.302

$s25.time
[1] 0.001

$s25.rmse
[1] 0.5637253

$s50.ptime
[1] 0.417

$s50.time
[1] 0.002

$s50.rmse
[1] 0.4854

$s100.ptime
[1] 0.808

$s100.time
[1] 0.003

$s100.rmse
[1] 0.3380798

$s250.ptime
[1] 0.934

$s250.time
[1] 0.006

$s250.rmse
[1] 0.2017141

$s500.ptime
[1] 1.495

$s500.time
[1] 0.013

$s500.rmse
[1] 0.1258379

$s1000.ptime
[1] 2.803

$s1000.time
[1] 0.028

$s1000.rmse
[1] 0.08313525

$s2500.ptime
[1] 13.599

$s2500.time
[1] 0.071

$s2500.rmse
[1] 0.05179732

$s5000.ptime
[1] 82.364

$s5000.time
[1] 0.126

$s5000.rmse
[1] 0.04249073

        seed            p    full.time    full.rmse     l25.time     l25.rmse 
    2582.000       10.000        0.056        0.038        2.939        0.102 
    l50.time     l50.rmse    l100.time    l100.rmse    l250.time    l250.rmse 
       3.056        0.074        4.179        0.058       15.307        0.047 
   l500.time    l500.rmse  o25_i.ptime   o25_i.time   o25_i.rmse  o50_i.ptime 
      75.155        0.042        0.207        0.217        0.442        0.143 
  o50_i.time   o50_i.rmse o100_i.ptime  o100_i.time  o100_i.rmse o250_i.ptime 
       0.152        0.381        0.174        0.121        0.271        0.499 
 o250_i.time  o250_i.rmse o500_i.ptime  o500_i.time  o500_i.rmse  o25_d.ptime 
       0.108        0.159        1.278        0.110        0.116        0.841 
  o25_d.time   o25_d.rmse  o50_d.ptime   o50_d.time   o50_d.rmse o100_d.ptime 
       0.370        0.306        0.119        0.455        0.246        0.044 
 o100_d.time  o100_d.rmse o250_d.ptime  o250_d.time  o250_d.rmse o500_d.ptime 
       0.962        0.177        0.022        4.068        0.101        0.020 
 o500_d.time  o500_d.rmse  c25_i.ptime   c25_i.time   c25_i.rmse  c50_i.ptime 
      19.780        0.074        1.422        0.236        0.255        0.865 
  c50_i.time   c50_i.rmse c100_i.ptime  c100_i.time  c100_i.rmse c250_i.ptime 
       0.169        0.183        0.670        0.136        0.154        0.893 
 c250_i.time  c250_i.rmse c500_i.ptime  c500_i.time  c500_i.rmse  c25_d.ptime 
       0.122        0.102        1.596        0.127        0.080        1.737 
  c25_d.time   c25_d.rmse  c50_d.ptime   c50_d.time   c50_d.rmse c100_d.ptime 
       0.816        0.191        0.821        0.849        0.141        0.565 
 c100_d.time  c100_d.rmse c250_d.ptime  c250_d.time  c250_d.rmse c500_d.ptime 
       1.677        0.109        0.323        5.966        0.076        0.368 
 c500_d.time  c500_d.rmse    s25.ptime     s25.time     s25.rmse    s50.ptime 
      21.813        0.065        0.302        0.001        0.564        0.417 
    s50.time     s50.rmse   s100.ptime    s100.time    s100.rmse   s250.ptime 
       0.002        0.485        0.808        0.003        0.338        0.934 
   s250.time    s250.rmse   s500.ptime    s500.time    s500.rmse  s1000.ptime 
       0.006        0.202        1.495        0.013        0.126        2.803 
  s1000.time   s1000.rmse  s2500.ptime   s2500.time   s2500.rmse  s5000.ptime 
       0.028        0.083       13.599        0.071        0.052       82.364 
  s5000.time   s5000.rmse 
       0.126        0.042 
[1] 0.8791846
$full.time
[1] 0.055

$full.rmse
[1] 0.03924097

$full.time
[1] 0.055

$full.rmse
[1] 0.03924097

$l25.time
[1] 2.925

$l25.rmse
[1] 0.09426246

$l50.time
[1] 3.049

$l50.rmse
[1] 0.06846853

$l100.time
[1] 4.122

$l100.rmse
[1] 0.05689529

$l250.time
[1] 15.452

$l250.rmse
[1] 0.04785508

$l500.time
[1] 74.204

$l500.rmse
[1] 0.04366668

$o25_i.ptime
[1] 0.199

$o25_i.time
[1] 0.211

$o25_i.rmse
[1] 0.4157857

$o50_i.ptime
[1] 0.138

$o50_i.time
[1] 0.14

$o50_i.rmse
[1] 0.3591421

$o100_i.ptime
[1] 0.169

$o100_i.time
[1] 0.119

$o100_i.rmse
[1] 0.2820664

$o250_i.ptime
[1] 0.482

$o250_i.time
[1] 0.102

$o250_i.rmse
[1] 0.1758756

$o500_i.ptime
[1] 1.271

$o500_i.time
[1] 0.407

$o500_i.rmse
[1] 0.1238573

$o25_d.ptime
[1] 0.538

$o25_d.time
[1] 0.36

$o25_d.rmse
[1] 0.2696265

$o50_d.ptime
[1] 0.116

$o50_d.time
[1] 0.481

$o50_d.rmse
[1] 0.2281281

$o100_d.ptime
[1] 0.043

$o100_d.time
[1] 1.031

$o100_d.rmse
[1] 0.163867

$o250_d.ptime
[1] 0.022

$o250_d.time
[1] 4.194

$o250_d.rmse
[1] 0.1116654

$o500_d.ptime
[1] 0.021

$o500_d.time
[1] 17.336

$o500_d.rmse
[1] 0.06964242

$c25_i.ptime
[1] 1.378

$c25_i.time
[1] 0.224

$c25_i.rmse
[1] 0.2232316

$c50_i.ptime
[1] 0.797

$c50_i.time
[1] 0.153

$c50_i.rmse
[1] 0.1737997

$c100_i.ptime
[1] 0.703

$c100_i.time
[1] 0.125

$c100_i.rmse
[1] 0.1389872

$c250_i.ptime
[1] 0.833

$c250_i.time
[1] 0.12

$c250_i.rmse
[1] 0.1022345

$c500_i.ptime
[1] 1.629

$c500_i.time
[1] 0.117

$c500_i.rmse
[1] 0.08301023

$c25_d.ptime
[1] 1.937

$c25_d.time
[1] 0.697

$c25_d.rmse
[1] 0.1771232

$c50_d.ptime
[1] 0.834

$c50_d.time
[1] 0.854

$c50_d.rmse
[1] 0.1312146

$c100_d.ptime
[1] 0.567

$c100_d.time
[1] 1.66

$c100_d.rmse
[1] 0.1052286

$c250_d.ptime
[1] 0.458

$c250_d.time
[1] 5.832

$c250_d.rmse
[1] 0.0783486

$c500_d.ptime
[1] 0.312

$c500_d.time
[1] 20.742

$c500_d.rmse
[1] 0.06824155

$s25.ptime
[1] 0.597

$s25.time
[1] 0.001

$s25.rmse
[1] 0.5731144

$s50.ptime
[1] 0.373

$s50.time
[1] 0.001

$s50.rmse
[1] 0.4174783

$s100.ptime
[1] 0.534

$s100.time
[1] 0.003

$s100.rmse
[1] 0.3202956

$s250.ptime
[1] 0.887

$s250.time
[1] 0.005

$s250.rmse
[1] 0.1910326

$s500.ptime
[1] 1.288

$s500.time
[1] 0.011

$s500.rmse
[1] 0.1175496

$s1000.ptime
[1] 2.5

$s1000.time
[1] 0.026

$s1000.rmse
[1] 0.07974792

$s2500.ptime
[1] 13.135

$s2500.time
[1] 0.06

$s2500.rmse
[1] 0.05304091

$s5000.ptime
[1] 81.262

$s5000.time
[1] 0.123

$s5000.rmse
[1] 0.04398029

        seed            p    full.time    full.rmse     l25.time     l25.rmse 
    2583.000       10.000        0.055        0.039        2.925        0.094 
    l50.time     l50.rmse    l100.time    l100.rmse    l250.time    l250.rmse 
       3.049        0.068        4.122        0.057       15.452        0.048 
   l500.time    l500.rmse  o25_i.ptime   o25_i.time   o25_i.rmse  o50_i.ptime 
      74.204        0.044        0.199        0.211        0.416        0.138 
  o50_i.time   o50_i.rmse o100_i.ptime  o100_i.time  o100_i.rmse o250_i.ptime 
       0.140        0.359        0.169        0.119        0.282        0.482 
 o250_i.time  o250_i.rmse o500_i.ptime  o500_i.time  o500_i.rmse  o25_d.ptime 
       0.102        0.176        1.271        0.407        0.124        0.538 
  o25_d.time   o25_d.rmse  o50_d.ptime   o50_d.time   o50_d.rmse o100_d.ptime 
       0.360        0.270        0.116        0.481        0.228        0.043 
 o100_d.time  o100_d.rmse o250_d.ptime  o250_d.time  o250_d.rmse o500_d.ptime 
       1.031        0.164        0.022        4.194        0.112        0.021 
 o500_d.time  o500_d.rmse  c25_i.ptime   c25_i.time   c25_i.rmse  c50_i.ptime 
      17.336        0.070        1.378        0.224        0.223        0.797 
  c50_i.time   c50_i.rmse c100_i.ptime  c100_i.time  c100_i.rmse c250_i.ptime 
       0.153        0.174        0.703        0.125        0.139        0.833 
 c250_i.time  c250_i.rmse c500_i.ptime  c500_i.time  c500_i.rmse  c25_d.ptime 
       0.120        0.102        1.629        0.117        0.083        1.937 
  c25_d.time   c25_d.rmse  c50_d.ptime   c50_d.time   c50_d.rmse c100_d.ptime 
       0.697        0.177        0.834        0.854        0.131        0.567 
 c100_d.time  c100_d.rmse c250_d.ptime  c250_d.time  c250_d.rmse c500_d.ptime 
       1.660        0.105        0.458        5.832        0.078        0.312 
 c500_d.time  c500_d.rmse    s25.ptime     s25.time     s25.rmse    s50.ptime 
      20.742        0.068        0.597        0.001        0.573        0.373 
    s50.time     s50.rmse   s100.ptime    s100.time    s100.rmse   s250.ptime 
       0.001        0.417        0.534        0.003        0.320        0.887 
   s250.time    s250.rmse   s500.ptime    s500.time    s500.rmse  s1000.ptime 
       0.005        0.191        1.288        0.011        0.118        2.500 
  s1000.time   s1000.rmse  s2500.ptime   s2500.time   s2500.rmse  s5000.ptime 
       0.026        0.080       13.135        0.060        0.053       81.262 
  s5000.time   s5000.rmse 
       0.123        0.044 
  seed  p full.time  full.rmse l25.time   l25.rmse l50.time   l50.rmse
1 2579 10     0.056 0.04022598    2.991 0.09435192    3.042 0.07083454
2 2580 10     0.055 0.03911299    2.950 0.09598603    3.120 0.07475747
3 2581 10     0.055 0.03829675    2.968 0.09231275    3.114 0.07250544
4 2582 10     0.056 0.03774708    2.939 0.10171055    3.056 0.07402001
5 2583 10     0.055 0.03924097    2.925 0.09426246    3.049 0.06846853
  l100.time  l100.rmse l250.time  l250.rmse l500.time  l500.rmse o25_i.ptime
1     4.102 0.05721417    15.852 0.04879942    75.116 0.04480588       0.210
2     4.184 0.05734731    15.830 0.04827164    75.134 0.04374304       0.205
3     4.301 0.05697758    15.700 0.04699395    74.965 0.04303064       0.204
4     4.179 0.05792127    15.307 0.04708841    75.155 0.04188428       0.207
5     4.122 0.05689529    15.452 0.04785508    74.204 0.04366668       0.199
  o25_i.time o25_i.rmse o50_i.ptime o50_i.time o50_i.rmse o100_i.ptime
1      0.208  0.4365507       0.464      0.137  0.3708471        0.172
2      0.214  0.4455704       0.142      0.151  0.3687514        0.170
3      0.221  0.5377887       0.140      0.146  0.3838032        0.176
4      0.217  0.4423792       0.143      0.152  0.3808042        0.174
5      0.211  0.4157857       0.138      0.140  0.3591421        0.169
  o100_i.time o100_i.rmse o250_i.ptime o250_i.time o250_i.rmse o500_i.ptime
1       0.111   0.2683348        0.502       0.101   0.1652978        1.368
2       0.124   0.2878156        0.481       0.499   0.1936240        1.356
3       0.121   0.2866081        0.480       0.126   0.1682217        1.275
4       0.121   0.2713778        0.499       0.108   0.1587123        1.278
5       0.119   0.2820664        0.482       0.102   0.1758756        1.271
  o500_i.time o500_i.rmse o25_d.ptime o25_d.time o25_d.rmse o50_d.ptime
1       0.120   0.1205864       0.536      0.336  0.3070797       0.120
2       0.118   0.1237090       0.532      0.354  0.3396377       0.118
3       0.383   0.1155340       0.543      0.360  0.3219074       0.123
4       0.110   0.1160656       0.841      0.370  0.3060063       0.119
5       0.407   0.1238573       0.538      0.360  0.2696265       0.116
  o50_d.time o50_d.rmse o100_d.ptime o100_d.time o100_d.rmse o250_d.ptime
1      0.454  0.2377273        0.045       1.039   0.1572953        0.023
2      0.457  0.2429180        0.044       0.854   0.1793022        0.022
3      0.487  0.2361630        0.044       0.895   0.1819175        0.022
4      0.455  0.2464024        0.044       0.962   0.1765273        0.022
5      0.481  0.2281281        0.043       1.031   0.1638670        0.022
  o250_d.time o250_d.rmse o500_d.ptime o500_d.time o500_d.rmse c25_i.ptime
1       4.221   0.1006016        0.071      19.320  0.07552801       1.391
2       4.770   0.1051813        0.076      19.532  0.07438600       1.400
3       3.837   0.1024867        0.022      18.522  0.07362609       1.302
4       4.068   0.1006293        0.020      19.780  0.07406547       1.422
5       4.194   0.1116654        0.021      17.336  0.06964242       1.378
  c25_i.time c25_i.rmse c50_i.ptime c50_i.time c50_i.rmse c100_i.ptime
1      0.225  0.2426790       0.811      0.151  0.1863575        0.702
2      0.222  0.2209743       0.890      0.149  0.1953908        0.877
3      0.295  0.2471686       0.778      0.151  0.1788774        0.835
4      0.236  0.2545902       0.865      0.169  0.1825468        0.670
5      0.224  0.2232316       0.797      0.153  0.1737997        0.703
  c100_i.time c100_i.rmse c250_i.ptime c250_i.time c250_i.rmse c500_i.ptime
1       0.125   0.1315084        0.909       0.114  0.10169939        1.664
2       0.123   0.1363922        0.915       0.112  0.09528066        1.735
3       0.134   0.1370924        0.986       0.109  0.10548110        1.612
4       0.136   0.1539913        0.893       0.122  0.10209178        1.596
5       0.125   0.1389872        0.833       0.120  0.10223447        1.629
  c500_i.time c500_i.rmse c25_d.ptime c25_d.time c25_d.rmse c50_d.ptime
1       0.130  0.07743456       1.741      0.712  0.1838859       1.087
2       0.132  0.08386666       1.693      0.704  0.1832719       0.925
3       0.111  0.08364635       1.823      0.677  0.1723311       0.867
4       0.127  0.07987161       1.737      0.816  0.1914951       0.821
5       0.117  0.08301023       1.937      0.697  0.1771232       0.834
  c50_d.time c50_d.rmse c100_d.ptime c100_d.time c100_d.rmse c250_d.ptime
1      0.918  0.1347495        0.575       1.775   0.1164383        0.457
2      0.920  0.1495418        0.541       1.777   0.1056033        0.399
3      0.844  0.1346834        0.474       1.665   0.1074871        0.349
4      0.849  0.1409894        0.565       1.677   0.1090210        0.323
5      0.854  0.1312146        0.567       1.660   0.1052286        0.458
  c250_d.time c250_d.rmse c500_d.ptime c500_d.time c500_d.rmse s25.ptime
1       6.343  0.08574664        0.271      22.274  0.06582446     0.296
2       6.220  0.07794102        0.359      22.105  0.06387363     0.318
3       5.821  0.08319750        0.329      21.207  0.06584772     0.303
4       5.966  0.07644952        0.368      21.813  0.06481731     0.302
5       5.832  0.07834860        0.312      20.742  0.06824155     0.597
  s25.time  s25.rmse s50.ptime s50.time  s50.rmse s100.ptime s100.time
1    0.001 0.4779924     0.317    0.001 0.4184139      0.667     0.002
2    0.001 0.6043538     0.421    0.002 0.3807663      0.594     0.002
3    0.001 0.6740466     0.649    0.002 0.5100732      0.457     0.002
4    0.001 0.5637253     0.417    0.002 0.4854000      0.808     0.003
5    0.001 0.5731144     0.373    0.001 0.4174783      0.534     0.003
  s100.rmse s250.ptime s250.time s250.rmse s500.ptime s500.time s500.rmse
1 0.2911672      0.929     0.005 0.1992459      1.631     0.013 0.1215719
2 0.3097675      0.981     0.006 0.2050380      1.698     0.014 0.1295587
3 0.3550805      0.919     0.006 0.1725728      1.512     0.012 0.1206941
4 0.3380798      0.934     0.006 0.2017141      1.495     0.013 0.1258379
5 0.3202956      0.887     0.005 0.1910326      1.288     0.011 0.1175496
  s1000.ptime s1000.time s1000.rmse s2500.ptime s2500.time s2500.rmse
1       2.815      0.027 0.08027196      13.618      0.064 0.05276434
2       2.814      0.027 0.08188728      14.899      0.079 0.05330277
3       2.788      0.028 0.08199246      13.604      0.060 0.05477711
4       2.803      0.028 0.08313525      13.599      0.071 0.05179732
5       2.500      0.026 0.07974792      13.135      0.060 0.05304091
  s5000.ptime s5000.time s5000.rmse
1      82.169      0.126 0.04493899
2      82.941      0.126 0.04468002
3      82.518      0.125 0.04260742
4      82.364      0.126 0.04249073
5      81.262      0.123 0.04398029
> 
> proc.time()
    user   system  elapsed 
2491.010   20.512 2545.142 
