
R version 3.0.3 (2014-03-06) -- "Warm Puppy"
Copyright (C) 2014 The R Foundation for Statistical Computing
Platform: x86_64-unknown-linux-gnu (64-bit)

R is free software and comes with ABSOLUTELY NO WARRANTY.
You are welcome to redistribute it under certain conditions.
Type 'license()' or 'licence()' for distribution details.

  Natural language support but running in an English locale

R is a collaborative project with many contributors.
Type 'contributors()' for more information and
'citation()' on how to cite R or R packages in publications.

Type 'demo()' for some demos, 'help()' for on-line help, or
'help.start()' for an HTML browser interface to help.
Type 'q()' to quit R.

> print(.libPaths())
[1] "/usr/local/r-3.0.3/lib64/R/library"
> .libPaths("/mnt/home/rjparker/Rlib")
> print(.libPaths())
[1] "/mnt/home/rjparker/Rlib"            "/usr/local/r-3.0.3/lib64/R/library"
> setwd("/mnt/home/rjparker/git/block_int")
> 
> which_exp <- 6
> which_part <- 9
> source("R/sim_nblocks_pred.R")
Loading required package: spam
Loading required package: grid
Spam version 0.41-0 (2014-02-26) is loaded.
Type 'help( Spam)' or 'demo( spam)' for a short introduction 
and overview of this package.
Help for individual functions is also obtained by adding the
suffix '.spam' to the function name, e.g. 'help( chol.spam)'.

Attaching package: ‘spam’

The following objects are masked from ‘package:base’:

    backsolve, forwardsolve

Loading required package: maps
  pred  p b tau Nper_p Npred Fzero sigma2
6 TRUE 10 4  10  10000  1000     0      1
[1] 0.7855156
$full.time
[1] 0.072

$full.rmse
[1] 0.03761074

$full.time
[1] 0.072

$full.rmse
[1] 0.03761074

$l25.time
[1] 3.951

$l25.rmse
[1] 0.09416695

$l50.time
[1] 4.306

$l50.rmse
[1] 0.06928458

$l100.time
[1] 5.662

$l100.rmse
[1] 0.0548362

$l250.time
[1] 21.6

$l250.rmse
[1] 0.04639433

$l500.time
[1] 102.592

$l500.rmse
[1] 0.04297031

$o25_i.ptime
[1] 0.241

$o25_i.time
[1] 0.253

$o25_i.rmse
[1] 0.4283331

$o50_i.ptime
[1] 0.606

$o50_i.time
[1] 0.177

$o50_i.rmse
[1] 0.3485701

$o100_i.ptime
[1] 0.217

$o100_i.time
[1] 0.145

$o100_i.rmse
[1] 0.2910064

$o250_i.ptime
[1] 0.621

$o250_i.time
[1] 0.129

$o250_i.rmse
[1] 0.1953509

$o500_i.ptime
[1] 1.829

$o500_i.time
[1] 0.173

$o500_i.rmse
[1] 0.1165482

$o25_d.ptime
[1] 0.661

$o25_d.time
[1] 0.484

$o25_d.rmse
[1] 0.313361

$o50_d.ptime
[1] 0.141

$o50_d.time
[1] 0.578

$o50_d.rmse
[1] 0.2288481

$o100_d.ptime
[1] 0.056

$o100_d.time
[1] 1.181

$o100_d.rmse
[1] 0.1755352

$o250_d.ptime
[1] 0.029

$o250_d.time
[1] 6.262

$o250_d.rmse
[1] 0.1085314

$o500_d.ptime
[1] 0.103

$o500_d.time
[1] 25.954

$o500_d.rmse
[1] 0.07081559

$c25_i.ptime
[1] 1.471

$c25_i.time
[1] 0.262

$c25_i.rmse
[1] 0.2239254

$c50_i.ptime
[1] 0.879

$c50_i.time
[1] 0.177

$c50_i.rmse
[1] 0.1777371

$c100_i.ptime
[1] 0.754

$c100_i.time
[1] 0.159

$c100_i.rmse
[1] 0.140242

$c250_i.ptime
[1] 0.991

$c250_i.time
[1] 0.147

$c250_i.rmse
[1] 0.109723

$c500_i.ptime
[1] 2.148

$c500_i.time
[1] 0.171

$c500_i.rmse
[1] 0.08046429

$c25_d.ptime
[1] 1.814

$c25_d.time
[1] 0.912

$c25_d.rmse
[1] 0.17908

$c50_d.ptime
[1] 1.351

$c50_d.time
[1] 1.168

$c50_d.rmse
[1] 0.1295572

$c100_d.ptime
[1] 0.579

$c100_d.time
[1] 2.208

$c100_d.rmse
[1] 0.1022136

$c250_d.ptime
[1] 0.47

$c250_d.time
[1] 8.077

$c250_d.rmse
[1] 0.07682014

$c500_d.ptime
[1] 0.346

$c500_d.time
[1] 36.821

$c500_d.rmse
[1] 0.06165585

$s25.ptime
[1] 0.298

$s25.time
[1] 0.001

$s25.rmse
[1] 0.5357472

$s50.ptime
[1] 0.492

$s50.time
[1] 0.002

$s50.rmse
[1] 0.4131903

$s100.ptime
[1] 0.753

$s100.time
[1] 0.002

$s100.rmse
[1] 0.3338573

$s250.ptime
[1] 1.029

$s250.time
[1] 0.007

$s250.rmse
[1] 0.1918497

$s500.ptime
[1] 1.824

$s500.time
[1] 0.016

$s500.rmse
[1] 0.118319

$s1000.ptime
[1] 3.49

$s1000.time
[1] 0.034

$s1000.rmse
[1] 0.07929892

$s2500.ptime
[1] 25.592

$s2500.time
[1] 0.09

$s2500.rmse
[1] 0.05207169

$s5000.ptime
[1] 165.516

$s5000.time
[1] 0.179

$s5000.rmse
[1] 0.04121213

        seed            p    full.time    full.rmse     l25.time     l25.rmse 
    2524.000       10.000        0.072        0.038        3.951        0.094 
    l50.time     l50.rmse    l100.time    l100.rmse    l250.time    l250.rmse 
       4.306        0.069        5.662        0.055       21.600        0.046 
   l500.time    l500.rmse  o25_i.ptime   o25_i.time   o25_i.rmse  o50_i.ptime 
     102.592        0.043        0.241        0.253        0.428        0.606 
  o50_i.time   o50_i.rmse o100_i.ptime  o100_i.time  o100_i.rmse o250_i.ptime 
       0.177        0.349        0.217        0.145        0.291        0.621 
 o250_i.time  o250_i.rmse o500_i.ptime  o500_i.time  o500_i.rmse  o25_d.ptime 
       0.129        0.195        1.829        0.173        0.117        0.661 
  o25_d.time   o25_d.rmse  o50_d.ptime   o50_d.time   o50_d.rmse o100_d.ptime 
       0.484        0.313        0.141        0.578        0.229        0.056 
 o100_d.time  o100_d.rmse o250_d.ptime  o250_d.time  o250_d.rmse o500_d.ptime 
       1.181        0.176        0.029        6.262        0.109        0.103 
 o500_d.time  o500_d.rmse  c25_i.ptime   c25_i.time   c25_i.rmse  c50_i.ptime 
      25.954        0.071        1.471        0.262        0.224        0.879 
  c50_i.time   c50_i.rmse c100_i.ptime  c100_i.time  c100_i.rmse c250_i.ptime 
       0.177        0.178        0.754        0.159        0.140        0.991 
 c250_i.time  c250_i.rmse c500_i.ptime  c500_i.time  c500_i.rmse  c25_d.ptime 
       0.147        0.110        2.148        0.171        0.080        1.814 
  c25_d.time   c25_d.rmse  c50_d.ptime   c50_d.time   c50_d.rmse c100_d.ptime 
       0.912        0.179        1.351        1.168        0.130        0.579 
 c100_d.time  c100_d.rmse c250_d.ptime  c250_d.time  c250_d.rmse c500_d.ptime 
       2.208        0.102        0.470        8.077        0.077        0.346 
 c500_d.time  c500_d.rmse    s25.ptime     s25.time     s25.rmse    s50.ptime 
      36.821        0.062        0.298        0.001        0.536        0.492 
    s50.time     s50.rmse   s100.ptime    s100.time    s100.rmse   s250.ptime 
       0.002        0.413        0.753        0.002        0.334        1.029 
   s250.time    s250.rmse   s500.ptime    s500.time    s500.rmse  s1000.ptime 
       0.007        0.192        1.824        0.016        0.118        3.490 
  s1000.time   s1000.rmse  s2500.ptime   s2500.time   s2500.rmse  s5000.ptime 
       0.034        0.079       25.592        0.090        0.052      165.516 
  s5000.time   s5000.rmse 
       0.179        0.041 
[1] 0.6771327
$full.time
[1] 0.094

$full.rmse
[1] 0.03792486

$full.time
[1] 0.094

$full.rmse
[1] 0.03792486

$l25.time
[1] 4.618

$l25.rmse
[1] 0.0926289

$l50.time
[1] 4.523

$l50.rmse
[1] 0.07187314

$l100.time
[1] 6.251

$l100.rmse
[1] 0.05499992

$l250.time
[1] 24.537

$l250.rmse
[1] 0.04668746

$l500.time
[1] 122.066

$l500.rmse
[1] 0.04312336

$o25_i.ptime
[1] 0.306

$o25_i.time
[1] 0.319

$o25_i.rmse
[1] 0.4034272

$o50_i.ptime
[1] 0.226

$o50_i.time
[1] 0.206

$o50_i.rmse
[1] 0.3372534

$o100_i.ptime
[1] 0.278

$o100_i.time
[1] 0.21

$o100_i.rmse
[1] 0.2872099

$o250_i.ptime
[1] 0.797

$o250_i.time
[1] 0.728

$o250_i.rmse
[1] 0.1658481

$o500_i.ptime
[1] 2.194

$o500_i.time
[1] 0.18

$o500_i.rmse
[1] 0.122971

$o25_d.ptime
[1] 0.647

$o25_d.time
[1] 0.539

$o25_d.rmse
[1] 0.2891374

$o50_d.ptime
[1] 0.136

$o50_d.time
[1] 0.656

$o50_d.rmse
[1] 0.2250501

$o100_d.ptime
[1] 0.064

$o100_d.time
[1] 1.355

$o100_d.rmse
[1] 0.1778652

$o250_d.ptime
[1] 0.03

$o250_d.time
[1] 6.144

$o250_d.rmse
[1] 0.1051547

$o500_d.ptime
[1] 0.11

$o500_d.time
[1] 28.044

$o500_d.rmse
[1] 0.07303964

$c25_i.ptime
[1] 1.623

$c25_i.time
[1] 0.304

$c25_i.rmse
[1] 0.2266901

$c50_i.ptime
[1] 1.15

$c50_i.time
[1] 0.203

$c50_i.rmse
[1] 0.1839135

$c100_i.ptime
[1] 0.815

$c100_i.time
[1] 0.169

$c100_i.rmse
[1] 0.1317605

$c250_i.ptime
[1] 1.051

$c250_i.time
[1] 0.138

$c250_i.rmse
[1] 0.1118611

$c500_i.ptime
[1] 2.334

$c500_i.time
[1] 0.161

$c500_i.rmse
[1] 0.08404674

$c25_d.ptime
[1] 1.771

$c25_d.time
[1] 0.926

$c25_d.rmse
[1] 0.1774432

$c50_d.ptime
[1] 1.18

$c50_d.time
[1] 1.22

$c50_d.rmse
[1] 0.1447192

$c100_d.ptime
[1] 0.62

$c100_d.time
[1] 2.422

$c100_d.rmse
[1] 0.1069346

$c250_d.ptime
[1] 0.469

$c250_d.time
[1] 8.93

$c250_d.rmse
[1] 0.0821905

$c500_d.ptime
[1] 0.374

$c500_d.time
[1] 37.45

$c500_d.rmse
[1] 0.06043868

$s25.ptime
[1] 0.447

$s25.time
[1] 0

$s25.rmse
[1] 0.491947

$s50.ptime
[1] 0.869

$s50.time
[1] 0.001

$s50.rmse
[1] 0.4084939

$s100.ptime
[1] 0.716

$s100.time
[1] 0.003

$s100.rmse
[1] 0.3169849

$s250.ptime
[1] 1.095

$s250.time
[1] 0.009

$s250.rmse
[1] 0.1789955

$s500.ptime
[1] 1.728

$s500.time
[1] 0.017

$s500.rmse
[1] 0.1228252

$s1000.ptime
[1] 3.447

$s1000.time
[1] 0.036

$s1000.rmse
[1] 0.08708649

$s2500.ptime
[1] 28.767

$s2500.time
[1] 0.1

$s2500.rmse
[1] 0.052704

$s5000.ptime
[1] 213.177

$s5000.time
[1] 0.173

$s5000.rmse
[1] 0.04234175

        seed            p    full.time    full.rmse     l25.time     l25.rmse 
    2525.000       10.000        0.094        0.038        4.618        0.093 
    l50.time     l50.rmse    l100.time    l100.rmse    l250.time    l250.rmse 
       4.523        0.072        6.251        0.055       24.537        0.047 
   l500.time    l500.rmse  o25_i.ptime   o25_i.time   o25_i.rmse  o50_i.ptime 
     122.066        0.043        0.306        0.319        0.403        0.226 
  o50_i.time   o50_i.rmse o100_i.ptime  o100_i.time  o100_i.rmse o250_i.ptime 
       0.206        0.337        0.278        0.210        0.287        0.797 
 o250_i.time  o250_i.rmse o500_i.ptime  o500_i.time  o500_i.rmse  o25_d.ptime 
       0.728        0.166        2.194        0.180        0.123        0.647 
  o25_d.time   o25_d.rmse  o50_d.ptime   o50_d.time   o50_d.rmse o100_d.ptime 
       0.539        0.289        0.136        0.656        0.225        0.064 
 o100_d.time  o100_d.rmse o250_d.ptime  o250_d.time  o250_d.rmse o500_d.ptime 
       1.355        0.178        0.030        6.144        0.105        0.110 
 o500_d.time  o500_d.rmse  c25_i.ptime   c25_i.time   c25_i.rmse  c50_i.ptime 
      28.044        0.073        1.623        0.304        0.227        1.150 
  c50_i.time   c50_i.rmse c100_i.ptime  c100_i.time  c100_i.rmse c250_i.ptime 
       0.203        0.184        0.815        0.169        0.132        1.051 
 c250_i.time  c250_i.rmse c500_i.ptime  c500_i.time  c500_i.rmse  c25_d.ptime 
       0.138        0.112        2.334        0.161        0.084        1.771 
  c25_d.time   c25_d.rmse  c50_d.ptime   c50_d.time   c50_d.rmse c100_d.ptime 
       0.926        0.177        1.180        1.220        0.145        0.620 
 c100_d.time  c100_d.rmse c250_d.ptime  c250_d.time  c250_d.rmse c500_d.ptime 
       2.422        0.107        0.469        8.930        0.082        0.374 
 c500_d.time  c500_d.rmse    s25.ptime     s25.time     s25.rmse    s50.ptime 
      37.450        0.060        0.447        0.000        0.492        0.869 
    s50.time     s50.rmse   s100.ptime    s100.time    s100.rmse   s250.ptime 
       0.001        0.408        0.716        0.003        0.317        1.095 
   s250.time    s250.rmse   s500.ptime    s500.time    s500.rmse  s1000.ptime 
       0.009        0.179        1.728        0.017        0.123        3.447 
  s1000.time   s1000.rmse  s2500.ptime   s2500.time   s2500.rmse  s5000.ptime 
       0.036        0.087       28.767        0.100        0.053      213.177 
  s5000.time   s5000.rmse 
       0.173        0.042 
[1] 0.7012172
$full.time
[1] 0.108

$full.rmse
[1] 0.03808618

$full.time
[1] 0.108

$full.rmse
[1] 0.03808618

$l25.time
[1] 4.428

$l25.rmse
[1] 0.09174966

$l50.time
[1] 4.52

$l50.rmse
[1] 0.07060614

$l100.time
[1] 6.158

$l100.rmse
[1] 0.05621693

$l250.time
[1] 22.222

$l250.rmse
[1] 0.04630539

$l500.time
[1] 111.265

$l500.rmse
[1] 0.0430736

$o25_i.ptime
[1] 0.28

$o25_i.time
[1] 0.298

$o25_i.rmse
[1] 0.4213808

$o50_i.ptime
[1] 0.196

$o50_i.time
[1] 0.201

$o50_i.rmse
[1] 0.3579636

$o100_i.ptime
[1] 0.251

$o100_i.time
[1] 0.17

$o100_i.rmse
[1] 0.3035385

$o250_i.ptime
[1] 0.695

$o250_i.time
[1] 0.161

$o250_i.rmse
[1] 0.1783351

$o500_i.ptime
[1] 1.878

$o500_i.time
[1] 0.599

$o500_i.rmse
[1] 0.1179361

$o25_d.ptime
[1] 0.605

$o25_d.time
[1] 0.482

$o25_d.rmse
[1] 0.2895403

$o50_d.ptime
[1] 0.143

$o50_d.time
[1] 0.628

$o50_d.rmse
[1] 0.2352722

$o100_d.ptime
[1] 0.055

$o100_d.time
[1] 1.117

$o100_d.rmse
[1] 0.177252

$o250_d.ptime
[1] 0.03

$o250_d.time
[1] 6.1

$o250_d.rmse
[1] 0.1035809

$o500_d.ptime
[1] 0.028

$o500_d.time
[1] 32.142

$o500_d.rmse
[1] 0.06975776

$c25_i.ptime
[1] 1.528

$c25_i.time
[1] 0.378

$c25_i.rmse
[1] 0.2420557

$c50_i.ptime
[1] 1.071

$c50_i.time
[1] 0.2

$c50_i.rmse
[1] 0.1735306

$c100_i.ptime
[1] 0.849

$c100_i.time
[1] 0.166

$c100_i.rmse
[1] 0.1446016

$c250_i.ptime
[1] 1.039

$c250_i.time
[1] 0.151

$c250_i.rmse
[1] 0.1004065

$c500_i.ptime
[1] 2.405

$c500_i.time
[1] 0.159

$c500_i.rmse
[1] 0.08728401

$c25_d.ptime
[1] 1.987

$c25_d.time
[1] 0.973

$c25_d.rmse
[1] 0.1796117

$c50_d.ptime
[1] 1.19

$c50_d.time
[1] 1.3

$c50_d.rmse
[1] 0.1310994

$c100_d.ptime
[1] 0.635

$c100_d.time
[1] 2.402

$c100_d.rmse
[1] 0.09946641

$c250_d.ptime
[1] 0.673

$c250_d.time
[1] 8.699

$c250_d.rmse
[1] 0.07275152

$c500_d.ptime
[1] 0.329

$c500_d.time
[1] 38.779

$c500_d.rmse
[1] 0.06126117

$s25.ptime
[1] 0.206

$s25.time
[1] 0.001

$s25.rmse
[1] 0.4979866

$s50.ptime
[1] 0.544

$s50.time
[1] 0.015

$s50.rmse
[1] 0.4220718

$s100.ptime
[1] 0.461

$s100.time
[1] 0.004

$s100.rmse
[1] 0.2974011

$s250.ptime
[1] 1.157

$s250.time
[1] 0.009

$s250.rmse
[1] 0.1858633

$s500.ptime
[1] 1.808

$s500.time
[1] 0.017

$s500.rmse
[1] 0.1236831

$s1000.ptime
[1] 3.471

$s1000.time
[1] 0.037

$s1000.rmse
[1] 0.08799895

$s2500.ptime
[1] 31.706

$s2500.time
[1] 0.099

$s2500.rmse
[1] 0.05289531

$s5000.ptime
[1] 254.898

$s5000.time
[1] 0.198

$s5000.rmse
[1] 0.04253284

        seed            p    full.time    full.rmse     l25.time     l25.rmse 
    2526.000       10.000        0.108        0.038        4.428        0.092 
    l50.time     l50.rmse    l100.time    l100.rmse    l250.time    l250.rmse 
       4.520        0.071        6.158        0.056       22.222        0.046 
   l500.time    l500.rmse  o25_i.ptime   o25_i.time   o25_i.rmse  o50_i.ptime 
     111.265        0.043        0.280        0.298        0.421        0.196 
  o50_i.time   o50_i.rmse o100_i.ptime  o100_i.time  o100_i.rmse o250_i.ptime 
       0.201        0.358        0.251        0.170        0.304        0.695 
 o250_i.time  o250_i.rmse o500_i.ptime  o500_i.time  o500_i.rmse  o25_d.ptime 
       0.161        0.178        1.878        0.599        0.118        0.605 
  o25_d.time   o25_d.rmse  o50_d.ptime   o50_d.time   o50_d.rmse o100_d.ptime 
       0.482        0.290        0.143        0.628        0.235        0.055 
 o100_d.time  o100_d.rmse o250_d.ptime  o250_d.time  o250_d.rmse o500_d.ptime 
       1.117        0.177        0.030        6.100        0.104        0.028 
 o500_d.time  o500_d.rmse  c25_i.ptime   c25_i.time   c25_i.rmse  c50_i.ptime 
      32.142        0.070        1.528        0.378        0.242        1.071 
  c50_i.time   c50_i.rmse c100_i.ptime  c100_i.time  c100_i.rmse c250_i.ptime 
       0.200        0.174        0.849        0.166        0.145        1.039 
 c250_i.time  c250_i.rmse c500_i.ptime  c500_i.time  c500_i.rmse  c25_d.ptime 
       0.151        0.100        2.405        0.159        0.087        1.987 
  c25_d.time   c25_d.rmse  c50_d.ptime   c50_d.time   c50_d.rmse c100_d.ptime 
       0.973        0.180        1.190        1.300        0.131        0.635 
 c100_d.time  c100_d.rmse c250_d.ptime  c250_d.time  c250_d.rmse c500_d.ptime 
       2.402        0.099        0.673        8.699        0.073        0.329 
 c500_d.time  c500_d.rmse    s25.ptime     s25.time     s25.rmse    s50.ptime 
      38.779        0.061        0.206        0.001        0.498        0.544 
    s50.time     s50.rmse   s100.ptime    s100.time    s100.rmse   s250.ptime 
       0.015        0.422        0.461        0.004        0.297        1.157 
   s250.time    s250.rmse   s500.ptime    s500.time    s500.rmse  s1000.ptime 
       0.009        0.186        1.808        0.017        0.124        3.471 
  s1000.time   s1000.rmse  s2500.ptime   s2500.time   s2500.rmse  s5000.ptime 
       0.037        0.088       31.706        0.099        0.053      254.898 
  s5000.time   s5000.rmse 
       0.198        0.043 
[1] 0.925546
$full.time
[1] 0.125

$full.rmse
[1] 0.03658616

$full.time
[1] 0.125

$full.rmse
[1] 0.03658616

$l25.time
[1] 4.535

$l25.rmse
[1] 0.08822584

$l50.time
[1] 4.69

$l50.rmse
[1] 0.06870822

$l100.time
[1] 6.015

$l100.rmse
[1] 0.05458465

$l250.time
[1] 22.764

$l250.rmse
[1] 0.04422099

$l500.time
[1] 112.039

$l500.rmse
[1] 0.04165844

$o25_i.ptime
[1] 0.281

$o25_i.time
[1] 0.294

$o25_i.rmse
[1] 0.4131945

$o50_i.ptime
[1] 0.197

$o50_i.time
[1] 0.207

$o50_i.rmse
[1] 0.3503766

$o100_i.ptime
[1] 0.248

$o100_i.time
[1] 0.169

$o100_i.rmse
[1] 0.2597732

$o250_i.ptime
[1] 0.703

$o250_i.time
[1] 0.155

$o250_i.rmse
[1] 0.1646568

$o500_i.ptime
[1] 2.023

$o500_i.time
[1] 0.162

$o500_i.rmse
[1] 0.1177728

$o25_d.ptime
[1] 1.094

$o25_d.time
[1] 0.46

$o25_d.rmse
[1] 0.2878408

$o50_d.ptime
[1] 0.145

$o50_d.time
[1] 0.558

$o50_d.rmse
[1] 0.2397248

$o100_d.ptime
[1] 0.061

$o100_d.time
[1] 1.046

$o100_d.rmse
[1] 0.1726144

$o250_d.ptime
[1] 0.036

$o250_d.time
[1] 6.206

$o250_d.rmse
[1] 0.1033578

$o500_d.ptime
[1] 0.026

$o500_d.time
[1] 33.785

$o500_d.rmse
[1] 0.06888252

$c25_i.ptime
[1] 1.649

$c25_i.time
[1] 0.324

$c25_i.rmse
[1] 0.2282072

$c50_i.ptime
[1] 1.202

$c50_i.time
[1] 0.232

$c50_i.rmse
[1] 0.1889331

$c100_i.ptime
[1] 0.851

$c100_i.time
[1] 0.187

$c100_i.rmse
[1] 0.1377895

$c250_i.ptime
[1] 0.957

$c250_i.time
[1] 0.161

$c250_i.rmse
[1] 0.1004596

$c500_i.ptime
[1] 2.136

$c500_i.time
[1] 0.177

$c500_i.rmse
[1] 0.08677768

$c25_d.ptime
[1] 1.918

$c25_d.time
[1] 1.012

$c25_d.rmse
[1] 0.181651

$c50_d.ptime
[1] 1.047

$c50_d.time
[1] 1.216

$c50_d.rmse
[1] 0.1433263

$c100_d.ptime
[1] 0.635

$c100_d.time
[1] 2.424

$c100_d.rmse
[1] 0.1039641

$c250_d.ptime
[1] 0.459

$c250_d.time
[1] 9.048

$c250_d.rmse
[1] 0.08290274

$c500_d.ptime
[1] 0.254

$c500_d.time
[1] 40.357

$c500_d.rmse
[1] 0.06451268

$s25.ptime
[1] 0.311

$s25.time
[1] 0.001

$s25.rmse
[1] 0.4999184

$s50.ptime
[1] 0.494

$s50.time
[1] 0.002

$s50.rmse
[1] 0.3916796

$s100.ptime
[1] 0.677

$s100.time
[1] 0.004

$s100.rmse
[1] 0.2911636

$s250.ptime
[1] 1.355

$s250.time
[1] 0.007

$s250.rmse
[1] 0.1909548

$s500.ptime
[1] 1.482

$s500.time
[1] 0.016

$s500.rmse
[1] 0.1346102

$s1000.ptime
[1] 3.14

$s1000.time
[1] 0.039

$s1000.rmse
[1] 0.08835353

$s2500.ptime
[1] 18.355

$s2500.time
[1] 0.092

$s2500.rmse
[1] 0.05380328

$s5000.ptime
[1] 109.81

$s5000.time
[1] 0.189

$s5000.rmse
[1] 0.04208621

        seed            p    full.time    full.rmse     l25.time     l25.rmse 
    2527.000       10.000        0.125        0.037        4.535        0.088 
    l50.time     l50.rmse    l100.time    l100.rmse    l250.time    l250.rmse 
       4.690        0.069        6.015        0.055       22.764        0.044 
   l500.time    l500.rmse  o25_i.ptime   o25_i.time   o25_i.rmse  o50_i.ptime 
     112.039        0.042        0.281        0.294        0.413        0.197 
  o50_i.time   o50_i.rmse o100_i.ptime  o100_i.time  o100_i.rmse o250_i.ptime 
       0.207        0.350        0.248        0.169        0.260        0.703 
 o250_i.time  o250_i.rmse o500_i.ptime  o500_i.time  o500_i.rmse  o25_d.ptime 
       0.155        0.165        2.023        0.162        0.118        1.094 
  o25_d.time   o25_d.rmse  o50_d.ptime   o50_d.time   o50_d.rmse o100_d.ptime 
       0.460        0.288        0.145        0.558        0.240        0.061 
 o100_d.time  o100_d.rmse o250_d.ptime  o250_d.time  o250_d.rmse o500_d.ptime 
       1.046        0.173        0.036        6.206        0.103        0.026 
 o500_d.time  o500_d.rmse  c25_i.ptime   c25_i.time   c25_i.rmse  c50_i.ptime 
      33.785        0.069        1.649        0.324        0.228        1.202 
  c50_i.time   c50_i.rmse c100_i.ptime  c100_i.time  c100_i.rmse c250_i.ptime 
       0.232        0.189        0.851        0.187        0.138        0.957 
 c250_i.time  c250_i.rmse c500_i.ptime  c500_i.time  c500_i.rmse  c25_d.ptime 
       0.161        0.100        2.136        0.177        0.087        1.918 
  c25_d.time   c25_d.rmse  c50_d.ptime   c50_d.time   c50_d.rmse c100_d.ptime 
       1.012        0.182        1.047        1.216        0.143        0.635 
 c100_d.time  c100_d.rmse c250_d.ptime  c250_d.time  c250_d.rmse c500_d.ptime 
       2.424        0.104        0.459        9.048        0.083        0.254 
 c500_d.time  c500_d.rmse    s25.ptime     s25.time     s25.rmse    s50.ptime 
      40.357        0.065        0.311        0.001        0.500        0.494 
    s50.time     s50.rmse   s100.ptime    s100.time    s100.rmse   s250.ptime 
       0.002        0.392        0.677        0.004        0.291        1.355 
   s250.time    s250.rmse   s500.ptime    s500.time    s500.rmse  s1000.ptime 
       0.007        0.191        1.482        0.016        0.135        3.140 
  s1000.time   s1000.rmse  s2500.ptime   s2500.time   s2500.rmse  s5000.ptime 
       0.039        0.088       18.355        0.092        0.054      109.810 
  s5000.time   s5000.rmse 
       0.189        0.042 
[1] 1.007746
$full.time
[1] 0.081

$full.rmse
[1] 0.03983752

$full.time
[1] 0.081

$full.rmse
[1] 0.03983752

$l25.time
[1] 3.985

$l25.rmse
[1] 0.08614655

$l50.time
[1] 4.226

$l50.rmse
[1] 0.06801094

$l100.time
[1] 5.537

$l100.rmse
[1] 0.05462075

$l250.time
[1] 20.606

$l250.rmse
[1] 0.04727579

$l500.time
[1] 102.455

$l500.rmse
[1] 0.04436699

$o25_i.ptime
[1] 0.26

$o25_i.time
[1] 0.264

$o25_i.rmse
[1] 0.4425811

$o50_i.ptime
[1] 0.178

$o50_i.time
[1] 0.183

$o50_i.rmse
[1] 0.3102203

$o100_i.ptime
[1] 0.224

$o100_i.time
[1] 0.153

$o100_i.rmse
[1] 0.2807087

$o250_i.ptime
[1] 0.627

$o250_i.time
[1] 0.138

$o250_i.rmse
[1] 0.157417

$o500_i.ptime
[1] 1.782

$o500_i.time
[1] 0.577

$o500_i.rmse
[1] 0.1094399

$o25_d.ptime
[1] 0.61

$o25_d.time
[1] 0.462

$o25_d.rmse
[1] 0.2877976

$o50_d.ptime
[1] 0.139

$o50_d.time
[1] 0.574

$o50_d.rmse
[1] 0.2056552

$o100_d.ptime
[1] 0.059

$o100_d.time
[1] 1.202

$o100_d.rmse
[1] 0.1690859

$o250_d.ptime
[1] 0.028

$o250_d.time
[1] 5.681

$o250_d.rmse
[1] 0.09410756

$o500_d.ptime
[1] 0.082

$o500_d.time
[1] 30.811

$o500_d.rmse
[1] 0.06979804

$c25_i.ptime
[1] 1.596

$c25_i.time
[1] 0.311

$c25_i.rmse
[1] 0.2207838

$c50_i.ptime
[1] 0.982

$c50_i.time
[1] 0.219

$c50_i.rmse
[1] 0.1739183

$c100_i.ptime
[1] 0.961

$c100_i.time
[1] 0.175

$c100_i.rmse
[1] 0.1347729

$c250_i.ptime
[1] 1.102

$c250_i.time
[1] 0.154

$c250_i.rmse
[1] 0.0986195

$c500_i.ptime
[1] 2.121

$c500_i.time
[1] 0.175

$c500_i.rmse
[1] 0.08114211

$c25_d.ptime
[1] 1.744

$c25_d.time
[1] 0.918

$c25_d.rmse
[1] 0.178886

$c50_d.ptime
[1] 0.997

$c50_d.time
[1] 1.088

$c50_d.rmse
[1] 0.1354238

$c100_d.ptime
[1] 0.63

$c100_d.time
[1] 2.282

$c100_d.rmse
[1] 0.1060573

$c250_d.ptime
[1] 0.42

$c250_d.time
[1] 8.598

$c250_d.rmse
[1] 0.0751474

$c500_d.ptime
[1] 0.442

$c500_d.time
[1] 36.621

$c500_d.rmse
[1] 0.06212912

$s25.ptime
[1] 0.324

$s25.time
[1] 0.001

$s25.rmse
[1] 0.6318696

$s50.ptime
[1] 0.448

$s50.time
[1] 0.001

$s50.rmse
[1] 0.5080027

$s100.ptime
[1] 0.519

$s100.time
[1] 0.003

$s100.rmse
[1] 0.302471

$s250.ptime
[1] 1.095

$s250.time
[1] 0.008

$s250.rmse
[1] 0.1694384

$s500.ptime
[1] 1.704

$s500.time
[1] 0.017

$s500.rmse
[1] 0.1186841

$s1000.ptime
[1] 2.927

$s1000.time
[1] 0.034

$s1000.rmse
[1] 0.07964881

$s2500.ptime
[1] 28.187

$s2500.time
[1] 0.084

$s2500.rmse
[1] 0.05503658

$s5000.ptime
[1] 142.98

$s5000.time
[1] 0.185

$s5000.rmse
[1] 0.04370057

        seed            p    full.time    full.rmse     l25.time     l25.rmse 
    2528.000       10.000        0.081        0.040        3.985        0.086 
    l50.time     l50.rmse    l100.time    l100.rmse    l250.time    l250.rmse 
       4.226        0.068        5.537        0.055       20.606        0.047 
   l500.time    l500.rmse  o25_i.ptime   o25_i.time   o25_i.rmse  o50_i.ptime 
     102.455        0.044        0.260        0.264        0.443        0.178 
  o50_i.time   o50_i.rmse o100_i.ptime  o100_i.time  o100_i.rmse o250_i.ptime 
       0.183        0.310        0.224        0.153        0.281        0.627 
 o250_i.time  o250_i.rmse o500_i.ptime  o500_i.time  o500_i.rmse  o25_d.ptime 
       0.138        0.157        1.782        0.577        0.109        0.610 
  o25_d.time   o25_d.rmse  o50_d.ptime   o50_d.time   o50_d.rmse o100_d.ptime 
       0.462        0.288        0.139        0.574        0.206        0.059 
 o100_d.time  o100_d.rmse o250_d.ptime  o250_d.time  o250_d.rmse o500_d.ptime 
       1.202        0.169        0.028        5.681        0.094        0.082 
 o500_d.time  o500_d.rmse  c25_i.ptime   c25_i.time   c25_i.rmse  c50_i.ptime 
      30.811        0.070        1.596        0.311        0.221        0.982 
  c50_i.time   c50_i.rmse c100_i.ptime  c100_i.time  c100_i.rmse c250_i.ptime 
       0.219        0.174        0.961        0.175        0.135        1.102 
 c250_i.time  c250_i.rmse c500_i.ptime  c500_i.time  c500_i.rmse  c25_d.ptime 
       0.154        0.099        2.121        0.175        0.081        1.744 
  c25_d.time   c25_d.rmse  c50_d.ptime   c50_d.time   c50_d.rmse c100_d.ptime 
       0.918        0.179        0.997        1.088        0.135        0.630 
 c100_d.time  c100_d.rmse c250_d.ptime  c250_d.time  c250_d.rmse c500_d.ptime 
       2.282        0.106        0.420        8.598        0.075        0.442 
 c500_d.time  c500_d.rmse    s25.ptime     s25.time     s25.rmse    s50.ptime 
      36.621        0.062        0.324        0.001        0.632        0.448 
    s50.time     s50.rmse   s100.ptime    s100.time    s100.rmse   s250.ptime 
       0.001        0.508        0.519        0.003        0.302        1.095 
   s250.time    s250.rmse   s500.ptime    s500.time    s500.rmse  s1000.ptime 
       0.008        0.169        1.704        0.017        0.119        2.927 
  s1000.time   s1000.rmse  s2500.ptime   s2500.time   s2500.rmse  s5000.ptime 
       0.034        0.080       28.187        0.084        0.055      142.980 
  s5000.time   s5000.rmse 
       0.185        0.044 
  seed  p full.time  full.rmse l25.time   l25.rmse l50.time   l50.rmse
1 2524 10     0.072 0.03761074    3.951 0.09416695    4.306 0.06928458
2 2525 10     0.094 0.03792486    4.618 0.09262890    4.523 0.07187314
3 2526 10     0.108 0.03808618    4.428 0.09174966    4.520 0.07060614
4 2527 10     0.125 0.03658616    4.535 0.08822584    4.690 0.06870822
5 2528 10     0.081 0.03983752    3.985 0.08614655    4.226 0.06801094
  l100.time  l100.rmse l250.time  l250.rmse l500.time  l500.rmse o25_i.ptime
1     5.662 0.05483620    21.600 0.04639433   102.592 0.04297031       0.241
2     6.251 0.05499992    24.537 0.04668746   122.066 0.04312336       0.306
3     6.158 0.05621693    22.222 0.04630539   111.265 0.04307360       0.280
4     6.015 0.05458465    22.764 0.04422099   112.039 0.04165844       0.281
5     5.537 0.05462075    20.606 0.04727579   102.455 0.04436699       0.260
  o25_i.time o25_i.rmse o50_i.ptime o50_i.time o50_i.rmse o100_i.ptime
1      0.253  0.4283331       0.606      0.177  0.3485701        0.217
2      0.319  0.4034272       0.226      0.206  0.3372534        0.278
3      0.298  0.4213808       0.196      0.201  0.3579636        0.251
4      0.294  0.4131945       0.197      0.207  0.3503766        0.248
5      0.264  0.4425811       0.178      0.183  0.3102203        0.224
  o100_i.time o100_i.rmse o250_i.ptime o250_i.time o250_i.rmse o500_i.ptime
1       0.145   0.2910064        0.621       0.129   0.1953509        1.829
2       0.210   0.2872099        0.797       0.728   0.1658481        2.194
3       0.170   0.3035385        0.695       0.161   0.1783351        1.878
4       0.169   0.2597732        0.703       0.155   0.1646568        2.023
5       0.153   0.2807087        0.627       0.138   0.1574170        1.782
  o500_i.time o500_i.rmse o25_d.ptime o25_d.time o25_d.rmse o50_d.ptime
1       0.173   0.1165482       0.661      0.484  0.3133610       0.141
2       0.180   0.1229710       0.647      0.539  0.2891374       0.136
3       0.599   0.1179361       0.605      0.482  0.2895403       0.143
4       0.162   0.1177728       1.094      0.460  0.2878408       0.145
5       0.577   0.1094399       0.610      0.462  0.2877976       0.139
  o50_d.time o50_d.rmse o100_d.ptime o100_d.time o100_d.rmse o250_d.ptime
1      0.578  0.2288481        0.056       1.181   0.1755352        0.029
2      0.656  0.2250501        0.064       1.355   0.1778652        0.030
3      0.628  0.2352722        0.055       1.117   0.1772520        0.030
4      0.558  0.2397248        0.061       1.046   0.1726144        0.036
5      0.574  0.2056552        0.059       1.202   0.1690859        0.028
  o250_d.time o250_d.rmse o500_d.ptime o500_d.time o500_d.rmse c25_i.ptime
1       6.262  0.10853142        0.103      25.954  0.07081559       1.471
2       6.144  0.10515469        0.110      28.044  0.07303964       1.623
3       6.100  0.10358085        0.028      32.142  0.06975776       1.528
4       6.206  0.10335781        0.026      33.785  0.06888252       1.649
5       5.681  0.09410756        0.082      30.811  0.06979804       1.596
  c25_i.time c25_i.rmse c50_i.ptime c50_i.time c50_i.rmse c100_i.ptime
1      0.262  0.2239254       0.879      0.177  0.1777371        0.754
2      0.304  0.2266901       1.150      0.203  0.1839135        0.815
3      0.378  0.2420557       1.071      0.200  0.1735306        0.849
4      0.324  0.2282072       1.202      0.232  0.1889331        0.851
5      0.311  0.2207838       0.982      0.219  0.1739183        0.961
  c100_i.time c100_i.rmse c250_i.ptime c250_i.time c250_i.rmse c500_i.ptime
1       0.159   0.1402420        0.991       0.147   0.1097230        2.148
2       0.169   0.1317605        1.051       0.138   0.1118611        2.334
3       0.166   0.1446016        1.039       0.151   0.1004065        2.405
4       0.187   0.1377895        0.957       0.161   0.1004596        2.136
5       0.175   0.1347729        1.102       0.154   0.0986195        2.121
  c500_i.time c500_i.rmse c25_d.ptime c25_d.time c25_d.rmse c50_d.ptime
1       0.171  0.08046429       1.814      0.912  0.1790800       1.351
2       0.161  0.08404674       1.771      0.926  0.1774432       1.180
3       0.159  0.08728401       1.987      0.973  0.1796117       1.190
4       0.177  0.08677768       1.918      1.012  0.1816510       1.047
5       0.175  0.08114211       1.744      0.918  0.1788860       0.997
  c50_d.time c50_d.rmse c100_d.ptime c100_d.time c100_d.rmse c250_d.ptime
1      1.168  0.1295572        0.579       2.208  0.10221365        0.470
2      1.220  0.1447192        0.620       2.422  0.10693464        0.469
3      1.300  0.1310994        0.635       2.402  0.09946641        0.673
4      1.216  0.1433263        0.635       2.424  0.10396407        0.459
5      1.088  0.1354238        0.630       2.282  0.10605728        0.420
  c250_d.time c250_d.rmse c500_d.ptime c500_d.time c500_d.rmse s25.ptime
1       8.077  0.07682014        0.346      36.821  0.06165585     0.298
2       8.930  0.08219050        0.374      37.450  0.06043868     0.447
3       8.699  0.07275152        0.329      38.779  0.06126117     0.206
4       9.048  0.08290274        0.254      40.357  0.06451268     0.311
5       8.598  0.07514740        0.442      36.621  0.06212912     0.324
  s25.time  s25.rmse s50.ptime s50.time  s50.rmse s100.ptime s100.time
1    0.001 0.5357472     0.492    0.002 0.4131903      0.753     0.002
2    0.000 0.4919470     0.869    0.001 0.4084939      0.716     0.003
3    0.001 0.4979866     0.544    0.015 0.4220718      0.461     0.004
4    0.001 0.4999184     0.494    0.002 0.3916796      0.677     0.004
5    0.001 0.6318696     0.448    0.001 0.5080027      0.519     0.003
  s100.rmse s250.ptime s250.time s250.rmse s500.ptime s500.time s500.rmse
1 0.3338573      1.029     0.007 0.1918497      1.824     0.016 0.1183190
2 0.3169849      1.095     0.009 0.1789955      1.728     0.017 0.1228252
3 0.2974011      1.157     0.009 0.1858633      1.808     0.017 0.1236831
4 0.2911636      1.355     0.007 0.1909548      1.482     0.016 0.1346102
5 0.3024710      1.095     0.008 0.1694384      1.704     0.017 0.1186841
  s1000.ptime s1000.time s1000.rmse s2500.ptime s2500.time s2500.rmse
1       3.490      0.034 0.07929892      25.592      0.090 0.05207169
2       3.447      0.036 0.08708649      28.767      0.100 0.05270400
3       3.471      0.037 0.08799895      31.706      0.099 0.05289531
4       3.140      0.039 0.08835353      18.355      0.092 0.05380328
5       2.927      0.034 0.07964881      28.187      0.084 0.05503658
  s5000.ptime s5000.time s5000.rmse
1     165.516      0.179 0.04121213
2     213.177      0.173 0.04234175
3     254.898      0.198 0.04253284
4     109.810      0.189 0.04208621
5     142.980      0.185 0.04370057
> 
> proc.time()
    user   system  elapsed 
4259.047   52.513 4390.989 
