
R version 3.0.3 (2014-03-06) -- "Warm Puppy"
Copyright (C) 2014 The R Foundation for Statistical Computing
Platform: x86_64-unknown-linux-gnu (64-bit)

R is free software and comes with ABSOLUTELY NO WARRANTY.
You are welcome to redistribute it under certain conditions.
Type 'license()' or 'licence()' for distribution details.

  Natural language support but running in an English locale

R is a collaborative project with many contributors.
Type 'contributors()' for more information and
'citation()' on how to cite R or R packages in publications.

Type 'demo()' for some demos, 'help()' for on-line help, or
'help.start()' for an HTML browser interface to help.
Type 'q()' to quit R.

> print(.libPaths())
[1] "/usr/local/r-3.0.3/lib64/R/library"
> .libPaths("/mnt/home/rjparker/Rlib")
> print(.libPaths())
[1] "/mnt/home/rjparker/Rlib"            "/usr/local/r-3.0.3/lib64/R/library"
> setwd("/mnt/home/rjparker/git/block_int")
> 
> which_exp <- 6
> which_part <- 8
> source("R/sim_nblocks_pred.R")
Loading required package: spam
Loading required package: grid
Spam version 0.41-0 (2014-02-26) is loaded.
Type 'help( Spam)' or 'demo( spam)' for a short introduction 
and overview of this package.
Help for individual functions is also obtained by adding the
suffix '.spam' to the function name, e.g. 'help( chol.spam)'.

Attaching package: ‘spam’

The following objects are masked from ‘package:base’:

    backsolve, forwardsolve

Loading required package: maps
  pred  p b tau Nper_p Npred Fzero sigma2
6 TRUE 10 4  10  10000  1000     0      1
[1] 0.9778467
$full.time
[1] 0.134

$full.rmse
[1] 0.04021022

$full.time
[1] 0.134

$full.rmse
[1] 0.04021022

$l25.time
[1] 4.388

$l25.rmse
[1] 0.08992586

$l50.time
[1] 4.548

$l50.rmse
[1] 0.07091169

$l100.time
[1] 6.094

$l100.rmse
[1] 0.05662167

$l250.time
[1] 23.597

$l250.rmse
[1] 0.0476523

$l500.time
[1] 108.339

$l500.rmse
[1] 0.04456617

$o25_i.ptime
[1] 0.337

$o25_i.time
[1] 0.279

$o25_i.rmse
[1] 0.4327269

$o50_i.ptime
[1] 0.695

$o50_i.time
[1] 0.178

$o50_i.rmse
[1] 0.3554945

$o100_i.ptime
[1] 0.282

$o100_i.time
[1] 0.198

$o100_i.rmse
[1] 0.2606496

$o250_i.ptime
[1] 0.72

$o250_i.time
[1] 0.172

$o250_i.rmse
[1] 0.1675685

$o500_i.ptime
[1] 2.124

$o500_i.time
[1] 0.147

$o500_i.rmse
[1] 0.11165

$o25_d.ptime
[1] 0.721

$o25_d.time
[1] 0.605

$o25_d.rmse
[1] 0.2966281

$o50_d.ptime
[1] 0.144

$o50_d.time
[1] 0.683

$o50_d.rmse
[1] 0.2314636

$o100_d.ptime
[1] 0.055

$o100_d.time
[1] 1.298

$o100_d.rmse
[1] 0.1481136

$o250_d.ptime
[1] 0.035

$o250_d.time
[1] 6.248

$o250_d.rmse
[1] 0.09843305

$o500_d.ptime
[1] 0.032

$o500_d.time
[1] 26.585

$o500_d.rmse
[1] 0.07214566

$c25_i.ptime
[1] 1.617

$c25_i.time
[1] 0.29

$c25_i.rmse
[1] 0.2360693

$c50_i.ptime
[1] 1.123

$c50_i.time
[1] 0.186

$c50_i.rmse
[1] 0.1670237

$c100_i.ptime
[1] 1.031

$c100_i.time
[1] 0.162

$c100_i.rmse
[1] 0.1379035

$c250_i.ptime
[1] 1.252

$c250_i.time
[1] 0.144

$c250_i.rmse
[1] 0.1003689

$c500_i.ptime
[1] 2.621

$c500_i.time
[1] 0.184

$c500_i.rmse
[1] 0.08073074

$c25_d.ptime
[1] 2.276

$c25_d.time
[1] 1.122

$c25_d.rmse
[1] 0.1683551

$c50_d.ptime
[1] 1.369

$c50_d.time
[1] 1.402

$c50_d.rmse
[1] 0.1297768

$c100_d.ptime
[1] 0.666

$c100_d.time
[1] 2.582

$c100_d.rmse
[1] 0.1064823

$c250_d.ptime
[1] 0.655

$c250_d.time
[1] 9.597

$c250_d.rmse
[1] 0.07512978

$c500_d.ptime
[1] 0.24

$c500_d.time
[1] 37.782

$c500_d.rmse
[1] 0.06580119

$s25.ptime
[1] 0.556

$s25.time
[1] 0.001

$s25.rmse
[1] 0.6349328

$s50.ptime
[1] 0.517

$s50.time
[1] 0.002

$s50.rmse
[1] 0.452001

$s100.ptime
[1] 0.732

$s100.time
[1] 0.003

$s100.rmse
[1] 0.3318515

$s250.ptime
[1] 1.241

$s250.time
[1] 0.008

$s250.rmse
[1] 0.1821533

$s500.ptime
[1] 1.752

$s500.time
[1] 0.016

$s500.rmse
[1] 0.1250364

$s1000.ptime
[1] 3.47

$s1000.time
[1] 0.038

$s1000.rmse
[1] 0.08270859

$s2500.ptime
[1] 22.78

$s2500.time
[1] 0.113

$s2500.rmse
[1] 0.05408899

$s5000.ptime
[1] 180.774

$s5000.time
[1] 0.166

$s5000.rmse
[1] 0.04387344

        seed            p    full.time    full.rmse     l25.time     l25.rmse 
    2519.000       10.000        0.134        0.040        4.388        0.090 
    l50.time     l50.rmse    l100.time    l100.rmse    l250.time    l250.rmse 
       4.548        0.071        6.094        0.057       23.597        0.048 
   l500.time    l500.rmse  o25_i.ptime   o25_i.time   o25_i.rmse  o50_i.ptime 
     108.339        0.045        0.337        0.279        0.433        0.695 
  o50_i.time   o50_i.rmse o100_i.ptime  o100_i.time  o100_i.rmse o250_i.ptime 
       0.178        0.355        0.282        0.198        0.261        0.720 
 o250_i.time  o250_i.rmse o500_i.ptime  o500_i.time  o500_i.rmse  o25_d.ptime 
       0.172        0.168        2.124        0.147        0.112        0.721 
  o25_d.time   o25_d.rmse  o50_d.ptime   o50_d.time   o50_d.rmse o100_d.ptime 
       0.605        0.297        0.144        0.683        0.231        0.055 
 o100_d.time  o100_d.rmse o250_d.ptime  o250_d.time  o250_d.rmse o500_d.ptime 
       1.298        0.148        0.035        6.248        0.098        0.032 
 o500_d.time  o500_d.rmse  c25_i.ptime   c25_i.time   c25_i.rmse  c50_i.ptime 
      26.585        0.072        1.617        0.290        0.236        1.123 
  c50_i.time   c50_i.rmse c100_i.ptime  c100_i.time  c100_i.rmse c250_i.ptime 
       0.186        0.167        1.031        0.162        0.138        1.252 
 c250_i.time  c250_i.rmse c500_i.ptime  c500_i.time  c500_i.rmse  c25_d.ptime 
       0.144        0.100        2.621        0.184        0.081        2.276 
  c25_d.time   c25_d.rmse  c50_d.ptime   c50_d.time   c50_d.rmse c100_d.ptime 
       1.122        0.168        1.369        1.402        0.130        0.666 
 c100_d.time  c100_d.rmse c250_d.ptime  c250_d.time  c250_d.rmse c500_d.ptime 
       2.582        0.106        0.655        9.597        0.075        0.240 
 c500_d.time  c500_d.rmse    s25.ptime     s25.time     s25.rmse    s50.ptime 
      37.782        0.066        0.556        0.001        0.635        0.517 
    s50.time     s50.rmse   s100.ptime    s100.time    s100.rmse   s250.ptime 
       0.002        0.452        0.732        0.003        0.332        1.241 
   s250.time    s250.rmse   s500.ptime    s500.time    s500.rmse  s1000.ptime 
       0.008        0.182        1.752        0.016        0.125        3.470 
  s1000.time   s1000.rmse  s2500.ptime   s2500.time   s2500.rmse  s5000.ptime 
       0.038        0.083       22.780        0.113        0.054      180.774 
  s5000.time   s5000.rmse 
       0.166        0.044 
[1] 0.8509326
$full.time
[1] 0.082

$full.rmse
[1] 0.03846535

$full.time
[1] 0.082

$full.rmse
[1] 0.03846535

$l25.time
[1] 4.21

$l25.rmse
[1] 0.09409137

$l50.time
[1] 4.407

$l50.rmse
[1] 0.06975045

$l100.time
[1] 5.935

$l100.rmse
[1] 0.05546403

$l250.time
[1] 21.628

$l250.rmse
[1] 0.04672162

$l500.time
[1] 112.546

$l500.rmse
[1] 0.04343899

$o25_i.ptime
[1] 0.383

$o25_i.time
[1] 0.419

$o25_i.rmse
[1] 0.4821058

$o50_i.ptime
[1] 0.291

$o50_i.time
[1] 0.264

$o50_i.rmse
[1] 0.3980264

$o100_i.ptime
[1] 0.317

$o100_i.time
[1] 0.21

$o100_i.rmse
[1] 0.2528058

$o250_i.ptime
[1] 0.757

$o250_i.time
[1] 0.969

$o250_i.rmse
[1] 0.1627606

$o500_i.ptime
[1] 2.081

$o500_i.time
[1] 0.153

$o500_i.rmse
[1] 0.1104366

$o25_d.ptime
[1] 0.698

$o25_d.time
[1] 0.573

$o25_d.rmse
[1] 0.3207737

$o50_d.ptime
[1] 0.142

$o50_d.time
[1] 0.697

$o50_d.rmse
[1] 0.2223465

$o100_d.ptime
[1] 0.055

$o100_d.time
[1] 1.29

$o100_d.rmse
[1] 0.1640092

$o250_d.ptime
[1] 0.026

$o250_d.time
[1] 5.154

$o250_d.rmse
[1] 0.1026331

$o500_d.ptime
[1] 0.025

$o500_d.time
[1] 24.782

$o500_d.rmse
[1] 0.06733749

$c25_i.ptime
[1] 1.623

$c25_i.time
[1] 0.379

$c25_i.rmse
[1] 0.2437012

$c50_i.ptime
[1] 1.267

$c50_i.time
[1] 0.241

$c50_i.rmse
[1] 0.1856009

$c100_i.ptime
[1] 1.136

$c100_i.time
[1] 0.211

$c100_i.rmse
[1] 0.1302244

$c250_i.ptime
[1] 1.256

$c250_i.time
[1] 0.156

$c250_i.rmse
[1] 0.09863428

$c500_i.ptime
[1] 2.478

$c500_i.time
[1] 0.166

$c500_i.rmse
[1] 0.0796275

$c25_d.ptime
[1] 2.442

$c25_d.time
[1] 1.174

$c25_d.rmse
[1] 0.1765062

$c50_d.ptime
[1] 1.564

$c50_d.time
[1] 1.404

$c50_d.rmse
[1] 0.1316776

$c100_d.ptime
[1] 0.779

$c100_d.time
[1] 2.618

$c100_d.rmse
[1] 0.1027183

$c250_d.ptime
[1] 0.395

$c250_d.time
[1] 9.799

$c250_d.rmse
[1] 0.07483504

$c500_d.ptime
[1] 0.322

$c500_d.time
[1] 36.022

$c500_d.rmse
[1] 0.06458416

$s25.ptime
[1] 0.345

$s25.time
[1] 0.001

$s25.rmse
[1] 0.549594

$s50.ptime
[1] 0.484

$s50.time
[1] 0.002

$s50.rmse
[1] 0.4459793

$s100.ptime
[1] 0.713

$s100.time
[1] 0.004

$s100.rmse
[1] 0.3139408

$s250.ptime
[1] 1.069

$s250.time
[1] 0.008

$s250.rmse
[1] 0.1769046

$s500.ptime
[1] 1.798

$s500.time
[1] 0.018

$s500.rmse
[1] 0.125236

$s1000.ptime
[1] 3.353

$s1000.time
[1] 0.035

$s1000.rmse
[1] 0.08217349

$s2500.ptime
[1] 23.644

$s2500.time
[1] 0.143

$s2500.rmse
[1] 0.05547444

$s5000.ptime
[1] 171.503

$s5000.time
[1] 0.185

$s5000.rmse
[1] 0.04261687

        seed            p    full.time    full.rmse     l25.time     l25.rmse 
    2520.000       10.000        0.082        0.038        4.210        0.094 
    l50.time     l50.rmse    l100.time    l100.rmse    l250.time    l250.rmse 
       4.407        0.070        5.935        0.055       21.628        0.047 
   l500.time    l500.rmse  o25_i.ptime   o25_i.time   o25_i.rmse  o50_i.ptime 
     112.546        0.043        0.383        0.419        0.482        0.291 
  o50_i.time   o50_i.rmse o100_i.ptime  o100_i.time  o100_i.rmse o250_i.ptime 
       0.264        0.398        0.317        0.210        0.253        0.757 
 o250_i.time  o250_i.rmse o500_i.ptime  o500_i.time  o500_i.rmse  o25_d.ptime 
       0.969        0.163        2.081        0.153        0.110        0.698 
  o25_d.time   o25_d.rmse  o50_d.ptime   o50_d.time   o50_d.rmse o100_d.ptime 
       0.573        0.321        0.142        0.697        0.222        0.055 
 o100_d.time  o100_d.rmse o250_d.ptime  o250_d.time  o250_d.rmse o500_d.ptime 
       1.290        0.164        0.026        5.154        0.103        0.025 
 o500_d.time  o500_d.rmse  c25_i.ptime   c25_i.time   c25_i.rmse  c50_i.ptime 
      24.782        0.067        1.623        0.379        0.244        1.267 
  c50_i.time   c50_i.rmse c100_i.ptime  c100_i.time  c100_i.rmse c250_i.ptime 
       0.241        0.186        1.136        0.211        0.130        1.256 
 c250_i.time  c250_i.rmse c500_i.ptime  c500_i.time  c500_i.rmse  c25_d.ptime 
       0.156        0.099        2.478        0.166        0.080        2.442 
  c25_d.time   c25_d.rmse  c50_d.ptime   c50_d.time   c50_d.rmse c100_d.ptime 
       1.174        0.177        1.564        1.404        0.132        0.779 
 c100_d.time  c100_d.rmse c250_d.ptime  c250_d.time  c250_d.rmse c500_d.ptime 
       2.618        0.103        0.395        9.799        0.075        0.322 
 c500_d.time  c500_d.rmse    s25.ptime     s25.time     s25.rmse    s50.ptime 
      36.022        0.065        0.345        0.001        0.550        0.484 
    s50.time     s50.rmse   s100.ptime    s100.time    s100.rmse   s250.ptime 
       0.002        0.446        0.713        0.004        0.314        1.069 
   s250.time    s250.rmse   s500.ptime    s500.time    s500.rmse  s1000.ptime 
       0.008        0.177        1.798        0.018        0.125        3.353 
  s1000.time   s1000.rmse  s2500.ptime   s2500.time   s2500.rmse  s5000.ptime 
       0.035        0.082       23.644        0.143        0.055      171.503 
  s5000.time   s5000.rmse 
       0.185        0.043 
[1] 0.8091495
$full.time
[1] 0.085

$full.rmse
[1] 0.03840248

$full.time
[1] 0.085

$full.rmse
[1] 0.03840248

$l25.time
[1] 4.251

$l25.rmse
[1] 0.09027843

$l50.time
[1] 4.364

$l50.rmse
[1] 0.07033734

$l100.time
[1] 5.878

$l100.rmse
[1] 0.05558726

$l250.time
[1] 22.087

$l250.rmse
[1] 0.04720091

$l500.time
[1] 110.943

$l500.rmse
[1] 0.04410105

$o25_i.ptime
[1] 0.356

$o25_i.time
[1] 0.376

$o25_i.rmse
[1] 0.4596411

$o50_i.ptime
[1] 0.198

$o50_i.time
[1] 0.202

$o50_i.rmse
[1] 0.3751037

$o100_i.ptime
[1] 0.302

$o100_i.time
[1] 0.225

$o100_i.rmse
[1] 0.2931205

$o250_i.ptime
[1] 0.743

$o250_i.time
[1] 0.165

$o250_i.rmse
[1] 0.1784036

$o500_i.ptime
[1] 2.076

$o500_i.time
[1] 0.525

$o500_i.rmse
[1] 0.1151563

$o25_d.ptime
[1] 0.707

$o25_d.time
[1] 0.6

$o25_d.rmse
[1] 0.3404358

$o50_d.ptime
[1] 0.171

$o50_d.time
[1] 0.714

$o50_d.rmse
[1] 0.2370675

$o100_d.ptime
[1] 0.076

$o100_d.time
[1] 1.452

$o100_d.rmse
[1] 0.173814

$o250_d.ptime
[1] 0.042

$o250_d.time
[1] 5.869

$o250_d.rmse
[1] 0.1087443

$o500_d.ptime
[1] 0.026

$o500_d.time
[1] 28.306

$o500_d.rmse
[1] 0.07423508

$c25_i.ptime
[1] 1.783

$c25_i.time
[1] 0.515

$c25_i.rmse
[1] 0.2417775

$c50_i.ptime
[1] 1.323

$c50_i.time
[1] 0.245

$c50_i.rmse
[1] 0.1707082

$c100_i.ptime
[1] 0.836

$c100_i.time
[1] 0.186

$c100_i.rmse
[1] 0.1430425

$c250_i.ptime
[1] 1.438

$c250_i.time
[1] 0.164

$c250_i.rmse
[1] 0.1084482

$c500_i.ptime
[1] 2.542

$c500_i.time
[1] 0.19

$c500_i.rmse
[1] 0.08240934

$c25_d.ptime
[1] 1.963

$c25_d.time
[1] 1.127

$c25_d.rmse
[1] 0.1775899

$c50_d.ptime
[1] 1.115

$c50_d.time
[1] 1.485

$c50_d.rmse
[1] 0.1382725

$c100_d.ptime
[1] 0.661

$c100_d.time
[1] 2.649

$c100_d.rmse
[1] 0.1049958

$c250_d.ptime
[1] 0.697

$c250_d.time
[1] 9.32

$c250_d.rmse
[1] 0.08176709

$c500_d.ptime
[1] 0.449

$c500_d.time
[1] 35.631

$c500_d.rmse
[1] 0.06592153

$s25.ptime
[1] 0.478

$s25.time
[1] 0.001

$s25.rmse
[1] 0.6179281

$s50.ptime
[1] 0.495

$s50.time
[1] 0.002

$s50.rmse
[1] 0.4116029

$s100.ptime
[1] 0.631

$s100.time
[1] 0.004

$s100.rmse
[1] 0.2981462

$s250.ptime
[1] 1.406

$s250.time
[1] 0.008

$s250.rmse
[1] 0.2127629

$s500.ptime
[1] 1.703

$s500.time
[1] 0.017

$s500.rmse
[1] 0.1247332

$s1000.ptime
[1] 3.313

$s1000.time
[1] 0.032

$s1000.rmse
[1] 0.08830751

$s2500.ptime
[1] 23.787

$s2500.time
[1] 0.12

$s2500.rmse
[1] 0.05572475

$s5000.ptime
[1] 172.344

$s5000.time
[1] 0.175

$s5000.rmse
[1] 0.04317044

        seed            p    full.time    full.rmse     l25.time     l25.rmse 
    2521.000       10.000        0.085        0.038        4.251        0.090 
    l50.time     l50.rmse    l100.time    l100.rmse    l250.time    l250.rmse 
       4.364        0.070        5.878        0.056       22.087        0.047 
   l500.time    l500.rmse  o25_i.ptime   o25_i.time   o25_i.rmse  o50_i.ptime 
     110.943        0.044        0.356        0.376        0.460        0.198 
  o50_i.time   o50_i.rmse o100_i.ptime  o100_i.time  o100_i.rmse o250_i.ptime 
       0.202        0.375        0.302        0.225        0.293        0.743 
 o250_i.time  o250_i.rmse o500_i.ptime  o500_i.time  o500_i.rmse  o25_d.ptime 
       0.165        0.178        2.076        0.525        0.115        0.707 
  o25_d.time   o25_d.rmse  o50_d.ptime   o50_d.time   o50_d.rmse o100_d.ptime 
       0.600        0.340        0.171        0.714        0.237        0.076 
 o100_d.time  o100_d.rmse o250_d.ptime  o250_d.time  o250_d.rmse o500_d.ptime 
       1.452        0.174        0.042        5.869        0.109        0.026 
 o500_d.time  o500_d.rmse  c25_i.ptime   c25_i.time   c25_i.rmse  c50_i.ptime 
      28.306        0.074        1.783        0.515        0.242        1.323 
  c50_i.time   c50_i.rmse c100_i.ptime  c100_i.time  c100_i.rmse c250_i.ptime 
       0.245        0.171        0.836        0.186        0.143        1.438 
 c250_i.time  c250_i.rmse c500_i.ptime  c500_i.time  c500_i.rmse  c25_d.ptime 
       0.164        0.108        2.542        0.190        0.082        1.963 
  c25_d.time   c25_d.rmse  c50_d.ptime   c50_d.time   c50_d.rmse c100_d.ptime 
       1.127        0.178        1.115        1.485        0.138        0.661 
 c100_d.time  c100_d.rmse c250_d.ptime  c250_d.time  c250_d.rmse c500_d.ptime 
       2.649        0.105        0.697        9.320        0.082        0.449 
 c500_d.time  c500_d.rmse    s25.ptime     s25.time     s25.rmse    s50.ptime 
      35.631        0.066        0.478        0.001        0.618        0.495 
    s50.time     s50.rmse   s100.ptime    s100.time    s100.rmse   s250.ptime 
       0.002        0.412        0.631        0.004        0.298        1.406 
   s250.time    s250.rmse   s500.ptime    s500.time    s500.rmse  s1000.ptime 
       0.008        0.213        1.703        0.017        0.125        3.313 
  s1000.time   s1000.rmse  s2500.ptime   s2500.time   s2500.rmse  s5000.ptime 
       0.032        0.088       23.787        0.120        0.056      172.344 
  s5000.time   s5000.rmse 
       0.175        0.043 
[1] 0.8005195
$full.time
[1] 0.09

$full.rmse
[1] 0.03743052

$full.time
[1] 0.09

$full.rmse
[1] 0.03743052

$l25.time
[1] 4.377

$l25.rmse
[1] 0.09668006

$l50.time
[1] 4.553

$l50.rmse
[1] 0.07431279

$l100.time
[1] 6.202

$l100.rmse
[1] 0.05776599

$l250.time
[1] 22.17

$l250.rmse
[1] 0.04809068

$l500.time
[1] 109.008

$l500.rmse
[1] 0.04246961

$o25_i.ptime
[1] 0.312

$o25_i.time
[1] 0.29

$o25_i.rmse
[1] 0.4143499

$o50_i.ptime
[1] 0.245

$o50_i.time
[1] 0.252

$o50_i.rmse
[1] 0.33946

$o100_i.ptime
[1] 0.242

$o100_i.time
[1] 0.192

$o100_i.rmse
[1] 0.2812858

$o250_i.ptime
[1] 0.729

$o250_i.time
[1] 0.183

$o250_i.rmse
[1] 0.1829996

$o500_i.ptime
[1] 2.014

$o500_i.time
[1] 0.487

$o500_i.rmse
[1] 0.1187753

$o25_d.ptime
[1] 0.749

$o25_d.time
[1] 0.504

$o25_d.rmse
[1] 0.3270702

$o50_d.ptime
[1] 0.164

$o50_d.time
[1] 0.797

$o50_d.rmse
[1] 0.2219184

$o100_d.ptime
[1] 0.069

$o100_d.time
[1] 1.43

$o100_d.rmse
[1] 0.1822975

$o250_d.ptime
[1] 0.04

$o250_d.time
[1] 5.786

$o250_d.rmse
[1] 0.1061436

$o500_d.ptime
[1] 0.028

$o500_d.time
[1] 22.636

$o500_d.rmse
[1] 0.06868407

$c25_i.ptime
[1] 1.766

$c25_i.time
[1] 0.325

$c25_i.rmse
[1] 0.2283148

$c50_i.ptime
[1] 1.112

$c50_i.time
[1] 0.233

$c50_i.rmse
[1] 0.1879445

$c100_i.ptime
[1] 0.847

$c100_i.time
[1] 0.193

$c100_i.rmse
[1] 0.1477068

$c250_i.ptime
[1] 1.201

$c250_i.time
[1] 0.231

$c250_i.rmse
[1] 0.1112611

$c500_i.ptime
[1] 2.567

$c500_i.time
[1] 0.227

$c500_i.rmse
[1] 0.08151832

$c25_d.ptime
[1] 2.257

$c25_d.time
[1] 1.366

$c25_d.rmse
[1] 0.1804908

$c50_d.ptime
[1] 1.728

$c50_d.time
[1] 1.386

$c50_d.rmse
[1] 0.1481084

$c100_d.ptime
[1] 0.768

$c100_d.time
[1] 2.638

$c100_d.rmse
[1] 0.1103056

$c250_d.ptime
[1] 0.573

$c250_d.time
[1] 9.857

$c250_d.rmse
[1] 0.08070372

$c500_d.ptime
[1] 0.398

$c500_d.time
[1] 36.333

$c500_d.rmse
[1] 0.06312167

$s25.ptime
[1] 0.474

$s25.time
[1] 0.001

$s25.rmse
[1] 0.5694762

$s50.ptime
[1] 0.587

$s50.time
[1] 0.002

$s50.rmse
[1] 0.4252276

$s100.ptime
[1] 0.942

$s100.time
[1] 0.005

$s100.rmse
[1] 0.3491472

$s250.ptime
[1] 1.268

$s250.time
[1] 0.008

$s250.rmse
[1] 0.2128165

$s500.ptime
[1] 1.766

$s500.time
[1] 0.018

$s500.rmse
[1] 0.1222087

$s1000.ptime
[1] 3.279

$s1000.time
[1] 0.033

$s1000.rmse
[1] 0.07827432

$s2500.ptime
[1] 21.672

$s2500.time
[1] 0.097

$s2500.rmse
[1] 0.05149048

$s5000.ptime
[1] 160.773

$s5000.time
[1] 0.16

$s5000.rmse
[1] 0.04246744

        seed            p    full.time    full.rmse     l25.time     l25.rmse 
    2522.000       10.000        0.090        0.037        4.377        0.097 
    l50.time     l50.rmse    l100.time    l100.rmse    l250.time    l250.rmse 
       4.553        0.074        6.202        0.058       22.170        0.048 
   l500.time    l500.rmse  o25_i.ptime   o25_i.time   o25_i.rmse  o50_i.ptime 
     109.008        0.042        0.312        0.290        0.414        0.245 
  o50_i.time   o50_i.rmse o100_i.ptime  o100_i.time  o100_i.rmse o250_i.ptime 
       0.252        0.339        0.242        0.192        0.281        0.729 
 o250_i.time  o250_i.rmse o500_i.ptime  o500_i.time  o500_i.rmse  o25_d.ptime 
       0.183        0.183        2.014        0.487        0.119        0.749 
  o25_d.time   o25_d.rmse  o50_d.ptime   o50_d.time   o50_d.rmse o100_d.ptime 
       0.504        0.327        0.164        0.797        0.222        0.069 
 o100_d.time  o100_d.rmse o250_d.ptime  o250_d.time  o250_d.rmse o500_d.ptime 
       1.430        0.182        0.040        5.786        0.106        0.028 
 o500_d.time  o500_d.rmse  c25_i.ptime   c25_i.time   c25_i.rmse  c50_i.ptime 
      22.636        0.069        1.766        0.325        0.228        1.112 
  c50_i.time   c50_i.rmse c100_i.ptime  c100_i.time  c100_i.rmse c250_i.ptime 
       0.233        0.188        0.847        0.193        0.148        1.201 
 c250_i.time  c250_i.rmse c500_i.ptime  c500_i.time  c500_i.rmse  c25_d.ptime 
       0.231        0.111        2.567        0.227        0.082        2.257 
  c25_d.time   c25_d.rmse  c50_d.ptime   c50_d.time   c50_d.rmse c100_d.ptime 
       1.366        0.180        1.728        1.386        0.148        0.768 
 c100_d.time  c100_d.rmse c250_d.ptime  c250_d.time  c250_d.rmse c500_d.ptime 
       2.638        0.110        0.573        9.857        0.081        0.398 
 c500_d.time  c500_d.rmse    s25.ptime     s25.time     s25.rmse    s50.ptime 
      36.333        0.063        0.474        0.001        0.569        0.587 
    s50.time     s50.rmse   s100.ptime    s100.time    s100.rmse   s250.ptime 
       0.002        0.425        0.942        0.005        0.349        1.268 
   s250.time    s250.rmse   s500.ptime    s500.time    s500.rmse  s1000.ptime 
       0.008        0.213        1.766        0.018        0.122        3.279 
  s1000.time   s1000.rmse  s2500.ptime   s2500.time   s2500.rmse  s5000.ptime 
       0.033        0.078       21.672        0.097        0.051      160.773 
  s5000.time   s5000.rmse 
       0.160        0.042 
[1] 0.7242313
$full.time
[1] 0.078

$full.rmse
[1] 0.0378348

$full.time
[1] 0.078

$full.rmse
[1] 0.0378348

$l25.time
[1] 4.099

$l25.rmse
[1] 0.09473873

$l50.time
[1] 4.247

$l50.rmse
[1] 0.07025669

$l100.time
[1] 5.733

$l100.rmse
[1] 0.05663005

$l250.time
[1] 21.145

$l250.rmse
[1] 0.04746149

$l500.time
[1] 104.458

$l500.rmse
[1] 0.04340029

$o25_i.ptime
[1] 0.271

$o25_i.time
[1] 0.343

$o25_i.rmse
[1] 0.4457817

$o50_i.ptime
[1] 0.24

$o50_i.time
[1] 0.19

$o50_i.rmse
[1] 0.3670544

$o100_i.ptime
[1] 0.256

$o100_i.time
[1] 0.211

$o100_i.rmse
[1] 0.2954321

$o250_i.ptime
[1] 0.742

$o250_i.time
[1] 0.169

$o250_i.rmse
[1] 0.1730748

$o500_i.ptime
[1] 1.987

$o500_i.time
[1] 0.563

$o500_i.rmse
[1] 0.1169192

$o25_d.ptime
[1] 0.662

$o25_d.time
[1] 0.555

$o25_d.rmse
[1] 0.3147383

$o50_d.ptime
[1] 0.166

$o50_d.time
[1] 0.645

$o50_d.rmse
[1] 0.2387778

$o100_d.ptime
[1] 0.08

$o100_d.time
[1] 1.42

$o100_d.rmse
[1] 0.1678906

$o250_d.ptime
[1] 0.04

$o250_d.time
[1] 7.125

$o250_d.rmse
[1] 0.09577939

$o500_d.ptime
[1] 0.07

$o500_d.time
[1] 26.15

$o500_d.rmse
[1] 0.06770456

$c25_i.ptime
[1] 1.599

$c25_i.time
[1] 0.313

$c25_i.rmse
[1] 0.2338948

$c50_i.ptime
[1] 1.066

$c50_i.time
[1] 0.207

$c50_i.rmse
[1] 0.1909042

$c100_i.ptime
[1] 0.831

$c100_i.time
[1] 0.18

$c100_i.rmse
[1] 0.1443192

$c250_i.ptime
[1] 1.109

$c250_i.time
[1] 0.158

$c250_i.rmse
[1] 0.1098288

$c500_i.ptime
[1] 2.229

$c500_i.time
[1] 0.172

$c500_i.rmse
[1] 0.08348471

$c25_d.ptime
[1] 2.044

$c25_d.time
[1] 1.161

$c25_d.rmse
[1] 0.1857273

$c50_d.ptime
[1] 1.102

$c50_d.time
[1] 1.512

$c50_d.rmse
[1] 0.1312015

$c100_d.ptime
[1] 0.698

$c100_d.time
[1] 2.564

$c100_d.rmse
[1] 0.1065142

$c250_d.ptime
[1] 0.726

$c250_d.time
[1] 9.737

$c250_d.rmse
[1] 0.07821184

$c500_d.ptime
[1] 0.323

$c500_d.time
[1] 35.655

$c500_d.rmse
[1] 0.06200046

$s25.ptime
[1] 0.61

$s25.time
[1] 0.001

$s25.rmse
[1] 0.5481708

$s50.ptime
[1] 0.706

$s50.time
[1] 0.003

$s50.rmse
[1] 0.4319926

$s100.ptime
[1] 0.719

$s100.time
[1] 0.004

$s100.rmse
[1] 0.3735611

$s250.ptime
[1] 1.585

$s250.time
[1] 0.012

$s250.rmse
[1] 0.2044422

$s500.ptime
[1] 2.191

$s500.time
[1] 0.024

$s500.rmse
[1] 0.1213131

$s1000.ptime
[1] 3.606

$s1000.time
[1] 0.035

$s1000.rmse
[1] 0.0773558

$s2500.ptime
[1] 18.482

$s2500.time
[1] 0.083

$s2500.rmse
[1] 0.05304405

$s5000.ptime
[1] 163.654

$s5000.time
[1] 0.147

$s5000.rmse
[1] 0.04209908

        seed            p    full.time    full.rmse     l25.time     l25.rmse 
    2523.000       10.000        0.078        0.038        4.099        0.095 
    l50.time     l50.rmse    l100.time    l100.rmse    l250.time    l250.rmse 
       4.247        0.070        5.733        0.057       21.145        0.047 
   l500.time    l500.rmse  o25_i.ptime   o25_i.time   o25_i.rmse  o50_i.ptime 
     104.458        0.043        0.271        0.343        0.446        0.240 
  o50_i.time   o50_i.rmse o100_i.ptime  o100_i.time  o100_i.rmse o250_i.ptime 
       0.190        0.367        0.256        0.211        0.295        0.742 
 o250_i.time  o250_i.rmse o500_i.ptime  o500_i.time  o500_i.rmse  o25_d.ptime 
       0.169        0.173        1.987        0.563        0.117        0.662 
  o25_d.time   o25_d.rmse  o50_d.ptime   o50_d.time   o50_d.rmse o100_d.ptime 
       0.555        0.315        0.166        0.645        0.239        0.080 
 o100_d.time  o100_d.rmse o250_d.ptime  o250_d.time  o250_d.rmse o500_d.ptime 
       1.420        0.168        0.040        7.125        0.096        0.070 
 o500_d.time  o500_d.rmse  c25_i.ptime   c25_i.time   c25_i.rmse  c50_i.ptime 
      26.150        0.068        1.599        0.313        0.234        1.066 
  c50_i.time   c50_i.rmse c100_i.ptime  c100_i.time  c100_i.rmse c250_i.ptime 
       0.207        0.191        0.831        0.180        0.144        1.109 
 c250_i.time  c250_i.rmse c500_i.ptime  c500_i.time  c500_i.rmse  c25_d.ptime 
       0.158        0.110        2.229        0.172        0.083        2.044 
  c25_d.time   c25_d.rmse  c50_d.ptime   c50_d.time   c50_d.rmse c100_d.ptime 
       1.161        0.186        1.102        1.512        0.131        0.698 
 c100_d.time  c100_d.rmse c250_d.ptime  c250_d.time  c250_d.rmse c500_d.ptime 
       2.564        0.107        0.726        9.737        0.078        0.323 
 c500_d.time  c500_d.rmse    s25.ptime     s25.time     s25.rmse    s50.ptime 
      35.655        0.062        0.610        0.001        0.548        0.706 
    s50.time     s50.rmse   s100.ptime    s100.time    s100.rmse   s250.ptime 
       0.003        0.432        0.719        0.004        0.374        1.585 
   s250.time    s250.rmse   s500.ptime    s500.time    s500.rmse  s1000.ptime 
       0.012        0.204        2.191        0.024        0.121        3.606 
  s1000.time   s1000.rmse  s2500.ptime   s2500.time   s2500.rmse  s5000.ptime 
       0.035        0.077       18.482        0.083        0.053      163.654 
  s5000.time   s5000.rmse 
       0.147        0.042 
  seed  p full.time  full.rmse l25.time   l25.rmse l50.time   l50.rmse
1 2519 10     0.134 0.04021022    4.388 0.08992586    4.548 0.07091169
2 2520 10     0.082 0.03846535    4.210 0.09409137    4.407 0.06975045
3 2521 10     0.085 0.03840248    4.251 0.09027843    4.364 0.07033734
4 2522 10     0.090 0.03743052    4.377 0.09668006    4.553 0.07431279
5 2523 10     0.078 0.03783480    4.099 0.09473873    4.247 0.07025669
  l100.time  l100.rmse l250.time  l250.rmse l500.time  l500.rmse o25_i.ptime
1     6.094 0.05662167    23.597 0.04765230   108.339 0.04456617       0.337
2     5.935 0.05546403    21.628 0.04672162   112.546 0.04343899       0.383
3     5.878 0.05558726    22.087 0.04720091   110.943 0.04410105       0.356
4     6.202 0.05776599    22.170 0.04809068   109.008 0.04246961       0.312
5     5.733 0.05663005    21.145 0.04746149   104.458 0.04340029       0.271
  o25_i.time o25_i.rmse o50_i.ptime o50_i.time o50_i.rmse o100_i.ptime
1      0.279  0.4327269       0.695      0.178  0.3554945        0.282
2      0.419  0.4821058       0.291      0.264  0.3980264        0.317
3      0.376  0.4596411       0.198      0.202  0.3751037        0.302
4      0.290  0.4143499       0.245      0.252  0.3394600        0.242
5      0.343  0.4457817       0.240      0.190  0.3670544        0.256
  o100_i.time o100_i.rmse o250_i.ptime o250_i.time o250_i.rmse o500_i.ptime
1       0.198   0.2606496        0.720       0.172   0.1675685        2.124
2       0.210   0.2528058        0.757       0.969   0.1627606        2.081
3       0.225   0.2931205        0.743       0.165   0.1784036        2.076
4       0.192   0.2812858        0.729       0.183   0.1829996        2.014
5       0.211   0.2954321        0.742       0.169   0.1730748        1.987
  o500_i.time o500_i.rmse o25_d.ptime o25_d.time o25_d.rmse o50_d.ptime
1       0.147   0.1116500       0.721      0.605  0.2966281       0.144
2       0.153   0.1104366       0.698      0.573  0.3207737       0.142
3       0.525   0.1151563       0.707      0.600  0.3404358       0.171
4       0.487   0.1187753       0.749      0.504  0.3270702       0.164
5       0.563   0.1169192       0.662      0.555  0.3147383       0.166
  o50_d.time o50_d.rmse o100_d.ptime o100_d.time o100_d.rmse o250_d.ptime
1      0.683  0.2314636        0.055       1.298   0.1481136        0.035
2      0.697  0.2223465        0.055       1.290   0.1640092        0.026
3      0.714  0.2370675        0.076       1.452   0.1738140        0.042
4      0.797  0.2219184        0.069       1.430   0.1822975        0.040
5      0.645  0.2387778        0.080       1.420   0.1678906        0.040
  o250_d.time o250_d.rmse o500_d.ptime o500_d.time o500_d.rmse c25_i.ptime
1       6.248  0.09843305        0.032      26.585  0.07214566       1.617
2       5.154  0.10263314        0.025      24.782  0.06733749       1.623
3       5.869  0.10874431        0.026      28.306  0.07423508       1.783
4       5.786  0.10614358        0.028      22.636  0.06868407       1.766
5       7.125  0.09577939        0.070      26.150  0.06770456       1.599
  c25_i.time c25_i.rmse c50_i.ptime c50_i.time c50_i.rmse c100_i.ptime
1      0.290  0.2360693       1.123      0.186  0.1670237        1.031
2      0.379  0.2437012       1.267      0.241  0.1856009        1.136
3      0.515  0.2417775       1.323      0.245  0.1707082        0.836
4      0.325  0.2283148       1.112      0.233  0.1879445        0.847
5      0.313  0.2338948       1.066      0.207  0.1909042        0.831
  c100_i.time c100_i.rmse c250_i.ptime c250_i.time c250_i.rmse c500_i.ptime
1       0.162   0.1379035        1.252       0.144  0.10036894        2.621
2       0.211   0.1302244        1.256       0.156  0.09863428        2.478
3       0.186   0.1430425        1.438       0.164  0.10844818        2.542
4       0.193   0.1477068        1.201       0.231  0.11126113        2.567
5       0.180   0.1443192        1.109       0.158  0.10982877        2.229
  c500_i.time c500_i.rmse c25_d.ptime c25_d.time c25_d.rmse c50_d.ptime
1       0.184  0.08073074       2.276      1.122  0.1683551       1.369
2       0.166  0.07962750       2.442      1.174  0.1765062       1.564
3       0.190  0.08240934       1.963      1.127  0.1775899       1.115
4       0.227  0.08151832       2.257      1.366  0.1804908       1.728
5       0.172  0.08348471       2.044      1.161  0.1857273       1.102
  c50_d.time c50_d.rmse c100_d.ptime c100_d.time c100_d.rmse c250_d.ptime
1      1.402  0.1297768        0.666       2.582   0.1064823        0.655
2      1.404  0.1316776        0.779       2.618   0.1027183        0.395
3      1.485  0.1382725        0.661       2.649   0.1049958        0.697
4      1.386  0.1481084        0.768       2.638   0.1103056        0.573
5      1.512  0.1312015        0.698       2.564   0.1065142        0.726
  c250_d.time c250_d.rmse c500_d.ptime c500_d.time c500_d.rmse s25.ptime
1       9.597  0.07512978        0.240      37.782  0.06580119     0.556
2       9.799  0.07483504        0.322      36.022  0.06458416     0.345
3       9.320  0.08176709        0.449      35.631  0.06592153     0.478
4       9.857  0.08070372        0.398      36.333  0.06312167     0.474
5       9.737  0.07821184        0.323      35.655  0.06200046     0.610
  s25.time  s25.rmse s50.ptime s50.time  s50.rmse s100.ptime s100.time
1    0.001 0.6349328     0.517    0.002 0.4520010      0.732     0.003
2    0.001 0.5495940     0.484    0.002 0.4459793      0.713     0.004
3    0.001 0.6179281     0.495    0.002 0.4116029      0.631     0.004
4    0.001 0.5694762     0.587    0.002 0.4252276      0.942     0.005
5    0.001 0.5481708     0.706    0.003 0.4319926      0.719     0.004
  s100.rmse s250.ptime s250.time s250.rmse s500.ptime s500.time s500.rmse
1 0.3318515      1.241     0.008 0.1821533      1.752     0.016 0.1250364
2 0.3139408      1.069     0.008 0.1769046      1.798     0.018 0.1252360
3 0.2981462      1.406     0.008 0.2127629      1.703     0.017 0.1247332
4 0.3491472      1.268     0.008 0.2128165      1.766     0.018 0.1222087
5 0.3735611      1.585     0.012 0.2044422      2.191     0.024 0.1213131
  s1000.ptime s1000.time s1000.rmse s2500.ptime s2500.time s2500.rmse
1       3.470      0.038 0.08270859      22.780      0.113 0.05408899
2       3.353      0.035 0.08217349      23.644      0.143 0.05547444
3       3.313      0.032 0.08830751      23.787      0.120 0.05572475
4       3.279      0.033 0.07827432      21.672      0.097 0.05149048
5       3.606      0.035 0.07735580      18.482      0.083 0.05304405
  s5000.ptime s5000.time s5000.rmse
1     180.774      0.166 0.04387344
2     171.503      0.185 0.04261687
3     172.344      0.175 0.04317044
4     160.773      0.160 0.04246744
5     163.654      0.147 0.04209908
> 
> proc.time()
    user   system  elapsed 
4417.226   31.371 4556.039 
