
R version 3.0.3 (2014-03-06) -- "Warm Puppy"
Copyright (C) 2014 The R Foundation for Statistical Computing
Platform: x86_64-unknown-linux-gnu (64-bit)

R is free software and comes with ABSOLUTELY NO WARRANTY.
You are welcome to redistribute it under certain conditions.
Type 'license()' or 'licence()' for distribution details.

  Natural language support but running in an English locale

R is a collaborative project with many contributors.
Type 'contributors()' for more information and
'citation()' on how to cite R or R packages in publications.

Type 'demo()' for some demos, 'help()' for on-line help, or
'help.start()' for an HTML browser interface to help.
Type 'q()' to quit R.

> print(.libPaths())
[1] "/usr/local/r-3.0.3/lib64/R/library"
> .libPaths("/mnt/home/rjparker/Rlib")
> print(.libPaths())
[1] "/mnt/home/rjparker/Rlib"            "/usr/local/r-3.0.3/lib64/R/library"
> setwd("/mnt/home/rjparker/git/block_int")
> 
> which_exp <- 5
> which_part <- 12
> source("R/sim_nblocks_pred.R")
Loading required package: spam
Loading required package: grid
Spam version 0.41-0 (2014-02-26) is loaded.
Type 'help( Spam)' or 'demo( spam)' for a short introduction 
and overview of this package.
Help for individual functions is also obtained by adding the
suffix '.spam' to the function name, e.g. 'help( chol.spam)'.

Attaching package: ‘spam’

The following objects are masked from ‘package:base’:

    backsolve, forwardsolve

Loading required package: maps
  pred  p   b tau Nper_p Npred Fzero sigma2
5 TRUE 10 1.5  10  10000  1000     0      1
[1] 0.9074032
$full.time
[1] 0.093

$full.rmse
[1] 0.05857027

$full.time
[1] 0.093

$full.rmse
[1] 0.05857027

$l25.time
[1] 4.814

$l25.rmse
[1] 0.1936411

$l50.time
[1] 4.937

$l50.rmse
[1] 0.1551103

$l100.time
[1] 6.826

$l100.rmse
[1] 0.1229609

$l250.time
[1] 25.19

$l250.rmse
[1] 0.09739189

$l500.time
[1] 112.102

$l500.rmse
[1] 0.08406841

$o25_i.ptime
[1] 0.287

$o25_i.time
[1] 0.297

$o25_i.rmse
[1] 0.6096826

$o50_i.ptime
[1] 0.68

$o50_i.time
[1] 0.204

$o50_i.rmse
[1] 0.5369698

$o100_i.ptime
[1] 0.25

$o100_i.time
[1] 0.172

$o100_i.rmse
[1] 0.4454043

$o250_i.ptime
[1] 0.687

$o250_i.time
[1] 0.156

$o250_i.rmse
[1] 0.3414989

$o500_i.ptime
[1] 1.908

$o500_i.time
[1] 0.184

$o500_i.rmse
[1] 0.2527266

$o25_d.ptime
[1] 0.696

$o25_d.time
[1] 0.667

$o25_d.rmse
[1] 0.4893075

$o50_d.ptime
[1] 0.151

$o50_d.time
[1] 0.837

$o50_d.rmse
[1] 0.4168015

$o100_d.ptime
[1] 0.059

$o100_d.time
[1] 1.937

$o100_d.rmse
[1] 0.3271383

$o250_d.ptime
[1] 0.032

$o250_d.time
[1] 8.496

$o250_d.rmse
[1] 0.2286875

$o500_d.ptime
[1] 0.029

$o500_d.time
[1] 33.913

$o500_d.rmse
[1] 0.1583468

$c25_i.ptime
[1] 1.621

$c25_i.time
[1] 0.332

$c25_i.rmse
[1] 0.3590797

$c50_i.ptime
[1] 0.981

$c50_i.time
[1] 0.231

$c50_i.rmse
[1] 0.2888699

$c100_i.ptime
[1] 0.974

$c100_i.time
[1] 0.193

$c100_i.rmse
[1] 0.2402117

$c250_i.ptime
[1] 1.108

$c250_i.time
[1] 0.175

$c250_i.rmse
[1] 0.1904368

$c500_i.ptime
[1] 2.377

$c500_i.time
[1] 0.181

$c500_i.rmse
[1] 0.1534224

$c25_d.ptime
[1] 2.2

$c25_d.time
[1] 1.208

$c25_d.rmse
[1] 0.2637035

$c50_d.ptime
[1] 1.024

$c50_d.time
[1] 1.39

$c50_d.rmse
[1] 0.2180272

$c100_d.ptime
[1] 0.665

$c100_d.time
[1] 2.41

$c100_d.rmse
[1] 0.1922554

$c250_d.ptime
[1] 0.41

$c250_d.time
[1] 8.822

$c250_d.rmse
[1] 0.1523142

$c500_d.ptime
[1] 0.418

$c500_d.time
[1] 34.593

$c500_d.rmse
[1] 0.1251964

$s25.ptime
[1] 0.488

$s25.time
[1] 0.001

$s25.rmse
[1] 0.6754772

$s50.ptime
[1] 0.416

$s50.time
[1] 0.002

$s50.rmse
[1] 0.5744269

$s100.ptime
[1] 0.672

$s100.time
[1] 0.003

$s100.rmse
[1] 0.468414

$s250.ptime
[1] 1.167

$s250.time
[1] 0.009

$s250.rmse
[1] 0.3716735

$s500.ptime
[1] 1.714

$s500.time
[1] 0.018

$s500.rmse
[1] 0.2645166

$s1000.ptime
[1] 3.291

$s1000.time
[1] 0.038

$s1000.rmse
[1] 0.1860109

$s2500.ptime
[1] 20.705

$s2500.time
[1] 0.105

$s2500.rmse
[1] 0.112818

$s5000.ptime
[1] 145.622

$s5000.time
[1] 0.2

$s5000.rmse
[1] 0.0761534

        seed            p    full.time    full.rmse     l25.time     l25.rmse 
    2439.000       10.000        0.093        0.059        4.814        0.194 
    l50.time     l50.rmse    l100.time    l100.rmse    l250.time    l250.rmse 
       4.937        0.155        6.826        0.123       25.190        0.097 
   l500.time    l500.rmse  o25_i.ptime   o25_i.time   o25_i.rmse  o50_i.ptime 
     112.102        0.084        0.287        0.297        0.610        0.680 
  o50_i.time   o50_i.rmse o100_i.ptime  o100_i.time  o100_i.rmse o250_i.ptime 
       0.204        0.537        0.250        0.172        0.445        0.687 
 o250_i.time  o250_i.rmse o500_i.ptime  o500_i.time  o500_i.rmse  o25_d.ptime 
       0.156        0.341        1.908        0.184        0.253        0.696 
  o25_d.time   o25_d.rmse  o50_d.ptime   o50_d.time   o50_d.rmse o100_d.ptime 
       0.667        0.489        0.151        0.837        0.417        0.059 
 o100_d.time  o100_d.rmse o250_d.ptime  o250_d.time  o250_d.rmse o500_d.ptime 
       1.937        0.327        0.032        8.496        0.229        0.029 
 o500_d.time  o500_d.rmse  c25_i.ptime   c25_i.time   c25_i.rmse  c50_i.ptime 
      33.913        0.158        1.621        0.332        0.359        0.981 
  c50_i.time   c50_i.rmse c100_i.ptime  c100_i.time  c100_i.rmse c250_i.ptime 
       0.231        0.289        0.974        0.193        0.240        1.108 
 c250_i.time  c250_i.rmse c500_i.ptime  c500_i.time  c500_i.rmse  c25_d.ptime 
       0.175        0.190        2.377        0.181        0.153        2.200 
  c25_d.time   c25_d.rmse  c50_d.ptime   c50_d.time   c50_d.rmse c100_d.ptime 
       1.208        0.264        1.024        1.390        0.218        0.665 
 c100_d.time  c100_d.rmse c250_d.ptime  c250_d.time  c250_d.rmse c500_d.ptime 
       2.410        0.192        0.410        8.822        0.152        0.418 
 c500_d.time  c500_d.rmse    s25.ptime     s25.time     s25.rmse    s50.ptime 
      34.593        0.125        0.488        0.001        0.675        0.416 
    s50.time     s50.rmse   s100.ptime    s100.time    s100.rmse   s250.ptime 
       0.002        0.574        0.672        0.003        0.468        1.167 
   s250.time    s250.rmse   s500.ptime    s500.time    s500.rmse  s1000.ptime 
       0.009        0.372        1.714        0.018        0.265        3.291 
  s1000.time   s1000.rmse  s2500.ptime   s2500.time   s2500.rmse  s5000.ptime 
       0.038        0.186       20.705        0.105        0.113      145.622 
  s5000.time   s5000.rmse 
       0.200        0.076 
[1] 0.9508035
$full.time
[1] 0.094

$full.rmse
[1] 0.05749099

$full.time
[1] 0.094

$full.rmse
[1] 0.05749099

$l25.time
[1] 4.686

$l25.rmse
[1] 0.1778741

$l50.time
[1] 4.916

$l50.rmse
[1] 0.154344

$l100.time
[1] 6.82

$l100.rmse
[1] 0.1237416

$l250.time
[1] 24.307

$l250.rmse
[1] 0.09718979

$l500.time
[1] 112.973

$l500.rmse
[1] 0.08252487

$o25_i.ptime
[1] 0.319

$o25_i.time
[1] 0.316

$o25_i.rmse
[1] 0.5797437

$o50_i.ptime
[1] 0.207

$o50_i.time
[1] 0.224

$o50_i.rmse
[1] 0.5145402

$o100_i.ptime
[1] 0.265

$o100_i.time
[1] 0.763

$o100_i.rmse
[1] 0.4328947

$o250_i.ptime
[1] 0.679

$o250_i.time
[1] 0.152

$o250_i.rmse
[1] 0.3190738

$o500_i.ptime
[1] 1.892

$o500_i.time
[1] 0.178

$o500_i.rmse
[1] 0.2398577

$o25_d.ptime
[1] 0.641

$o25_d.time
[1] 0.635

$o25_d.rmse
[1] 0.4653862

$o50_d.ptime
[1] 0.152

$o50_d.time
[1] 0.843

$o50_d.rmse
[1] 0.39804

$o100_d.ptime
[1] 0.059

$o100_d.time
[1] 1.726

$o100_d.rmse
[1] 0.3122182

$o250_d.ptime
[1] 0.033

$o250_d.time
[1] 7.291

$o250_d.rmse
[1] 0.2303656

$o500_d.ptime
[1] 0.117

$o500_d.time
[1] 33.661

$o500_d.rmse
[1] 0.163597

$c25_i.ptime
[1] 1.705

$c25_i.time
[1] 0.336

$c25_i.rmse
[1] 0.3233475

$c50_i.ptime
[1] 0.941

$c50_i.time
[1] 0.236

$c50_i.rmse
[1] 0.2834989

$c100_i.ptime
[1] 0.954

$c100_i.time
[1] 0.194

$c100_i.rmse
[1] 0.22173

$c250_i.ptime
[1] 1.123

$c250_i.time
[1] 0.18

$c250_i.rmse
[1] 0.1799004

$c500_i.ptime
[1] 2.275

$c500_i.time
[1] 0.186

$c500_i.rmse
[1] 0.1431278

$c25_d.ptime
[1] 1.964

$c25_d.time
[1] 1.171

$c25_d.rmse
[1] 0.2711864

$c50_d.ptime
[1] 0.993

$c50_d.time
[1] 1.345

$c50_d.rmse
[1] 0.2125869

$c100_d.ptime
[1] 0.728

$c100_d.time
[1] 2.467

$c100_d.rmse
[1] 0.1837569

$c250_d.ptime
[1] 0.406

$c250_d.time
[1] 8.952

$c250_d.rmse
[1] 0.1436887

$c500_d.ptime
[1] 0.379

$c500_d.time
[1] 34.576

$c500_d.rmse
[1] 0.1145652

$s25.ptime
[1] 0.347

$s25.time
[1] 0.001

$s25.rmse
[1] 0.6971123

$s50.ptime
[1] 0.413

$s50.time
[1] 0.002

$s50.rmse
[1] 0.5903654

$s100.ptime
[1] 0.911

$s100.time
[1] 0.004

$s100.rmse
[1] 0.4810307

$s250.ptime
[1] 1.1

$s250.time
[1] 0.008

$s250.rmse
[1] 0.3188712

$s500.ptime
[1] 1.842

$s500.time
[1] 0.018

$s500.rmse
[1] 0.2528577

$s1000.ptime
[1] 3.378

$s1000.time
[1] 0.036

$s1000.rmse
[1] 0.1920362

$s2500.ptime
[1] 21.324

$s2500.time
[1] 0.08

$s2500.rmse
[1] 0.105319

$s5000.ptime
[1] 126.111

$s5000.time
[1] 0.165

$s5000.rmse
[1] 0.07487549

        seed            p    full.time    full.rmse     l25.time     l25.rmse 
    2440.000       10.000        0.094        0.057        4.686        0.178 
    l50.time     l50.rmse    l100.time    l100.rmse    l250.time    l250.rmse 
       4.916        0.154        6.820        0.124       24.307        0.097 
   l500.time    l500.rmse  o25_i.ptime   o25_i.time   o25_i.rmse  o50_i.ptime 
     112.973        0.083        0.319        0.316        0.580        0.207 
  o50_i.time   o50_i.rmse o100_i.ptime  o100_i.time  o100_i.rmse o250_i.ptime 
       0.224        0.515        0.265        0.763        0.433        0.679 
 o250_i.time  o250_i.rmse o500_i.ptime  o500_i.time  o500_i.rmse  o25_d.ptime 
       0.152        0.319        1.892        0.178        0.240        0.641 
  o25_d.time   o25_d.rmse  o50_d.ptime   o50_d.time   o50_d.rmse o100_d.ptime 
       0.635        0.465        0.152        0.843        0.398        0.059 
 o100_d.time  o100_d.rmse o250_d.ptime  o250_d.time  o250_d.rmse o500_d.ptime 
       1.726        0.312        0.033        7.291        0.230        0.117 
 o500_d.time  o500_d.rmse  c25_i.ptime   c25_i.time   c25_i.rmse  c50_i.ptime 
      33.661        0.164        1.705        0.336        0.323        0.941 
  c50_i.time   c50_i.rmse c100_i.ptime  c100_i.time  c100_i.rmse c250_i.ptime 
       0.236        0.283        0.954        0.194        0.222        1.123 
 c250_i.time  c250_i.rmse c500_i.ptime  c500_i.time  c500_i.rmse  c25_d.ptime 
       0.180        0.180        2.275        0.186        0.143        1.964 
  c25_d.time   c25_d.rmse  c50_d.ptime   c50_d.time   c50_d.rmse c100_d.ptime 
       1.171        0.271        0.993        1.345        0.213        0.728 
 c100_d.time  c100_d.rmse c250_d.ptime  c250_d.time  c250_d.rmse c500_d.ptime 
       2.467        0.184        0.406        8.952        0.144        0.379 
 c500_d.time  c500_d.rmse    s25.ptime     s25.time     s25.rmse    s50.ptime 
      34.576        0.115        0.347        0.001        0.697        0.413 
    s50.time     s50.rmse   s100.ptime    s100.time    s100.rmse   s250.ptime 
       0.002        0.590        0.911        0.004        0.481        1.100 
   s250.time    s250.rmse   s500.ptime    s500.time    s500.rmse  s1000.ptime 
       0.008        0.319        1.842        0.018        0.253        3.378 
  s1000.time   s1000.rmse  s2500.ptime   s2500.time   s2500.rmse  s5000.ptime 
       0.036        0.192       21.324        0.080        0.105      126.111 
  s5000.time   s5000.rmse 
       0.165        0.075 
[1] 0.8813102
$full.time
[1] 0.073

$full.rmse
[1] 0.05720444

$full.time
[1] 0.073

$full.rmse
[1] 0.05720444

$l25.time
[1] 4.231

$l25.rmse
[1] 0.1982686

$l50.time
[1] 4.512

$l50.rmse
[1] 0.164086

$l100.time
[1] 6.226

$l100.rmse
[1] 0.1250282

$l250.time
[1] 21.385

$l250.rmse
[1] 0.09702151

$l500.time
[1] 107.38

$l500.rmse
[1] 0.08253074

$o25_i.ptime
[1] 0.294

$o25_i.time
[1] 0.32

$o25_i.rmse
[1] 0.5676754

$o50_i.ptime
[1] 0.214

$o50_i.time
[1] 0.227

$o50_i.rmse
[1] 0.4933616

$o100_i.ptime
[1] 0.25

$o100_i.time
[1] 0.198

$o100_i.rmse
[1] 0.4499944

$o250_i.ptime
[1] 0.664

$o250_i.time
[1] 0.492

$o250_i.rmse
[1] 0.3380674

$o500_i.ptime
[1] 1.84

$o500_i.time
[1] 0.191

$o500_i.rmse
[1] 0.2361404

$o25_d.ptime
[1] 0.659

$o25_d.time
[1] 0.73

$o25_d.rmse
[1] 0.4723203

$o50_d.ptime
[1] 0.161

$o50_d.time
[1] 0.905

$o50_d.rmse
[1] 0.3796937

$o100_d.ptime
[1] 0.059

$o100_d.time
[1] 1.798

$o100_d.rmse
[1] 0.3326762

$o250_d.ptime
[1] 0.032

$o250_d.time
[1] 7.355

$o250_d.rmse
[1] 0.2266971

$o500_d.ptime
[1] 0.029

$o500_d.time
[1] 32.683

$o500_d.rmse
[1] 0.1622721

$c25_i.ptime
[1] 1.922

$c25_i.time
[1] 0.311

$c25_i.rmse
[1] 0.3229717

$c50_i.ptime
[1] 1.098

$c50_i.time
[1] 0.217

$c50_i.rmse
[1] 0.2799228

$c100_i.ptime
[1] 0.902

$c100_i.time
[1] 0.175

$c100_i.rmse
[1] 0.2219574

$c250_i.ptime
[1] 1.074

$c250_i.time
[1] 0.162

$c250_i.rmse
[1] 0.1893033

$c500_i.ptime
[1] 2.205

$c500_i.time
[1] 0.168

$c500_i.rmse
[1] 0.1417579

$c25_d.ptime
[1] 2.063

$c25_d.time
[1] 1.056

$c25_d.rmse
[1] 0.2740138

$c50_d.ptime
[1] 1.364

$c50_d.time
[1] 1.192

$c50_d.rmse
[1] 0.2390615

$c100_d.ptime
[1] 0.601

$c100_d.time
[1] 2.214

$c100_d.rmse
[1] 0.181174

$c250_d.ptime
[1] 0.382

$c250_d.time
[1] 8.152

$c250_d.rmse
[1] 0.1458561

$c500_d.ptime
[1] 0.303

$c500_d.time
[1] 32.863

$c500_d.rmse
[1] 0.1179491

$s25.ptime
[1] 0.519

$s25.time
[1] 0.001

$s25.rmse
[1] 0.6867489

$s50.ptime
[1] 0.86

$s50.time
[1] 0.002

$s50.rmse
[1] 0.5850369

$s100.ptime
[1] 0.614

$s100.time
[1] 0.003

$s100.rmse
[1] 0.4683568

$s250.ptime
[1] 1.493

$s250.time
[1] 0.007

$s250.rmse
[1] 0.3497187

$s500.ptime
[1] 1.857

$s500.time
[1] 0.017

$s500.rmse
[1] 0.2670251

$s1000.ptime
[1] 3.706

$s1000.time
[1] 0.037

$s1000.rmse
[1] 0.1837024

$s2500.ptime
[1] 20.026

$s2500.time
[1] 0.084

$s2500.rmse
[1] 0.1105765

$s5000.ptime
[1] 131.935

$s5000.time
[1] 0.17

$s5000.rmse
[1] 0.07672754

        seed            p    full.time    full.rmse     l25.time     l25.rmse 
    2441.000       10.000        0.073        0.057        4.231        0.198 
    l50.time     l50.rmse    l100.time    l100.rmse    l250.time    l250.rmse 
       4.512        0.164        6.226        0.125       21.385        0.097 
   l500.time    l500.rmse  o25_i.ptime   o25_i.time   o25_i.rmse  o50_i.ptime 
     107.380        0.083        0.294        0.320        0.568        0.214 
  o50_i.time   o50_i.rmse o100_i.ptime  o100_i.time  o100_i.rmse o250_i.ptime 
       0.227        0.493        0.250        0.198        0.450        0.664 
 o250_i.time  o250_i.rmse o500_i.ptime  o500_i.time  o500_i.rmse  o25_d.ptime 
       0.492        0.338        1.840        0.191        0.236        0.659 
  o25_d.time   o25_d.rmse  o50_d.ptime   o50_d.time   o50_d.rmse o100_d.ptime 
       0.730        0.472        0.161        0.905        0.380        0.059 
 o100_d.time  o100_d.rmse o250_d.ptime  o250_d.time  o250_d.rmse o500_d.ptime 
       1.798        0.333        0.032        7.355        0.227        0.029 
 o500_d.time  o500_d.rmse  c25_i.ptime   c25_i.time   c25_i.rmse  c50_i.ptime 
      32.683        0.162        1.922        0.311        0.323        1.098 
  c50_i.time   c50_i.rmse c100_i.ptime  c100_i.time  c100_i.rmse c250_i.ptime 
       0.217        0.280        0.902        0.175        0.222        1.074 
 c250_i.time  c250_i.rmse c500_i.ptime  c500_i.time  c500_i.rmse  c25_d.ptime 
       0.162        0.189        2.205        0.168        0.142        2.063 
  c25_d.time   c25_d.rmse  c50_d.ptime   c50_d.time   c50_d.rmse c100_d.ptime 
       1.056        0.274        1.364        1.192        0.239        0.601 
 c100_d.time  c100_d.rmse c250_d.ptime  c250_d.time  c250_d.rmse c500_d.ptime 
       2.214        0.181        0.382        8.152        0.146        0.303 
 c500_d.time  c500_d.rmse    s25.ptime     s25.time     s25.rmse    s50.ptime 
      32.863        0.118        0.519        0.001        0.687        0.860 
    s50.time     s50.rmse   s100.ptime    s100.time    s100.rmse   s250.ptime 
       0.002        0.585        0.614        0.003        0.468        1.493 
   s250.time    s250.rmse   s500.ptime    s500.time    s500.rmse  s1000.ptime 
       0.007        0.350        1.857        0.017        0.267        3.706 
  s1000.time   s1000.rmse  s2500.ptime   s2500.time   s2500.rmse  s5000.ptime 
       0.037        0.184       20.026        0.084        0.111      131.935 
  s5000.time   s5000.rmse 
       0.170        0.077 
[1] 0.8381971
$full.time
[1] 0.081

$full.rmse
[1] 0.05822897

$full.time
[1] 0.081

$full.rmse
[1] 0.05822897

$l25.time
[1] 4.413

$l25.rmse
[1] 0.2044079

$l50.time
[1] 4.436

$l50.rmse
[1] 0.1716071

$l100.time
[1] 5.818

$l100.rmse
[1] 0.133773

$l250.time
[1] 21.139

$l250.rmse
[1] 0.09937646

$l500.time
[1] 107.129

$l500.rmse
[1] 0.08321049

$o25_i.ptime
[1] 0.292

$o25_i.time
[1] 0.318

$o25_i.rmse
[1] 0.5922652

$o50_i.ptime
[1] 0.204

$o50_i.time
[1] 0.231

$o50_i.rmse
[1] 0.5572888

$o100_i.ptime
[1] 0.25

$o100_i.time
[1] 0.199

$o100_i.rmse
[1] 0.4831066

$o250_i.ptime
[1] 0.678

$o250_i.time
[1] 0.515

$o250_i.rmse
[1] 0.3490245

$o500_i.ptime
[1] 1.811

$o500_i.time
[1] 0.175

$o500_i.rmse
[1] 0.2462429

$o25_d.ptime
[1] 0.669

$o25_d.time
[1] 0.701

$o25_d.rmse
[1] 0.4865101

$o50_d.ptime
[1] 0.161

$o50_d.time
[1] 0.882

$o50_d.rmse
[1] 0.428103

$o100_d.ptime
[1] 0.063

$o100_d.time
[1] 1.83

$o100_d.rmse
[1] 0.3408941

$o250_d.ptime
[1] 0.043

$o250_d.time
[1] 7.007

$o250_d.rmse
[1] 0.2201595

$o500_d.ptime
[1] 0.038

$o500_d.time
[1] 33.913

$o500_d.rmse
[1] 0.1639101

$c25_i.ptime
[1] 2.024

$c25_i.time
[1] 0.34

$c25_i.rmse
[1] 0.3366597

$c50_i.ptime
[1] 1.202

$c50_i.time
[1] 0.236

$c50_i.rmse
[1] 0.3109335

$c100_i.ptime
[1] 1.162

$c100_i.time
[1] 0.221

$c100_i.rmse
[1] 0.2644902

$c250_i.ptime
[1] 1.139

$c250_i.time
[1] 0.209

$c250_i.rmse
[1] 0.1977089

$c500_i.ptime
[1] 2.309

$c500_i.time
[1] 0.196

$c500_i.rmse
[1] 0.1508756

$c25_d.ptime
[1] 1.897

$c25_d.time
[1] 1.166

$c25_d.rmse
[1] 0.3007729

$c50_d.ptime
[1] 1.142

$c50_d.time
[1] 1.243

$c50_d.rmse
[1] 0.2422041

$c100_d.ptime
[1] 0.757

$c100_d.time
[1] 2.265

$c100_d.rmse
[1] 0.2000327

$c250_d.ptime
[1] 0.54

$c250_d.time
[1] 8.143

$c250_d.rmse
[1] 0.1531265

$c500_d.ptime
[1] 0.528

$c500_d.time
[1] 32.83

$c500_d.rmse
[1] 0.1204929

$s25.ptime
[1] 0.538

$s25.time
[1] 0.001

$s25.rmse
[1] 0.7683386

$s50.ptime
[1] 0.475

$s50.time
[1] 0.001

$s50.rmse
[1] 0.8078119

$s100.ptime
[1] 0.995

$s100.time
[1] 0.003

$s100.rmse
[1] 0.5031566

$s250.ptime
[1] 1.434

$s250.time
[1] 0.008

$s250.rmse
[1] 0.3968256

$s500.ptime
[1] 1.922

$s500.time
[1] 0.016

$s500.rmse
[1] 0.2614156

$s1000.ptime
[1] 3.139

$s1000.time
[1] 0.032

$s1000.rmse
[1] 0.1706958

$s2500.ptime
[1] 19.187

$s2500.time
[1] 0.079

$s2500.rmse
[1] 0.1055355

$s5000.ptime
[1] 137.232

$s5000.time
[1] 0.181

$s5000.rmse
[1] 0.07851916

        seed            p    full.time    full.rmse     l25.time     l25.rmse 
    2442.000       10.000        0.081        0.058        4.413        0.204 
    l50.time     l50.rmse    l100.time    l100.rmse    l250.time    l250.rmse 
       4.436        0.172        5.818        0.134       21.139        0.099 
   l500.time    l500.rmse  o25_i.ptime   o25_i.time   o25_i.rmse  o50_i.ptime 
     107.129        0.083        0.292        0.318        0.592        0.204 
  o50_i.time   o50_i.rmse o100_i.ptime  o100_i.time  o100_i.rmse o250_i.ptime 
       0.231        0.557        0.250        0.199        0.483        0.678 
 o250_i.time  o250_i.rmse o500_i.ptime  o500_i.time  o500_i.rmse  o25_d.ptime 
       0.515        0.349        1.811        0.175        0.246        0.669 
  o25_d.time   o25_d.rmse  o50_d.ptime   o50_d.time   o50_d.rmse o100_d.ptime 
       0.701        0.487        0.161        0.882        0.428        0.063 
 o100_d.time  o100_d.rmse o250_d.ptime  o250_d.time  o250_d.rmse o500_d.ptime 
       1.830        0.341        0.043        7.007        0.220        0.038 
 o500_d.time  o500_d.rmse  c25_i.ptime   c25_i.time   c25_i.rmse  c50_i.ptime 
      33.913        0.164        2.024        0.340        0.337        1.202 
  c50_i.time   c50_i.rmse c100_i.ptime  c100_i.time  c100_i.rmse c250_i.ptime 
       0.236        0.311        1.162        0.221        0.264        1.139 
 c250_i.time  c250_i.rmse c500_i.ptime  c500_i.time  c500_i.rmse  c25_d.ptime 
       0.209        0.198        2.309        0.196        0.151        1.897 
  c25_d.time   c25_d.rmse  c50_d.ptime   c50_d.time   c50_d.rmse c100_d.ptime 
       1.166        0.301        1.142        1.243        0.242        0.757 
 c100_d.time  c100_d.rmse c250_d.ptime  c250_d.time  c250_d.rmse c500_d.ptime 
       2.265        0.200        0.540        8.143        0.153        0.528 
 c500_d.time  c500_d.rmse    s25.ptime     s25.time     s25.rmse    s50.ptime 
      32.830        0.120        0.538        0.001        0.768        0.475 
    s50.time     s50.rmse   s100.ptime    s100.time    s100.rmse   s250.ptime 
       0.001        0.808        0.995        0.003        0.503        1.434 
   s250.time    s250.rmse   s500.ptime    s500.time    s500.rmse  s1000.ptime 
       0.008        0.397        1.922        0.016        0.261        3.139 
  s1000.time   s1000.rmse  s2500.ptime   s2500.time   s2500.rmse  s5000.ptime 
       0.032        0.171       19.187        0.079        0.106      137.232 
  s5000.time   s5000.rmse 
       0.181        0.079 
[1] 0.8681489
$full.time
[1] 0.083

$full.rmse
[1] 0.05839585

$full.time
[1] 0.083

$full.rmse
[1] 0.05839585

$l25.time
[1] 4.474

$l25.rmse
[1] 0.190124

$l50.time
[1] 4.682

$l50.rmse
[1] 0.1575518

$l100.time
[1] 6.368

$l100.rmse
[1] 0.1269684

$l250.time
[1] 21.972

$l250.rmse
[1] 0.09417443

$l500.time
[1] 107.375

$l500.rmse
[1] 0.08280548

$o25_i.ptime
[1] 0.291

$o25_i.time
[1] 0.315

$o25_i.rmse
[1] 0.6354448

$o50_i.ptime
[1] 0.211

$o50_i.time
[1] 0.592

$o50_i.rmse
[1] 0.5319173

$o100_i.ptime
[1] 0.26

$o100_i.time
[1] 0.187

$o100_i.rmse
[1] 0.4478707

$o250_i.ptime
[1] 0.693

$o250_i.time
[1] 0.173

$o250_i.rmse
[1] 0.3319147

$o500_i.ptime
[1] 1.846

$o500_i.time
[1] 0.181

$o500_i.rmse
[1] 0.2575196

$o25_d.ptime
[1] 0.679

$o25_d.time
[1] 0.74

$o25_d.rmse
[1] 0.4835335

$o50_d.ptime
[1] 0.161

$o50_d.time
[1] 0.877

$o50_d.rmse
[1] 0.4053422

$o100_d.ptime
[1] 0.06

$o100_d.time
[1] 1.862

$o100_d.rmse
[1] 0.3386043

$o250_d.ptime
[1] 0.044

$o250_d.time
[1] 7.427

$o250_d.rmse
[1] 0.2279147

$o500_d.ptime
[1] 0.041

$o500_d.time
[1] 36.176

$o500_d.rmse
[1] 0.1598275

$c25_i.ptime
[1] 1.858

$c25_i.time
[1] 0.352

$c25_i.rmse
[1] 0.3624709

$c50_i.ptime
[1] 1.172

$c50_i.time
[1] 0.252

$c50_i.rmse
[1] 0.2962826

$c100_i.ptime
[1] 1.029

$c100_i.time
[1] 0.214

$c100_i.rmse
[1] 0.2525125

$c250_i.ptime
[1] 0.974

$c250_i.time
[1] 0.226

$c250_i.rmse
[1] 0.1873117

$c500_i.ptime
[1] 2.414

$c500_i.time
[1] 0.225

$c500_i.rmse
[1] 0.1481316

$c25_d.ptime
[1] 2.004

$c25_d.time
[1] 1.236

$c25_d.rmse
[1] 0.2700549

$c50_d.ptime
[1] 1.187

$c50_d.time
[1] 1.39

$c50_d.rmse
[1] 0.2328736

$c100_d.ptime
[1] 0.606

$c100_d.time
[1] 2.624

$c100_d.rmse
[1] 0.1923902

$c250_d.ptime
[1] 0.426

$c250_d.time
[1] 8.545

$c250_d.rmse
[1] 0.1467232

$c500_d.ptime
[1] 0.388

$c500_d.time
[1] 33.582

$c500_d.rmse
[1] 0.1169448

$s25.ptime
[1] 0.448

$s25.time
[1] 0.001

$s25.rmse
[1] 0.7175985

$s50.ptime
[1] 0.396

$s50.time
[1] 0.001

$s50.rmse
[1] 0.6371997

$s100.ptime
[1] 0.675

$s100.time
[1] 0.003

$s100.rmse
[1] 0.5118584

$s250.ptime
[1] 1.182

$s250.time
[1] 0.008

$s250.rmse
[1] 0.3791523

$s500.ptime
[1] 1.735

$s500.time
[1] 0.018

$s500.rmse
[1] 0.2706838

$s1000.ptime
[1] 3.73

$s1000.time
[1] 0.035

$s1000.rmse
[1] 0.1779441

$s2500.ptime
[1] 18.374

$s2500.time
[1] 0.09

$s2500.rmse
[1] 0.1113257

$s5000.ptime
[1] 134.768

$s5000.time
[1] 0.222

$s5000.rmse
[1] 0.07593922

        seed            p    full.time    full.rmse     l25.time     l25.rmse 
    2443.000       10.000        0.083        0.058        4.474        0.190 
    l50.time     l50.rmse    l100.time    l100.rmse    l250.time    l250.rmse 
       4.682        0.158        6.368        0.127       21.972        0.094 
   l500.time    l500.rmse  o25_i.ptime   o25_i.time   o25_i.rmse  o50_i.ptime 
     107.375        0.083        0.291        0.315        0.635        0.211 
  o50_i.time   o50_i.rmse o100_i.ptime  o100_i.time  o100_i.rmse o250_i.ptime 
       0.592        0.532        0.260        0.187        0.448        0.693 
 o250_i.time  o250_i.rmse o500_i.ptime  o500_i.time  o500_i.rmse  o25_d.ptime 
       0.173        0.332        1.846        0.181        0.258        0.679 
  o25_d.time   o25_d.rmse  o50_d.ptime   o50_d.time   o50_d.rmse o100_d.ptime 
       0.740        0.484        0.161        0.877        0.405        0.060 
 o100_d.time  o100_d.rmse o250_d.ptime  o250_d.time  o250_d.rmse o500_d.ptime 
       1.862        0.339        0.044        7.427        0.228        0.041 
 o500_d.time  o500_d.rmse  c25_i.ptime   c25_i.time   c25_i.rmse  c50_i.ptime 
      36.176        0.160        1.858        0.352        0.362        1.172 
  c50_i.time   c50_i.rmse c100_i.ptime  c100_i.time  c100_i.rmse c250_i.ptime 
       0.252        0.296        1.029        0.214        0.253        0.974 
 c250_i.time  c250_i.rmse c500_i.ptime  c500_i.time  c500_i.rmse  c25_d.ptime 
       0.226        0.187        2.414        0.225        0.148        2.004 
  c25_d.time   c25_d.rmse  c50_d.ptime   c50_d.time   c50_d.rmse c100_d.ptime 
       1.236        0.270        1.187        1.390        0.233        0.606 
 c100_d.time  c100_d.rmse c250_d.ptime  c250_d.time  c250_d.rmse c500_d.ptime 
       2.624        0.192        0.426        8.545        0.147        0.388 
 c500_d.time  c500_d.rmse    s25.ptime     s25.time     s25.rmse    s50.ptime 
      33.582        0.117        0.448        0.001        0.718        0.396 
    s50.time     s50.rmse   s100.ptime    s100.time    s100.rmse   s250.ptime 
       0.001        0.637        0.675        0.003        0.512        1.182 
   s250.time    s250.rmse   s500.ptime    s500.time    s500.rmse  s1000.ptime 
       0.008        0.379        1.735        0.018        0.271        3.730 
  s1000.time   s1000.rmse  s2500.ptime   s2500.time   s2500.rmse  s5000.ptime 
       0.035        0.178       18.374        0.090        0.111      134.768 
  s5000.time   s5000.rmse 
       0.222        0.076 
  seed  p full.time  full.rmse l25.time  l25.rmse l50.time  l50.rmse l100.time
1 2439 10     0.093 0.05857027    4.814 0.1936411    4.937 0.1551103     6.826
2 2440 10     0.094 0.05749099    4.686 0.1778741    4.916 0.1543440     6.820
3 2441 10     0.073 0.05720444    4.231 0.1982686    4.512 0.1640860     6.226
4 2442 10     0.081 0.05822897    4.413 0.2044079    4.436 0.1716071     5.818
5 2443 10     0.083 0.05839585    4.474 0.1901240    4.682 0.1575518     6.368
  l100.rmse l250.time  l250.rmse l500.time  l500.rmse o25_i.ptime o25_i.time
1 0.1229609    25.190 0.09739189   112.102 0.08406841       0.287      0.297
2 0.1237416    24.307 0.09718979   112.973 0.08252487       0.319      0.316
3 0.1250282    21.385 0.09702151   107.380 0.08253074       0.294      0.320
4 0.1337730    21.139 0.09937646   107.129 0.08321049       0.292      0.318
5 0.1269684    21.972 0.09417443   107.375 0.08280548       0.291      0.315
  o25_i.rmse o50_i.ptime o50_i.time o50_i.rmse o100_i.ptime o100_i.time
1  0.6096826       0.680      0.204  0.5369698        0.250       0.172
2  0.5797437       0.207      0.224  0.5145402        0.265       0.763
3  0.5676754       0.214      0.227  0.4933616        0.250       0.198
4  0.5922652       0.204      0.231  0.5572888        0.250       0.199
5  0.6354448       0.211      0.592  0.5319173        0.260       0.187
  o100_i.rmse o250_i.ptime o250_i.time o250_i.rmse o500_i.ptime o500_i.time
1   0.4454043        0.687       0.156   0.3414989        1.908       0.184
2   0.4328947        0.679       0.152   0.3190738        1.892       0.178
3   0.4499944        0.664       0.492   0.3380674        1.840       0.191
4   0.4831066        0.678       0.515   0.3490245        1.811       0.175
5   0.4478707        0.693       0.173   0.3319147        1.846       0.181
  o500_i.rmse o25_d.ptime o25_d.time o25_d.rmse o50_d.ptime o50_d.time
1   0.2527266       0.696      0.667  0.4893075       0.151      0.837
2   0.2398577       0.641      0.635  0.4653862       0.152      0.843
3   0.2361404       0.659      0.730  0.4723203       0.161      0.905
4   0.2462429       0.669      0.701  0.4865101       0.161      0.882
5   0.2575196       0.679      0.740  0.4835335       0.161      0.877
  o50_d.rmse o100_d.ptime o100_d.time o100_d.rmse o250_d.ptime o250_d.time
1  0.4168015        0.059       1.937   0.3271383        0.032       8.496
2  0.3980400        0.059       1.726   0.3122182        0.033       7.291
3  0.3796937        0.059       1.798   0.3326762        0.032       7.355
4  0.4281030        0.063       1.830   0.3408941        0.043       7.007
5  0.4053422        0.060       1.862   0.3386043        0.044       7.427
  o250_d.rmse o500_d.ptime o500_d.time o500_d.rmse c25_i.ptime c25_i.time
1   0.2286875        0.029      33.913   0.1583468       1.621      0.332
2   0.2303656        0.117      33.661   0.1635970       1.705      0.336
3   0.2266971        0.029      32.683   0.1622721       1.922      0.311
4   0.2201595        0.038      33.913   0.1639101       2.024      0.340
5   0.2279147        0.041      36.176   0.1598275       1.858      0.352
  c25_i.rmse c50_i.ptime c50_i.time c50_i.rmse c100_i.ptime c100_i.time
1  0.3590797       0.981      0.231  0.2888699        0.974       0.193
2  0.3233475       0.941      0.236  0.2834989        0.954       0.194
3  0.3229717       1.098      0.217  0.2799228        0.902       0.175
4  0.3366597       1.202      0.236  0.3109335        1.162       0.221
5  0.3624709       1.172      0.252  0.2962826        1.029       0.214
  c100_i.rmse c250_i.ptime c250_i.time c250_i.rmse c500_i.ptime c500_i.time
1   0.2402117        1.108       0.175   0.1904368        2.377       0.181
2   0.2217300        1.123       0.180   0.1799004        2.275       0.186
3   0.2219574        1.074       0.162   0.1893033        2.205       0.168
4   0.2644902        1.139       0.209   0.1977089        2.309       0.196
5   0.2525125        0.974       0.226   0.1873117        2.414       0.225
  c500_i.rmse c25_d.ptime c25_d.time c25_d.rmse c50_d.ptime c50_d.time
1   0.1534224       2.200      1.208  0.2637035       1.024      1.390
2   0.1431278       1.964      1.171  0.2711864       0.993      1.345
3   0.1417579       2.063      1.056  0.2740138       1.364      1.192
4   0.1508756       1.897      1.166  0.3007729       1.142      1.243
5   0.1481316       2.004      1.236  0.2700549       1.187      1.390
  c50_d.rmse c100_d.ptime c100_d.time c100_d.rmse c250_d.ptime c250_d.time
1  0.2180272        0.665       2.410   0.1922554        0.410       8.822
2  0.2125869        0.728       2.467   0.1837569        0.406       8.952
3  0.2390615        0.601       2.214   0.1811740        0.382       8.152
4  0.2422041        0.757       2.265   0.2000327        0.540       8.143
5  0.2328736        0.606       2.624   0.1923902        0.426       8.545
  c250_d.rmse c500_d.ptime c500_d.time c500_d.rmse s25.ptime s25.time  s25.rmse
1   0.1523142        0.418      34.593   0.1251964     0.488    0.001 0.6754772
2   0.1436887        0.379      34.576   0.1145652     0.347    0.001 0.6971123
3   0.1458561        0.303      32.863   0.1179491     0.519    0.001 0.6867489
4   0.1531265        0.528      32.830   0.1204929     0.538    0.001 0.7683386
5   0.1467232        0.388      33.582   0.1169448     0.448    0.001 0.7175985
  s50.ptime s50.time  s50.rmse s100.ptime s100.time s100.rmse s250.ptime
1     0.416    0.002 0.5744269      0.672     0.003 0.4684140      1.167
2     0.413    0.002 0.5903654      0.911     0.004 0.4810307      1.100
3     0.860    0.002 0.5850369      0.614     0.003 0.4683568      1.493
4     0.475    0.001 0.8078119      0.995     0.003 0.5031566      1.434
5     0.396    0.001 0.6371997      0.675     0.003 0.5118584      1.182
  s250.time s250.rmse s500.ptime s500.time s500.rmse s1000.ptime s1000.time
1     0.009 0.3716735      1.714     0.018 0.2645166       3.291      0.038
2     0.008 0.3188712      1.842     0.018 0.2528577       3.378      0.036
3     0.007 0.3497187      1.857     0.017 0.2670251       3.706      0.037
4     0.008 0.3968256      1.922     0.016 0.2614156       3.139      0.032
5     0.008 0.3791523      1.735     0.018 0.2706838       3.730      0.035
  s1000.rmse s2500.ptime s2500.time s2500.rmse s5000.ptime s5000.time
1  0.1860109      20.705      0.105  0.1128180     145.622      0.200
2  0.1920362      21.324      0.080  0.1053190     126.111      0.165
3  0.1837024      20.026      0.084  0.1105765     131.935      0.170
4  0.1706958      19.187      0.079  0.1055355     137.232      0.181
5  0.1779441      18.374      0.090  0.1113257     134.768      0.222
  s5000.rmse
1 0.07615340
2 0.07487549
3 0.07672754
4 0.07851916
5 0.07593922
> 
> proc.time()
    user   system  elapsed 
4959.700   33.791 5112.953 
