
R version 3.0.3 (2014-03-06) -- "Warm Puppy"
Copyright (C) 2014 The R Foundation for Statistical Computing
Platform: x86_64-unknown-linux-gnu (64-bit)

R is free software and comes with ABSOLUTELY NO WARRANTY.
You are welcome to redistribute it under certain conditions.
Type 'license()' or 'licence()' for distribution details.

  Natural language support but running in an English locale

R is a collaborative project with many contributors.
Type 'contributors()' for more information and
'citation()' on how to cite R or R packages in publications.

Type 'demo()' for some demos, 'help()' for on-line help, or
'help.start()' for an HTML browser interface to help.
Type 'q()' to quit R.

> print(.libPaths())
[1] "/usr/local/r-3.0.3/lib64/R/library"
> .libPaths("/mnt/home/rjparker/Rlib")
> print(.libPaths())
[1] "/mnt/home/rjparker/Rlib"            "/usr/local/r-3.0.3/lib64/R/library"
> setwd("/mnt/home/rjparker/git/block_int")
> 
> which_exp <- 5
> which_part <- 15
> source("R/sim_nblocks_pred.R")
Loading required package: spam
Loading required package: grid
Spam version 0.41-0 (2014-02-26) is loaded.
Type 'help( Spam)' or 'demo( spam)' for a short introduction 
and overview of this package.
Help for individual functions is also obtained by adding the
suffix '.spam' to the function name, e.g. 'help( chol.spam)'.

Attaching package: ‘spam’

The following objects are masked from ‘package:base’:

    backsolve, forwardsolve

Loading required package: maps
  pred  p   b tau Nper_p Npred Fzero sigma2
5 TRUE 10 1.5  10  10000  1000     0      1
[1] 0.9346675
$full.time
[1] 0.104

$full.rmse
[1] 0.06091433

$full.time
[1] 0.104

$full.rmse
[1] 0.06091433

$l25.time
[1] 6.012

$l25.rmse
[1] 0.2058964

$l50.time
[1] 6.128

$l50.rmse
[1] 0.165064

$l100.time
[1] 6.532

$l100.rmse
[1] 0.1267358

$l250.time
[1] 21.439

$l250.rmse
[1] 0.0949087

$l500.time
[1] 110.531

$l500.rmse
[1] 0.08216358

$o25_i.ptime
[1] 0.269

$o25_i.time
[1] 0.273

$o25_i.rmse
[1] 0.5982722

$o50_i.ptime
[1] 0.594

$o50_i.time
[1] 0.184

$o50_i.rmse
[1] 0.5402163

$o100_i.ptime
[1] 0.237

$o100_i.time
[1] 0.152

$o100_i.rmse
[1] 0.4725345

$o250_i.ptime
[1] 0.666

$o250_i.time
[1] 0.135

$o250_i.rmse
[1] 0.3293288

$o500_i.ptime
[1] 1.868

$o500_i.time
[1] 0.169

$o500_i.rmse
[1] 0.2471447

$o25_d.ptime
[1] 0.623

$o25_d.time
[1] 0.601

$o25_d.rmse
[1] 0.4980281

$o50_d.ptime
[1] 0.145

$o50_d.time
[1] 0.836

$o50_d.rmse
[1] 0.428357

$o100_d.ptime
[1] 0.058

$o100_d.time
[1] 1.763

$o100_d.rmse
[1] 0.3465397

$o250_d.ptime
[1] 0.029

$o250_d.time
[1] 8.02

$o250_d.rmse
[1] 0.2275812

$o500_d.ptime
[1] 0.029

$o500_d.time
[1] 37.284

$o500_d.rmse
[1] 0.1627605

$c25_i.ptime
[1] 2.074

$c25_i.time
[1] 0.316

$c25_i.rmse
[1] 0.3424744

$c50_i.ptime
[1] 1.195

$c50_i.time
[1] 0.231

$c50_i.rmse
[1] 0.2987578

$c100_i.ptime
[1] 0.842

$c100_i.time
[1] 0.169

$c100_i.rmse
[1] 0.2526279

$c250_i.ptime
[1] 1.309

$c250_i.time
[1] 0.194

$c250_i.rmse
[1] 0.1940216

$c500_i.ptime
[1] 2.577

$c500_i.time
[1] 0.181

$c500_i.rmse
[1] 0.1530084

$c25_d.ptime
[1] 2.032

$c25_d.time
[1] 0.952

$c25_d.rmse
[1] 0.2965963

$c50_d.ptime
[1] 1.335

$c50_d.time
[1] 1.191

$c50_d.rmse
[1] 0.2423003

$c100_d.ptime
[1] 0.754

$c100_d.time
[1] 2.314

$c100_d.rmse
[1] 0.189407

$c250_d.ptime
[1] 0.647

$c250_d.time
[1] 8.123

$c250_d.rmse
[1] 0.146859

$c500_d.ptime
[1] 0.263

$c500_d.time
[1] 35.75

$c500_d.rmse
[1] 0.1184634

$s25.ptime
[1] 0.447

$s25.time
[1] 0.001

$s25.rmse
[1] 0.644416

$s50.ptime
[1] 0.759

$s50.time
[1] 0.002

$s50.rmse
[1] 0.6517931

$s100.ptime
[1] 0.668

$s100.time
[1] 0.004

$s100.rmse
[1] 0.4881167

$s250.ptime
[1] 1.289

$s250.time
[1] 0.009

$s250.rmse
[1] 0.3729678

$s500.ptime
[1] 2.022

$s500.time
[1] 0.016

$s500.rmse
[1] 0.2506165

$s1000.ptime
[1] 3.552

$s1000.time
[1] 0.039

$s1000.rmse
[1] 0.173438

$s2500.ptime
[1] 17.985

$s2500.time
[1] 0.128

$s2500.rmse
[1] 0.1006929

$s5000.ptime
[1] 160.375

$s5000.time
[1] 0.234

$s5000.rmse
[1] 0.07471559

        seed            p    full.time    full.rmse     l25.time     l25.rmse 
    2454.000       10.000        0.104        0.061        6.012        0.206 
    l50.time     l50.rmse    l100.time    l100.rmse    l250.time    l250.rmse 
       6.128        0.165        6.532        0.127       21.439        0.095 
   l500.time    l500.rmse  o25_i.ptime   o25_i.time   o25_i.rmse  o50_i.ptime 
     110.531        0.082        0.269        0.273        0.598        0.594 
  o50_i.time   o50_i.rmse o100_i.ptime  o100_i.time  o100_i.rmse o250_i.ptime 
       0.184        0.540        0.237        0.152        0.473        0.666 
 o250_i.time  o250_i.rmse o500_i.ptime  o500_i.time  o500_i.rmse  o25_d.ptime 
       0.135        0.329        1.868        0.169        0.247        0.623 
  o25_d.time   o25_d.rmse  o50_d.ptime   o50_d.time   o50_d.rmse o100_d.ptime 
       0.601        0.498        0.145        0.836        0.428        0.058 
 o100_d.time  o100_d.rmse o250_d.ptime  o250_d.time  o250_d.rmse o500_d.ptime 
       1.763        0.347        0.029        8.020        0.228        0.029 
 o500_d.time  o500_d.rmse  c25_i.ptime   c25_i.time   c25_i.rmse  c50_i.ptime 
      37.284        0.163        2.074        0.316        0.342        1.195 
  c50_i.time   c50_i.rmse c100_i.ptime  c100_i.time  c100_i.rmse c250_i.ptime 
       0.231        0.299        0.842        0.169        0.253        1.309 
 c250_i.time  c250_i.rmse c500_i.ptime  c500_i.time  c500_i.rmse  c25_d.ptime 
       0.194        0.194        2.577        0.181        0.153        2.032 
  c25_d.time   c25_d.rmse  c50_d.ptime   c50_d.time   c50_d.rmse c100_d.ptime 
       0.952        0.297        1.335        1.191        0.242        0.754 
 c100_d.time  c100_d.rmse c250_d.ptime  c250_d.time  c250_d.rmse c500_d.ptime 
       2.314        0.189        0.647        8.123        0.147        0.263 
 c500_d.time  c500_d.rmse    s25.ptime     s25.time     s25.rmse    s50.ptime 
      35.750        0.118        0.447        0.001        0.644        0.759 
    s50.time     s50.rmse   s100.ptime    s100.time    s100.rmse   s250.ptime 
       0.002        0.652        0.668        0.004        0.488        1.289 
   s250.time    s250.rmse   s500.ptime    s500.time    s500.rmse  s1000.ptime 
       0.009        0.373        2.022        0.016        0.251        3.552 
  s1000.time   s1000.rmse  s2500.ptime   s2500.time   s2500.rmse  s5000.ptime 
       0.039        0.173       17.985        0.128        0.101      160.375 
  s5000.time   s5000.rmse 
       0.234        0.075 
[1] 0.8694051
$full.time
[1] 0.103

$full.rmse
[1] 0.0586172

$full.time
[1] 0.103

$full.rmse
[1] 0.0586172

$l25.time
[1] 5.748

$l25.rmse
[1] 0.1927696

$l50.time
[1] 5.955

$l50.rmse
[1] 0.151612

$l100.time
[1] 6.686

$l100.rmse
[1] 0.1262317

$l250.time
[1] 22.219

$l250.rmse
[1] 0.09589317

$l500.time
[1] 109.97

$l500.rmse
[1] 0.08162391

$o25_i.ptime
[1] 0.292

$o25_i.time
[1] 0.307

$o25_i.rmse
[1] 0.5927496

$o50_i.ptime
[1] 0.197

$o50_i.time
[1] 0.208

$o50_i.rmse
[1] 0.5306491

$o100_i.ptime
[1] 0.752

$o100_i.time
[1] 0.147

$o100_i.rmse
[1] 0.435219

$o250_i.ptime
[1] 0.668

$o250_i.time
[1] 0.131

$o250_i.rmse
[1] 0.3347811

$o500_i.ptime
[1] 1.886

$o500_i.time
[1] 0.159

$o500_i.rmse
[1] 0.2729443

$o25_d.ptime
[1] 0.623

$o25_d.time
[1] 0.613

$o25_d.rmse
[1] 0.4718812

$o50_d.ptime
[1] 0.142

$o50_d.time
[1] 0.772

$o50_d.rmse
[1] 0.4261442

$o100_d.ptime
[1] 0.058

$o100_d.time
[1] 1.756

$o100_d.rmse
[1] 0.3238856

$o250_d.ptime
[1] 0.029

$o250_d.time
[1] 7.627

$o250_d.rmse
[1] 0.2269509

$o500_d.ptime
[1] 0.031

$o500_d.time
[1] 37.004

$o500_d.rmse
[1] 0.168523

$c25_i.ptime
[1] 1.756

$c25_i.time
[1] 0.355

$c25_i.rmse
[1] 0.3474106

$c50_i.ptime
[1] 1.672

$c50_i.time
[1] 0.246

$c50_i.rmse
[1] 0.2749245

$c100_i.ptime
[1] 0.999

$c100_i.time
[1] 0.164

$c100_i.rmse
[1] 0.2369002

$c250_i.ptime
[1] 1.393

$c250_i.time
[1] 0.148

$c250_i.rmse
[1] 0.1845593

$c500_i.ptime
[1] 2.507

$c500_i.time
[1] 0.178

$c500_i.rmse
[1] 0.1614357

$c25_d.ptime
[1] 2.29

$c25_d.time
[1] 1.087

$c25_d.rmse
[1] 0.2818476

$c50_d.ptime
[1] 1.518

$c50_d.time
[1] 1.163

$c50_d.rmse
[1] 0.2276269

$c100_d.ptime
[1] 0.697

$c100_d.time
[1] 2.122

$c100_d.rmse
[1] 0.1845391

$c250_d.ptime
[1] 0.451

$c250_d.time
[1] 8.298

$c250_d.rmse
[1] 0.1445692

$c500_d.ptime
[1] 0.531

$c500_d.time
[1] 35.168

$c500_d.rmse
[1] 0.1205939

$s25.ptime
[1] 0.442

$s25.time
[1] 0.001

$s25.rmse
[1] 0.6118057

$s50.ptime
[1] 0.384

$s50.time
[1] 0.002

$s50.rmse
[1] 0.5915976

$s100.ptime
[1] 0.754

$s100.time
[1] 0.004

$s100.rmse
[1] 0.4885556

$s250.ptime
[1] 1.248

$s250.time
[1] 0.01

$s250.rmse
[1] 0.3714155

$s500.ptime
[1] 1.971

$s500.time
[1] 0.017

$s500.rmse
[1] 0.2735468

$s1000.ptime
[1] 3.849

$s1000.time
[1] 0.044

$s1000.rmse
[1] 0.1893574

$s2500.ptime
[1] 16.964

$s2500.time
[1] 0.076

$s2500.rmse
[1] 0.1123192

$s5000.ptime
[1] 160.727

$s5000.time
[1] 0.231

$s5000.rmse
[1] 0.07577937

        seed            p    full.time    full.rmse     l25.time     l25.rmse 
    2455.000       10.000        0.103        0.059        5.748        0.193 
    l50.time     l50.rmse    l100.time    l100.rmse    l250.time    l250.rmse 
       5.955        0.152        6.686        0.126       22.219        0.096 
   l500.time    l500.rmse  o25_i.ptime   o25_i.time   o25_i.rmse  o50_i.ptime 
     109.970        0.082        0.292        0.307        0.593        0.197 
  o50_i.time   o50_i.rmse o100_i.ptime  o100_i.time  o100_i.rmse o250_i.ptime 
       0.208        0.531        0.752        0.147        0.435        0.668 
 o250_i.time  o250_i.rmse o500_i.ptime  o500_i.time  o500_i.rmse  o25_d.ptime 
       0.131        0.335        1.886        0.159        0.273        0.623 
  o25_d.time   o25_d.rmse  o50_d.ptime   o50_d.time   o50_d.rmse o100_d.ptime 
       0.613        0.472        0.142        0.772        0.426        0.058 
 o100_d.time  o100_d.rmse o250_d.ptime  o250_d.time  o250_d.rmse o500_d.ptime 
       1.756        0.324        0.029        7.627        0.227        0.031 
 o500_d.time  o500_d.rmse  c25_i.ptime   c25_i.time   c25_i.rmse  c50_i.ptime 
      37.004        0.169        1.756        0.355        0.347        1.672 
  c50_i.time   c50_i.rmse c100_i.ptime  c100_i.time  c100_i.rmse c250_i.ptime 
       0.246        0.275        0.999        0.164        0.237        1.393 
 c250_i.time  c250_i.rmse c500_i.ptime  c500_i.time  c500_i.rmse  c25_d.ptime 
       0.148        0.185        2.507        0.178        0.161        2.290 
  c25_d.time   c25_d.rmse  c50_d.ptime   c50_d.time   c50_d.rmse c100_d.ptime 
       1.087        0.282        1.518        1.163        0.228        0.697 
 c100_d.time  c100_d.rmse c250_d.ptime  c250_d.time  c250_d.rmse c500_d.ptime 
       2.122        0.185        0.451        8.298        0.145        0.531 
 c500_d.time  c500_d.rmse    s25.ptime     s25.time     s25.rmse    s50.ptime 
      35.168        0.121        0.442        0.001        0.612        0.384 
    s50.time     s50.rmse   s100.ptime    s100.time    s100.rmse   s250.ptime 
       0.002        0.592        0.754        0.004        0.489        1.248 
   s250.time    s250.rmse   s500.ptime    s500.time    s500.rmse  s1000.ptime 
       0.010        0.371        1.971        0.017        0.274        3.849 
  s1000.time   s1000.rmse  s2500.ptime   s2500.time   s2500.rmse  s5000.ptime 
       0.044        0.189       16.964        0.076        0.112      160.727 
  s5000.time   s5000.rmse 
       0.231        0.076 
[1] 0.7094143
$full.time
[1] 0.106

$full.rmse
[1] 0.06171923

$full.time
[1] 0.106

$full.rmse
[1] 0.06171923

$l25.time
[1] 5.493

$l25.rmse
[1] 0.1947922

$l50.time
[1] 5.768

$l50.rmse
[1] 0.1643678

$l100.time
[1] 7.768

$l100.rmse
[1] 0.1290746

$l250.time
[1] 21.324

$l250.rmse
[1] 0.09646504

$l500.time
[1] 108.11

$l500.rmse
[1] 0.0810056

$o25_i.ptime
[1] 0.29

$o25_i.time
[1] 0.299

$o25_i.rmse
[1] 0.5705118

$o50_i.ptime
[1] 0.199

$o50_i.time
[1] 0.208

$o50_i.rmse
[1] 0.5320617

$o100_i.ptime
[1] 0.257

$o100_i.time
[1] 0.173

$o100_i.rmse
[1] 0.4506164

$o250_i.ptime
[1] 0.667

$o250_i.time
[1] 0.624

$o250_i.rmse
[1] 0.3528441

$o500_i.ptime
[1] 1.901

$o500_i.time
[1] 0.192

$o500_i.rmse
[1] 0.2535431

$o25_d.ptime
[1] 0.646

$o25_d.time
[1] 0.644

$o25_d.rmse
[1] 0.4827735

$o50_d.ptime
[1] 0.153

$o50_d.time
[1] 0.829

$o50_d.rmse
[1] 0.4191886

$o100_d.ptime
[1] 0.055

$o100_d.time
[1] 1.817

$o100_d.rmse
[1] 0.342039

$o250_d.ptime
[1] 0.032

$o250_d.time
[1] 8.605

$o250_d.rmse
[1] 0.2383584

$o500_d.ptime
[1] 0.028

$o500_d.time
[1] 35.614

$o500_d.rmse
[1] 0.1644613

$c25_i.ptime
[1] 1.97

$c25_i.time
[1] 0.357

$c25_i.rmse
[1] 0.3310389

$c50_i.ptime
[1] 1.101

$c50_i.time
[1] 0.198

$c50_i.rmse
[1] 0.2866713

$c100_i.ptime
[1] 1.127

$c100_i.time
[1] 0.213

$c100_i.rmse
[1] 0.2394244

$c250_i.ptime
[1] 1.024

$c250_i.time
[1] 0.201

$c250_i.rmse
[1] 0.1870699

$c500_i.ptime
[1] 2.705

$c500_i.time
[1] 0.222

$c500_i.rmse
[1] 0.1426

$c25_d.ptime
[1] 2.078

$c25_d.time
[1] 1.282

$c25_d.rmse
[1] 0.2719884

$c50_d.ptime
[1] 1.247

$c50_d.time
[1] 1.406

$c50_d.rmse
[1] 0.2271344

$c100_d.ptime
[1] 0.978

$c100_d.time
[1] 2.702

$c100_d.rmse
[1] 0.1949256

$c250_d.ptime
[1] 0.665

$c250_d.time
[1] 8.247

$c250_d.rmse
[1] 0.1456426

$c500_d.ptime
[1] 0.245

$c500_d.time
[1] 33.686

$c500_d.rmse
[1] 0.1182773

$s25.ptime
[1] 0.387

$s25.time
[1] 0.001

$s25.rmse
[1] 0.6071473

$s50.ptime
[1] 0.446

$s50.time
[1] 0.001

$s50.rmse
[1] 0.5756568

$s100.ptime
[1] 0.557

$s100.time
[1] 0.004

$s100.rmse
[1] 0.4897328

$s250.ptime
[1] 1.204

$s250.time
[1] 0.009

$s250.rmse
[1] 0.3308929

$s500.ptime
[1] 1.989

$s500.time
[1] 0.019

$s500.rmse
[1] 0.2459981

$s1000.ptime
[1] 3.475

$s1000.time
[1] 0.035

$s1000.rmse
[1] 0.1903845

$s2500.ptime
[1] 18.526

$s2500.time
[1] 0.08

$s2500.rmse
[1] 0.1099935

$s5000.ptime
[1] 163.775

$s5000.time
[1] 0.291

$s5000.rmse
[1] 0.07852303

        seed            p    full.time    full.rmse     l25.time     l25.rmse 
    2456.000       10.000        0.106        0.062        5.493        0.195 
    l50.time     l50.rmse    l100.time    l100.rmse    l250.time    l250.rmse 
       5.768        0.164        7.768        0.129       21.324        0.096 
   l500.time    l500.rmse  o25_i.ptime   o25_i.time   o25_i.rmse  o50_i.ptime 
     108.110        0.081        0.290        0.299        0.571        0.199 
  o50_i.time   o50_i.rmse o100_i.ptime  o100_i.time  o100_i.rmse o250_i.ptime 
       0.208        0.532        0.257        0.173        0.451        0.667 
 o250_i.time  o250_i.rmse o500_i.ptime  o500_i.time  o500_i.rmse  o25_d.ptime 
       0.624        0.353        1.901        0.192        0.254        0.646 
  o25_d.time   o25_d.rmse  o50_d.ptime   o50_d.time   o50_d.rmse o100_d.ptime 
       0.644        0.483        0.153        0.829        0.419        0.055 
 o100_d.time  o100_d.rmse o250_d.ptime  o250_d.time  o250_d.rmse o500_d.ptime 
       1.817        0.342        0.032        8.605        0.238        0.028 
 o500_d.time  o500_d.rmse  c25_i.ptime   c25_i.time   c25_i.rmse  c50_i.ptime 
      35.614        0.164        1.970        0.357        0.331        1.101 
  c50_i.time   c50_i.rmse c100_i.ptime  c100_i.time  c100_i.rmse c250_i.ptime 
       0.198        0.287        1.127        0.213        0.239        1.024 
 c250_i.time  c250_i.rmse c500_i.ptime  c500_i.time  c500_i.rmse  c25_d.ptime 
       0.201        0.187        2.705        0.222        0.143        2.078 
  c25_d.time   c25_d.rmse  c50_d.ptime   c50_d.time   c50_d.rmse c100_d.ptime 
       1.282        0.272        1.247        1.406        0.227        0.978 
 c100_d.time  c100_d.rmse c250_d.ptime  c250_d.time  c250_d.rmse c500_d.ptime 
       2.702        0.195        0.665        8.247        0.146        0.245 
 c500_d.time  c500_d.rmse    s25.ptime     s25.time     s25.rmse    s50.ptime 
      33.686        0.118        0.387        0.001        0.607        0.446 
    s50.time     s50.rmse   s100.ptime    s100.time    s100.rmse   s250.ptime 
       0.001        0.576        0.557        0.004        0.490        1.204 
   s250.time    s250.rmse   s500.ptime    s500.time    s500.rmse  s1000.ptime 
       0.009        0.331        1.989        0.019        0.246        3.475 
  s1000.time   s1000.rmse  s2500.ptime   s2500.time   s2500.rmse  s5000.ptime 
       0.035        0.190       18.526        0.080        0.110      163.775 
  s5000.time   s5000.rmse 
       0.291        0.079 
[1] 1.083858
$full.time
[1] 0.106

$full.rmse
[1] 0.05761271

$full.time
[1] 0.106

$full.rmse
[1] 0.05761271

$l25.time
[1] 5.624

$l25.rmse
[1] 0.2053106

$l50.time
[1] 6.025

$l50.rmse
[1] 0.1684329

$l100.time
[1] 7.996

$l100.rmse
[1] 0.1319215

$l250.time
[1] 22.54

$l250.rmse
[1] 0.1010353

$l500.time
[1] 108.35

$l500.rmse
[1] 0.08520056

$o25_i.ptime
[1] 0.275

$o25_i.time
[1] 0.309

$o25_i.rmse
[1] 0.6738949

$o50_i.ptime
[1] 0.194

$o50_i.time
[1] 0.205

$o50_i.rmse
[1] 0.5819221

$o100_i.ptime
[1] 0.249

$o100_i.time
[1] 0.171

$o100_i.rmse
[1] 0.4899889

$o250_i.ptime
[1] 0.653

$o250_i.time
[1] 0.612

$o250_i.rmse
[1] 0.3564061

$o500_i.ptime
[1] 1.849

$o500_i.time
[1] 0.198

$o500_i.rmse
[1] 0.2542297

$o25_d.ptime
[1] 0.64

$o25_d.time
[1] 0.705

$o25_d.rmse
[1] 0.523717

$o50_d.ptime
[1] 0.154

$o50_d.time
[1] 0.87

$o50_d.rmse
[1] 0.4339105

$o100_d.ptime
[1] 0.056

$o100_d.time
[1] 1.694

$o100_d.rmse
[1] 0.3536844

$o250_d.ptime
[1] 0.031

$o250_d.time
[1] 7.473

$o250_d.rmse
[1] 0.2460502

$o500_d.ptime
[1] 0.029

$o500_d.time
[1] 32.328

$o500_d.rmse
[1] 0.1680793

$c25_i.ptime
[1] 1.722

$c25_i.time
[1] 0.422

$c25_i.rmse
[1] 0.35074

$c50_i.ptime
[1] 1.527

$c50_i.time
[1] 0.296

$c50_i.rmse
[1] 0.2911419

$c100_i.ptime
[1] 0.909

$c100_i.time
[1] 0.261

$c100_i.rmse
[1] 0.2482034

$c250_i.ptime
[1] 1.239

$c250_i.time
[1] 0.203

$c250_i.rmse
[1] 0.1892171

$c500_i.ptime
[1] 2.599

$c500_i.time
[1] 0.283

$c500_i.rmse
[1] 0.1511803

$c25_d.ptime
[1] 2.377

$c25_d.time
[1] 1.487

$c25_d.rmse
[1] 0.2925908

$c50_d.ptime
[1] 1.182

$c50_d.time
[1] 1.616

$c50_d.rmse
[1] 0.2243538

$c100_d.ptime
[1] 0.668

$c100_d.time
[1] 2.816

$c100_d.rmse
[1] 0.1867975

$c250_d.ptime
[1] 0.423

$c250_d.time
[1] 8.916

$c250_d.rmse
[1] 0.144324

$c500_d.ptime
[1] 0.44

$c500_d.time
[1] 39.162

$c500_d.rmse
[1] 0.132699

$s25.ptime
[1] 0.325

$s25.time
[1] 0.001

$s25.rmse
[1] 0.7965842

$s50.ptime
[1] 0.744

$s50.time
[1] 0.002

$s50.rmse
[1] 0.6687458

$s100.ptime
[1] 0.791

$s100.time
[1] 0.005

$s100.rmse
[1] 0.5382842

$s250.ptime
[1] 1.12

$s250.time
[1] 0.009

$s250.rmse
[1] 0.3499736

$s500.ptime
[1] 1.875

$s500.time
[1] 0.021

$s500.rmse
[1] 0.265804

$s1000.ptime
[1] 3.751

$s1000.time
[1] 0.038

$s1000.rmse
[1] 0.2022532

$s2500.ptime
[1] 24.114

$s2500.time
[1] 0.08

$s2500.rmse
[1] 0.1097364

$s5000.ptime
[1] 166.997

$s5000.time
[1] 0.327

$s5000.rmse
[1] 0.07728036

        seed            p    full.time    full.rmse     l25.time     l25.rmse 
    2457.000       10.000        0.106        0.058        5.624        0.205 
    l50.time     l50.rmse    l100.time    l100.rmse    l250.time    l250.rmse 
       6.025        0.168        7.996        0.132       22.540        0.101 
   l500.time    l500.rmse  o25_i.ptime   o25_i.time   o25_i.rmse  o50_i.ptime 
     108.350        0.085        0.275        0.309        0.674        0.194 
  o50_i.time   o50_i.rmse o100_i.ptime  o100_i.time  o100_i.rmse o250_i.ptime 
       0.205        0.582        0.249        0.171        0.490        0.653 
 o250_i.time  o250_i.rmse o500_i.ptime  o500_i.time  o500_i.rmse  o25_d.ptime 
       0.612        0.356        1.849        0.198        0.254        0.640 
  o25_d.time   o25_d.rmse  o50_d.ptime   o50_d.time   o50_d.rmse o100_d.ptime 
       0.705        0.524        0.154        0.870        0.434        0.056 
 o100_d.time  o100_d.rmse o250_d.ptime  o250_d.time  o250_d.rmse o500_d.ptime 
       1.694        0.354        0.031        7.473        0.246        0.029 
 o500_d.time  o500_d.rmse  c25_i.ptime   c25_i.time   c25_i.rmse  c50_i.ptime 
      32.328        0.168        1.722        0.422        0.351        1.527 
  c50_i.time   c50_i.rmse c100_i.ptime  c100_i.time  c100_i.rmse c250_i.ptime 
       0.296        0.291        0.909        0.261        0.248        1.239 
 c250_i.time  c250_i.rmse c500_i.ptime  c500_i.time  c500_i.rmse  c25_d.ptime 
       0.203        0.189        2.599        0.283        0.151        2.377 
  c25_d.time   c25_d.rmse  c50_d.ptime   c50_d.time   c50_d.rmse c100_d.ptime 
       1.487        0.293        1.182        1.616        0.224        0.668 
 c100_d.time  c100_d.rmse c250_d.ptime  c250_d.time  c250_d.rmse c500_d.ptime 
       2.816        0.187        0.423        8.916        0.144        0.440 
 c500_d.time  c500_d.rmse    s25.ptime     s25.time     s25.rmse    s50.ptime 
      39.162        0.133        0.325        0.001        0.797        0.744 
    s50.time     s50.rmse   s100.ptime    s100.time    s100.rmse   s250.ptime 
       0.002        0.669        0.791        0.005        0.538        1.120 
   s250.time    s250.rmse   s500.ptime    s500.time    s500.rmse  s1000.ptime 
       0.009        0.350        1.875        0.021        0.266        3.751 
  s1000.time   s1000.rmse  s2500.ptime   s2500.time   s2500.rmse  s5000.ptime 
       0.038        0.202       24.114        0.080        0.110      166.997 
  s5000.time   s5000.rmse 
       0.327        0.077 
[1] 0.9809026
$full.time
[1] 0.118

$full.rmse
[1] 0.05607095

$full.time
[1] 0.118

$full.rmse
[1] 0.05607095

$l25.time
[1] 6.382

$l25.rmse
[1] 0.198697

$l50.time
[1] 6.232

$l50.rmse
[1] 0.1636538

$l100.time
[1] 8.4

$l100.rmse
[1] 0.1252971

$l250.time
[1] 26.806

$l250.rmse
[1] 0.09750239

$l500.time
[1] 110.984

$l500.rmse
[1] 0.08129166

$o25_i.ptime
[1] 0.292

$o25_i.time
[1] 0.303

$o25_i.rmse
[1] 0.6463844

$o50_i.ptime
[1] 0.206

$o50_i.time
[1] 0.701

$o50_i.rmse
[1] 0.5539637

$o100_i.ptime
[1] 0.268

$o100_i.time
[1] 0.177

$o100_i.rmse
[1] 0.4566394

$o250_i.ptime
[1] 0.689

$o250_i.time
[1] 0.172

$o250_i.rmse
[1] 0.3454431

$o500_i.ptime
[1] 1.972

$o500_i.time
[1] 0.196

$o500_i.rmse
[1] 0.2591299

$o25_d.ptime
[1] 0.643

$o25_d.time
[1] 0.681

$o25_d.rmse
[1] 0.5167061

$o50_d.ptime
[1] 0.173

$o50_d.time
[1] 0.878

$o50_d.rmse
[1] 0.426751

$o100_d.ptime
[1] 0.057

$o100_d.time
[1] 1.834

$o100_d.rmse
[1] 0.3329757

$o250_d.ptime
[1] 0.032

$o250_d.time
[1] 7.928

$o250_d.rmse
[1] 0.2340286

$o500_d.ptime
[1] 0.03

$o500_d.time
[1] 38.413

$o500_d.rmse
[1] 0.1736697

$c25_i.ptime
[1] 1.864

$c25_i.time
[1] 0.349

$c25_i.rmse
[1] 0.3453022

$c50_i.ptime
[1] 1.285

$c50_i.time
[1] 0.319

$c50_i.rmse
[1] 0.285244

$c100_i.ptime
[1] 1.063

$c100_i.time
[1] 0.227

$c100_i.rmse
[1] 0.2323156

$c250_i.ptime
[1] 1.227

$c250_i.time
[1] 0.178

$c250_i.rmse
[1] 0.1897941

$c500_i.ptime
[1] 2.541

$c500_i.time
[1] 0.369

$c500_i.rmse
[1] 0.1499729

$c25_d.ptime
[1] 2.139

$c25_d.time
[1] 1.425

$c25_d.rmse
[1] 0.2678707

$c50_d.ptime
[1] 1.071

$c50_d.time
[1] 2.274

$c50_d.rmse
[1] 0.2342058

$c100_d.ptime
[1] 0.66

$c100_d.time
[1] 3.05

$c100_d.rmse
[1] 0.194325

$c250_d.ptime
[1] 0.716

$c250_d.time
[1] 10.476

$c250_d.rmse
[1] 0.1525431

$c500_d.ptime
[1] 0.461

$c500_d.time
[1] 36.427

$c500_d.rmse
[1] 0.1199541

$s25.ptime
[1] 0.564

$s25.time
[1] 0.001

$s25.rmse
[1] 0.7611908

$s50.ptime
[1] 0.705

$s50.time
[1] 0.002

$s50.rmse
[1] 0.6062129

$s100.ptime
[1] 0.834

$s100.time
[1] 0.005

$s100.rmse
[1] 0.5094869

$s250.ptime
[1] 1.387

$s250.time
[1] 0.008

$s250.rmse
[1] 0.3671623

$s500.ptime
[1] 1.944

$s500.time
[1] 0.018

$s500.rmse
[1] 0.2803123

$s1000.ptime
[1] 3.671

$s1000.time
[1] 0.038

$s1000.rmse
[1] 0.1978666

$s2500.ptime
[1] 29.157

$s2500.time
[1] 0.138

$s2500.rmse
[1] 0.1148612

$s5000.ptime
[1] 234.548

$s5000.time
[1] 0.269

$s5000.rmse
[1] 0.07490518

        seed            p    full.time    full.rmse     l25.time     l25.rmse 
    2458.000       10.000        0.118        0.056        6.382        0.199 
    l50.time     l50.rmse    l100.time    l100.rmse    l250.time    l250.rmse 
       6.232        0.164        8.400        0.125       26.806        0.098 
   l500.time    l500.rmse  o25_i.ptime   o25_i.time   o25_i.rmse  o50_i.ptime 
     110.984        0.081        0.292        0.303        0.646        0.206 
  o50_i.time   o50_i.rmse o100_i.ptime  o100_i.time  o100_i.rmse o250_i.ptime 
       0.701        0.554        0.268        0.177        0.457        0.689 
 o250_i.time  o250_i.rmse o500_i.ptime  o500_i.time  o500_i.rmse  o25_d.ptime 
       0.172        0.345        1.972        0.196        0.259        0.643 
  o25_d.time   o25_d.rmse  o50_d.ptime   o50_d.time   o50_d.rmse o100_d.ptime 
       0.681        0.517        0.173        0.878        0.427        0.057 
 o100_d.time  o100_d.rmse o250_d.ptime  o250_d.time  o250_d.rmse o500_d.ptime 
       1.834        0.333        0.032        7.928        0.234        0.030 
 o500_d.time  o500_d.rmse  c25_i.ptime   c25_i.time   c25_i.rmse  c50_i.ptime 
      38.413        0.174        1.864        0.349        0.345        1.285 
  c50_i.time   c50_i.rmse c100_i.ptime  c100_i.time  c100_i.rmse c250_i.ptime 
       0.319        0.285        1.063        0.227        0.232        1.227 
 c250_i.time  c250_i.rmse c500_i.ptime  c500_i.time  c500_i.rmse  c25_d.ptime 
       0.178        0.190        2.541        0.369        0.150        2.139 
  c25_d.time   c25_d.rmse  c50_d.ptime   c50_d.time   c50_d.rmse c100_d.ptime 
       1.425        0.268        1.071        2.274        0.234        0.660 
 c100_d.time  c100_d.rmse c250_d.ptime  c250_d.time  c250_d.rmse c500_d.ptime 
       3.050        0.194        0.716       10.476        0.153        0.461 
 c500_d.time  c500_d.rmse    s25.ptime     s25.time     s25.rmse    s50.ptime 
      36.427        0.120        0.564        0.001        0.761        0.705 
    s50.time     s50.rmse   s100.ptime    s100.time    s100.rmse   s250.ptime 
       0.002        0.606        0.834        0.005        0.509        1.387 
   s250.time    s250.rmse   s500.ptime    s500.time    s500.rmse  s1000.ptime 
       0.008        0.367        1.944        0.018        0.280        3.671 
  s1000.time   s1000.rmse  s2500.ptime   s2500.time   s2500.rmse  s5000.ptime 
       0.038        0.198       29.157        0.138        0.115      234.548 
  s5000.time   s5000.rmse 
       0.269        0.075 
  seed  p full.time  full.rmse l25.time  l25.rmse l50.time  l50.rmse l100.time
1 2454 10     0.104 0.06091433    6.012 0.2058964    6.128 0.1650640     6.532
2 2455 10     0.103 0.05861720    5.748 0.1927696    5.955 0.1516120     6.686
3 2456 10     0.106 0.06171923    5.493 0.1947922    5.768 0.1643678     7.768
4 2457 10     0.106 0.05761271    5.624 0.2053106    6.025 0.1684329     7.996
5 2458 10     0.118 0.05607095    6.382 0.1986970    6.232 0.1636538     8.400
  l100.rmse l250.time  l250.rmse l500.time  l500.rmse o25_i.ptime o25_i.time
1 0.1267358    21.439 0.09490870   110.531 0.08216358       0.269      0.273
2 0.1262317    22.219 0.09589317   109.970 0.08162391       0.292      0.307
3 0.1290746    21.324 0.09646504   108.110 0.08100560       0.290      0.299
4 0.1319215    22.540 0.10103526   108.350 0.08520056       0.275      0.309
5 0.1252971    26.806 0.09750239   110.984 0.08129166       0.292      0.303
  o25_i.rmse o50_i.ptime o50_i.time o50_i.rmse o100_i.ptime o100_i.time
1  0.5982722       0.594      0.184  0.5402163        0.237       0.152
2  0.5927496       0.197      0.208  0.5306491        0.752       0.147
3  0.5705118       0.199      0.208  0.5320617        0.257       0.173
4  0.6738949       0.194      0.205  0.5819221        0.249       0.171
5  0.6463844       0.206      0.701  0.5539637        0.268       0.177
  o100_i.rmse o250_i.ptime o250_i.time o250_i.rmse o500_i.ptime o500_i.time
1   0.4725345        0.666       0.135   0.3293288        1.868       0.169
2   0.4352190        0.668       0.131   0.3347811        1.886       0.159
3   0.4506164        0.667       0.624   0.3528441        1.901       0.192
4   0.4899889        0.653       0.612   0.3564061        1.849       0.198
5   0.4566394        0.689       0.172   0.3454431        1.972       0.196
  o500_i.rmse o25_d.ptime o25_d.time o25_d.rmse o50_d.ptime o50_d.time
1   0.2471447       0.623      0.601  0.4980281       0.145      0.836
2   0.2729443       0.623      0.613  0.4718812       0.142      0.772
3   0.2535431       0.646      0.644  0.4827735       0.153      0.829
4   0.2542297       0.640      0.705  0.5237170       0.154      0.870
5   0.2591299       0.643      0.681  0.5167061       0.173      0.878
  o50_d.rmse o100_d.ptime o100_d.time o100_d.rmse o250_d.ptime o250_d.time
1  0.4283570        0.058       1.763   0.3465397        0.029       8.020
2  0.4261442        0.058       1.756   0.3238856        0.029       7.627
3  0.4191886        0.055       1.817   0.3420390        0.032       8.605
4  0.4339105        0.056       1.694   0.3536844        0.031       7.473
5  0.4267510        0.057       1.834   0.3329757        0.032       7.928
  o250_d.rmse o500_d.ptime o500_d.time o500_d.rmse c25_i.ptime c25_i.time
1   0.2275812        0.029      37.284   0.1627605       2.074      0.316
2   0.2269509        0.031      37.004   0.1685230       1.756      0.355
3   0.2383584        0.028      35.614   0.1644613       1.970      0.357
4   0.2460502        0.029      32.328   0.1680793       1.722      0.422
5   0.2340286        0.030      38.413   0.1736697       1.864      0.349
  c25_i.rmse c50_i.ptime c50_i.time c50_i.rmse c100_i.ptime c100_i.time
1  0.3424744       1.195      0.231  0.2987578        0.842       0.169
2  0.3474106       1.672      0.246  0.2749245        0.999       0.164
3  0.3310389       1.101      0.198  0.2866713        1.127       0.213
4  0.3507400       1.527      0.296  0.2911419        0.909       0.261
5  0.3453022       1.285      0.319  0.2852440        1.063       0.227
  c100_i.rmse c250_i.ptime c250_i.time c250_i.rmse c500_i.ptime c500_i.time
1   0.2526279        1.309       0.194   0.1940216        2.577       0.181
2   0.2369002        1.393       0.148   0.1845593        2.507       0.178
3   0.2394244        1.024       0.201   0.1870699        2.705       0.222
4   0.2482034        1.239       0.203   0.1892171        2.599       0.283
5   0.2323156        1.227       0.178   0.1897941        2.541       0.369
  c500_i.rmse c25_d.ptime c25_d.time c25_d.rmse c50_d.ptime c50_d.time
1   0.1530084       2.032      0.952  0.2965963       1.335      1.191
2   0.1614357       2.290      1.087  0.2818476       1.518      1.163
3   0.1426000       2.078      1.282  0.2719884       1.247      1.406
4   0.1511803       2.377      1.487  0.2925908       1.182      1.616
5   0.1499729       2.139      1.425  0.2678707       1.071      2.274
  c50_d.rmse c100_d.ptime c100_d.time c100_d.rmse c250_d.ptime c250_d.time
1  0.2423003        0.754       2.314   0.1894070        0.647       8.123
2  0.2276269        0.697       2.122   0.1845391        0.451       8.298
3  0.2271344        0.978       2.702   0.1949256        0.665       8.247
4  0.2243538        0.668       2.816   0.1867975        0.423       8.916
5  0.2342058        0.660       3.050   0.1943250        0.716      10.476
  c250_d.rmse c500_d.ptime c500_d.time c500_d.rmse s25.ptime s25.time  s25.rmse
1   0.1468590        0.263      35.750   0.1184634     0.447    0.001 0.6444160
2   0.1445692        0.531      35.168   0.1205939     0.442    0.001 0.6118057
3   0.1456426        0.245      33.686   0.1182773     0.387    0.001 0.6071473
4   0.1443240        0.440      39.162   0.1326990     0.325    0.001 0.7965842
5   0.1525431        0.461      36.427   0.1199541     0.564    0.001 0.7611908
  s50.ptime s50.time  s50.rmse s100.ptime s100.time s100.rmse s250.ptime
1     0.759    0.002 0.6517931      0.668     0.004 0.4881167      1.289
2     0.384    0.002 0.5915976      0.754     0.004 0.4885556      1.248
3     0.446    0.001 0.5756568      0.557     0.004 0.4897328      1.204
4     0.744    0.002 0.6687458      0.791     0.005 0.5382842      1.120
5     0.705    0.002 0.6062129      0.834     0.005 0.5094869      1.387
  s250.time s250.rmse s500.ptime s500.time s500.rmse s1000.ptime s1000.time
1     0.009 0.3729678      2.022     0.016 0.2506165       3.552      0.039
2     0.010 0.3714155      1.971     0.017 0.2735468       3.849      0.044
3     0.009 0.3308929      1.989     0.019 0.2459981       3.475      0.035
4     0.009 0.3499736      1.875     0.021 0.2658040       3.751      0.038
5     0.008 0.3671623      1.944     0.018 0.2803123       3.671      0.038
  s1000.rmse s2500.ptime s2500.time s2500.rmse s5000.ptime s5000.time
1  0.1734380      17.985      0.128  0.1006929     160.375      0.234
2  0.1893574      16.964      0.076  0.1123192     160.727      0.231
3  0.1903845      18.526      0.080  0.1099935     163.775      0.291
4  0.2022532      24.114      0.080  0.1097364     166.997      0.327
5  0.1978666      29.157      0.138  0.1148612     234.548      0.269
  s5000.rmse
1 0.07471559
2 0.07577937
3 0.07852303
4 0.07728036
5 0.07490518
> 
> proc.time()
    user   system  elapsed 
5711.823   57.327 5913.242 
