
R version 3.0.3 (2014-03-06) -- "Warm Puppy"
Copyright (C) 2014 The R Foundation for Statistical Computing
Platform: x86_64-unknown-linux-gnu (64-bit)

R is free software and comes with ABSOLUTELY NO WARRANTY.
You are welcome to redistribute it under certain conditions.
Type 'license()' or 'licence()' for distribution details.

  Natural language support but running in an English locale

R is a collaborative project with many contributors.
Type 'contributors()' for more information and
'citation()' on how to cite R or R packages in publications.

Type 'demo()' for some demos, 'help()' for on-line help, or
'help.start()' for an HTML browser interface to help.
Type 'q()' to quit R.

> print(.libPaths())
[1] "/usr/local/r-3.0.3/lib64/R/library"
> .libPaths("/mnt/home/rjparker/Rlib")
> print(.libPaths())
[1] "/mnt/home/rjparker/Rlib"            "/usr/local/r-3.0.3/lib64/R/library"
> setwd("/mnt/home/rjparker/git/block_int")
> 
> which_exp <- 5
> which_part <- 16
> source("R/sim_nblocks_pred.R")
Loading required package: spam
Loading required package: grid
Spam version 0.41-0 (2014-02-26) is loaded.
Type 'help( Spam)' or 'demo( spam)' for a short introduction 
and overview of this package.
Help for individual functions is also obtained by adding the
suffix '.spam' to the function name, e.g. 'help( chol.spam)'.

Attaching package: ‘spam’

The following objects are masked from ‘package:base’:

    backsolve, forwardsolve

Loading required package: maps
  pred  p   b tau Nper_p Npred Fzero sigma2
5 TRUE 10 1.5  10  10000  1000     0      1
[1] 0.8470437
$full.time
[1] 0.119

$full.rmse
[1] 0.06007783

$full.time
[1] 0.119

$full.rmse
[1] 0.06007783

$l25.time
[1] 6.054

$l25.rmse
[1] 0.2089114

$l50.time
[1] 6.136

$l50.rmse
[1] 0.1698345

$l100.time
[1] 8.314

$l100.rmse
[1] 0.1301507

$l250.time
[1] 27.644

$l250.rmse
[1] 0.09953352

$l500.time
[1] 103.751

$l500.rmse
[1] 0.08610432

$o25_i.ptime
[1] 0.247

$o25_i.time
[1] 0.257

$o25_i.rmse
[1] 0.6484403

$o50_i.ptime
[1] 0.545

$o50_i.time
[1] 0.174

$o50_i.rmse
[1] 0.5559793

$o100_i.ptime
[1] 0.216

$o100_i.time
[1] 0.141

$o100_i.rmse
[1] 0.4754588

$o250_i.ptime
[1] 0.611

$o250_i.time
[1] 0.128

$o250_i.rmse
[1] 0.3344582

$o500_i.ptime
[1] 1.786

$o500_i.time
[1] 0.145

$o500_i.rmse
[1] 0.2515312

$o25_d.ptime
[1] 0.621

$o25_d.time
[1] 0.59

$o25_d.rmse
[1] 0.5087975

$o50_d.ptime
[1] 0.144

$o50_d.time
[1] 0.699

$o50_d.rmse
[1] 0.4262134

$o100_d.ptime
[1] 0.052

$o100_d.time
[1] 1.633

$o100_d.rmse
[1] 0.3503382

$o250_d.ptime
[1] 0.028

$o250_d.time
[1] 7.81

$o250_d.rmse
[1] 0.2330646

$o500_d.ptime
[1] 0.027

$o500_d.time
[1] 31.178

$o500_d.rmse
[1] 0.1623422

$c25_i.ptime
[1] 1.828

$c25_i.time
[1] 0.285

$c25_i.rmse
[1] 0.3521105

$c50_i.ptime
[1] 1.05

$c50_i.time
[1] 0.196

$c50_i.rmse
[1] 0.2988187

$c100_i.ptime
[1] 0.944

$c100_i.time
[1] 0.201

$c100_i.rmse
[1] 0.235586

$c250_i.ptime
[1] 1.141

$c250_i.time
[1] 0.181

$c250_i.rmse
[1] 0.1780165

$c500_i.ptime
[1] 2.513

$c500_i.time
[1] 0.203

$c500_i.rmse
[1] 0.1533574

$c25_d.ptime
[1] 2.373

$c25_d.time
[1] 1.263

$c25_d.rmse
[1] 0.2899699

$c50_d.ptime
[1] 1.002

$c50_d.time
[1] 1.414

$c50_d.rmse
[1] 0.2421481

$c100_d.ptime
[1] 0.692

$c100_d.time
[1] 2.576

$c100_d.rmse
[1] 0.1871777

$c250_d.ptime
[1] 0.682

$c250_d.time
[1] 9.471

$c250_d.rmse
[1] 0.1495348

$c500_d.ptime
[1] 0.688

$c500_d.time
[1] 32.484

$c500_d.rmse
[1] 0.1298465

$s25.ptime
[1] 0.514

$s25.time
[1] 0.001

$s25.rmse
[1] 0.6376207

$s50.ptime
[1] 0.408

$s50.time
[1] 0.003

$s50.rmse
[1] 0.6029557

$s100.ptime
[1] 0.991

$s100.time
[1] 0.004

$s100.rmse
[1] 0.4962886

$s250.ptime
[1] 1.244

$s250.time
[1] 0.009

$s250.rmse
[1] 0.370894

$s500.ptime
[1] 2.045

$s500.time
[1] 0.019

$s500.rmse
[1] 0.2747803

$s1000.ptime
[1] 3.754

$s1000.time
[1] 0.042

$s1000.rmse
[1] 0.1807883

$s2500.ptime
[1] 27.481

$s2500.time
[1] 0.112

$s2500.rmse
[1] 0.1098211

$s5000.ptime
[1] 171.858

$s5000.time
[1] 0.292

$s5000.rmse
[1] 0.07755111

        seed            p    full.time    full.rmse     l25.time     l25.rmse 
    2459.000       10.000        0.119        0.060        6.054        0.209 
    l50.time     l50.rmse    l100.time    l100.rmse    l250.time    l250.rmse 
       6.136        0.170        8.314        0.130       27.644        0.100 
   l500.time    l500.rmse  o25_i.ptime   o25_i.time   o25_i.rmse  o50_i.ptime 
     103.751        0.086        0.247        0.257        0.648        0.545 
  o50_i.time   o50_i.rmse o100_i.ptime  o100_i.time  o100_i.rmse o250_i.ptime 
       0.174        0.556        0.216        0.141        0.475        0.611 
 o250_i.time  o250_i.rmse o500_i.ptime  o500_i.time  o500_i.rmse  o25_d.ptime 
       0.128        0.334        1.786        0.145        0.252        0.621 
  o25_d.time   o25_d.rmse  o50_d.ptime   o50_d.time   o50_d.rmse o100_d.ptime 
       0.590        0.509        0.144        0.699        0.426        0.052 
 o100_d.time  o100_d.rmse o250_d.ptime  o250_d.time  o250_d.rmse o500_d.ptime 
       1.633        0.350        0.028        7.810        0.233        0.027 
 o500_d.time  o500_d.rmse  c25_i.ptime   c25_i.time   c25_i.rmse  c50_i.ptime 
      31.178        0.162        1.828        0.285        0.352        1.050 
  c50_i.time   c50_i.rmse c100_i.ptime  c100_i.time  c100_i.rmse c250_i.ptime 
       0.196        0.299        0.944        0.201        0.236        1.141 
 c250_i.time  c250_i.rmse c500_i.ptime  c500_i.time  c500_i.rmse  c25_d.ptime 
       0.181        0.178        2.513        0.203        0.153        2.373 
  c25_d.time   c25_d.rmse  c50_d.ptime   c50_d.time   c50_d.rmse c100_d.ptime 
       1.263        0.290        1.002        1.414        0.242        0.692 
 c100_d.time  c100_d.rmse c250_d.ptime  c250_d.time  c250_d.rmse c500_d.ptime 
       2.576        0.187        0.682        9.471        0.150        0.688 
 c500_d.time  c500_d.rmse    s25.ptime     s25.time     s25.rmse    s50.ptime 
      32.484        0.130        0.514        0.001        0.638        0.408 
    s50.time     s50.rmse   s100.ptime    s100.time    s100.rmse   s250.ptime 
       0.003        0.603        0.991        0.004        0.496        1.244 
   s250.time    s250.rmse   s500.ptime    s500.time    s500.rmse  s1000.ptime 
       0.009        0.371        2.045        0.019        0.275        3.754 
  s1000.time   s1000.rmse  s2500.ptime   s2500.time   s2500.rmse  s5000.ptime 
       0.042        0.181       27.481        0.112        0.110      171.858 
  s5000.time   s5000.rmse 
       0.292        0.078 
[1] 0.730592
$full.time
[1] 0.117

$full.rmse
[1] 0.06011051

$full.time
[1] 0.117

$full.rmse
[1] 0.06011051

$l25.time
[1] 5.403

$l25.rmse
[1] 0.1947989

$l50.time
[1] 5.793

$l50.rmse
[1] 0.1585704

$l100.time
[1] 7.933

$l100.rmse
[1] 0.1292525

$l250.time
[1] 26.3

$l250.rmse
[1] 0.0998133

$l500.time
[1] 103.882

$l500.rmse
[1] 0.08287098

$o25_i.ptime
[1] 0.288

$o25_i.time
[1] 0.271

$o25_i.rmse
[1] 0.5710524

$o50_i.ptime
[1] 0.186

$o50_i.time
[1] 0.198

$o50_i.rmse
[1] 0.4979564

$o100_i.ptime
[1] 0.243

$o100_i.time
[1] 0.682

$o100_i.rmse
[1] 0.4542961

$o250_i.ptime
[1] 0.646

$o250_i.time
[1] 0.13

$o250_i.rmse
[1] 0.3477485

$o500_i.ptime
[1] 1.837

$o500_i.time
[1] 0.151

$o500_i.rmse
[1] 0.2440518

$o25_d.ptime
[1] 0.619

$o25_d.time
[1] 0.575

$o25_d.rmse
[1] 0.4744641

$o50_d.ptime
[1] 0.142

$o50_d.time
[1] 0.793

$o50_d.rmse
[1] 0.4100135

$o100_d.ptime
[1] 0.053

$o100_d.time
[1] 1.624

$o100_d.rmse
[1] 0.3360953

$o250_d.ptime
[1] 0.028

$o250_d.time
[1] 7.455

$o250_d.rmse
[1] 0.2336555

$o500_d.ptime
[1] 0.029

$o500_d.time
[1] 32.182

$o500_d.rmse
[1] 0.1673286

$c25_i.ptime
[1] 1.608

$c25_i.time
[1] 0.291

$c25_i.rmse
[1] 0.3396397

$c50_i.ptime
[1] 1.114

$c50_i.time
[1] 0.195

$c50_i.rmse
[1] 0.2738534

$c100_i.ptime
[1] 0.952

$c100_i.time
[1] 0.163

$c100_i.rmse
[1] 0.2343304

$c250_i.ptime
[1] 1.186

$c250_i.time
[1] 0.173

$c250_i.rmse
[1] 0.1788504

$c500_i.ptime
[1] 2.632

$c500_i.time
[1] 0.159

$c500_i.rmse
[1] 0.1493591

$c25_d.ptime
[1] 1.907

$c25_d.time
[1] 1.069

$c25_d.rmse
[1] 0.2681693

$c50_d.ptime
[1] 1.544

$c50_d.time
[1] 1.323

$c50_d.rmse
[1] 0.218479

$c100_d.ptime
[1] 0.912

$c100_d.time
[1] 2.485

$c100_d.rmse
[1] 0.1849507

$c250_d.ptime
[1] 0.42

$c250_d.time
[1] 9.85

$c250_d.rmse
[1] 0.1515201

$c500_d.ptime
[1] 0.456

$c500_d.time
[1] 32.504

$c500_d.rmse
[1] 0.116638

$s25.ptime
[1] 0.454

$s25.time
[1] 0.001

$s25.rmse
[1] 0.5830099

$s50.ptime
[1] 0.42

$s50.time
[1] 0.002

$s50.rmse
[1] 0.566834

$s100.ptime
[1] 0.605

$s100.time
[1] 0.004

$s100.rmse
[1] 0.5011129

$s250.ptime
[1] 1.108

$s250.time
[1] 0.01

$s250.rmse
[1] 0.3624248

$s500.ptime
[1] 2.19

$s500.time
[1] 0.017

$s500.rmse
[1] 0.2602777

$s1000.ptime
[1] 3.839

$s1000.time
[1] 0.035

$s1000.rmse
[1] 0.1866573

$s2500.ptime
[1] 22.887

$s2500.time
[1] 0.127

$s2500.rmse
[1] 0.1116754

$s5000.ptime
[1] 168.523

$s5000.time
[1] 0.368

$s5000.rmse
[1] 0.07754488

        seed            p    full.time    full.rmse     l25.time     l25.rmse 
    2460.000       10.000        0.117        0.060        5.403        0.195 
    l50.time     l50.rmse    l100.time    l100.rmse    l250.time    l250.rmse 
       5.793        0.159        7.933        0.129       26.300        0.100 
   l500.time    l500.rmse  o25_i.ptime   o25_i.time   o25_i.rmse  o50_i.ptime 
     103.882        0.083        0.288        0.271        0.571        0.186 
  o50_i.time   o50_i.rmse o100_i.ptime  o100_i.time  o100_i.rmse o250_i.ptime 
       0.198        0.498        0.243        0.682        0.454        0.646 
 o250_i.time  o250_i.rmse o500_i.ptime  o500_i.time  o500_i.rmse  o25_d.ptime 
       0.130        0.348        1.837        0.151        0.244        0.619 
  o25_d.time   o25_d.rmse  o50_d.ptime   o50_d.time   o50_d.rmse o100_d.ptime 
       0.575        0.474        0.142        0.793        0.410        0.053 
 o100_d.time  o100_d.rmse o250_d.ptime  o250_d.time  o250_d.rmse o500_d.ptime 
       1.624        0.336        0.028        7.455        0.234        0.029 
 o500_d.time  o500_d.rmse  c25_i.ptime   c25_i.time   c25_i.rmse  c50_i.ptime 
      32.182        0.167        1.608        0.291        0.340        1.114 
  c50_i.time   c50_i.rmse c100_i.ptime  c100_i.time  c100_i.rmse c250_i.ptime 
       0.195        0.274        0.952        0.163        0.234        1.186 
 c250_i.time  c250_i.rmse c500_i.ptime  c500_i.time  c500_i.rmse  c25_d.ptime 
       0.173        0.179        2.632        0.159        0.149        1.907 
  c25_d.time   c25_d.rmse  c50_d.ptime   c50_d.time   c50_d.rmse c100_d.ptime 
       1.069        0.268        1.544        1.323        0.218        0.912 
 c100_d.time  c100_d.rmse c250_d.ptime  c250_d.time  c250_d.rmse c500_d.ptime 
       2.485        0.185        0.420        9.850        0.152        0.456 
 c500_d.time  c500_d.rmse    s25.ptime     s25.time     s25.rmse    s50.ptime 
      32.504        0.117        0.454        0.001        0.583        0.420 
    s50.time     s50.rmse   s100.ptime    s100.time    s100.rmse   s250.ptime 
       0.002        0.567        0.605        0.004        0.501        1.108 
   s250.time    s250.rmse   s500.ptime    s500.time    s500.rmse  s1000.ptime 
       0.010        0.362        2.190        0.017        0.260        3.839 
  s1000.time   s1000.rmse  s2500.ptime   s2500.time   s2500.rmse  s5000.ptime 
       0.035        0.187       22.887        0.127        0.112      168.523 
  s5000.time   s5000.rmse 
       0.368        0.078 
[1] 0.8371922
$full.time
[1] 0.138

$full.rmse
[1] 0.06020685

$full.time
[1] 0.138

$full.rmse
[1] 0.06020685

$l25.time
[1] 6.102

$l25.rmse
[1] 0.1908067

$l50.time
[1] 6.403

$l50.rmse
[1] 0.1593034

$l100.time
[1] 8.665

$l100.rmse
[1] 0.1316203

$l250.time
[1] 27.303

$l250.rmse
[1] 0.1044791

$l500.time
[1] 105.59

$l500.rmse
[1] 0.09018393

$o25_i.ptime
[1] 0.261

$o25_i.time
[1] 0.278

$o25_i.rmse
[1] 0.5897631

$o50_i.ptime
[1] 0.182

$o50_i.time
[1] 0.19

$o50_i.rmse
[1] 0.5223887

$o100_i.ptime
[1] 0.235

$o100_i.time
[1] 0.158

$o100_i.rmse
[1] 0.4338705

$o250_i.ptime
[1] 0.632

$o250_i.time
[1] 0.55

$o250_i.rmse
[1] 0.3450124

$o500_i.ptime
[1] 1.821

$o500_i.time
[1] 0.169

$o500_i.rmse
[1] 0.2636667

$o25_d.ptime
[1] 0.632

$o25_d.time
[1] 0.633

$o25_d.rmse
[1] 0.4857014

$o50_d.ptime
[1] 0.152

$o50_d.time
[1] 0.833

$o50_d.rmse
[1] 0.4086246

$o100_d.ptime
[1] 0.065

$o100_d.time
[1] 1.63

$o100_d.rmse
[1] 0.3308392

$o250_d.ptime
[1] 0.029

$o250_d.time
[1] 8.021

$o250_d.rmse
[1] 0.2416805

$o500_d.ptime
[1] 0.025

$o500_d.time
[1] 32.398

$o500_d.rmse
[1] 0.168736

$c25_i.ptime
[1] 1.638

$c25_i.time
[1] 0.344

$c25_i.rmse
[1] 0.346409

$c50_i.ptime
[1] 1.176

$c50_i.time
[1] 0.221

$c50_i.rmse
[1] 0.2983157

$c100_i.ptime
[1] 0.712

$c100_i.time
[1] 0.17

$c100_i.rmse
[1] 0.2447798

$c250_i.ptime
[1] 1.119

$c250_i.time
[1] 0.171

$c250_i.rmse
[1] 0.1975053

$c500_i.ptime
[1] 2.594

$c500_i.time
[1] 0.179

$c500_i.rmse
[1] 0.1561266

$c25_d.ptime
[1] 1.933

$c25_d.time
[1] 1.296

$c25_d.rmse
[1] 0.2712855

$c50_d.ptime
[1] 1.386

$c50_d.time
[1] 1.478

$c50_d.rmse
[1] 0.2415938

$c100_d.ptime
[1] 0.736

$c100_d.time
[1] 2.636

$c100_d.rmse
[1] 0.1888516

$c250_d.ptime
[1] 0.684

$c250_d.time
[1] 9.829

$c250_d.rmse
[1] 0.1418043

$c500_d.ptime
[1] 0.415

$c500_d.time
[1] 34.048

$c500_d.rmse
[1] 0.1190902

$s25.ptime
[1] 0.642

$s25.time
[1] 0.001

$s25.rmse
[1] 0.6966443

$s50.ptime
[1] 0.499

$s50.time
[1] 0.001

$s50.rmse
[1] 0.6045083

$s100.ptime
[1] 0.96

$s100.time
[1] 0.004

$s100.rmse
[1] 0.4713877

$s250.ptime
[1] 1.269

$s250.time
[1] 0.011

$s250.rmse
[1] 0.3466026

$s500.ptime
[1] 2.021

$s500.time
[1] 0.025

$s500.rmse
[1] 0.2572609

$s1000.ptime
[1] 3.881

$s1000.time
[1] 0.065

$s1000.rmse
[1] 0.1913503

$s2500.ptime
[1] 22.052

$s2500.time
[1] 0.106

$s2500.rmse
[1] 0.1177511

$s5000.ptime
[1] 177.172

$s5000.time
[1] 0.32

$s5000.rmse
[1] 0.08328506

        seed            p    full.time    full.rmse     l25.time     l25.rmse 
    2461.000       10.000        0.138        0.060        6.102        0.191 
    l50.time     l50.rmse    l100.time    l100.rmse    l250.time    l250.rmse 
       6.403        0.159        8.665        0.132       27.303        0.104 
   l500.time    l500.rmse  o25_i.ptime   o25_i.time   o25_i.rmse  o50_i.ptime 
     105.590        0.090        0.261        0.278        0.590        0.182 
  o50_i.time   o50_i.rmse o100_i.ptime  o100_i.time  o100_i.rmse o250_i.ptime 
       0.190        0.522        0.235        0.158        0.434        0.632 
 o250_i.time  o250_i.rmse o500_i.ptime  o500_i.time  o500_i.rmse  o25_d.ptime 
       0.550        0.345        1.821        0.169        0.264        0.632 
  o25_d.time   o25_d.rmse  o50_d.ptime   o50_d.time   o50_d.rmse o100_d.ptime 
       0.633        0.486        0.152        0.833        0.409        0.065 
 o100_d.time  o100_d.rmse o250_d.ptime  o250_d.time  o250_d.rmse o500_d.ptime 
       1.630        0.331        0.029        8.021        0.242        0.025 
 o500_d.time  o500_d.rmse  c25_i.ptime   c25_i.time   c25_i.rmse  c50_i.ptime 
      32.398        0.169        1.638        0.344        0.346        1.176 
  c50_i.time   c50_i.rmse c100_i.ptime  c100_i.time  c100_i.rmse c250_i.ptime 
       0.221        0.298        0.712        0.170        0.245        1.119 
 c250_i.time  c250_i.rmse c500_i.ptime  c500_i.time  c500_i.rmse  c25_d.ptime 
       0.171        0.198        2.594        0.179        0.156        1.933 
  c25_d.time   c25_d.rmse  c50_d.ptime   c50_d.time   c50_d.rmse c100_d.ptime 
       1.296        0.271        1.386        1.478        0.242        0.736 
 c100_d.time  c100_d.rmse c250_d.ptime  c250_d.time  c250_d.rmse c500_d.ptime 
       2.636        0.189        0.684        9.829        0.142        0.415 
 c500_d.time  c500_d.rmse    s25.ptime     s25.time     s25.rmse    s50.ptime 
      34.048        0.119        0.642        0.001        0.697        0.499 
    s50.time     s50.rmse   s100.ptime    s100.time    s100.rmse   s250.ptime 
       0.001        0.605        0.960        0.004        0.471        1.269 
   s250.time    s250.rmse   s500.ptime    s500.time    s500.rmse  s1000.ptime 
       0.011        0.347        2.021        0.025        0.257        3.881 
  s1000.time   s1000.rmse  s2500.ptime   s2500.time   s2500.rmse  s5000.ptime 
       0.065        0.191       22.052        0.106        0.118      177.172 
  s5000.time   s5000.rmse 
       0.320        0.083 
[1] 1.098857
$full.time
[1] 0.147

$full.rmse
[1] 0.05898854

$full.time
[1] 0.147

$full.rmse
[1] 0.05898854

$l25.time
[1] 6.014

$l25.rmse
[1] 0.1992923

$l50.time
[1] 6.3

$l50.rmse
[1] 0.162169

$l100.time
[1] 8.577

$l100.rmse
[1] 0.1270095

$l250.time
[1] 26.086

$l250.rmse
[1] 0.1008867

$l500.time
[1] 106.426

$l500.rmse
[1] 0.086122

$o25_i.ptime
[1] 0.271

$o25_i.time
[1] 0.298

$o25_i.rmse
[1] 0.605535

$o50_i.ptime
[1] 0.192

$o50_i.time
[1] 0.202

$o50_i.rmse
[1] 0.4998881

$o100_i.ptime
[1] 0.251

$o100_i.time
[1] 0.165

$o100_i.rmse
[1] 0.4241392

$o250_i.ptime
[1] 0.653

$o250_i.time
[1] 0.521

$o250_i.rmse
[1] 0.3202644

$o500_i.ptime
[1] 1.822

$o500_i.time
[1] 0.165

$o500_i.rmse
[1] 0.2560245

$o25_d.ptime
[1] 0.641

$o25_d.time
[1] 0.648

$o25_d.rmse
[1] 0.482293

$o50_d.ptime
[1] 0.153

$o50_d.time
[1] 0.853

$o50_d.rmse
[1] 0.3879236

$o100_d.ptime
[1] 0.056

$o100_d.time
[1] 1.803

$o100_d.rmse
[1] 0.3108954

$o250_d.ptime
[1] 0.03

$o250_d.time
[1] 7.889

$o250_d.rmse
[1] 0.2284323

$o500_d.ptime
[1] 0.034

$o500_d.time
[1] 29.941

$o500_d.rmse
[1] 0.1652724

$c25_i.ptime
[1] 1.672

$c25_i.time
[1] 0.32

$c25_i.rmse
[1] 0.3444324

$c50_i.ptime
[1] 1.055

$c50_i.time
[1] 0.23

$c50_i.rmse
[1] 0.270467

$c100_i.ptime
[1] 0.825

$c100_i.time
[1] 0.201

$c100_i.rmse
[1] 0.2280404

$c250_i.ptime
[1] 1.028

$c250_i.time
[1] 0.183

$c250_i.rmse
[1] 0.1895154

$c500_i.ptime
[1] 2.572

$c500_i.time
[1] 0.221

$c500_i.rmse
[1] 0.1538431

$c25_d.ptime
[1] 2.186

$c25_d.time
[1] 1.401

$c25_d.rmse
[1] 0.2702656

$c50_d.ptime
[1] 1.278

$c50_d.time
[1] 1.442

$c50_d.rmse
[1] 0.2184887

$c100_d.ptime
[1] 0.551

$c100_d.time
[1] 2.638

$c100_d.rmse
[1] 0.1892503

$c250_d.ptime
[1] 0.527

$c250_d.time
[1] 9.991

$c250_d.rmse
[1] 0.1474606

$c500_d.ptime
[1] 0.563

$c500_d.time
[1] 33.446

$c500_d.rmse
[1] 0.1209594

$s25.ptime
[1] 0.388

$s25.time
[1] 0.001

$s25.rmse
[1] 0.7650974

$s50.ptime
[1] 0.689

$s50.time
[1] 0.001

$s50.rmse
[1] 0.6306315

$s100.ptime
[1] 0.817

$s100.time
[1] 0.004

$s100.rmse
[1] 0.500409

$s250.ptime
[1] 1.217

$s250.time
[1] 0.008

$s250.rmse
[1] 0.3460206

$s500.ptime
[1] 1.722

$s500.time
[1] 0.016

$s500.rmse
[1] 0.2792904

$s1000.ptime
[1] 3.61

$s1000.time
[1] 0.033

$s1000.rmse
[1] 0.1830631

$s2500.ptime
[1] 21.053

$s2500.time
[1] 0.081

$s2500.rmse
[1] 0.1167058

$s5000.ptime
[1] 169.814

$s5000.time
[1] 0.28

$s5000.rmse
[1] 0.07981731

        seed            p    full.time    full.rmse     l25.time     l25.rmse 
    2462.000       10.000        0.147        0.059        6.014        0.199 
    l50.time     l50.rmse    l100.time    l100.rmse    l250.time    l250.rmse 
       6.300        0.162        8.577        0.127       26.086        0.101 
   l500.time    l500.rmse  o25_i.ptime   o25_i.time   o25_i.rmse  o50_i.ptime 
     106.426        0.086        0.271        0.298        0.606        0.192 
  o50_i.time   o50_i.rmse o100_i.ptime  o100_i.time  o100_i.rmse o250_i.ptime 
       0.202        0.500        0.251        0.165        0.424        0.653 
 o250_i.time  o250_i.rmse o500_i.ptime  o500_i.time  o500_i.rmse  o25_d.ptime 
       0.521        0.320        1.822        0.165        0.256        0.641 
  o25_d.time   o25_d.rmse  o50_d.ptime   o50_d.time   o50_d.rmse o100_d.ptime 
       0.648        0.482        0.153        0.853        0.388        0.056 
 o100_d.time  o100_d.rmse o250_d.ptime  o250_d.time  o250_d.rmse o500_d.ptime 
       1.803        0.311        0.030        7.889        0.228        0.034 
 o500_d.time  o500_d.rmse  c25_i.ptime   c25_i.time   c25_i.rmse  c50_i.ptime 
      29.941        0.165        1.672        0.320        0.344        1.055 
  c50_i.time   c50_i.rmse c100_i.ptime  c100_i.time  c100_i.rmse c250_i.ptime 
       0.230        0.270        0.825        0.201        0.228        1.028 
 c250_i.time  c250_i.rmse c500_i.ptime  c500_i.time  c500_i.rmse  c25_d.ptime 
       0.183        0.190        2.572        0.221        0.154        2.186 
  c25_d.time   c25_d.rmse  c50_d.ptime   c50_d.time   c50_d.rmse c100_d.ptime 
       1.401        0.270        1.278        1.442        0.218        0.551 
 c100_d.time  c100_d.rmse c250_d.ptime  c250_d.time  c250_d.rmse c500_d.ptime 
       2.638        0.189        0.527        9.991        0.147        0.563 
 c500_d.time  c500_d.rmse    s25.ptime     s25.time     s25.rmse    s50.ptime 
      33.446        0.121        0.388        0.001        0.765        0.689 
    s50.time     s50.rmse   s100.ptime    s100.time    s100.rmse   s250.ptime 
       0.001        0.631        0.817        0.004        0.500        1.217 
   s250.time    s250.rmse   s500.ptime    s500.time    s500.rmse  s1000.ptime 
       0.008        0.346        1.722        0.016        0.279        3.610 
  s1000.time   s1000.rmse  s2500.ptime   s2500.time   s2500.rmse  s5000.ptime 
       0.033        0.183       21.053        0.081        0.117      169.814 
  s5000.time   s5000.rmse 
       0.280        0.080 
[1] 0.8316292
$full.time
[1] 0.131

$full.rmse
[1] 0.06132928

$full.time
[1] 0.131

$full.rmse
[1] 0.06132928

$l25.time
[1] 6.143

$l25.rmse
[1] 0.1994114

$l50.time
[1] 6.213

$l50.rmse
[1] 0.1658658

$l100.time
[1] 8.547

$l100.rmse
[1] 0.1307233

$l250.time
[1] 27.818

$l250.rmse
[1] 0.102263

$l500.time
[1] 102.691

$l500.rmse
[1] 0.08789228

$o25_i.ptime
[1] 0.273

$o25_i.time
[1] 0.28

$o25_i.rmse
[1] 0.5776264

$o50_i.ptime
[1] 0.184

$o50_i.time
[1] 0.602

$o50_i.rmse
[1] 0.50675

$o100_i.ptime
[1] 0.237

$o100_i.time
[1] 0.161

$o100_i.rmse
[1] 0.457084

$o250_i.ptime
[1] 0.647

$o250_i.time
[1] 0.145

$o250_i.rmse
[1] 0.362009

$o500_i.ptime
[1] 1.891

$o500_i.time
[1] 0.17

$o500_i.rmse
[1] 0.2617829

$o25_d.ptime
[1] 0.635

$o25_d.time
[1] 0.62

$o25_d.rmse
[1] 0.4746861

$o50_d.ptime
[1] 0.15

$o50_d.time
[1] 0.816

$o50_d.rmse
[1] 0.4050443

$o100_d.ptime
[1] 0.056

$o100_d.time
[1] 1.722

$o100_d.rmse
[1] 0.3332705

$o250_d.ptime
[1] 0.03

$o250_d.time
[1] 7.677

$o250_d.rmse
[1] 0.2399718

$o500_d.ptime
[1] 0.027

$o500_d.time
[1] 31.895

$o500_d.rmse
[1] 0.1680843

$c25_i.ptime
[1] 1.669

$c25_i.time
[1] 0.306

$c25_i.rmse
[1] 0.3377498

$c50_i.ptime
[1] 1.128

$c50_i.time
[1] 0.212

$c50_i.rmse
[1] 0.2860781

$c100_i.ptime
[1] 0.894

$c100_i.time
[1] 0.186

$c100_i.rmse
[1] 0.2275495

$c250_i.ptime
[1] 0.979

$c250_i.time
[1] 0.16

$c250_i.rmse
[1] 0.184716

$c500_i.ptime
[1] 2.186

$c500_i.time
[1] 0.257

$c500_i.rmse
[1] 0.1450674

$c25_d.ptime
[1] 2.529

$c25_d.time
[1] 1.276

$c25_d.rmse
[1] 0.2685665

$c50_d.ptime
[1] 1.167

$c50_d.time
[1] 1.403

$c50_d.rmse
[1] 0.2208261

$c100_d.ptime
[1] 0.857

$c100_d.time
[1] 2.882

$c100_d.rmse
[1] 0.1854569

$c250_d.ptime
[1] 0.764

$c250_d.time
[1] 9.573

$c250_d.rmse
[1] 0.1509634

$c500_d.ptime
[1] 0.324

$c500_d.time
[1] 32.447

$c500_d.rmse
[1] 0.1206686

$s25.ptime
[1] 0.387

$s25.time
[1] 0.001

$s25.rmse
[1] 0.6554714

$s50.ptime
[1] 0.481

$s50.time
[1] 0.002

$s50.rmse
[1] 0.5706791

$s100.ptime
[1] 0.619

$s100.time
[1] 0.003

$s100.rmse
[1] 0.5058955

$s250.ptime
[1] 1.169

$s250.time
[1] 0.008

$s250.rmse
[1] 0.3675892

$s500.ptime
[1] 1.879

$s500.time
[1] 0.016

$s500.rmse
[1] 0.2776157

$s1000.ptime
[1] 3.468

$s1000.time
[1] 0.034

$s1000.rmse
[1] 0.1841861

$s2500.ptime
[1] 21.261

$s2500.time
[1] 0.111

$s2500.rmse
[1] 0.1111717

$s5000.ptime
[1] 164.935

$s5000.time
[1] 0.256

$s5000.rmse
[1] 0.07895142

        seed            p    full.time    full.rmse     l25.time     l25.rmse 
    2463.000       10.000        0.131        0.061        6.143        0.199 
    l50.time     l50.rmse    l100.time    l100.rmse    l250.time    l250.rmse 
       6.213        0.166        8.547        0.131       27.818        0.102 
   l500.time    l500.rmse  o25_i.ptime   o25_i.time   o25_i.rmse  o50_i.ptime 
     102.691        0.088        0.273        0.280        0.578        0.184 
  o50_i.time   o50_i.rmse o100_i.ptime  o100_i.time  o100_i.rmse o250_i.ptime 
       0.602        0.507        0.237        0.161        0.457        0.647 
 o250_i.time  o250_i.rmse o500_i.ptime  o500_i.time  o500_i.rmse  o25_d.ptime 
       0.145        0.362        1.891        0.170        0.262        0.635 
  o25_d.time   o25_d.rmse  o50_d.ptime   o50_d.time   o50_d.rmse o100_d.ptime 
       0.620        0.475        0.150        0.816        0.405        0.056 
 o100_d.time  o100_d.rmse o250_d.ptime  o250_d.time  o250_d.rmse o500_d.ptime 
       1.722        0.333        0.030        7.677        0.240        0.027 
 o500_d.time  o500_d.rmse  c25_i.ptime   c25_i.time   c25_i.rmse  c50_i.ptime 
      31.895        0.168        1.669        0.306        0.338        1.128 
  c50_i.time   c50_i.rmse c100_i.ptime  c100_i.time  c100_i.rmse c250_i.ptime 
       0.212        0.286        0.894        0.186        0.228        0.979 
 c250_i.time  c250_i.rmse c500_i.ptime  c500_i.time  c500_i.rmse  c25_d.ptime 
       0.160        0.185        2.186        0.257        0.145        2.529 
  c25_d.time   c25_d.rmse  c50_d.ptime   c50_d.time   c50_d.rmse c100_d.ptime 
       1.276        0.269        1.167        1.403        0.221        0.857 
 c100_d.time  c100_d.rmse c250_d.ptime  c250_d.time  c250_d.rmse c500_d.ptime 
       2.882        0.185        0.764        9.573        0.151        0.324 
 c500_d.time  c500_d.rmse    s25.ptime     s25.time     s25.rmse    s50.ptime 
      32.447        0.121        0.387        0.001        0.655        0.481 
    s50.time     s50.rmse   s100.ptime    s100.time    s100.rmse   s250.ptime 
       0.002        0.571        0.619        0.003        0.506        1.169 
   s250.time    s250.rmse   s500.ptime    s500.time    s500.rmse  s1000.ptime 
       0.008        0.368        1.879        0.016        0.278        3.468 
  s1000.time   s1000.rmse  s2500.ptime   s2500.time   s2500.rmse  s5000.ptime 
       0.034        0.184       21.261        0.111        0.111      164.935 
  s5000.time   s5000.rmse 
       0.256        0.079 
  seed  p full.time  full.rmse l25.time  l25.rmse l50.time  l50.rmse l100.time
1 2459 10     0.119 0.06007783    6.054 0.2089114    6.136 0.1698345     8.314
2 2460 10     0.117 0.06011051    5.403 0.1947989    5.793 0.1585704     7.933
3 2461 10     0.138 0.06020685    6.102 0.1908067    6.403 0.1593034     8.665
4 2462 10     0.147 0.05898854    6.014 0.1992923    6.300 0.1621690     8.577
5 2463 10     0.131 0.06132928    6.143 0.1994114    6.213 0.1658658     8.547
  l100.rmse l250.time  l250.rmse l500.time  l500.rmse o25_i.ptime o25_i.time
1 0.1301507    27.644 0.09953352   103.751 0.08610432       0.247      0.257
2 0.1292525    26.300 0.09981330   103.882 0.08287098       0.288      0.271
3 0.1316203    27.303 0.10447908   105.590 0.09018393       0.261      0.278
4 0.1270095    26.086 0.10088674   106.426 0.08612200       0.271      0.298
5 0.1307233    27.818 0.10226300   102.691 0.08789228       0.273      0.280
  o25_i.rmse o50_i.ptime o50_i.time o50_i.rmse o100_i.ptime o100_i.time
1  0.6484403       0.545      0.174  0.5559793        0.216       0.141
2  0.5710524       0.186      0.198  0.4979564        0.243       0.682
3  0.5897631       0.182      0.190  0.5223887        0.235       0.158
4  0.6055350       0.192      0.202  0.4998881        0.251       0.165
5  0.5776264       0.184      0.602  0.5067500        0.237       0.161
  o100_i.rmse o250_i.ptime o250_i.time o250_i.rmse o500_i.ptime o500_i.time
1   0.4754588        0.611       0.128   0.3344582        1.786       0.145
2   0.4542961        0.646       0.130   0.3477485        1.837       0.151
3   0.4338705        0.632       0.550   0.3450124        1.821       0.169
4   0.4241392        0.653       0.521   0.3202644        1.822       0.165
5   0.4570840        0.647       0.145   0.3620090        1.891       0.170
  o500_i.rmse o25_d.ptime o25_d.time o25_d.rmse o50_d.ptime o50_d.time
1   0.2515312       0.621      0.590  0.5087975       0.144      0.699
2   0.2440518       0.619      0.575  0.4744641       0.142      0.793
3   0.2636667       0.632      0.633  0.4857014       0.152      0.833
4   0.2560245       0.641      0.648  0.4822930       0.153      0.853
5   0.2617829       0.635      0.620  0.4746861       0.150      0.816
  o50_d.rmse o100_d.ptime o100_d.time o100_d.rmse o250_d.ptime o250_d.time
1  0.4262134        0.052       1.633   0.3503382        0.028       7.810
2  0.4100135        0.053       1.624   0.3360953        0.028       7.455
3  0.4086246        0.065       1.630   0.3308392        0.029       8.021
4  0.3879236        0.056       1.803   0.3108954        0.030       7.889
5  0.4050443        0.056       1.722   0.3332705        0.030       7.677
  o250_d.rmse o500_d.ptime o500_d.time o500_d.rmse c25_i.ptime c25_i.time
1   0.2330646        0.027      31.178   0.1623422       1.828      0.285
2   0.2336555        0.029      32.182   0.1673286       1.608      0.291
3   0.2416805        0.025      32.398   0.1687360       1.638      0.344
4   0.2284323        0.034      29.941   0.1652724       1.672      0.320
5   0.2399718        0.027      31.895   0.1680843       1.669      0.306
  c25_i.rmse c50_i.ptime c50_i.time c50_i.rmse c100_i.ptime c100_i.time
1  0.3521105       1.050      0.196  0.2988187        0.944       0.201
2  0.3396397       1.114      0.195  0.2738534        0.952       0.163
3  0.3464090       1.176      0.221  0.2983157        0.712       0.170
4  0.3444324       1.055      0.230  0.2704670        0.825       0.201
5  0.3377498       1.128      0.212  0.2860781        0.894       0.186
  c100_i.rmse c250_i.ptime c250_i.time c250_i.rmse c500_i.ptime c500_i.time
1   0.2355860        1.141       0.181   0.1780165        2.513       0.203
2   0.2343304        1.186       0.173   0.1788504        2.632       0.159
3   0.2447798        1.119       0.171   0.1975053        2.594       0.179
4   0.2280404        1.028       0.183   0.1895154        2.572       0.221
5   0.2275495        0.979       0.160   0.1847160        2.186       0.257
  c500_i.rmse c25_d.ptime c25_d.time c25_d.rmse c50_d.ptime c50_d.time
1   0.1533574       2.373      1.263  0.2899699       1.002      1.414
2   0.1493591       1.907      1.069  0.2681693       1.544      1.323
3   0.1561266       1.933      1.296  0.2712855       1.386      1.478
4   0.1538431       2.186      1.401  0.2702656       1.278      1.442
5   0.1450674       2.529      1.276  0.2685665       1.167      1.403
  c50_d.rmse c100_d.ptime c100_d.time c100_d.rmse c250_d.ptime c250_d.time
1  0.2421481        0.692       2.576   0.1871777        0.682       9.471
2  0.2184790        0.912       2.485   0.1849507        0.420       9.850
3  0.2415938        0.736       2.636   0.1888516        0.684       9.829
4  0.2184887        0.551       2.638   0.1892503        0.527       9.991
5  0.2208261        0.857       2.882   0.1854569        0.764       9.573
  c250_d.rmse c500_d.ptime c500_d.time c500_d.rmse s25.ptime s25.time  s25.rmse
1   0.1495348        0.688      32.484   0.1298465     0.514    0.001 0.6376207
2   0.1515201        0.456      32.504   0.1166380     0.454    0.001 0.5830099
3   0.1418043        0.415      34.048   0.1190902     0.642    0.001 0.6966443
4   0.1474606        0.563      33.446   0.1209594     0.388    0.001 0.7650974
5   0.1509634        0.324      32.447   0.1206686     0.387    0.001 0.6554714
  s50.ptime s50.time  s50.rmse s100.ptime s100.time s100.rmse s250.ptime
1     0.408    0.003 0.6029557      0.991     0.004 0.4962886      1.244
2     0.420    0.002 0.5668340      0.605     0.004 0.5011129      1.108
3     0.499    0.001 0.6045083      0.960     0.004 0.4713877      1.269
4     0.689    0.001 0.6306315      0.817     0.004 0.5004090      1.217
5     0.481    0.002 0.5706791      0.619     0.003 0.5058955      1.169
  s250.time s250.rmse s500.ptime s500.time s500.rmse s1000.ptime s1000.time
1     0.009 0.3708940      2.045     0.019 0.2747803       3.754      0.042
2     0.010 0.3624248      2.190     0.017 0.2602777       3.839      0.035
3     0.011 0.3466026      2.021     0.025 0.2572609       3.881      0.065
4     0.008 0.3460206      1.722     0.016 0.2792904       3.610      0.033
5     0.008 0.3675892      1.879     0.016 0.2776157       3.468      0.034
  s1000.rmse s2500.ptime s2500.time s2500.rmse s5000.ptime s5000.time
1  0.1807883      27.481      0.112  0.1098211     171.858      0.292
2  0.1866573      22.887      0.127  0.1116754     168.523      0.368
3  0.1913503      22.052      0.106  0.1177511     177.172      0.320
4  0.1830631      21.053      0.081  0.1167058     169.814      0.280
5  0.1841861      21.261      0.111  0.1111717     164.935      0.256
  s5000.rmse
1 0.07755111
2 0.07754488
3 0.08328506
4 0.07981731
5 0.07895142
> 
> proc.time()
    user   system  elapsed 
7818.473   50.921 8040.328 
