
R version 3.0.3 (2014-03-06) -- "Warm Puppy"
Copyright (C) 2014 The R Foundation for Statistical Computing
Platform: x86_64-unknown-linux-gnu (64-bit)

R is free software and comes with ABSOLUTELY NO WARRANTY.
You are welcome to redistribute it under certain conditions.
Type 'license()' or 'licence()' for distribution details.

  Natural language support but running in an English locale

R is a collaborative project with many contributors.
Type 'contributors()' for more information and
'citation()' on how to cite R or R packages in publications.

Type 'demo()' for some demos, 'help()' for on-line help, or
'help.start()' for an HTML browser interface to help.
Type 'q()' to quit R.

> print(.libPaths())
[1] "/usr/local/r-3.0.3/lib64/R/library"
> .libPaths("/mnt/home/rjparker/Rlib")
> print(.libPaths())
[1] "/mnt/home/rjparker/Rlib"            "/usr/local/r-3.0.3/lib64/R/library"
> setwd("/mnt/home/rjparker/git/block_int")
> 
> which_exp <- 5
> which_part <- 6
> source("R/sim_nblocks_pred.R")
Loading required package: spam
Loading required package: grid
Spam version 0.41-0 (2014-02-26) is loaded.
Type 'help( Spam)' or 'demo( spam)' for a short introduction 
and overview of this package.
Help for individual functions is also obtained by adding the
suffix '.spam' to the function name, e.g. 'help( chol.spam)'.

Attaching package: ‘spam’

The following objects are masked from ‘package:base’:

    backsolve, forwardsolve

Loading required package: maps
  pred  p   b tau Nper_p Npred Fzero sigma2
5 TRUE 10 1.5  10  10000  1000     0      1
[1] 0.9200249
$full.time
[1] 0.308

$full.rmse
[1] 0.06081502

$full.time
[1] 0.308

$full.rmse
[1] 0.06081502

$l25.time
[1] 3.496

$l25.rmse
[1] 0.1896434

$l50.time
[1] 3.295

$l50.rmse
[1] 0.1540076

$l100.time
[1] 5.698

$l100.rmse
[1] 0.1258182

$l250.time
[1] 21.664

$l250.rmse
[1] 0.09678504

$l500.time
[1] 103.962

$l500.rmse
[1] 0.08260233

$o25_i.ptime
[1] 0.275

$o25_i.time
[1] 0.273

$o25_i.rmse
[1] 0.6266132

$o50_i.ptime
[1] 0.678

$o50_i.time
[1] 0.184

$o50_i.rmse
[1] 0.5550781

$o100_i.ptime
[1] 0.238

$o100_i.time
[1] 0.151

$o100_i.rmse
[1] 0.4409961

$o250_i.ptime
[1] 0.66

$o250_i.time
[1] 0.139

$o250_i.rmse
[1] 0.343969

$o500_i.ptime
[1] 1.74

$o500_i.time
[1] 0.153

$o500_i.rmse
[1] 0.2644791

$o25_d.ptime
[1] 0.565

$o25_d.time
[1] 0.57

$o25_d.rmse
[1] 0.4999965

$o50_d.ptime
[1] 0.131

$o50_d.time
[1] 0.757

$o50_d.rmse
[1] 0.4222305

$o100_d.ptime
[1] 0.054

$o100_d.time
[1] 1.645

$o100_d.rmse
[1] 0.3223975

$o250_d.ptime
[1] 0.049

$o250_d.time
[1] 6.909

$o250_d.rmse
[1] 0.2351141

$o500_d.ptime
[1] 0.024

$o500_d.time
[1] 75.757

$o500_d.rmse
[1] 0.1765422

$c25_i.ptime
[1] 2.469

$c25_i.time
[1] 0.525

$c25_i.rmse
[1] 0.3571914

$c50_i.ptime
[1] 1.186

$c50_i.time
[1] 0.334

$c50_i.rmse
[1] 0.3007943

$c100_i.ptime
[1] 1.186

$c100_i.time
[1] 0.282

$c100_i.rmse
[1] 0.2316504

$c250_i.ptime
[1] 1.83

$c250_i.time
[1] 0.26

$c250_i.rmse
[1] 0.1852149

$c500_i.ptime
[1] 3.111

$c500_i.time
[1] 0.233

$c500_i.rmse
[1] 0.1571001

$c25_d.ptime
[1] 2.418

$c25_d.time
[1] 1.685

$c25_d.rmse
[1] 0.2848388

$c50_d.ptime
[1] 1.278

$c50_d.time
[1] 1.552

$c50_d.rmse
[1] 0.2280709

$c100_d.ptime
[1] 0.719

$c100_d.time
[1] 2.653

$c100_d.rmse
[1] 0.1949428

$c250_d.ptime
[1] 0.616

$c250_d.time
[1] 9.062

$c250_d.rmse
[1] 0.1434627

$c500_d.ptime
[1] 0.485

$c500_d.time
[1] 74.405

$c500_d.rmse
[1] 0.1280513

$s25.ptime
[1] 0.351

$s25.time
[1] 0.001

$s25.rmse
[1] 0.695376

$s50.ptime
[1] 0.55

$s50.time
[1] 0.003

$s50.rmse
[1] 0.595475

$s100.ptime
[1] 0.727

$s100.time
[1] 0.003

$s100.rmse
[1] 0.4833582

$s250.ptime
[1] 1.012

$s250.time
[1] 0.008

$s250.rmse
[1] 0.37111

$s500.ptime
[1] 1.766

$s500.time
[1] 0.016

$s500.rmse
[1] 0.2728967

$s1000.ptime
[1] 3.185

$s1000.time
[1] 0.039

$s1000.rmse
[1] 0.1878244

$s2500.ptime
[1] 19.43

$s2500.time
[1] 0.089

$s2500.rmse
[1] 0.112092

$s5000.ptime
[1] 162.803

$s5000.time
[1] 0.173

$s5000.rmse
[1] 0.07829642

        seed            p    full.time    full.rmse     l25.time     l25.rmse 
    2409.000       10.000        0.308        0.061        3.496        0.190 
    l50.time     l50.rmse    l100.time    l100.rmse    l250.time    l250.rmse 
       3.295        0.154        5.698        0.126       21.664        0.097 
   l500.time    l500.rmse  o25_i.ptime   o25_i.time   o25_i.rmse  o50_i.ptime 
     103.962        0.083        0.275        0.273        0.627        0.678 
  o50_i.time   o50_i.rmse o100_i.ptime  o100_i.time  o100_i.rmse o250_i.ptime 
       0.184        0.555        0.238        0.151        0.441        0.660 
 o250_i.time  o250_i.rmse o500_i.ptime  o500_i.time  o500_i.rmse  o25_d.ptime 
       0.139        0.344        1.740        0.153        0.264        0.565 
  o25_d.time   o25_d.rmse  o50_d.ptime   o50_d.time   o50_d.rmse o100_d.ptime 
       0.570        0.500        0.131        0.757        0.422        0.054 
 o100_d.time  o100_d.rmse o250_d.ptime  o250_d.time  o250_d.rmse o500_d.ptime 
       1.645        0.322        0.049        6.909        0.235        0.024 
 o500_d.time  o500_d.rmse  c25_i.ptime   c25_i.time   c25_i.rmse  c50_i.ptime 
      75.757        0.177        2.469        0.525        0.357        1.186 
  c50_i.time   c50_i.rmse c100_i.ptime  c100_i.time  c100_i.rmse c250_i.ptime 
       0.334        0.301        1.186        0.282        0.232        1.830 
 c250_i.time  c250_i.rmse c500_i.ptime  c500_i.time  c500_i.rmse  c25_d.ptime 
       0.260        0.185        3.111        0.233        0.157        2.418 
  c25_d.time   c25_d.rmse  c50_d.ptime   c50_d.time   c50_d.rmse c100_d.ptime 
       1.685        0.285        1.278        1.552        0.228        0.719 
 c100_d.time  c100_d.rmse c250_d.ptime  c250_d.time  c250_d.rmse c500_d.ptime 
       2.653        0.195        0.616        9.062        0.143        0.485 
 c500_d.time  c500_d.rmse    s25.ptime     s25.time     s25.rmse    s50.ptime 
      74.405        0.128        0.351        0.001        0.695        0.550 
    s50.time     s50.rmse   s100.ptime    s100.time    s100.rmse   s250.ptime 
       0.003        0.595        0.727        0.003        0.483        1.012 
   s250.time    s250.rmse   s500.ptime    s500.time    s500.rmse  s1000.ptime 
       0.008        0.371        1.766        0.016        0.273        3.185 
  s1000.time   s1000.rmse  s2500.ptime   s2500.time   s2500.rmse  s5000.ptime 
       0.039        0.188       19.430        0.089        0.112      162.803 
  s5000.time   s5000.rmse 
       0.173        0.078 
[1] 0.8805014
$full.time
[1] 0.238

$full.rmse
[1] 0.0587823

$full.time
[1] 0.238

$full.rmse
[1] 0.0587823

$l25.time
[1] 3.629

$l25.rmse
[1] 0.1886351

$l50.time
[1] 3.7

$l50.rmse
[1] 0.1570837

$l100.time
[1] 5.041

$l100.rmse
[1] 0.1257171

$l250.time
[1] 19.415

$l250.rmse
[1] 0.09897521

$l500.time
[1] 94.377

$l500.rmse
[1] 0.08362956

$o25_i.ptime
[1] 0.255

$o25_i.time
[1] 0.268

$o25_i.rmse
[1] 0.6178029

$o50_i.ptime
[1] 0.176

$o50_i.time
[1] 0.189

$o50_i.rmse
[1] 0.5506279

$o100_i.ptime
[1] 0.219

$o100_i.time
[1] 0.675

$o100_i.rmse
[1] 0.4825753

$o250_i.ptime
[1] 0.595

$o250_i.time
[1] 0.133

$o250_i.rmse
[1] 0.336482

$o500_i.ptime
[1] 1.715

$o500_i.time
[1] 0.16

$o500_i.rmse
[1] 0.2585429

$o25_d.ptime
[1] 0.603

$o25_d.time
[1] 0.572

$o25_d.rmse
[1] 0.5071037

$o50_d.ptime
[1] 0.141

$o50_d.time
[1] 0.728

$o50_d.rmse
[1] 0.4201125

$o100_d.ptime
[1] 0.056

$o100_d.time
[1] 1.569

$o100_d.rmse
[1] 0.3446159

$o250_d.ptime
[1] 0.028

$o250_d.time
[1] 7.293

$o250_d.rmse
[1] 0.2290707

$o500_d.ptime
[1] 0.029

$o500_d.time
[1] 26.67

$o500_d.rmse
[1] 0.1761997

$c25_i.ptime
[1] 1.68

$c25_i.time
[1] 0.298

$c25_i.rmse
[1] 0.3624384

$c50_i.ptime
[1] 1.185

$c50_i.time
[1] 0.206

$c50_i.rmse
[1] 0.286365

$c100_i.ptime
[1] 0.874

$c100_i.time
[1] 0.17

$c100_i.rmse
[1] 0.2444195

$c250_i.ptime
[1] 1.023

$c250_i.time
[1] 0.159

$c250_i.rmse
[1] 0.176485

$c500_i.ptime
[1] 2.401

$c500_i.time
[1] 0.164

$c500_i.rmse
[1] 0.1530531

$c25_d.ptime
[1] 1.964

$c25_d.time
[1] 0.913

$c25_d.rmse
[1] 0.2752979

$c50_d.ptime
[1] 1.193

$c50_d.time
[1] 1.184

$c50_d.rmse
[1] 0.224918

$c100_d.ptime
[1] 0.756

$c100_d.time
[1] 2.209

$c100_d.rmse
[1] 0.1958618

$c250_d.ptime
[1] 0.476

$c250_d.time
[1] 8.065

$c250_d.rmse
[1] 0.148156

$c500_d.ptime
[1] 0.553

$c500_d.time
[1] 28.621

$c500_d.rmse
[1] 0.119407

$s25.ptime
[1] 0.294

$s25.time
[1] 0

$s25.rmse
[1] 0.7246536

$s50.ptime
[1] 0.423

$s50.time
[1] 0.002

$s50.rmse
[1] 0.6539901

$s100.ptime
[1] 0.732

$s100.time
[1] 0.003

$s100.rmse
[1] 0.4889448

$s250.ptime
[1] 1.285

$s250.time
[1] 0.007

$s250.rmse
[1] 0.3623322

$s500.ptime
[1] 1.812

$s500.time
[1] 0.018

$s500.rmse
[1] 0.2779281

$s1000.ptime
[1] 3.195

$s1000.time
[1] 0.035

$s1000.rmse
[1] 0.1936837

$s2500.ptime
[1] 15.132

$s2500.time
[1] 0.084

$s2500.rmse
[1] 0.1181268

$s5000.ptime
[1] 96.119

$s5000.time
[1] 0.179

$s5000.rmse
[1] 0.07753415

        seed            p    full.time    full.rmse     l25.time     l25.rmse 
    2410.000       10.000        0.238        0.059        3.629        0.189 
    l50.time     l50.rmse    l100.time    l100.rmse    l250.time    l250.rmse 
       3.700        0.157        5.041        0.126       19.415        0.099 
   l500.time    l500.rmse  o25_i.ptime   o25_i.time   o25_i.rmse  o50_i.ptime 
      94.377        0.084        0.255        0.268        0.618        0.176 
  o50_i.time   o50_i.rmse o100_i.ptime  o100_i.time  o100_i.rmse o250_i.ptime 
       0.189        0.551        0.219        0.675        0.483        0.595 
 o250_i.time  o250_i.rmse o500_i.ptime  o500_i.time  o500_i.rmse  o25_d.ptime 
       0.133        0.336        1.715        0.160        0.259        0.603 
  o25_d.time   o25_d.rmse  o50_d.ptime   o50_d.time   o50_d.rmse o100_d.ptime 
       0.572        0.507        0.141        0.728        0.420        0.056 
 o100_d.time  o100_d.rmse o250_d.ptime  o250_d.time  o250_d.rmse o500_d.ptime 
       1.569        0.345        0.028        7.293        0.229        0.029 
 o500_d.time  o500_d.rmse  c25_i.ptime   c25_i.time   c25_i.rmse  c50_i.ptime 
      26.670        0.176        1.680        0.298        0.362        1.185 
  c50_i.time   c50_i.rmse c100_i.ptime  c100_i.time  c100_i.rmse c250_i.ptime 
       0.206        0.286        0.874        0.170        0.244        1.023 
 c250_i.time  c250_i.rmse c500_i.ptime  c500_i.time  c500_i.rmse  c25_d.ptime 
       0.159        0.176        2.401        0.164        0.153        1.964 
  c25_d.time   c25_d.rmse  c50_d.ptime   c50_d.time   c50_d.rmse c100_d.ptime 
       0.913        0.275        1.193        1.184        0.225        0.756 
 c100_d.time  c100_d.rmse c250_d.ptime  c250_d.time  c250_d.rmse c500_d.ptime 
       2.209        0.196        0.476        8.065        0.148        0.553 
 c500_d.time  c500_d.rmse    s25.ptime     s25.time     s25.rmse    s50.ptime 
      28.621        0.119        0.294        0.000        0.725        0.423 
    s50.time     s50.rmse   s100.ptime    s100.time    s100.rmse   s250.ptime 
       0.002        0.654        0.732        0.003        0.489        1.285 
   s250.time    s250.rmse   s500.ptime    s500.time    s500.rmse  s1000.ptime 
       0.007        0.362        1.812        0.018        0.278        3.195 
  s1000.time   s1000.rmse  s2500.ptime   s2500.time   s2500.rmse  s5000.ptime 
       0.035        0.194       15.132        0.084        0.118       96.119 
  s5000.time   s5000.rmse 
       0.179        0.078 
[1] 0.9723068
$full.time
[1] 0.214

$full.rmse
[1] 0.06095653

$full.time
[1] 0.214

$full.rmse
[1] 0.06095653

$l25.time
[1] 3.398

$l25.rmse
[1] 0.201758

$l50.time
[1] 3.69

$l50.rmse
[1] 0.1618477

$l100.time
[1] 5.272

$l100.rmse
[1] 0.1300883

$l250.time
[1] 19.061

$l250.rmse
[1] 0.1027061

$l500.time
[1] 94.243

$l500.rmse
[1] 0.08575077

$o25_i.ptime
[1] 0.256

$o25_i.time
[1] 0.247

$o25_i.rmse
[1] 0.6267007

$o50_i.ptime
[1] 0.161

$o50_i.time
[1] 0.166

$o50_i.rmse
[1] 0.5154934

$o100_i.ptime
[1] 0.208

$o100_i.time
[1] 0.156

$o100_i.rmse
[1] 0.4508335

$o250_i.ptime
[1] 0.546

$o250_i.time
[1] 0.517

$o250_i.rmse
[1] 0.3272707

$o500_i.ptime
[1] 1.53

$o500_i.time
[1] 0.152

$o500_i.rmse
[1] 0.2452278

$o25_d.ptime
[1] 0.568

$o25_d.time
[1] 0.546

$o25_d.rmse
[1] 0.5054592

$o50_d.ptime
[1] 0.13

$o50_d.time
[1] 0.61

$o50_d.rmse
[1] 0.4137545

$o100_d.ptime
[1] 0.055

$o100_d.time
[1] 1.562

$o100_d.rmse
[1] 0.3244755

$o250_d.ptime
[1] 0.028

$o250_d.time
[1] 6.548

$o250_d.rmse
[1] 0.2286781

$o500_d.ptime
[1] 0.025

$o500_d.time
[1] 27.22

$o500_d.rmse
[1] 0.1633571

$c25_i.ptime
[1] 1.643

$c25_i.time
[1] 0.293

$c25_i.rmse
[1] 0.3528858

$c50_i.ptime
[1] 1.442

$c50_i.time
[1] 0.2

$c50_i.rmse
[1] 0.2903832

$c100_i.ptime
[1] 1.153

$c100_i.time
[1] 0.167

$c100_i.rmse
[1] 0.2444164

$c250_i.ptime
[1] 1.001

$c250_i.time
[1] 0.153

$c250_i.rmse
[1] 0.1769373

$c500_i.ptime
[1] 1.965

$c500_i.time
[1] 0.155

$c500_i.rmse
[1] 0.155702

$c25_d.ptime
[1] 2.068

$c25_d.time
[1] 0.969

$c25_d.rmse
[1] 0.2878502

$c50_d.ptime
[1] 1.051

$c50_d.time
[1] 1.127

$c50_d.rmse
[1] 0.2264273

$c100_d.ptime
[1] 0.573

$c100_d.time
[1] 2.11

$c100_d.rmse
[1] 0.1933846

$c250_d.ptime
[1] 0.561

$c250_d.time
[1] 7.744

$c250_d.rmse
[1] 0.154778

$c500_d.ptime
[1] 0.352

$c500_d.time
[1] 28.775

$c500_d.rmse
[1] 0.1250571

$s25.ptime
[1] 0.305

$s25.time
[1] 0.001

$s25.rmse
[1] 0.7884218

$s50.ptime
[1] 0.584

$s50.time
[1] 0.001

$s50.rmse
[1] 0.557259

$s100.ptime
[1] 0.954

$s100.time
[1] 0.003

$s100.rmse
[1] 0.4971244

$s250.ptime
[1] 1.403

$s250.time
[1] 0.007

$s250.rmse
[1] 0.3504604

$s500.ptime
[1] 1.626

$s500.time
[1] 0.016

$s500.rmse
[1] 0.2606459

$s1000.ptime
[1] 3.258

$s1000.time
[1] 0.034

$s1000.rmse
[1] 0.1867094

$s2500.ptime
[1] 15.798

$s2500.time
[1] 0.066

$s2500.rmse
[1] 0.1103915

$s5000.ptime
[1] 98.375

$s5000.time
[1] 0.149

$s5000.rmse
[1] 0.07915162

        seed            p    full.time    full.rmse     l25.time     l25.rmse 
    2411.000       10.000        0.214        0.061        3.398        0.202 
    l50.time     l50.rmse    l100.time    l100.rmse    l250.time    l250.rmse 
       3.690        0.162        5.272        0.130       19.061        0.103 
   l500.time    l500.rmse  o25_i.ptime   o25_i.time   o25_i.rmse  o50_i.ptime 
      94.243        0.086        0.256        0.247        0.627        0.161 
  o50_i.time   o50_i.rmse o100_i.ptime  o100_i.time  o100_i.rmse o250_i.ptime 
       0.166        0.515        0.208        0.156        0.451        0.546 
 o250_i.time  o250_i.rmse o500_i.ptime  o500_i.time  o500_i.rmse  o25_d.ptime 
       0.517        0.327        1.530        0.152        0.245        0.568 
  o25_d.time   o25_d.rmse  o50_d.ptime   o50_d.time   o50_d.rmse o100_d.ptime 
       0.546        0.505        0.130        0.610        0.414        0.055 
 o100_d.time  o100_d.rmse o250_d.ptime  o250_d.time  o250_d.rmse o500_d.ptime 
       1.562        0.324        0.028        6.548        0.229        0.025 
 o500_d.time  o500_d.rmse  c25_i.ptime   c25_i.time   c25_i.rmse  c50_i.ptime 
      27.220        0.163        1.643        0.293        0.353        1.442 
  c50_i.time   c50_i.rmse c100_i.ptime  c100_i.time  c100_i.rmse c250_i.ptime 
       0.200        0.290        1.153        0.167        0.244        1.001 
 c250_i.time  c250_i.rmse c500_i.ptime  c500_i.time  c500_i.rmse  c25_d.ptime 
       0.153        0.177        1.965        0.155        0.156        2.068 
  c25_d.time   c25_d.rmse  c50_d.ptime   c50_d.time   c50_d.rmse c100_d.ptime 
       0.969        0.288        1.051        1.127        0.226        0.573 
 c100_d.time  c100_d.rmse c250_d.ptime  c250_d.time  c250_d.rmse c500_d.ptime 
       2.110        0.193        0.561        7.744        0.155        0.352 
 c500_d.time  c500_d.rmse    s25.ptime     s25.time     s25.rmse    s50.ptime 
      28.775        0.125        0.305        0.001        0.788        0.584 
    s50.time     s50.rmse   s100.ptime    s100.time    s100.rmse   s250.ptime 
       0.001        0.557        0.954        0.003        0.497        1.403 
   s250.time    s250.rmse   s500.ptime    s500.time    s500.rmse  s1000.ptime 
       0.007        0.350        1.626        0.016        0.261        3.258 
  s1000.time   s1000.rmse  s2500.ptime   s2500.time   s2500.rmse  s5000.ptime 
       0.034        0.187       15.798        0.066        0.110       98.375 
  s5000.time   s5000.rmse 
       0.149        0.079 
[1] 0.7224405
$full.time
[1] 0.134

$full.rmse
[1] 0.05853904

$full.time
[1] 0.134

$full.rmse
[1] 0.05853904

$l25.time
[1] 3.867

$l25.rmse
[1] 0.2076805

$l50.time
[1] 4.012

$l50.rmse
[1] 0.1727012

$l100.time
[1] 5.348

$l100.rmse
[1] 0.1300882

$l250.time
[1] 18.692

$l250.rmse
[1] 0.09361307

$l500.time
[1] 93.717

$l500.rmse
[1] 0.08024374

$o25_i.ptime
[1] 0.272

$o25_i.time
[1] 0.283

$o25_i.rmse
[1] 0.6033533

$o50_i.ptime
[1] 0.189

$o50_i.time
[1] 0.195

$o50_i.rmse
[1] 0.5576269

$o100_i.ptime
[1] 0.219

$o100_i.time
[1] 0.171

$o100_i.rmse
[1] 0.4648237

$o250_i.ptime
[1] 0.624

$o250_i.time
[1] 0.567

$o250_i.rmse
[1] 0.3362141

$o500_i.ptime
[1] 1.665

$o500_i.time
[1] 0.158

$o500_i.rmse
[1] 0.2605594

$o25_d.ptime
[1] 0.625

$o25_d.time
[1] 0.634

$o25_d.rmse
[1] 0.4860665

$o50_d.ptime
[1] 0.149

$o50_d.time
[1] 0.794

$o50_d.rmse
[1] 0.4332055

$o100_d.ptime
[1] 0.055

$o100_d.time
[1] 1.636

$o100_d.rmse
[1] 0.3500983

$o250_d.ptime
[1] 0.03

$o250_d.time
[1] 7.104

$o250_d.rmse
[1] 0.2256586

$o500_d.ptime
[1] 0.027

$o500_d.time
[1] 26.755

$o500_d.rmse
[1] 0.1692959

$c25_i.ptime
[1] 1.805

$c25_i.time
[1] 0.307

$c25_i.rmse
[1] 0.3535161

$c50_i.ptime
[1] 0.912

$c50_i.time
[1] 0.231

$c50_i.rmse
[1] 0.2867305

$c100_i.ptime
[1] 0.748

$c100_i.time
[1] 0.198

$c100_i.rmse
[1] 0.2331079

$c250_i.ptime
[1] 0.914

$c250_i.time
[1] 0.171

$c250_i.rmse
[1] 0.1858424

$c500_i.ptime
[1] 2.321

$c500_i.time
[1] 0.178

$c500_i.rmse
[1] 0.1445476

$c25_d.ptime
[1] 1.981

$c25_d.time
[1] 1.015

$c25_d.rmse
[1] 0.2862017

$c50_d.ptime
[1] 0.907

$c50_d.time
[1] 0.993

$c50_d.rmse
[1] 0.2188689

$c100_d.ptime
[1] 0.671

$c100_d.time
[1] 1.838

$c100_d.rmse
[1] 0.192611

$c250_d.ptime
[1] 0.388

$c250_d.time
[1] 7.254

$c250_d.rmse
[1] 0.1382595

$c500_d.ptime
[1] 0.385

$c500_d.time
[1] 27.869

$c500_d.rmse
[1] 0.1193929

$s25.ptime
[1] 0.335

$s25.time
[1] 0.001

$s25.rmse
[1] 0.6422729

$s50.ptime
[1] 0.599

$s50.time
[1] 0.002

$s50.rmse
[1] 0.5966006

$s100.ptime
[1] 0.884

$s100.time
[1] 0.003

$s100.rmse
[1] 0.493984

$s250.ptime
[1] 1.295

$s250.time
[1] 0.006

$s250.rmse
[1] 0.3710435

$s500.ptime
[1] 1.898

$s500.time
[1] 0.014

$s500.rmse
[1] 0.2676013

$s1000.ptime
[1] 3.057

$s1000.time
[1] 0.03

$s1000.rmse
[1] 0.1884454

$s2500.ptime
[1] 16.332

$s2500.time
[1] 0.065

$s2500.rmse
[1] 0.111462

$s5000.ptime
[1] 95.482

$s5000.time
[1] 0.144

$s5000.rmse
[1] 0.07559006

        seed            p    full.time    full.rmse     l25.time     l25.rmse 
    2412.000       10.000        0.134        0.059        3.867        0.208 
    l50.time     l50.rmse    l100.time    l100.rmse    l250.time    l250.rmse 
       4.012        0.173        5.348        0.130       18.692        0.094 
   l500.time    l500.rmse  o25_i.ptime   o25_i.time   o25_i.rmse  o50_i.ptime 
      93.717        0.080        0.272        0.283        0.603        0.189 
  o50_i.time   o50_i.rmse o100_i.ptime  o100_i.time  o100_i.rmse o250_i.ptime 
       0.195        0.558        0.219        0.171        0.465        0.624 
 o250_i.time  o250_i.rmse o500_i.ptime  o500_i.time  o500_i.rmse  o25_d.ptime 
       0.567        0.336        1.665        0.158        0.261        0.625 
  o25_d.time   o25_d.rmse  o50_d.ptime   o50_d.time   o50_d.rmse o100_d.ptime 
       0.634        0.486        0.149        0.794        0.433        0.055 
 o100_d.time  o100_d.rmse o250_d.ptime  o250_d.time  o250_d.rmse o500_d.ptime 
       1.636        0.350        0.030        7.104        0.226        0.027 
 o500_d.time  o500_d.rmse  c25_i.ptime   c25_i.time   c25_i.rmse  c50_i.ptime 
      26.755        0.169        1.805        0.307        0.354        0.912 
  c50_i.time   c50_i.rmse c100_i.ptime  c100_i.time  c100_i.rmse c250_i.ptime 
       0.231        0.287        0.748        0.198        0.233        0.914 
 c250_i.time  c250_i.rmse c500_i.ptime  c500_i.time  c500_i.rmse  c25_d.ptime 
       0.171        0.186        2.321        0.178        0.145        1.981 
  c25_d.time   c25_d.rmse  c50_d.ptime   c50_d.time   c50_d.rmse c100_d.ptime 
       1.015        0.286        0.907        0.993        0.219        0.671 
 c100_d.time  c100_d.rmse c250_d.ptime  c250_d.time  c250_d.rmse c500_d.ptime 
       1.838        0.193        0.388        7.254        0.138        0.385 
 c500_d.time  c500_d.rmse    s25.ptime     s25.time     s25.rmse    s50.ptime 
      27.869        0.119        0.335        0.001        0.642        0.599 
    s50.time     s50.rmse   s100.ptime    s100.time    s100.rmse   s250.ptime 
       0.002        0.597        0.884        0.003        0.494        1.295 
   s250.time    s250.rmse   s500.ptime    s500.time    s500.rmse  s1000.ptime 
       0.006        0.371        1.898        0.014        0.268        3.057 
  s1000.time   s1000.rmse  s2500.ptime   s2500.time   s2500.rmse  s5000.ptime 
       0.030        0.188       16.332        0.065        0.111       95.482 
  s5000.time   s5000.rmse 
       0.144        0.076 
[1] 0.8814548
$full.time
[1] 0.095

$full.rmse
[1] 0.05773076

$full.time
[1] 0.095

$full.rmse
[1] 0.05773076

$l25.time
[1] 3.571

$l25.rmse
[1] 0.1935613

$l50.time
[1] 3.62

$l50.rmse
[1] 0.1575024

$l100.time
[1] 5.335

$l100.rmse
[1] 0.1227759

$l250.time
[1] 18.505

$l250.rmse
[1] 0.09255772

$l500.time
[1] 98.597

$l500.rmse
[1] 0.08199532

$o25_i.ptime
[1] 0.278

$o25_i.time
[1] 0.309

$o25_i.rmse
[1] 0.5995979

$o50_i.ptime
[1] 0.191

$o50_i.time
[1] 0.663

$o50_i.rmse
[1] 0.534348

$o100_i.ptime
[1] 0.237

$o100_i.time
[1] 0.167

$o100_i.rmse
[1] 0.4390172

$o250_i.ptime
[1] 0.609

$o250_i.time
[1] 0.15

$o250_i.rmse
[1] 0.3223437

$o500_i.ptime
[1] 1.54

$o500_i.time
[1] 0.141

$o500_i.rmse
[1] 0.2300425

$o25_d.ptime
[1] 0.571

$o25_d.time
[1] 0.562

$o25_d.rmse
[1] 0.4851985

$o50_d.ptime
[1] 0.13

$o50_d.time
[1] 0.678

$o50_d.rmse
[1] 0.4130626

$o100_d.ptime
[1] 0.056

$o100_d.time
[1] 1.542

$o100_d.rmse
[1] 0.3100541

$o250_d.ptime
[1] 0.027

$o250_d.time
[1] 6.458

$o250_d.rmse
[1] 0.2095461

$o500_d.ptime
[1] 0.026

$o500_d.time
[1] 27.618

$o500_d.rmse
[1] 0.1579332

$c25_i.ptime
[1] 1.556

$c25_i.time
[1] 0.309

$c25_i.rmse
[1] 0.3425179

$c50_i.ptime
[1] 1.395

$c50_i.time
[1] 0.216

$c50_i.rmse
[1] 0.2682498

$c100_i.ptime
[1] 1.036

$c100_i.time
[1] 0.184

$c100_i.rmse
[1] 0.2194705

$c250_i.ptime
[1] 1.014

$c250_i.time
[1] 0.19

$c250_i.rmse
[1] 0.1801234

$c500_i.ptime
[1] 1.967

$c500_i.time
[1] 0.169

$c500_i.rmse
[1] 0.1511886

$c25_d.ptime
[1] 2.179

$c25_d.time
[1] 0.988

$c25_d.rmse
[1] 0.2614237

$c50_d.ptime
[1] 1.133

$c50_d.time
[1] 1.154

$c50_d.rmse
[1] 0.2203827

$c100_d.ptime
[1] 0.924

$c100_d.time
[1] 1.98

$c100_d.rmse
[1] 0.1871751

$c250_d.ptime
[1] 0.338

$c250_d.time
[1] 7.605

$c250_d.rmse
[1] 0.1371701

$c500_d.ptime
[1] 0.385

$c500_d.time
[1] 28.069

$c500_d.rmse
[1] 0.1081303

$s25.ptime
[1] 0.471

$s25.time
[1] 0.001

$s25.rmse
[1] 0.7144411

$s50.ptime
[1] 0.522

$s50.time
[1] 0.002

$s50.rmse
[1] 0.5901093

$s100.ptime
[1] 0.541

$s100.time
[1] 0.003

$s100.rmse
[1] 0.4589997

$s250.ptime
[1] 1.214

$s250.time
[1] 0.006

$s250.rmse
[1] 0.3354525

$s500.ptime
[1] 1.976

$s500.time
[1] 0.013

$s500.rmse
[1] 0.2611473

$s1000.ptime
[1] 3.045

$s1000.time
[1] 0.028

$s1000.rmse
[1] 0.1809154

$s2500.ptime
[1] 16.42

$s2500.time
[1] 0.074

$s2500.rmse
[1] 0.1078209

$s5000.ptime
[1] 192.313

$s5000.time
[1] 0.187

$s5000.rmse
[1] 0.07486503

        seed            p    full.time    full.rmse     l25.time     l25.rmse 
    2413.000       10.000        0.095        0.058        3.571        0.194 
    l50.time     l50.rmse    l100.time    l100.rmse    l250.time    l250.rmse 
       3.620        0.158        5.335        0.123       18.505        0.093 
   l500.time    l500.rmse  o25_i.ptime   o25_i.time   o25_i.rmse  o50_i.ptime 
      98.597        0.082        0.278        0.309        0.600        0.191 
  o50_i.time   o50_i.rmse o100_i.ptime  o100_i.time  o100_i.rmse o250_i.ptime 
       0.663        0.534        0.237        0.167        0.439        0.609 
 o250_i.time  o250_i.rmse o500_i.ptime  o500_i.time  o500_i.rmse  o25_d.ptime 
       0.150        0.322        1.540        0.141        0.230        0.571 
  o25_d.time   o25_d.rmse  o50_d.ptime   o50_d.time   o50_d.rmse o100_d.ptime 
       0.562        0.485        0.130        0.678        0.413        0.056 
 o100_d.time  o100_d.rmse o250_d.ptime  o250_d.time  o250_d.rmse o500_d.ptime 
       1.542        0.310        0.027        6.458        0.210        0.026 
 o500_d.time  o500_d.rmse  c25_i.ptime   c25_i.time   c25_i.rmse  c50_i.ptime 
      27.618        0.158        1.556        0.309        0.343        1.395 
  c50_i.time   c50_i.rmse c100_i.ptime  c100_i.time  c100_i.rmse c250_i.ptime 
       0.216        0.268        1.036        0.184        0.219        1.014 
 c250_i.time  c250_i.rmse c500_i.ptime  c500_i.time  c500_i.rmse  c25_d.ptime 
       0.190        0.180        1.967        0.169        0.151        2.179 
  c25_d.time   c25_d.rmse  c50_d.ptime   c50_d.time   c50_d.rmse c100_d.ptime 
       0.988        0.261        1.133        1.154        0.220        0.924 
 c100_d.time  c100_d.rmse c250_d.ptime  c250_d.time  c250_d.rmse c500_d.ptime 
       1.980        0.187        0.338        7.605        0.137        0.385 
 c500_d.time  c500_d.rmse    s25.ptime     s25.time     s25.rmse    s50.ptime 
      28.069        0.108        0.471        0.001        0.714        0.522 
    s50.time     s50.rmse   s100.ptime    s100.time    s100.rmse   s250.ptime 
       0.002        0.590        0.541        0.003        0.459        1.214 
   s250.time    s250.rmse   s500.ptime    s500.time    s500.rmse  s1000.ptime 
       0.006        0.335        1.976        0.013        0.261        3.045 
  s1000.time   s1000.rmse  s2500.ptime   s2500.time   s2500.rmse  s5000.ptime 
       0.028        0.181       16.420        0.074        0.108      192.313 
  s5000.time   s5000.rmse 
       0.187        0.075 
  seed  p full.time  full.rmse l25.time  l25.rmse l50.time  l50.rmse l100.time
1 2409 10     0.308 0.06081502    3.496 0.1896434    3.295 0.1540076     5.698
2 2410 10     0.238 0.05878230    3.629 0.1886351    3.700 0.1570837     5.041
3 2411 10     0.214 0.06095653    3.398 0.2017580    3.690 0.1618477     5.272
4 2412 10     0.134 0.05853904    3.867 0.2076805    4.012 0.1727012     5.348
5 2413 10     0.095 0.05773076    3.571 0.1935613    3.620 0.1575024     5.335
  l100.rmse l250.time  l250.rmse l500.time  l500.rmse o25_i.ptime o25_i.time
1 0.1258182    21.664 0.09678504   103.962 0.08260233       0.275      0.273
2 0.1257171    19.415 0.09897521    94.377 0.08362956       0.255      0.268
3 0.1300883    19.061 0.10270610    94.243 0.08575077       0.256      0.247
4 0.1300882    18.692 0.09361307    93.717 0.08024374       0.272      0.283
5 0.1227759    18.505 0.09255772    98.597 0.08199532       0.278      0.309
  o25_i.rmse o50_i.ptime o50_i.time o50_i.rmse o100_i.ptime o100_i.time
1  0.6266132       0.678      0.184  0.5550781        0.238       0.151
2  0.6178029       0.176      0.189  0.5506279        0.219       0.675
3  0.6267007       0.161      0.166  0.5154934        0.208       0.156
4  0.6033533       0.189      0.195  0.5576269        0.219       0.171
5  0.5995979       0.191      0.663  0.5343480        0.237       0.167
  o100_i.rmse o250_i.ptime o250_i.time o250_i.rmse o500_i.ptime o500_i.time
1   0.4409961        0.660       0.139   0.3439690        1.740       0.153
2   0.4825753        0.595       0.133   0.3364820        1.715       0.160
3   0.4508335        0.546       0.517   0.3272707        1.530       0.152
4   0.4648237        0.624       0.567   0.3362141        1.665       0.158
5   0.4390172        0.609       0.150   0.3223437        1.540       0.141
  o500_i.rmse o25_d.ptime o25_d.time o25_d.rmse o50_d.ptime o50_d.time
1   0.2644791       0.565      0.570  0.4999965       0.131      0.757
2   0.2585429       0.603      0.572  0.5071037       0.141      0.728
3   0.2452278       0.568      0.546  0.5054592       0.130      0.610
4   0.2605594       0.625      0.634  0.4860665       0.149      0.794
5   0.2300425       0.571      0.562  0.4851985       0.130      0.678
  o50_d.rmse o100_d.ptime o100_d.time o100_d.rmse o250_d.ptime o250_d.time
1  0.4222305        0.054       1.645   0.3223975        0.049       6.909
2  0.4201125        0.056       1.569   0.3446159        0.028       7.293
3  0.4137545        0.055       1.562   0.3244755        0.028       6.548
4  0.4332055        0.055       1.636   0.3500983        0.030       7.104
5  0.4130626        0.056       1.542   0.3100541        0.027       6.458
  o250_d.rmse o500_d.ptime o500_d.time o500_d.rmse c25_i.ptime c25_i.time
1   0.2351141        0.024      75.757   0.1765422       2.469      0.525
2   0.2290707        0.029      26.670   0.1761997       1.680      0.298
3   0.2286781        0.025      27.220   0.1633571       1.643      0.293
4   0.2256586        0.027      26.755   0.1692959       1.805      0.307
5   0.2095461        0.026      27.618   0.1579332       1.556      0.309
  c25_i.rmse c50_i.ptime c50_i.time c50_i.rmse c100_i.ptime c100_i.time
1  0.3571914       1.186      0.334  0.3007943        1.186       0.282
2  0.3624384       1.185      0.206  0.2863650        0.874       0.170
3  0.3528858       1.442      0.200  0.2903832        1.153       0.167
4  0.3535161       0.912      0.231  0.2867305        0.748       0.198
5  0.3425179       1.395      0.216  0.2682498        1.036       0.184
  c100_i.rmse c250_i.ptime c250_i.time c250_i.rmse c500_i.ptime c500_i.time
1   0.2316504        1.830       0.260   0.1852149        3.111       0.233
2   0.2444195        1.023       0.159   0.1764850        2.401       0.164
3   0.2444164        1.001       0.153   0.1769373        1.965       0.155
4   0.2331079        0.914       0.171   0.1858424        2.321       0.178
5   0.2194705        1.014       0.190   0.1801234        1.967       0.169
  c500_i.rmse c25_d.ptime c25_d.time c25_d.rmse c50_d.ptime c50_d.time
1   0.1571001       2.418      1.685  0.2848388       1.278      1.552
2   0.1530531       1.964      0.913  0.2752979       1.193      1.184
3   0.1557020       2.068      0.969  0.2878502       1.051      1.127
4   0.1445476       1.981      1.015  0.2862017       0.907      0.993
5   0.1511886       2.179      0.988  0.2614237       1.133      1.154
  c50_d.rmse c100_d.ptime c100_d.time c100_d.rmse c250_d.ptime c250_d.time
1  0.2280709        0.719       2.653   0.1949428        0.616       9.062
2  0.2249180        0.756       2.209   0.1958618        0.476       8.065
3  0.2264273        0.573       2.110   0.1933846        0.561       7.744
4  0.2188689        0.671       1.838   0.1926110        0.388       7.254
5  0.2203827        0.924       1.980   0.1871751        0.338       7.605
  c250_d.rmse c500_d.ptime c500_d.time c500_d.rmse s25.ptime s25.time  s25.rmse
1   0.1434627        0.485      74.405   0.1280513     0.351    0.001 0.6953760
2   0.1481560        0.553      28.621   0.1194070     0.294    0.000 0.7246536
3   0.1547780        0.352      28.775   0.1250571     0.305    0.001 0.7884218
4   0.1382595        0.385      27.869   0.1193929     0.335    0.001 0.6422729
5   0.1371701        0.385      28.069   0.1081303     0.471    0.001 0.7144411
  s50.ptime s50.time  s50.rmse s100.ptime s100.time s100.rmse s250.ptime
1     0.550    0.003 0.5954750      0.727     0.003 0.4833582      1.012
2     0.423    0.002 0.6539901      0.732     0.003 0.4889448      1.285
3     0.584    0.001 0.5572590      0.954     0.003 0.4971244      1.403
4     0.599    0.002 0.5966006      0.884     0.003 0.4939840      1.295
5     0.522    0.002 0.5901093      0.541     0.003 0.4589997      1.214
  s250.time s250.rmse s500.ptime s500.time s500.rmse s1000.ptime s1000.time
1     0.008 0.3711100      1.766     0.016 0.2728967       3.185      0.039
2     0.007 0.3623322      1.812     0.018 0.2779281       3.195      0.035
3     0.007 0.3504604      1.626     0.016 0.2606459       3.258      0.034
4     0.006 0.3710435      1.898     0.014 0.2676013       3.057      0.030
5     0.006 0.3354525      1.976     0.013 0.2611473       3.045      0.028
  s1000.rmse s2500.ptime s2500.time s2500.rmse s5000.ptime s5000.time
1  0.1878244      19.430      0.089  0.1120920     162.803      0.173
2  0.1936837      15.132      0.084  0.1181268      96.119      0.179
3  0.1867094      15.798      0.066  0.1103915      98.375      0.149
4  0.1884454      16.332      0.065  0.1114620      95.482      0.144
5  0.1809154      16.420      0.074  0.1078209     192.313      0.187
  s5000.rmse
1 0.07829642
2 0.07753415
3 0.07915162
4 0.07559006
5 0.07486503
> 
> proc.time()
    user   system  elapsed 
4053.007   35.689 4180.498 
