
R version 3.0.3 (2014-03-06) -- "Warm Puppy"
Copyright (C) 2014 The R Foundation for Statistical Computing
Platform: x86_64-unknown-linux-gnu (64-bit)

R is free software and comes with ABSOLUTELY NO WARRANTY.
You are welcome to redistribute it under certain conditions.
Type 'license()' or 'licence()' for distribution details.

  Natural language support but running in an English locale

R is a collaborative project with many contributors.
Type 'contributors()' for more information and
'citation()' on how to cite R or R packages in publications.

Type 'demo()' for some demos, 'help()' for on-line help, or
'help.start()' for an HTML browser interface to help.
Type 'q()' to quit R.

> print(.libPaths())
[1] "/usr/local/r-3.0.3/lib64/R/library"
> .libPaths("/mnt/home/rjparker/Rlib")
> print(.libPaths())
[1] "/mnt/home/rjparker/Rlib"            "/usr/local/r-3.0.3/lib64/R/library"
> setwd("/mnt/home/rjparker/git/block_int")
> 
> which_exp <- 5
> which_part <- 19
> source("R/sim_nblocks_pred.R")
Loading required package: spam
Loading required package: grid
Spam version 0.41-0 (2014-02-26) is loaded.
Type 'help( Spam)' or 'demo( spam)' for a short introduction 
and overview of this package.
Help for individual functions is also obtained by adding the
suffix '.spam' to the function name, e.g. 'help( chol.spam)'.

Attaching package: ‘spam’

The following objects are masked from ‘package:base’:

    backsolve, forwardsolve

Loading required package: maps
  pred  p   b tau Nper_p Npred Fzero sigma2
5 TRUE 10 1.5  10  10000  1000     0      1
[1] 0.7623245
$full.time
[1] 0.113

$full.rmse
[1] 0.06233308

$full.time
[1] 0.113

$full.rmse
[1] 0.06233308

$l25.time
[1] 6.021

$l25.rmse
[1] 0.1982096

$l50.time
[1] 6.114

$l50.rmse
[1] 0.1628736

$l100.time
[1] 8.252

$l100.rmse
[1] 0.1317248

$l250.time
[1] 28.816

$l250.rmse
[1] 0.1048969

$l500.time
[1] 116.097

$l500.rmse
[1] 0.08933727

$o25_i.ptime
[1] 0.265

$o25_i.time
[1] 0.264

$o25_i.rmse
[1] 0.5634986

$o50_i.ptime
[1] 0.57

$o50_i.time
[1] 0.178

$o50_i.rmse
[1] 0.5115032

$o100_i.ptime
[1] 0.218

$o100_i.time
[1] 0.145

$o100_i.rmse
[1] 0.4308943

$o250_i.ptime
[1] 0.637

$o250_i.time
[1] 0.176

$o250_i.rmse
[1] 0.3284331

$o500_i.ptime
[1] 1.841

$o500_i.time
[1] 0.151

$o500_i.rmse
[1] 0.2441349

$o25_d.ptime
[1] 0.631

$o25_d.time
[1] 0.607

$o25_d.rmse
[1] 0.463322

$o50_d.ptime
[1] 0.146

$o50_d.time
[1] 0.772

$o50_d.rmse
[1] 0.3939917

$o100_d.ptime
[1] 0.054

$o100_d.time
[1] 1.585

$o100_d.rmse
[1] 0.3263549

$o250_d.ptime
[1] 0.028

$o250_d.time
[1] 7.034

$o250_d.rmse
[1] 0.223151

$o500_d.ptime
[1] 0.093

$o500_d.time
[1] 30.781

$o500_d.rmse
[1] 0.1639307

$c25_i.ptime
[1] 1.776

$c25_i.time
[1] 0.286

$c25_i.rmse
[1] 0.3366868

$c50_i.ptime
[1] 0.992

$c50_i.time
[1] 0.197

$c50_i.rmse
[1] 0.2866823

$c100_i.ptime
[1] 0.838

$c100_i.time
[1] 0.185

$c100_i.rmse
[1] 0.2329234

$c250_i.ptime
[1] 1.062

$c250_i.time
[1] 0.15

$c250_i.rmse
[1] 0.1889458

$c500_i.ptime
[1] 2.6

$c500_i.time
[1] 0.162

$c500_i.rmse
[1] 0.1572547

$c25_d.ptime
[1] 2.043

$c25_d.time
[1] 0.953

$c25_d.rmse
[1] 0.2768189

$c50_d.ptime
[1] 1.093

$c50_d.time
[1] 1.149

$c50_d.rmse
[1] 0.2379839

$c100_d.ptime
[1] 0.806

$c100_d.time
[1] 2.214

$c100_d.rmse
[1] 0.1800484

$c250_d.ptime
[1] 0.374

$c250_d.time
[1] 8.383

$c250_d.rmse
[1] 0.1455283

$c500_d.ptime
[1] 0.527

$c500_d.time
[1] 32.564

$c500_d.rmse
[1] 0.1190523

$s25.ptime
[1] 0.438

$s25.time
[1] 0

$s25.rmse
[1] 0.6017095

$s50.ptime
[1] 0.443

$s50.time
[1] 0.001

$s50.rmse
[1] 0.540015

$s100.ptime
[1] 0.798

$s100.time
[1] 0.003

$s100.rmse
[1] 0.454165

$s250.ptime
[1] 1.36

$s250.time
[1] 0.008

$s250.rmse
[1] 0.3462304

$s500.ptime
[1] 2.042

$s500.time
[1] 0.038

$s500.rmse
[1] 0.2408868

$s1000.ptime
[1] 4.866

$s1000.time
[1] 0.049

$s1000.rmse
[1] 0.1751372

$s2500.ptime
[1] 27.261

$s2500.time
[1] 0.084

$s2500.rmse
[1] 0.1117808

$s5000.ptime
[1] 146.819

$s5000.time
[1] 0.164

$s5000.rmse
[1] 0.08294198

        seed            p    full.time    full.rmse     l25.time     l25.rmse 
    2474.000       10.000        0.113        0.062        6.021        0.198 
    l50.time     l50.rmse    l100.time    l100.rmse    l250.time    l250.rmse 
       6.114        0.163        8.252        0.132       28.816        0.105 
   l500.time    l500.rmse  o25_i.ptime   o25_i.time   o25_i.rmse  o50_i.ptime 
     116.097        0.089        0.265        0.264        0.563        0.570 
  o50_i.time   o50_i.rmse o100_i.ptime  o100_i.time  o100_i.rmse o250_i.ptime 
       0.178        0.512        0.218        0.145        0.431        0.637 
 o250_i.time  o250_i.rmse o500_i.ptime  o500_i.time  o500_i.rmse  o25_d.ptime 
       0.176        0.328        1.841        0.151        0.244        0.631 
  o25_d.time   o25_d.rmse  o50_d.ptime   o50_d.time   o50_d.rmse o100_d.ptime 
       0.607        0.463        0.146        0.772        0.394        0.054 
 o100_d.time  o100_d.rmse o250_d.ptime  o250_d.time  o250_d.rmse o500_d.ptime 
       1.585        0.326        0.028        7.034        0.223        0.093 
 o500_d.time  o500_d.rmse  c25_i.ptime   c25_i.time   c25_i.rmse  c50_i.ptime 
      30.781        0.164        1.776        0.286        0.337        0.992 
  c50_i.time   c50_i.rmse c100_i.ptime  c100_i.time  c100_i.rmse c250_i.ptime 
       0.197        0.287        0.838        0.185        0.233        1.062 
 c250_i.time  c250_i.rmse c500_i.ptime  c500_i.time  c500_i.rmse  c25_d.ptime 
       0.150        0.189        2.600        0.162        0.157        2.043 
  c25_d.time   c25_d.rmse  c50_d.ptime   c50_d.time   c50_d.rmse c100_d.ptime 
       0.953        0.277        1.093        1.149        0.238        0.806 
 c100_d.time  c100_d.rmse c250_d.ptime  c250_d.time  c250_d.rmse c500_d.ptime 
       2.214        0.180        0.374        8.383        0.146        0.527 
 c500_d.time  c500_d.rmse    s25.ptime     s25.time     s25.rmse    s50.ptime 
      32.564        0.119        0.438        0.000        0.602        0.443 
    s50.time     s50.rmse   s100.ptime    s100.time    s100.rmse   s250.ptime 
       0.001        0.540        0.798        0.003        0.454        1.360 
   s250.time    s250.rmse   s500.ptime    s500.time    s500.rmse  s1000.ptime 
       0.008        0.346        2.042        0.038        0.241        4.866 
  s1000.time   s1000.rmse  s2500.ptime   s2500.time   s2500.rmse  s5000.ptime 
       0.049        0.175       27.261        0.084        0.112      146.819 
  s5000.time   s5000.rmse 
       0.164        0.083 
[1] 0.9360332
$full.time
[1] 0.117

$full.rmse
[1] 0.05743219

$full.time
[1] 0.117

$full.rmse
[1] 0.05743219

$l25.time
[1] 4.975

$l25.rmse
[1] 0.1901744

$l50.time
[1] 5.127

$l50.rmse
[1] 0.1508956

$l100.time
[1] 7.691

$l100.rmse
[1] 0.1232513

$l250.time
[1] 29.122

$l250.rmse
[1] 0.09287003

$l500.time
[1] 118.566

$l500.rmse
[1] 0.0797096

$o25_i.ptime
[1] 0.269

$o25_i.time
[1] 0.274

$o25_i.rmse
[1] 0.6171943

$o50_i.ptime
[1] 0.189

$o50_i.time
[1] 0.21

$o50_i.rmse
[1] 0.5358626

$o100_i.ptime
[1] 0.265

$o100_i.time
[1] 0.612

$o100_i.rmse
[1] 0.4321001

$o250_i.ptime
[1] 0.646

$o250_i.time
[1] 0.131

$o250_i.rmse
[1] 0.3390758

$o500_i.ptime
[1] 1.755

$o500_i.time
[1] 0.152

$o500_i.rmse
[1] 0.2469765

$o25_d.ptime
[1] 0.627

$o25_d.time
[1] 0.584

$o25_d.rmse
[1] 0.5094451

$o50_d.ptime
[1] 0.142

$o50_d.time
[1] 0.743

$o50_d.rmse
[1] 0.4258764

$o100_d.ptime
[1] 0.056

$o100_d.time
[1] 1.61

$o100_d.rmse
[1] 0.3284465

$o250_d.ptime
[1] 0.027

$o250_d.time
[1] 7.304

$o250_d.rmse
[1] 0.2309008

$o500_d.ptime
[1] 0.025

$o500_d.time
[1] 32.717

$o500_d.rmse
[1] 0.1633078

$c25_i.ptime
[1] 1.695

$c25_i.time
[1] 0.286

$c25_i.rmse
[1] 0.3444038

$c50_i.ptime
[1] 1.246

$c50_i.time
[1] 0.194

$c50_i.rmse
[1] 0.2938027

$c100_i.ptime
[1] 0.953

$c100_i.time
[1] 0.16

$c100_i.rmse
[1] 0.2393001

$c250_i.ptime
[1] 1.125

$c250_i.time
[1] 0.142

$c250_i.rmse
[1] 0.1844298

$c500_i.ptime
[1] 2.055

$c500_i.time
[1] 0.146

$c500_i.rmse
[1] 0.1582426

$c25_d.ptime
[1] 2.242

$c25_d.time
[1] 0.959

$c25_d.rmse
[1] 0.2796909

$c50_d.ptime
[1] 0.919

$c50_d.time
[1] 1.199

$c50_d.rmse
[1] 0.2320702

$c100_d.ptime
[1] 0.702

$c100_d.time
[1] 2.206

$c100_d.rmse
[1] 0.1937441

$c250_d.ptime
[1] 0.428

$c250_d.time
[1] 8.111

$c250_d.rmse
[1] 0.1476048

$c500_d.ptime
[1] 0.331

$c500_d.time
[1] 31.829

$c500_d.rmse
[1] 0.1210807

$s25.ptime
[1] 0.324

$s25.time
[1] 0.001

$s25.rmse
[1] 0.7106567

$s50.ptime
[1] 0.675

$s50.time
[1] 0.001

$s50.rmse
[1] 0.6098186

$s100.ptime
[1] 0.68

$s100.time
[1] 0.005

$s100.rmse
[1] 0.4673622

$s250.ptime
[1] 1.377

$s250.time
[1] 0.007

$s250.rmse
[1] 0.3776858

$s500.ptime
[1] 1.881

$s500.time
[1] 0.018

$s500.rmse
[1] 0.264907

$s1000.ptime
[1] 3.563

$s1000.time
[1] 0.03

$s1000.rmse
[1] 0.1842633

$s2500.ptime
[1] 22.87

$s2500.time
[1] 0.084

$s2500.rmse
[1] 0.1076146

$s5000.ptime
[1] 143.86

$s5000.time
[1] 0.258

$s5000.rmse
[1] 0.07745481

        seed            p    full.time    full.rmse     l25.time     l25.rmse 
    2475.000       10.000        0.117        0.057        4.975        0.190 
    l50.time     l50.rmse    l100.time    l100.rmse    l250.time    l250.rmse 
       5.127        0.151        7.691        0.123       29.122        0.093 
   l500.time    l500.rmse  o25_i.ptime   o25_i.time   o25_i.rmse  o50_i.ptime 
     118.566        0.080        0.269        0.274        0.617        0.189 
  o50_i.time   o50_i.rmse o100_i.ptime  o100_i.time  o100_i.rmse o250_i.ptime 
       0.210        0.536        0.265        0.612        0.432        0.646 
 o250_i.time  o250_i.rmse o500_i.ptime  o500_i.time  o500_i.rmse  o25_d.ptime 
       0.131        0.339        1.755        0.152        0.247        0.627 
  o25_d.time   o25_d.rmse  o50_d.ptime   o50_d.time   o50_d.rmse o100_d.ptime 
       0.584        0.509        0.142        0.743        0.426        0.056 
 o100_d.time  o100_d.rmse o250_d.ptime  o250_d.time  o250_d.rmse o500_d.ptime 
       1.610        0.328        0.027        7.304        0.231        0.025 
 o500_d.time  o500_d.rmse  c25_i.ptime   c25_i.time   c25_i.rmse  c50_i.ptime 
      32.717        0.163        1.695        0.286        0.344        1.246 
  c50_i.time   c50_i.rmse c100_i.ptime  c100_i.time  c100_i.rmse c250_i.ptime 
       0.194        0.294        0.953        0.160        0.239        1.125 
 c250_i.time  c250_i.rmse c500_i.ptime  c500_i.time  c500_i.rmse  c25_d.ptime 
       0.142        0.184        2.055        0.146        0.158        2.242 
  c25_d.time   c25_d.rmse  c50_d.ptime   c50_d.time   c50_d.rmse c100_d.ptime 
       0.959        0.280        0.919        1.199        0.232        0.702 
 c100_d.time  c100_d.rmse c250_d.ptime  c250_d.time  c250_d.rmse c500_d.ptime 
       2.206        0.194        0.428        8.111        0.148        0.331 
 c500_d.time  c500_d.rmse    s25.ptime     s25.time     s25.rmse    s50.ptime 
      31.829        0.121        0.324        0.001        0.711        0.675 
    s50.time     s50.rmse   s100.ptime    s100.time    s100.rmse   s250.ptime 
       0.001        0.610        0.680        0.005        0.467        1.377 
   s250.time    s250.rmse   s500.ptime    s500.time    s500.rmse  s1000.ptime 
       0.007        0.378        1.881        0.018        0.265        3.563 
  s1000.time   s1000.rmse  s2500.ptime   s2500.time   s2500.rmse  s5000.ptime 
       0.030        0.184       22.870        0.084        0.108      143.860 
  s5000.time   s5000.rmse 
       0.258        0.077 
[1] 0.968615
$full.time
[1] 0.115

$full.rmse
[1] 0.05826327

$full.time
[1] 0.115

$full.rmse
[1] 0.05826327

$l25.time
[1] 5.738

$l25.rmse
[1] 0.1962286

$l50.time
[1] 6.919

$l50.rmse
[1] 0.1531006

$l100.time
[1] 9

$l100.rmse
[1] 0.1229292

$l250.time
[1] 30.432

$l250.rmse
[1] 0.09470608

$l500.time
[1] 116.537

$l500.rmse
[1] 0.0765225

$o25_i.ptime
[1] 0.277

$o25_i.time
[1] 0.298

$o25_i.rmse
[1] 0.6452648

$o50_i.ptime
[1] 0.193

$o50_i.time
[1] 0.205

$o50_i.rmse
[1] 0.5398485

$o100_i.ptime
[1] 0.249

$o100_i.time
[1] 0.17

$o100_i.rmse
[1] 0.460143

$o250_i.ptime
[1] 0.659

$o250_i.time
[1] 0.497

$o250_i.rmse
[1] 0.3294004

$o500_i.ptime
[1] 1.788

$o500_i.time
[1] 0.165

$o500_i.rmse
[1] 0.2477153

$o25_d.ptime
[1] 0.641

$o25_d.time
[1] 0.687

$o25_d.rmse
[1] 0.5151608

$o50_d.ptime
[1] 0.158

$o50_d.time
[1] 0.928

$o50_d.rmse
[1] 0.3939481

$o100_d.ptime
[1] 0.068

$o100_d.time
[1] 1.716

$o100_d.rmse
[1] 0.3240024

$o250_d.ptime
[1] 0.04

$o250_d.time
[1] 8.039

$o250_d.rmse
[1] 0.2189243

$o500_d.ptime
[1] 0.028

$o500_d.time
[1] 30.338

$o500_d.rmse
[1] 0.1578781

$c25_i.ptime
[1] 1.874

$c25_i.time
[1] 0.298

$c25_i.rmse
[1] 0.34477

$c50_i.ptime
[1] 1.144

$c50_i.time
[1] 0.208

$c50_i.rmse
[1] 0.2970023

$c100_i.ptime
[1] 0.954

$c100_i.time
[1] 0.169

$c100_i.rmse
[1] 0.2381067

$c250_i.ptime
[1] 1.06

$c250_i.time
[1] 0.149

$c250_i.rmse
[1] 0.1945153

$c500_i.ptime
[1] 2.312

$c500_i.time
[1] 0.178

$c500_i.rmse
[1] 0.1585822

$c25_d.ptime
[1] 2.034

$c25_d.time
[1] 1.036

$c25_d.rmse
[1] 0.2881279

$c50_d.ptime
[1] 1.025

$c50_d.time
[1] 1.245

$c50_d.rmse
[1] 0.2307703

$c100_d.ptime
[1] 0.578

$c100_d.time
[1] 2.314

$c100_d.rmse
[1] 0.1971312

$c250_d.ptime
[1] 0.433

$c250_d.time
[1] 8.693

$c250_d.rmse
[1] 0.1467651

$c500_d.ptime
[1] 0.403

$c500_d.time
[1] 34.111

$c500_d.rmse
[1] 0.1141225

$s25.ptime
[1] 0.433

$s25.time
[1] 0.001

$s25.rmse
[1] 0.7943654

$s50.ptime
[1] 0.505

$s50.time
[1] 0.001

$s50.rmse
[1] 0.6439728

$s100.ptime
[1] 0.682

$s100.time
[1] 0.004

$s100.rmse
[1] 0.4956017

$s250.ptime
[1] 1.299

$s250.time
[1] 0.011

$s250.rmse
[1] 0.3605907

$s500.ptime
[1] 1.924

$s500.time
[1] 0.017

$s500.rmse
[1] 0.259519

$s1000.ptime
[1] 3.707

$s1000.time
[1] 0.043

$s1000.rmse
[1] 0.1788551

$s2500.ptime
[1] 22.543

$s2500.time
[1] 0.099

$s2500.rmse
[1] 0.1085505

$s5000.ptime
[1] 149.932

$s5000.time
[1] 0.242

$s5000.rmse
[1] 0.07556495

        seed            p    full.time    full.rmse     l25.time     l25.rmse 
    2476.000       10.000        0.115        0.058        5.738        0.196 
    l50.time     l50.rmse    l100.time    l100.rmse    l250.time    l250.rmse 
       6.919        0.153        9.000        0.123       30.432        0.095 
   l500.time    l500.rmse  o25_i.ptime   o25_i.time   o25_i.rmse  o50_i.ptime 
     116.537        0.077        0.277        0.298        0.645        0.193 
  o50_i.time   o50_i.rmse o100_i.ptime  o100_i.time  o100_i.rmse o250_i.ptime 
       0.205        0.540        0.249        0.170        0.460        0.659 
 o250_i.time  o250_i.rmse o500_i.ptime  o500_i.time  o500_i.rmse  o25_d.ptime 
       0.497        0.329        1.788        0.165        0.248        0.641 
  o25_d.time   o25_d.rmse  o50_d.ptime   o50_d.time   o50_d.rmse o100_d.ptime 
       0.687        0.515        0.158        0.928        0.394        0.068 
 o100_d.time  o100_d.rmse o250_d.ptime  o250_d.time  o250_d.rmse o500_d.ptime 
       1.716        0.324        0.040        8.039        0.219        0.028 
 o500_d.time  o500_d.rmse  c25_i.ptime   c25_i.time   c25_i.rmse  c50_i.ptime 
      30.338        0.158        1.874        0.298        0.345        1.144 
  c50_i.time   c50_i.rmse c100_i.ptime  c100_i.time  c100_i.rmse c250_i.ptime 
       0.208        0.297        0.954        0.169        0.238        1.060 
 c250_i.time  c250_i.rmse c500_i.ptime  c500_i.time  c500_i.rmse  c25_d.ptime 
       0.149        0.195        2.312        0.178        0.159        2.034 
  c25_d.time   c25_d.rmse  c50_d.ptime   c50_d.time   c50_d.rmse c100_d.ptime 
       1.036        0.288        1.025        1.245        0.231        0.578 
 c100_d.time  c100_d.rmse c250_d.ptime  c250_d.time  c250_d.rmse c500_d.ptime 
       2.314        0.197        0.433        8.693        0.147        0.403 
 c500_d.time  c500_d.rmse    s25.ptime     s25.time     s25.rmse    s50.ptime 
      34.111        0.114        0.433        0.001        0.794        0.505 
    s50.time     s50.rmse   s100.ptime    s100.time    s100.rmse   s250.ptime 
       0.001        0.644        0.682        0.004        0.496        1.299 
   s250.time    s250.rmse   s500.ptime    s500.time    s500.rmse  s1000.ptime 
       0.011        0.361        1.924        0.017        0.260        3.707 
  s1000.time   s1000.rmse  s2500.ptime   s2500.time   s2500.rmse  s5000.ptime 
       0.043        0.179       22.543        0.099        0.109      149.932 
  s5000.time   s5000.rmse 
       0.242        0.076 
[1] 0.9655355
$full.time
[1] 0.133

$full.rmse
[1] 0.06066576

$full.time
[1] 0.133

$full.rmse
[1] 0.06066576

$l25.time
[1] 5.645

$l25.rmse
[1] 0.2106512

$l50.time
[1] 6.612

$l50.rmse
[1] 0.1678506

$l100.time
[1] 9.035

$l100.rmse
[1] 0.1333597

$l250.time
[1] 31.226

$l250.rmse
[1] 0.1019939

$l500.time
[1] 117.517

$l500.rmse
[1] 0.08675695

$o25_i.ptime
[1] 0.276

$o25_i.time
[1] 0.277

$o25_i.rmse
[1] 0.661509

$o50_i.ptime
[1] 0.187

$o50_i.time
[1] 0.191

$o50_i.rmse
[1] 0.5630437

$o100_i.ptime
[1] 0.235

$o100_i.time
[1] 0.159

$o100_i.rmse
[1] 0.4749477

$o250_i.ptime
[1] 1.055

$o250_i.time
[1] 0.149

$o250_i.rmse
[1] 0.3501367

$o500_i.ptime
[1] 1.789

$o500_i.time
[1] 0.157

$o500_i.rmse
[1] 0.2565031

$o25_d.ptime
[1] 0.681

$o25_d.time
[1] 0.631

$o25_d.rmse
[1] 0.539666

$o50_d.ptime
[1] 0.145

$o50_d.time
[1] 0.814

$o50_d.rmse
[1] 0.4435749

$o100_d.ptime
[1] 0.064

$o100_d.time
[1] 1.729

$o100_d.rmse
[1] 0.3250077

$o250_d.ptime
[1] 0.033

$o250_d.time
[1] 7.742

$o250_d.rmse
[1] 0.2305207

$o500_d.ptime
[1] 0.028

$o500_d.time
[1] 32.452

$o500_d.rmse
[1] 0.1715438

$c25_i.ptime
[1] 1.801

$c25_i.time
[1] 0.332

$c25_i.rmse
[1] 0.3640707

$c50_i.ptime
[1] 1.278

$c50_i.time
[1] 0.228

$c50_i.rmse
[1] 0.2998988

$c100_i.ptime
[1] 1.328

$c100_i.time
[1] 0.201

$c100_i.rmse
[1] 0.2381588

$c250_i.ptime
[1] 0.993

$c250_i.time
[1] 0.182

$c250_i.rmse
[1] 0.1803776

$c500_i.ptime
[1] 2.336

$c500_i.time
[1] 0.187

$c500_i.rmse
[1] 0.146212

$c25_d.ptime
[1] 2.117

$c25_d.time
[1] 1.131

$c25_d.rmse
[1] 0.2841626

$c50_d.ptime
[1] 1.104

$c50_d.time
[1] 1.263

$c50_d.rmse
[1] 0.237596

$c100_d.ptime
[1] 0.825

$c100_d.time
[1] 2.311

$c100_d.rmse
[1] 0.1991949

$c250_d.ptime
[1] 0.534

$c250_d.time
[1] 8.511

$c250_d.rmse
[1] 0.1433829

$c500_d.ptime
[1] 0.521

$c500_d.time
[1] 33.862

$c500_d.rmse
[1] 0.1208889

$s25.ptime
[1] 0.316

$s25.time
[1] 0.001

$s25.rmse
[1] 0.8357644

$s50.ptime
[1] 0.523

$s50.time
[1] 0.003

$s50.rmse
[1] 0.6446362

$s100.ptime
[1] 0.784

$s100.time
[1] 0.003

$s100.rmse
[1] 0.4974333

$s250.ptime
[1] 1.22

$s250.time
[1] 0.006

$s250.rmse
[1] 0.3598382

$s500.ptime
[1] 2.018

$s500.time
[1] 0.016

$s500.rmse
[1] 0.2643988

$s1000.ptime
[1] 3.685

$s1000.time
[1] 0.039

$s1000.rmse
[1] 0.1841395

$s2500.ptime
[1] 21.075

$s2500.time
[1] 0.093

$s2500.rmse
[1] 0.1094017

$s5000.ptime
[1] 146.555

$s5000.time
[1] 0.259

$s5000.rmse
[1] 0.07685129

        seed            p    full.time    full.rmse     l25.time     l25.rmse 
    2477.000       10.000        0.133        0.061        5.645        0.211 
    l50.time     l50.rmse    l100.time    l100.rmse    l250.time    l250.rmse 
       6.612        0.168        9.035        0.133       31.226        0.102 
   l500.time    l500.rmse  o25_i.ptime   o25_i.time   o25_i.rmse  o50_i.ptime 
     117.517        0.087        0.276        0.277        0.662        0.187 
  o50_i.time   o50_i.rmse o100_i.ptime  o100_i.time  o100_i.rmse o250_i.ptime 
       0.191        0.563        0.235        0.159        0.475        1.055 
 o250_i.time  o250_i.rmse o500_i.ptime  o500_i.time  o500_i.rmse  o25_d.ptime 
       0.149        0.350        1.789        0.157        0.257        0.681 
  o25_d.time   o25_d.rmse  o50_d.ptime   o50_d.time   o50_d.rmse o100_d.ptime 
       0.631        0.540        0.145        0.814        0.444        0.064 
 o100_d.time  o100_d.rmse o250_d.ptime  o250_d.time  o250_d.rmse o500_d.ptime 
       1.729        0.325        0.033        7.742        0.231        0.028 
 o500_d.time  o500_d.rmse  c25_i.ptime   c25_i.time   c25_i.rmse  c50_i.ptime 
      32.452        0.172        1.801        0.332        0.364        1.278 
  c50_i.time   c50_i.rmse c100_i.ptime  c100_i.time  c100_i.rmse c250_i.ptime 
       0.228        0.300        1.328        0.201        0.238        0.993 
 c250_i.time  c250_i.rmse c500_i.ptime  c500_i.time  c500_i.rmse  c25_d.ptime 
       0.182        0.180        2.336        0.187        0.146        2.117 
  c25_d.time   c25_d.rmse  c50_d.ptime   c50_d.time   c50_d.rmse c100_d.ptime 
       1.131        0.284        1.104        1.263        0.238        0.825 
 c100_d.time  c100_d.rmse c250_d.ptime  c250_d.time  c250_d.rmse c500_d.ptime 
       2.311        0.199        0.534        8.511        0.143        0.521 
 c500_d.time  c500_d.rmse    s25.ptime     s25.time     s25.rmse    s50.ptime 
      33.862        0.121        0.316        0.001        0.836        0.523 
    s50.time     s50.rmse   s100.ptime    s100.time    s100.rmse   s250.ptime 
       0.003        0.645        0.784        0.003        0.497        1.220 
   s250.time    s250.rmse   s500.ptime    s500.time    s500.rmse  s1000.ptime 
       0.006        0.360        2.018        0.016        0.264        3.685 
  s1000.time   s1000.rmse  s2500.ptime   s2500.time   s2500.rmse  s5000.ptime 
       0.039        0.184       21.075        0.093        0.109      146.555 
  s5000.time   s5000.rmse 
       0.259        0.077 
[1] 0.719907
$full.time
[1] 0.153

$full.rmse
[1] 0.05724556

$full.time
[1] 0.153

$full.rmse
[1] 0.05724556

$l25.time
[1] 6.059

$l25.rmse
[1] 0.1916034

$l50.time
[1] 6.631

$l50.rmse
[1] 0.1564506

$l100.time
[1] 9.108

$l100.rmse
[1] 0.1228359

$l250.time
[1] 31.509

$l250.rmse
[1] 0.09582797

$l500.time
[1] 116.746

$l500.rmse
[1] 0.07931327

$o25_i.ptime
[1] 0.263

$o25_i.time
[1] 0.276

$o25_i.rmse
[1] 0.5430797

$o50_i.ptime
[1] 0.184

$o50_i.time
[1] 0.586

$o50_i.rmse
[1] 0.501428

$o100_i.ptime
[1] 0.247

$o100_i.time
[1] 0.161

$o100_i.rmse
[1] 0.4401882

$o250_i.ptime
[1] 0.65

$o250_i.time
[1] 0.145

$o250_i.rmse
[1] 0.341819

$o500_i.ptime
[1] 1.772

$o500_i.time
[1] 0.15

$o500_i.rmse
[1] 0.2553329

$o25_d.ptime
[1] 0.64

$o25_d.time
[1] 0.602

$o25_d.rmse
[1] 0.4570487

$o50_d.ptime
[1] 0.15

$o50_d.time
[1] 0.833

$o50_d.rmse
[1] 0.4097717

$o100_d.ptime
[1] 0.062

$o100_d.time
[1] 1.681

$o100_d.rmse
[1] 0.3375106

$o250_d.ptime
[1] 0.029

$o250_d.time
[1] 7.832

$o250_d.rmse
[1] 0.2297992

$o500_d.ptime
[1] 0.03

$o500_d.time
[1] 31.731

$o500_d.rmse
[1] 0.1651798

$c25_i.ptime
[1] 1.599

$c25_i.time
[1] 0.304

$c25_i.rmse
[1] 0.3212484

$c50_i.ptime
[1] 1.269

$c50_i.time
[1] 0.218

$c50_i.rmse
[1] 0.2903078

$c100_i.ptime
[1] 0.85

$c100_i.time
[1] 0.191

$c100_i.rmse
[1] 0.2260718

$c250_i.ptime
[1] 1.135

$c250_i.time
[1] 0.159

$c250_i.rmse
[1] 0.1642963

$c500_i.ptime
[1] 2.029

$c500_i.time
[1] 0.175

$c500_i.rmse
[1] 0.151315

$c25_d.ptime
[1] 1.94

$c25_d.time
[1] 1.078

$c25_d.rmse
[1] 0.274118

$c50_d.ptime
[1] 0.953

$c50_d.time
[1] 1.25

$c50_d.rmse
[1] 0.2222954

$c100_d.ptime
[1] 0.877

$c100_d.time
[1] 2.254

$c100_d.rmse
[1] 0.181105

$c250_d.ptime
[1] 0.559

$c250_d.time
[1] 8.342

$c250_d.rmse
[1] 0.1399102

$c500_d.ptime
[1] 0.25

$c500_d.time
[1] 33.051

$c500_d.rmse
[1] 0.1160808

$s25.ptime
[1] 0.379

$s25.time
[1] 0.001

$s25.rmse
[1] 0.6579103

$s50.ptime
[1] 0.544

$s50.time
[1] 0.001

$s50.rmse
[1] 0.5797654

$s100.ptime
[1] 0.66

$s100.time
[1] 0.003

$s100.rmse
[1] 0.4308078

$s250.ptime
[1] 1.234

$s250.time
[1] 0.009

$s250.rmse
[1] 0.3461143

$s500.ptime
[1] 2.08

$s500.time
[1] 0.018

$s500.rmse
[1] 0.2539991

$s1000.ptime
[1] 3.791

$s1000.time
[1] 0.043

$s1000.rmse
[1] 0.1818915

$s2500.ptime
[1] 20.684

$s2500.time
[1] 0.083

$s2500.rmse
[1] 0.1037472

$s5000.ptime
[1] 139.061

$s5000.time
[1] 0.404

$s5000.rmse
[1] 0.07271633

        seed            p    full.time    full.rmse     l25.time     l25.rmse 
    2478.000       10.000        0.153        0.057        6.059        0.192 
    l50.time     l50.rmse    l100.time    l100.rmse    l250.time    l250.rmse 
       6.631        0.156        9.108        0.123       31.509        0.096 
   l500.time    l500.rmse  o25_i.ptime   o25_i.time   o25_i.rmse  o50_i.ptime 
     116.746        0.079        0.263        0.276        0.543        0.184 
  o50_i.time   o50_i.rmse o100_i.ptime  o100_i.time  o100_i.rmse o250_i.ptime 
       0.586        0.501        0.247        0.161        0.440        0.650 
 o250_i.time  o250_i.rmse o500_i.ptime  o500_i.time  o500_i.rmse  o25_d.ptime 
       0.145        0.342        1.772        0.150        0.255        0.640 
  o25_d.time   o25_d.rmse  o50_d.ptime   o50_d.time   o50_d.rmse o100_d.ptime 
       0.602        0.457        0.150        0.833        0.410        0.062 
 o100_d.time  o100_d.rmse o250_d.ptime  o250_d.time  o250_d.rmse o500_d.ptime 
       1.681        0.338        0.029        7.832        0.230        0.030 
 o500_d.time  o500_d.rmse  c25_i.ptime   c25_i.time   c25_i.rmse  c50_i.ptime 
      31.731        0.165        1.599        0.304        0.321        1.269 
  c50_i.time   c50_i.rmse c100_i.ptime  c100_i.time  c100_i.rmse c250_i.ptime 
       0.218        0.290        0.850        0.191        0.226        1.135 
 c250_i.time  c250_i.rmse c500_i.ptime  c500_i.time  c500_i.rmse  c25_d.ptime 
       0.159        0.164        2.029        0.175        0.151        1.940 
  c25_d.time   c25_d.rmse  c50_d.ptime   c50_d.time   c50_d.rmse c100_d.ptime 
       1.078        0.274        0.953        1.250        0.222        0.877 
 c100_d.time  c100_d.rmse c250_d.ptime  c250_d.time  c250_d.rmse c500_d.ptime 
       2.254        0.181        0.559        8.342        0.140        0.250 
 c500_d.time  c500_d.rmse    s25.ptime     s25.time     s25.rmse    s50.ptime 
      33.051        0.116        0.379        0.001        0.658        0.544 
    s50.time     s50.rmse   s100.ptime    s100.time    s100.rmse   s250.ptime 
       0.001        0.580        0.660        0.003        0.431        1.234 
   s250.time    s250.rmse   s500.ptime    s500.time    s500.rmse  s1000.ptime 
       0.009        0.346        2.080        0.018        0.254        3.791 
  s1000.time   s1000.rmse  s2500.ptime   s2500.time   s2500.rmse  s5000.ptime 
       0.043        0.182       20.684        0.083        0.104      139.061 
  s5000.time   s5000.rmse 
       0.404        0.073 
  seed  p full.time  full.rmse l25.time  l25.rmse l50.time  l50.rmse l100.time
1 2474 10     0.113 0.06233308    6.021 0.1982096    6.114 0.1628736     8.252
2 2475 10     0.117 0.05743219    4.975 0.1901744    5.127 0.1508956     7.691
3 2476 10     0.115 0.05826327    5.738 0.1962286    6.919 0.1531006     9.000
4 2477 10     0.133 0.06066576    5.645 0.2106512    6.612 0.1678506     9.035
5 2478 10     0.153 0.05724556    6.059 0.1916034    6.631 0.1564506     9.108
  l100.rmse l250.time  l250.rmse l500.time  l500.rmse o25_i.ptime o25_i.time
1 0.1317248    28.816 0.10489693   116.097 0.08933727       0.265      0.264
2 0.1232513    29.122 0.09287003   118.566 0.07970960       0.269      0.274
3 0.1229292    30.432 0.09470608   116.537 0.07652250       0.277      0.298
4 0.1333597    31.226 0.10199394   117.517 0.08675695       0.276      0.277
5 0.1228359    31.509 0.09582797   116.746 0.07931327       0.263      0.276
  o25_i.rmse o50_i.ptime o50_i.time o50_i.rmse o100_i.ptime o100_i.time
1  0.5634986       0.570      0.178  0.5115032        0.218       0.145
2  0.6171943       0.189      0.210  0.5358626        0.265       0.612
3  0.6452648       0.193      0.205  0.5398485        0.249       0.170
4  0.6615090       0.187      0.191  0.5630437        0.235       0.159
5  0.5430797       0.184      0.586  0.5014280        0.247       0.161
  o100_i.rmse o250_i.ptime o250_i.time o250_i.rmse o500_i.ptime o500_i.time
1   0.4308943        0.637       0.176   0.3284331        1.841       0.151
2   0.4321001        0.646       0.131   0.3390758        1.755       0.152
3   0.4601430        0.659       0.497   0.3294004        1.788       0.165
4   0.4749477        1.055       0.149   0.3501367        1.789       0.157
5   0.4401882        0.650       0.145   0.3418190        1.772       0.150
  o500_i.rmse o25_d.ptime o25_d.time o25_d.rmse o50_d.ptime o50_d.time
1   0.2441349       0.631      0.607  0.4633220       0.146      0.772
2   0.2469765       0.627      0.584  0.5094451       0.142      0.743
3   0.2477153       0.641      0.687  0.5151608       0.158      0.928
4   0.2565031       0.681      0.631  0.5396660       0.145      0.814
5   0.2553329       0.640      0.602  0.4570487       0.150      0.833
  o50_d.rmse o100_d.ptime o100_d.time o100_d.rmse o250_d.ptime o250_d.time
1  0.3939917        0.054       1.585   0.3263549        0.028       7.034
2  0.4258764        0.056       1.610   0.3284465        0.027       7.304
3  0.3939481        0.068       1.716   0.3240024        0.040       8.039
4  0.4435749        0.064       1.729   0.3250077        0.033       7.742
5  0.4097717        0.062       1.681   0.3375106        0.029       7.832
  o250_d.rmse o500_d.ptime o500_d.time o500_d.rmse c25_i.ptime c25_i.time
1   0.2231510        0.093      30.781   0.1639307       1.776      0.286
2   0.2309008        0.025      32.717   0.1633078       1.695      0.286
3   0.2189243        0.028      30.338   0.1578781       1.874      0.298
4   0.2305207        0.028      32.452   0.1715438       1.801      0.332
5   0.2297992        0.030      31.731   0.1651798       1.599      0.304
  c25_i.rmse c50_i.ptime c50_i.time c50_i.rmse c100_i.ptime c100_i.time
1  0.3366868       0.992      0.197  0.2866823        0.838       0.185
2  0.3444038       1.246      0.194  0.2938027        0.953       0.160
3  0.3447700       1.144      0.208  0.2970023        0.954       0.169
4  0.3640707       1.278      0.228  0.2998988        1.328       0.201
5  0.3212484       1.269      0.218  0.2903078        0.850       0.191
  c100_i.rmse c250_i.ptime c250_i.time c250_i.rmse c500_i.ptime c500_i.time
1   0.2329234        1.062       0.150   0.1889458        2.600       0.162
2   0.2393001        1.125       0.142   0.1844298        2.055       0.146
3   0.2381067        1.060       0.149   0.1945153        2.312       0.178
4   0.2381588        0.993       0.182   0.1803776        2.336       0.187
5   0.2260718        1.135       0.159   0.1642963        2.029       0.175
  c500_i.rmse c25_d.ptime c25_d.time c25_d.rmse c50_d.ptime c50_d.time
1   0.1572547       2.043      0.953  0.2768189       1.093      1.149
2   0.1582426       2.242      0.959  0.2796909       0.919      1.199
3   0.1585822       2.034      1.036  0.2881279       1.025      1.245
4   0.1462120       2.117      1.131  0.2841626       1.104      1.263
5   0.1513150       1.940      1.078  0.2741180       0.953      1.250
  c50_d.rmse c100_d.ptime c100_d.time c100_d.rmse c250_d.ptime c250_d.time
1  0.2379839        0.806       2.214   0.1800484        0.374       8.383
2  0.2320702        0.702       2.206   0.1937441        0.428       8.111
3  0.2307703        0.578       2.314   0.1971312        0.433       8.693
4  0.2375960        0.825       2.311   0.1991949        0.534       8.511
5  0.2222954        0.877       2.254   0.1811050        0.559       8.342
  c250_d.rmse c500_d.ptime c500_d.time c500_d.rmse s25.ptime s25.time  s25.rmse
1   0.1455283        0.527      32.564   0.1190523     0.438    0.000 0.6017095
2   0.1476048        0.331      31.829   0.1210807     0.324    0.001 0.7106567
3   0.1467651        0.403      34.111   0.1141225     0.433    0.001 0.7943654
4   0.1433829        0.521      33.862   0.1208889     0.316    0.001 0.8357644
5   0.1399102        0.250      33.051   0.1160808     0.379    0.001 0.6579103
  s50.ptime s50.time  s50.rmse s100.ptime s100.time s100.rmse s250.ptime
1     0.443    0.001 0.5400150      0.798     0.003 0.4541650      1.360
2     0.675    0.001 0.6098186      0.680     0.005 0.4673622      1.377
3     0.505    0.001 0.6439728      0.682     0.004 0.4956017      1.299
4     0.523    0.003 0.6446362      0.784     0.003 0.4974333      1.220
5     0.544    0.001 0.5797654      0.660     0.003 0.4308078      1.234
  s250.time s250.rmse s500.ptime s500.time s500.rmse s1000.ptime s1000.time
1     0.008 0.3462304      2.042     0.038 0.2408868       4.866      0.049
2     0.007 0.3776858      1.881     0.018 0.2649070       3.563      0.030
3     0.011 0.3605907      1.924     0.017 0.2595190       3.707      0.043
4     0.006 0.3598382      2.018     0.016 0.2643988       3.685      0.039
5     0.009 0.3461143      2.080     0.018 0.2539991       3.791      0.043
  s1000.rmse s2500.ptime s2500.time s2500.rmse s5000.ptime s5000.time
1  0.1751372      27.261      0.084  0.1117808     146.819      0.164
2  0.1842633      22.870      0.084  0.1076146     143.860      0.258
3  0.1788551      22.543      0.099  0.1085505     149.932      0.242
4  0.1841395      21.075      0.093  0.1094017     146.555      0.259
5  0.1818915      20.684      0.083  0.1037472     139.061      0.404
  s5000.rmse
1 0.08294198
2 0.07745481
3 0.07556495
4 0.07685129
5 0.07271633
> 
> proc.time()
    user   system  elapsed 
7728.383   57.711 7954.023 
