
R version 3.0.3 (2014-03-06) -- "Warm Puppy"
Copyright (C) 2014 The R Foundation for Statistical Computing
Platform: x86_64-unknown-linux-gnu (64-bit)

R is free software and comes with ABSOLUTELY NO WARRANTY.
You are welcome to redistribute it under certain conditions.
Type 'license()' or 'licence()' for distribution details.

  Natural language support but running in an English locale

R is a collaborative project with many contributors.
Type 'contributors()' for more information and
'citation()' on how to cite R or R packages in publications.

Type 'demo()' for some demos, 'help()' for on-line help, or
'help.start()' for an HTML browser interface to help.
Type 'q()' to quit R.

> print(.libPaths())
[1] "/usr/local/r-3.0.3/lib64/R/library"
> .libPaths("/mnt/home/rjparker/Rlib")
> print(.libPaths())
[1] "/mnt/home/rjparker/Rlib"            "/usr/local/r-3.0.3/lib64/R/library"
> setwd("/mnt/home/rjparker/git/block_int")
> 
> which_exp <- 5
> which_part <- 4
> source("R/sim_nblocks_pred.R")
Loading required package: spam
Loading required package: grid
Spam version 0.41-0 (2014-02-26) is loaded.
Type 'help( Spam)' or 'demo( spam)' for a short introduction 
and overview of this package.
Help for individual functions is also obtained by adding the
suffix '.spam' to the function name, e.g. 'help( chol.spam)'.

Attaching package: ‘spam’

The following objects are masked from ‘package:base’:

    backsolve, forwardsolve

Loading required package: maps
  pred  p   b tau Nper_p Npred Fzero sigma2
5 TRUE 10 1.5  10  10000  1000     0      1
[1] 0.8131502
$full.time
[1] 0.083

$full.rmse
[1] 0.05771337

$full.time
[1] 0.083

$full.rmse
[1] 0.05771337

$l25.time
[1] 3.339

$l25.rmse
[1] 0.1962153

$l50.time
[1] 3.456

$l50.rmse
[1] 0.1672523

$l100.time
[1] 4.641

$l100.rmse
[1] 0.1295896

$l250.time
[1] 18.517

$l250.rmse
[1] 0.1001676

$l500.time
[1] 86.705

$l500.rmse
[1] 0.0838924

$o25_i.ptime
[1] 0.226

$o25_i.time
[1] 0.24

$o25_i.rmse
[1] 0.6005244

$o50_i.ptime
[1] 0.435

$o50_i.time
[1] 0.144

$o50_i.rmse
[1] 0.526216

$o100_i.ptime
[1] 0.2

$o100_i.time
[1] 0.121

$o100_i.rmse
[1] 0.4228747

$o250_i.ptime
[1] 0.586

$o250_i.time
[1] 0.137

$o250_i.rmse
[1] 0.3238591

$o500_i.ptime
[1] 1.507

$o500_i.time
[1] 0.141

$o500_i.rmse
[1] 0.2530248

$o25_d.ptime
[1] 0.592

$o25_d.time
[1] 0.524

$o25_d.rmse
[1] 0.4912577

$o50_d.ptime
[1] 0.13

$o50_d.time
[1] 0.652

$o50_d.rmse
[1] 0.3935223

$o100_d.ptime
[1] 0.051

$o100_d.time
[1] 1.612

$o100_d.rmse
[1] 0.3150327

$o250_d.ptime
[1] 0.027

$o250_d.time
[1] 6.121

$o250_d.rmse
[1] 0.2293108

$o500_d.ptime
[1] 0.026

$o500_d.time
[1] 24.356

$o500_d.rmse
[1] 0.1671941

$c25_i.ptime
[1] 1.659

$c25_i.time
[1] 0.254

$c25_i.rmse
[1] 0.3460138

$c50_i.ptime
[1] 0.936

$c50_i.time
[1] 0.159

$c50_i.rmse
[1] 0.2849722

$c100_i.ptime
[1] 0.797

$c100_i.time
[1] 0.132

$c100_i.rmse
[1] 0.2318884

$c250_i.ptime
[1] 1.009

$c250_i.time
[1] 0.121

$c250_i.rmse
[1] 0.1874013

$c500_i.ptime
[1] 1.899

$c500_i.time
[1] 0.144

$c500_i.rmse
[1] 0.1521199

$c25_d.ptime
[1] 1.806

$c25_d.time
[1] 0.874

$c25_d.rmse
[1] 0.2850204

$c50_d.ptime
[1] 1.069

$c50_d.time
[1] 1.041

$c50_d.rmse
[1] 0.2226501

$c100_d.ptime
[1] 0.558

$c100_d.time
[1] 2.053

$c100_d.rmse
[1] 0.1796345

$c250_d.ptime
[1] 0.578

$c250_d.time
[1] 7.051

$c250_d.rmse
[1] 0.1536459

$c500_d.ptime
[1] 0.469

$c500_d.time
[1] 25.459

$c500_d.rmse
[1] 0.1273419

$s25.ptime
[1] 0.269

$s25.time
[1] 0.001

$s25.rmse
[1] 0.6831024

$s50.ptime
[1] 0.477

$s50.time
[1] 0.002

$s50.rmse
[1] 0.5885427

$s100.ptime
[1] 0.606

$s100.time
[1] 0.003

$s100.rmse
[1] 0.4855476

$s250.ptime
[1] 1.226

$s250.time
[1] 0.008

$s250.rmse
[1] 0.3724708

$s500.ptime
[1] 1.511

$s500.time
[1] 0.015

$s500.rmse
[1] 0.2660792

$s1000.ptime
[1] 3.207

$s1000.time
[1] 0.032

$s1000.rmse
[1] 0.1826029

$s2500.ptime
[1] 19.766

$s2500.time
[1] 0.09

$s2500.rmse
[1] 0.1117291

$s5000.ptime
[1] 131.089

$s5000.time
[1] 0.167

$s5000.rmse
[1] 0.07469953

        seed            p    full.time    full.rmse     l25.time     l25.rmse 
    2399.000       10.000        0.083        0.058        3.339        0.196 
    l50.time     l50.rmse    l100.time    l100.rmse    l250.time    l250.rmse 
       3.456        0.167        4.641        0.130       18.517        0.100 
   l500.time    l500.rmse  o25_i.ptime   o25_i.time   o25_i.rmse  o50_i.ptime 
      86.705        0.084        0.226        0.240        0.601        0.435 
  o50_i.time   o50_i.rmse o100_i.ptime  o100_i.time  o100_i.rmse o250_i.ptime 
       0.144        0.526        0.200        0.121        0.423        0.586 
 o250_i.time  o250_i.rmse o500_i.ptime  o500_i.time  o500_i.rmse  o25_d.ptime 
       0.137        0.324        1.507        0.141        0.253        0.592 
  o25_d.time   o25_d.rmse  o50_d.ptime   o50_d.time   o50_d.rmse o100_d.ptime 
       0.524        0.491        0.130        0.652        0.394        0.051 
 o100_d.time  o100_d.rmse o250_d.ptime  o250_d.time  o250_d.rmse o500_d.ptime 
       1.612        0.315        0.027        6.121        0.229        0.026 
 o500_d.time  o500_d.rmse  c25_i.ptime   c25_i.time   c25_i.rmse  c50_i.ptime 
      24.356        0.167        1.659        0.254        0.346        0.936 
  c50_i.time   c50_i.rmse c100_i.ptime  c100_i.time  c100_i.rmse c250_i.ptime 
       0.159        0.285        0.797        0.132        0.232        1.009 
 c250_i.time  c250_i.rmse c500_i.ptime  c500_i.time  c500_i.rmse  c25_d.ptime 
       0.121        0.187        1.899        0.144        0.152        1.806 
  c25_d.time   c25_d.rmse  c50_d.ptime   c50_d.time   c50_d.rmse c100_d.ptime 
       0.874        0.285        1.069        1.041        0.223        0.558 
 c100_d.time  c100_d.rmse c250_d.ptime  c250_d.time  c250_d.rmse c500_d.ptime 
       2.053        0.180        0.578        7.051        0.154        0.469 
 c500_d.time  c500_d.rmse    s25.ptime     s25.time     s25.rmse    s50.ptime 
      25.459        0.127        0.269        0.001        0.683        0.477 
    s50.time     s50.rmse   s100.ptime    s100.time    s100.rmse   s250.ptime 
       0.002        0.589        0.606        0.003        0.486        1.226 
   s250.time    s250.rmse   s500.ptime    s500.time    s500.rmse  s1000.ptime 
       0.008        0.372        1.511        0.015        0.266        3.207 
  s1000.time   s1000.rmse  s2500.ptime   s2500.time   s2500.rmse  s5000.ptime 
       0.032        0.183       19.766        0.090        0.112      131.089 
  s5000.time   s5000.rmse 
       0.167        0.075 
[1] 0.8195575
$full.time
[1] 0.084

$full.rmse
[1] 0.06005985

$full.time
[1] 0.084

$full.rmse
[1] 0.06005985

$l25.time
[1] 3.32

$l25.rmse
[1] 0.2088502

$l50.time
[1] 3.574

$l50.rmse
[1] 0.1634454

$l100.time
[1] 5.057

$l100.rmse
[1] 0.1367108

$l250.time
[1] 19.104

$l250.rmse
[1] 0.1008994

$l500.time
[1] 87.565

$l500.rmse
[1] 0.08344973

$o25_i.ptime
[1] 0.251

$o25_i.time
[1] 0.228

$o25_i.rmse
[1] 0.604985

$o50_i.ptime
[1] 0.167

$o50_i.time
[1] 0.16

$o50_i.rmse
[1] 0.581065

$o100_i.ptime
[1] 0.213

$o100_i.time
[1] 0.506

$o100_i.rmse
[1] 0.4757339

$o250_i.ptime
[1] 0.587

$o250_i.time
[1] 0.13

$o250_i.rmse
[1] 0.349554

$o500_i.ptime
[1] 1.512

$o500_i.time
[1] 0.142

$o500_i.rmse
[1] 0.2490026

$o25_d.ptime
[1] 0.592

$o25_d.time
[1] 0.511

$o25_d.rmse
[1] 0.4885227

$o50_d.ptime
[1] 0.13

$o50_d.time
[1] 0.645

$o50_d.rmse
[1] 0.4299325

$o100_d.ptime
[1] 0.049

$o100_d.time
[1] 1.562

$o100_d.rmse
[1] 0.339654

$o250_d.ptime
[1] 0.026

$o250_d.time
[1] 6.738

$o250_d.rmse
[1] 0.2336128

$o500_d.ptime
[1] 0.09

$o500_d.time
[1] 24.985

$o500_d.rmse
[1] 0.1634684

$c25_i.ptime
[1] 1.604

$c25_i.time
[1] 0.235

$c25_i.rmse
[1] 0.3428075

$c50_i.ptime
[1] 1.075

$c50_i.time
[1] 0.162

$c50_i.rmse
[1] 0.3053591

$c100_i.ptime
[1] 0.898

$c100_i.time
[1] 0.136

$c100_i.rmse
[1] 0.2367307

$c250_i.ptime
[1] 0.944

$c250_i.time
[1] 0.134

$c250_i.rmse
[1] 0.1935471

$c500_i.ptime
[1] 1.936

$c500_i.time
[1] 0.166

$c500_i.rmse
[1] 0.158799

$c25_d.ptime
[1] 1.806

$c25_d.time
[1] 0.846

$c25_d.rmse
[1] 0.2806941

$c50_d.ptime
[1] 1.112

$c50_d.time
[1] 1.061

$c50_d.rmse
[1] 0.2326619

$c100_d.ptime
[1] 0.595

$c100_d.time
[1] 2.112

$c100_d.rmse
[1] 0.1991789

$c250_d.ptime
[1] 0.346

$c250_d.time
[1] 7.021

$c250_d.rmse
[1] 0.1457287

$c500_d.ptime
[1] 0.321

$c500_d.time
[1] 24.731

$c500_d.rmse
[1] 0.1257841

$s25.ptime
[1] 0.276

$s25.time
[1] 0.001

$s25.rmse
[1] 0.7513634

$s50.ptime
[1] 0.407

$s50.time
[1] 0.002

$s50.rmse
[1] 0.6317281

$s100.ptime
[1] 0.654

$s100.time
[1] 0.003

$s100.rmse
[1] 0.5748301

$s250.ptime
[1] 1.346

$s250.time
[1] 0.007

$s250.rmse
[1] 0.3799013

$s500.ptime
[1] 1.772

$s500.time
[1] 0.015

$s500.rmse
[1] 0.26636

$s1000.ptime
[1] 3.17

$s1000.time
[1] 0.034

$s1000.rmse
[1] 0.1861494

$s2500.ptime
[1] 19.256

$s2500.time
[1] 0.075

$s2500.rmse
[1] 0.1139796

$s5000.ptime
[1] 137.635

$s5000.time
[1] 0.159

$s5000.rmse
[1] 0.07575564

        seed            p    full.time    full.rmse     l25.time     l25.rmse 
    2400.000       10.000        0.084        0.060        3.320        0.209 
    l50.time     l50.rmse    l100.time    l100.rmse    l250.time    l250.rmse 
       3.574        0.163        5.057        0.137       19.104        0.101 
   l500.time    l500.rmse  o25_i.ptime   o25_i.time   o25_i.rmse  o50_i.ptime 
      87.565        0.083        0.251        0.228        0.605        0.167 
  o50_i.time   o50_i.rmse o100_i.ptime  o100_i.time  o100_i.rmse o250_i.ptime 
       0.160        0.581        0.213        0.506        0.476        0.587 
 o250_i.time  o250_i.rmse o500_i.ptime  o500_i.time  o500_i.rmse  o25_d.ptime 
       0.130        0.350        1.512        0.142        0.249        0.592 
  o25_d.time   o25_d.rmse  o50_d.ptime   o50_d.time   o50_d.rmse o100_d.ptime 
       0.511        0.489        0.130        0.645        0.430        0.049 
 o100_d.time  o100_d.rmse o250_d.ptime  o250_d.time  o250_d.rmse o500_d.ptime 
       1.562        0.340        0.026        6.738        0.234        0.090 
 o500_d.time  o500_d.rmse  c25_i.ptime   c25_i.time   c25_i.rmse  c50_i.ptime 
      24.985        0.163        1.604        0.235        0.343        1.075 
  c50_i.time   c50_i.rmse c100_i.ptime  c100_i.time  c100_i.rmse c250_i.ptime 
       0.162        0.305        0.898        0.136        0.237        0.944 
 c250_i.time  c250_i.rmse c500_i.ptime  c500_i.time  c500_i.rmse  c25_d.ptime 
       0.134        0.194        1.936        0.166        0.159        1.806 
  c25_d.time   c25_d.rmse  c50_d.ptime   c50_d.time   c50_d.rmse c100_d.ptime 
       0.846        0.281        1.112        1.061        0.233        0.595 
 c100_d.time  c100_d.rmse c250_d.ptime  c250_d.time  c250_d.rmse c500_d.ptime 
       2.112        0.199        0.346        7.021        0.146        0.321 
 c500_d.time  c500_d.rmse    s25.ptime     s25.time     s25.rmse    s50.ptime 
      24.731        0.126        0.276        0.001        0.751        0.407 
    s50.time     s50.rmse   s100.ptime    s100.time    s100.rmse   s250.ptime 
       0.002        0.632        0.654        0.003        0.575        1.346 
   s250.time    s250.rmse   s500.ptime    s500.time    s500.rmse  s1000.ptime 
       0.007        0.380        1.772        0.015        0.266        3.170 
  s1000.time   s1000.rmse  s2500.ptime   s2500.time   s2500.rmse  s5000.ptime 
       0.034        0.186       19.256        0.075        0.114      137.635 
  s5000.time   s5000.rmse 
       0.159        0.076 
[1] 0.9533958
$full.time
[1] 0.066

$full.rmse
[1] 0.05784486

$full.time
[1] 0.066

$full.rmse
[1] 0.05784486

$l25.time
[1] 3.345

$l25.rmse
[1] 0.1929317

$l50.time
[1] 3.575

$l50.rmse
[1] 0.1619834

$l100.time
[1] 5.068

$l100.rmse
[1] 0.1265485

$l250.time
[1] 18.953

$l250.rmse
[1] 0.1001679

$l500.time
[1] 87.253

$l500.rmse
[1] 0.0848594

$o25_i.ptime
[1] 0.236

$o25_i.time
[1] 0.228

$o25_i.rmse
[1] 0.6033482

$o50_i.ptime
[1] 0.163

$o50_i.time
[1] 0.153

$o50_i.rmse
[1] 0.5149242

$o100_i.ptime
[1] 0.208

$o100_i.time
[1] 0.15

$o100_i.rmse
[1] 0.4490347

$o250_i.ptime
[1] 0.58

$o250_i.time
[1] 0.402

$o250_i.rmse
[1] 0.3391383

$o500_i.ptime
[1] 1.475

$o500_i.time
[1] 0.134

$o500_i.rmse
[1] 0.2544135

$o25_d.ptime
[1] 0.602

$o25_d.time
[1] 0.538

$o25_d.rmse
[1] 0.4676394

$o50_d.ptime
[1] 0.135

$o50_d.time
[1] 0.693

$o50_d.rmse
[1] 0.3992235

$o100_d.ptime
[1] 0.051

$o100_d.time
[1] 1.563

$o100_d.rmse
[1] 0.3325728

$o250_d.ptime
[1] 0.025

$o250_d.time
[1] 6.227

$o250_d.rmse
[1] 0.2279142

$o500_d.ptime
[1] 0.023

$o500_d.time
[1] 24.461

$o500_d.rmse
[1] 0.1713546

$c25_i.ptime
[1] 1.671

$c25_i.time
[1] 0.247

$c25_i.rmse
[1] 0.3568313

$c50_i.ptime
[1] 1.051

$c50_i.time
[1] 0.154

$c50_i.rmse
[1] 0.2933891

$c100_i.ptime
[1] 0.599

$c100_i.time
[1] 0.13

$c100_i.rmse
[1] 0.2453871

$c250_i.ptime
[1] 1.244

$c250_i.time
[1] 0.134

$c250_i.rmse
[1] 0.1825195

$c500_i.ptime
[1] 1.806

$c500_i.time
[1] 0.13

$c500_i.rmse
[1] 0.1572373

$c25_d.ptime
[1] 1.967

$c25_d.time
[1] 0.808

$c25_d.rmse
[1] 0.2766308

$c50_d.ptime
[1] 0.901

$c50_d.time
[1] 1.067

$c50_d.rmse
[1] 0.2296258

$c100_d.ptime
[1] 0.481

$c100_d.time
[1] 2.069

$c100_d.rmse
[1] 0.1847092

$c250_d.ptime
[1] 0.399

$c250_d.time
[1] 6.896

$c250_d.rmse
[1] 0.1340718

$c500_d.ptime
[1] 0.449

$c500_d.time
[1] 24.719

$c500_d.rmse
[1] 0.1177564

$s25.ptime
[1] 0.254

$s25.time
[1] 0

$s25.rmse
[1] 0.7015077

$s50.ptime
[1] 0.514

$s50.time
[1] 0.002

$s50.rmse
[1] 0.6052601

$s100.ptime
[1] 0.497

$s100.time
[1] 0.003

$s100.rmse
[1] 0.4894598

$s250.ptime
[1] 1.282

$s250.time
[1] 0.007

$s250.rmse
[1] 0.3366946

$s500.ptime
[1] 1.609

$s500.time
[1] 0.016

$s500.rmse
[1] 0.2735311

$s1000.ptime
[1] 2.953

$s1000.time
[1] 0.032

$s1000.rmse
[1] 0.1852869

$s2500.ptime
[1] 19.983

$s2500.time
[1] 0.078

$s2500.rmse
[1] 0.1062273

$s5000.ptime
[1] 157.919

$s5000.time
[1] 0.179

$s5000.rmse
[1] 0.07393869

        seed            p    full.time    full.rmse     l25.time     l25.rmse 
    2401.000       10.000        0.066        0.058        3.345        0.193 
    l50.time     l50.rmse    l100.time    l100.rmse    l250.time    l250.rmse 
       3.575        0.162        5.068        0.127       18.953        0.100 
   l500.time    l500.rmse  o25_i.ptime   o25_i.time   o25_i.rmse  o50_i.ptime 
      87.253        0.085        0.236        0.228        0.603        0.163 
  o50_i.time   o50_i.rmse o100_i.ptime  o100_i.time  o100_i.rmse o250_i.ptime 
       0.153        0.515        0.208        0.150        0.449        0.580 
 o250_i.time  o250_i.rmse o500_i.ptime  o500_i.time  o500_i.rmse  o25_d.ptime 
       0.402        0.339        1.475        0.134        0.254        0.602 
  o25_d.time   o25_d.rmse  o50_d.ptime   o50_d.time   o50_d.rmse o100_d.ptime 
       0.538        0.468        0.135        0.693        0.399        0.051 
 o100_d.time  o100_d.rmse o250_d.ptime  o250_d.time  o250_d.rmse o500_d.ptime 
       1.563        0.333        0.025        6.227        0.228        0.023 
 o500_d.time  o500_d.rmse  c25_i.ptime   c25_i.time   c25_i.rmse  c50_i.ptime 
      24.461        0.171        1.671        0.247        0.357        1.051 
  c50_i.time   c50_i.rmse c100_i.ptime  c100_i.time  c100_i.rmse c250_i.ptime 
       0.154        0.293        0.599        0.130        0.245        1.244 
 c250_i.time  c250_i.rmse c500_i.ptime  c500_i.time  c500_i.rmse  c25_d.ptime 
       0.134        0.183        1.806        0.130        0.157        1.967 
  c25_d.time   c25_d.rmse  c50_d.ptime   c50_d.time   c50_d.rmse c100_d.ptime 
       0.808        0.277        0.901        1.067        0.230        0.481 
 c100_d.time  c100_d.rmse c250_d.ptime  c250_d.time  c250_d.rmse c500_d.ptime 
       2.069        0.185        0.399        6.896        0.134        0.449 
 c500_d.time  c500_d.rmse    s25.ptime     s25.time     s25.rmse    s50.ptime 
      24.719        0.118        0.254        0.000        0.702        0.514 
    s50.time     s50.rmse   s100.ptime    s100.time    s100.rmse   s250.ptime 
       0.002        0.605        0.497        0.003        0.489        1.282 
   s250.time    s250.rmse   s500.ptime    s500.time    s500.rmse  s1000.ptime 
       0.007        0.337        1.609        0.016        0.274        2.953 
  s1000.time   s1000.rmse  s2500.ptime   s2500.time   s2500.rmse  s5000.ptime 
       0.032        0.185       19.983        0.078        0.106      157.919 
  s5000.time   s5000.rmse 
       0.179        0.074 
[1] 0.9465885
$full.time
[1] 0.069

$full.rmse
[1] 0.05667992

$full.time
[1] 0.069

$full.rmse
[1] 0.05667992

$l25.time
[1] 3.37

$l25.rmse
[1] 0.189621

$l50.time
[1] 3.563

$l50.rmse
[1] 0.1542452

$l100.time
[1] 4.932

$l100.rmse
[1] 0.1257696

$l250.time
[1] 20.129

$l250.rmse
[1] 0.09701869

$l500.time
[1] 83.277

$l500.rmse
[1] 0.08551114

$o25_i.ptime
[1] 0.227

$o25_i.time
[1] 0.211

$o25_i.rmse
[1] 0.5823408

$o50_i.ptime
[1] 0.167

$o50_i.time
[1] 0.161

$o50_i.rmse
[1] 0.5197553

$o100_i.ptime
[1] 0.199

$o100_i.time
[1] 0.13

$o100_i.rmse
[1] 0.442999

$o250_i.ptime
[1] 0.555

$o250_i.time
[1] 0.382

$o250_i.rmse
[1] 0.3328194

$o500_i.ptime
[1] 1.395

$o500_i.time
[1] 0.132

$o500_i.rmse
[1] 0.2571208

$o25_d.ptime
[1] 0.569

$o25_d.time
[1] 0.514

$o25_d.rmse
[1] 0.4646241

$o50_d.ptime
[1] 0.126

$o50_d.time
[1] 0.675

$o50_d.rmse
[1] 0.4021327

$o100_d.ptime
[1] 0.045

$o100_d.time
[1] 1.42

$o100_d.rmse
[1] 0.3170683

$o250_d.ptime
[1] 0.025

$o250_d.time
[1] 5.979

$o250_d.rmse
[1] 0.224449

$o500_d.ptime
[1] 0.023

$o500_d.time
[1] 23.046

$o500_d.rmse
[1] 0.1690259

$c25_i.ptime
[1] 1.494

$c25_i.time
[1] 0.23

$c25_i.rmse
[1] 0.3405243

$c50_i.ptime
[1] 0.973

$c50_i.time
[1] 0.159

$c50_i.rmse
[1] 0.2850301

$c100_i.ptime
[1] 0.983

$c100_i.time
[1] 0.137

$c100_i.rmse
[1] 0.2297768

$c250_i.ptime
[1] 1.009

$c250_i.time
[1] 0.142

$c250_i.rmse
[1] 0.1836614

$c500_i.ptime
[1] 1.785

$c500_i.time
[1] 0.144

$c500_i.rmse
[1] 0.1533894

$c25_d.ptime
[1] 1.862

$c25_d.time
[1] 0.86

$c25_d.rmse
[1] 0.2755244

$c50_d.ptime
[1] 0.831

$c50_d.time
[1] 0.971

$c50_d.rmse
[1] 0.2304604

$c100_d.ptime
[1] 0.59

$c100_d.time
[1] 1.91

$c100_d.rmse
[1] 0.1921631

$c250_d.ptime
[1] 0.447

$c250_d.time
[1] 6.503

$c250_d.rmse
[1] 0.144636

$c500_d.ptime
[1] 0.294

$c500_d.time
[1] 23.18

$c500_d.rmse
[1] 0.1171507

$s25.ptime
[1] 0.324

$s25.time
[1] 0.001

$s25.rmse
[1] 0.6576366

$s50.ptime
[1] 0.418

$s50.time
[1] 0.001

$s50.rmse
[1] 0.5788616

$s100.ptime
[1] 0.606

$s100.time
[1] 0.003

$s100.rmse
[1] 0.4503987

$s250.ptime
[1] 1.143

$s250.time
[1] 0.008

$s250.rmse
[1] 0.3551268

$s500.ptime
[1] 1.611

$s500.time
[1] 0.013

$s500.rmse
[1] 0.2606296

$s1000.ptime
[1] 2.724

$s1000.time
[1] 0.031

$s1000.rmse
[1] 0.1812097

$s2500.ptime
[1] 17.611

$s2500.time
[1] 0.067

$s2500.rmse
[1] 0.1114634

$s5000.ptime
[1] 138.363

$s5000.time
[1] 0.162

$s5000.rmse
[1] 0.07486952

        seed            p    full.time    full.rmse     l25.time     l25.rmse 
    2402.000       10.000        0.069        0.057        3.370        0.190 
    l50.time     l50.rmse    l100.time    l100.rmse    l250.time    l250.rmse 
       3.563        0.154        4.932        0.126       20.129        0.097 
   l500.time    l500.rmse  o25_i.ptime   o25_i.time   o25_i.rmse  o50_i.ptime 
      83.277        0.086        0.227        0.211        0.582        0.167 
  o50_i.time   o50_i.rmse o100_i.ptime  o100_i.time  o100_i.rmse o250_i.ptime 
       0.161        0.520        0.199        0.130        0.443        0.555 
 o250_i.time  o250_i.rmse o500_i.ptime  o500_i.time  o500_i.rmse  o25_d.ptime 
       0.382        0.333        1.395        0.132        0.257        0.569 
  o25_d.time   o25_d.rmse  o50_d.ptime   o50_d.time   o50_d.rmse o100_d.ptime 
       0.514        0.465        0.126        0.675        0.402        0.045 
 o100_d.time  o100_d.rmse o250_d.ptime  o250_d.time  o250_d.rmse o500_d.ptime 
       1.420        0.317        0.025        5.979        0.224        0.023 
 o500_d.time  o500_d.rmse  c25_i.ptime   c25_i.time   c25_i.rmse  c50_i.ptime 
      23.046        0.169        1.494        0.230        0.341        0.973 
  c50_i.time   c50_i.rmse c100_i.ptime  c100_i.time  c100_i.rmse c250_i.ptime 
       0.159        0.285        0.983        0.137        0.230        1.009 
 c250_i.time  c250_i.rmse c500_i.ptime  c500_i.time  c500_i.rmse  c25_d.ptime 
       0.142        0.184        1.785        0.144        0.153        1.862 
  c25_d.time   c25_d.rmse  c50_d.ptime   c50_d.time   c50_d.rmse c100_d.ptime 
       0.860        0.276        0.831        0.971        0.230        0.590 
 c100_d.time  c100_d.rmse c250_d.ptime  c250_d.time  c250_d.rmse c500_d.ptime 
       1.910        0.192        0.447        6.503        0.145        0.294 
 c500_d.time  c500_d.rmse    s25.ptime     s25.time     s25.rmse    s50.ptime 
      23.180        0.117        0.324        0.001        0.658        0.418 
    s50.time     s50.rmse   s100.ptime    s100.time    s100.rmse   s250.ptime 
       0.001        0.579        0.606        0.003        0.450        1.143 
   s250.time    s250.rmse   s500.ptime    s500.time    s500.rmse  s1000.ptime 
       0.008        0.355        1.611        0.013        0.261        2.724 
  s1000.time   s1000.rmse  s2500.ptime   s2500.time   s2500.rmse  s5000.ptime 
       0.031        0.181       17.611        0.067        0.111      138.363 
  s5000.time   s5000.rmse 
       0.162        0.075 
[1] 0.8719133
$full.time
[1] 0.065

$full.rmse
[1] 0.05912372

$full.time
[1] 0.065

$full.rmse
[1] 0.05912372

$l25.time
[1] 3.172

$l25.rmse
[1] 0.2044887

$l50.time
[1] 3.435

$l50.rmse
[1] 0.1647912

$l100.time
[1] 4.944

$l100.rmse
[1] 0.1240897

$l250.time
[1] 18.469

$l250.rmse
[1] 0.1008744

$l500.time
[1] 83.037

$l500.rmse
[1] 0.08866869

$o25_i.ptime
[1] 0.238

$o25_i.time
[1] 0.211

$o25_i.rmse
[1] 0.6028329

$o50_i.ptime
[1] 0.15

$o50_i.time
[1] 0.384

$o50_i.rmse
[1] 0.5357107

$o100_i.ptime
[1] 0.196

$o100_i.time
[1] 0.12

$o100_i.rmse
[1] 0.4525718

$o250_i.ptime
[1] 0.535

$o250_i.time
[1] 0.126

$o250_i.rmse
[1] 0.3383072

$o500_i.ptime
[1] 1.38

$o500_i.time
[1] 0.131

$o500_i.rmse
[1] 0.2601245

$o25_d.ptime
[1] 0.566

$o25_d.time
[1] 0.504

$o25_d.rmse
[1] 0.4852744

$o50_d.ptime
[1] 0.12

$o50_d.time
[1] 0.649

$o50_d.rmse
[1] 0.4155146

$o100_d.ptime
[1] 0.056

$o100_d.time
[1] 1.449

$o100_d.rmse
[1] 0.3500388

$o250_d.ptime
[1] 0.025

$o250_d.time
[1] 5.975

$o250_d.rmse
[1] 0.2347647

$o500_d.ptime
[1] 0.023

$o500_d.time
[1] 22.719

$o500_d.rmse
[1] 0.1712566

$c25_i.ptime
[1] 1.296

$c25_i.time
[1] 0.235

$c25_i.rmse
[1] 0.365416

$c50_i.ptime
[1] 0.833

$c50_i.time
[1] 0.158

$c50_i.rmse
[1] 0.2898355

$c100_i.ptime
[1] 1.065

$c100_i.time
[1] 0.148

$c100_i.rmse
[1] 0.2457068

$c250_i.ptime
[1] 0.829

$c250_i.time
[1] 0.144

$c250_i.rmse
[1] 0.1835986

$c500_i.ptime
[1] 1.705

$c500_i.time
[1] 0.146

$c500_i.rmse
[1] 0.158232

$c25_d.ptime
[1] 1.803

$c25_d.time
[1] 0.859

$c25_d.rmse
[1] 0.2782826

$c50_d.ptime
[1] 0.878

$c50_d.time
[1] 1.014

$c50_d.rmse
[1] 0.2424786

$c100_d.ptime
[1] 0.601

$c100_d.time
[1] 2.003

$c100_d.rmse
[1] 0.1940497

$c250_d.ptime
[1] 0.386

$c250_d.time
[1] 6.484

$c250_d.rmse
[1] 0.1453122

$c500_d.ptime
[1] 0.367

$c500_d.time
[1] 22.911

$c500_d.rmse
[1] 0.1198748

$s25.ptime
[1] 0.298

$s25.time
[1] 0.001

$s25.rmse
[1] 0.6822454

$s50.ptime
[1] 0.512

$s50.time
[1] 0.002

$s50.rmse
[1] 0.5929214

$s100.ptime
[1] 0.797

$s100.time
[1] 0.002

$s100.rmse
[1] 0.5070326

$s250.ptime
[1] 1.148

$s250.time
[1] 0.007

$s250.rmse
[1] 0.3511886

$s500.ptime
[1] 1.684

$s500.time
[1] 0.013

$s500.rmse
[1] 0.2768345

$s1000.ptime
[1] 2.671

$s1000.time
[1] 0.029

$s1000.rmse
[1] 0.1804614

$s2500.ptime
[1] 17.888

$s2500.time
[1] 0.072

$s2500.rmse
[1] 0.1083711

$s5000.ptime
[1] 118.944

$s5000.time
[1] 0.138

$s5000.rmse
[1] 0.07592288

        seed            p    full.time    full.rmse     l25.time     l25.rmse 
    2403.000       10.000        0.065        0.059        3.172        0.204 
    l50.time     l50.rmse    l100.time    l100.rmse    l250.time    l250.rmse 
       3.435        0.165        4.944        0.124       18.469        0.101 
   l500.time    l500.rmse  o25_i.ptime   o25_i.time   o25_i.rmse  o50_i.ptime 
      83.037        0.089        0.238        0.211        0.603        0.150 
  o50_i.time   o50_i.rmse o100_i.ptime  o100_i.time  o100_i.rmse o250_i.ptime 
       0.384        0.536        0.196        0.120        0.453        0.535 
 o250_i.time  o250_i.rmse o500_i.ptime  o500_i.time  o500_i.rmse  o25_d.ptime 
       0.126        0.338        1.380        0.131        0.260        0.566 
  o25_d.time   o25_d.rmse  o50_d.ptime   o50_d.time   o50_d.rmse o100_d.ptime 
       0.504        0.485        0.120        0.649        0.416        0.056 
 o100_d.time  o100_d.rmse o250_d.ptime  o250_d.time  o250_d.rmse o500_d.ptime 
       1.449        0.350        0.025        5.975        0.235        0.023 
 o500_d.time  o500_d.rmse  c25_i.ptime   c25_i.time   c25_i.rmse  c50_i.ptime 
      22.719        0.171        1.296        0.235        0.365        0.833 
  c50_i.time   c50_i.rmse c100_i.ptime  c100_i.time  c100_i.rmse c250_i.ptime 
       0.158        0.290        1.065        0.148        0.246        0.829 
 c250_i.time  c250_i.rmse c500_i.ptime  c500_i.time  c500_i.rmse  c25_d.ptime 
       0.144        0.184        1.705        0.146        0.158        1.803 
  c25_d.time   c25_d.rmse  c50_d.ptime   c50_d.time   c50_d.rmse c100_d.ptime 
       0.859        0.278        0.878        1.014        0.242        0.601 
 c100_d.time  c100_d.rmse c250_d.ptime  c250_d.time  c250_d.rmse c500_d.ptime 
       2.003        0.194        0.386        6.484        0.145        0.367 
 c500_d.time  c500_d.rmse    s25.ptime     s25.time     s25.rmse    s50.ptime 
      22.911        0.120        0.298        0.001        0.682        0.512 
    s50.time     s50.rmse   s100.ptime    s100.time    s100.rmse   s250.ptime 
       0.002        0.593        0.797        0.002        0.507        1.148 
   s250.time    s250.rmse   s500.ptime    s500.time    s500.rmse  s1000.ptime 
       0.007        0.351        1.684        0.013        0.277        2.671 
  s1000.time   s1000.rmse  s2500.ptime   s2500.time   s2500.rmse  s5000.ptime 
       0.029        0.180       17.888        0.072        0.108      118.944 
  s5000.time   s5000.rmse 
       0.138        0.076 
  seed  p full.time  full.rmse l25.time  l25.rmse l50.time  l50.rmse l100.time
1 2399 10     0.083 0.05771337    3.339 0.1962153    3.456 0.1672523     4.641
2 2400 10     0.084 0.06005985    3.320 0.2088502    3.574 0.1634454     5.057
3 2401 10     0.066 0.05784486    3.345 0.1929317    3.575 0.1619834     5.068
4 2402 10     0.069 0.05667992    3.370 0.1896210    3.563 0.1542452     4.932
5 2403 10     0.065 0.05912372    3.172 0.2044887    3.435 0.1647912     4.944
  l100.rmse l250.time  l250.rmse l500.time  l500.rmse o25_i.ptime o25_i.time
1 0.1295896    18.517 0.10016757    86.705 0.08389240       0.226      0.240
2 0.1367108    19.104 0.10089942    87.565 0.08344973       0.251      0.228
3 0.1265485    18.953 0.10016789    87.253 0.08485940       0.236      0.228
4 0.1257696    20.129 0.09701869    83.277 0.08551114       0.227      0.211
5 0.1240897    18.469 0.10087439    83.037 0.08866869       0.238      0.211
  o25_i.rmse o50_i.ptime o50_i.time o50_i.rmse o100_i.ptime o100_i.time
1  0.6005244       0.435      0.144  0.5262160        0.200       0.121
2  0.6049850       0.167      0.160  0.5810650        0.213       0.506
3  0.6033482       0.163      0.153  0.5149242        0.208       0.150
4  0.5823408       0.167      0.161  0.5197553        0.199       0.130
5  0.6028329       0.150      0.384  0.5357107        0.196       0.120
  o100_i.rmse o250_i.ptime o250_i.time o250_i.rmse o500_i.ptime o500_i.time
1   0.4228747        0.586       0.137   0.3238591        1.507       0.141
2   0.4757339        0.587       0.130   0.3495540        1.512       0.142
3   0.4490347        0.580       0.402   0.3391383        1.475       0.134
4   0.4429990        0.555       0.382   0.3328194        1.395       0.132
5   0.4525718        0.535       0.126   0.3383072        1.380       0.131
  o500_i.rmse o25_d.ptime o25_d.time o25_d.rmse o50_d.ptime o50_d.time
1   0.2530248       0.592      0.524  0.4912577       0.130      0.652
2   0.2490026       0.592      0.511  0.4885227       0.130      0.645
3   0.2544135       0.602      0.538  0.4676394       0.135      0.693
4   0.2571208       0.569      0.514  0.4646241       0.126      0.675
5   0.2601245       0.566      0.504  0.4852744       0.120      0.649
  o50_d.rmse o100_d.ptime o100_d.time o100_d.rmse o250_d.ptime o250_d.time
1  0.3935223        0.051       1.612   0.3150327        0.027       6.121
2  0.4299325        0.049       1.562   0.3396540        0.026       6.738
3  0.3992235        0.051       1.563   0.3325728        0.025       6.227
4  0.4021327        0.045       1.420   0.3170683        0.025       5.979
5  0.4155146        0.056       1.449   0.3500388        0.025       5.975
  o250_d.rmse o500_d.ptime o500_d.time o500_d.rmse c25_i.ptime c25_i.time
1   0.2293108        0.026      24.356   0.1671941       1.659      0.254
2   0.2336128        0.090      24.985   0.1634684       1.604      0.235
3   0.2279142        0.023      24.461   0.1713546       1.671      0.247
4   0.2244490        0.023      23.046   0.1690259       1.494      0.230
5   0.2347647        0.023      22.719   0.1712566       1.296      0.235
  c25_i.rmse c50_i.ptime c50_i.time c50_i.rmse c100_i.ptime c100_i.time
1  0.3460138       0.936      0.159  0.2849722        0.797       0.132
2  0.3428075       1.075      0.162  0.3053591        0.898       0.136
3  0.3568313       1.051      0.154  0.2933891        0.599       0.130
4  0.3405243       0.973      0.159  0.2850301        0.983       0.137
5  0.3654160       0.833      0.158  0.2898355        1.065       0.148
  c100_i.rmse c250_i.ptime c250_i.time c250_i.rmse c500_i.ptime c500_i.time
1   0.2318884        1.009       0.121   0.1874013        1.899       0.144
2   0.2367307        0.944       0.134   0.1935471        1.936       0.166
3   0.2453871        1.244       0.134   0.1825195        1.806       0.130
4   0.2297768        1.009       0.142   0.1836614        1.785       0.144
5   0.2457068        0.829       0.144   0.1835986        1.705       0.146
  c500_i.rmse c25_d.ptime c25_d.time c25_d.rmse c50_d.ptime c50_d.time
1   0.1521199       1.806      0.874  0.2850204       1.069      1.041
2   0.1587990       1.806      0.846  0.2806941       1.112      1.061
3   0.1572373       1.967      0.808  0.2766308       0.901      1.067
4   0.1533894       1.862      0.860  0.2755244       0.831      0.971
5   0.1582320       1.803      0.859  0.2782826       0.878      1.014
  c50_d.rmse c100_d.ptime c100_d.time c100_d.rmse c250_d.ptime c250_d.time
1  0.2226501        0.558       2.053   0.1796345        0.578       7.051
2  0.2326619        0.595       2.112   0.1991789        0.346       7.021
3  0.2296258        0.481       2.069   0.1847092        0.399       6.896
4  0.2304604        0.590       1.910   0.1921631        0.447       6.503
5  0.2424786        0.601       2.003   0.1940497        0.386       6.484
  c250_d.rmse c500_d.ptime c500_d.time c500_d.rmse s25.ptime s25.time  s25.rmse
1   0.1536459        0.469      25.459   0.1273419     0.269    0.001 0.6831024
2   0.1457287        0.321      24.731   0.1257841     0.276    0.001 0.7513634
3   0.1340718        0.449      24.719   0.1177564     0.254    0.000 0.7015077
4   0.1446360        0.294      23.180   0.1171507     0.324    0.001 0.6576366
5   0.1453122        0.367      22.911   0.1198748     0.298    0.001 0.6822454
  s50.ptime s50.time  s50.rmse s100.ptime s100.time s100.rmse s250.ptime
1     0.477    0.002 0.5885427      0.606     0.003 0.4855476      1.226
2     0.407    0.002 0.6317281      0.654     0.003 0.5748301      1.346
3     0.514    0.002 0.6052601      0.497     0.003 0.4894598      1.282
4     0.418    0.001 0.5788616      0.606     0.003 0.4503987      1.143
5     0.512    0.002 0.5929214      0.797     0.002 0.5070326      1.148
  s250.time s250.rmse s500.ptime s500.time s500.rmse s1000.ptime s1000.time
1     0.008 0.3724708      1.511     0.015 0.2660792       3.207      0.032
2     0.007 0.3799013      1.772     0.015 0.2663600       3.170      0.034
3     0.007 0.3366946      1.609     0.016 0.2735311       2.953      0.032
4     0.008 0.3551268      1.611     0.013 0.2606296       2.724      0.031
5     0.007 0.3511886      1.684     0.013 0.2768345       2.671      0.029
  s1000.rmse s2500.ptime s2500.time s2500.rmse s5000.ptime s5000.time
1  0.1826029      19.766      0.090  0.1117291     131.089      0.167
2  0.1861494      19.256      0.075  0.1139796     137.635      0.159
3  0.1852869      19.983      0.078  0.1062273     157.919      0.179
4  0.1812097      17.611      0.067  0.1114634     138.363      0.162
5  0.1804614      17.888      0.072  0.1083711     118.944      0.138
  s5000.rmse
1 0.07469953
2 0.07575564
3 0.07393869
4 0.07486952
5 0.07592288
> 
> proc.time()
    user   system  elapsed 
3200.701   47.516 3293.920 
