
R version 3.0.3 (2014-03-06) -- "Warm Puppy"
Copyright (C) 2014 The R Foundation for Statistical Computing
Platform: x86_64-unknown-linux-gnu (64-bit)

R is free software and comes with ABSOLUTELY NO WARRANTY.
You are welcome to redistribute it under certain conditions.
Type 'license()' or 'licence()' for distribution details.

  Natural language support but running in an English locale

R is a collaborative project with many contributors.
Type 'contributors()' for more information and
'citation()' on how to cite R or R packages in publications.

Type 'demo()' for some demos, 'help()' for on-line help, or
'help.start()' for an HTML browser interface to help.
Type 'q()' to quit R.

> print(.libPaths())
[1] "/usr/local/r-3.0.3/lib64/R/library"
> .libPaths("/mnt/home/rjparker/Rlib")
> print(.libPaths())
[1] "/mnt/home/rjparker/Rlib"            "/usr/local/r-3.0.3/lib64/R/library"
> setwd("/mnt/home/rjparker/git/block_int")
> 
> which_exp <- 5
> which_part <- 8
> source("R/sim_nblocks_pred.R")
Loading required package: spam
Loading required package: grid
Spam version 0.41-0 (2014-02-26) is loaded.
Type 'help( Spam)' or 'demo( spam)' for a short introduction 
and overview of this package.
Help for individual functions is also obtained by adding the
suffix '.spam' to the function name, e.g. 'help( chol.spam)'.

Attaching package: ‘spam’

The following objects are masked from ‘package:base’:

    backsolve, forwardsolve

Loading required package: maps
  pred  p   b tau Nper_p Npred Fzero sigma2
5 TRUE 10 1.5  10  10000  1000     0      1
[1] 0.8414994
$full.time
[1] 0.1

$full.rmse
[1] 0.05792486

$full.time
[1] 0.1

$full.rmse
[1] 0.05792486

$l25.time
[1] 4.633

$l25.rmse
[1] 0.2012219

$l50.time
[1] 4.66

$l50.rmse
[1] 0.1688639

$l100.time
[1] 5.907

$l100.rmse
[1] 0.1316841

$l250.time
[1] 22.066

$l250.rmse
[1] 0.1001876

$l500.time
[1] 104.285

$l500.rmse
[1] 0.0864659

$o25_i.ptime
[1] 0.281

$o25_i.time
[1] 0.258

$o25_i.rmse
[1] 0.616304

$o50_i.ptime
[1] 0.554

$o50_i.time
[1] 0.173

$o50_i.rmse
[1] 0.5291288

$o100_i.ptime
[1] 0.237

$o100_i.time
[1] 0.143

$o100_i.rmse
[1] 0.4587022

$o250_i.ptime
[1] 0.652

$o250_i.time
[1] 0.153

$o250_i.rmse
[1] 0.3313938

$o500_i.ptime
[1] 1.755

$o500_i.time
[1] 0.172

$o500_i.rmse
[1] 0.2680469

$o25_d.ptime
[1] 0.612

$o25_d.time
[1] 0.628

$o25_d.rmse
[1] 0.4823978

$o50_d.ptime
[1] 0.139

$o50_d.time
[1] 0.777

$o50_d.rmse
[1] 0.4069389

$o100_d.ptime
[1] 0.054

$o100_d.time
[1] 1.738

$o100_d.rmse
[1] 0.333813

$o250_d.ptime
[1] 0.032

$o250_d.time
[1] 7.678

$o250_d.rmse
[1] 0.2424474

$o500_d.ptime
[1] 0.029

$o500_d.time
[1] 30.613

$o500_d.rmse
[1] 0.1774215

$c25_i.ptime
[1] 1.622

$c25_i.time
[1] 0.274

$c25_i.rmse
[1] 0.3583617

$c50_i.ptime
[1] 1.255

$c50_i.time
[1] 0.206

$c50_i.rmse
[1] 0.295375

$c100_i.ptime
[1] 0.77

$c100_i.time
[1] 0.16

$c100_i.rmse
[1] 0.2414093

$c250_i.ptime
[1] 1.074

$c250_i.time
[1] 0.165

$c250_i.rmse
[1] 0.1923076

$c500_i.ptime
[1] 2.138

$c500_i.time
[1] 0.193

$c500_i.rmse
[1] 0.160494

$c25_d.ptime
[1] 1.937

$c25_d.time
[1] 1.021

$c25_d.rmse
[1] 0.2863807

$c50_d.ptime
[1] 0.909

$c50_d.time
[1] 1.202

$c50_d.rmse
[1] 0.2389341

$c100_d.ptime
[1] 0.776

$c100_d.time
[1] 2.376

$c100_d.rmse
[1] 0.1942797

$c250_d.ptime
[1] 0.431

$c250_d.time
[1] 8.274

$c250_d.rmse
[1] 0.1531084

$c500_d.ptime
[1] 0.423

$c500_d.time
[1] 32.523

$c500_d.rmse
[1] 0.1258725

$s25.ptime
[1] 0.382

$s25.time
[1] 0.001

$s25.rmse
[1] 0.6846706

$s50.ptime
[1] 0.613

$s50.time
[1] 0.002

$s50.rmse
[1] 0.5753367

$s100.ptime
[1] 0.773

$s100.time
[1] 0.003

$s100.rmse
[1] 0.5434806

$s250.ptime
[1] 1.098

$s250.time
[1] 0.008

$s250.rmse
[1] 0.3863414

$s500.ptime
[1] 1.865

$s500.time
[1] 0.017

$s500.rmse
[1] 0.2855271

$s1000.ptime
[1] 3.065

$s1000.time
[1] 0.036

$s1000.rmse
[1] 0.1912998

$s2500.ptime
[1] 17.785

$s2500.time
[1] 0.106

$s2500.rmse
[1] 0.1227957

$s5000.ptime
[1] 160.451

$s5000.time
[1] 0.19

$s5000.rmse
[1] 0.07945206

        seed            p    full.time    full.rmse     l25.time     l25.rmse 
    2419.000       10.000        0.100        0.058        4.633        0.201 
    l50.time     l50.rmse    l100.time    l100.rmse    l250.time    l250.rmse 
       4.660        0.169        5.907        0.132       22.066        0.100 
   l500.time    l500.rmse  o25_i.ptime   o25_i.time   o25_i.rmse  o50_i.ptime 
     104.285        0.086        0.281        0.258        0.616        0.554 
  o50_i.time   o50_i.rmse o100_i.ptime  o100_i.time  o100_i.rmse o250_i.ptime 
       0.173        0.529        0.237        0.143        0.459        0.652 
 o250_i.time  o250_i.rmse o500_i.ptime  o500_i.time  o500_i.rmse  o25_d.ptime 
       0.153        0.331        1.755        0.172        0.268        0.612 
  o25_d.time   o25_d.rmse  o50_d.ptime   o50_d.time   o50_d.rmse o100_d.ptime 
       0.628        0.482        0.139        0.777        0.407        0.054 
 o100_d.time  o100_d.rmse o250_d.ptime  o250_d.time  o250_d.rmse o500_d.ptime 
       1.738        0.334        0.032        7.678        0.242        0.029 
 o500_d.time  o500_d.rmse  c25_i.ptime   c25_i.time   c25_i.rmse  c50_i.ptime 
      30.613        0.177        1.622        0.274        0.358        1.255 
  c50_i.time   c50_i.rmse c100_i.ptime  c100_i.time  c100_i.rmse c250_i.ptime 
       0.206        0.295        0.770        0.160        0.241        1.074 
 c250_i.time  c250_i.rmse c500_i.ptime  c500_i.time  c500_i.rmse  c25_d.ptime 
       0.165        0.192        2.138        0.193        0.160        1.937 
  c25_d.time   c25_d.rmse  c50_d.ptime   c50_d.time   c50_d.rmse c100_d.ptime 
       1.021        0.286        0.909        1.202        0.239        0.776 
 c100_d.time  c100_d.rmse c250_d.ptime  c250_d.time  c250_d.rmse c500_d.ptime 
       2.376        0.194        0.431        8.274        0.153        0.423 
 c500_d.time  c500_d.rmse    s25.ptime     s25.time     s25.rmse    s50.ptime 
      32.523        0.126        0.382        0.001        0.685        0.613 
    s50.time     s50.rmse   s100.ptime    s100.time    s100.rmse   s250.ptime 
       0.002        0.575        0.773        0.003        0.543        1.098 
   s250.time    s250.rmse   s500.ptime    s500.time    s500.rmse  s1000.ptime 
       0.008        0.386        1.865        0.017        0.286        3.065 
  s1000.time   s1000.rmse  s2500.ptime   s2500.time   s2500.rmse  s5000.ptime 
       0.036        0.191       17.785        0.106        0.123      160.451 
  s5000.time   s5000.rmse 
       0.190        0.079 
[1] 0.8203017
$full.time
[1] 0.078

$full.rmse
[1] 0.06140529

$full.time
[1] 0.078

$full.rmse
[1] 0.06140529

$l25.time
[1] 3.931

$l25.rmse
[1] 0.1874815

$l50.time
[1] 4.254

$l50.rmse
[1] 0.1516304

$l100.time
[1] 5.596

$l100.rmse
[1] 0.1196688

$l250.time
[1] 20.631

$l250.rmse
[1] 0.09484631

$l500.time
[1] 98.277

$l500.rmse
[1] 0.08270663

$o25_i.ptime
[1] 0.27

$o25_i.time
[1] 0.249

$o25_i.rmse
[1] 0.566617

$o50_i.ptime
[1] 0.206

$o50_i.time
[1] 0.218

$o50_i.rmse
[1] 0.5079461

$o100_i.ptime
[1] 0.235

$o100_i.time
[1] 0.495

$o100_i.rmse
[1] 0.4391014

$o250_i.ptime
[1] 0.617

$o250_i.time
[1] 0.139

$o250_i.rmse
[1] 0.3131219

$o500_i.ptime
[1] 1.7

$o500_i.time
[1] 0.146

$o500_i.rmse
[1] 0.2395454

$o25_d.ptime
[1] 0.577

$o25_d.time
[1] 0.591

$o25_d.rmse
[1] 0.4604738

$o50_d.ptime
[1] 0.13

$o50_d.time
[1] 0.697

$o50_d.rmse
[1] 0.3899583

$o100_d.ptime
[1] 0.059

$o100_d.time
[1] 1.738

$o100_d.rmse
[1] 0.3141942

$o250_d.ptime
[1] 0.028

$o250_d.time
[1] 6.784

$o250_d.rmse
[1] 0.2240845

$o500_d.ptime
[1] 0.029

$o500_d.time
[1] 27.757

$o500_d.rmse
[1] 0.1599884

$c25_i.ptime
[1] 1.581

$c25_i.time
[1] 0.273

$c25_i.rmse
[1] 0.3253922

$c50_i.ptime
[1] 0.981

$c50_i.time
[1] 0.202

$c50_i.rmse
[1] 0.2725378

$c100_i.ptime
[1] 0.935

$c100_i.time
[1] 0.17

$c100_i.rmse
[1] 0.2287116

$c250_i.ptime
[1] 0.946

$c250_i.time
[1] 0.157

$c250_i.rmse
[1] 0.1837109

$c500_i.ptime
[1] 2.09

$c500_i.time
[1] 0.171

$c500_i.rmse
[1] 0.1543711

$c25_d.ptime
[1] 1.802

$c25_d.time
[1] 0.977

$c25_d.rmse
[1] 0.2630105

$c50_d.ptime
[1] 1.083

$c50_d.time
[1] 1.118

$c50_d.rmse
[1] 0.2129825

$c100_d.ptime
[1] 0.51

$c100_d.time
[1] 2.139

$c100_d.rmse
[1] 0.1862793

$c250_d.ptime
[1] 0.571

$c250_d.time
[1] 7.685

$c250_d.rmse
[1] 0.1372161

$c500_d.ptime
[1] 0.456

$c500_d.time
[1] 29.799

$c500_d.rmse
[1] 0.120081

$s25.ptime
[1] 0.333

$s25.time
[1] 0.001

$s25.rmse
[1] 0.6412117

$s50.ptime
[1] 0.365

$s50.time
[1] 0.002

$s50.rmse
[1] 0.5698097

$s100.ptime
[1] 0.549

$s100.time
[1] 0.004

$s100.rmse
[1] 0.4624464

$s250.ptime
[1] 1.212

$s250.time
[1] 0.009

$s250.rmse
[1] 0.3352388

$s500.ptime
[1] 1.57

$s500.time
[1] 0.017

$s500.rmse
[1] 0.2423497

$s1000.ptime
[1] 3.043

$s1000.time
[1] 0.038

$s1000.rmse
[1] 0.1760622

$s2500.ptime
[1] 16.492

$s2500.time
[1] 0.096

$s2500.rmse
[1] 0.1083028

$s5000.ptime
[1] 147.883

$s5000.time
[1] 0.184

$s5000.rmse
[1] 0.07974831

        seed            p    full.time    full.rmse     l25.time     l25.rmse 
    2420.000       10.000        0.078        0.061        3.931        0.187 
    l50.time     l50.rmse    l100.time    l100.rmse    l250.time    l250.rmse 
       4.254        0.152        5.596        0.120       20.631        0.095 
   l500.time    l500.rmse  o25_i.ptime   o25_i.time   o25_i.rmse  o50_i.ptime 
      98.277        0.083        0.270        0.249        0.567        0.206 
  o50_i.time   o50_i.rmse o100_i.ptime  o100_i.time  o100_i.rmse o250_i.ptime 
       0.218        0.508        0.235        0.495        0.439        0.617 
 o250_i.time  o250_i.rmse o500_i.ptime  o500_i.time  o500_i.rmse  o25_d.ptime 
       0.139        0.313        1.700        0.146        0.240        0.577 
  o25_d.time   o25_d.rmse  o50_d.ptime   o50_d.time   o50_d.rmse o100_d.ptime 
       0.591        0.460        0.130        0.697        0.390        0.059 
 o100_d.time  o100_d.rmse o250_d.ptime  o250_d.time  o250_d.rmse o500_d.ptime 
       1.738        0.314        0.028        6.784        0.224        0.029 
 o500_d.time  o500_d.rmse  c25_i.ptime   c25_i.time   c25_i.rmse  c50_i.ptime 
      27.757        0.160        1.581        0.273        0.325        0.981 
  c50_i.time   c50_i.rmse c100_i.ptime  c100_i.time  c100_i.rmse c250_i.ptime 
       0.202        0.273        0.935        0.170        0.229        0.946 
 c250_i.time  c250_i.rmse c500_i.ptime  c500_i.time  c500_i.rmse  c25_d.ptime 
       0.157        0.184        2.090        0.171        0.154        1.802 
  c25_d.time   c25_d.rmse  c50_d.ptime   c50_d.time   c50_d.rmse c100_d.ptime 
       0.977        0.263        1.083        1.118        0.213        0.510 
 c100_d.time  c100_d.rmse c250_d.ptime  c250_d.time  c250_d.rmse c500_d.ptime 
       2.139        0.186        0.571        7.685        0.137        0.456 
 c500_d.time  c500_d.rmse    s25.ptime     s25.time     s25.rmse    s50.ptime 
      29.799        0.120        0.333        0.001        0.641        0.365 
    s50.time     s50.rmse   s100.ptime    s100.time    s100.rmse   s250.ptime 
       0.002        0.570        0.549        0.004        0.462        1.212 
   s250.time    s250.rmse   s500.ptime    s500.time    s500.rmse  s1000.ptime 
       0.009        0.335        1.570        0.017        0.242        3.043 
  s1000.time   s1000.rmse  s2500.ptime   s2500.time   s2500.rmse  s5000.ptime 
       0.038        0.176       16.492        0.096        0.108      147.883 
  s5000.time   s5000.rmse 
       0.184        0.080 
[1] 0.9088209
$full.time
[1] 0.073

$full.rmse
[1] 0.06152102

$full.time
[1] 0.073

$full.rmse
[1] 0.06152102

$l25.time
[1] 3.929

$l25.rmse
[1] 0.1967819

$l50.time
[1] 4.155

$l50.rmse
[1] 0.1635714

$l100.time
[1] 5.679

$l100.rmse
[1] 0.1270625

$l250.time
[1] 20.047

$l250.rmse
[1] 0.09798533

$l500.time
[1] 97.785

$l500.rmse
[1] 0.08530495

$o25_i.ptime
[1] 0.275

$o25_i.time
[1] 0.289

$o25_i.rmse
[1] 0.6155142

$o50_i.ptime
[1] 0.188

$o50_i.time
[1] 0.191

$o50_i.rmse
[1] 0.5511108

$o100_i.ptime
[1] 0.25

$o100_i.time
[1] 0.152

$o100_i.rmse
[1] 0.4657238

$o250_i.ptime
[1] 0.653

$o250_i.time
[1] 0.425

$o250_i.rmse
[1] 0.3381121

$o500_i.ptime
[1] 1.782

$o500_i.time
[1] 0.171

$o500_i.rmse
[1] 0.242029

$o25_d.ptime
[1] 0.613

$o25_d.time
[1] 0.651

$o25_d.rmse
[1] 0.5039246

$o50_d.ptime
[1] 0.139

$o50_d.time
[1] 0.86

$o50_d.rmse
[1] 0.4207032

$o100_d.ptime
[1] 0.072

$o100_d.time
[1] 1.686

$o100_d.rmse
[1] 0.3326018

$o250_d.ptime
[1] 0.033

$o250_d.time
[1] 7.275

$o250_d.rmse
[1] 0.2349967

$o500_d.ptime
[1] 0.031

$o500_d.time
[1] 29.827

$o500_d.rmse
[1] 0.1634827

$c25_i.ptime
[1] 1.485

$c25_i.time
[1] 0.296

$c25_i.rmse
[1] 0.3576492

$c50_i.ptime
[1] 0.89

$c50_i.time
[1] 0.181

$c50_i.rmse
[1] 0.3074963

$c100_i.ptime
[1] 0.719

$c100_i.time
[1] 0.171

$c100_i.rmse
[1] 0.243248

$c250_i.ptime
[1] 1.005

$c250_i.time
[1] 0.148

$c250_i.rmse
[1] 0.1906872

$c500_i.ptime
[1] 1.984

$c500_i.time
[1] 0.16

$c500_i.rmse
[1] 0.149919

$c25_d.ptime
[1] 1.893

$c25_d.time
[1] 0.959

$c25_d.rmse
[1] 0.2854669

$c50_d.ptime
[1] 0.975

$c50_d.time
[1] 1.234

$c50_d.rmse
[1] 0.2274874

$c100_d.ptime
[1] 0.695

$c100_d.time
[1] 2.295

$c100_d.rmse
[1] 0.1949069

$c250_d.ptime
[1] 0.53

$c250_d.time
[1] 7.981

$c250_d.rmse
[1] 0.1559624

$c500_d.ptime
[1] 0.464

$c500_d.time
[1] 30.596

$c500_d.rmse
[1] 0.1302725

$s25.ptime
[1] 0.467

$s25.time
[1] 0.001

$s25.rmse
[1] 0.6761724

$s50.ptime
[1] 0.483

$s50.time
[1] 0.002

$s50.rmse
[1] 0.5740941

$s100.ptime
[1] 0.514

$s100.time
[1] 0.003

$s100.rmse
[1] 0.4929518

$s250.ptime
[1] 1.135

$s250.time
[1] 0.008

$s250.rmse
[1] 0.3525024

$s500.ptime
[1] 1.72

$s500.time
[1] 0.019

$s500.rmse
[1] 0.2623074

$s1000.ptime
[1] 3.061

$s1000.time
[1] 0.036

$s1000.rmse
[1] 0.1840009

$s2500.ptime
[1] 16.77

$s2500.time
[1] 0.093

$s2500.rmse
[1] 0.1126613

$s5000.ptime
[1] 133.931

$s5000.time
[1] 0.187

$s5000.rmse
[1] 0.0795353

        seed            p    full.time    full.rmse     l25.time     l25.rmse 
    2421.000       10.000        0.073        0.062        3.929        0.197 
    l50.time     l50.rmse    l100.time    l100.rmse    l250.time    l250.rmse 
       4.155        0.164        5.679        0.127       20.047        0.098 
   l500.time    l500.rmse  o25_i.ptime   o25_i.time   o25_i.rmse  o50_i.ptime 
      97.785        0.085        0.275        0.289        0.616        0.188 
  o50_i.time   o50_i.rmse o100_i.ptime  o100_i.time  o100_i.rmse o250_i.ptime 
       0.191        0.551        0.250        0.152        0.466        0.653 
 o250_i.time  o250_i.rmse o500_i.ptime  o500_i.time  o500_i.rmse  o25_d.ptime 
       0.425        0.338        1.782        0.171        0.242        0.613 
  o25_d.time   o25_d.rmse  o50_d.ptime   o50_d.time   o50_d.rmse o100_d.ptime 
       0.651        0.504        0.139        0.860        0.421        0.072 
 o100_d.time  o100_d.rmse o250_d.ptime  o250_d.time  o250_d.rmse o500_d.ptime 
       1.686        0.333        0.033        7.275        0.235        0.031 
 o500_d.time  o500_d.rmse  c25_i.ptime   c25_i.time   c25_i.rmse  c50_i.ptime 
      29.827        0.163        1.485        0.296        0.358        0.890 
  c50_i.time   c50_i.rmse c100_i.ptime  c100_i.time  c100_i.rmse c250_i.ptime 
       0.181        0.307        0.719        0.171        0.243        1.005 
 c250_i.time  c250_i.rmse c500_i.ptime  c500_i.time  c500_i.rmse  c25_d.ptime 
       0.148        0.191        1.984        0.160        0.150        1.893 
  c25_d.time   c25_d.rmse  c50_d.ptime   c50_d.time   c50_d.rmse c100_d.ptime 
       0.959        0.285        0.975        1.234        0.227        0.695 
 c100_d.time  c100_d.rmse c250_d.ptime  c250_d.time  c250_d.rmse c500_d.ptime 
       2.295        0.195        0.530        7.981        0.156        0.464 
 c500_d.time  c500_d.rmse    s25.ptime     s25.time     s25.rmse    s50.ptime 
      30.596        0.130        0.467        0.001        0.676        0.483 
    s50.time     s50.rmse   s100.ptime    s100.time    s100.rmse   s250.ptime 
       0.002        0.574        0.514        0.003        0.493        1.135 
   s250.time    s250.rmse   s500.ptime    s500.time    s500.rmse  s1000.ptime 
       0.008        0.353        1.720        0.019        0.262        3.061 
  s1000.time   s1000.rmse  s2500.ptime   s2500.time   s2500.rmse  s5000.ptime 
       0.036        0.184       16.770        0.093        0.113      133.931 
  s5000.time   s5000.rmse 
       0.187        0.080 
[1] 0.8816822
$full.time
[1] 0.074

$full.rmse
[1] 0.05935128

$full.time
[1] 0.074

$full.rmse
[1] 0.05935128

$l25.time
[1] 3.903

$l25.rmse
[1] 0.1990385

$l50.time
[1] 4.189

$l50.rmse
[1] 0.1609888

$l100.time
[1] 5.807

$l100.rmse
[1] 0.1286057

$l250.time
[1] 20.522

$l250.rmse
[1] 0.09428057

$l500.time
[1] 98.425

$l500.rmse
[1] 0.0825461

$o25_i.ptime
[1] 0.28

$o25_i.time
[1] 0.251

$o25_i.rmse
[1] 0.5846757

$o50_i.ptime
[1] 0.179

$o50_i.time
[1] 0.175

$o50_i.rmse
[1] 0.5256652

$o100_i.ptime
[1] 0.228

$o100_i.time
[1] 0.147

$o100_i.rmse
[1] 0.4456371

$o250_i.ptime
[1] 0.628

$o250_i.time
[1] 0.438

$o250_i.rmse
[1] 0.3353928

$o500_i.ptime
[1] 1.711

$o500_i.time
[1] 0.159

$o500_i.rmse
[1] 0.2515616

$o25_d.ptime
[1] 0.599

$o25_d.time
[1] 0.581

$o25_d.rmse
[1] 0.4845273

$o50_d.ptime
[1] 0.139

$o50_d.time
[1] 0.747

$o50_d.rmse
[1] 0.4196415

$o100_d.ptime
[1] 0.058

$o100_d.time
[1] 1.702

$o100_d.rmse
[1] 0.3266905

$o250_d.ptime
[1] 0.03

$o250_d.time
[1] 7.49

$o250_d.rmse
[1] 0.2283576

$o500_d.ptime
[1] 0.03

$o500_d.time
[1] 29.238

$o500_d.rmse
[1] 0.1712642

$c25_i.ptime
[1] 1.584

$c25_i.time
[1] 0.281

$c25_i.rmse
[1] 0.3423428

$c50_i.ptime
[1] 0.983

$c50_i.time
[1] 0.223

$c50_i.rmse
[1] 0.2952589

$c100_i.ptime
[1] 0.729

$c100_i.time
[1] 0.17

$c100_i.rmse
[1] 0.2322989

$c250_i.ptime
[1] 0.96

$c250_i.time
[1] 0.171

$c250_i.rmse
[1] 0.1923569

$c500_i.ptime
[1] 2.152

$c500_i.time
[1] 0.205

$c500_i.rmse
[1] 0.1551684

$c25_d.ptime
[1] 1.808

$c25_d.time
[1] 1.064

$c25_d.rmse
[1] 0.2800588

$c50_d.ptime
[1] 1.018

$c50_d.time
[1] 1.189

$c50_d.rmse
[1] 0.2256643

$c100_d.ptime
[1] 0.718

$c100_d.time
[1] 2.225

$c100_d.rmse
[1] 0.1935279

$c250_d.ptime
[1] 0.354

$c250_d.time
[1] 8.074

$c250_d.rmse
[1] 0.1501733

$c500_d.ptime
[1] 0.323

$c500_d.time
[1] 31.144

$c500_d.rmse
[1] 0.1155145

$s25.ptime
[1] 0.457

$s25.time
[1] 0.001

$s25.rmse
[1] 0.6483808

$s50.ptime
[1] 0.624

$s50.time
[1] 0.002

$s50.rmse
[1] 0.6378858

$s100.ptime
[1] 0.667

$s100.time
[1] 0.004

$s100.rmse
[1] 0.4858836

$s250.ptime
[1] 1.186

$s250.time
[1] 0.008

$s250.rmse
[1] 0.3587291

$s500.ptime
[1] 1.897

$s500.time
[1] 0.02

$s500.rmse
[1] 0.2798787

$s1000.ptime
[1] 3.392

$s1000.time
[1] 0.035

$s1000.rmse
[1] 0.1858772

$s2500.ptime
[1] 23.066

$s2500.time
[1] 0.095

$s2500.rmse
[1] 0.1112537

$s5000.ptime
[1] 183.649

$s5000.time
[1] 0.169

$s5000.rmse
[1] 0.08072571

        seed            p    full.time    full.rmse     l25.time     l25.rmse 
    2422.000       10.000        0.074        0.059        3.903        0.199 
    l50.time     l50.rmse    l100.time    l100.rmse    l250.time    l250.rmse 
       4.189        0.161        5.807        0.129       20.522        0.094 
   l500.time    l500.rmse  o25_i.ptime   o25_i.time   o25_i.rmse  o50_i.ptime 
      98.425        0.083        0.280        0.251        0.585        0.179 
  o50_i.time   o50_i.rmse o100_i.ptime  o100_i.time  o100_i.rmse o250_i.ptime 
       0.175        0.526        0.228        0.147        0.446        0.628 
 o250_i.time  o250_i.rmse o500_i.ptime  o500_i.time  o500_i.rmse  o25_d.ptime 
       0.438        0.335        1.711        0.159        0.252        0.599 
  o25_d.time   o25_d.rmse  o50_d.ptime   o50_d.time   o50_d.rmse o100_d.ptime 
       0.581        0.485        0.139        0.747        0.420        0.058 
 o100_d.time  o100_d.rmse o250_d.ptime  o250_d.time  o250_d.rmse o500_d.ptime 
       1.702        0.327        0.030        7.490        0.228        0.030 
 o500_d.time  o500_d.rmse  c25_i.ptime   c25_i.time   c25_i.rmse  c50_i.ptime 
      29.238        0.171        1.584        0.281        0.342        0.983 
  c50_i.time   c50_i.rmse c100_i.ptime  c100_i.time  c100_i.rmse c250_i.ptime 
       0.223        0.295        0.729        0.170        0.232        0.960 
 c250_i.time  c250_i.rmse c500_i.ptime  c500_i.time  c500_i.rmse  c25_d.ptime 
       0.171        0.192        2.152        0.205        0.155        1.808 
  c25_d.time   c25_d.rmse  c50_d.ptime   c50_d.time   c50_d.rmse c100_d.ptime 
       1.064        0.280        1.018        1.189        0.226        0.718 
 c100_d.time  c100_d.rmse c250_d.ptime  c250_d.time  c250_d.rmse c500_d.ptime 
       2.225        0.194        0.354        8.074        0.150        0.323 
 c500_d.time  c500_d.rmse    s25.ptime     s25.time     s25.rmse    s50.ptime 
      31.144        0.116        0.457        0.001        0.648        0.624 
    s50.time     s50.rmse   s100.ptime    s100.time    s100.rmse   s250.ptime 
       0.002        0.638        0.667        0.004        0.486        1.186 
   s250.time    s250.rmse   s500.ptime    s500.time    s500.rmse  s1000.ptime 
       0.008        0.359        1.897        0.020        0.280        3.392 
  s1000.time   s1000.rmse  s2500.ptime   s2500.time   s2500.rmse  s5000.ptime 
       0.035        0.186       23.066        0.095        0.111      183.649 
  s5000.time   s5000.rmse 
       0.169        0.081 
[1] 0.7870556
$full.time
[1] 0.091

$full.rmse
[1] 0.05815869

$full.time
[1] 0.091

$full.rmse
[1] 0.05815869

$l25.time
[1] 4.126

$l25.rmse
[1] 0.1838114

$l50.time
[1] 4.103

$l50.rmse
[1] 0.156437

$l100.time
[1] 6.083

$l100.rmse
[1] 0.1228969

$l250.time
[1] 21.521

$l250.rmse
[1] 0.09919537

$l500.time
[1] 102.192

$l500.rmse
[1] 0.08567213

$o25_i.ptime
[1] 0.268

$o25_i.time
[1] 0.287

$o25_i.rmse
[1] 0.5971261

$o50_i.ptime
[1] 0.189

$o50_i.time
[1] 0.547

$o50_i.rmse
[1] 0.5479795

$o100_i.ptime
[1] 0.249

$o100_i.time
[1] 0.168

$o100_i.rmse
[1] 0.4533868

$o250_i.ptime
[1] 0.613

$o250_i.time
[1] 0.156

$o250_i.rmse
[1] 0.3312562

$o500_i.ptime
[1] 1.701

$o500_i.time
[1] 0.174

$o500_i.rmse
[1] 0.2541004

$o25_d.ptime
[1] 0.588

$o25_d.time
[1] 0.638

$o25_d.rmse
[1] 0.4802519

$o50_d.ptime
[1] 0.145

$o50_d.time
[1] 0.829

$o50_d.rmse
[1] 0.4162028

$o100_d.ptime
[1] 0.054

$o100_d.time
[1] 1.903

$o100_d.rmse
[1] 0.3216857

$o250_d.ptime
[1] 0.043

$o250_d.time
[1] 7.749

$o250_d.rmse
[1] 0.2249996

$o500_d.ptime
[1] 0.103

$o500_d.time
[1] 30.61

$o500_d.rmse
[1] 0.1641881

$c25_i.ptime
[1] 1.685

$c25_i.time
[1] 0.298

$c25_i.rmse
[1] 0.330023

$c50_i.ptime
[1] 0.944

$c50_i.time
[1] 0.256

$c50_i.rmse
[1] 0.2751384

$c100_i.ptime
[1] 0.828

$c100_i.time
[1] 0.188

$c100_i.rmse
[1] 0.2327047

$c250_i.ptime
[1] 0.943

$c250_i.time
[1] 0.181

$c250_i.rmse
[1] 0.1810894

$c500_i.ptime
[1] 1.985

$c500_i.time
[1] 0.187

$c500_i.rmse
[1] 0.1563134

$c25_d.ptime
[1] 1.81

$c25_d.time
[1] 1.107

$c25_d.rmse
[1] 0.2664286

$c50_d.ptime
[1] 1.07

$c50_d.time
[1] 1.31

$c50_d.rmse
[1] 0.2194408

$c100_d.ptime
[1] 0.511

$c100_d.time
[1] 2.464

$c100_d.rmse
[1] 0.1803282

$c250_d.ptime
[1] 0.314

$c250_d.time
[1] 8.036

$c250_d.rmse
[1] 0.1520409

$c500_d.ptime
[1] 0.477

$c500_d.time
[1] 30.753

$c500_d.rmse
[1] 0.1196441

$s25.ptime
[1] 0.213

$s25.time
[1] 0.001

$s25.rmse
[1] 0.7059525

$s50.ptime
[1] 0.393

$s50.time
[1] 0.002

$s50.rmse
[1] 0.64122

$s100.ptime
[1] 0.629

$s100.time
[1] 0.003

$s100.rmse
[1] 0.540507

$s250.ptime
[1] 1.037

$s250.time
[1] 0.007

$s250.rmse
[1] 0.3393277

$s500.ptime
[1] 1.715

$s500.time
[1] 0.015

$s500.rmse
[1] 0.2701078

$s1000.ptime
[1] 2.925

$s1000.time
[1] 0.031

$s1000.rmse
[1] 0.1720754

$s2500.ptime
[1] 25.635

$s2500.time
[1] 0.077

$s2500.rmse
[1] 0.1072386

$s5000.ptime
[1] 161.323

$s5000.time
[1] 0.172

$s5000.rmse
[1] 0.07473222

        seed            p    full.time    full.rmse     l25.time     l25.rmse 
    2423.000       10.000        0.091        0.058        4.126        0.184 
    l50.time     l50.rmse    l100.time    l100.rmse    l250.time    l250.rmse 
       4.103        0.156        6.083        0.123       21.521        0.099 
   l500.time    l500.rmse  o25_i.ptime   o25_i.time   o25_i.rmse  o50_i.ptime 
     102.192        0.086        0.268        0.287        0.597        0.189 
  o50_i.time   o50_i.rmse o100_i.ptime  o100_i.time  o100_i.rmse o250_i.ptime 
       0.547        0.548        0.249        0.168        0.453        0.613 
 o250_i.time  o250_i.rmse o500_i.ptime  o500_i.time  o500_i.rmse  o25_d.ptime 
       0.156        0.331        1.701        0.174        0.254        0.588 
  o25_d.time   o25_d.rmse  o50_d.ptime   o50_d.time   o50_d.rmse o100_d.ptime 
       0.638        0.480        0.145        0.829        0.416        0.054 
 o100_d.time  o100_d.rmse o250_d.ptime  o250_d.time  o250_d.rmse o500_d.ptime 
       1.903        0.322        0.043        7.749        0.225        0.103 
 o500_d.time  o500_d.rmse  c25_i.ptime   c25_i.time   c25_i.rmse  c50_i.ptime 
      30.610        0.164        1.685        0.298        0.330        0.944 
  c50_i.time   c50_i.rmse c100_i.ptime  c100_i.time  c100_i.rmse c250_i.ptime 
       0.256        0.275        0.828        0.188        0.233        0.943 
 c250_i.time  c250_i.rmse c500_i.ptime  c500_i.time  c500_i.rmse  c25_d.ptime 
       0.181        0.181        1.985        0.187        0.156        1.810 
  c25_d.time   c25_d.rmse  c50_d.ptime   c50_d.time   c50_d.rmse c100_d.ptime 
       1.107        0.266        1.070        1.310        0.219        0.511 
 c100_d.time  c100_d.rmse c250_d.ptime  c250_d.time  c250_d.rmse c500_d.ptime 
       2.464        0.180        0.314        8.036        0.152        0.477 
 c500_d.time  c500_d.rmse    s25.ptime     s25.time     s25.rmse    s50.ptime 
      30.753        0.120        0.213        0.001        0.706        0.393 
    s50.time     s50.rmse   s100.ptime    s100.time    s100.rmse   s250.ptime 
       0.002        0.641        0.629        0.003        0.541        1.037 
   s250.time    s250.rmse   s500.ptime    s500.time    s500.rmse  s1000.ptime 
       0.007        0.339        1.715        0.015        0.270        2.925 
  s1000.time   s1000.rmse  s2500.ptime   s2500.time   s2500.rmse  s5000.ptime 
       0.031        0.172       25.635        0.077        0.107      161.323 
  s5000.time   s5000.rmse 
       0.172        0.075 
  seed  p full.time  full.rmse l25.time  l25.rmse l50.time  l50.rmse l100.time
1 2419 10     0.100 0.05792486    4.633 0.2012219    4.660 0.1688639     5.907
2 2420 10     0.078 0.06140529    3.931 0.1874815    4.254 0.1516304     5.596
3 2421 10     0.073 0.06152102    3.929 0.1967819    4.155 0.1635714     5.679
4 2422 10     0.074 0.05935128    3.903 0.1990385    4.189 0.1609888     5.807
5 2423 10     0.091 0.05815869    4.126 0.1838114    4.103 0.1564370     6.083
  l100.rmse l250.time  l250.rmse l500.time  l500.rmse o25_i.ptime o25_i.time
1 0.1316841    22.066 0.10018760   104.285 0.08646590       0.281      0.258
2 0.1196688    20.631 0.09484631    98.277 0.08270663       0.270      0.249
3 0.1270625    20.047 0.09798533    97.785 0.08530495       0.275      0.289
4 0.1286057    20.522 0.09428057    98.425 0.08254610       0.280      0.251
5 0.1228969    21.521 0.09919537   102.192 0.08567213       0.268      0.287
  o25_i.rmse o50_i.ptime o50_i.time o50_i.rmse o100_i.ptime o100_i.time
1  0.6163040       0.554      0.173  0.5291288        0.237       0.143
2  0.5666170       0.206      0.218  0.5079461        0.235       0.495
3  0.6155142       0.188      0.191  0.5511108        0.250       0.152
4  0.5846757       0.179      0.175  0.5256652        0.228       0.147
5  0.5971261       0.189      0.547  0.5479795        0.249       0.168
  o100_i.rmse o250_i.ptime o250_i.time o250_i.rmse o500_i.ptime o500_i.time
1   0.4587022        0.652       0.153   0.3313938        1.755       0.172
2   0.4391014        0.617       0.139   0.3131219        1.700       0.146
3   0.4657238        0.653       0.425   0.3381121        1.782       0.171
4   0.4456371        0.628       0.438   0.3353928        1.711       0.159
5   0.4533868        0.613       0.156   0.3312562        1.701       0.174
  o500_i.rmse o25_d.ptime o25_d.time o25_d.rmse o50_d.ptime o50_d.time
1   0.2680469       0.612      0.628  0.4823978       0.139      0.777
2   0.2395454       0.577      0.591  0.4604738       0.130      0.697
3   0.2420290       0.613      0.651  0.5039246       0.139      0.860
4   0.2515616       0.599      0.581  0.4845273       0.139      0.747
5   0.2541004       0.588      0.638  0.4802519       0.145      0.829
  o50_d.rmse o100_d.ptime o100_d.time o100_d.rmse o250_d.ptime o250_d.time
1  0.4069389        0.054       1.738   0.3338130        0.032       7.678
2  0.3899583        0.059       1.738   0.3141942        0.028       6.784
3  0.4207032        0.072       1.686   0.3326018        0.033       7.275
4  0.4196415        0.058       1.702   0.3266905        0.030       7.490
5  0.4162028        0.054       1.903   0.3216857        0.043       7.749
  o250_d.rmse o500_d.ptime o500_d.time o500_d.rmse c25_i.ptime c25_i.time
1   0.2424474        0.029      30.613   0.1774215       1.622      0.274
2   0.2240845        0.029      27.757   0.1599884       1.581      0.273
3   0.2349967        0.031      29.827   0.1634827       1.485      0.296
4   0.2283576        0.030      29.238   0.1712642       1.584      0.281
5   0.2249996        0.103      30.610   0.1641881       1.685      0.298
  c25_i.rmse c50_i.ptime c50_i.time c50_i.rmse c100_i.ptime c100_i.time
1  0.3583617       1.255      0.206  0.2953750        0.770       0.160
2  0.3253922       0.981      0.202  0.2725378        0.935       0.170
3  0.3576492       0.890      0.181  0.3074963        0.719       0.171
4  0.3423428       0.983      0.223  0.2952589        0.729       0.170
5  0.3300230       0.944      0.256  0.2751384        0.828       0.188
  c100_i.rmse c250_i.ptime c250_i.time c250_i.rmse c500_i.ptime c500_i.time
1   0.2414093        1.074       0.165   0.1923076        2.138       0.193
2   0.2287116        0.946       0.157   0.1837109        2.090       0.171
3   0.2432480        1.005       0.148   0.1906872        1.984       0.160
4   0.2322989        0.960       0.171   0.1923569        2.152       0.205
5   0.2327047        0.943       0.181   0.1810894        1.985       0.187
  c500_i.rmse c25_d.ptime c25_d.time c25_d.rmse c50_d.ptime c50_d.time
1   0.1604940       1.937      1.021  0.2863807       0.909      1.202
2   0.1543711       1.802      0.977  0.2630105       1.083      1.118
3   0.1499190       1.893      0.959  0.2854669       0.975      1.234
4   0.1551684       1.808      1.064  0.2800588       1.018      1.189
5   0.1563134       1.810      1.107  0.2664286       1.070      1.310
  c50_d.rmse c100_d.ptime c100_d.time c100_d.rmse c250_d.ptime c250_d.time
1  0.2389341        0.776       2.376   0.1942797        0.431       8.274
2  0.2129825        0.510       2.139   0.1862793        0.571       7.685
3  0.2274874        0.695       2.295   0.1949069        0.530       7.981
4  0.2256643        0.718       2.225   0.1935279        0.354       8.074
5  0.2194408        0.511       2.464   0.1803282        0.314       8.036
  c250_d.rmse c500_d.ptime c500_d.time c500_d.rmse s25.ptime s25.time  s25.rmse
1   0.1531084        0.423      32.523   0.1258725     0.382    0.001 0.6846706
2   0.1372161        0.456      29.799   0.1200810     0.333    0.001 0.6412117
3   0.1559624        0.464      30.596   0.1302725     0.467    0.001 0.6761724
4   0.1501733        0.323      31.144   0.1155145     0.457    0.001 0.6483808
5   0.1520409        0.477      30.753   0.1196441     0.213    0.001 0.7059525
  s50.ptime s50.time  s50.rmse s100.ptime s100.time s100.rmse s250.ptime
1     0.613    0.002 0.5753367      0.773     0.003 0.5434806      1.098
2     0.365    0.002 0.5698097      0.549     0.004 0.4624464      1.212
3     0.483    0.002 0.5740941      0.514     0.003 0.4929518      1.135
4     0.624    0.002 0.6378858      0.667     0.004 0.4858836      1.186
5     0.393    0.002 0.6412200      0.629     0.003 0.5405070      1.037
  s250.time s250.rmse s500.ptime s500.time s500.rmse s1000.ptime s1000.time
1     0.008 0.3863414      1.865     0.017 0.2855271       3.065      0.036
2     0.009 0.3352388      1.570     0.017 0.2423497       3.043      0.038
3     0.008 0.3525024      1.720     0.019 0.2623074       3.061      0.036
4     0.008 0.3587291      1.897     0.020 0.2798787       3.392      0.035
5     0.007 0.3393277      1.715     0.015 0.2701078       2.925      0.031
  s1000.rmse s2500.ptime s2500.time s2500.rmse s5000.ptime s5000.time
1  0.1912998      17.785      0.106  0.1227957     160.451      0.190
2  0.1760622      16.492      0.096  0.1083028     147.883      0.184
3  0.1840009      16.770      0.093  0.1126613     133.931      0.187
4  0.1858772      23.066      0.095  0.1112537     183.649      0.169
5  0.1720754      25.635      0.077  0.1072386     161.323      0.172
  s5000.rmse
1 0.07945206
2 0.07974831
3 0.07953530
4 0.08072571
5 0.07473222
> 
> proc.time()
    user   system  elapsed 
3498.975   55.488 3616.162 
