
R version 3.0.3 (2014-03-06) -- "Warm Puppy"
Copyright (C) 2014 The R Foundation for Statistical Computing
Platform: x86_64-unknown-linux-gnu (64-bit)

R is free software and comes with ABSOLUTELY NO WARRANTY.
You are welcome to redistribute it under certain conditions.
Type 'license()' or 'licence()' for distribution details.

  Natural language support but running in an English locale

R is a collaborative project with many contributors.
Type 'contributors()' for more information and
'citation()' on how to cite R or R packages in publications.

Type 'demo()' for some demos, 'help()' for on-line help, or
'help.start()' for an HTML browser interface to help.
Type 'q()' to quit R.

> print(.libPaths())
[1] "/usr/local/r-3.0.3/lib64/R/library"
> .libPaths("/mnt/home/rjparker/Rlib")
> print(.libPaths())
[1] "/mnt/home/rjparker/Rlib"            "/usr/local/r-3.0.3/lib64/R/library"
> setwd("/mnt/home/rjparker/git/block_int")
> 
> which_exp <- 5
> which_part <- 13
> source("R/sim_nblocks_pred.R")
Loading required package: spam
Loading required package: grid
Spam version 0.41-0 (2014-02-26) is loaded.
Type 'help( Spam)' or 'demo( spam)' for a short introduction 
and overview of this package.
Help for individual functions is also obtained by adding the
suffix '.spam' to the function name, e.g. 'help( chol.spam)'.

Attaching package: ‘spam’

The following objects are masked from ‘package:base’:

    backsolve, forwardsolve

Loading required package: maps
  pred  p   b tau Nper_p Npred Fzero sigma2
5 TRUE 10 1.5  10  10000  1000     0      1
[1] 0.9334375
$full.time
[1] 0.278

$full.rmse
[1] 0.05829631

$full.time
[1] 0.278

$full.rmse
[1] 0.05829631

$l25.time
[1] 9.807

$l25.rmse
[1] 0.1886238

$l50.time
[1] 9.849

$l50.rmse
[1] 0.1555458

$l100.time
[1] 12.79

$l100.rmse
[1] 0.1273654

$l250.time
[1] 36.595

$l250.rmse
[1] 0.09879013

$l500.time
[1] 130.447

$l500.rmse
[1] 0.08585046

$o25_i.ptime
[1] 0.247

$o25_i.time
[1] 0.262

$o25_i.rmse
[1] 0.5945576

$o50_i.ptime
[1] 0.612

$o50_i.time
[1] 0.175

$o50_i.rmse
[1] 0.4963637

$o100_i.ptime
[1] 0.221

$o100_i.time
[1] 0.143

$o100_i.rmse
[1] 0.4390812

$o250_i.ptime
[1] 0.625

$o250_i.time
[1] 0.128

$o250_i.rmse
[1] 0.3239947

$o500_i.ptime
[1] 1.85

$o500_i.time
[1] 0.175

$o500_i.rmse
[1] 0.2475062

$o25_d.ptime
[1] 0.631

$o25_d.time
[1] 0.613

$o25_d.rmse
[1] 0.4666599

$o50_d.ptime
[1] 0.142

$o50_d.time
[1] 0.753

$o50_d.rmse
[1] 0.3876997

$o100_d.ptime
[1] 0.054

$o100_d.time
[1] 1.553

$o100_d.rmse
[1] 0.3156775

$o250_d.ptime
[1] 0.028

$o250_d.time
[1] 7.098

$o250_d.rmse
[1] 0.2321135

$o500_d.ptime
[1] 0.097

$o500_d.time
[1] 31.09

$o500_d.rmse
[1] 0.1547566

$c25_i.ptime
[1] 1.533

$c25_i.time
[1] 0.283

$c25_i.rmse
[1] 0.3323355

$c50_i.ptime
[1] 0.925

$c50_i.time
[1] 0.192

$c50_i.rmse
[1] 0.2865176

$c100_i.ptime
[1] 0.801

$c100_i.time
[1] 0.158

$c100_i.rmse
[1] 0.2385488

$c250_i.ptime
[1] 1.215

$c250_i.time
[1] 0.16

$c250_i.rmse
[1] 0.18156

$c500_i.ptime
[1] 2.358

$c500_i.time
[1] 0.16

$c500_i.rmse
[1] 0.1520277

$c25_d.ptime
[1] 2.005

$c25_d.time
[1] 0.968

$c25_d.rmse
[1] 0.2654451

$c50_d.ptime
[1] 1.138

$c50_d.time
[1] 1.124

$c50_d.rmse
[1] 0.2235033

$c100_d.ptime
[1] 0.659

$c100_d.time
[1] 2.166

$c100_d.rmse
[1] 0.1862227

$c250_d.ptime
[1] 0.429

$c250_d.time
[1] 8.236

$c250_d.rmse
[1] 0.1483405

$c500_d.ptime
[1] 0.477

$c500_d.time
[1] 30.92

$c500_d.rmse
[1] 0.1239903

$s25.ptime
[1] 0.322

$s25.time
[1] 0.001

$s25.rmse
[1] 0.7464294

$s50.ptime
[1] 0.457

$s50.time
[1] 0.002

$s50.rmse
[1] 0.5706516

$s100.ptime
[1] 0.587

$s100.time
[1] 0.003

$s100.rmse
[1] 0.4606693

$s250.ptime
[1] 1.107

$s250.time
[1] 0.008

$s250.rmse
[1] 0.3431709

$s500.ptime
[1] 1.834

$s500.time
[1] 0.018

$s500.rmse
[1] 0.2494667

$s1000.ptime
[1] 3.477

$s1000.time
[1] 0.03

$s1000.rmse
[1] 0.1838832

$s2500.ptime
[1] 17.958

$s2500.time
[1] 0.089

$s2500.rmse
[1] 0.1106059

$s5000.ptime
[1] 137.103

$s5000.time
[1] 0.176

$s5000.rmse
[1] 0.07550633

        seed            p    full.time    full.rmse     l25.time     l25.rmse 
    2444.000       10.000        0.278        0.058        9.807        0.189 
    l50.time     l50.rmse    l100.time    l100.rmse    l250.time    l250.rmse 
       9.849        0.156       12.790        0.127       36.595        0.099 
   l500.time    l500.rmse  o25_i.ptime   o25_i.time   o25_i.rmse  o50_i.ptime 
     130.447        0.086        0.247        0.262        0.595        0.612 
  o50_i.time   o50_i.rmse o100_i.ptime  o100_i.time  o100_i.rmse o250_i.ptime 
       0.175        0.496        0.221        0.143        0.439        0.625 
 o250_i.time  o250_i.rmse o500_i.ptime  o500_i.time  o500_i.rmse  o25_d.ptime 
       0.128        0.324        1.850        0.175        0.248        0.631 
  o25_d.time   o25_d.rmse  o50_d.ptime   o50_d.time   o50_d.rmse o100_d.ptime 
       0.613        0.467        0.142        0.753        0.388        0.054 
 o100_d.time  o100_d.rmse o250_d.ptime  o250_d.time  o250_d.rmse o500_d.ptime 
       1.553        0.316        0.028        7.098        0.232        0.097 
 o500_d.time  o500_d.rmse  c25_i.ptime   c25_i.time   c25_i.rmse  c50_i.ptime 
      31.090        0.155        1.533        0.283        0.332        0.925 
  c50_i.time   c50_i.rmse c100_i.ptime  c100_i.time  c100_i.rmse c250_i.ptime 
       0.192        0.287        0.801        0.158        0.239        1.215 
 c250_i.time  c250_i.rmse c500_i.ptime  c500_i.time  c500_i.rmse  c25_d.ptime 
       0.160        0.182        2.358        0.160        0.152        2.005 
  c25_d.time   c25_d.rmse  c50_d.ptime   c50_d.time   c50_d.rmse c100_d.ptime 
       0.968        0.265        1.138        1.124        0.224        0.659 
 c100_d.time  c100_d.rmse c250_d.ptime  c250_d.time  c250_d.rmse c500_d.ptime 
       2.166        0.186        0.429        8.236        0.148        0.477 
 c500_d.time  c500_d.rmse    s25.ptime     s25.time     s25.rmse    s50.ptime 
      30.920        0.124        0.322        0.001        0.746        0.457 
    s50.time     s50.rmse   s100.ptime    s100.time    s100.rmse   s250.ptime 
       0.002        0.571        0.587        0.003        0.461        1.107 
   s250.time    s250.rmse   s500.ptime    s500.time    s500.rmse  s1000.ptime 
       0.008        0.343        1.834        0.018        0.249        3.477 
  s1000.time   s1000.rmse  s2500.ptime   s2500.time   s2500.rmse  s5000.ptime 
       0.030        0.184       17.958        0.089        0.111      137.103 
  s5000.time   s5000.rmse 
       0.176        0.076 
[1] 0.7186207
$full.time
[1] 0.183

$full.rmse
[1] 0.06126204

$full.time
[1] 0.183

$full.rmse
[1] 0.06126204

$l25.time
[1] 6.491

$l25.rmse
[1] 0.1733616

$l50.time
[1] 6.436

$l50.rmse
[1] 0.1489802

$l100.time
[1] 5.89

$l100.rmse
[1] 0.1293671

$l250.time
[1] 24.116

$l250.rmse
[1] 0.1018163

$l500.time
[1] 144.817

$l500.rmse
[1] 0.08805681

$o25_i.ptime
[1] 0.257

$o25_i.time
[1] 0.255

$o25_i.rmse
[1] 0.5493659

$o50_i.ptime
[1] 0.18

$o50_i.time
[1] 0.188

$o50_i.rmse
[1] 0.4934532

$o100_i.ptime
[1] 0.233

$o100_i.time
[1] 0.579

$o100_i.rmse
[1] 0.4236972

$o250_i.ptime
[1] 0.602

$o250_i.time
[1] 0.124

$o250_i.rmse
[1] 0.3204984

$o500_i.ptime
[1] 1.681

$o500_i.time
[1] 0.129

$o500_i.rmse
[1] 0.2619125

$o25_d.ptime
[1] 0.605

$o25_d.time
[1] 0.57

$o25_d.rmse
[1] 0.4642356

$o50_d.ptime
[1] 0.139

$o50_d.time
[1] 0.709

$o50_d.rmse
[1] 0.387994

$o100_d.ptime
[1] 0.056

$o100_d.time
[1] 1.648

$o100_d.rmse
[1] 0.319057

$o250_d.ptime
[1] 0.031

$o250_d.time
[1] 6.591

$o250_d.rmse
[1] 0.2179921

$o500_d.ptime
[1] 0.026

$o500_d.time
[1] 31.205

$o500_d.rmse
[1] 0.1647588

$c25_i.ptime
[1] 1.429

$c25_i.time
[1] 0.259

$c25_i.rmse
[1] 0.3281329

$c50_i.ptime
[1] 1.274

$c50_i.time
[1] 0.187

$c50_i.rmse
[1] 0.280929

$c100_i.ptime
[1] 1.074

$c100_i.time
[1] 0.154

$c100_i.rmse
[1] 0.2253305

$c250_i.ptime
[1] 1.043

$c250_i.time
[1] 0.14

$c250_i.rmse
[1] 0.1831238

$c500_i.ptime
[1] 2.041

$c500_i.time
[1] 0.149

$c500_i.rmse
[1] 0.1518305

$c25_d.ptime
[1] 2.158

$c25_d.time
[1] 0.946

$c25_d.rmse
[1] 0.2689264

$c50_d.ptime
[1] 0.971

$c50_d.time
[1] 1.129

$c50_d.rmse
[1] 0.2125722

$c100_d.ptime
[1] 0.502

$c100_d.time
[1] 2.102

$c100_d.rmse
[1] 0.1868717

$c250_d.ptime
[1] 0.403

$c250_d.time
[1] 7.782

$c250_d.rmse
[1] 0.1482762

$c500_d.ptime
[1] 0.542

$c500_d.time
[1] 31.405

$c500_d.rmse
[1] 0.1235382

$s25.ptime
[1] 0.45

$s25.time
[1] 0.001

$s25.rmse
[1] 0.5557944

$s50.ptime
[1] 0.496

$s50.time
[1] 0.001

$s50.rmse
[1] 0.5205732

$s100.ptime
[1] 0.598

$s100.time
[1] 0.002

$s100.rmse
[1] 0.462413

$s250.ptime
[1] 1.238

$s250.time
[1] 0.007

$s250.rmse
[1] 0.3691472

$s500.ptime
[1] 1.543

$s500.time
[1] 0.015

$s500.rmse
[1] 0.2558409

$s1000.ptime
[1] 3.206

$s1000.time
[1] 0.029

$s1000.rmse
[1] 0.1890988

$s2500.ptime
[1] 18.655

$s2500.time
[1] 0.081

$s2500.rmse
[1] 0.1162859

$s5000.ptime
[1] 121.611

$s5000.time
[1] 0.158

$s5000.rmse
[1] 0.080372

        seed            p    full.time    full.rmse     l25.time     l25.rmse 
    2445.000       10.000        0.183        0.061        6.491        0.173 
    l50.time     l50.rmse    l100.time    l100.rmse    l250.time    l250.rmse 
       6.436        0.149        5.890        0.129       24.116        0.102 
   l500.time    l500.rmse  o25_i.ptime   o25_i.time   o25_i.rmse  o50_i.ptime 
     144.817        0.088        0.257        0.255        0.549        0.180 
  o50_i.time   o50_i.rmse o100_i.ptime  o100_i.time  o100_i.rmse o250_i.ptime 
       0.188        0.493        0.233        0.579        0.424        0.602 
 o250_i.time  o250_i.rmse o500_i.ptime  o500_i.time  o500_i.rmse  o25_d.ptime 
       0.124        0.320        1.681        0.129        0.262        0.605 
  o25_d.time   o25_d.rmse  o50_d.ptime   o50_d.time   o50_d.rmse o100_d.ptime 
       0.570        0.464        0.139        0.709        0.388        0.056 
 o100_d.time  o100_d.rmse o250_d.ptime  o250_d.time  o250_d.rmse o500_d.ptime 
       1.648        0.319        0.031        6.591        0.218        0.026 
 o500_d.time  o500_d.rmse  c25_i.ptime   c25_i.time   c25_i.rmse  c50_i.ptime 
      31.205        0.165        1.429        0.259        0.328        1.274 
  c50_i.time   c50_i.rmse c100_i.ptime  c100_i.time  c100_i.rmse c250_i.ptime 
       0.187        0.281        1.074        0.154        0.225        1.043 
 c250_i.time  c250_i.rmse c500_i.ptime  c500_i.time  c500_i.rmse  c25_d.ptime 
       0.140        0.183        2.041        0.149        0.152        2.158 
  c25_d.time   c25_d.rmse  c50_d.ptime   c50_d.time   c50_d.rmse c100_d.ptime 
       0.946        0.269        0.971        1.129        0.213        0.502 
 c100_d.time  c100_d.rmse c250_d.ptime  c250_d.time  c250_d.rmse c500_d.ptime 
       2.102        0.187        0.403        7.782        0.148        0.542 
 c500_d.time  c500_d.rmse    s25.ptime     s25.time     s25.rmse    s50.ptime 
      31.405        0.124        0.450        0.001        0.556        0.496 
    s50.time     s50.rmse   s100.ptime    s100.time    s100.rmse   s250.ptime 
       0.001        0.521        0.598        0.002        0.462        1.238 
   s250.time    s250.rmse   s500.ptime    s500.time    s500.rmse  s1000.ptime 
       0.007        0.369        1.543        0.015        0.256        3.206 
  s1000.time   s1000.rmse  s2500.ptime   s2500.time   s2500.rmse  s5000.ptime 
       0.029        0.189       18.655        0.081        0.116      121.611 
  s5000.time   s5000.rmse 
       0.158        0.080 
[1] 0.9219553
$full.time
[1] 0.11

$full.rmse
[1] 0.0569523

$full.time
[1] 0.11

$full.rmse
[1] 0.0569523

$l25.time
[1] 4.546

$l25.rmse
[1] 0.1958571

$l50.time
[1] 5.128

$l50.rmse
[1] 0.1663627

$l100.time
[1] 6.364

$l100.rmse
[1] 0.1328436

$l250.time
[1] 23.602

$l250.rmse
[1] 0.1004662

$l500.time
[1] 134.207

$l500.rmse
[1] 0.0860098

$o25_i.ptime
[1] 0.361

$o25_i.time
[1] 0.384

$o25_i.rmse
[1] 0.5787421

$o50_i.ptime
[1] 0.276

$o50_i.time
[1] 0.281

$o50_i.rmse
[1] 0.5136258

$o100_i.ptime
[1] 0.359

$o100_i.time
[1] 0.238

$o100_i.rmse
[1] 0.4373379

$o250_i.ptime
[1] 0.854

$o250_i.time
[1] 0.71

$o250_i.rmse
[1] 0.3149625

$o500_i.ptime
[1] 2.301

$o500_i.time
[1] 0.231

$o500_i.rmse
[1] 0.249415

$o25_d.ptime
[1] 0.821

$o25_d.time
[1] 0.946

$o25_d.rmse
[1] 0.4595788

$o50_d.ptime
[1] 0.189

$o50_d.time
[1] 1.185

$o50_d.rmse
[1] 0.4025773

$o100_d.ptime
[1] 0.077

$o100_d.time
[1] 2.392

$o100_d.rmse
[1] 0.3256961

$o250_d.ptime
[1] 0.035

$o250_d.time
[1] 8.126

$o250_d.rmse
[1] 0.2222941

$o500_d.ptime
[1] 0.025

$o500_d.time
[1] 30.483

$o500_d.rmse
[1] 0.162773

$c25_i.ptime
[1] 1.713

$c25_i.time
[1] 0.266

$c25_i.rmse
[1] 0.3284951

$c50_i.ptime
[1] 1.18

$c50_i.time
[1] 0.191

$c50_i.rmse
[1] 0.288286

$c100_i.ptime
[1] 0.793

$c100_i.time
[1] 0.156

$c100_i.rmse
[1] 0.2472201

$c250_i.ptime
[1] 0.995

$c250_i.time
[1] 0.144

$c250_i.rmse
[1] 0.1939321

$c500_i.ptime
[1] 2.167

$c500_i.time
[1] 0.15

$c500_i.rmse
[1] 0.1442428

$c25_d.ptime
[1] 1.939

$c25_d.time
[1] 0.98

$c25_d.rmse
[1] 0.2630991

$c50_d.ptime
[1] 1.116

$c50_d.time
[1] 1.21

$c50_d.rmse
[1] 0.2254202

$c100_d.ptime
[1] 0.72

$c100_d.time
[1] 2.167

$c100_d.rmse
[1] 0.189828

$c250_d.ptime
[1] 0.441

$c250_d.time
[1] 7.811

$c250_d.rmse
[1] 0.1485619

$c500_d.ptime
[1] 0.478

$c500_d.time
[1] 30.629

$c500_d.rmse
[1] 0.1227058

$s25.ptime
[1] 0.55

$s25.time
[1] 0.001

$s25.rmse
[1] 0.6995278

$s50.ptime
[1] 0.45

$s50.time
[1] 0.002

$s50.rmse
[1] 0.5624034

$s100.ptime
[1] 0.682

$s100.time
[1] 0.003

$s100.rmse
[1] 0.4685706

$s250.ptime
[1] 1.013

$s250.time
[1] 0.007

$s250.rmse
[1] 0.3635217

$s500.ptime
[1] 1.852

$s500.time
[1] 0.014

$s500.rmse
[1] 0.2646247

$s1000.ptime
[1] 3.276

$s1000.time
[1] 0.028

$s1000.rmse
[1] 0.1926627

$s2500.ptime
[1] 17.969

$s2500.time
[1] 0.073

$s2500.rmse
[1] 0.1123239

$s5000.ptime
[1] 123.761

$s5000.time
[1] 0.154

$s5000.rmse
[1] 0.07772394

        seed            p    full.time    full.rmse     l25.time     l25.rmse 
    2446.000       10.000        0.110        0.057        4.546        0.196 
    l50.time     l50.rmse    l100.time    l100.rmse    l250.time    l250.rmse 
       5.128        0.166        6.364        0.133       23.602        0.100 
   l500.time    l500.rmse  o25_i.ptime   o25_i.time   o25_i.rmse  o50_i.ptime 
     134.207        0.086        0.361        0.384        0.579        0.276 
  o50_i.time   o50_i.rmse o100_i.ptime  o100_i.time  o100_i.rmse o250_i.ptime 
       0.281        0.514        0.359        0.238        0.437        0.854 
 o250_i.time  o250_i.rmse o500_i.ptime  o500_i.time  o500_i.rmse  o25_d.ptime 
       0.710        0.315        2.301        0.231        0.249        0.821 
  o25_d.time   o25_d.rmse  o50_d.ptime   o50_d.time   o50_d.rmse o100_d.ptime 
       0.946        0.460        0.189        1.185        0.403        0.077 
 o100_d.time  o100_d.rmse o250_d.ptime  o250_d.time  o250_d.rmse o500_d.ptime 
       2.392        0.326        0.035        8.126        0.222        0.025 
 o500_d.time  o500_d.rmse  c25_i.ptime   c25_i.time   c25_i.rmse  c50_i.ptime 
      30.483        0.163        1.713        0.266        0.328        1.180 
  c50_i.time   c50_i.rmse c100_i.ptime  c100_i.time  c100_i.rmse c250_i.ptime 
       0.191        0.288        0.793        0.156        0.247        0.995 
 c250_i.time  c250_i.rmse c500_i.ptime  c500_i.time  c500_i.rmse  c25_d.ptime 
       0.144        0.194        2.167        0.150        0.144        1.939 
  c25_d.time   c25_d.rmse  c50_d.ptime   c50_d.time   c50_d.rmse c100_d.ptime 
       0.980        0.263        1.116        1.210        0.225        0.720 
 c100_d.time  c100_d.rmse c250_d.ptime  c250_d.time  c250_d.rmse c500_d.ptime 
       2.167        0.190        0.441        7.811        0.149        0.478 
 c500_d.time  c500_d.rmse    s25.ptime     s25.time     s25.rmse    s50.ptime 
      30.629        0.123        0.550        0.001        0.700        0.450 
    s50.time     s50.rmse   s100.ptime    s100.time    s100.rmse   s250.ptime 
       0.002        0.562        0.682        0.003        0.469        1.013 
   s250.time    s250.rmse   s500.ptime    s500.time    s500.rmse  s1000.ptime 
       0.007        0.364        1.852        0.014        0.265        3.276 
  s1000.time   s1000.rmse  s2500.ptime   s2500.time   s2500.rmse  s5000.ptime 
       0.028        0.193       17.969        0.073        0.112      123.761 
  s5000.time   s5000.rmse 
       0.154        0.078 
[1] 0.8511621
$full.time
[1] 0.102

$full.rmse
[1] 0.0612561

$full.time
[1] 0.102

$full.rmse
[1] 0.0612561

$l25.time
[1] 4.218

$l25.rmse
[1] 0.1879853

$l50.time
[1] 4.985

$l50.rmse
[1] 0.1599732

$l100.time
[1] 6.675

$l100.rmse
[1] 0.124194

$l250.time
[1] 22.412

$l250.rmse
[1] 0.102528

$l500.time
[1] 131.743

$l500.rmse
[1] 0.0851371

$o25_i.ptime
[1] 0.357

$o25_i.time
[1] 0.391

$o25_i.rmse
[1] 0.5444135

$o50_i.ptime
[1] 0.267

$o50_i.time
[1] 0.277

$o50_i.rmse
[1] 0.4915327

$o100_i.ptime
[1] 0.366

$o100_i.time
[1] 0.24

$o100_i.rmse
[1] 0.4366666

$o250_i.ptime
[1] 0.87

$o250_i.time
[1] 0.87

$o250_i.rmse
[1] 0.3104984

$o500_i.ptime
[1] 2.342

$o500_i.time
[1] 0.242

$o500_i.rmse
[1] 0.2383782

$o25_d.ptime
[1] 0.822

$o25_d.time
[1] 1.024

$o25_d.rmse
[1] 0.4329094

$o50_d.ptime
[1] 0.191

$o50_d.time
[1] 1.284

$o50_d.rmse
[1] 0.3867618

$o100_d.ptime
[1] 0.077

$o100_d.time
[1] 2.57

$o100_d.rmse
[1] 0.3366038

$o250_d.ptime
[1] 0.045

$o250_d.time
[1] 9.475

$o250_d.rmse
[1] 0.2175567

$o500_d.ptime
[1] 0.044

$o500_d.time
[1] 40.396

$o500_d.rmse
[1] 0.1608805

$c25_i.ptime
[1] 1.865

$c25_i.time
[1] 0.295

$c25_i.rmse
[1] 0.3391278

$c50_i.ptime
[1] 1.249

$c50_i.time
[1] 0.231

$c50_i.rmse
[1] 0.2658456

$c100_i.ptime
[1] 0.795

$c100_i.time
[1] 0.186

$c100_i.rmse
[1] 0.2299416

$c250_i.ptime
[1] 1.239

$c250_i.time
[1] 0.163

$c250_i.rmse
[1] 0.1818224

$c500_i.ptime
[1] 2.404

$c500_i.time
[1] 0.175

$c500_i.rmse
[1] 0.1489876

$c25_d.ptime
[1] 1.904

$c25_d.time
[1] 1.075

$c25_d.rmse
[1] 0.2749868

$c50_d.ptime
[1] 1.24

$c50_d.time
[1] 1.199

$c50_d.rmse
[1] 0.2146222

$c100_d.ptime
[1] 0.7

$c100_d.time
[1] 2.228

$c100_d.rmse
[1] 0.1860199

$c250_d.ptime
[1] 0.293

$c250_d.time
[1] 7.717

$c250_d.rmse
[1] 0.1444391

$c500_d.ptime
[1] 0.582

$c500_d.time
[1] 30.621

$c500_d.rmse
[1] 0.1147983

$s25.ptime
[1] 0.242

$s25.time
[1] 0

$s25.rmse
[1] 0.6790506

$s50.ptime
[1] 0.42

$s50.time
[1] 0.002

$s50.rmse
[1] 0.5683585

$s100.ptime
[1] 0.592

$s100.time
[1] 0.002

$s100.rmse
[1] 0.4751675

$s250.ptime
[1] 1.261

$s250.time
[1] 0.007

$s250.rmse
[1] 0.3617084

$s500.ptime
[1] 1.964

$s500.time
[1] 0.017

$s500.rmse
[1] 0.2632086

$s1000.ptime
[1] 3.486

$s1000.time
[1] 0.033

$s1000.rmse
[1] 0.1834951

$s2500.ptime
[1] 17.98

$s2500.time
[1] 0.07

$s2500.rmse
[1] 0.1108976

$s5000.ptime
[1] 122.359

$s5000.time
[1] 0.163

$s5000.rmse
[1] 0.07890556

        seed            p    full.time    full.rmse     l25.time     l25.rmse 
    2447.000       10.000        0.102        0.061        4.218        0.188 
    l50.time     l50.rmse    l100.time    l100.rmse    l250.time    l250.rmse 
       4.985        0.160        6.675        0.124       22.412        0.103 
   l500.time    l500.rmse  o25_i.ptime   o25_i.time   o25_i.rmse  o50_i.ptime 
     131.743        0.085        0.357        0.391        0.544        0.267 
  o50_i.time   o50_i.rmse o100_i.ptime  o100_i.time  o100_i.rmse o250_i.ptime 
       0.277        0.492        0.366        0.240        0.437        0.870 
 o250_i.time  o250_i.rmse o500_i.ptime  o500_i.time  o500_i.rmse  o25_d.ptime 
       0.870        0.310        2.342        0.242        0.238        0.822 
  o25_d.time   o25_d.rmse  o50_d.ptime   o50_d.time   o50_d.rmse o100_d.ptime 
       1.024        0.433        0.191        1.284        0.387        0.077 
 o100_d.time  o100_d.rmse o250_d.ptime  o250_d.time  o250_d.rmse o500_d.ptime 
       2.570        0.337        0.045        9.475        0.218        0.044 
 o500_d.time  o500_d.rmse  c25_i.ptime   c25_i.time   c25_i.rmse  c50_i.ptime 
      40.396        0.161        1.865        0.295        0.339        1.249 
  c50_i.time   c50_i.rmse c100_i.ptime  c100_i.time  c100_i.rmse c250_i.ptime 
       0.231        0.266        0.795        0.186        0.230        1.239 
 c250_i.time  c250_i.rmse c500_i.ptime  c500_i.time  c500_i.rmse  c25_d.ptime 
       0.163        0.182        2.404        0.175        0.149        1.904 
  c25_d.time   c25_d.rmse  c50_d.ptime   c50_d.time   c50_d.rmse c100_d.ptime 
       1.075        0.275        1.240        1.199        0.215        0.700 
 c100_d.time  c100_d.rmse c250_d.ptime  c250_d.time  c250_d.rmse c500_d.ptime 
       2.228        0.186        0.293        7.717        0.144        0.582 
 c500_d.time  c500_d.rmse    s25.ptime     s25.time     s25.rmse    s50.ptime 
      30.621        0.115        0.242        0.000        0.679        0.420 
    s50.time     s50.rmse   s100.ptime    s100.time    s100.rmse   s250.ptime 
       0.002        0.568        0.592        0.002        0.475        1.261 
   s250.time    s250.rmse   s500.ptime    s500.time    s500.rmse  s1000.ptime 
       0.007        0.362        1.964        0.017        0.263        3.486 
  s1000.time   s1000.rmse  s2500.ptime   s2500.time   s2500.rmse  s5000.ptime 
       0.033        0.183       17.980        0.070        0.111      122.359 
  s5000.time   s5000.rmse 
       0.163        0.079 
[1] 0.8936485
$full.time
[1] 0.095

$full.rmse
[1] 0.05898025

$full.time
[1] 0.095

$full.rmse
[1] 0.05898025

$l25.time
[1] 3.921

$l25.rmse
[1] 0.2032494

$l50.time
[1] 4.02

$l50.rmse
[1] 0.1637994

$l100.time
[1] 5.596

$l100.rmse
[1] 0.1285471

$l250.time
[1] 21.129

$l250.rmse
[1] 0.09954472

$l500.time
[1] 124.405

$l500.rmse
[1] 0.08477525

$o25_i.ptime
[1] 0.347

$o25_i.time
[1] 0.364

$o25_i.rmse
[1] 0.6161445

$o50_i.ptime
[1] 0.266

$o50_i.time
[1] 0.94

$o50_i.rmse
[1] 0.561473

$o100_i.ptime
[1] 0.355

$o100_i.time
[1] 0.257

$o100_i.rmse
[1] 0.4675869

$o250_i.ptime
[1] 0.865

$o250_i.time
[1] 0.215

$o250_i.rmse
[1] 0.3608282

$o500_i.ptime
[1] 2.263

$o500_i.time
[1] 0.223

$o500_i.rmse
[1] 0.2590904

$o25_d.ptime
[1] 0.808

$o25_d.time
[1] 0.981

$o25_d.rmse
[1] 0.5070995

$o50_d.ptime
[1] 0.174

$o50_d.time
[1] 1.258

$o50_d.rmse
[1] 0.434522

$o100_d.ptime
[1] 0.074

$o100_d.time
[1] 2.388

$o100_d.rmse
[1] 0.360547

$o250_d.ptime
[1] 0.063

$o250_d.time
[1] 9.458

$o250_d.rmse
[1] 0.2425288

$o500_d.ptime
[1] 0.056

$o500_d.time
[1] 50.784

$o500_d.rmse
[1] 0.1729309

$c25_i.ptime
[1] 1.992

$c25_i.time
[1] 0.402

$c25_i.rmse
[1] 0.3665702

$c50_i.ptime
[1] 1.385

$c50_i.time
[1] 0.299

$c50_i.rmse
[1] 0.311586

$c100_i.ptime
[1] 1.074

$c100_i.time
[1] 0.247

$c100_i.rmse
[1] 0.2376498

$c250_i.ptime
[1] 1.293

$c250_i.time
[1] 0.257

$c250_i.rmse
[1] 0.1987766

$c500_i.ptime
[1] 2.71

$c500_i.time
[1] 0.251

$c500_i.rmse
[1] 0.1567453

$c25_d.ptime
[1] 2.362

$c25_d.time
[1] 1.655

$c25_d.rmse
[1] 0.2837519

$c50_d.ptime
[1] 1.347

$c50_d.time
[1] 1.29

$c50_d.rmse
[1] 0.2318338

$c100_d.ptime
[1] 0.955

$c100_d.time
[1] 2.424

$c100_d.rmse
[1] 0.2008209

$c250_d.ptime
[1] 0.551

$c250_d.time
[1] 7.846

$c250_d.rmse
[1] 0.147368

$c500_d.ptime
[1] 0.686

$c500_d.time
[1] 30.561

$c500_d.rmse
[1] 0.1263439

$s25.ptime
[1] 0.323

$s25.time
[1] 0.001

$s25.rmse
[1] 0.6629061

$s50.ptime
[1] 0.4

$s50.time
[1] 0.001

$s50.rmse
[1] 0.6262285

$s100.ptime
[1] 0.654

$s100.time
[1] 0.002

$s100.rmse
[1] 0.510155

$s250.ptime
[1] 1.013

$s250.time
[1] 0.006

$s250.rmse
[1] 0.3998984

$s500.ptime
[1] 1.783

$s500.time
[1] 0.014

$s500.rmse
[1] 0.2743509

$s1000.ptime
[1] 3.216

$s1000.time
[1] 0.028

$s1000.rmse
[1] 0.1848778

$s2500.ptime
[1] 16.999

$s2500.time
[1] 0.071

$s2500.rmse
[1] 0.1084855

$s5000.ptime
[1] 106.667

$s5000.time
[1] 0.166

$s5000.rmse
[1] 0.07679803

        seed            p    full.time    full.rmse     l25.time     l25.rmse 
    2448.000       10.000        0.095        0.059        3.921        0.203 
    l50.time     l50.rmse    l100.time    l100.rmse    l250.time    l250.rmse 
       4.020        0.164        5.596        0.129       21.129        0.100 
   l500.time    l500.rmse  o25_i.ptime   o25_i.time   o25_i.rmse  o50_i.ptime 
     124.405        0.085        0.347        0.364        0.616        0.266 
  o50_i.time   o50_i.rmse o100_i.ptime  o100_i.time  o100_i.rmse o250_i.ptime 
       0.940        0.561        0.355        0.257        0.468        0.865 
 o250_i.time  o250_i.rmse o500_i.ptime  o500_i.time  o500_i.rmse  o25_d.ptime 
       0.215        0.361        2.263        0.223        0.259        0.808 
  o25_d.time   o25_d.rmse  o50_d.ptime   o50_d.time   o50_d.rmse o100_d.ptime 
       0.981        0.507        0.174        1.258        0.435        0.074 
 o100_d.time  o100_d.rmse o250_d.ptime  o250_d.time  o250_d.rmse o500_d.ptime 
       2.388        0.361        0.063        9.458        0.243        0.056 
 o500_d.time  o500_d.rmse  c25_i.ptime   c25_i.time   c25_i.rmse  c50_i.ptime 
      50.784        0.173        1.992        0.402        0.367        1.385 
  c50_i.time   c50_i.rmse c100_i.ptime  c100_i.time  c100_i.rmse c250_i.ptime 
       0.299        0.312        1.074        0.247        0.238        1.293 
 c250_i.time  c250_i.rmse c500_i.ptime  c500_i.time  c500_i.rmse  c25_d.ptime 
       0.257        0.199        2.710        0.251        0.157        2.362 
  c25_d.time   c25_d.rmse  c50_d.ptime   c50_d.time   c50_d.rmse c100_d.ptime 
       1.655        0.284        1.347        1.290        0.232        0.955 
 c100_d.time  c100_d.rmse c250_d.ptime  c250_d.time  c250_d.rmse c500_d.ptime 
       2.424        0.201        0.551        7.846        0.147        0.686 
 c500_d.time  c500_d.rmse    s25.ptime     s25.time     s25.rmse    s50.ptime 
      30.561        0.126        0.323        0.001        0.663        0.400 
    s50.time     s50.rmse   s100.ptime    s100.time    s100.rmse   s250.ptime 
       0.001        0.626        0.654        0.002        0.510        1.013 
   s250.time    s250.rmse   s500.ptime    s500.time    s500.rmse  s1000.ptime 
       0.006        0.400        1.783        0.014        0.274        3.216 
  s1000.time   s1000.rmse  s2500.ptime   s2500.time   s2500.rmse  s5000.ptime 
       0.028        0.185       16.999        0.071        0.108      106.667 
  s5000.time   s5000.rmse 
       0.166        0.077 
  seed  p full.time  full.rmse l25.time  l25.rmse l50.time  l50.rmse l100.time
1 2444 10     0.278 0.05829631    9.807 0.1886238    9.849 0.1555458    12.790
2 2445 10     0.183 0.06126204    6.491 0.1733616    6.436 0.1489802     5.890
3 2446 10     0.110 0.05695230    4.546 0.1958571    5.128 0.1663627     6.364
4 2447 10     0.102 0.06125610    4.218 0.1879853    4.985 0.1599732     6.675
5 2448 10     0.095 0.05898025    3.921 0.2032494    4.020 0.1637994     5.596
  l100.rmse l250.time  l250.rmse l500.time  l500.rmse o25_i.ptime o25_i.time
1 0.1273654    36.595 0.09879013   130.447 0.08585046       0.247      0.262
2 0.1293671    24.116 0.10181631   144.817 0.08805681       0.257      0.255
3 0.1328436    23.602 0.10046622   134.207 0.08600980       0.361      0.384
4 0.1241940    22.412 0.10252799   131.743 0.08513710       0.357      0.391
5 0.1285471    21.129 0.09954472   124.405 0.08477525       0.347      0.364
  o25_i.rmse o50_i.ptime o50_i.time o50_i.rmse o100_i.ptime o100_i.time
1  0.5945576       0.612      0.175  0.4963637        0.221       0.143
2  0.5493659       0.180      0.188  0.4934532        0.233       0.579
3  0.5787421       0.276      0.281  0.5136258        0.359       0.238
4  0.5444135       0.267      0.277  0.4915327        0.366       0.240
5  0.6161445       0.266      0.940  0.5614730        0.355       0.257
  o100_i.rmse o250_i.ptime o250_i.time o250_i.rmse o500_i.ptime o500_i.time
1   0.4390812        0.625       0.128   0.3239947        1.850       0.175
2   0.4236972        0.602       0.124   0.3204984        1.681       0.129
3   0.4373379        0.854       0.710   0.3149625        2.301       0.231
4   0.4366666        0.870       0.870   0.3104984        2.342       0.242
5   0.4675869        0.865       0.215   0.3608282        2.263       0.223
  o500_i.rmse o25_d.ptime o25_d.time o25_d.rmse o50_d.ptime o50_d.time
1   0.2475062       0.631      0.613  0.4666599       0.142      0.753
2   0.2619125       0.605      0.570  0.4642356       0.139      0.709
3   0.2494150       0.821      0.946  0.4595788       0.189      1.185
4   0.2383782       0.822      1.024  0.4329094       0.191      1.284
5   0.2590904       0.808      0.981  0.5070995       0.174      1.258
  o50_d.rmse o100_d.ptime o100_d.time o100_d.rmse o250_d.ptime o250_d.time
1  0.3876997        0.054       1.553   0.3156775        0.028       7.098
2  0.3879940        0.056       1.648   0.3190570        0.031       6.591
3  0.4025773        0.077       2.392   0.3256961        0.035       8.126
4  0.3867618        0.077       2.570   0.3366038        0.045       9.475
5  0.4345220        0.074       2.388   0.3605470        0.063       9.458
  o250_d.rmse o500_d.ptime o500_d.time o500_d.rmse c25_i.ptime c25_i.time
1   0.2321135        0.097      31.090   0.1547566       1.533      0.283
2   0.2179921        0.026      31.205   0.1647588       1.429      0.259
3   0.2222941        0.025      30.483   0.1627730       1.713      0.266
4   0.2175567        0.044      40.396   0.1608805       1.865      0.295
5   0.2425288        0.056      50.784   0.1729309       1.992      0.402
  c25_i.rmse c50_i.ptime c50_i.time c50_i.rmse c100_i.ptime c100_i.time
1  0.3323355       0.925      0.192  0.2865176        0.801       0.158
2  0.3281329       1.274      0.187  0.2809290        1.074       0.154
3  0.3284951       1.180      0.191  0.2882860        0.793       0.156
4  0.3391278       1.249      0.231  0.2658456        0.795       0.186
5  0.3665702       1.385      0.299  0.3115860        1.074       0.247
  c100_i.rmse c250_i.ptime c250_i.time c250_i.rmse c500_i.ptime c500_i.time
1   0.2385488        1.215       0.160   0.1815600        2.358       0.160
2   0.2253305        1.043       0.140   0.1831238        2.041       0.149
3   0.2472201        0.995       0.144   0.1939321        2.167       0.150
4   0.2299416        1.239       0.163   0.1818224        2.404       0.175
5   0.2376498        1.293       0.257   0.1987766        2.710       0.251
  c500_i.rmse c25_d.ptime c25_d.time c25_d.rmse c50_d.ptime c50_d.time
1   0.1520277       2.005      0.968  0.2654451       1.138      1.124
2   0.1518305       2.158      0.946  0.2689264       0.971      1.129
3   0.1442428       1.939      0.980  0.2630991       1.116      1.210
4   0.1489876       1.904      1.075  0.2749868       1.240      1.199
5   0.1567453       2.362      1.655  0.2837519       1.347      1.290
  c50_d.rmse c100_d.ptime c100_d.time c100_d.rmse c250_d.ptime c250_d.time
1  0.2235033        0.659       2.166   0.1862227        0.429       8.236
2  0.2125722        0.502       2.102   0.1868717        0.403       7.782
3  0.2254202        0.720       2.167   0.1898280        0.441       7.811
4  0.2146222        0.700       2.228   0.1860199        0.293       7.717
5  0.2318338        0.955       2.424   0.2008209        0.551       7.846
  c250_d.rmse c500_d.ptime c500_d.time c500_d.rmse s25.ptime s25.time  s25.rmse
1   0.1483405        0.477      30.920   0.1239903     0.322    0.001 0.7464294
2   0.1482762        0.542      31.405   0.1235382     0.450    0.001 0.5557944
3   0.1485619        0.478      30.629   0.1227058     0.550    0.001 0.6995278
4   0.1444391        0.582      30.621   0.1147983     0.242    0.000 0.6790506
5   0.1473680        0.686      30.561   0.1263439     0.323    0.001 0.6629061
  s50.ptime s50.time  s50.rmse s100.ptime s100.time s100.rmse s250.ptime
1     0.457    0.002 0.5706516      0.587     0.003 0.4606693      1.107
2     0.496    0.001 0.5205732      0.598     0.002 0.4624130      1.238
3     0.450    0.002 0.5624034      0.682     0.003 0.4685706      1.013
4     0.420    0.002 0.5683585      0.592     0.002 0.4751675      1.261
5     0.400    0.001 0.6262285      0.654     0.002 0.5101550      1.013
  s250.time s250.rmse s500.ptime s500.time s500.rmse s1000.ptime s1000.time
1     0.008 0.3431709      1.834     0.018 0.2494667       3.477      0.030
2     0.007 0.3691472      1.543     0.015 0.2558409       3.206      0.029
3     0.007 0.3635217      1.852     0.014 0.2646247       3.276      0.028
4     0.007 0.3617084      1.964     0.017 0.2632086       3.486      0.033
5     0.006 0.3998984      1.783     0.014 0.2743509       3.216      0.028
  s1000.rmse s2500.ptime s2500.time s2500.rmse s5000.ptime s5000.time
1  0.1838832      17.958      0.089  0.1106059     137.103      0.176
2  0.1890988      18.655      0.081  0.1162859     121.611      0.158
3  0.1926627      17.969      0.073  0.1123239     123.761      0.154
4  0.1834951      17.980      0.070  0.1108976     122.359      0.163
5  0.1848778      16.999      0.071  0.1084855     106.667      0.166
  s5000.rmse
1 0.07550633
2 0.08037200
3 0.07772394
4 0.07890556
5 0.07679803
> 
> proc.time()
    user   system  elapsed 
7579.775   46.098 7790.594 
