
R version 3.0.3 (2014-03-06) -- "Warm Puppy"
Copyright (C) 2014 The R Foundation for Statistical Computing
Platform: x86_64-unknown-linux-gnu (64-bit)

R is free software and comes with ABSOLUTELY NO WARRANTY.
You are welcome to redistribute it under certain conditions.
Type 'license()' or 'licence()' for distribution details.

  Natural language support but running in an English locale

R is a collaborative project with many contributors.
Type 'contributors()' for more information and
'citation()' on how to cite R or R packages in publications.

Type 'demo()' for some demos, 'help()' for on-line help, or
'help.start()' for an HTML browser interface to help.
Type 'q()' to quit R.

> print(.libPaths())
[1] "/usr/local/r-3.0.3/lib64/R/library"
> .libPaths("/mnt/home/rjparker/Rlib")
> print(.libPaths())
[1] "/mnt/home/rjparker/Rlib"            "/usr/local/r-3.0.3/lib64/R/library"
> setwd("/mnt/home/rjparker/git/block_int")
> 
> which_exp <- 5
> which_part <- 9
> source("R/sim_nblocks_pred.R")
Loading required package: spam
Loading required package: grid
Spam version 0.41-0 (2014-02-26) is loaded.
Type 'help( Spam)' or 'demo( spam)' for a short introduction 
and overview of this package.
Help for individual functions is also obtained by adding the
suffix '.spam' to the function name, e.g. 'help( chol.spam)'.

Attaching package: ‘spam’

The following objects are masked from ‘package:base’:

    backsolve, forwardsolve

Loading required package: maps
  pred  p   b tau Nper_p Npred Fzero sigma2
5 TRUE 10 1.5  10  10000  1000     0      1
[1] 0.7695198
$full.time
[1] 0.144

$full.rmse
[1] 0.05892741

$full.time
[1] 0.144

$full.rmse
[1] 0.05892741

$l25.time
[1] 4.873

$l25.rmse
[1] 0.1772385

$l50.time
[1] 4.902

$l50.rmse
[1] 0.1476908

$l100.time
[1] 7.212

$l100.rmse
[1] 0.123794

$l250.time
[1] 22.69

$l250.rmse
[1] 0.09735609

$l500.time
[1] 104.261

$l500.rmse
[1] 0.0861706

$o25_i.ptime
[1] 0.233

$o25_i.time
[1] 0.233

$o25_i.rmse
[1] 0.6145382

$o50_i.ptime
[1] 0.548

$o50_i.time
[1] 0.159

$o50_i.rmse
[1] 0.5111798

$o100_i.ptime
[1] 0.207

$o100_i.time
[1] 0.13

$o100_i.rmse
[1] 0.4230227

$o250_i.ptime
[1] 0.626

$o250_i.time
[1] 0.128

$o250_i.rmse
[1] 0.3299492

$o500_i.ptime
[1] 1.814

$o500_i.time
[1] 0.146

$o500_i.rmse
[1] 0.2382311

$o25_d.ptime
[1] 0.577

$o25_d.time
[1] 0.552

$o25_d.rmse
[1] 0.4726364

$o50_d.ptime
[1] 0.134

$o50_d.time
[1] 0.718

$o50_d.rmse
[1] 0.3940637

$o100_d.ptime
[1] 0.05

$o100_d.time
[1] 1.688

$o100_d.rmse
[1] 0.3055218

$o250_d.ptime
[1] 0.027

$o250_d.time
[1] 7.238

$o250_d.rmse
[1] 0.2228234

$o500_d.ptime
[1] 0.026

$o500_d.time
[1] 34.182

$o500_d.rmse
[1] 0.1572436

$c25_i.ptime
[1] 1.45

$c25_i.time
[1] 0.274

$c25_i.rmse
[1] 0.3143883

$c50_i.ptime
[1] 0.947

$c50_i.time
[1] 0.185

$c50_i.rmse
[1] 0.26188

$c100_i.ptime
[1] 0.815

$c100_i.time
[1] 0.155

$c100_i.rmse
[1] 0.2225579

$c250_i.ptime
[1] 1.036

$c250_i.time
[1] 0.142

$c250_i.rmse
[1] 0.1734668

$c500_i.ptime
[1] 2.175

$c500_i.time
[1] 0.166

$c500_i.rmse
[1] 0.1527383

$c25_d.ptime
[1] 1.743

$c25_d.time
[1] 0.942

$c25_d.rmse
[1] 0.2636725

$c50_d.ptime
[1] 0.86

$c50_d.time
[1] 1.124

$c50_d.rmse
[1] 0.2119674

$c100_d.ptime
[1] 0.624

$c100_d.time
[1] 2.145

$c100_d.rmse
[1] 0.1849886

$c250_d.ptime
[1] 0.387

$c250_d.time
[1] 8.584

$c250_d.rmse
[1] 0.1413567

$c500_d.ptime
[1] 0.31

$c500_d.time
[1] 37.479

$c500_d.rmse
[1] 0.1140864

$s25.ptime
[1] 0.329

$s25.time
[1] 0.001

$s25.rmse
[1] 0.6759453

$s50.ptime
[1] 0.55

$s50.time
[1] 0.002

$s50.rmse
[1] 0.6144112

$s100.ptime
[1] 0.563

$s100.time
[1] 0.003

$s100.rmse
[1] 0.4680022

$s250.ptime
[1] 1.083

$s250.time
[1] 0.008

$s250.rmse
[1] 0.3410573

$s500.ptime
[1] 1.633

$s500.time
[1] 0.017

$s500.rmse
[1] 0.252398

$s1000.ptime
[1] 3.252

$s1000.time
[1] 0.036

$s1000.rmse
[1] 0.1758816

$s2500.ptime
[1] 32.026

$s2500.time
[1] 0.094

$s2500.rmse
[1] 0.1118778

$s5000.ptime
[1] 238.678

$s5000.time
[1] 0.184

$s5000.rmse
[1] 0.07879919

        seed            p    full.time    full.rmse     l25.time     l25.rmse 
    2424.000       10.000        0.144        0.059        4.873        0.177 
    l50.time     l50.rmse    l100.time    l100.rmse    l250.time    l250.rmse 
       4.902        0.148        7.212        0.124       22.690        0.097 
   l500.time    l500.rmse  o25_i.ptime   o25_i.time   o25_i.rmse  o50_i.ptime 
     104.261        0.086        0.233        0.233        0.615        0.548 
  o50_i.time   o50_i.rmse o100_i.ptime  o100_i.time  o100_i.rmse o250_i.ptime 
       0.159        0.511        0.207        0.130        0.423        0.626 
 o250_i.time  o250_i.rmse o500_i.ptime  o500_i.time  o500_i.rmse  o25_d.ptime 
       0.128        0.330        1.814        0.146        0.238        0.577 
  o25_d.time   o25_d.rmse  o50_d.ptime   o50_d.time   o50_d.rmse o100_d.ptime 
       0.552        0.473        0.134        0.718        0.394        0.050 
 o100_d.time  o100_d.rmse o250_d.ptime  o250_d.time  o250_d.rmse o500_d.ptime 
       1.688        0.306        0.027        7.238        0.223        0.026 
 o500_d.time  o500_d.rmse  c25_i.ptime   c25_i.time   c25_i.rmse  c50_i.ptime 
      34.182        0.157        1.450        0.274        0.314        0.947 
  c50_i.time   c50_i.rmse c100_i.ptime  c100_i.time  c100_i.rmse c250_i.ptime 
       0.185        0.262        0.815        0.155        0.223        1.036 
 c250_i.time  c250_i.rmse c500_i.ptime  c500_i.time  c500_i.rmse  c25_d.ptime 
       0.142        0.173        2.175        0.166        0.153        1.743 
  c25_d.time   c25_d.rmse  c50_d.ptime   c50_d.time   c50_d.rmse c100_d.ptime 
       0.942        0.264        0.860        1.124        0.212        0.624 
 c100_d.time  c100_d.rmse c250_d.ptime  c250_d.time  c250_d.rmse c500_d.ptime 
       2.145        0.185        0.387        8.584        0.141        0.310 
 c500_d.time  c500_d.rmse    s25.ptime     s25.time     s25.rmse    s50.ptime 
      37.479        0.114        0.329        0.001        0.676        0.550 
    s50.time     s50.rmse   s100.ptime    s100.time    s100.rmse   s250.ptime 
       0.002        0.614        0.563        0.003        0.468        1.083 
   s250.time    s250.rmse   s500.ptime    s500.time    s500.rmse  s1000.ptime 
       0.008        0.341        1.633        0.017        0.252        3.252 
  s1000.time   s1000.rmse  s2500.ptime   s2500.time   s2500.rmse  s5000.ptime 
       0.036        0.176       32.026        0.094        0.112      238.678 
  s5000.time   s5000.rmse 
       0.184        0.079 
[1] 0.8031133
$full.time
[1] 0.112

$full.rmse
[1] 0.0586684

$full.time
[1] 0.112

$full.rmse
[1] 0.0586684

$l25.time
[1] 3.825

$l25.rmse
[1] 0.1869728

$l50.time
[1] 4.246

$l50.rmse
[1] 0.1544533

$l100.time
[1] 6.441

$l100.rmse
[1] 0.125918

$l250.time
[1] 22.923

$l250.rmse
[1] 0.09829962

$l500.time
[1] 112.741

$l500.rmse
[1] 0.08370347

$o25_i.ptime
[1] 0.306

$o25_i.time
[1] 0.322

$o25_i.rmse
[1] 0.5702938

$o50_i.ptime
[1] 0.216

$o50_i.time
[1] 0.202

$o50_i.rmse
[1] 0.4882428

$o100_i.ptime
[1] 0.894

$o100_i.time
[1] 0.176

$o100_i.rmse
[1] 0.4040814

$o250_i.ptime
[1] 0.863

$o250_i.time
[1] 0.182

$o250_i.rmse
[1] 0.3218191

$o500_i.ptime
[1] 2.62

$o500_i.time
[1] 0.175

$o500_i.rmse
[1] 0.2481348

$o25_d.ptime
[1] 0.617

$o25_d.time
[1] 0.581

$o25_d.rmse
[1] 0.4543293

$o50_d.ptime
[1] 0.131

$o50_d.time
[1] 0.768

$o50_d.rmse
[1] 0.3784042

$o100_d.ptime
[1] 0.052

$o100_d.time
[1] 1.711

$o100_d.rmse
[1] 0.301398

$o250_d.ptime
[1] 0.028

$o250_d.time
[1] 7.561

$o250_d.rmse
[1] 0.2325715

$o500_d.ptime
[1] 0.029

$o500_d.time
[1] 42.744

$o500_d.rmse
[1] 0.169381

$c25_i.ptime
[1] 1.656

$c25_i.time
[1] 0.304

$c25_i.rmse
[1] 0.3232193

$c50_i.ptime
[1] 0.996

$c50_i.time
[1] 0.182

$c50_i.rmse
[1] 0.2804821

$c100_i.ptime
[1] 0.853

$c100_i.time
[1] 0.152

$c100_i.rmse
[1] 0.2332694

$c250_i.ptime
[1] 1.119

$c250_i.time
[1] 0.139

$c250_i.rmse
[1] 0.1720307

$c500_i.ptime
[1] 2.243

$c500_i.time
[1] 0.189

$c500_i.rmse
[1] 0.1497514

$c25_d.ptime
[1] 2.058

$c25_d.time
[1] 1.068

$c25_d.rmse
[1] 0.2642519

$c50_d.ptime
[1] 1.179

$c50_d.time
[1] 1.317

$c50_d.rmse
[1] 0.2254371

$c100_d.ptime
[1] 0.576

$c100_d.time
[1] 2.567

$c100_d.rmse
[1] 0.1831523

$c250_d.ptime
[1] 0.463

$c250_d.time
[1] 9.414

$c250_d.rmse
[1] 0.1422859

$c500_d.ptime
[1] 0.501

$c500_d.time
[1] 44.818

$c500_d.rmse
[1] 0.1196327

$s25.ptime
[1] 0.305

$s25.time
[1] 0.001

$s25.rmse
[1] 0.569922

$s50.ptime
[1] 0.434

$s50.time
[1] 0.001

$s50.rmse
[1] 0.5429801

$s100.ptime
[1] 0.788

$s100.time
[1] 0.003

$s100.rmse
[1] 0.452887

$s250.ptime
[1] 1.071

$s250.time
[1] 0.007

$s250.rmse
[1] 0.3228323

$s500.ptime
[1] 1.646

$s500.time
[1] 0.018

$s500.rmse
[1] 0.2491408

$s1000.ptime
[1] 3.4

$s1000.time
[1] 0.038

$s1000.rmse
[1] 0.1877005

$s2500.ptime
[1] 29.215

$s2500.time
[1] 0.099

$s2500.rmse
[1] 0.1140826

$s5000.ptime
[1] 238.282

$s5000.time
[1] 0.194

$s5000.rmse
[1] 0.0788115

        seed            p    full.time    full.rmse     l25.time     l25.rmse 
    2425.000       10.000        0.112        0.059        3.825        0.187 
    l50.time     l50.rmse    l100.time    l100.rmse    l250.time    l250.rmse 
       4.246        0.154        6.441        0.126       22.923        0.098 
   l500.time    l500.rmse  o25_i.ptime   o25_i.time   o25_i.rmse  o50_i.ptime 
     112.741        0.084        0.306        0.322        0.570        0.216 
  o50_i.time   o50_i.rmse o100_i.ptime  o100_i.time  o100_i.rmse o250_i.ptime 
       0.202        0.488        0.894        0.176        0.404        0.863 
 o250_i.time  o250_i.rmse o500_i.ptime  o500_i.time  o500_i.rmse  o25_d.ptime 
       0.182        0.322        2.620        0.175        0.248        0.617 
  o25_d.time   o25_d.rmse  o50_d.ptime   o50_d.time   o50_d.rmse o100_d.ptime 
       0.581        0.454        0.131        0.768        0.378        0.052 
 o100_d.time  o100_d.rmse o250_d.ptime  o250_d.time  o250_d.rmse o500_d.ptime 
       1.711        0.301        0.028        7.561        0.233        0.029 
 o500_d.time  o500_d.rmse  c25_i.ptime   c25_i.time   c25_i.rmse  c50_i.ptime 
      42.744        0.169        1.656        0.304        0.323        0.996 
  c50_i.time   c50_i.rmse c100_i.ptime  c100_i.time  c100_i.rmse c250_i.ptime 
       0.182        0.280        0.853        0.152        0.233        1.119 
 c250_i.time  c250_i.rmse c500_i.ptime  c500_i.time  c500_i.rmse  c25_d.ptime 
       0.139        0.172        2.243        0.189        0.150        2.058 
  c25_d.time   c25_d.rmse  c50_d.ptime   c50_d.time   c50_d.rmse c100_d.ptime 
       1.068        0.264        1.179        1.317        0.225        0.576 
 c100_d.time  c100_d.rmse c250_d.ptime  c250_d.time  c250_d.rmse c500_d.ptime 
       2.567        0.183        0.463        9.414        0.142        0.501 
 c500_d.time  c500_d.rmse    s25.ptime     s25.time     s25.rmse    s50.ptime 
      44.818        0.120        0.305        0.001        0.570        0.434 
    s50.time     s50.rmse   s100.ptime    s100.time    s100.rmse   s250.ptime 
       0.001        0.543        0.788        0.003        0.453        1.071 
   s250.time    s250.rmse   s500.ptime    s500.time    s500.rmse  s1000.ptime 
       0.007        0.323        1.646        0.018        0.249        3.400 
  s1000.time   s1000.rmse  s2500.ptime   s2500.time   s2500.rmse  s5000.ptime 
       0.038        0.188       29.215        0.099        0.114      238.282 
  s5000.time   s5000.rmse 
       0.194        0.079 
[1] 0.8446623
$full.time
[1] 0.095

$full.rmse
[1] 0.05664106

$full.time
[1] 0.095

$full.rmse
[1] 0.05664106

$l25.time
[1] 3.947

$l25.rmse
[1] 0.1862441

$l50.time
[1] 4.121

$l50.rmse
[1] 0.1557702

$l100.time
[1] 5.744

$l100.rmse
[1] 0.1267209

$l250.time
[1] 21.198

$l250.rmse
[1] 0.09653059

$l500.time
[1] 105.813

$l500.rmse
[1] 0.08005814

$o25_i.ptime
[1] 0.257

$o25_i.time
[1] 0.265

$o25_i.rmse
[1] 0.5809391

$o50_i.ptime
[1] 0.183

$o50_i.time
[1] 0.185

$o50_i.rmse
[1] 0.4992977

$o100_i.ptime
[1] 0.234

$o100_i.time
[1] 0.153

$o100_i.rmse
[1] 0.4362566

$o250_i.ptime
[1] 0.644

$o250_i.time
[1] 0.576

$o250_i.rmse
[1] 0.3345129

$o500_i.ptime
[1] 1.801

$o500_i.time
[1] 0.149

$o500_i.rmse
[1] 0.2462624

$o25_d.ptime
[1] 0.599

$o25_d.time
[1] 0.605

$o25_d.rmse
[1] 0.4790867

$o50_d.ptime
[1] 0.135

$o50_d.time
[1] 0.784

$o50_d.rmse
[1] 0.3910086

$o100_d.ptime
[1] 0.06

$o100_d.time
[1] 1.623

$o100_d.rmse
[1] 0.3305712

$o250_d.ptime
[1] 0.027

$o250_d.time
[1] 7.782

$o250_d.rmse
[1] 0.2308383

$o500_d.ptime
[1] 0.025

$o500_d.time
[1] 34.759

$o500_d.rmse
[1] 0.1595655

$c25_i.ptime
[1] 1.608

$c25_i.time
[1] 0.272

$c25_i.rmse
[1] 0.3481362

$c50_i.ptime
[1] 1.103

$c50_i.time
[1] 0.186

$c50_i.rmse
[1] 0.2978257

$c100_i.ptime
[1] 0.736

$c100_i.time
[1] 0.155

$c100_i.rmse
[1] 0.2377178

$c250_i.ptime
[1] 1.085

$c250_i.time
[1] 0.14

$c250_i.rmse
[1] 0.1868628

$c500_i.ptime
[1] 2.37

$c500_i.time
[1] 0.157

$c500_i.rmse
[1] 0.1528309

$c25_d.ptime
[1] 2.172

$c25_d.time
[1] 0.985

$c25_d.rmse
[1] 0.2718635

$c50_d.ptime
[1] 1

$c50_d.time
[1] 1.223

$c50_d.rmse
[1] 0.2300287

$c100_d.ptime
[1] 0.793

$c100_d.time
[1] 2.313

$c100_d.rmse
[1] 0.1922255

$c250_d.ptime
[1] 0.359

$c250_d.time
[1] 8.608

$c250_d.rmse
[1] 0.1504225

$c500_d.ptime
[1] 0.48

$c500_d.time
[1] 40.684

$c500_d.rmse
[1] 0.118145

$s25.ptime
[1] 0.288

$s25.time
[1] 0.001

$s25.rmse
[1] 0.6467295

$s50.ptime
[1] 0.396

$s50.time
[1] 0.002

$s50.rmse
[1] 0.6443013

$s100.ptime
[1] 0.814

$s100.time
[1] 0.003

$s100.rmse
[1] 0.4867777

$s250.ptime
[1] 1.175

$s250.time
[1] 0.008

$s250.rmse
[1] 0.3428954

$s500.ptime
[1] 1.943

$s500.time
[1] 0.017

$s500.rmse
[1] 0.2757686

$s1000.ptime
[1] 3.422

$s1000.time
[1] 0.038

$s1000.rmse
[1] 0.1868813

$s2500.ptime
[1] 32.855

$s2500.time
[1] 0.095

$s2500.rmse
[1] 0.1090088

$s5000.ptime
[1] 202.712

$s5000.time
[1] 0.209

$s5000.rmse
[1] 0.07393084

        seed            p    full.time    full.rmse     l25.time     l25.rmse 
    2426.000       10.000        0.095        0.057        3.947        0.186 
    l50.time     l50.rmse    l100.time    l100.rmse    l250.time    l250.rmse 
       4.121        0.156        5.744        0.127       21.198        0.097 
   l500.time    l500.rmse  o25_i.ptime   o25_i.time   o25_i.rmse  o50_i.ptime 
     105.813        0.080        0.257        0.265        0.581        0.183 
  o50_i.time   o50_i.rmse o100_i.ptime  o100_i.time  o100_i.rmse o250_i.ptime 
       0.185        0.499        0.234        0.153        0.436        0.644 
 o250_i.time  o250_i.rmse o500_i.ptime  o500_i.time  o500_i.rmse  o25_d.ptime 
       0.576        0.335        1.801        0.149        0.246        0.599 
  o25_d.time   o25_d.rmse  o50_d.ptime   o50_d.time   o50_d.rmse o100_d.ptime 
       0.605        0.479        0.135        0.784        0.391        0.060 
 o100_d.time  o100_d.rmse o250_d.ptime  o250_d.time  o250_d.rmse o500_d.ptime 
       1.623        0.331        0.027        7.782        0.231        0.025 
 o500_d.time  o500_d.rmse  c25_i.ptime   c25_i.time   c25_i.rmse  c50_i.ptime 
      34.759        0.160        1.608        0.272        0.348        1.103 
  c50_i.time   c50_i.rmse c100_i.ptime  c100_i.time  c100_i.rmse c250_i.ptime 
       0.186        0.298        0.736        0.155        0.238        1.085 
 c250_i.time  c250_i.rmse c500_i.ptime  c500_i.time  c500_i.rmse  c25_d.ptime 
       0.140        0.187        2.370        0.157        0.153        2.172 
  c25_d.time   c25_d.rmse  c50_d.ptime   c50_d.time   c50_d.rmse c100_d.ptime 
       0.985        0.272        1.000        1.223        0.230        0.793 
 c100_d.time  c100_d.rmse c250_d.ptime  c250_d.time  c250_d.rmse c500_d.ptime 
       2.313        0.192        0.359        8.608        0.150        0.480 
 c500_d.time  c500_d.rmse    s25.ptime     s25.time     s25.rmse    s50.ptime 
      40.684        0.118        0.288        0.001        0.647        0.396 
    s50.time     s50.rmse   s100.ptime    s100.time    s100.rmse   s250.ptime 
       0.002        0.644        0.814        0.003        0.487        1.175 
   s250.time    s250.rmse   s500.ptime    s500.time    s500.rmse  s1000.ptime 
       0.008        0.343        1.943        0.017        0.276        3.422 
  s1000.time   s1000.rmse  s2500.ptime   s2500.time   s2500.rmse  s5000.ptime 
       0.038        0.187       32.855        0.095        0.109      202.712 
  s5000.time   s5000.rmse 
       0.209        0.074 
[1] 0.7920765
$full.time
[1] 0.104

$full.rmse
[1] 0.06193056

$full.time
[1] 0.104

$full.rmse
[1] 0.06193056

$l25.time
[1] 4.102

$l25.rmse
[1] 0.1993528

$l50.time
[1] 4.661

$l50.rmse
[1] 0.1677058

$l100.time
[1] 6.29

$l100.rmse
[1] 0.1320447

$l250.time
[1] 22.526

$l250.rmse
[1] 0.1028035

$l500.time
[1] 107.022

$l500.rmse
[1] 0.08830118

$o25_i.ptime
[1] 0.249

$o25_i.time
[1] 0.249

$o25_i.rmse
[1] 0.5704345

$o50_i.ptime
[1] 0.174

$o50_i.time
[1] 0.184

$o50_i.rmse
[1] 0.5399305

$o100_i.ptime
[1] 0.233

$o100_i.time
[1] 0.155

$o100_i.rmse
[1] 0.4504076

$o250_i.ptime
[1] 0.645

$o250_i.time
[1] 0.591

$o250_i.rmse
[1] 0.3314101

$o500_i.ptime
[1] 1.757

$o500_i.time
[1] 0.145

$o500_i.rmse
[1] 0.2594639

$o25_d.ptime
[1] 0.607

$o25_d.time
[1] 0.624

$o25_d.rmse
[1] 0.4815506

$o50_d.ptime
[1] 0.137

$o50_d.time
[1] 0.824

$o50_d.rmse
[1] 0.4232729

$o100_d.ptime
[1] 0.061

$o100_d.time
[1] 1.776

$o100_d.rmse
[1] 0.3391868

$o250_d.ptime
[1] 0.034

$o250_d.time
[1] 8.45

$o250_d.rmse
[1] 0.2352207

$o500_d.ptime
[1] 0.11

$o500_d.time
[1] 38.141

$o500_d.rmse
[1] 0.1692669

$c25_i.ptime
[1] 1.488

$c25_i.time
[1] 0.322

$c25_i.rmse
[1] 0.3411327

$c50_i.ptime
[1] 1.056

$c50_i.time
[1] 0.209

$c50_i.rmse
[1] 0.2708

$c100_i.ptime
[1] 0.751

$c100_i.time
[1] 0.188

$c100_i.rmse
[1] 0.2447865

$c250_i.ptime
[1] 1.211

$c250_i.time
[1] 0.177

$c250_i.rmse
[1] 0.1818966

$c500_i.ptime
[1] 2.117

$c500_i.time
[1] 0.157

$c500_i.rmse
[1] 0.1656235

$c25_d.ptime
[1] 1.661

$c25_d.time
[1] 0.976

$c25_d.rmse
[1] 0.2762138

$c50_d.ptime
[1] 0.965

$c50_d.time
[1] 1.191

$c50_d.rmse
[1] 0.233834

$c100_d.ptime
[1] 0.531

$c100_d.time
[1] 2.292

$c100_d.rmse
[1] 0.1952385

$c250_d.ptime
[1] 0.321

$c250_d.time
[1] 8.476

$c250_d.rmse
[1] 0.1528097

$c500_d.ptime
[1] 0.37

$c500_d.time
[1] 38.477

$c500_d.rmse
[1] 0.1219526

$s25.ptime
[1] 0.405

$s25.time
[1] 0.001

$s25.rmse
[1] 0.7016054

$s50.ptime
[1] 0.744

$s50.time
[1] 0.001

$s50.rmse
[1] 0.5834363

$s100.ptime
[1] 0.486

$s100.time
[1] 0.003

$s100.rmse
[1] 0.4688581

$s250.ptime
[1] 1

$s250.time
[1] 0.007

$s250.rmse
[1] 0.3580042

$s500.ptime
[1] 1.911

$s500.time
[1] 0.017

$s500.rmse
[1] 0.2738662

$s1000.ptime
[1] 3.286

$s1000.time
[1] 0.039

$s1000.rmse
[1] 0.20021

$s2500.ptime
[1] 35.054

$s2500.time
[1] 0.095

$s2500.rmse
[1] 0.1188145

$s5000.ptime
[1] 236.896

$s5000.time
[1] 0.203

$s5000.rmse
[1] 0.08017792

        seed            p    full.time    full.rmse     l25.time     l25.rmse 
    2427.000       10.000        0.104        0.062        4.102        0.199 
    l50.time     l50.rmse    l100.time    l100.rmse    l250.time    l250.rmse 
       4.661        0.168        6.290        0.132       22.526        0.103 
   l500.time    l500.rmse  o25_i.ptime   o25_i.time   o25_i.rmse  o50_i.ptime 
     107.022        0.088        0.249        0.249        0.570        0.174 
  o50_i.time   o50_i.rmse o100_i.ptime  o100_i.time  o100_i.rmse o250_i.ptime 
       0.184        0.540        0.233        0.155        0.450        0.645 
 o250_i.time  o250_i.rmse o500_i.ptime  o500_i.time  o500_i.rmse  o25_d.ptime 
       0.591        0.331        1.757        0.145        0.259        0.607 
  o25_d.time   o25_d.rmse  o50_d.ptime   o50_d.time   o50_d.rmse o100_d.ptime 
       0.624        0.482        0.137        0.824        0.423        0.061 
 o100_d.time  o100_d.rmse o250_d.ptime  o250_d.time  o250_d.rmse o500_d.ptime 
       1.776        0.339        0.034        8.450        0.235        0.110 
 o500_d.time  o500_d.rmse  c25_i.ptime   c25_i.time   c25_i.rmse  c50_i.ptime 
      38.141        0.169        1.488        0.322        0.341        1.056 
  c50_i.time   c50_i.rmse c100_i.ptime  c100_i.time  c100_i.rmse c250_i.ptime 
       0.209        0.271        0.751        0.188        0.245        1.211 
 c250_i.time  c250_i.rmse c500_i.ptime  c500_i.time  c500_i.rmse  c25_d.ptime 
       0.177        0.182        2.117        0.157        0.166        1.661 
  c25_d.time   c25_d.rmse  c50_d.ptime   c50_d.time   c50_d.rmse c100_d.ptime 
       0.976        0.276        0.965        1.191        0.234        0.531 
 c100_d.time  c100_d.rmse c250_d.ptime  c250_d.time  c250_d.rmse c500_d.ptime 
       2.292        0.195        0.321        8.476        0.153        0.370 
 c500_d.time  c500_d.rmse    s25.ptime     s25.time     s25.rmse    s50.ptime 
      38.477        0.122        0.405        0.001        0.702        0.744 
    s50.time     s50.rmse   s100.ptime    s100.time    s100.rmse   s250.ptime 
       0.001        0.583        0.486        0.003        0.469        1.000 
   s250.time    s250.rmse   s500.ptime    s500.time    s500.rmse  s1000.ptime 
       0.007        0.358        1.911        0.017        0.274        3.286 
  s1000.time   s1000.rmse  s2500.ptime   s2500.time   s2500.rmse  s5000.ptime 
       0.039        0.200       35.054        0.095        0.119      236.896 
  s5000.time   s5000.rmse 
       0.203        0.080 
[1] 0.9056751
$full.time
[1] 0.118

$full.rmse
[1] 0.05772315

$full.time
[1] 0.118

$full.rmse
[1] 0.05772315

$l25.time
[1] 3.946

$l25.rmse
[1] 0.1974709

$l50.time
[1] 4.036

$l50.rmse
[1] 0.1556731

$l100.time
[1] 5.652

$l100.rmse
[1] 0.1230294

$l250.time
[1] 21.402

$l250.rmse
[1] 0.09495228

$l500.time
[1] 105.121

$l500.rmse
[1] 0.08186495

$o25_i.ptime
[1] 0.237

$o25_i.time
[1] 0.247

$o25_i.rmse
[1] 0.6145951

$o50_i.ptime
[1] 0.17

$o50_i.time
[1] 0.558

$o50_i.rmse
[1] 0.5330619

$o100_i.ptime
[1] 0.22

$o100_i.time
[1] 0.143

$o100_i.rmse
[1] 0.4589814

$o250_i.ptime
[1] 0.617

$o250_i.time
[1] 0.13

$o250_i.rmse
[1] 0.3178555

$o500_i.ptime
[1] 1.732

$o500_i.time
[1] 0.142

$o500_i.rmse
[1] 0.2533043

$o25_d.ptime
[1] 0.611

$o25_d.time
[1] 0.618

$o25_d.rmse
[1] 0.4948628

$o50_d.ptime
[1] 0.147

$o50_d.time
[1] 0.781

$o50_d.rmse
[1] 0.4071747

$o100_d.ptime
[1] 0.053

$o100_d.time
[1] 1.705

$o100_d.rmse
[1] 0.3244121

$o250_d.ptime
[1] 0.03

$o250_d.time
[1] 8.136

$o250_d.rmse
[1] 0.2310478

$o500_d.ptime
[1] 0.084

$o500_d.time
[1] 37.128

$o500_d.rmse
[1] 0.1632843

$c25_i.ptime
[1] 1.394

$c25_i.time
[1] 0.274

$c25_i.rmse
[1] 0.3425345

$c50_i.ptime
[1] 1.107

$c50_i.time
[1] 0.202

$c50_i.rmse
[1] 0.2876037

$c100_i.ptime
[1] 0.918

$c100_i.time
[1] 0.169

$c100_i.rmse
[1] 0.2508807

$c250_i.ptime
[1] 0.941

$c250_i.time
[1] 0.161

$c250_i.rmse
[1] 0.1805239

$c500_i.ptime
[1] 2.218

$c500_i.time
[1] 0.167

$c500_i.rmse
[1] 0.1487001

$c25_d.ptime
[1] 1.749

$c25_d.time
[1] 1.038

$c25_d.rmse
[1] 0.2716449

$c50_d.ptime
[1] 1.081

$c50_d.time
[1] 1.247

$c50_d.rmse
[1] 0.2169754

$c100_d.ptime
[1] 0.654

$c100_d.time
[1] 2.369

$c100_d.rmse
[1] 0.1856123

$c250_d.ptime
[1] 0.51

$c250_d.time
[1] 8.586

$c250_d.rmse
[1] 0.143161

$c500_d.ptime
[1] 0.322

$c500_d.time
[1] 36.557

$c500_d.rmse
[1] 0.1272589

$s25.ptime
[1] 0.56

$s25.time
[1] 0.001

$s25.rmse
[1] 0.7419535

$s50.ptime
[1] 0.588

$s50.time
[1] 0.001

$s50.rmse
[1] 0.6461859

$s100.ptime
[1] 0.622

$s100.time
[1] 0.003

$s100.rmse
[1] 0.5195833

$s250.ptime
[1] 1.369

$s250.time
[1] 0.009

$s250.rmse
[1] 0.3640032

$s500.ptime
[1] 1.941

$s500.time
[1] 0.017

$s500.rmse
[1] 0.2624633

$s1000.ptime
[1] 3.336

$s1000.time
[1] 0.037

$s1000.rmse
[1] 0.1811697

$s2500.ptime
[1] 18.562

$s2500.time
[1] 0.095

$s2500.rmse
[1] 0.1114465

$s5000.ptime
[1] 273.887

$s5000.time
[1] 0.201

$s5000.rmse
[1] 0.07529208

        seed            p    full.time    full.rmse     l25.time     l25.rmse 
    2428.000       10.000        0.118        0.058        3.946        0.197 
    l50.time     l50.rmse    l100.time    l100.rmse    l250.time    l250.rmse 
       4.036        0.156        5.652        0.123       21.402        0.095 
   l500.time    l500.rmse  o25_i.ptime   o25_i.time   o25_i.rmse  o50_i.ptime 
     105.121        0.082        0.237        0.247        0.615        0.170 
  o50_i.time   o50_i.rmse o100_i.ptime  o100_i.time  o100_i.rmse o250_i.ptime 
       0.558        0.533        0.220        0.143        0.459        0.617 
 o250_i.time  o250_i.rmse o500_i.ptime  o500_i.time  o500_i.rmse  o25_d.ptime 
       0.130        0.318        1.732        0.142        0.253        0.611 
  o25_d.time   o25_d.rmse  o50_d.ptime   o50_d.time   o50_d.rmse o100_d.ptime 
       0.618        0.495        0.147        0.781        0.407        0.053 
 o100_d.time  o100_d.rmse o250_d.ptime  o250_d.time  o250_d.rmse o500_d.ptime 
       1.705        0.324        0.030        8.136        0.231        0.084 
 o500_d.time  o500_d.rmse  c25_i.ptime   c25_i.time   c25_i.rmse  c50_i.ptime 
      37.128        0.163        1.394        0.274        0.343        1.107 
  c50_i.time   c50_i.rmse c100_i.ptime  c100_i.time  c100_i.rmse c250_i.ptime 
       0.202        0.288        0.918        0.169        0.251        0.941 
 c250_i.time  c250_i.rmse c500_i.ptime  c500_i.time  c500_i.rmse  c25_d.ptime 
       0.161        0.181        2.218        0.167        0.149        1.749 
  c25_d.time   c25_d.rmse  c50_d.ptime   c50_d.time   c50_d.rmse c100_d.ptime 
       1.038        0.272        1.081        1.247        0.217        0.654 
 c100_d.time  c100_d.rmse c250_d.ptime  c250_d.time  c250_d.rmse c500_d.ptime 
       2.369        0.186        0.510        8.586        0.143        0.322 
 c500_d.time  c500_d.rmse    s25.ptime     s25.time     s25.rmse    s50.ptime 
      36.557        0.127        0.560        0.001        0.742        0.588 
    s50.time     s50.rmse   s100.ptime    s100.time    s100.rmse   s250.ptime 
       0.001        0.646        0.622        0.003        0.520        1.369 
   s250.time    s250.rmse   s500.ptime    s500.time    s500.rmse  s1000.ptime 
       0.009        0.364        1.941        0.017        0.262        3.336 
  s1000.time   s1000.rmse  s2500.ptime   s2500.time   s2500.rmse  s5000.ptime 
       0.037        0.181       18.562        0.095        0.111      273.887 
  s5000.time   s5000.rmse 
       0.201        0.075 
  seed  p full.time  full.rmse l25.time  l25.rmse l50.time  l50.rmse l100.time
1 2424 10     0.144 0.05892741    4.873 0.1772385    4.902 0.1476908     7.212
2 2425 10     0.112 0.05866840    3.825 0.1869728    4.246 0.1544533     6.441
3 2426 10     0.095 0.05664106    3.947 0.1862441    4.121 0.1557702     5.744
4 2427 10     0.104 0.06193056    4.102 0.1993528    4.661 0.1677058     6.290
5 2428 10     0.118 0.05772315    3.946 0.1974709    4.036 0.1556731     5.652
  l100.rmse l250.time  l250.rmse l500.time  l500.rmse o25_i.ptime o25_i.time
1 0.1237940    22.690 0.09735609   104.261 0.08617060       0.233      0.233
2 0.1259180    22.923 0.09829962   112.741 0.08370347       0.306      0.322
3 0.1267209    21.198 0.09653059   105.813 0.08005814       0.257      0.265
4 0.1320447    22.526 0.10280355   107.022 0.08830118       0.249      0.249
5 0.1230294    21.402 0.09495228   105.121 0.08186495       0.237      0.247
  o25_i.rmse o50_i.ptime o50_i.time o50_i.rmse o100_i.ptime o100_i.time
1  0.6145382       0.548      0.159  0.5111798        0.207       0.130
2  0.5702938       0.216      0.202  0.4882428        0.894       0.176
3  0.5809391       0.183      0.185  0.4992977        0.234       0.153
4  0.5704345       0.174      0.184  0.5399305        0.233       0.155
5  0.6145951       0.170      0.558  0.5330619        0.220       0.143
  o100_i.rmse o250_i.ptime o250_i.time o250_i.rmse o500_i.ptime o500_i.time
1   0.4230227        0.626       0.128   0.3299492        1.814       0.146
2   0.4040814        0.863       0.182   0.3218191        2.620       0.175
3   0.4362566        0.644       0.576   0.3345129        1.801       0.149
4   0.4504076        0.645       0.591   0.3314101        1.757       0.145
5   0.4589814        0.617       0.130   0.3178555        1.732       0.142
  o500_i.rmse o25_d.ptime o25_d.time o25_d.rmse o50_d.ptime o50_d.time
1   0.2382311       0.577      0.552  0.4726364       0.134      0.718
2   0.2481348       0.617      0.581  0.4543293       0.131      0.768
3   0.2462624       0.599      0.605  0.4790867       0.135      0.784
4   0.2594639       0.607      0.624  0.4815506       0.137      0.824
5   0.2533043       0.611      0.618  0.4948628       0.147      0.781
  o50_d.rmse o100_d.ptime o100_d.time o100_d.rmse o250_d.ptime o250_d.time
1  0.3940637        0.050       1.688   0.3055218        0.027       7.238
2  0.3784042        0.052       1.711   0.3013980        0.028       7.561
3  0.3910086        0.060       1.623   0.3305712        0.027       7.782
4  0.4232729        0.061       1.776   0.3391868        0.034       8.450
5  0.4071747        0.053       1.705   0.3244121        0.030       8.136
  o250_d.rmse o500_d.ptime o500_d.time o500_d.rmse c25_i.ptime c25_i.time
1   0.2228234        0.026      34.182   0.1572436       1.450      0.274
2   0.2325715        0.029      42.744   0.1693810       1.656      0.304
3   0.2308383        0.025      34.759   0.1595655       1.608      0.272
4   0.2352207        0.110      38.141   0.1692669       1.488      0.322
5   0.2310478        0.084      37.128   0.1632843       1.394      0.274
  c25_i.rmse c50_i.ptime c50_i.time c50_i.rmse c100_i.ptime c100_i.time
1  0.3143883       0.947      0.185  0.2618800        0.815       0.155
2  0.3232193       0.996      0.182  0.2804821        0.853       0.152
3  0.3481362       1.103      0.186  0.2978257        0.736       0.155
4  0.3411327       1.056      0.209  0.2708000        0.751       0.188
5  0.3425345       1.107      0.202  0.2876037        0.918       0.169
  c100_i.rmse c250_i.ptime c250_i.time c250_i.rmse c500_i.ptime c500_i.time
1   0.2225579        1.036       0.142   0.1734668        2.175       0.166
2   0.2332694        1.119       0.139   0.1720307        2.243       0.189
3   0.2377178        1.085       0.140   0.1868628        2.370       0.157
4   0.2447865        1.211       0.177   0.1818966        2.117       0.157
5   0.2508807        0.941       0.161   0.1805239        2.218       0.167
  c500_i.rmse c25_d.ptime c25_d.time c25_d.rmse c50_d.ptime c50_d.time
1   0.1527383       1.743      0.942  0.2636725       0.860      1.124
2   0.1497514       2.058      1.068  0.2642519       1.179      1.317
3   0.1528309       2.172      0.985  0.2718635       1.000      1.223
4   0.1656235       1.661      0.976  0.2762138       0.965      1.191
5   0.1487001       1.749      1.038  0.2716449       1.081      1.247
  c50_d.rmse c100_d.ptime c100_d.time c100_d.rmse c250_d.ptime c250_d.time
1  0.2119674        0.624       2.145   0.1849886        0.387       8.584
2  0.2254371        0.576       2.567   0.1831523        0.463       9.414
3  0.2300287        0.793       2.313   0.1922255        0.359       8.608
4  0.2338340        0.531       2.292   0.1952385        0.321       8.476
5  0.2169754        0.654       2.369   0.1856123        0.510       8.586
  c250_d.rmse c500_d.ptime c500_d.time c500_d.rmse s25.ptime s25.time  s25.rmse
1   0.1413567        0.310      37.479   0.1140864     0.329    0.001 0.6759453
2   0.1422859        0.501      44.818   0.1196327     0.305    0.001 0.5699220
3   0.1504225        0.480      40.684   0.1181450     0.288    0.001 0.6467295
4   0.1528097        0.370      38.477   0.1219526     0.405    0.001 0.7016054
5   0.1431610        0.322      36.557   0.1272589     0.560    0.001 0.7419535
  s50.ptime s50.time  s50.rmse s100.ptime s100.time s100.rmse s250.ptime
1     0.550    0.002 0.6144112      0.563     0.003 0.4680022      1.083
2     0.434    0.001 0.5429801      0.788     0.003 0.4528870      1.071
3     0.396    0.002 0.6443013      0.814     0.003 0.4867777      1.175
4     0.744    0.001 0.5834363      0.486     0.003 0.4688581      1.000
5     0.588    0.001 0.6461859      0.622     0.003 0.5195833      1.369
  s250.time s250.rmse s500.ptime s500.time s500.rmse s1000.ptime s1000.time
1     0.008 0.3410573      1.633     0.017 0.2523980       3.252      0.036
2     0.007 0.3228323      1.646     0.018 0.2491408       3.400      0.038
3     0.008 0.3428954      1.943     0.017 0.2757686       3.422      0.038
4     0.007 0.3580042      1.911     0.017 0.2738662       3.286      0.039
5     0.009 0.3640032      1.941     0.017 0.2624633       3.336      0.037
  s1000.rmse s2500.ptime s2500.time s2500.rmse s5000.ptime s5000.time
1  0.1758816      32.026      0.094  0.1118778     238.678      0.184
2  0.1877005      29.215      0.099  0.1140826     238.282      0.194
3  0.1868813      32.855      0.095  0.1090088     202.712      0.209
4  0.2002100      35.054      0.095  0.1188145     236.896      0.203
5  0.1811697      18.562      0.095  0.1114465     273.887      0.201
  s5000.rmse
1 0.07879919
2 0.07881150
3 0.07393084
4 0.08017792
5 0.07529208
> 
> proc.time()
    user   system  elapsed 
4462.745   57.006 4602.911 
