
R version 3.0.3 (2014-03-06) -- "Warm Puppy"
Copyright (C) 2014 The R Foundation for Statistical Computing
Platform: x86_64-unknown-linux-gnu (64-bit)

R is free software and comes with ABSOLUTELY NO WARRANTY.
You are welcome to redistribute it under certain conditions.
Type 'license()' or 'licence()' for distribution details.

  Natural language support but running in an English locale

R is a collaborative project with many contributors.
Type 'contributors()' for more information and
'citation()' on how to cite R or R packages in publications.

Type 'demo()' for some demos, 'help()' for on-line help, or
'help.start()' for an HTML browser interface to help.
Type 'q()' to quit R.

> print(.libPaths())
[1] "/usr/local/r-3.0.3/lib64/R/library"
> .libPaths("/mnt/home/rjparker/Rlib")
> print(.libPaths())
[1] "/mnt/home/rjparker/Rlib"            "/usr/local/r-3.0.3/lib64/R/library"
> setwd("/mnt/home/rjparker/git/block_int")
> 
> which_exp <- 5
> which_part <- 2
> source("R/sim_nblocks_pred.R")
Loading required package: spam
Loading required package: grid
Spam version 0.41-0 (2014-02-26) is loaded.
Type 'help( Spam)' or 'demo( spam)' for a short introduction 
and overview of this package.
Help for individual functions is also obtained by adding the
suffix '.spam' to the function name, e.g. 'help( chol.spam)'.

Attaching package: ‘spam’

The following objects are masked from ‘package:base’:

    backsolve, forwardsolve

Loading required package: maps
  pred  p   b tau Nper_p Npred Fzero sigma2
5 TRUE 10 1.5  10  10000  1000     0      1
[1] 0.8523723
$full.time
[1] 0.179

$full.rmse
[1] 0.05844264

$full.time
[1] 0.179

$full.rmse
[1] 0.05844264

$l25.time
[1] 4.314

$l25.rmse
[1] 0.1974749

$l50.time
[1] 4.304

$l50.rmse
[1] 0.1594454

$l100.time
[1] 5.676

$l100.rmse
[1] 0.1273003

$l250.time
[1] 21.761

$l250.rmse
[1] 0.09602851

$l500.time
[1] 112.527

$l500.rmse
[1] 0.08348322

$o25_i.ptime
[1] 0.379

$o25_i.time
[1] 0.33

$o25_i.rmse
[1] 0.5861025

$o50_i.ptime
[1] 0.777

$o50_i.time
[1] 0.192

$o50_i.rmse
[1] 0.5278108

$o100_i.ptime
[1] 0.288

$o100_i.time
[1] 0.246

$o100_i.rmse
[1] 0.4366435

$o250_i.ptime
[1] 0.795

$o250_i.time
[1] 0.203

$o250_i.rmse
[1] 0.3384172

$o500_i.ptime
[1] 2.392

$o500_i.time
[1] 0.191

$o500_i.rmse
[1] 0.2565037

$o25_d.ptime
[1] 0.756

$o25_d.time
[1] 0.743

$o25_d.rmse
[1] 0.4796035

$o50_d.ptime
[1] 0.177

$o50_d.time
[1] 1.099

$o50_d.rmse
[1] 0.4108759

$o100_d.ptime
[1] 0.082

$o100_d.time
[1] 2.201

$o100_d.rmse
[1] 0.3221

$o250_d.ptime
[1] 0.046

$o250_d.time
[1] 10.687

$o250_d.rmse
[1] 0.2406547

$o500_d.ptime
[1] 0.064

$o500_d.time
[1] 62.701

$o500_d.rmse
[1] 0.167191

$c25_i.ptime
[1] 1.791

$c25_i.time
[1] 0.336

$c25_i.rmse
[1] 0.346049

$c50_i.ptime
[1] 1.357

$c50_i.time
[1] 0.22

$c50_i.rmse
[1] 0.2889673

$c100_i.ptime
[1] 0.805

$c100_i.time
[1] 0.186

$c100_i.rmse
[1] 0.242997

$c250_i.ptime
[1] 1.08

$c250_i.time
[1] 0.167

$c250_i.rmse
[1] 0.2007142

$c500_i.ptime
[1] 2.846

$c500_i.time
[1] 0.262

$c500_i.rmse
[1] 0.1517177

$c25_d.ptime
[1] 2.263

$c25_d.time
[1] 1.646

$c25_d.rmse
[1] 0.2874973

$c50_d.ptime
[1] 1.207

$c50_d.time
[1] 2.233

$c50_d.rmse
[1] 0.2398092

$c100_d.ptime
[1] 0.921

$c100_d.time
[1] 4.065

$c100_d.rmse
[1] 0.1868364

$c250_d.ptime
[1] 0.541

$c250_d.time
[1] 14.149

$c250_d.rmse
[1] 0.1507097

$c500_d.ptime
[1] 0.476

$c500_d.time
[1] 104.938

$c500_d.rmse
[1] 0.1222668

$s25.ptime
[1] 0.594

$s25.time
[1] 0.003

$s25.rmse
[1] 0.6321217

$s50.ptime
[1] 0.866

$s50.time
[1] 0.005

$s50.rmse
[1] 0.6395741

$s100.ptime
[1] 0.766

$s100.time
[1] 0.004

$s100.rmse
[1] 0.4932714

$s250.ptime
[1] 1.951

$s250.time
[1] 0.021

$s250.rmse
[1] 0.3467066

$s500.ptime
[1] 2.819

$s500.time
[1] 0.048

$s500.rmse
[1] 0.2709253

$s1000.ptime
[1] 7.064

$s1000.time
[1] 0.095

$s1000.rmse
[1] 0.1952482

$s2500.ptime
[1] 62.965

$s2500.time
[1] 0.19

$s2500.rmse
[1] 0.1166878

$s5000.ptime
[1] 932.808

$s5000.time
[1] 0.353

$s5000.rmse
[1] 0.07592362

        seed            p    full.time    full.rmse     l25.time     l25.rmse 
    2389.000       10.000        0.179        0.058        4.314        0.197 
    l50.time     l50.rmse    l100.time    l100.rmse    l250.time    l250.rmse 
       4.304        0.159        5.676        0.127       21.761        0.096 
   l500.time    l500.rmse  o25_i.ptime   o25_i.time   o25_i.rmse  o50_i.ptime 
     112.527        0.083        0.379        0.330        0.586        0.777 
  o50_i.time   o50_i.rmse o100_i.ptime  o100_i.time  o100_i.rmse o250_i.ptime 
       0.192        0.528        0.288        0.246        0.437        0.795 
 o250_i.time  o250_i.rmse o500_i.ptime  o500_i.time  o500_i.rmse  o25_d.ptime 
       0.203        0.338        2.392        0.191        0.257        0.756 
  o25_d.time   o25_d.rmse  o50_d.ptime   o50_d.time   o50_d.rmse o100_d.ptime 
       0.743        0.480        0.177        1.099        0.411        0.082 
 o100_d.time  o100_d.rmse o250_d.ptime  o250_d.time  o250_d.rmse o500_d.ptime 
       2.201        0.322        0.046       10.687        0.241        0.064 
 o500_d.time  o500_d.rmse  c25_i.ptime   c25_i.time   c25_i.rmse  c50_i.ptime 
      62.701        0.167        1.791        0.336        0.346        1.357 
  c50_i.time   c50_i.rmse c100_i.ptime  c100_i.time  c100_i.rmse c250_i.ptime 
       0.220        0.289        0.805        0.186        0.243        1.080 
 c250_i.time  c250_i.rmse c500_i.ptime  c500_i.time  c500_i.rmse  c25_d.ptime 
       0.167        0.201        2.846        0.262        0.152        2.263 
  c25_d.time   c25_d.rmse  c50_d.ptime   c50_d.time   c50_d.rmse c100_d.ptime 
       1.646        0.287        1.207        2.233        0.240        0.921 
 c100_d.time  c100_d.rmse c250_d.ptime  c250_d.time  c250_d.rmse c500_d.ptime 
       4.065        0.187        0.541       14.149        0.151        0.476 
 c500_d.time  c500_d.rmse    s25.ptime     s25.time     s25.rmse    s50.ptime 
     104.938        0.122        0.594        0.003        0.632        0.866 
    s50.time     s50.rmse   s100.ptime    s100.time    s100.rmse   s250.ptime 
       0.005        0.640        0.766        0.004        0.493        1.951 
   s250.time    s250.rmse   s500.ptime    s500.time    s500.rmse  s1000.ptime 
       0.021        0.347        2.819        0.048        0.271        7.064 
  s1000.time   s1000.rmse  s2500.ptime   s2500.time   s2500.rmse  s5000.ptime 
       0.095        0.195       62.965        0.190        0.117      932.808 
  s5000.time   s5000.rmse 
       0.353        0.076 
[1] 0.8561156
$full.time
[1] 0.27

$full.rmse
[1] 0.05751888

$full.time
[1] 0.27

$full.rmse
[1] 0.05751888

$l25.time
[1] 4.646

$l25.rmse
[1] 0.1840327

$l50.time
[1] 4.701

$l50.rmse
[1] 0.1555414

$l100.time
[1] 6.429

$l100.rmse
[1] 0.1233486

$l250.time
[1] 26.455

$l250.rmse
[1] 0.09516894

$l500.time
[1] 115.71

$l500.rmse
[1] 0.08398178

$o25_i.ptime
[1] 0.377

$o25_i.time
[1] 0.364

$o25_i.rmse
[1] 0.5674811

$o50_i.ptime
[1] 0.209

$o50_i.time
[1] 0.289

$o50_i.rmse
[1] 0.5091341

$o100_i.ptime
[1] 0.287

$o100_i.time
[1] 0.774

$o100_i.rmse
[1] 0.4320548

$o250_i.ptime
[1] 0.793

$o250_i.time
[1] 0.136

$o250_i.rmse
[1] 0.3182371

$o500_i.ptime
[1] 2.285

$o500_i.time
[1] 0.148

$o500_i.rmse
[1] 0.2378834

$o25_d.ptime
[1] 0.765

$o25_d.time
[1] 0.738

$o25_d.rmse
[1] 0.4632521

$o50_d.ptime
[1] 0.178

$o50_d.time
[1] 0.937

$o50_d.rmse
[1] 0.3986609

$o100_d.ptime
[1] 0.064

$o100_d.time
[1] 1.885

$o100_d.rmse
[1] 0.3084634

$o250_d.ptime
[1] 0.051

$o250_d.time
[1] 9.349

$o250_d.rmse
[1] 0.2200059

$o500_d.ptime
[1] 0.033

$o500_d.time
[1] 35.455

$o500_d.rmse
[1] 0.16817

$c25_i.ptime
[1] 1.853

$c25_i.time
[1] 0.325

$c25_i.rmse
[1] 0.3131291

$c50_i.ptime
[1] 1.103

$c50_i.time
[1] 0.235

$c50_i.rmse
[1] 0.2714536

$c100_i.ptime
[1] 0.797

$c100_i.time
[1] 0.174

$c100_i.rmse
[1] 0.2316469

$c250_i.ptime
[1] 1.258

$c250_i.time
[1] 0.201

$c250_i.rmse
[1] 0.182107

$c500_i.ptime
[1] 2.589

$c500_i.time
[1] 0.207

$c500_i.rmse
[1] 0.1532347

$c25_d.ptime
[1] 2.459

$c25_d.time
[1] 1.217

$c25_d.rmse
[1] 0.2647596

$c50_d.ptime
[1] 1.343

$c50_d.time
[1] 1.599

$c50_d.rmse
[1] 0.2299422

$c100_d.ptime
[1] 0.826

$c100_d.time
[1] 2.74

$c100_d.rmse
[1] 0.1772409

$c250_d.ptime
[1] 0.703

$c250_d.time
[1] 9.89

$c250_d.rmse
[1] 0.1417775

$c500_d.ptime
[1] 0.464

$c500_d.time
[1] 40.286

$c500_d.rmse
[1] 0.1212063

$s25.ptime
[1] 0.433

$s25.time
[1] 0.002

$s25.rmse
[1] 0.642023

$s50.ptime
[1] 0.459

$s50.time
[1] 0.001

$s50.rmse
[1] 0.5302211

$s100.ptime
[1] 0.822

$s100.time
[1] 0.003

$s100.rmse
[1] 0.5047512

$s250.ptime
[1] 1.276

$s250.time
[1] 0.007

$s250.rmse
[1] 0.3339954

$s500.ptime
[1] 1.92

$s500.time
[1] 0.017

$s500.rmse
[1] 0.2649003

$s1000.ptime
[1] 3.261

$s1000.time
[1] 0.044

$s1000.rmse
[1] 0.1871789

$s2500.ptime
[1] 27.75

$s2500.time
[1] 0.144

$s2500.rmse
[1] 0.1081425

$s5000.ptime
[1] 185.083

$s5000.time
[1] 0.201

$s5000.rmse
[1] 0.07774122

        seed            p    full.time    full.rmse     l25.time     l25.rmse 
    2390.000       10.000        0.270        0.058        4.646        0.184 
    l50.time     l50.rmse    l100.time    l100.rmse    l250.time    l250.rmse 
       4.701        0.156        6.429        0.123       26.455        0.095 
   l500.time    l500.rmse  o25_i.ptime   o25_i.time   o25_i.rmse  o50_i.ptime 
     115.710        0.084        0.377        0.364        0.567        0.209 
  o50_i.time   o50_i.rmse o100_i.ptime  o100_i.time  o100_i.rmse o250_i.ptime 
       0.289        0.509        0.287        0.774        0.432        0.793 
 o250_i.time  o250_i.rmse o500_i.ptime  o500_i.time  o500_i.rmse  o25_d.ptime 
       0.136        0.318        2.285        0.148        0.238        0.765 
  o25_d.time   o25_d.rmse  o50_d.ptime   o50_d.time   o50_d.rmse o100_d.ptime 
       0.738        0.463        0.178        0.937        0.399        0.064 
 o100_d.time  o100_d.rmse o250_d.ptime  o250_d.time  o250_d.rmse o500_d.ptime 
       1.885        0.308        0.051        9.349        0.220        0.033 
 o500_d.time  o500_d.rmse  c25_i.ptime   c25_i.time   c25_i.rmse  c50_i.ptime 
      35.455        0.168        1.853        0.325        0.313        1.103 
  c50_i.time   c50_i.rmse c100_i.ptime  c100_i.time  c100_i.rmse c250_i.ptime 
       0.235        0.271        0.797        0.174        0.232        1.258 
 c250_i.time  c250_i.rmse c500_i.ptime  c500_i.time  c500_i.rmse  c25_d.ptime 
       0.201        0.182        2.589        0.207        0.153        2.459 
  c25_d.time   c25_d.rmse  c50_d.ptime   c50_d.time   c50_d.rmse c100_d.ptime 
       1.217        0.265        1.343        1.599        0.230        0.826 
 c100_d.time  c100_d.rmse c250_d.ptime  c250_d.time  c250_d.rmse c500_d.ptime 
       2.740        0.177        0.703        9.890        0.142        0.464 
 c500_d.time  c500_d.rmse    s25.ptime     s25.time     s25.rmse    s50.ptime 
      40.286        0.121        0.433        0.002        0.642        0.459 
    s50.time     s50.rmse   s100.ptime    s100.time    s100.rmse   s250.ptime 
       0.001        0.530        0.822        0.003        0.505        1.276 
   s250.time    s250.rmse   s500.ptime    s500.time    s500.rmse  s1000.ptime 
       0.007        0.334        1.920        0.017        0.265        3.261 
  s1000.time   s1000.rmse  s2500.ptime   s2500.time   s2500.rmse  s5000.ptime 
       0.044        0.187       27.750        0.144        0.108      185.083 
  s5000.time   s5000.rmse 
       0.201        0.078 
[1] 0.8364355
$full.time
[1] 0.133

$full.rmse
[1] 0.05741194

$full.time
[1] 0.133

$full.rmse
[1] 0.05741194

$l25.time
[1] 4.205

$l25.rmse
[1] 0.2023462

$l50.time
[1] 4.303

$l50.rmse
[1] 0.173492

$l100.time
[1] 5.874

$l100.rmse
[1] 0.1350799

$l250.time
[1] 21.764

$l250.rmse
[1] 0.100549

$l500.time
[1] 108.403

$l500.rmse
[1] 0.08417804

$o25_i.ptime
[1] 0.307

$o25_i.time
[1] 0.366

$o25_i.rmse
[1] 0.5910407

$o50_i.ptime
[1] 0.228

$o50_i.time
[1] 0.214

$o50_i.rmse
[1] 0.5275943

$o100_i.ptime
[1] 0.305

$o100_i.time
[1] 0.263

$o100_i.rmse
[1] 0.4629325

$o250_i.ptime
[1] 0.75

$o250_i.time
[1] 0.604

$o250_i.rmse
[1] 0.3525225

$o500_i.ptime
[1] 2.096

$o500_i.time
[1] 0.188

$o500_i.rmse
[1] 0.2545027

$o25_d.ptime
[1] 0.707

$o25_d.time
[1] 0.806

$o25_d.rmse
[1] 0.4790502

$o50_d.ptime
[1] 0.158

$o50_d.time
[1] 1.006

$o50_d.rmse
[1] 0.4204445

$o100_d.ptime
[1] 0.072

$o100_d.time
[1] 2.15

$o100_d.rmse
[1] 0.3438881

$o250_d.ptime
[1] 0.031

$o250_d.time
[1] 9.915

$o250_d.rmse
[1] 0.234491

$o500_d.ptime
[1] 0.037

$o500_d.time
[1] 32.863

$o500_d.rmse
[1] 0.1693812

$c25_i.ptime
[1] 1.641

$c25_i.time
[1] 0.308

$c25_i.rmse
[1] 0.3331254

$c50_i.ptime
[1] 1.064

$c50_i.time
[1] 0.222

$c50_i.rmse
[1] 0.2989692

$c100_i.ptime
[1] 1.113

$c100_i.time
[1] 0.186

$c100_i.rmse
[1] 0.2441787

$c250_i.ptime
[1] 1.329

$c250_i.time
[1] 0.182

$c250_i.rmse
[1] 0.197059

$c500_i.ptime
[1] 2.674

$c500_i.time
[1] 0.215

$c500_i.rmse
[1] 0.1563082

$c25_d.ptime
[1] 2.011

$c25_d.time
[1] 1.193

$c25_d.rmse
[1] 0.2804474

$c50_d.ptime
[1] 1.257

$c50_d.time
[1] 1.472

$c50_d.rmse
[1] 0.231041

$c100_d.ptime
[1] 0.842

$c100_d.time
[1] 2.605

$c100_d.rmse
[1] 0.1972839

$c250_d.ptime
[1] 0.365

$c250_d.time
[1] 9.93

$c250_d.rmse
[1] 0.1457001

$c500_d.ptime
[1] 0.324

$c500_d.time
[1] 39.94

$c500_d.rmse
[1] 0.1190197

$s25.ptime
[1] 0.437

$s25.time
[1] 0.001

$s25.rmse
[1] 0.6599847

$s50.ptime
[1] 0.472

$s50.time
[1] 0.003

$s50.rmse
[1] 0.5918603

$s100.ptime
[1] 0.793

$s100.time
[1] 0.005

$s100.rmse
[1] 0.4800612

$s250.ptime
[1] 1.384

$s250.time
[1] 0.013

$s250.rmse
[1] 0.368036

$s500.ptime
[1] 1.972

$s500.time
[1] 0.019

$s500.rmse
[1] 0.2762719

$s1000.ptime
[1] 3.15

$s1000.time
[1] 0.037

$s1000.rmse
[1] 0.184816

$s2500.ptime
[1] 23.363

$s2500.time
[1] 0.126

$s2500.rmse
[1] 0.1108116

$s5000.ptime
[1] 182.903

$s5000.time
[1] 0.158

$s5000.rmse
[1] 0.07853262

        seed            p    full.time    full.rmse     l25.time     l25.rmse 
    2391.000       10.000        0.133        0.057        4.205        0.202 
    l50.time     l50.rmse    l100.time    l100.rmse    l250.time    l250.rmse 
       4.303        0.173        5.874        0.135       21.764        0.101 
   l500.time    l500.rmse  o25_i.ptime   o25_i.time   o25_i.rmse  o50_i.ptime 
     108.403        0.084        0.307        0.366        0.591        0.228 
  o50_i.time   o50_i.rmse o100_i.ptime  o100_i.time  o100_i.rmse o250_i.ptime 
       0.214        0.528        0.305        0.263        0.463        0.750 
 o250_i.time  o250_i.rmse o500_i.ptime  o500_i.time  o500_i.rmse  o25_d.ptime 
       0.604        0.353        2.096        0.188        0.255        0.707 
  o25_d.time   o25_d.rmse  o50_d.ptime   o50_d.time   o50_d.rmse o100_d.ptime 
       0.806        0.479        0.158        1.006        0.420        0.072 
 o100_d.time  o100_d.rmse o250_d.ptime  o250_d.time  o250_d.rmse o500_d.ptime 
       2.150        0.344        0.031        9.915        0.234        0.037 
 o500_d.time  o500_d.rmse  c25_i.ptime   c25_i.time   c25_i.rmse  c50_i.ptime 
      32.863        0.169        1.641        0.308        0.333        1.064 
  c50_i.time   c50_i.rmse c100_i.ptime  c100_i.time  c100_i.rmse c250_i.ptime 
       0.222        0.299        1.113        0.186        0.244        1.329 
 c250_i.time  c250_i.rmse c500_i.ptime  c500_i.time  c500_i.rmse  c25_d.ptime 
       0.182        0.197        2.674        0.215        0.156        2.011 
  c25_d.time   c25_d.rmse  c50_d.ptime   c50_d.time   c50_d.rmse c100_d.ptime 
       1.193        0.280        1.257        1.472        0.231        0.842 
 c100_d.time  c100_d.rmse c250_d.ptime  c250_d.time  c250_d.rmse c500_d.ptime 
       2.605        0.197        0.365        9.930        0.146        0.324 
 c500_d.time  c500_d.rmse    s25.ptime     s25.time     s25.rmse    s50.ptime 
      39.940        0.119        0.437        0.001        0.660        0.472 
    s50.time     s50.rmse   s100.ptime    s100.time    s100.rmse   s250.ptime 
       0.003        0.592        0.793        0.005        0.480        1.384 
   s250.time    s250.rmse   s500.ptime    s500.time    s500.rmse  s1000.ptime 
       0.013        0.368        1.972        0.019        0.276        3.150 
  s1000.time   s1000.rmse  s2500.ptime   s2500.time   s2500.rmse  s5000.ptime 
       0.037        0.185       23.363        0.126        0.111      182.903 
  s5000.time   s5000.rmse 
       0.158        0.079 
[1] 0.9276045
$full.time
[1] 0.094

$full.rmse
[1] 0.05603848

$full.time
[1] 0.094

$full.rmse
[1] 0.05603848

$l25.time
[1] 4.135

$l25.rmse
[1] 0.1799592

$l50.time
[1] 4.25

$l50.rmse
[1] 0.14312

$l100.time
[1] 5.783

$l100.rmse
[1] 0.1177851

$l250.time
[1] 21.823

$l250.rmse
[1] 0.09331816

$l500.time
[1] 109.862

$l500.rmse
[1] 0.08052977

$o25_i.ptime
[1] 0.337

$o25_i.time
[1] 0.315

$o25_i.rmse
[1] 0.5950529

$o50_i.ptime
[1] 0.259

$o50_i.time
[1] 0.252

$o50_i.rmse
[1] 0.5176232

$o100_i.ptime
[1] 0.254

$o100_i.time
[1] 0.189

$o100_i.rmse
[1] 0.4362256

$o250_i.ptime
[1] 0.748

$o250_i.time
[1] 0.68

$o250_i.rmse
[1] 0.3043648

$o500_i.ptime
[1] 2.23

$o500_i.time
[1] 0.244

$o500_i.rmse
[1] 0.2285329

$o25_d.ptime
[1] 0.726

$o25_d.time
[1] 0.858

$o25_d.rmse
[1] 0.4788724

$o50_d.ptime
[1] 0.165

$o50_d.time
[1] 1.023

$o50_d.rmse
[1] 0.3956845

$o100_d.ptime
[1] 0.068

$o100_d.time
[1] 2.319

$o100_d.rmse
[1] 0.311118

$o250_d.ptime
[1] 0.035

$o250_d.time
[1] 8.788

$o250_d.rmse
[1] 0.2015342

$o500_d.ptime
[1] 0.027

$o500_d.time
[1] 31.97

$o500_d.rmse
[1] 0.152886

$c25_i.ptime
[1] 1.607

$c25_i.time
[1] 0.349

$c25_i.rmse
[1] 0.3449584

$c50_i.ptime
[1] 1.002

$c50_i.time
[1] 0.252

$c50_i.rmse
[1] 0.2774598

$c100_i.ptime
[1] 0.982

$c100_i.time
[1] 0.21

$c100_i.rmse
[1] 0.2356689

$c250_i.ptime
[1] 1.206

$c250_i.time
[1] 0.203

$c250_i.rmse
[1] 0.176615

$c500_i.ptime
[1] 2.325

$c500_i.time
[1] 0.242

$c500_i.rmse
[1] 0.1501388

$c25_d.ptime
[1] 2.063

$c25_d.time
[1] 1.464

$c25_d.rmse
[1] 0.2758174

$c50_d.ptime
[1] 1.147

$c50_d.time
[1] 1.501

$c50_d.rmse
[1] 0.2183934

$c100_d.ptime
[1] 0.741

$c100_d.time
[1] 2.709

$c100_d.rmse
[1] 0.1813515

$c250_d.ptime
[1] 0.685

$c250_d.time
[1] 10.099

$c250_d.rmse
[1] 0.1396284

$c500_d.ptime
[1] 0.403

$c500_d.time
[1] 34.544

$c500_d.rmse
[1] 0.1146089

$s25.ptime
[1] 0.395

$s25.time
[1] 0.001

$s25.rmse
[1] 0.6507485

$s50.ptime
[1] 0.656

$s50.time
[1] 0.002

$s50.rmse
[1] 0.5598301

$s100.ptime
[1] 0.823

$s100.time
[1] 0.005

$s100.rmse
[1] 0.4989603

$s250.ptime
[1] 1.456

$s250.time
[1] 0.012

$s250.rmse
[1] 0.3481645

$s500.ptime
[1] 2.103

$s500.time
[1] 0.026

$s500.rmse
[1] 0.2402164

$s1000.ptime
[1] 3.544

$s1000.time
[1] 0.034

$s1000.rmse
[1] 0.1696364

$s2500.ptime
[1] 19.121

$s2500.time
[1] 0.087

$s2500.rmse
[1] 0.1051342

$s5000.ptime
[1] 152.847

$s5000.time
[1] 0.149

$s5000.rmse
[1] 0.0749063

        seed            p    full.time    full.rmse     l25.time     l25.rmse 
    2392.000       10.000        0.094        0.056        4.135        0.180 
    l50.time     l50.rmse    l100.time    l100.rmse    l250.time    l250.rmse 
       4.250        0.143        5.783        0.118       21.823        0.093 
   l500.time    l500.rmse  o25_i.ptime   o25_i.time   o25_i.rmse  o50_i.ptime 
     109.862        0.081        0.337        0.315        0.595        0.259 
  o50_i.time   o50_i.rmse o100_i.ptime  o100_i.time  o100_i.rmse o250_i.ptime 
       0.252        0.518        0.254        0.189        0.436        0.748 
 o250_i.time  o250_i.rmse o500_i.ptime  o500_i.time  o500_i.rmse  o25_d.ptime 
       0.680        0.304        2.230        0.244        0.229        0.726 
  o25_d.time   o25_d.rmse  o50_d.ptime   o50_d.time   o50_d.rmse o100_d.ptime 
       0.858        0.479        0.165        1.023        0.396        0.068 
 o100_d.time  o100_d.rmse o250_d.ptime  o250_d.time  o250_d.rmse o500_d.ptime 
       2.319        0.311        0.035        8.788        0.202        0.027 
 o500_d.time  o500_d.rmse  c25_i.ptime   c25_i.time   c25_i.rmse  c50_i.ptime 
      31.970        0.153        1.607        0.349        0.345        1.002 
  c50_i.time   c50_i.rmse c100_i.ptime  c100_i.time  c100_i.rmse c250_i.ptime 
       0.252        0.277        0.982        0.210        0.236        1.206 
 c250_i.time  c250_i.rmse c500_i.ptime  c500_i.time  c500_i.rmse  c25_d.ptime 
       0.203        0.177        2.325        0.242        0.150        2.063 
  c25_d.time   c25_d.rmse  c50_d.ptime   c50_d.time   c50_d.rmse c100_d.ptime 
       1.464        0.276        1.147        1.501        0.218        0.741 
 c100_d.time  c100_d.rmse c250_d.ptime  c250_d.time  c250_d.rmse c500_d.ptime 
       2.709        0.181        0.685       10.099        0.140        0.403 
 c500_d.time  c500_d.rmse    s25.ptime     s25.time     s25.rmse    s50.ptime 
      34.544        0.115        0.395        0.001        0.651        0.656 
    s50.time     s50.rmse   s100.ptime    s100.time    s100.rmse   s250.ptime 
       0.002        0.560        0.823        0.005        0.499        1.456 
   s250.time    s250.rmse   s500.ptime    s500.time    s500.rmse  s1000.ptime 
       0.012        0.348        2.103        0.026        0.240        3.544 
  s1000.time   s1000.rmse  s2500.ptime   s2500.time   s2500.rmse  s5000.ptime 
       0.034        0.170       19.121        0.087        0.105      152.847 
  s5000.time   s5000.rmse 
       0.149        0.075 
[1] 1.020353
$full.time
[1] 0.082

$full.rmse
[1] 0.05963457

$full.time
[1] 0.082

$full.rmse
[1] 0.05963457

$l25.time
[1] 3.938

$l25.rmse
[1] 0.1998342

$l50.time
[1] 4.174

$l50.rmse
[1] 0.1618534

$l100.time
[1] 5.726

$l100.rmse
[1] 0.1244618

$l250.time
[1] 20.828

$l250.rmse
[1] 0.09787043

$l500.time
[1] 105.779

$l500.rmse
[1] 0.08550842

$o25_i.ptime
[1] 0.336

$o25_i.time
[1] 0.324

$o25_i.rmse
[1] 0.6580027

$o50_i.ptime
[1] 0.209

$o50_i.time
[1] 0.649

$o50_i.rmse
[1] 0.5784166

$o100_i.ptime
[1] 0.3

$o100_i.time
[1] 0.201

$o100_i.rmse
[1] 0.4769613

$o250_i.ptime
[1] 0.732

$o250_i.time
[1] 0.177

$o250_i.rmse
[1] 0.3546453

$o500_i.ptime
[1] 2.039

$o500_i.time
[1] 0.215

$o500_i.rmse
[1] 0.2591003

$o25_d.ptime
[1] 0.696

$o25_d.time
[1] 0.794

$o25_d.rmse
[1] 0.5211486

$o50_d.ptime
[1] 0.15

$o50_d.time
[1] 0.942

$o50_d.rmse
[1] 0.4476357

$o100_d.ptime
[1] 0.066

$o100_d.time
[1] 1.948

$o100_d.rmse
[1] 0.3469606

$o250_d.ptime
[1] 0.05

$o250_d.time
[1] 8.935

$o250_d.rmse
[1] 0.2350981

$o500_d.ptime
[1] 0.112

$o500_d.time
[1] 35.563

$o500_d.rmse
[1] 0.1595705

$c25_i.ptime
[1] 1.733

$c25_i.time
[1] 0.341

$c25_i.rmse
[1] 0.3754267

$c50_i.ptime
[1] 1.059

$c50_i.time
[1] 0.229

$c50_i.rmse
[1] 0.3261194

$c100_i.ptime
[1] 0.966

$c100_i.time
[1] 0.199

$c100_i.rmse
[1] 0.260214

$c250_i.ptime
[1] 1.186

$c250_i.time
[1] 0.178

$c250_i.rmse
[1] 0.1938334

$c500_i.ptime
[1] 2.353

$c500_i.time
[1] 0.191

$c500_i.rmse
[1] 0.1588964

$c25_d.ptime
[1] 2.177

$c25_d.time
[1] 1.42

$c25_d.rmse
[1] 0.2906577

$c50_d.ptime
[1] 1.478

$c50_d.time
[1] 1.632

$c50_d.rmse
[1] 0.2572798

$c100_d.ptime
[1] 0.916

$c100_d.time
[1] 2.89

$c100_d.rmse
[1] 0.200954

$c250_d.ptime
[1] 0.405

$c250_d.time
[1] 9.878

$c250_d.rmse
[1] 0.1414424

$c500_d.ptime
[1] 0.465

$c500_d.time
[1] 34.83

$c500_d.rmse
[1] 0.1187339

$s25.ptime
[1] 0.408

$s25.time
[1] 0.001

$s25.rmse
[1] 0.6798031

$s50.ptime
[1] 0.635

$s50.time
[1] 0.002

$s50.rmse
[1] 0.678587

$s100.ptime
[1] 0.682

$s100.time
[1] 0.004

$s100.rmse
[1] 0.5303567

$s250.ptime
[1] 1.455

$s250.time
[1] 0.012

$s250.rmse
[1] 0.3648035

$s500.ptime
[1] 2.188

$s500.time
[1] 0.022

$s500.rmse
[1] 0.2548101

$s1000.ptime
[1] 3.836

$s1000.time
[1] 0.038

$s1000.rmse
[1] 0.1816247

$s2500.ptime
[1] 17.815

$s2500.time
[1] 0.083

$s2500.rmse
[1] 0.1114377

$s5000.ptime
[1] 154.105

$s5000.time
[1] 0.18

$s5000.rmse
[1] 0.07755099

        seed            p    full.time    full.rmse     l25.time     l25.rmse 
    2393.000       10.000        0.082        0.060        3.938        0.200 
    l50.time     l50.rmse    l100.time    l100.rmse    l250.time    l250.rmse 
       4.174        0.162        5.726        0.124       20.828        0.098 
   l500.time    l500.rmse  o25_i.ptime   o25_i.time   o25_i.rmse  o50_i.ptime 
     105.779        0.086        0.336        0.324        0.658        0.209 
  o50_i.time   o50_i.rmse o100_i.ptime  o100_i.time  o100_i.rmse o250_i.ptime 
       0.649        0.578        0.300        0.201        0.477        0.732 
 o250_i.time  o250_i.rmse o500_i.ptime  o500_i.time  o500_i.rmse  o25_d.ptime 
       0.177        0.355        2.039        0.215        0.259        0.696 
  o25_d.time   o25_d.rmse  o50_d.ptime   o50_d.time   o50_d.rmse o100_d.ptime 
       0.794        0.521        0.150        0.942        0.448        0.066 
 o100_d.time  o100_d.rmse o250_d.ptime  o250_d.time  o250_d.rmse o500_d.ptime 
       1.948        0.347        0.050        8.935        0.235        0.112 
 o500_d.time  o500_d.rmse  c25_i.ptime   c25_i.time   c25_i.rmse  c50_i.ptime 
      35.563        0.160        1.733        0.341        0.375        1.059 
  c50_i.time   c50_i.rmse c100_i.ptime  c100_i.time  c100_i.rmse c250_i.ptime 
       0.229        0.326        0.966        0.199        0.260        1.186 
 c250_i.time  c250_i.rmse c500_i.ptime  c500_i.time  c500_i.rmse  c25_d.ptime 
       0.178        0.194        2.353        0.191        0.159        2.177 
  c25_d.time   c25_d.rmse  c50_d.ptime   c50_d.time   c50_d.rmse c100_d.ptime 
       1.420        0.291        1.478        1.632        0.257        0.916 
 c100_d.time  c100_d.rmse c250_d.ptime  c250_d.time  c250_d.rmse c500_d.ptime 
       2.890        0.201        0.405        9.878        0.141        0.465 
 c500_d.time  c500_d.rmse    s25.ptime     s25.time     s25.rmse    s50.ptime 
      34.830        0.119        0.408        0.001        0.680        0.635 
    s50.time     s50.rmse   s100.ptime    s100.time    s100.rmse   s250.ptime 
       0.002        0.679        0.682        0.004        0.530        1.455 
   s250.time    s250.rmse   s500.ptime    s500.time    s500.rmse  s1000.ptime 
       0.012        0.365        2.188        0.022        0.255        3.836 
  s1000.time   s1000.rmse  s2500.ptime   s2500.time   s2500.rmse  s5000.ptime 
       0.038        0.182       17.815        0.083        0.111      154.105 
  s5000.time   s5000.rmse 
       0.180        0.078 
  seed  p full.time  full.rmse l25.time  l25.rmse l50.time  l50.rmse l100.time
1 2389 10     0.179 0.05844264    4.314 0.1974749    4.304 0.1594454     5.676
2 2390 10     0.270 0.05751888    4.646 0.1840327    4.701 0.1555414     6.429
3 2391 10     0.133 0.05741194    4.205 0.2023462    4.303 0.1734920     5.874
4 2392 10     0.094 0.05603848    4.135 0.1799592    4.250 0.1431200     5.783
5 2393 10     0.082 0.05963457    3.938 0.1998342    4.174 0.1618534     5.726
  l100.rmse l250.time  l250.rmse l500.time  l500.rmse o25_i.ptime o25_i.time
1 0.1273003    21.761 0.09602851   112.527 0.08348322       0.379      0.330
2 0.1233486    26.455 0.09516894   115.710 0.08398178       0.377      0.364
3 0.1350799    21.764 0.10054901   108.403 0.08417804       0.307      0.366
4 0.1177851    21.823 0.09331816   109.862 0.08052977       0.337      0.315
5 0.1244618    20.828 0.09787043   105.779 0.08550842       0.336      0.324
  o25_i.rmse o50_i.ptime o50_i.time o50_i.rmse o100_i.ptime o100_i.time
1  0.5861025       0.777      0.192  0.5278108        0.288       0.246
2  0.5674811       0.209      0.289  0.5091341        0.287       0.774
3  0.5910407       0.228      0.214  0.5275943        0.305       0.263
4  0.5950529       0.259      0.252  0.5176232        0.254       0.189
5  0.6580027       0.209      0.649  0.5784166        0.300       0.201
  o100_i.rmse o250_i.ptime o250_i.time o250_i.rmse o500_i.ptime o500_i.time
1   0.4366435        0.795       0.203   0.3384172        2.392       0.191
2   0.4320548        0.793       0.136   0.3182371        2.285       0.148
3   0.4629325        0.750       0.604   0.3525225        2.096       0.188
4   0.4362256        0.748       0.680   0.3043648        2.230       0.244
5   0.4769613        0.732       0.177   0.3546453        2.039       0.215
  o500_i.rmse o25_d.ptime o25_d.time o25_d.rmse o50_d.ptime o50_d.time
1   0.2565037       0.756      0.743  0.4796035       0.177      1.099
2   0.2378834       0.765      0.738  0.4632521       0.178      0.937
3   0.2545027       0.707      0.806  0.4790502       0.158      1.006
4   0.2285329       0.726      0.858  0.4788724       0.165      1.023
5   0.2591003       0.696      0.794  0.5211486       0.150      0.942
  o50_d.rmse o100_d.ptime o100_d.time o100_d.rmse o250_d.ptime o250_d.time
1  0.4108759        0.082       2.201   0.3221000        0.046      10.687
2  0.3986609        0.064       1.885   0.3084634        0.051       9.349
3  0.4204445        0.072       2.150   0.3438881        0.031       9.915
4  0.3956845        0.068       2.319   0.3111180        0.035       8.788
5  0.4476357        0.066       1.948   0.3469606        0.050       8.935
  o250_d.rmse o500_d.ptime o500_d.time o500_d.rmse c25_i.ptime c25_i.time
1   0.2406547        0.064      62.701   0.1671910       1.791      0.336
2   0.2200059        0.033      35.455   0.1681700       1.853      0.325
3   0.2344910        0.037      32.863   0.1693812       1.641      0.308
4   0.2015342        0.027      31.970   0.1528860       1.607      0.349
5   0.2350981        0.112      35.563   0.1595705       1.733      0.341
  c25_i.rmse c50_i.ptime c50_i.time c50_i.rmse c100_i.ptime c100_i.time
1  0.3460490       1.357      0.220  0.2889673        0.805       0.186
2  0.3131291       1.103      0.235  0.2714536        0.797       0.174
3  0.3331254       1.064      0.222  0.2989692        1.113       0.186
4  0.3449584       1.002      0.252  0.2774598        0.982       0.210
5  0.3754267       1.059      0.229  0.3261194        0.966       0.199
  c100_i.rmse c250_i.ptime c250_i.time c250_i.rmse c500_i.ptime c500_i.time
1   0.2429970        1.080       0.167   0.2007142        2.846       0.262
2   0.2316469        1.258       0.201   0.1821070        2.589       0.207
3   0.2441787        1.329       0.182   0.1970590        2.674       0.215
4   0.2356689        1.206       0.203   0.1766150        2.325       0.242
5   0.2602140        1.186       0.178   0.1938334        2.353       0.191
  c500_i.rmse c25_d.ptime c25_d.time c25_d.rmse c50_d.ptime c50_d.time
1   0.1517177       2.263      1.646  0.2874973       1.207      2.233
2   0.1532347       2.459      1.217  0.2647596       1.343      1.599
3   0.1563082       2.011      1.193  0.2804474       1.257      1.472
4   0.1501388       2.063      1.464  0.2758174       1.147      1.501
5   0.1588964       2.177      1.420  0.2906577       1.478      1.632
  c50_d.rmse c100_d.ptime c100_d.time c100_d.rmse c250_d.ptime c250_d.time
1  0.2398092        0.921       4.065   0.1868364        0.541      14.149
2  0.2299422        0.826       2.740   0.1772409        0.703       9.890
3  0.2310410        0.842       2.605   0.1972839        0.365       9.930
4  0.2183934        0.741       2.709   0.1813515        0.685      10.099
5  0.2572798        0.916       2.890   0.2009540        0.405       9.878
  c250_d.rmse c500_d.ptime c500_d.time c500_d.rmse s25.ptime s25.time  s25.rmse
1   0.1507097        0.476     104.938   0.1222668     0.594    0.003 0.6321217
2   0.1417775        0.464      40.286   0.1212063     0.433    0.002 0.6420230
3   0.1457001        0.324      39.940   0.1190197     0.437    0.001 0.6599847
4   0.1396284        0.403      34.544   0.1146089     0.395    0.001 0.6507485
5   0.1414424        0.465      34.830   0.1187339     0.408    0.001 0.6798031
  s50.ptime s50.time  s50.rmse s100.ptime s100.time s100.rmse s250.ptime
1     0.866    0.005 0.6395741      0.766     0.004 0.4932714      1.951
2     0.459    0.001 0.5302211      0.822     0.003 0.5047512      1.276
3     0.472    0.003 0.5918603      0.793     0.005 0.4800612      1.384
4     0.656    0.002 0.5598301      0.823     0.005 0.4989603      1.456
5     0.635    0.002 0.6785870      0.682     0.004 0.5303567      1.455
  s250.time s250.rmse s500.ptime s500.time s500.rmse s1000.ptime s1000.time
1     0.021 0.3467066      2.819     0.048 0.2709253       7.064      0.095
2     0.007 0.3339954      1.920     0.017 0.2649003       3.261      0.044
3     0.013 0.3680360      1.972     0.019 0.2762719       3.150      0.037
4     0.012 0.3481645      2.103     0.026 0.2402164       3.544      0.034
5     0.012 0.3648035      2.188     0.022 0.2548101       3.836      0.038
  s1000.rmse s2500.ptime s2500.time s2500.rmse s5000.ptime s5000.time
1  0.1952482      62.965      0.190  0.1166878     932.808      0.353
2  0.1871789      27.750      0.144  0.1081425     185.083      0.201
3  0.1848160      23.363      0.126  0.1108116     182.903      0.158
4  0.1696364      19.121      0.087  0.1051342     152.847      0.149
5  0.1816247      17.815      0.083  0.1114377     154.105      0.180
  s5000.rmse
1 0.07592362
2 0.07774122
3 0.07853262
4 0.07490630
5 0.07755099
> 
> proc.time()
    user   system  elapsed 
5262.670  117.446 5511.913 
