
R version 3.0.3 (2014-03-06) -- "Warm Puppy"
Copyright (C) 2014 The R Foundation for Statistical Computing
Platform: x86_64-unknown-linux-gnu (64-bit)

R is free software and comes with ABSOLUTELY NO WARRANTY.
You are welcome to redistribute it under certain conditions.
Type 'license()' or 'licence()' for distribution details.

  Natural language support but running in an English locale

R is a collaborative project with many contributors.
Type 'contributors()' for more information and
'citation()' on how to cite R or R packages in publications.

Type 'demo()' for some demos, 'help()' for on-line help, or
'help.start()' for an HTML browser interface to help.
Type 'q()' to quit R.

> print(.libPaths())
[1] "/usr/local/r-3.0.3/lib64/R/library"
> .libPaths("/mnt/home/rjparker/Rlib")
> print(.libPaths())
[1] "/mnt/home/rjparker/Rlib"            "/usr/local/r-3.0.3/lib64/R/library"
> setwd("/mnt/home/rjparker/git/block_int")
> 
> which_exp <- 5
> which_part <- 10
> source("R/sim_nblocks_pred.R")
Loading required package: spam
Loading required package: grid
Spam version 0.41-0 (2014-02-26) is loaded.
Type 'help( Spam)' or 'demo( spam)' for a short introduction 
and overview of this package.
Help for individual functions is also obtained by adding the
suffix '.spam' to the function name, e.g. 'help( chol.spam)'.

Attaching package: ‘spam’

The following objects are masked from ‘package:base’:

    backsolve, forwardsolve

Loading required package: maps
  pred  p   b tau Nper_p Npred Fzero sigma2
5 TRUE 10 1.5  10  10000  1000     0      1
[1] 0.9605142
$full.time
[1] 0.224

$full.rmse
[1] 0.05741001

$full.time
[1] 0.224

$full.rmse
[1] 0.05741001

$l25.time
[1] 4.949

$l25.rmse
[1] 0.2032826

$l50.time
[1] 5.387

$l50.rmse
[1] 0.1646916

$l100.time
[1] 7.488

$l100.rmse
[1] 0.1263293

$l250.time
[1] 24.009

$l250.rmse
[1] 0.0974203

$l500.time
[1] 88.207

$l500.rmse
[1] 0.08304258

$o25_i.ptime
[1] 0.209

$o25_i.time
[1] 0.215

$o25_i.rmse
[1] 0.6527172

$o50_i.ptime
[1] 0.472

$o50_i.time
[1] 0.142

$o50_i.rmse
[1] 0.5541008

$o100_i.ptime
[1] 0.185

$o100_i.time
[1] 0.116

$o100_i.rmse
[1] 0.4733749

$o250_i.ptime
[1] 0.527

$o250_i.time
[1] 0.104

$o250_i.rmse
[1] 0.3480276

$o500_i.ptime
[1] 1.421

$o500_i.time
[1] 0.127

$o500_i.rmse
[1] 0.2573078

$o25_d.ptime
[1] 0.562

$o25_d.time
[1] 0.473

$o25_d.rmse
[1] 0.5189034

$o50_d.ptime
[1] 0.125

$o50_d.time
[1] 0.616

$o50_d.rmse
[1] 0.4368366

$o100_d.ptime
[1] 0.046

$o100_d.time
[1] 1.332

$o100_d.rmse
[1] 0.346141

$o250_d.ptime
[1] 0.036

$o250_d.time
[1] 5.833

$o250_d.rmse
[1] 0.2298986

$o500_d.ptime
[1] 0.021

$o500_d.time
[1] 25.697

$o500_d.rmse
[1] 0.1636948

$c25_i.ptime
[1] 1.498

$c25_i.time
[1] 0.242

$c25_i.rmse
[1] 0.3669377

$c50_i.ptime
[1] 0.949

$c50_i.time
[1] 0.164

$c50_i.rmse
[1] 0.2943687

$c100_i.ptime
[1] 0.781

$c100_i.time
[1] 0.134

$c100_i.rmse
[1] 0.2489186

$c250_i.ptime
[1] 1.072

$c250_i.time
[1] 0.135

$c250_i.rmse
[1] 0.1898617

$c500_i.ptime
[1] 1.742

$c500_i.time
[1] 0.141

$c500_i.rmse
[1] 0.1496165

$c25_d.ptime
[1] 1.87

$c25_d.time
[1] 0.827

$c25_d.rmse
[1] 0.2831701

$c50_d.ptime
[1] 0.842

$c50_d.time
[1] 1.015

$c50_d.rmse
[1] 0.2390977

$c100_d.ptime
[1] 0.587

$c100_d.time
[1] 1.876

$c100_d.rmse
[1] 0.1925753

$c250_d.ptime
[1] 0.379

$c250_d.time
[1] 6.602

$c250_d.rmse
[1] 0.1408412

$c500_d.ptime
[1] 0.301

$c500_d.time
[1] 22.72

$c500_d.rmse
[1] 0.1244871

$s25.ptime
[1] 0.223

$s25.time
[1] 0.001

$s25.rmse
[1] 0.688898

$s50.ptime
[1] 0.333

$s50.time
[1] 0.001

$s50.rmse
[1] 0.5535612

$s100.ptime
[1] 0.57

$s100.time
[1] 0.002

$s100.rmse
[1] 0.4910183

$s250.ptime
[1] 1.079

$s250.time
[1] 0.007

$s250.rmse
[1] 0.3634027

$s500.ptime
[1] 1.78

$s500.time
[1] 0.012

$s500.rmse
[1] 0.2616084

$s1000.ptime
[1] 2.636

$s1000.time
[1] 0.028

$s1000.rmse
[1] 0.184853

$s2500.ptime
[1] 15.319

$s2500.time
[1] 0.079

$s2500.rmse
[1] 0.1086529

$s5000.ptime
[1] 90.776

$s5000.time
[1] 0.159

$s5000.rmse
[1] 0.0744686

        seed            p    full.time    full.rmse     l25.time     l25.rmse 
    2429.000       10.000        0.224        0.057        4.949        0.203 
    l50.time     l50.rmse    l100.time    l100.rmse    l250.time    l250.rmse 
       5.387        0.165        7.488        0.126       24.009        0.097 
   l500.time    l500.rmse  o25_i.ptime   o25_i.time   o25_i.rmse  o50_i.ptime 
      88.207        0.083        0.209        0.215        0.653        0.472 
  o50_i.time   o50_i.rmse o100_i.ptime  o100_i.time  o100_i.rmse o250_i.ptime 
       0.142        0.554        0.185        0.116        0.473        0.527 
 o250_i.time  o250_i.rmse o500_i.ptime  o500_i.time  o500_i.rmse  o25_d.ptime 
       0.104        0.348        1.421        0.127        0.257        0.562 
  o25_d.time   o25_d.rmse  o50_d.ptime   o50_d.time   o50_d.rmse o100_d.ptime 
       0.473        0.519        0.125        0.616        0.437        0.046 
 o100_d.time  o100_d.rmse o250_d.ptime  o250_d.time  o250_d.rmse o500_d.ptime 
       1.332        0.346        0.036        5.833        0.230        0.021 
 o500_d.time  o500_d.rmse  c25_i.ptime   c25_i.time   c25_i.rmse  c50_i.ptime 
      25.697        0.164        1.498        0.242        0.367        0.949 
  c50_i.time   c50_i.rmse c100_i.ptime  c100_i.time  c100_i.rmse c250_i.ptime 
       0.164        0.294        0.781        0.134        0.249        1.072 
 c250_i.time  c250_i.rmse c500_i.ptime  c500_i.time  c500_i.rmse  c25_d.ptime 
       0.135        0.190        1.742        0.141        0.150        1.870 
  c25_d.time   c25_d.rmse  c50_d.ptime   c50_d.time   c50_d.rmse c100_d.ptime 
       0.827        0.283        0.842        1.015        0.239        0.587 
 c100_d.time  c100_d.rmse c250_d.ptime  c250_d.time  c250_d.rmse c500_d.ptime 
       1.876        0.193        0.379        6.602        0.141        0.301 
 c500_d.time  c500_d.rmse    s25.ptime     s25.time     s25.rmse    s50.ptime 
      22.720        0.124        0.223        0.001        0.689        0.333 
    s50.time     s50.rmse   s100.ptime    s100.time    s100.rmse   s250.ptime 
       0.001        0.554        0.570        0.002        0.491        1.079 
   s250.time    s250.rmse   s500.ptime    s500.time    s500.rmse  s1000.ptime 
       0.007        0.363        1.780        0.012        0.262        2.636 
  s1000.time   s1000.rmse  s2500.ptime   s2500.time   s2500.rmse  s5000.ptime 
       0.028        0.185       15.319        0.079        0.109       90.776 
  s5000.time   s5000.rmse 
       0.159        0.074 
[1] 0.964651
$full.time
[1] 0.112

$full.rmse
[1] 0.05981526

$full.time
[1] 0.112

$full.rmse
[1] 0.05981526

$l25.time
[1] 3.312

$l25.rmse
[1] 0.199299

$l50.time
[1] 3.811

$l50.rmse
[1] 0.1621415

$l100.time
[1] 5.626

$l100.rmse
[1] 0.1314522

$l250.time
[1] 21.374

$l250.rmse
[1] 0.09694392

$l500.time
[1] 95.55

$l500.rmse
[1] 0.08119964

$o25_i.ptime
[1] 0.249

$o25_i.time
[1] 0.235

$o25_i.rmse
[1] 0.6129201

$o50_i.ptime
[1] 0.174

$o50_i.time
[1] 0.164

$o50_i.rmse
[1] 0.5674778

$o100_i.ptime
[1] 0.229

$o100_i.time
[1] 0.594

$o100_i.rmse
[1] 0.4626046

$o250_i.ptime
[1] 0.611

$o250_i.time
[1] 0.11

$o250_i.rmse
[1] 0.3374322

$o500_i.ptime
[1] 1.562

$o500_i.time
[1] 0.134

$o500_i.rmse
[1] 0.2529932

$o25_d.ptime
[1] 0.557

$o25_d.time
[1] 0.491

$o25_d.rmse
[1] 0.487463

$o50_d.ptime
[1] 0.124

$o50_d.time
[1] 0.663

$o50_d.rmse
[1] 0.4292195

$o100_d.ptime
[1] 0.043

$o100_d.time
[1] 1.458

$o100_d.rmse
[1] 0.339325

$o250_d.ptime
[1] 0.029

$o250_d.time
[1] 6.522

$o250_d.rmse
[1] 0.2264627

$o500_d.ptime
[1] 0.021

$o500_d.time
[1] 23.979

$o500_d.rmse
[1] 0.1618254

$c25_i.ptime
[1] 1.543

$c25_i.time
[1] 0.245

$c25_i.rmse
[1] 0.3445223

$c50_i.ptime
[1] 1.144

$c50_i.time
[1] 0.165

$c50_i.rmse
[1] 0.2706015

$c100_i.ptime
[1] 0.735

$c100_i.time
[1] 0.136

$c100_i.rmse
[1] 0.2488226

$c250_i.ptime
[1] 0.993

$c250_i.time
[1] 0.123

$c250_i.rmse
[1] 0.1740573

$c500_i.ptime
[1] 2.018

$c500_i.time
[1] 0.136

$c500_i.rmse
[1] 0.1513788

$c25_d.ptime
[1] 1.72

$c25_d.time
[1] 0.714

$c25_d.rmse
[1] 0.2696067

$c50_d.ptime
[1] 0.872

$c50_d.time
[1] 0.847

$c50_d.rmse
[1] 0.2255182

$c100_d.ptime
[1] 0.581

$c100_d.time
[1] 1.861

$c100_d.rmse
[1] 0.1814882

$c250_d.ptime
[1] 0.44

$c250_d.time
[1] 6.647

$c250_d.rmse
[1] 0.1545463

$c500_d.ptime
[1] 0.283

$c500_d.time
[1] 22.808

$c500_d.rmse
[1] 0.1171117

$s25.ptime
[1] 0.274

$s25.time
[1] 0.001

$s25.rmse
[1] 0.7593759

$s50.ptime
[1] 0.411

$s50.time
[1] 0.001

$s50.rmse
[1] 0.577224

$s100.ptime
[1] 0.705

$s100.time
[1] 0.003

$s100.rmse
[1] 0.5365906

$s250.ptime
[1] 1.259

$s250.time
[1] 0.006

$s250.rmse
[1] 0.3378513

$s500.ptime
[1] 1.696

$s500.time
[1] 0.014

$s500.rmse
[1] 0.2537399

$s1000.ptime
[1] 2.647

$s1000.time
[1] 0.028

$s1000.rmse
[1] 0.1781494

$s2500.ptime
[1] 14.594

$s2500.time
[1] 0.075

$s2500.rmse
[1] 0.1110663

$s5000.ptime
[1] 88.644

$s5000.time
[1] 0.148

$s5000.rmse
[1] 0.07875052

        seed            p    full.time    full.rmse     l25.time     l25.rmse 
    2430.000       10.000        0.112        0.060        3.312        0.199 
    l50.time     l50.rmse    l100.time    l100.rmse    l250.time    l250.rmse 
       3.811        0.162        5.626        0.131       21.374        0.097 
   l500.time    l500.rmse  o25_i.ptime   o25_i.time   o25_i.rmse  o50_i.ptime 
      95.550        0.081        0.249        0.235        0.613        0.174 
  o50_i.time   o50_i.rmse o100_i.ptime  o100_i.time  o100_i.rmse o250_i.ptime 
       0.164        0.567        0.229        0.594        0.463        0.611 
 o250_i.time  o250_i.rmse o500_i.ptime  o500_i.time  o500_i.rmse  o25_d.ptime 
       0.110        0.337        1.562        0.134        0.253        0.557 
  o25_d.time   o25_d.rmse  o50_d.ptime   o50_d.time   o50_d.rmse o100_d.ptime 
       0.491        0.487        0.124        0.663        0.429        0.043 
 o100_d.time  o100_d.rmse o250_d.ptime  o250_d.time  o250_d.rmse o500_d.ptime 
       1.458        0.339        0.029        6.522        0.226        0.021 
 o500_d.time  o500_d.rmse  c25_i.ptime   c25_i.time   c25_i.rmse  c50_i.ptime 
      23.979        0.162        1.543        0.245        0.345        1.144 
  c50_i.time   c50_i.rmse c100_i.ptime  c100_i.time  c100_i.rmse c250_i.ptime 
       0.165        0.271        0.735        0.136        0.249        0.993 
 c250_i.time  c250_i.rmse c500_i.ptime  c500_i.time  c500_i.rmse  c25_d.ptime 
       0.123        0.174        2.018        0.136        0.151        1.720 
  c25_d.time   c25_d.rmse  c50_d.ptime   c50_d.time   c50_d.rmse c100_d.ptime 
       0.714        0.270        0.872        0.847        0.226        0.581 
 c100_d.time  c100_d.rmse c250_d.ptime  c250_d.time  c250_d.rmse c500_d.ptime 
       1.861        0.181        0.440        6.647        0.155        0.283 
 c500_d.time  c500_d.rmse    s25.ptime     s25.time     s25.rmse    s50.ptime 
      22.808        0.117        0.274        0.001        0.759        0.411 
    s50.time     s50.rmse   s100.ptime    s100.time    s100.rmse   s250.ptime 
       0.001        0.577        0.705        0.003        0.537        1.259 
   s250.time    s250.rmse   s500.ptime    s500.time    s500.rmse  s1000.ptime 
       0.006        0.338        1.696        0.014        0.254        2.647 
  s1000.time   s1000.rmse  s2500.ptime   s2500.time   s2500.rmse  s5000.ptime 
       0.028        0.178       14.594        0.075        0.111       88.644 
  s5000.time   s5000.rmse 
       0.148        0.079 
[1] 0.8244824
$full.time
[1] 0.093

$full.rmse
[1] 0.05952709

$full.time
[1] 0.093

$full.rmse
[1] 0.05952709

$l25.time
[1] 3.03

$l25.rmse
[1] 0.2015199

$l50.time
[1] 3.189

$l50.rmse
[1] 0.1640647

$l100.time
[1] 4.525

$l100.rmse
[1] 0.1265304

$l250.time
[1] 17.301

$l250.rmse
[1] 0.09612927

$l500.time
[1] 82.063

$l500.rmse
[1] 0.07960347

$o25_i.ptime
[1] 0.247

$o25_i.time
[1] 0.235

$o25_i.rmse
[1] 0.6106788

$o50_i.ptime
[1] 0.158

$o50_i.time
[1] 0.164

$o50_i.rmse
[1] 0.5506077

$o100_i.ptime
[1] 0.197

$o100_i.time
[1] 0.135

$o100_i.rmse
[1] 0.4563983

$o250_i.ptime
[1] 0.536

$o250_i.time
[1] 0.468

$o250_i.rmse
[1] 0.3472667

$o500_i.ptime
[1] 1.456

$o500_i.time
[1] 0.146

$o500_i.rmse
[1] 0.2625381

$o25_d.ptime
[1] 0.578

$o25_d.time
[1] 0.509

$o25_d.rmse
[1] 0.4975597

$o50_d.ptime
[1] 0.134

$o50_d.time
[1] 0.646

$o50_d.rmse
[1] 0.4305611

$o100_d.ptime
[1] 0.053

$o100_d.time
[1] 1.401

$o100_d.rmse
[1] 0.324779

$o250_d.ptime
[1] 0.022

$o250_d.time
[1] 6.289

$o250_d.rmse
[1] 0.2300735

$o500_d.ptime
[1] 0.022

$o500_d.time
[1] 23.679

$o500_d.rmse
[1] 0.1621736

$c25_i.ptime
[1] 1.435

$c25_i.time
[1] 0.214

$c25_i.rmse
[1] 0.3437407

$c50_i.ptime
[1] 0.999

$c50_i.time
[1] 0.142

$c50_i.rmse
[1] 0.2895478

$c100_i.ptime
[1] 0.568

$c100_i.time
[1] 0.119

$c100_i.rmse
[1] 0.2388557

$c250_i.ptime
[1] 0.895

$c250_i.time
[1] 0.115

$c250_i.rmse
[1] 0.1892781

$c500_i.ptime
[1] 1.854

$c500_i.time
[1] 0.137

$c500_i.rmse
[1] 0.1414207

$c25_d.ptime
[1] 1.617

$c25_d.time
[1] 0.792

$c25_d.rmse
[1] 0.2809797

$c50_d.ptime
[1] 1.034

$c50_d.time
[1] 0.961

$c50_d.rmse
[1] 0.2298093

$c100_d.ptime
[1] 0.52

$c100_d.time
[1] 1.869

$c100_d.rmse
[1] 0.2019535

$c250_d.ptime
[1] 0.307

$c250_d.time
[1] 6.659

$c250_d.rmse
[1] 0.1420815

$c500_d.ptime
[1] 0.259

$c500_d.time
[1] 23.402

$c500_d.rmse
[1] 0.125134

$s25.ptime
[1] 0.289

$s25.time
[1] 0.001

$s25.rmse
[1] 0.7644361

$s50.ptime
[1] 0.686

$s50.time
[1] 0.001

$s50.rmse
[1] 0.6508968

$s100.ptime
[1] 0.566

$s100.time
[1] 0.002

$s100.rmse
[1] 0.5471028

$s250.ptime
[1] 1.277

$s250.time
[1] 0.007

$s250.rmse
[1] 0.3657235

$s500.ptime
[1] 1.792

$s500.time
[1] 0.014

$s500.rmse
[1] 0.2639356

$s1000.ptime
[1] 2.938

$s1000.time
[1] 0.028

$s1000.rmse
[1] 0.180839

$s2500.ptime
[1] 14.36

$s2500.time
[1] 0.069

$s2500.rmse
[1] 0.1117329

$s5000.ptime
[1] 85.768

$s5000.time
[1] 0.139

$s5000.rmse
[1] 0.07530993

        seed            p    full.time    full.rmse     l25.time     l25.rmse 
    2431.000       10.000        0.093        0.060        3.030        0.202 
    l50.time     l50.rmse    l100.time    l100.rmse    l250.time    l250.rmse 
       3.189        0.164        4.525        0.127       17.301        0.096 
   l500.time    l500.rmse  o25_i.ptime   o25_i.time   o25_i.rmse  o50_i.ptime 
      82.063        0.080        0.247        0.235        0.611        0.158 
  o50_i.time   o50_i.rmse o100_i.ptime  o100_i.time  o100_i.rmse o250_i.ptime 
       0.164        0.551        0.197        0.135        0.456        0.536 
 o250_i.time  o250_i.rmse o500_i.ptime  o500_i.time  o500_i.rmse  o25_d.ptime 
       0.468        0.347        1.456        0.146        0.263        0.578 
  o25_d.time   o25_d.rmse  o50_d.ptime   o50_d.time   o50_d.rmse o100_d.ptime 
       0.509        0.498        0.134        0.646        0.431        0.053 
 o100_d.time  o100_d.rmse o250_d.ptime  o250_d.time  o250_d.rmse o500_d.ptime 
       1.401        0.325        0.022        6.289        0.230        0.022 
 o500_d.time  o500_d.rmse  c25_i.ptime   c25_i.time   c25_i.rmse  c50_i.ptime 
      23.679        0.162        1.435        0.214        0.344        0.999 
  c50_i.time   c50_i.rmse c100_i.ptime  c100_i.time  c100_i.rmse c250_i.ptime 
       0.142        0.290        0.568        0.119        0.239        0.895 
 c250_i.time  c250_i.rmse c500_i.ptime  c500_i.time  c500_i.rmse  c25_d.ptime 
       0.115        0.189        1.854        0.137        0.141        1.617 
  c25_d.time   c25_d.rmse  c50_d.ptime   c50_d.time   c50_d.rmse c100_d.ptime 
       0.792        0.281        1.034        0.961        0.230        0.520 
 c100_d.time  c100_d.rmse c250_d.ptime  c250_d.time  c250_d.rmse c500_d.ptime 
       1.869        0.202        0.307        6.659        0.142        0.259 
 c500_d.time  c500_d.rmse    s25.ptime     s25.time     s25.rmse    s50.ptime 
      23.402        0.125        0.289        0.001        0.764        0.686 
    s50.time     s50.rmse   s100.ptime    s100.time    s100.rmse   s250.ptime 
       0.001        0.651        0.566        0.002        0.547        1.277 
   s250.time    s250.rmse   s500.ptime    s500.time    s500.rmse  s1000.ptime 
       0.007        0.366        1.792        0.014        0.264        2.938 
  s1000.time   s1000.rmse  s2500.ptime   s2500.time   s2500.rmse  s5000.ptime 
       0.028        0.181       14.360        0.069        0.112       85.768 
  s5000.time   s5000.rmse 
       0.139        0.075 
[1] 0.9856697
$full.time
[1] 0.067

$full.rmse
[1] 0.05888256

$full.time
[1] 0.067

$full.rmse
[1] 0.05888256

$l25.time
[1] 3.234

$l25.rmse
[1] 0.1832901

$l50.time
[1] 3.41

$l50.rmse
[1] 0.1543167

$l100.time
[1] 4.514

$l100.rmse
[1] 0.1275968

$l250.time
[1] 16.589

$l250.rmse
[1] 0.09929106

$l500.time
[1] 80.518

$l500.rmse
[1] 0.08444412

$o25_i.ptime
[1] 0.218

$o25_i.time
[1] 0.215

$o25_i.rmse
[1] 0.5818506

$o50_i.ptime
[1] 0.146

$o50_i.time
[1] 0.15

$o50_i.rmse
[1] 0.5127305

$o100_i.ptime
[1] 0.183

$o100_i.time
[1] 0.124

$o100_i.rmse
[1] 0.4385821

$o250_i.ptime
[1] 0.843

$o250_i.time
[1] 0.114

$o250_i.rmse
[1] 0.3310973

$o500_i.ptime
[1] 1.313

$o500_i.time
[1] 0.136

$o500_i.rmse
[1] 0.2370257

$o25_d.ptime
[1] 0.575

$o25_d.time
[1] 0.518

$o25_d.rmse
[1] 0.4619061

$o50_d.ptime
[1] 0.128

$o50_d.time
[1] 0.658

$o50_d.rmse
[1] 0.4089239

$o100_d.ptime
[1] 0.054

$o100_d.time
[1] 1.415

$o100_d.rmse
[1] 0.3244029

$o250_d.ptime
[1] 0.024

$o250_d.time
[1] 5.657

$o250_d.rmse
[1] 0.226694

$o500_d.ptime
[1] 0.027

$o500_d.time
[1] 22.407

$o500_d.rmse
[1] 0.1573159

$c25_i.ptime
[1] 1.506

$c25_i.time
[1] 0.27

$c25_i.rmse
[1] 0.3274033

$c50_i.ptime
[1] 0.908

$c50_i.time
[1] 0.192

$c50_i.rmse
[1] 0.2853698

$c100_i.ptime
[1] 0.941

$c100_i.time
[1] 0.16

$c100_i.rmse
[1] 0.2214248

$c250_i.ptime
[1] 0.891

$c250_i.time
[1] 0.133

$c250_i.rmse
[1] 0.1724944

$c500_i.ptime
[1] 1.745

$c500_i.time
[1] 0.144

$c500_i.rmse
[1] 0.1530802

$c25_d.ptime
[1] 1.824

$c25_d.time
[1] 0.809

$c25_d.rmse
[1] 0.2588202

$c50_d.ptime
[1] 1.2

$c50_d.time
[1] 0.933

$c50_d.rmse
[1] 0.2251653

$c100_d.ptime
[1] 0.528

$c100_d.time
[1] 1.864

$c100_d.rmse
[1] 0.1851162

$c250_d.ptime
[1] 0.357

$c250_d.time
[1] 6.6

$c250_d.rmse
[1] 0.1471882

$c500_d.ptime
[1] 0.207

$c500_d.time
[1] 22.979

$c500_d.rmse
[1] 0.1194874

$s25.ptime
[1] 0.37

$s25.time
[1] 0

$s25.rmse
[1] 0.6714222

$s50.ptime
[1] 0.343

$s50.time
[1] 0.001

$s50.rmse
[1] 0.5997241

$s100.ptime
[1] 0.79

$s100.time
[1] 0.002

$s100.rmse
[1] 0.4965483

$s250.ptime
[1] 0.924

$s250.time
[1] 0.006

$s250.rmse
[1] 0.3512489

$s500.ptime
[1] 1.863

$s500.time
[1] 0.014

$s500.rmse
[1] 0.2466359

$s1000.ptime
[1] 2.893

$s1000.time
[1] 0.028

$s1000.rmse
[1] 0.1859265

$s2500.ptime
[1] 15.325

$s2500.time
[1] 0.08

$s2500.rmse
[1] 0.1048948

$s5000.ptime
[1] 96.099

$s5000.time
[1] 0.127

$s5000.rmse
[1] 0.07817429

        seed            p    full.time    full.rmse     l25.time     l25.rmse 
    2432.000       10.000        0.067        0.059        3.234        0.183 
    l50.time     l50.rmse    l100.time    l100.rmse    l250.time    l250.rmse 
       3.410        0.154        4.514        0.128       16.589        0.099 
   l500.time    l500.rmse  o25_i.ptime   o25_i.time   o25_i.rmse  o50_i.ptime 
      80.518        0.084        0.218        0.215        0.582        0.146 
  o50_i.time   o50_i.rmse o100_i.ptime  o100_i.time  o100_i.rmse o250_i.ptime 
       0.150        0.513        0.183        0.124        0.439        0.843 
 o250_i.time  o250_i.rmse o500_i.ptime  o500_i.time  o500_i.rmse  o25_d.ptime 
       0.114        0.331        1.313        0.136        0.237        0.575 
  o25_d.time   o25_d.rmse  o50_d.ptime   o50_d.time   o50_d.rmse o100_d.ptime 
       0.518        0.462        0.128        0.658        0.409        0.054 
 o100_d.time  o100_d.rmse o250_d.ptime  o250_d.time  o250_d.rmse o500_d.ptime 
       1.415        0.324        0.024        5.657        0.227        0.027 
 o500_d.time  o500_d.rmse  c25_i.ptime   c25_i.time   c25_i.rmse  c50_i.ptime 
      22.407        0.157        1.506        0.270        0.327        0.908 
  c50_i.time   c50_i.rmse c100_i.ptime  c100_i.time  c100_i.rmse c250_i.ptime 
       0.192        0.285        0.941        0.160        0.221        0.891 
 c250_i.time  c250_i.rmse c500_i.ptime  c500_i.time  c500_i.rmse  c25_d.ptime 
       0.133        0.172        1.745        0.144        0.153        1.824 
  c25_d.time   c25_d.rmse  c50_d.ptime   c50_d.time   c50_d.rmse c100_d.ptime 
       0.809        0.259        1.200        0.933        0.225        0.528 
 c100_d.time  c100_d.rmse c250_d.ptime  c250_d.time  c250_d.rmse c500_d.ptime 
       1.864        0.185        0.357        6.600        0.147        0.207 
 c500_d.time  c500_d.rmse    s25.ptime     s25.time     s25.rmse    s50.ptime 
      22.979        0.119        0.370        0.000        0.671        0.343 
    s50.time     s50.rmse   s100.ptime    s100.time    s100.rmse   s250.ptime 
       0.001        0.600        0.790        0.002        0.497        0.924 
   s250.time    s250.rmse   s500.ptime    s500.time    s500.rmse  s1000.ptime 
       0.006        0.351        1.863        0.014        0.247        2.893 
  s1000.time   s1000.rmse  s2500.ptime   s2500.time   s2500.rmse  s5000.ptime 
       0.028        0.186       15.325        0.080        0.105       96.099 
  s5000.time   s5000.rmse 
       0.127        0.078 
[1] 0.8445196
$full.time
[1] 0.068

$full.rmse
[1] 0.06087311

$full.time
[1] 0.068

$full.rmse
[1] 0.06087311

$l25.time
[1] 3.215

$l25.rmse
[1] 0.1932184

$l50.time
[1] 3.404

$l50.rmse
[1] 0.1658702

$l100.time
[1] 4.623

$l100.rmse
[1] 0.132633

$l250.time
[1] 17.506

$l250.rmse
[1] 0.1012403

$l500.time
[1] 80.379

$l500.rmse
[1] 0.0863579

$o25_i.ptime
[1] 0.227

$o25_i.time
[1] 0.245

$o25_i.rmse
[1] 0.574605

$o50_i.ptime
[1] 0.167

$o50_i.time
[1] 0.478

$o50_i.rmse
[1] 0.5310129

$o100_i.ptime
[1] 0.195

$o100_i.time
[1] 0.137

$o100_i.rmse
[1] 0.4517627

$o250_i.ptime
[1] 0.562

$o250_i.time
[1] 0.12

$o250_i.rmse
[1] 0.3288737

$o500_i.ptime
[1] 1.409

$o500_i.time
[1] 0.122

$o500_i.rmse
[1] 0.258787

$o25_d.ptime
[1] 0.591

$o25_d.time
[1] 0.49

$o25_d.rmse
[1] 0.4733777

$o50_d.ptime
[1] 0.128

$o50_d.time
[1] 0.672

$o50_d.rmse
[1] 0.4034938

$o100_d.ptime
[1] 0.052

$o100_d.time
[1] 1.418

$o100_d.rmse
[1] 0.3305715

$o250_d.ptime
[1] 0.023

$o250_d.time
[1] 5.468

$o250_d.rmse
[1] 0.2245842

$o500_d.ptime
[1] 0.021

$o500_d.time
[1] 26.498

$o500_d.rmse
[1] 0.1623954

$c25_i.ptime
[1] 1.361

$c25_i.time
[1] 0.242

$c25_i.rmse
[1] 0.3451478

$c50_i.ptime
[1] 1.27

$c50_i.time
[1] 0.188

$c50_i.rmse
[1] 0.2836977

$c100_i.ptime
[1] 0.784

$c100_i.time
[1] 0.163

$c100_i.rmse
[1] 0.2196797

$c250_i.ptime
[1] 0.954

$c250_i.time
[1] 0.133

$c250_i.rmse
[1] 0.1763109

$c500_i.ptime
[1] 1.803

$c500_i.time
[1] 0.17

$c500_i.rmse
[1] 0.1458043

$c25_d.ptime
[1] 1.786

$c25_d.time
[1] 0.884

$c25_d.rmse
[1] 0.2616752

$c50_d.ptime
[1] 0.999

$c50_d.time
[1] 1.045

$c50_d.rmse
[1] 0.2257961

$c100_d.ptime
[1] 0.535

$c100_d.time
[1] 2.17

$c100_d.rmse
[1] 0.1805984

$c250_d.ptime
[1] 0.396

$c250_d.time
[1] 6.926

$c250_d.rmse
[1] 0.1405822

$c500_d.ptime
[1] 0.24

$c500_d.time
[1] 48.844

$c500_d.rmse
[1] 0.1211847

$s25.ptime
[1] 0.253

$s25.time
[1] 0.001

$s25.rmse
[1] 0.7020922

$s50.ptime
[1] 0.34

$s50.time
[1] 0.002

$s50.rmse
[1] 0.6181704

$s100.ptime
[1] 0.559

$s100.time
[1] 0.003

$s100.rmse
[1] 0.4954658

$s250.ptime
[1] 1.148

$s250.time
[1] 0.092

$s250.rmse
[1] 0.3616379

$s500.ptime
[1] 1.601

$s500.time
[1] 0.015

$s500.rmse
[1] 0.2574456

$s1000.ptime
[1] 2.955

$s1000.time
[1] 0.035

$s1000.rmse
[1] 0.1692492

$s2500.ptime
[1] 45.533

$s2500.time
[1] 0.085

$s2500.rmse
[1] 0.1119166

$s5000.ptime
[1] 127.713

$s5000.time
[1] 0.161

$s5000.rmse
[1] 0.07969018

        seed            p    full.time    full.rmse     l25.time     l25.rmse 
    2433.000       10.000        0.068        0.061        3.215        0.193 
    l50.time     l50.rmse    l100.time    l100.rmse    l250.time    l250.rmse 
       3.404        0.166        4.623        0.133       17.506        0.101 
   l500.time    l500.rmse  o25_i.ptime   o25_i.time   o25_i.rmse  o50_i.ptime 
      80.379        0.086        0.227        0.245        0.575        0.167 
  o50_i.time   o50_i.rmse o100_i.ptime  o100_i.time  o100_i.rmse o250_i.ptime 
       0.478        0.531        0.195        0.137        0.452        0.562 
 o250_i.time  o250_i.rmse o500_i.ptime  o500_i.time  o500_i.rmse  o25_d.ptime 
       0.120        0.329        1.409        0.122        0.259        0.591 
  o25_d.time   o25_d.rmse  o50_d.ptime   o50_d.time   o50_d.rmse o100_d.ptime 
       0.490        0.473        0.128        0.672        0.403        0.052 
 o100_d.time  o100_d.rmse o250_d.ptime  o250_d.time  o250_d.rmse o500_d.ptime 
       1.418        0.331        0.023        5.468        0.225        0.021 
 o500_d.time  o500_d.rmse  c25_i.ptime   c25_i.time   c25_i.rmse  c50_i.ptime 
      26.498        0.162        1.361        0.242        0.345        1.270 
  c50_i.time   c50_i.rmse c100_i.ptime  c100_i.time  c100_i.rmse c250_i.ptime 
       0.188        0.284        0.784        0.163        0.220        0.954 
 c250_i.time  c250_i.rmse c500_i.ptime  c500_i.time  c500_i.rmse  c25_d.ptime 
       0.133        0.176        1.803        0.170        0.146        1.786 
  c25_d.time   c25_d.rmse  c50_d.ptime   c50_d.time   c50_d.rmse c100_d.ptime 
       0.884        0.262        0.999        1.045        0.226        0.535 
 c100_d.time  c100_d.rmse c250_d.ptime  c250_d.time  c250_d.rmse c500_d.ptime 
       2.170        0.181        0.396        6.926        0.141        0.240 
 c500_d.time  c500_d.rmse    s25.ptime     s25.time     s25.rmse    s50.ptime 
      48.844        0.121        0.253        0.001        0.702        0.340 
    s50.time     s50.rmse   s100.ptime    s100.time    s100.rmse   s250.ptime 
       0.002        0.618        0.559        0.003        0.495        1.148 
   s250.time    s250.rmse   s500.ptime    s500.time    s500.rmse  s1000.ptime 
       0.092        0.362        1.601        0.015        0.257        2.955 
  s1000.time   s1000.rmse  s2500.ptime   s2500.time   s2500.rmse  s5000.ptime 
       0.035        0.169       45.533        0.085        0.112      127.713 
  s5000.time   s5000.rmse 
       0.161        0.080 
  seed  p full.time  full.rmse l25.time  l25.rmse l50.time  l50.rmse l100.time
1 2429 10     0.224 0.05741001    4.949 0.2032826    5.387 0.1646916     7.488
2 2430 10     0.112 0.05981526    3.312 0.1992990    3.811 0.1621415     5.626
3 2431 10     0.093 0.05952709    3.030 0.2015199    3.189 0.1640647     4.525
4 2432 10     0.067 0.05888256    3.234 0.1832901    3.410 0.1543167     4.514
5 2433 10     0.068 0.06087311    3.215 0.1932184    3.404 0.1658702     4.623
  l100.rmse l250.time  l250.rmse l500.time  l500.rmse o25_i.ptime o25_i.time
1 0.1263293    24.009 0.09742030    88.207 0.08304258       0.209      0.215
2 0.1314522    21.374 0.09694392    95.550 0.08119964       0.249      0.235
3 0.1265304    17.301 0.09612927    82.063 0.07960347       0.247      0.235
4 0.1275968    16.589 0.09929106    80.518 0.08444412       0.218      0.215
5 0.1326330    17.506 0.10124029    80.379 0.08635790       0.227      0.245
  o25_i.rmse o50_i.ptime o50_i.time o50_i.rmse o100_i.ptime o100_i.time
1  0.6527172       0.472      0.142  0.5541008        0.185       0.116
2  0.6129201       0.174      0.164  0.5674778        0.229       0.594
3  0.6106788       0.158      0.164  0.5506077        0.197       0.135
4  0.5818506       0.146      0.150  0.5127305        0.183       0.124
5  0.5746050       0.167      0.478  0.5310129        0.195       0.137
  o100_i.rmse o250_i.ptime o250_i.time o250_i.rmse o500_i.ptime o500_i.time
1   0.4733749        0.527       0.104   0.3480276        1.421       0.127
2   0.4626046        0.611       0.110   0.3374322        1.562       0.134
3   0.4563983        0.536       0.468   0.3472667        1.456       0.146
4   0.4385821        0.843       0.114   0.3310973        1.313       0.136
5   0.4517627        0.562       0.120   0.3288737        1.409       0.122
  o500_i.rmse o25_d.ptime o25_d.time o25_d.rmse o50_d.ptime o50_d.time
1   0.2573078       0.562      0.473  0.5189034       0.125      0.616
2   0.2529932       0.557      0.491  0.4874630       0.124      0.663
3   0.2625381       0.578      0.509  0.4975597       0.134      0.646
4   0.2370257       0.575      0.518  0.4619061       0.128      0.658
5   0.2587870       0.591      0.490  0.4733777       0.128      0.672
  o50_d.rmse o100_d.ptime o100_d.time o100_d.rmse o250_d.ptime o250_d.time
1  0.4368366        0.046       1.332   0.3461410        0.036       5.833
2  0.4292195        0.043       1.458   0.3393250        0.029       6.522
3  0.4305611        0.053       1.401   0.3247790        0.022       6.289
4  0.4089239        0.054       1.415   0.3244029        0.024       5.657
5  0.4034938        0.052       1.418   0.3305715        0.023       5.468
  o250_d.rmse o500_d.ptime o500_d.time o500_d.rmse c25_i.ptime c25_i.time
1   0.2298986        0.021      25.697   0.1636948       1.498      0.242
2   0.2264627        0.021      23.979   0.1618254       1.543      0.245
3   0.2300735        0.022      23.679   0.1621736       1.435      0.214
4   0.2266940        0.027      22.407   0.1573159       1.506      0.270
5   0.2245842        0.021      26.498   0.1623954       1.361      0.242
  c25_i.rmse c50_i.ptime c50_i.time c50_i.rmse c100_i.ptime c100_i.time
1  0.3669377       0.949      0.164  0.2943687        0.781       0.134
2  0.3445223       1.144      0.165  0.2706015        0.735       0.136
3  0.3437407       0.999      0.142  0.2895478        0.568       0.119
4  0.3274033       0.908      0.192  0.2853698        0.941       0.160
5  0.3451478       1.270      0.188  0.2836977        0.784       0.163
  c100_i.rmse c250_i.ptime c250_i.time c250_i.rmse c500_i.ptime c500_i.time
1   0.2489186        1.072       0.135   0.1898617        1.742       0.141
2   0.2488226        0.993       0.123   0.1740573        2.018       0.136
3   0.2388557        0.895       0.115   0.1892781        1.854       0.137
4   0.2214248        0.891       0.133   0.1724944        1.745       0.144
5   0.2196797        0.954       0.133   0.1763109        1.803       0.170
  c500_i.rmse c25_d.ptime c25_d.time c25_d.rmse c50_d.ptime c50_d.time
1   0.1496165       1.870      0.827  0.2831701       0.842      1.015
2   0.1513788       1.720      0.714  0.2696067       0.872      0.847
3   0.1414207       1.617      0.792  0.2809797       1.034      0.961
4   0.1530802       1.824      0.809  0.2588202       1.200      0.933
5   0.1458043       1.786      0.884  0.2616752       0.999      1.045
  c50_d.rmse c100_d.ptime c100_d.time c100_d.rmse c250_d.ptime c250_d.time
1  0.2390977        0.587       1.876   0.1925753        0.379       6.602
2  0.2255182        0.581       1.861   0.1814882        0.440       6.647
3  0.2298093        0.520       1.869   0.2019535        0.307       6.659
4  0.2251653        0.528       1.864   0.1851162        0.357       6.600
5  0.2257961        0.535       2.170   0.1805984        0.396       6.926
  c250_d.rmse c500_d.ptime c500_d.time c500_d.rmse s25.ptime s25.time  s25.rmse
1   0.1408412        0.301      22.720   0.1244871     0.223    0.001 0.6888980
2   0.1545463        0.283      22.808   0.1171117     0.274    0.001 0.7593759
3   0.1420815        0.259      23.402   0.1251340     0.289    0.001 0.7644361
4   0.1471882        0.207      22.979   0.1194874     0.370    0.000 0.6714222
5   0.1405822        0.240      48.844   0.1211847     0.253    0.001 0.7020922
  s50.ptime s50.time  s50.rmse s100.ptime s100.time s100.rmse s250.ptime
1     0.333    0.001 0.5535612      0.570     0.002 0.4910183      1.079
2     0.411    0.001 0.5772240      0.705     0.003 0.5365906      1.259
3     0.686    0.001 0.6508968      0.566     0.002 0.5471028      1.277
4     0.343    0.001 0.5997241      0.790     0.002 0.4965483      0.924
5     0.340    0.002 0.6181704      0.559     0.003 0.4954658      1.148
  s250.time s250.rmse s500.ptime s500.time s500.rmse s1000.ptime s1000.time
1     0.007 0.3634027      1.780     0.012 0.2616084       2.636      0.028
2     0.006 0.3378513      1.696     0.014 0.2537399       2.647      0.028
3     0.007 0.3657235      1.792     0.014 0.2639356       2.938      0.028
4     0.006 0.3512489      1.863     0.014 0.2466359       2.893      0.028
5     0.092 0.3616379      1.601     0.015 0.2574456       2.955      0.035
  s1000.rmse s2500.ptime s2500.time s2500.rmse s5000.ptime s5000.time
1  0.1848530      15.319      0.079  0.1086529      90.776      0.159
2  0.1781494      14.594      0.075  0.1110663      88.644      0.148
3  0.1808390      14.360      0.069  0.1117329      85.768      0.139
4  0.1859265      15.325      0.080  0.1048948      96.099      0.127
5  0.1692492      45.533      0.085  0.1119166     127.713      0.161
  s5000.rmse
1 0.07446860
2 0.07875052
3 0.07530993
4 0.07817429
5 0.07969018
> 
> proc.time()
    user   system  elapsed 
3711.488   37.272 3822.896 
