
R version 3.0.3 (2014-03-06) -- "Warm Puppy"
Copyright (C) 2014 The R Foundation for Statistical Computing
Platform: x86_64-unknown-linux-gnu (64-bit)

R is free software and comes with ABSOLUTELY NO WARRANTY.
You are welcome to redistribute it under certain conditions.
Type 'license()' or 'licence()' for distribution details.

  Natural language support but running in an English locale

R is a collaborative project with many contributors.
Type 'contributors()' for more information and
'citation()' on how to cite R or R packages in publications.

Type 'demo()' for some demos, 'help()' for on-line help, or
'help.start()' for an HTML browser interface to help.
Type 'q()' to quit R.

> print(.libPaths())
[1] "/usr/local/r-3.0.3/lib64/R/library"
> .libPaths("/mnt/home/rjparker/Rlib")
> print(.libPaths())
[1] "/mnt/home/rjparker/Rlib"            "/usr/local/r-3.0.3/lib64/R/library"
> setwd("/mnt/home/rjparker/git/block_int")
> 
> which_exp <- 5
> which_part <- 20
> source("R/sim_nblocks_pred.R")
Loading required package: spam
Loading required package: grid
Spam version 0.41-0 (2014-02-26) is loaded.
Type 'help( Spam)' or 'demo( spam)' for a short introduction 
and overview of this package.
Help for individual functions is also obtained by adding the
suffix '.spam' to the function name, e.g. 'help( chol.spam)'.

Attaching package: ‘spam’

The following objects are masked from ‘package:base’:

    backsolve, forwardsolve

Loading required package: maps
  pred  p   b tau Nper_p Npred Fzero sigma2
5 TRUE 10 1.5  10  10000  1000     0      1
[1] 0.8478566
$full.time
[1] 0.076

$full.rmse
[1] 0.05966643

$full.time
[1] 0.076

$full.rmse
[1] 0.05966643

$l25.time
[1] 4.15

$l25.rmse
[1] 0.1964168

$l50.time
[1] 4.257

$l50.rmse
[1] 0.1608864

$l100.time
[1] 5.627

$l100.rmse
[1] 0.1288156

$l250.time
[1] 21.138

$l250.rmse
[1] 0.09857794

$l500.time
[1] 109.968

$l500.rmse
[1] 0.08423131

$o25_i.ptime
[1] 0.337

$o25_i.time
[1] 0.356

$o25_i.rmse
[1] 0.5532074

$o50_i.ptime
[1] 0.708

$o50_i.time
[1] 0.215

$o50_i.rmse
[1] 0.4933339

$o100_i.ptime
[1] 0.245

$o100_i.time
[1] 0.198

$o100_i.rmse
[1] 0.4361904

$o250_i.ptime
[1] 0.741

$o250_i.time
[1] 0.18

$o250_i.rmse
[1] 0.3316222

$o500_i.ptime
[1] 2.203

$o500_i.time
[1] 0.194

$o500_i.rmse
[1] 0.2478869

$o25_d.ptime
[1] 0.679

$o25_d.time
[1] 0.687

$o25_d.rmse
[1] 0.4527931

$o50_d.ptime
[1] 0.174

$o50_d.time
[1] 0.888

$o50_d.rmse
[1] 0.3970262

$o100_d.ptime
[1] 0.066

$o100_d.time
[1] 1.836

$o100_d.rmse
[1] 0.3230668

$o250_d.ptime
[1] 0.029

$o250_d.time
[1] 7.681

$o250_d.rmse
[1] 0.222881

$o500_d.ptime
[1] 0.025

$o500_d.time
[1] 43.35

$o500_d.rmse
[1] 0.1661119

$c25_i.ptime
[1] 2.106

$c25_i.time
[1] 0.302

$c25_i.rmse
[1] 0.3286361

$c50_i.ptime
[1] 1.223

$c50_i.time
[1] 0.217

$c50_i.rmse
[1] 0.2799909

$c100_i.ptime
[1] 0.939

$c100_i.time
[1] 0.177

$c100_i.rmse
[1] 0.2254686

$c250_i.ptime
[1] 1.012

$c250_i.time
[1] 0.161

$c250_i.rmse
[1] 0.1828511

$c500_i.ptime
[1] 2.605

$c500_i.time
[1] 0.205

$c500_i.rmse
[1] 0.1556384

$c25_d.ptime
[1] 2.162

$c25_d.time
[1] 1.374

$c25_d.rmse
[1] 0.267471

$c50_d.ptime
[1] 0.871

$c50_d.time
[1] 1.669

$c50_d.rmse
[1] 0.2184849

$c100_d.ptime
[1] 0.915

$c100_d.time
[1] 3.158

$c100_d.rmse
[1] 0.1904046

$c250_d.ptime
[1] 0.699

$c250_d.time
[1] 12.597

$c250_d.rmse
[1] 0.1438236

$c500_d.ptime
[1] 0.564

$c500_d.time
[1] 52.505

$c500_d.rmse
[1] 0.1181114

$s25.ptime
[1] 0.368

$s25.time
[1] 0.001

$s25.rmse
[1] 0.6911868

$s50.ptime
[1] 0.612

$s50.time
[1] 0.002

$s50.rmse
[1] 0.5274416

$s100.ptime
[1] 1

$s100.time
[1] 0.004

$s100.rmse
[1] 0.4715708

$s250.ptime
[1] 1.358

$s250.time
[1] 0.012

$s250.rmse
[1] 0.3394451

$s500.ptime
[1] 2.348

$s500.time
[1] 0.032

$s500.rmse
[1] 0.2536246

$s1000.ptime
[1] 4.42

$s1000.time
[1] 0.063

$s1000.rmse
[1] 0.1782338

$s2500.ptime
[1] 34.943

$s2500.time
[1] 0.134

$s2500.rmse
[1] 0.1140247

$s5000.ptime
[1] 115.25

$s5000.time
[1] 0.201

$s5000.rmse
[1] 0.07589277

        seed            p    full.time    full.rmse     l25.time     l25.rmse 
    2479.000       10.000        0.076        0.060        4.150        0.196 
    l50.time     l50.rmse    l100.time    l100.rmse    l250.time    l250.rmse 
       4.257        0.161        5.627        0.129       21.138        0.099 
   l500.time    l500.rmse  o25_i.ptime   o25_i.time   o25_i.rmse  o50_i.ptime 
     109.968        0.084        0.337        0.356        0.553        0.708 
  o50_i.time   o50_i.rmse o100_i.ptime  o100_i.time  o100_i.rmse o250_i.ptime 
       0.215        0.493        0.245        0.198        0.436        0.741 
 o250_i.time  o250_i.rmse o500_i.ptime  o500_i.time  o500_i.rmse  o25_d.ptime 
       0.180        0.332        2.203        0.194        0.248        0.679 
  o25_d.time   o25_d.rmse  o50_d.ptime   o50_d.time   o50_d.rmse o100_d.ptime 
       0.687        0.453        0.174        0.888        0.397        0.066 
 o100_d.time  o100_d.rmse o250_d.ptime  o250_d.time  o250_d.rmse o500_d.ptime 
       1.836        0.323        0.029        7.681        0.223        0.025 
 o500_d.time  o500_d.rmse  c25_i.ptime   c25_i.time   c25_i.rmse  c50_i.ptime 
      43.350        0.166        2.106        0.302        0.329        1.223 
  c50_i.time   c50_i.rmse c100_i.ptime  c100_i.time  c100_i.rmse c250_i.ptime 
       0.217        0.280        0.939        0.177        0.225        1.012 
 c250_i.time  c250_i.rmse c500_i.ptime  c500_i.time  c500_i.rmse  c25_d.ptime 
       0.161        0.183        2.605        0.205        0.156        2.162 
  c25_d.time   c25_d.rmse  c50_d.ptime   c50_d.time   c50_d.rmse c100_d.ptime 
       1.374        0.267        0.871        1.669        0.218        0.915 
 c100_d.time  c100_d.rmse c250_d.ptime  c250_d.time  c250_d.rmse c500_d.ptime 
       3.158        0.190        0.699       12.597        0.144        0.564 
 c500_d.time  c500_d.rmse    s25.ptime     s25.time     s25.rmse    s50.ptime 
      52.505        0.118        0.368        0.001        0.691        0.612 
    s50.time     s50.rmse   s100.ptime    s100.time    s100.rmse   s250.ptime 
       0.002        0.527        1.000        0.004        0.472        1.358 
   s250.time    s250.rmse   s500.ptime    s500.time    s500.rmse  s1000.ptime 
       0.012        0.339        2.348        0.032        0.254        4.420 
  s1000.time   s1000.rmse  s2500.ptime   s2500.time   s2500.rmse  s5000.ptime 
       0.063        0.178       34.943        0.134        0.114      115.250 
  s5000.time   s5000.rmse 
       0.201        0.076 
[1] 0.6673047
$full.time
[1] 0.084

$full.rmse
[1] 0.05904441

$full.time
[1] 0.084

$full.rmse
[1] 0.05904441

$l25.time
[1] 4.376

$l25.rmse
[1] 0.1869134

$l50.time
[1] 4.414

$l50.rmse
[1] 0.1520904

$l100.time
[1] 5.88

$l100.rmse
[1] 0.1232355

$l250.time
[1] 21.492

$l250.rmse
[1] 0.09634582

$l500.time
[1] 111.96

$l500.rmse
[1] 0.08227069

$o25_i.ptime
[1] 0.347

$o25_i.time
[1] 0.365

$o25_i.rmse
[1] 0.5780817

$o50_i.ptime
[1] 0.216

$o50_i.time
[1] 0.196

$o50_i.rmse
[1] 0.5434196

$o100_i.ptime
[1] 0.303

$o100_i.time
[1] 0.713

$o100_i.rmse
[1] 0.4326434

$o250_i.ptime
[1] 0.755

$o250_i.time
[1] 0.151

$o250_i.rmse
[1] 0.3308947

$o500_i.ptime
[1] 2.148

$o500_i.time
[1] 0.172

$o500_i.rmse
[1] 0.2482297

$o25_d.ptime
[1] 0.692

$o25_d.time
[1] 0.717

$o25_d.rmse
[1] 0.4623936

$o50_d.ptime
[1] 0.165

$o50_d.time
[1] 0.834

$o50_d.rmse
[1] 0.4257601

$o100_d.ptime
[1] 0.059

$o100_d.time
[1] 1.762

$o100_d.rmse
[1] 0.3281375

$o250_d.ptime
[1] 0.039

$o250_d.time
[1] 8.25

$o250_d.rmse
[1] 0.2263329

$o500_d.ptime
[1] 0.027

$o500_d.time
[1] 34.448

$o500_d.rmse
[1] 0.1726349

$c25_i.ptime
[1] 1.583

$c25_i.time
[1] 0.278

$c25_i.rmse
[1] 0.3139143

$c50_i.ptime
[1] 1.16

$c50_i.time
[1] 0.191

$c50_i.rmse
[1] 0.2766048

$c100_i.ptime
[1] 0.738

$c100_i.time
[1] 0.244

$c100_i.rmse
[1] 0.2369338

$c250_i.ptime
[1] 0.999

$c250_i.time
[1] 0.147

$c250_i.rmse
[1] 0.1818334

$c500_i.ptime
[1] 2.317

$c500_i.time
[1] 0.159

$c500_i.rmse
[1] 0.1418467

$c25_d.ptime
[1] 2.166

$c25_d.time
[1] 1.112

$c25_d.rmse
[1] 0.2635483

$c50_d.ptime
[1] 0.944

$c50_d.time
[1] 1.299

$c50_d.rmse
[1] 0.2243778

$c100_d.ptime
[1] 0.76

$c100_d.time
[1] 2.37

$c100_d.rmse
[1] 0.1788316

$c250_d.ptime
[1] 0.413

$c250_d.time
[1] 9.874

$c250_d.rmse
[1] 0.1458248

$c500_d.ptime
[1] 0.458

$c500_d.time
[1] 47.41

$c500_d.rmse
[1] 0.1221634

$s25.ptime
[1] 0.561

$s25.time
[1] 0.002

$s25.rmse
[1] 0.6215087

$s50.ptime
[1] 0.689

$s50.time
[1] 0.003

$s50.rmse
[1] 0.5327569

$s100.ptime
[1] 0.76

$s100.time
[1] 0.004

$s100.rmse
[1] 0.5031405

$s250.ptime
[1] 1.238

$s250.time
[1] 0.012

$s250.rmse
[1] 0.3614107

$s500.ptime
[1] 2.305

$s500.time
[1] 0.024

$s500.rmse
[1] 0.2722045

$s1000.ptime
[1] 4.001

$s1000.time
[1] 0.052

$s1000.rmse
[1] 0.1759395

$s2500.ptime
[1] 27.867

$s2500.time
[1] 0.14

$s2500.rmse
[1] 0.1150589

$s5000.ptime
[1] 139.68

$s5000.time
[1] 0.196

$s5000.rmse
[1] 0.07535888

        seed            p    full.time    full.rmse     l25.time     l25.rmse 
    2480.000       10.000        0.084        0.059        4.376        0.187 
    l50.time     l50.rmse    l100.time    l100.rmse    l250.time    l250.rmse 
       4.414        0.152        5.880        0.123       21.492        0.096 
   l500.time    l500.rmse  o25_i.ptime   o25_i.time   o25_i.rmse  o50_i.ptime 
     111.960        0.082        0.347        0.365        0.578        0.216 
  o50_i.time   o50_i.rmse o100_i.ptime  o100_i.time  o100_i.rmse o250_i.ptime 
       0.196        0.543        0.303        0.713        0.433        0.755 
 o250_i.time  o250_i.rmse o500_i.ptime  o500_i.time  o500_i.rmse  o25_d.ptime 
       0.151        0.331        2.148        0.172        0.248        0.692 
  o25_d.time   o25_d.rmse  o50_d.ptime   o50_d.time   o50_d.rmse o100_d.ptime 
       0.717        0.462        0.165        0.834        0.426        0.059 
 o100_d.time  o100_d.rmse o250_d.ptime  o250_d.time  o250_d.rmse o500_d.ptime 
       1.762        0.328        0.039        8.250        0.226        0.027 
 o500_d.time  o500_d.rmse  c25_i.ptime   c25_i.time   c25_i.rmse  c50_i.ptime 
      34.448        0.173        1.583        0.278        0.314        1.160 
  c50_i.time   c50_i.rmse c100_i.ptime  c100_i.time  c100_i.rmse c250_i.ptime 
       0.191        0.277        0.738        0.244        0.237        0.999 
 c250_i.time  c250_i.rmse c500_i.ptime  c500_i.time  c500_i.rmse  c25_d.ptime 
       0.147        0.182        2.317        0.159        0.142        2.166 
  c25_d.time   c25_d.rmse  c50_d.ptime   c50_d.time   c50_d.rmse c100_d.ptime 
       1.112        0.264        0.944        1.299        0.224        0.760 
 c100_d.time  c100_d.rmse c250_d.ptime  c250_d.time  c250_d.rmse c500_d.ptime 
       2.370        0.179        0.413        9.874        0.146        0.458 
 c500_d.time  c500_d.rmse    s25.ptime     s25.time     s25.rmse    s50.ptime 
      47.410        0.122        0.561        0.002        0.622        0.689 
    s50.time     s50.rmse   s100.ptime    s100.time    s100.rmse   s250.ptime 
       0.003        0.533        0.760        0.004        0.503        1.238 
   s250.time    s250.rmse   s500.ptime    s500.time    s500.rmse  s1000.ptime 
       0.012        0.361        2.305        0.024        0.272        4.001 
  s1000.time   s1000.rmse  s2500.ptime   s2500.time   s2500.rmse  s5000.ptime 
       0.052        0.176       27.867        0.140        0.115      139.680 
  s5000.time   s5000.rmse 
       0.196        0.075 
[1] 1.038089
$full.time
[1] 0.073

$full.rmse
[1] 0.05661745

$full.time
[1] 0.073

$full.rmse
[1] 0.05661745

$l25.time
[1] 4.171

$l25.rmse
[1] 0.1931901

$l50.time
[1] 4.282

$l50.rmse
[1] 0.1603425

$l100.time
[1] 5.812

$l100.rmse
[1] 0.1281913

$l250.time
[1] 20.921

$l250.rmse
[1] 0.1002253

$l500.time
[1] 112.32

$l500.rmse
[1] 0.08250448

$o25_i.ptime
[1] 0.323

$o25_i.time
[1] 0.326

$o25_i.rmse
[1] 0.6092862

$o50_i.ptime
[1] 0.275

$o50_i.time
[1] 0.263

$o50_i.rmse
[1] 0.5036994

$o100_i.ptime
[1] 0.255

$o100_i.time
[1] 0.227

$o100_i.rmse
[1] 0.4356925

$o250_i.ptime
[1] 0.76

$o250_i.time
[1] 0.667

$o250_i.rmse
[1] 0.3317165

$o500_i.ptime
[1] 2.113

$o500_i.time
[1] 0.214

$o500_i.rmse
[1] 0.2530223

$o25_d.ptime
[1] 0.739

$o25_d.time
[1] 0.807

$o25_d.rmse
[1] 0.4707478

$o50_d.ptime
[1] 0.19

$o50_d.time
[1] 0.994

$o50_d.rmse
[1] 0.3962198

$o100_d.ptime
[1] 0.074

$o100_d.time
[1] 2.173

$o100_d.rmse
[1] 0.3089445

$o250_d.ptime
[1] 0.041

$o250_d.time
[1] 8.704

$o250_d.rmse
[1] 0.2363454

$o500_d.ptime
[1] 0.026

$o500_d.time
[1] 34.926

$o500_d.rmse
[1] 0.1622103

$c25_i.ptime
[1] 1.749

$c25_i.time
[1] 0.276

$c25_i.rmse
[1] 0.3291854

$c50_i.ptime
[1] 1.229

$c50_i.time
[1] 0.276

$c50_i.rmse
[1] 0.2756683

$c100_i.ptime
[1] 0.956

$c100_i.time
[1] 0.166

$c100_i.rmse
[1] 0.2259045

$c250_i.ptime
[1] 1.19

$c250_i.time
[1] 0.155

$c250_i.rmse
[1] 0.1758681

$c500_i.ptime
[1] 2.269

$c500_i.time
[1] 0.203

$c500_i.rmse
[1] 0.1457613

$c25_d.ptime
[1] 2.099

$c25_d.time
[1] 1.076

$c25_d.rmse
[1] 0.2673292

$c50_d.ptime
[1] 1.022

$c50_d.time
[1] 1.278

$c50_d.rmse
[1] 0.2191142

$c100_d.ptime
[1] 0.624

$c100_d.time
[1] 2.461

$c100_d.rmse
[1] 0.1760484

$c250_d.ptime
[1] 0.588

$c250_d.time
[1] 10.586

$c250_d.rmse
[1] 0.1380168

$c500_d.ptime
[1] 0.45

$c500_d.time
[1] 48.436

$c500_d.rmse
[1] 0.1145104

$s25.ptime
[1] 0.516

$s25.time
[1] 0.001

$s25.rmse
[1] 0.705984

$s50.ptime
[1] 0.565

$s50.time
[1] 0.003

$s50.rmse
[1] 0.6163769

$s100.ptime
[1] 0.893

$s100.time
[1] 0.005

$s100.rmse
[1] 0.4519626

$s250.ptime
[1] 1.548

$s250.time
[1] 0.009

$s250.rmse
[1] 0.3827004

$s500.ptime
[1] 2.356

$s500.time
[1] 0.024

$s500.rmse
[1] 0.2731387

$s1000.ptime
[1] 4.298

$s1000.time
[1] 0.049

$s1000.rmse
[1] 0.187059

$s2500.ptime
[1] 29.848

$s2500.time
[1] 0.122

$s2500.rmse
[1] 0.1073402

$s5000.ptime
[1] 143.051

$s5000.time
[1] 0.157

$s5000.rmse
[1] 0.0746954

        seed            p    full.time    full.rmse     l25.time     l25.rmse 
    2481.000       10.000        0.073        0.057        4.171        0.193 
    l50.time     l50.rmse    l100.time    l100.rmse    l250.time    l250.rmse 
       4.282        0.160        5.812        0.128       20.921        0.100 
   l500.time    l500.rmse  o25_i.ptime   o25_i.time   o25_i.rmse  o50_i.ptime 
     112.320        0.083        0.323        0.326        0.609        0.275 
  o50_i.time   o50_i.rmse o100_i.ptime  o100_i.time  o100_i.rmse o250_i.ptime 
       0.263        0.504        0.255        0.227        0.436        0.760 
 o250_i.time  o250_i.rmse o500_i.ptime  o500_i.time  o500_i.rmse  o25_d.ptime 
       0.667        0.332        2.113        0.214        0.253        0.739 
  o25_d.time   o25_d.rmse  o50_d.ptime   o50_d.time   o50_d.rmse o100_d.ptime 
       0.807        0.471        0.190        0.994        0.396        0.074 
 o100_d.time  o100_d.rmse o250_d.ptime  o250_d.time  o250_d.rmse o500_d.ptime 
       2.173        0.309        0.041        8.704        0.236        0.026 
 o500_d.time  o500_d.rmse  c25_i.ptime   c25_i.time   c25_i.rmse  c50_i.ptime 
      34.926        0.162        1.749        0.276        0.329        1.229 
  c50_i.time   c50_i.rmse c100_i.ptime  c100_i.time  c100_i.rmse c250_i.ptime 
       0.276        0.276        0.956        0.166        0.226        1.190 
 c250_i.time  c250_i.rmse c500_i.ptime  c500_i.time  c500_i.rmse  c25_d.ptime 
       0.155        0.176        2.269        0.203        0.146        2.099 
  c25_d.time   c25_d.rmse  c50_d.ptime   c50_d.time   c50_d.rmse c100_d.ptime 
       1.076        0.267        1.022        1.278        0.219        0.624 
 c100_d.time  c100_d.rmse c250_d.ptime  c250_d.time  c250_d.rmse c500_d.ptime 
       2.461        0.176        0.588       10.586        0.138        0.450 
 c500_d.time  c500_d.rmse    s25.ptime     s25.time     s25.rmse    s50.ptime 
      48.436        0.115        0.516        0.001        0.706        0.565 
    s50.time     s50.rmse   s100.ptime    s100.time    s100.rmse   s250.ptime 
       0.003        0.616        0.893        0.005        0.452        1.548 
   s250.time    s250.rmse   s500.ptime    s500.time    s500.rmse  s1000.ptime 
       0.009        0.383        2.356        0.024        0.273        4.298 
  s1000.time   s1000.rmse  s2500.ptime   s2500.time   s2500.rmse  s5000.ptime 
       0.049        0.187       29.848        0.122        0.107      143.051 
  s5000.time   s5000.rmse 
       0.157        0.075 
[1] 0.9320035
$full.time
[1] 0.072

$full.rmse
[1] 0.06145736

$full.time
[1] 0.072

$full.rmse
[1] 0.06145736

$l25.time
[1] 4.109

$l25.rmse
[1] 0.1983047

$l50.time
[1] 4.253

$l50.rmse
[1] 0.1579868

$l100.time
[1] 5.784

$l100.rmse
[1] 0.1268705

$l250.time
[1] 20.465

$l250.rmse
[1] 0.1015645

$l500.time
[1] 109.666

$l500.rmse
[1] 0.08802431

$o25_i.ptime
[1] 0.317

$o25_i.time
[1] 0.362

$o25_i.rmse
[1] 0.6457428

$o50_i.ptime
[1] 0.233

$o50_i.time
[1] 0.213

$o50_i.rmse
[1] 0.5609897

$o100_i.ptime
[1] 0.292

$o100_i.time
[1] 0.216

$o100_i.rmse
[1] 0.4666386

$o250_i.ptime
[1] 0.743

$o250_i.time
[1] 0.555

$o250_i.rmse
[1] 0.3522126

$o500_i.ptime
[1] 2.097

$o500_i.time
[1] 0.186

$o500_i.rmse
[1] 0.2681234

$o25_d.ptime
[1] 0.708

$o25_d.time
[1] 0.865

$o25_d.rmse
[1] 0.5263815

$o50_d.ptime
[1] 0.153

$o50_d.time
[1] 0.98

$o50_d.rmse
[1] 0.4436561

$o100_d.ptime
[1] 0.07

$o100_d.time
[1] 1.921

$o100_d.rmse
[1] 0.339086

$o250_d.ptime
[1] 0.042

$o250_d.time
[1] 8.412

$o250_d.rmse
[1] 0.2414954

$o500_d.ptime
[1] 0.04

$o500_d.time
[1] 34.616

$o500_d.rmse
[1] 0.1680429

$c25_i.ptime
[1] 1.904

$c25_i.time
[1] 0.307

$c25_i.rmse
[1] 0.3405465

$c50_i.ptime
[1] 1.204

$c50_i.time
[1] 0.207

$c50_i.rmse
[1] 0.3077793

$c100_i.ptime
[1] 0.895

$c100_i.time
[1] 0.173

$c100_i.rmse
[1] 0.2555271

$c250_i.ptime
[1] 0.989

$c250_i.time
[1] 0.164

$c250_i.rmse
[1] 0.198914

$c500_i.ptime
[1] 2.182

$c500_i.time
[1] 0.174

$c500_i.rmse
[1] 0.1652406

$c25_d.ptime
[1] 2.056

$c25_d.time
[1] 1.242

$c25_d.rmse
[1] 0.283079

$c50_d.ptime
[1] 1.336

$c50_d.time
[1] 1.348

$c50_d.rmse
[1] 0.2494387

$c100_d.ptime
[1] 0.645

$c100_d.time
[1] 2.437

$c100_d.rmse
[1] 0.1888369

$c250_d.ptime
[1] 0.632

$c250_d.time
[1] 9.728

$c250_d.rmse
[1] 0.1515598

$c500_d.ptime
[1] 0.624

$c500_d.time
[1] 46.764

$c500_d.rmse
[1] 0.1297146

$s25.ptime
[1] 0.432

$s25.time
[1] 0.001

$s25.rmse
[1] 0.7397185

$s50.ptime
[1] 0.537

$s50.time
[1] 0.003

$s50.rmse
[1] 0.6055467

$s100.ptime
[1] 0.745

$s100.time
[1] 0.004

$s100.rmse
[1] 0.4891326

$s250.ptime
[1] 1.423

$s250.time
[1] 0.012

$s250.rmse
[1] 0.3472445

$s500.ptime
[1] 2.191

$s500.time
[1] 0.025

$s500.rmse
[1] 0.2808485

$s1000.ptime
[1] 4.155

$s1000.time
[1] 0.055

$s1000.rmse
[1] 0.1906996

$s2500.ptime
[1] 26.955

$s2500.time
[1] 0.12

$s2500.rmse
[1] 0.111275

$s5000.ptime
[1] 146.749

$s5000.time
[1] 0.153

$s5000.rmse
[1] 0.08095318

        seed            p    full.time    full.rmse     l25.time     l25.rmse 
    2482.000       10.000        0.072        0.061        4.109        0.198 
    l50.time     l50.rmse    l100.time    l100.rmse    l250.time    l250.rmse 
       4.253        0.158        5.784        0.127       20.465        0.102 
   l500.time    l500.rmse  o25_i.ptime   o25_i.time   o25_i.rmse  o50_i.ptime 
     109.666        0.088        0.317        0.362        0.646        0.233 
  o50_i.time   o50_i.rmse o100_i.ptime  o100_i.time  o100_i.rmse o250_i.ptime 
       0.213        0.561        0.292        0.216        0.467        0.743 
 o250_i.time  o250_i.rmse o500_i.ptime  o500_i.time  o500_i.rmse  o25_d.ptime 
       0.555        0.352        2.097        0.186        0.268        0.708 
  o25_d.time   o25_d.rmse  o50_d.ptime   o50_d.time   o50_d.rmse o100_d.ptime 
       0.865        0.526        0.153        0.980        0.444        0.070 
 o100_d.time  o100_d.rmse o250_d.ptime  o250_d.time  o250_d.rmse o500_d.ptime 
       1.921        0.339        0.042        8.412        0.241        0.040 
 o500_d.time  o500_d.rmse  c25_i.ptime   c25_i.time   c25_i.rmse  c50_i.ptime 
      34.616        0.168        1.904        0.307        0.341        1.204 
  c50_i.time   c50_i.rmse c100_i.ptime  c100_i.time  c100_i.rmse c250_i.ptime 
       0.207        0.308        0.895        0.173        0.256        0.989 
 c250_i.time  c250_i.rmse c500_i.ptime  c500_i.time  c500_i.rmse  c25_d.ptime 
       0.164        0.199        2.182        0.174        0.165        2.056 
  c25_d.time   c25_d.rmse  c50_d.ptime   c50_d.time   c50_d.rmse c100_d.ptime 
       1.242        0.283        1.336        1.348        0.249        0.645 
 c100_d.time  c100_d.rmse c250_d.ptime  c250_d.time  c250_d.rmse c500_d.ptime 
       2.437        0.189        0.632        9.728        0.152        0.624 
 c500_d.time  c500_d.rmse    s25.ptime     s25.time     s25.rmse    s50.ptime 
      46.764        0.130        0.432        0.001        0.740        0.537 
    s50.time     s50.rmse   s100.ptime    s100.time    s100.rmse   s250.ptime 
       0.003        0.606        0.745        0.004        0.489        1.423 
   s250.time    s250.rmse   s500.ptime    s500.time    s500.rmse  s1000.ptime 
       0.012        0.347        2.191        0.025        0.281        4.155 
  s1000.time   s1000.rmse  s2500.ptime   s2500.time   s2500.rmse  s5000.ptime 
       0.055        0.191       26.955        0.120        0.111      146.749 
  s5000.time   s5000.rmse 
       0.153        0.081 
[1] 0.8227738
$full.time
[1] 0.07

$full.rmse
[1] 0.05672896

$full.time
[1] 0.07

$full.rmse
[1] 0.05672896

$l25.time
[1] 3.902

$l25.rmse
[1] 0.1833773

$l50.time
[1] 4.125

$l50.rmse
[1] 0.1503184

$l100.time
[1] 5.538

$l100.rmse
[1] 0.1221646

$l250.time
[1] 20.169

$l250.rmse
[1] 0.09365925

$l500.time
[1] 106.04

$l500.rmse
[1] 0.0789772

$o25_i.ptime
[1] 0.323

$o25_i.time
[1] 0.31

$o25_i.rmse
[1] 0.5698611

$o50_i.ptime
[1] 0.205

$o50_i.time
[1] 0.525

$o50_i.rmse
[1] 0.5047383

$o100_i.ptime
[1] 0.255

$o100_i.time
[1] 0.195

$o100_i.rmse
[1] 0.420449

$o250_i.ptime
[1] 0.708

$o250_i.time
[1] 0.159

$o250_i.rmse
[1] 0.3074901

$o500_i.ptime
[1] 2.019

$o500_i.time
[1] 0.2

$o500_i.rmse
[1] 0.2309852

$o25_d.ptime
[1] 0.694

$o25_d.time
[1] 0.708

$o25_d.rmse
[1] 0.4590058

$o50_d.ptime
[1] 0.172

$o50_d.time
[1] 0.998

$o50_d.rmse
[1] 0.3782134

$o100_d.ptime
[1] 0.069

$o100_d.time
[1] 1.973

$o100_d.rmse
[1] 0.3099297

$o250_d.ptime
[1] 0.028

$o250_d.time
[1] 8.652

$o250_d.rmse
[1] 0.2126803

$o500_d.ptime
[1] 0.039

$o500_d.time
[1] 33.542

$o500_d.rmse
[1] 0.1604068

$c25_i.ptime
[1] 1.907

$c25_i.time
[1] 0.36

$c25_i.rmse
[1] 0.3181626

$c50_i.ptime
[1] 1.11

$c50_i.time
[1] 0.203

$c50_i.rmse
[1] 0.2656086

$c100_i.ptime
[1] 0.984

$c100_i.time
[1] 0.164

$c100_i.rmse
[1] 0.224775

$c250_i.ptime
[1] 0.958

$c250_i.time
[1] 0.15

$c250_i.rmse
[1] 0.1738148

$c500_i.ptime
[1] 2.112

$c500_i.time
[1] 0.166

$c500_i.rmse
[1] 0.1394979

$c25_d.ptime
[1] 1.995

$c25_d.time
[1] 1.045

$c25_d.rmse
[1] 0.2620192

$c50_d.ptime
[1] 1.024

$c50_d.time
[1] 1.235

$c50_d.rmse
[1] 0.2043592

$c100_d.ptime
[1] 0.588

$c100_d.time
[1] 2.384

$c100_d.rmse
[1] 0.1873682

$c250_d.ptime
[1] 0.31

$c250_d.time
[1] 9.008

$c250_d.rmse
[1] 0.1388232

$c500_d.ptime
[1] 0.583

$c500_d.time
[1] 45.771

$c500_d.rmse
[1] 0.1175432

$s25.ptime
[1] 0.551

$s25.time
[1] 0.001

$s25.rmse
[1] 0.580586

$s50.ptime
[1] 0.801

$s50.time
[1] 0.002

$s50.rmse
[1] 0.5421052

$s100.ptime
[1] 0.646

$s100.time
[1] 0.005

$s100.rmse
[1] 0.4763362

$s250.ptime
[1] 1.183

$s250.time
[1] 0.011

$s250.rmse
[1] 0.3403371

$s500.ptime
[1] 2.319

$s500.time
[1] 0.02

$s500.rmse
[1] 0.2485562

$s1000.ptime
[1] 4.008

$s1000.time
[1] 0.052

$s1000.rmse
[1] 0.1766812

$s2500.ptime
[1] 25.453

$s2500.time
[1] 0.131

$s2500.rmse
[1] 0.1101664

$s5000.ptime
[1] 146.426

$s5000.time
[1] 0.144

$s5000.rmse
[1] 0.07402851

        seed            p    full.time    full.rmse     l25.time     l25.rmse 
    2483.000       10.000        0.070        0.057        3.902        0.183 
    l50.time     l50.rmse    l100.time    l100.rmse    l250.time    l250.rmse 
       4.125        0.150        5.538        0.122       20.169        0.094 
   l500.time    l500.rmse  o25_i.ptime   o25_i.time   o25_i.rmse  o50_i.ptime 
     106.040        0.079        0.323        0.310        0.570        0.205 
  o50_i.time   o50_i.rmse o100_i.ptime  o100_i.time  o100_i.rmse o250_i.ptime 
       0.525        0.505        0.255        0.195        0.420        0.708 
 o250_i.time  o250_i.rmse o500_i.ptime  o500_i.time  o500_i.rmse  o25_d.ptime 
       0.159        0.307        2.019        0.200        0.231        0.694 
  o25_d.time   o25_d.rmse  o50_d.ptime   o50_d.time   o50_d.rmse o100_d.ptime 
       0.708        0.459        0.172        0.998        0.378        0.069 
 o100_d.time  o100_d.rmse o250_d.ptime  o250_d.time  o250_d.rmse o500_d.ptime 
       1.973        0.310        0.028        8.652        0.213        0.039 
 o500_d.time  o500_d.rmse  c25_i.ptime   c25_i.time   c25_i.rmse  c50_i.ptime 
      33.542        0.160        1.907        0.360        0.318        1.110 
  c50_i.time   c50_i.rmse c100_i.ptime  c100_i.time  c100_i.rmse c250_i.ptime 
       0.203        0.266        0.984        0.164        0.225        0.958 
 c250_i.time  c250_i.rmse c500_i.ptime  c500_i.time  c500_i.rmse  c25_d.ptime 
       0.150        0.174        2.112        0.166        0.139        1.995 
  c25_d.time   c25_d.rmse  c50_d.ptime   c50_d.time   c50_d.rmse c100_d.ptime 
       1.045        0.262        1.024        1.235        0.204        0.588 
 c100_d.time  c100_d.rmse c250_d.ptime  c250_d.time  c250_d.rmse c500_d.ptime 
       2.384        0.187        0.310        9.008        0.139        0.583 
 c500_d.time  c500_d.rmse    s25.ptime     s25.time     s25.rmse    s50.ptime 
      45.771        0.118        0.551        0.001        0.581        0.801 
    s50.time     s50.rmse   s100.ptime    s100.time    s100.rmse   s250.ptime 
       0.002        0.542        0.646        0.005        0.476        1.183 
   s250.time    s250.rmse   s500.ptime    s500.time    s500.rmse  s1000.ptime 
       0.011        0.340        2.319        0.020        0.249        4.008 
  s1000.time   s1000.rmse  s2500.ptime   s2500.time   s2500.rmse  s5000.ptime 
       0.052        0.177       25.453        0.131        0.110      146.426 
  s5000.time   s5000.rmse 
       0.144        0.074 
  seed  p full.time  full.rmse l25.time  l25.rmse l50.time  l50.rmse l100.time
1 2479 10     0.076 0.05966643    4.150 0.1964168    4.257 0.1608864     5.627
2 2480 10     0.084 0.05904441    4.376 0.1869134    4.414 0.1520904     5.880
3 2481 10     0.073 0.05661745    4.171 0.1931901    4.282 0.1603425     5.812
4 2482 10     0.072 0.06145736    4.109 0.1983047    4.253 0.1579868     5.784
5 2483 10     0.070 0.05672896    3.902 0.1833773    4.125 0.1503184     5.538
  l100.rmse l250.time  l250.rmse l500.time  l500.rmse o25_i.ptime o25_i.time
1 0.1288156    21.138 0.09857794   109.968 0.08423131       0.337      0.356
2 0.1232355    21.492 0.09634582   111.960 0.08227069       0.347      0.365
3 0.1281913    20.921 0.10022534   112.320 0.08250448       0.323      0.326
4 0.1268705    20.465 0.10156450   109.666 0.08802431       0.317      0.362
5 0.1221646    20.169 0.09365925   106.040 0.07897720       0.323      0.310
  o25_i.rmse o50_i.ptime o50_i.time o50_i.rmse o100_i.ptime o100_i.time
1  0.5532074       0.708      0.215  0.4933339        0.245       0.198
2  0.5780817       0.216      0.196  0.5434196        0.303       0.713
3  0.6092862       0.275      0.263  0.5036994        0.255       0.227
4  0.6457428       0.233      0.213  0.5609897        0.292       0.216
5  0.5698611       0.205      0.525  0.5047383        0.255       0.195
  o100_i.rmse o250_i.ptime o250_i.time o250_i.rmse o500_i.ptime o500_i.time
1   0.4361904        0.741       0.180   0.3316222        2.203       0.194
2   0.4326434        0.755       0.151   0.3308947        2.148       0.172
3   0.4356925        0.760       0.667   0.3317165        2.113       0.214
4   0.4666386        0.743       0.555   0.3522126        2.097       0.186
5   0.4204490        0.708       0.159   0.3074901        2.019       0.200
  o500_i.rmse o25_d.ptime o25_d.time o25_d.rmse o50_d.ptime o50_d.time
1   0.2478869       0.679      0.687  0.4527931       0.174      0.888
2   0.2482297       0.692      0.717  0.4623936       0.165      0.834
3   0.2530223       0.739      0.807  0.4707478       0.190      0.994
4   0.2681234       0.708      0.865  0.5263815       0.153      0.980
5   0.2309852       0.694      0.708  0.4590058       0.172      0.998
  o50_d.rmse o100_d.ptime o100_d.time o100_d.rmse o250_d.ptime o250_d.time
1  0.3970262        0.066       1.836   0.3230668        0.029       7.681
2  0.4257601        0.059       1.762   0.3281375        0.039       8.250
3  0.3962198        0.074       2.173   0.3089445        0.041       8.704
4  0.4436561        0.070       1.921   0.3390860        0.042       8.412
5  0.3782134        0.069       1.973   0.3099297        0.028       8.652
  o250_d.rmse o500_d.ptime o500_d.time o500_d.rmse c25_i.ptime c25_i.time
1   0.2228810        0.025      43.350   0.1661119       2.106      0.302
2   0.2263329        0.027      34.448   0.1726349       1.583      0.278
3   0.2363454        0.026      34.926   0.1622103       1.749      0.276
4   0.2414954        0.040      34.616   0.1680429       1.904      0.307
5   0.2126803        0.039      33.542   0.1604068       1.907      0.360
  c25_i.rmse c50_i.ptime c50_i.time c50_i.rmse c100_i.ptime c100_i.time
1  0.3286361       1.223      0.217  0.2799909        0.939       0.177
2  0.3139143       1.160      0.191  0.2766048        0.738       0.244
3  0.3291854       1.229      0.276  0.2756683        0.956       0.166
4  0.3405465       1.204      0.207  0.3077793        0.895       0.173
5  0.3181626       1.110      0.203  0.2656086        0.984       0.164
  c100_i.rmse c250_i.ptime c250_i.time c250_i.rmse c500_i.ptime c500_i.time
1   0.2254686        1.012       0.161   0.1828511        2.605       0.205
2   0.2369338        0.999       0.147   0.1818334        2.317       0.159
3   0.2259045        1.190       0.155   0.1758681        2.269       0.203
4   0.2555271        0.989       0.164   0.1989140        2.182       0.174
5   0.2247750        0.958       0.150   0.1738148        2.112       0.166
  c500_i.rmse c25_d.ptime c25_d.time c25_d.rmse c50_d.ptime c50_d.time
1   0.1556384       2.162      1.374  0.2674710       0.871      1.669
2   0.1418467       2.166      1.112  0.2635483       0.944      1.299
3   0.1457613       2.099      1.076  0.2673292       1.022      1.278
4   0.1652406       2.056      1.242  0.2830790       1.336      1.348
5   0.1394979       1.995      1.045  0.2620192       1.024      1.235
  c50_d.rmse c100_d.ptime c100_d.time c100_d.rmse c250_d.ptime c250_d.time
1  0.2184849        0.915       3.158   0.1904046        0.699      12.597
2  0.2243778        0.760       2.370   0.1788316        0.413       9.874
3  0.2191142        0.624       2.461   0.1760484        0.588      10.586
4  0.2494387        0.645       2.437   0.1888369        0.632       9.728
5  0.2043592        0.588       2.384   0.1873682        0.310       9.008
  c250_d.rmse c500_d.ptime c500_d.time c500_d.rmse s25.ptime s25.time  s25.rmse
1   0.1438236        0.564      52.505   0.1181114     0.368    0.001 0.6911868
2   0.1458248        0.458      47.410   0.1221634     0.561    0.002 0.6215087
3   0.1380168        0.450      48.436   0.1145104     0.516    0.001 0.7059840
4   0.1515598        0.624      46.764   0.1297146     0.432    0.001 0.7397185
5   0.1388232        0.583      45.771   0.1175432     0.551    0.001 0.5805860
  s50.ptime s50.time  s50.rmse s100.ptime s100.time s100.rmse s250.ptime
1     0.612    0.002 0.5274416      1.000     0.004 0.4715708      1.358
2     0.689    0.003 0.5327569      0.760     0.004 0.5031405      1.238
3     0.565    0.003 0.6163769      0.893     0.005 0.4519626      1.548
4     0.537    0.003 0.6055467      0.745     0.004 0.4891326      1.423
5     0.801    0.002 0.5421052      0.646     0.005 0.4763362      1.183
  s250.time s250.rmse s500.ptime s500.time s500.rmse s1000.ptime s1000.time
1     0.012 0.3394451      2.348     0.032 0.2536246       4.420      0.063
2     0.012 0.3614107      2.305     0.024 0.2722045       4.001      0.052
3     0.009 0.3827004      2.356     0.024 0.2731387       4.298      0.049
4     0.012 0.3472445      2.191     0.025 0.2808485       4.155      0.055
5     0.011 0.3403371      2.319     0.020 0.2485562       4.008      0.052
  s1000.rmse s2500.ptime s2500.time s2500.rmse s5000.ptime s5000.time
1  0.1782338      34.943      0.134  0.1140247     115.250      0.201
2  0.1759395      27.867      0.140  0.1150589     139.680      0.196
3  0.1870590      29.848      0.122  0.1073402     143.051      0.157
4  0.1906996      26.955      0.120  0.1112750     146.749      0.153
5  0.1766812      25.453      0.131  0.1101664     146.426      0.144
  s5000.rmse
1 0.07589277
2 0.07535888
3 0.07469540
4 0.08095318
5 0.07402851
> 
> proc.time()
    user   system  elapsed 
7850.499   40.537 8060.863 
