
R version 3.0.3 (2014-03-06) -- "Warm Puppy"
Copyright (C) 2014 The R Foundation for Statistical Computing
Platform: x86_64-unknown-linux-gnu (64-bit)

R is free software and comes with ABSOLUTELY NO WARRANTY.
You are welcome to redistribute it under certain conditions.
Type 'license()' or 'licence()' for distribution details.

  Natural language support but running in an English locale

R is a collaborative project with many contributors.
Type 'contributors()' for more information and
'citation()' on how to cite R or R packages in publications.

Type 'demo()' for some demos, 'help()' for on-line help, or
'help.start()' for an HTML browser interface to help.
Type 'q()' to quit R.

> print(.libPaths())
[1] "/usr/local/r-3.0.3/lib64/R/library"
> .libPaths("/mnt/home/rjparker/Rlib")
> print(.libPaths())
[1] "/mnt/home/rjparker/Rlib"            "/usr/local/r-3.0.3/lib64/R/library"
> setwd("/mnt/home/rjparker/git/block_int")
> 
> which_exp <- 5
> which_part <- 14
> source("R/sim_nblocks_pred.R")
Loading required package: spam
Loading required package: grid
Spam version 0.41-0 (2014-02-26) is loaded.
Type 'help( Spam)' or 'demo( spam)' for a short introduction 
and overview of this package.
Help for individual functions is also obtained by adding the
suffix '.spam' to the function name, e.g. 'help( chol.spam)'.

Attaching package: ‘spam’

The following objects are masked from ‘package:base’:

    backsolve, forwardsolve

Loading required package: maps
  pred  p   b tau Nper_p Npred Fzero sigma2
5 TRUE 10 1.5  10  10000  1000     0      1
[1] 0.7434838
$full.time
[1] 0.078

$full.rmse
[1] 0.06010148

$full.time
[1] 0.078

$full.rmse
[1] 0.06010148

$l25.time
[1] 4.241

$l25.rmse
[1] 0.1882655

$l50.time
[1] 4.227

$l50.rmse
[1] 0.1603314

$l100.time
[1] 5.742

$l100.rmse
[1] 0.1243206

$l250.time
[1] 22.004

$l250.rmse
[1] 0.09668718

$l500.time
[1] 110.581

$l500.rmse
[1] 0.08296406

$o25_i.ptime
[1] 0.278

$o25_i.time
[1] 0.276

$o25_i.rmse
[1] 0.5437189

$o50_i.ptime
[1] 0.597

$o50_i.time
[1] 0.186

$o50_i.rmse
[1] 0.4736875

$o100_i.ptime
[1] 0.238

$o100_i.time
[1] 0.153

$o100_i.rmse
[1] 0.4226163

$o250_i.ptime
[1] 0.668

$o250_i.time
[1] 0.141

$o250_i.rmse
[1] 0.321734

$o500_i.ptime
[1] 1.883

$o500_i.time
[1] 0.168

$o500_i.rmse
[1] 0.246921

$o25_d.ptime
[1] 0.626

$o25_d.time
[1] 0.655

$o25_d.rmse
[1] 0.456835

$o50_d.ptime
[1] 0.145

$o50_d.time
[1] 0.86

$o50_d.rmse
[1] 0.3806334

$o100_d.ptime
[1] 0.073

$o100_d.time
[1] 1.998

$o100_d.rmse
[1] 0.3165385

$o250_d.ptime
[1] 0.075

$o250_d.time
[1] 9.014

$o250_d.rmse
[1] 0.2176515

$o500_d.ptime
[1] 0.036

$o500_d.time
[1] 36.274

$o500_d.rmse
[1] 0.1605345

$c25_i.ptime
[1] 1.662

$c25_i.time
[1] 0.281

$c25_i.rmse
[1] 0.2959534

$c50_i.ptime
[1] 1.105

$c50_i.time
[1] 0.206

$c50_i.rmse
[1] 0.262659

$c100_i.ptime
[1] 0.702

$c100_i.time
[1] 0.159

$c100_i.rmse
[1] 0.2198545

$c250_i.ptime
[1] 1.004

$c250_i.time
[1] 0.15

$c250_i.rmse
[1] 0.1745775

$c500_i.ptime
[1] 2.2

$c500_i.time
[1] 0.164

$c500_i.rmse
[1] 0.1434328

$c25_d.ptime
[1] 2.261

$c25_d.time
[1] 0.986

$c25_d.rmse
[1] 0.2467054

$c50_d.ptime
[1] 1.09

$c50_d.time
[1] 1.18

$c50_d.rmse
[1] 0.2099652

$c100_d.ptime
[1] 0.588

$c100_d.time
[1] 2.204

$c100_d.rmse
[1] 0.1911393

$c250_d.ptime
[1] 0.504

$c250_d.time
[1] 9.774

$c250_d.rmse
[1] 0.1465967

$c500_d.ptime
[1] 0.509

$c500_d.time
[1] 34.546

$c500_d.rmse
[1] 0.1185117

$s25.ptime
[1] 0.338

$s25.time
[1] 0.001

$s25.rmse
[1] 0.676003

$s50.ptime
[1] 0.527

$s50.time
[1] 0.002

$s50.rmse
[1] 0.5426818

$s100.ptime
[1] 0.699

$s100.time
[1] 0.002

$s100.rmse
[1] 0.5059829

$s250.ptime
[1] 1.138

$s250.time
[1] 0.008

$s250.rmse
[1] 0.3428054

$s500.ptime
[1] 1.785

$s500.time
[1] 0.017

$s500.rmse
[1] 0.2474496

$s1000.ptime
[1] 3.769

$s1000.time
[1] 0.051

$s1000.rmse
[1] 0.1808295

$s2500.ptime
[1] 18.959

$s2500.time
[1] 0.094

$s2500.rmse
[1] 0.1101715

$s5000.ptime
[1] 166.178

$s5000.time
[1] 0.166

$s5000.rmse
[1] 0.07717699

        seed            p    full.time    full.rmse     l25.time     l25.rmse 
    2449.000       10.000        0.078        0.060        4.241        0.188 
    l50.time     l50.rmse    l100.time    l100.rmse    l250.time    l250.rmse 
       4.227        0.160        5.742        0.124       22.004        0.097 
   l500.time    l500.rmse  o25_i.ptime   o25_i.time   o25_i.rmse  o50_i.ptime 
     110.581        0.083        0.278        0.276        0.544        0.597 
  o50_i.time   o50_i.rmse o100_i.ptime  o100_i.time  o100_i.rmse o250_i.ptime 
       0.186        0.474        0.238        0.153        0.423        0.668 
 o250_i.time  o250_i.rmse o500_i.ptime  o500_i.time  o500_i.rmse  o25_d.ptime 
       0.141        0.322        1.883        0.168        0.247        0.626 
  o25_d.time   o25_d.rmse  o50_d.ptime   o50_d.time   o50_d.rmse o100_d.ptime 
       0.655        0.457        0.145        0.860        0.381        0.073 
 o100_d.time  o100_d.rmse o250_d.ptime  o250_d.time  o250_d.rmse o500_d.ptime 
       1.998        0.317        0.075        9.014        0.218        0.036 
 o500_d.time  o500_d.rmse  c25_i.ptime   c25_i.time   c25_i.rmse  c50_i.ptime 
      36.274        0.161        1.662        0.281        0.296        1.105 
  c50_i.time   c50_i.rmse c100_i.ptime  c100_i.time  c100_i.rmse c250_i.ptime 
       0.206        0.263        0.702        0.159        0.220        1.004 
 c250_i.time  c250_i.rmse c500_i.ptime  c500_i.time  c500_i.rmse  c25_d.ptime 
       0.150        0.175        2.200        0.164        0.143        2.261 
  c25_d.time   c25_d.rmse  c50_d.ptime   c50_d.time   c50_d.rmse c100_d.ptime 
       0.986        0.247        1.090        1.180        0.210        0.588 
 c100_d.time  c100_d.rmse c250_d.ptime  c250_d.time  c250_d.rmse c500_d.ptime 
       2.204        0.191        0.504        9.774        0.147        0.509 
 c500_d.time  c500_d.rmse    s25.ptime     s25.time     s25.rmse    s50.ptime 
      34.546        0.119        0.338        0.001        0.676        0.527 
    s50.time     s50.rmse   s100.ptime    s100.time    s100.rmse   s250.ptime 
       0.002        0.543        0.699        0.002        0.506        1.138 
   s250.time    s250.rmse   s500.ptime    s500.time    s500.rmse  s1000.ptime 
       0.008        0.343        1.785        0.017        0.247        3.769 
  s1000.time   s1000.rmse  s2500.ptime   s2500.time   s2500.rmse  s5000.ptime 
       0.051        0.181       18.959        0.094        0.110      166.178 
  s5000.time   s5000.rmse 
       0.166        0.077 
[1] 0.7947303
$full.time
[1] 0.079

$full.rmse
[1] 0.05709433

$full.time
[1] 0.079

$full.rmse
[1] 0.05709433

$l25.time
[1] 4.286

$l25.rmse
[1] 0.1866102

$l50.time
[1] 4.437

$l50.rmse
[1] 0.1566553

$l100.time
[1] 6.266

$l100.rmse
[1] 0.1278031

$l250.time
[1] 22.551

$l250.rmse
[1] 0.09368997

$l500.time
[1] 110.571

$l500.rmse
[1] 0.08034821

$o25_i.ptime
[1] 0.306

$o25_i.time
[1] 0.314

$o25_i.rmse
[1] 0.567288

$o50_i.ptime
[1] 0.201

$o50_i.time
[1] 0.211

$o50_i.rmse
[1] 0.508617

$o100_i.ptime
[1] 0.254

$o100_i.time
[1] 0.688

$o100_i.rmse
[1] 0.4473327

$o250_i.ptime
[1] 0.668

$o250_i.time
[1] 0.136

$o250_i.rmse
[1] 0.3237259

$o500_i.ptime
[1] 1.958

$o500_i.time
[1] 0.191

$o500_i.rmse
[1] 0.2395867

$o25_d.ptime
[1] 0.667

$o25_d.time
[1] 0.719

$o25_d.rmse
[1] 0.457408

$o50_d.ptime
[1] 0.174

$o50_d.time
[1] 0.997

$o50_d.rmse
[1] 0.3871326

$o100_d.ptime
[1] 0.061

$o100_d.time
[1] 1.907

$o100_d.rmse
[1] 0.3261454

$o250_d.ptime
[1] 0.029

$o250_d.time
[1] 8.929

$o250_d.rmse
[1] 0.2248782

$o500_d.ptime
[1] 0.042

$o500_d.time
[1] 34.754

$o500_d.rmse
[1] 0.1612014

$c25_i.ptime
[1] 1.669

$c25_i.time
[1] 0.292

$c25_i.rmse
[1] 0.3307073

$c50_i.ptime
[1] 1.206

$c50_i.time
[1] 0.188

$c50_i.rmse
[1] 0.278254

$c100_i.ptime
[1] 1.285

$c100_i.time
[1] 0.16

$c100_i.rmse
[1] 0.2287314

$c250_i.ptime
[1] 1.214

$c250_i.time
[1] 0.138

$c250_i.rmse
[1] 0.1909642

$c500_i.ptime
[1] 2.363

$c500_i.time
[1] 0.167

$c500_i.rmse
[1] 0.1488351

$c25_d.ptime
[1] 1.99

$c25_d.time
[1] 1.078

$c25_d.rmse
[1] 0.2700208

$c50_d.ptime
[1] 1.053

$c50_d.time
[1] 1.262

$c50_d.rmse
[1] 0.2160012

$c100_d.ptime
[1] 0.85

$c100_d.time
[1] 2.408

$c100_d.rmse
[1] 0.1815117

$c250_d.ptime
[1] 0.482

$c250_d.time
[1] 9.641

$c250_d.rmse
[1] 0.1442234

$c500_d.ptime
[1] 0.577

$c500_d.time
[1] 35.104

$c500_d.rmse
[1] 0.1182282

$s25.ptime
[1] 0.577

$s25.time
[1] 0.001

$s25.rmse
[1] 0.7513174

$s50.ptime
[1] 0.59

$s50.time
[1] 0.001

$s50.rmse
[1] 0.5931208

$s100.ptime
[1] 0.725

$s100.time
[1] 0.004

$s100.rmse
[1] 0.4645527

$s250.ptime
[1] 1.11

$s250.time
[1] 0.008

$s250.rmse
[1] 0.3678733

$s500.ptime
[1] 1.96

$s500.time
[1] 0.023

$s500.rmse
[1] 0.2739665

$s1000.ptime
[1] 4.118

$s1000.time
[1] 0.053

$s1000.rmse
[1] 0.1829108

$s2500.ptime
[1] 19.952

$s2500.time
[1] 0.098

$s2500.rmse
[1] 0.1120141

$s5000.ptime
[1] 166.622

$s5000.time
[1] 0.206

$s5000.rmse
[1] 0.07514265

        seed            p    full.time    full.rmse     l25.time     l25.rmse 
    2450.000       10.000        0.079        0.057        4.286        0.187 
    l50.time     l50.rmse    l100.time    l100.rmse    l250.time    l250.rmse 
       4.437        0.157        6.266        0.128       22.551        0.094 
   l500.time    l500.rmse  o25_i.ptime   o25_i.time   o25_i.rmse  o50_i.ptime 
     110.571        0.080        0.306        0.314        0.567        0.201 
  o50_i.time   o50_i.rmse o100_i.ptime  o100_i.time  o100_i.rmse o250_i.ptime 
       0.211        0.509        0.254        0.688        0.447        0.668 
 o250_i.time  o250_i.rmse o500_i.ptime  o500_i.time  o500_i.rmse  o25_d.ptime 
       0.136        0.324        1.958        0.191        0.240        0.667 
  o25_d.time   o25_d.rmse  o50_d.ptime   o50_d.time   o50_d.rmse o100_d.ptime 
       0.719        0.457        0.174        0.997        0.387        0.061 
 o100_d.time  o100_d.rmse o250_d.ptime  o250_d.time  o250_d.rmse o500_d.ptime 
       1.907        0.326        0.029        8.929        0.225        0.042 
 o500_d.time  o500_d.rmse  c25_i.ptime   c25_i.time   c25_i.rmse  c50_i.ptime 
      34.754        0.161        1.669        0.292        0.331        1.206 
  c50_i.time   c50_i.rmse c100_i.ptime  c100_i.time  c100_i.rmse c250_i.ptime 
       0.188        0.278        1.285        0.160        0.229        1.214 
 c250_i.time  c250_i.rmse c500_i.ptime  c500_i.time  c500_i.rmse  c25_d.ptime 
       0.138        0.191        2.363        0.167        0.149        1.990 
  c25_d.time   c25_d.rmse  c50_d.ptime   c50_d.time   c50_d.rmse c100_d.ptime 
       1.078        0.270        1.053        1.262        0.216        0.850 
 c100_d.time  c100_d.rmse c250_d.ptime  c250_d.time  c250_d.rmse c500_d.ptime 
       2.408        0.182        0.482        9.641        0.144        0.577 
 c500_d.time  c500_d.rmse    s25.ptime     s25.time     s25.rmse    s50.ptime 
      35.104        0.118        0.577        0.001        0.751        0.590 
    s50.time     s50.rmse   s100.ptime    s100.time    s100.rmse   s250.ptime 
       0.001        0.593        0.725        0.004        0.465        1.110 
   s250.time    s250.rmse   s500.ptime    s500.time    s500.rmse  s1000.ptime 
       0.008        0.368        1.960        0.023        0.274        4.118 
  s1000.time   s1000.rmse  s2500.ptime   s2500.time   s2500.rmse  s5000.ptime 
       0.053        0.183       19.952        0.098        0.112      166.622 
  s5000.time   s5000.rmse 
       0.206        0.075 
[1] 0.9756098
$full.time
[1] 0.075

$full.rmse
[1] 0.05825327

$full.time
[1] 0.075

$full.rmse
[1] 0.05825327

$l25.time
[1] 4.099

$l25.rmse
[1] 0.2139088

$l50.time
[1] 4.27

$l50.rmse
[1] 0.1701393

$l100.time
[1] 5.741

$l100.rmse
[1] 0.1319996

$l250.time
[1] 21.514

$l250.rmse
[1] 0.09757645

$l500.time
[1] 108.885

$l500.rmse
[1] 0.0843697

$o25_i.ptime
[1] 0.295

$o25_i.time
[1] 0.298

$o25_i.rmse
[1] 0.6712328

$o50_i.ptime
[1] 0.204

$o50_i.time
[1] 0.266

$o50_i.rmse
[1] 0.5722255

$o100_i.ptime
[1] 0.321

$o100_i.time
[1] 0.217

$o100_i.rmse
[1] 0.4878124

$o250_i.ptime
[1] 0.744

$o250_i.time
[1] 0.64

$o250_i.rmse
[1] 0.3594736

$o500_i.ptime
[1] 2.199

$o500_i.time
[1] 0.194

$o500_i.rmse
[1] 0.2743178

$o25_d.ptime
[1] 0.75

$o25_d.time
[1] 0.829

$o25_d.rmse
[1] 0.5426586

$o50_d.ptime
[1] 0.157

$o50_d.time
[1] 1.029

$o50_d.rmse
[1] 0.4366615

$o100_d.ptime
[1] 0.089

$o100_d.time
[1] 1.992

$o100_d.rmse
[1] 0.3528899

$o250_d.ptime
[1] 0.041

$o250_d.time
[1] 8.666

$o250_d.rmse
[1] 0.2528614

$o500_d.ptime
[1] 0.044

$o500_d.time
[1] 35.997

$o500_d.rmse
[1] 0.1736948

$c25_i.ptime
[1] 1.675

$c25_i.time
[1] 0.309

$c25_i.rmse
[1] 0.3835067

$c50_i.ptime
[1] 1.179

$c50_i.time
[1] 0.205

$c50_i.rmse
[1] 0.3103894

$c100_i.ptime
[1] 0.916

$c100_i.time
[1] 0.165

$c100_i.rmse
[1] 0.2411638

$c250_i.ptime
[1] 0.987

$c250_i.time
[1] 0.148

$c250_i.rmse
[1] 0.1932514

$c500_i.ptime
[1] 2.248

$c500_i.time
[1] 0.162

$c500_i.rmse
[1] 0.1627875

$c25_d.ptime
[1] 2.149

$c25_d.time
[1] 1.174

$c25_d.rmse
[1] 0.3062575

$c50_d.ptime
[1] 1.301

$c50_d.time
[1] 1.43

$c50_d.rmse
[1] 0.2445296

$c100_d.ptime
[1] 0.703

$c100_d.time
[1] 2.458

$c100_d.rmse
[1] 0.191522

$c250_d.ptime
[1] 0.468

$c250_d.time
[1] 9.662

$c250_d.rmse
[1] 0.1543442

$c500_d.ptime
[1] 0.296

$c500_d.time
[1] 33.959

$c500_d.rmse
[1] 0.1268171

$s25.ptime
[1] 0.603

$s25.time
[1] 0

$s25.rmse
[1] 0.7276413

$s50.ptime
[1] 0.425

$s50.time
[1] 0.002

$s50.rmse
[1] 0.6333031

$s100.ptime
[1] 0.869

$s100.time
[1] 0.005

$s100.rmse
[1] 0.5297394

$s250.ptime
[1] 1.153

$s250.time
[1] 0.011

$s250.rmse
[1] 0.3632945

$s500.ptime
[1] 2.138

$s500.time
[1] 0.023

$s500.rmse
[1] 0.2765568

$s1000.ptime
[1] 3.52

$s1000.time
[1] 0.033

$s1000.rmse
[1] 0.1843919

$s2500.ptime
[1] 17.96

$s2500.time
[1] 0.092

$s2500.rmse
[1] 0.1071073

$s5000.ptime
[1] 168.463

$s5000.time
[1] 0.2

$s5000.rmse
[1] 0.07455477

        seed            p    full.time    full.rmse     l25.time     l25.rmse 
    2451.000       10.000        0.075        0.058        4.099        0.214 
    l50.time     l50.rmse    l100.time    l100.rmse    l250.time    l250.rmse 
       4.270        0.170        5.741        0.132       21.514        0.098 
   l500.time    l500.rmse  o25_i.ptime   o25_i.time   o25_i.rmse  o50_i.ptime 
     108.885        0.084        0.295        0.298        0.671        0.204 
  o50_i.time   o50_i.rmse o100_i.ptime  o100_i.time  o100_i.rmse o250_i.ptime 
       0.266        0.572        0.321        0.217        0.488        0.744 
 o250_i.time  o250_i.rmse o500_i.ptime  o500_i.time  o500_i.rmse  o25_d.ptime 
       0.640        0.359        2.199        0.194        0.274        0.750 
  o25_d.time   o25_d.rmse  o50_d.ptime   o50_d.time   o50_d.rmse o100_d.ptime 
       0.829        0.543        0.157        1.029        0.437        0.089 
 o100_d.time  o100_d.rmse o250_d.ptime  o250_d.time  o250_d.rmse o500_d.ptime 
       1.992        0.353        0.041        8.666        0.253        0.044 
 o500_d.time  o500_d.rmse  c25_i.ptime   c25_i.time   c25_i.rmse  c50_i.ptime 
      35.997        0.174        1.675        0.309        0.384        1.179 
  c50_i.time   c50_i.rmse c100_i.ptime  c100_i.time  c100_i.rmse c250_i.ptime 
       0.205        0.310        0.916        0.165        0.241        0.987 
 c250_i.time  c250_i.rmse c500_i.ptime  c500_i.time  c500_i.rmse  c25_d.ptime 
       0.148        0.193        2.248        0.162        0.163        2.149 
  c25_d.time   c25_d.rmse  c50_d.ptime   c50_d.time   c50_d.rmse c100_d.ptime 
       1.174        0.306        1.301        1.430        0.245        0.703 
 c100_d.time  c100_d.rmse c250_d.ptime  c250_d.time  c250_d.rmse c500_d.ptime 
       2.458        0.192        0.468        9.662        0.154        0.296 
 c500_d.time  c500_d.rmse    s25.ptime     s25.time     s25.rmse    s50.ptime 
      33.959        0.127        0.603        0.000        0.728        0.425 
    s50.time     s50.rmse   s100.ptime    s100.time    s100.rmse   s250.ptime 
       0.002        0.633        0.869        0.005        0.530        1.153 
   s250.time    s250.rmse   s500.ptime    s500.time    s500.rmse  s1000.ptime 
       0.011        0.363        2.138        0.023        0.277        3.520 
  s1000.time   s1000.rmse  s2500.ptime   s2500.time   s2500.rmse  s5000.ptime 
       0.033        0.184       17.960        0.092        0.107      168.463 
  s5000.time   s5000.rmse 
       0.200        0.075 
[1] 1.004778
$full.time
[1] 0.078

$full.rmse
[1] 0.05782529

$full.time
[1] 0.078

$full.rmse
[1] 0.05782529

$l25.time
[1] 4.182

$l25.rmse
[1] 0.1914474

$l50.time
[1] 4.378

$l50.rmse
[1] 0.1665648

$l100.time
[1] 5.909

$l100.rmse
[1] 0.1313506

$l250.time
[1] 21.792

$l250.rmse
[1] 0.09973022

$l500.time
[1] 108.524

$l500.rmse
[1] 0.08402381

$o25_i.ptime
[1] 0.323

$o25_i.time
[1] 0.318

$o25_i.rmse
[1] 0.6569685

$o50_i.ptime
[1] 0.256

$o50_i.time
[1] 0.245

$o50_i.rmse
[1] 0.5382387

$o100_i.ptime
[1] 0.26

$o100_i.time
[1] 0.227

$o100_i.rmse
[1] 0.4745398

$o250_i.ptime
[1] 0.737

$o250_i.time
[1] 0.704

$o250_i.rmse
[1] 0.32094

$o500_i.ptime
[1] 2.169

$o500_i.time
[1] 0.227

$o500_i.rmse
[1] 0.2418018

$o25_d.ptime
[1] 0.697

$o25_d.time
[1] 0.881

$o25_d.rmse
[1] 0.5042427

$o50_d.ptime
[1] 0.174

$o50_d.time
[1] 0.99

$o50_d.rmse
[1] 0.409628

$o100_d.ptime
[1] 0.066

$o100_d.time
[1] 1.992

$o100_d.rmse
[1] 0.3333513

$o250_d.ptime
[1] 0.03

$o250_d.time
[1] 9.08

$o250_d.rmse
[1] 0.2220312

$o500_d.ptime
[1] 0.032

$o500_d.time
[1] 34.459

$o500_d.rmse
[1] 0.1624835

$c25_i.ptime
[1] 1.609

$c25_i.time
[1] 0.35

$c25_i.rmse
[1] 0.354699

$c50_i.ptime
[1] 1.14

$c50_i.time
[1] 0.249

$c50_i.rmse
[1] 0.2789734

$c100_i.ptime
[1] 0.936

$c100_i.time
[1] 0.207

$c100_i.rmse
[1] 0.2547206

$c250_i.ptime
[1] 1.326

$c250_i.time
[1] 0.178

$c250_i.rmse
[1] 0.1969877

$c500_i.ptime
[1] 2.357

$c500_i.time
[1] 0.194

$c500_i.rmse
[1] 0.1538342

$c25_d.ptime
[1] 2.052

$c25_d.time
[1] 1.603

$c25_d.rmse
[1] 0.2635841

$c50_d.ptime
[1] 1.064

$c50_d.time
[1] 1.623

$c50_d.rmse
[1] 0.2267933

$c100_d.ptime
[1] 0.557

$c100_d.time
[1] 2.759

$c100_d.rmse
[1] 0.1923161

$c250_d.ptime
[1] 0.464

$c250_d.time
[1] 10.198

$c250_d.rmse
[1] 0.1533667

$c500_d.ptime
[1] 0.292

$c500_d.time
[1] 41.748

$c500_d.rmse
[1] 0.1198776

$s25.ptime
[1] 0.455

$s25.time
[1] 0.001

$s25.rmse
[1] 0.73123

$s50.ptime
[1] 0.43

$s50.time
[1] 0.002

$s50.rmse
[1] 0.6532295

$s100.ptime
[1] 0.888

$s100.time
[1] 0.004

$s100.rmse
[1] 0.5491087

$s250.ptime
[1] 1.36

$s250.time
[1] 0.013

$s250.rmse
[1] 0.3333902

$s500.ptime
[1] 2.112

$s500.time
[1] 0.029

$s500.rmse
[1] 0.2683542

$s1000.ptime
[1] 3.685

$s1000.time
[1] 0.036

$s1000.rmse
[1] 0.1911773

$s2500.ptime
[1] 21.409

$s2500.time
[1] 0.102

$s2500.rmse
[1] 0.1065238

$s5000.ptime
[1] 186.327

$s5000.time
[1] 0.202

$s5000.rmse
[1] 0.07751019

        seed            p    full.time    full.rmse     l25.time     l25.rmse 
    2452.000       10.000        0.078        0.058        4.182        0.191 
    l50.time     l50.rmse    l100.time    l100.rmse    l250.time    l250.rmse 
       4.378        0.167        5.909        0.131       21.792        0.100 
   l500.time    l500.rmse  o25_i.ptime   o25_i.time   o25_i.rmse  o50_i.ptime 
     108.524        0.084        0.323        0.318        0.657        0.256 
  o50_i.time   o50_i.rmse o100_i.ptime  o100_i.time  o100_i.rmse o250_i.ptime 
       0.245        0.538        0.260        0.227        0.475        0.737 
 o250_i.time  o250_i.rmse o500_i.ptime  o500_i.time  o500_i.rmse  o25_d.ptime 
       0.704        0.321        2.169        0.227        0.242        0.697 
  o25_d.time   o25_d.rmse  o50_d.ptime   o50_d.time   o50_d.rmse o100_d.ptime 
       0.881        0.504        0.174        0.990        0.410        0.066 
 o100_d.time  o100_d.rmse o250_d.ptime  o250_d.time  o250_d.rmse o500_d.ptime 
       1.992        0.333        0.030        9.080        0.222        0.032 
 o500_d.time  o500_d.rmse  c25_i.ptime   c25_i.time   c25_i.rmse  c50_i.ptime 
      34.459        0.162        1.609        0.350        0.355        1.140 
  c50_i.time   c50_i.rmse c100_i.ptime  c100_i.time  c100_i.rmse c250_i.ptime 
       0.249        0.279        0.936        0.207        0.255        1.326 
 c250_i.time  c250_i.rmse c500_i.ptime  c500_i.time  c500_i.rmse  c25_d.ptime 
       0.178        0.197        2.357        0.194        0.154        2.052 
  c25_d.time   c25_d.rmse  c50_d.ptime   c50_d.time   c50_d.rmse c100_d.ptime 
       1.603        0.264        1.064        1.623        0.227        0.557 
 c100_d.time  c100_d.rmse c250_d.ptime  c250_d.time  c250_d.rmse c500_d.ptime 
       2.759        0.192        0.464       10.198        0.153        0.292 
 c500_d.time  c500_d.rmse    s25.ptime     s25.time     s25.rmse    s50.ptime 
      41.748        0.120        0.455        0.001        0.731        0.430 
    s50.time     s50.rmse   s100.ptime    s100.time    s100.rmse   s250.ptime 
       0.002        0.653        0.888        0.004        0.549        1.360 
   s250.time    s250.rmse   s500.ptime    s500.time    s500.rmse  s1000.ptime 
       0.013        0.333        2.112        0.029        0.268        3.685 
  s1000.time   s1000.rmse  s2500.ptime   s2500.time   s2500.rmse  s5000.ptime 
       0.036        0.191       21.409        0.102        0.107      186.327 
  s5000.time   s5000.rmse 
       0.202        0.078 
[1] 0.7997469
$full.time
[1] 0.084

$full.rmse
[1] 0.05802648

$full.time
[1] 0.084

$full.rmse
[1] 0.05802648

$l25.time
[1] 4.207

$l25.rmse
[1] 0.1830027

$l50.time
[1] 4.407

$l50.rmse
[1] 0.1487313

$l100.time
[1] 6.059

$l100.rmse
[1] 0.1263225

$l250.time
[1] 22.594

$l250.rmse
[1] 0.09771628

$l500.time
[1] 113.941

$l500.rmse
[1] 0.07913369

$o25_i.ptime
[1] 0.333

$o25_i.time
[1] 0.398

$o25_i.rmse
[1] 0.5577617

$o50_i.ptime
[1] 0.216

$o50_i.time
[1] 0.723

$o50_i.rmse
[1] 0.5045223

$o100_i.ptime
[1] 0.293

$o100_i.time
[1] 0.175

$o100_i.rmse
[1] 0.3884378

$o250_i.ptime
[1] 0.807

$o250_i.time
[1] 0.157

$o250_i.rmse
[1] 0.3279896

$o500_i.ptime
[1] 2.228

$o500_i.time
[1] 0.207

$o500_i.rmse
[1] 0.2424402

$o25_d.ptime
[1] 0.735

$o25_d.time
[1] 0.849

$o25_d.rmse
[1] 0.4415808

$o50_d.ptime
[1] 0.157

$o50_d.time
[1] 1.132

$o50_d.rmse
[1] 0.3790788

$o100_d.ptime
[1] 0.092

$o100_d.time
[1] 2.338

$o100_d.rmse
[1] 0.301856

$o250_d.ptime
[1] 0.058

$o250_d.time
[1] 10.143

$o250_d.rmse
[1] 0.2258224

$o500_d.ptime
[1] 0.159

$o500_d.time
[1] 36.878

$o500_d.rmse
[1] 0.1547267

$c25_i.ptime
[1] 2.125

$c25_i.time
[1] 0.544

$c25_i.rmse
[1] 0.3154937

$c50_i.ptime
[1] 1.167

$c50_i.time
[1] 0.264

$c50_i.rmse
[1] 0.2806249

$c100_i.ptime
[1] 0.934

$c100_i.time
[1] 0.264

$c100_i.rmse
[1] 0.2285333

$c250_i.ptime
[1] 1.319

$c250_i.time
[1] 0.202

$c250_i.rmse
[1] 0.1823241

$c500_i.ptime
[1] 2.694

$c500_i.time
[1] 0.224

$c500_i.rmse
[1] 0.1467303

$c25_d.ptime
[1] 2.196

$c25_d.time
[1] 1.446

$c25_d.rmse
[1] 0.262698

$c50_d.ptime
[1] 0.967

$c50_d.time
[1] 1.633

$c50_d.rmse
[1] 0.2173919

$c100_d.ptime
[1] 0.825

$c100_d.time
[1] 2.917

$c100_d.rmse
[1] 0.1804993

$c250_d.ptime
[1] 0.466

$c250_d.time
[1] 10.003

$c250_d.rmse
[1] 0.1434903

$c500_d.ptime
[1] 0.607

$c500_d.time
[1] 43.151

$c500_d.rmse
[1] 0.1127165

$s25.ptime
[1] 0.334

$s25.time
[1] 0.001

$s25.rmse
[1] 0.6953231

$s50.ptime
[1] 0.625

$s50.time
[1] 0.002

$s50.rmse
[1] 0.5941033

$s100.ptime
[1] 0.823

$s100.time
[1] 0.003

$s100.rmse
[1] 0.5184794

$s250.ptime
[1] 1.146

$s250.time
[1] 0.008

$s250.rmse
[1] 0.3371831

$s500.ptime
[1] 1.764

$s500.time
[1] 0.018

$s500.rmse
[1] 0.2648911

$s1000.ptime
[1] 3.322

$s1000.time
[1] 0.041

$s1000.rmse
[1] 0.187881

$s2500.ptime
[1] 25.641

$s2500.time
[1] 0.144

$s2500.rmse
[1] 0.1062619

$s5000.ptime
[1] 228.624

$s5000.time
[1] 0.193

$s5000.rmse
[1] 0.07555889

        seed            p    full.time    full.rmse     l25.time     l25.rmse 
    2453.000       10.000        0.084        0.058        4.207        0.183 
    l50.time     l50.rmse    l100.time    l100.rmse    l250.time    l250.rmse 
       4.407        0.149        6.059        0.126       22.594        0.098 
   l500.time    l500.rmse  o25_i.ptime   o25_i.time   o25_i.rmse  o50_i.ptime 
     113.941        0.079        0.333        0.398        0.558        0.216 
  o50_i.time   o50_i.rmse o100_i.ptime  o100_i.time  o100_i.rmse o250_i.ptime 
       0.723        0.505        0.293        0.175        0.388        0.807 
 o250_i.time  o250_i.rmse o500_i.ptime  o500_i.time  o500_i.rmse  o25_d.ptime 
       0.157        0.328        2.228        0.207        0.242        0.735 
  o25_d.time   o25_d.rmse  o50_d.ptime   o50_d.time   o50_d.rmse o100_d.ptime 
       0.849        0.442        0.157        1.132        0.379        0.092 
 o100_d.time  o100_d.rmse o250_d.ptime  o250_d.time  o250_d.rmse o500_d.ptime 
       2.338        0.302        0.058       10.143        0.226        0.159 
 o500_d.time  o500_d.rmse  c25_i.ptime   c25_i.time   c25_i.rmse  c50_i.ptime 
      36.878        0.155        2.125        0.544        0.315        1.167 
  c50_i.time   c50_i.rmse c100_i.ptime  c100_i.time  c100_i.rmse c250_i.ptime 
       0.264        0.281        0.934        0.264        0.229        1.319 
 c250_i.time  c250_i.rmse c500_i.ptime  c500_i.time  c500_i.rmse  c25_d.ptime 
       0.202        0.182        2.694        0.224        0.147        2.196 
  c25_d.time   c25_d.rmse  c50_d.ptime   c50_d.time   c50_d.rmse c100_d.ptime 
       1.446        0.263        0.967        1.633        0.217        0.825 
 c100_d.time  c100_d.rmse c250_d.ptime  c250_d.time  c250_d.rmse c500_d.ptime 
       2.917        0.180        0.466       10.003        0.143        0.607 
 c500_d.time  c500_d.rmse    s25.ptime     s25.time     s25.rmse    s50.ptime 
      43.151        0.113        0.334        0.001        0.695        0.625 
    s50.time     s50.rmse   s100.ptime    s100.time    s100.rmse   s250.ptime 
       0.002        0.594        0.823        0.003        0.518        1.146 
   s250.time    s250.rmse   s500.ptime    s500.time    s500.rmse  s1000.ptime 
       0.008        0.337        1.764        0.018        0.265        3.322 
  s1000.time   s1000.rmse  s2500.ptime   s2500.time   s2500.rmse  s5000.ptime 
       0.041        0.188       25.641        0.144        0.106      228.624 
  s5000.time   s5000.rmse 
       0.193        0.076 
  seed  p full.time  full.rmse l25.time  l25.rmse l50.time  l50.rmse l100.time
1 2449 10     0.078 0.06010148    4.241 0.1882655    4.227 0.1603314     5.742
2 2450 10     0.079 0.05709433    4.286 0.1866102    4.437 0.1566553     6.266
3 2451 10     0.075 0.05825327    4.099 0.2139088    4.270 0.1701393     5.741
4 2452 10     0.078 0.05782529    4.182 0.1914474    4.378 0.1665648     5.909
5 2453 10     0.084 0.05802648    4.207 0.1830027    4.407 0.1487313     6.059
  l100.rmse l250.time  l250.rmse l500.time  l500.rmse o25_i.ptime o25_i.time
1 0.1243206    22.004 0.09668718   110.581 0.08296406       0.278      0.276
2 0.1278031    22.551 0.09368997   110.571 0.08034821       0.306      0.314
3 0.1319996    21.514 0.09757645   108.885 0.08436970       0.295      0.298
4 0.1313506    21.792 0.09973022   108.524 0.08402381       0.323      0.318
5 0.1263225    22.594 0.09771628   113.941 0.07913369       0.333      0.398
  o25_i.rmse o50_i.ptime o50_i.time o50_i.rmse o100_i.ptime o100_i.time
1  0.5437189       0.597      0.186  0.4736875        0.238       0.153
2  0.5672880       0.201      0.211  0.5086170        0.254       0.688
3  0.6712328       0.204      0.266  0.5722255        0.321       0.217
4  0.6569685       0.256      0.245  0.5382387        0.260       0.227
5  0.5577617       0.216      0.723  0.5045223        0.293       0.175
  o100_i.rmse o250_i.ptime o250_i.time o250_i.rmse o500_i.ptime o500_i.time
1   0.4226163        0.668       0.141   0.3217340        1.883       0.168
2   0.4473327        0.668       0.136   0.3237259        1.958       0.191
3   0.4878124        0.744       0.640   0.3594736        2.199       0.194
4   0.4745398        0.737       0.704   0.3209400        2.169       0.227
5   0.3884378        0.807       0.157   0.3279896        2.228       0.207
  o500_i.rmse o25_d.ptime o25_d.time o25_d.rmse o50_d.ptime o50_d.time
1   0.2469210       0.626      0.655  0.4568350       0.145      0.860
2   0.2395867       0.667      0.719  0.4574080       0.174      0.997
3   0.2743178       0.750      0.829  0.5426586       0.157      1.029
4   0.2418018       0.697      0.881  0.5042427       0.174      0.990
5   0.2424402       0.735      0.849  0.4415808       0.157      1.132
  o50_d.rmse o100_d.ptime o100_d.time o100_d.rmse o250_d.ptime o250_d.time
1  0.3806334        0.073       1.998   0.3165385        0.075       9.014
2  0.3871326        0.061       1.907   0.3261454        0.029       8.929
3  0.4366615        0.089       1.992   0.3528899        0.041       8.666
4  0.4096280        0.066       1.992   0.3333513        0.030       9.080
5  0.3790788        0.092       2.338   0.3018560        0.058      10.143
  o250_d.rmse o500_d.ptime o500_d.time o500_d.rmse c25_i.ptime c25_i.time
1   0.2176515        0.036      36.274   0.1605345       1.662      0.281
2   0.2248782        0.042      34.754   0.1612014       1.669      0.292
3   0.2528614        0.044      35.997   0.1736948       1.675      0.309
4   0.2220312        0.032      34.459   0.1624835       1.609      0.350
5   0.2258224        0.159      36.878   0.1547267       2.125      0.544
  c25_i.rmse c50_i.ptime c50_i.time c50_i.rmse c100_i.ptime c100_i.time
1  0.2959534       1.105      0.206  0.2626590        0.702       0.159
2  0.3307073       1.206      0.188  0.2782540        1.285       0.160
3  0.3835067       1.179      0.205  0.3103894        0.916       0.165
4  0.3546990       1.140      0.249  0.2789734        0.936       0.207
5  0.3154937       1.167      0.264  0.2806249        0.934       0.264
  c100_i.rmse c250_i.ptime c250_i.time c250_i.rmse c500_i.ptime c500_i.time
1   0.2198545        1.004       0.150   0.1745775        2.200       0.164
2   0.2287314        1.214       0.138   0.1909642        2.363       0.167
3   0.2411638        0.987       0.148   0.1932514        2.248       0.162
4   0.2547206        1.326       0.178   0.1969877        2.357       0.194
5   0.2285333        1.319       0.202   0.1823241        2.694       0.224
  c500_i.rmse c25_d.ptime c25_d.time c25_d.rmse c50_d.ptime c50_d.time
1   0.1434328       2.261      0.986  0.2467054       1.090      1.180
2   0.1488351       1.990      1.078  0.2700208       1.053      1.262
3   0.1627875       2.149      1.174  0.3062575       1.301      1.430
4   0.1538342       2.052      1.603  0.2635841       1.064      1.623
5   0.1467303       2.196      1.446  0.2626980       0.967      1.633
  c50_d.rmse c100_d.ptime c100_d.time c100_d.rmse c250_d.ptime c250_d.time
1  0.2099652        0.588       2.204   0.1911393        0.504       9.774
2  0.2160012        0.850       2.408   0.1815117        0.482       9.641
3  0.2445296        0.703       2.458   0.1915220        0.468       9.662
4  0.2267933        0.557       2.759   0.1923161        0.464      10.198
5  0.2173919        0.825       2.917   0.1804993        0.466      10.003
  c250_d.rmse c500_d.ptime c500_d.time c500_d.rmse s25.ptime s25.time  s25.rmse
1   0.1465967        0.509      34.546   0.1185117     0.338    0.001 0.6760030
2   0.1442234        0.577      35.104   0.1182282     0.577    0.001 0.7513174
3   0.1543442        0.296      33.959   0.1268171     0.603    0.000 0.7276413
4   0.1533667        0.292      41.748   0.1198776     0.455    0.001 0.7312300
5   0.1434903        0.607      43.151   0.1127165     0.334    0.001 0.6953231
  s50.ptime s50.time  s50.rmse s100.ptime s100.time s100.rmse s250.ptime
1     0.527    0.002 0.5426818      0.699     0.002 0.5059829      1.138
2     0.590    0.001 0.5931208      0.725     0.004 0.4645527      1.110
3     0.425    0.002 0.6333031      0.869     0.005 0.5297394      1.153
4     0.430    0.002 0.6532295      0.888     0.004 0.5491087      1.360
5     0.625    0.002 0.5941033      0.823     0.003 0.5184794      1.146
  s250.time s250.rmse s500.ptime s500.time s500.rmse s1000.ptime s1000.time
1     0.008 0.3428054      1.785     0.017 0.2474496       3.769      0.051
2     0.008 0.3678733      1.960     0.023 0.2739665       4.118      0.053
3     0.011 0.3632945      2.138     0.023 0.2765568       3.520      0.033
4     0.013 0.3333902      2.112     0.029 0.2683542       3.685      0.036
5     0.008 0.3371831      1.764     0.018 0.2648911       3.322      0.041
  s1000.rmse s2500.ptime s2500.time s2500.rmse s5000.ptime s5000.time
1  0.1808295      18.959      0.094  0.1101715     166.178      0.166
2  0.1829108      19.952      0.098  0.1120141     166.622      0.206
3  0.1843919      17.960      0.092  0.1071073     168.463      0.200
4  0.1911773      21.409      0.102  0.1065238     186.327      0.202
5  0.1878810      25.641      0.144  0.1062619     228.624      0.193
  s5000.rmse
1 0.07717699
2 0.07514265
3 0.07455477
4 0.07751019
5 0.07555889
> 
> proc.time()
    user   system  elapsed 
5740.959   57.121 5942.942 
