
R version 3.0.3 (2014-03-06) -- "Warm Puppy"
Copyright (C) 2014 The R Foundation for Statistical Computing
Platform: x86_64-unknown-linux-gnu (64-bit)

R is free software and comes with ABSOLUTELY NO WARRANTY.
You are welcome to redistribute it under certain conditions.
Type 'license()' or 'licence()' for distribution details.

  Natural language support but running in an English locale

R is a collaborative project with many contributors.
Type 'contributors()' for more information and
'citation()' on how to cite R or R packages in publications.

Type 'demo()' for some demos, 'help()' for on-line help, or
'help.start()' for an HTML browser interface to help.
Type 'q()' to quit R.

> print(.libPaths())
[1] "/usr/local/r-3.0.3/lib64/R/library"
> .libPaths("/mnt/home/rjparker/Rlib")
> print(.libPaths())
[1] "/mnt/home/rjparker/Rlib"            "/usr/local/r-3.0.3/lib64/R/library"
> setwd("/mnt/home/rjparker/git/block_int")
> 
> which_exp <- 5
> which_part <- 11
> source("R/sim_nblocks_pred.R")
Loading required package: spam
Loading required package: grid
Spam version 0.41-0 (2014-02-26) is loaded.
Type 'help( Spam)' or 'demo( spam)' for a short introduction 
and overview of this package.
Help for individual functions is also obtained by adding the
suffix '.spam' to the function name, e.g. 'help( chol.spam)'.

Attaching package: ‘spam’

The following objects are masked from ‘package:base’:

    backsolve, forwardsolve

Loading required package: maps
  pred  p   b tau Nper_p Npred Fzero sigma2
5 TRUE 10 1.5  10  10000  1000     0      1
[1] 0.988767
$full.time
[1] 0.347

$full.rmse
[1] 0.05660284

$full.time
[1] 0.347

$full.rmse
[1] 0.05660284

$l25.time
[1] 8.096

$l25.rmse
[1] 0.2128284

$l50.time
[1] 8.239

$l50.rmse
[1] 0.1576577

$l100.time
[1] 10.183

$l100.rmse
[1] 0.1244829

$l250.time
[1] 28.443

$l250.rmse
[1] 0.09677551

$l500.time
[1] 131.646

$l500.rmse
[1] 0.08162475

$o25_i.ptime
[1] 0.34

$o25_i.time
[1] 0.372

$o25_i.rmse
[1] 0.5891015

$o50_i.ptime
[1] 0.907

$o50_i.time
[1] 0.233

$o50_i.rmse
[1] 0.5282989

$o100_i.ptime
[1] 0.317

$o100_i.time
[1] 0.188

$o100_i.rmse
[1] 0.4328481

$o250_i.ptime
[1] 0.891

$o250_i.time
[1] 0.169

$o250_i.rmse
[1] 0.3125035

$o500_i.ptime
[1] 2.38

$o500_i.time
[1] 0.2

$o500_i.rmse
[1] 0.2408858

$o25_d.ptime
[1] 0.742

$o25_d.time
[1] 0.887

$o25_d.rmse
[1] 0.4788194

$o50_d.ptime
[1] 0.163

$o50_d.time
[1] 1.025

$o50_d.rmse
[1] 0.3972541

$o100_d.ptime
[1] 0.067

$o100_d.time
[1] 2.227

$o100_d.rmse
[1] 0.3111959

$o250_d.ptime
[1] 0.034

$o250_d.time
[1] 9.837

$o250_d.rmse
[1] 0.2143608

$o500_d.ptime
[1] 0.037

$o500_d.time
[1] 74.611

$o500_d.rmse
[1] 0.1505314

$c25_i.ptime
[1] 1.971

$c25_i.time
[1] 0.432

$c25_i.rmse
[1] 0.3585449

$c50_i.ptime
[1] 1.49

$c50_i.time
[1] 0.283

$c50_i.rmse
[1] 0.2856543

$c100_i.ptime
[1] 0.882

$c100_i.time
[1] 0.227

$c100_i.rmse
[1] 0.2242226

$c250_i.ptime
[1] 1.62

$c250_i.time
[1] 0.219

$c250_i.rmse
[1] 0.1794757

$c500_i.ptime
[1] 2.977

$c500_i.time
[1] 0.283

$c500_i.rmse
[1] 0.1502912

$c25_d.ptime
[1] 2.113

$c25_d.time
[1] 1.517

$c25_d.rmse
[1] 0.2713374

$c50_d.ptime
[1] 1.255

$c50_d.time
[1] 1.915

$c50_d.rmse
[1] 0.2151896

$c100_d.ptime
[1] 0.67

$c100_d.time
[1] 3.459

$c100_d.rmse
[1] 0.1790065

$c250_d.ptime
[1] 0.521

$c250_d.time
[1] 11.779

$c250_d.rmse
[1] 0.144444

$c500_d.ptime
[1] 0.373

$c500_d.time
[1] 77.769

$c500_d.rmse
[1] 0.119716

$s25.ptime
[1] 0.362

$s25.time
[1] 0.001

$s25.rmse
[1] 0.910876

$s50.ptime
[1] 0.591

$s50.time
[1] 0.003

$s50.rmse
[1] 0.6039555

$s100.ptime
[1] 0.646

$s100.time
[1] 0.004

$s100.rmse
[1] 0.5294011

$s250.ptime
[1] 1.446

$s250.time
[1] 0.017

$s250.rmse
[1] 0.3504086

$s500.ptime
[1] 1.955

$s500.time
[1] 0.048

$s500.rmse
[1] 0.251372

$s1000.ptime
[1] 4.337

$s1000.time
[1] 0.054

$s1000.rmse
[1] 0.1725517

$s2500.ptime
[1] 43.591

$s2500.time
[1] 0.163

$s2500.rmse
[1] 0.1069743

$s5000.ptime
[1] 345.483

$s5000.time
[1] 0.343

$s5000.rmse
[1] 0.07144308

        seed            p    full.time    full.rmse     l25.time     l25.rmse 
    2434.000       10.000        0.347        0.057        8.096        0.213 
    l50.time     l50.rmse    l100.time    l100.rmse    l250.time    l250.rmse 
       8.239        0.158       10.183        0.124       28.443        0.097 
   l500.time    l500.rmse  o25_i.ptime   o25_i.time   o25_i.rmse  o50_i.ptime 
     131.646        0.082        0.340        0.372        0.589        0.907 
  o50_i.time   o50_i.rmse o100_i.ptime  o100_i.time  o100_i.rmse o250_i.ptime 
       0.233        0.528        0.317        0.188        0.433        0.891 
 o250_i.time  o250_i.rmse o500_i.ptime  o500_i.time  o500_i.rmse  o25_d.ptime 
       0.169        0.313        2.380        0.200        0.241        0.742 
  o25_d.time   o25_d.rmse  o50_d.ptime   o50_d.time   o50_d.rmse o100_d.ptime 
       0.887        0.479        0.163        1.025        0.397        0.067 
 o100_d.time  o100_d.rmse o250_d.ptime  o250_d.time  o250_d.rmse o500_d.ptime 
       2.227        0.311        0.034        9.837        0.214        0.037 
 o500_d.time  o500_d.rmse  c25_i.ptime   c25_i.time   c25_i.rmse  c50_i.ptime 
      74.611        0.151        1.971        0.432        0.359        1.490 
  c50_i.time   c50_i.rmse c100_i.ptime  c100_i.time  c100_i.rmse c250_i.ptime 
       0.283        0.286        0.882        0.227        0.224        1.620 
 c250_i.time  c250_i.rmse c500_i.ptime  c500_i.time  c500_i.rmse  c25_d.ptime 
       0.219        0.179        2.977        0.283        0.150        2.113 
  c25_d.time   c25_d.rmse  c50_d.ptime   c50_d.time   c50_d.rmse c100_d.ptime 
       1.517        0.271        1.255        1.915        0.215        0.670 
 c100_d.time  c100_d.rmse c250_d.ptime  c250_d.time  c250_d.rmse c500_d.ptime 
       3.459        0.179        0.521       11.779        0.144        0.373 
 c500_d.time  c500_d.rmse    s25.ptime     s25.time     s25.rmse    s50.ptime 
      77.769        0.120        0.362        0.001        0.911        0.591 
    s50.time     s50.rmse   s100.ptime    s100.time    s100.rmse   s250.ptime 
       0.003        0.604        0.646        0.004        0.529        1.446 
   s250.time    s250.rmse   s500.ptime    s500.time    s500.rmse  s1000.ptime 
       0.017        0.350        1.955        0.048        0.251        4.337 
  s1000.time   s1000.rmse  s2500.ptime   s2500.time   s2500.rmse  s5000.ptime 
       0.054        0.173       43.591        0.163        0.107      345.483 
  s5000.time   s5000.rmse 
       0.343        0.071 
[1] 0.9582226
$full.time
[1] 0.215

$full.rmse
[1] 0.05787333

$full.time
[1] 0.215

$full.rmse
[1] 0.05787333

$l25.time
[1] 6.262

$l25.rmse
[1] 0.187596

$l50.time
[1] 6.627

$l50.rmse
[1] 0.1484685

$l100.time
[1] 8.627

$l100.rmse
[1] 0.1264927

$l250.time
[1] 32.357

$l250.rmse
[1] 0.0984563

$l500.time
[1] 146.639

$l500.rmse
[1] 0.08219467

$o25_i.ptime
[1] 0.361

$o25_i.time
[1] 0.458

$o25_i.rmse
[1] 0.598784

$o50_i.ptime
[1] 0.338

$o50_i.time
[1] 0.321

$o50_i.rmse
[1] 0.5330392

$o100_i.ptime
[1] 1.409

$o100_i.time
[1] 0.197

$o100_i.rmse
[1] 0.4452031

$o250_i.ptime
[1] 0.917

$o250_i.time
[1] 0.19

$o250_i.rmse
[1] 0.3253062

$o500_i.ptime
[1] 2.71

$o500_i.time
[1] 0.212

$o500_i.rmse
[1] 0.2458849

$o25_d.ptime
[1] 0.794

$o25_d.time
[1] 0.942

$o25_d.rmse
[1] 0.4896007

$o50_d.ptime
[1] 0.169

$o50_d.time
[1] 1.336

$o50_d.rmse
[1] 0.4105855

$o100_d.ptime
[1] 0.078

$o100_d.time
[1] 2.589

$o100_d.rmse
[1] 0.3343118

$o250_d.ptime
[1] 0.041

$o250_d.time
[1] 10.651

$o250_d.rmse
[1] 0.2246266

$o500_d.ptime
[1] 0.039

$o500_d.time
[1] 66.774

$o500_d.rmse
[1] 0.1643107

$c25_i.ptime
[1] 1.987

$c25_i.time
[1] 0.402

$c25_i.rmse
[1] 0.3330295

$c50_i.ptime
[1] 1.298

$c50_i.time
[1] 0.274

$c50_i.rmse
[1] 0.2709992

$c100_i.ptime
[1] 1.131

$c100_i.time
[1] 0.219

$c100_i.rmse
[1] 0.2297043

$c250_i.ptime
[1] 1.248

$c250_i.time
[1] 0.198

$c250_i.rmse
[1] 0.1903783

$c500_i.ptime
[1] 2.721

$c500_i.time
[1] 0.235

$c500_i.rmse
[1] 0.1476216

$c25_d.ptime
[1] 2.12

$c25_d.time
[1] 1.435

$c25_d.rmse
[1] 0.2635278

$c50_d.ptime
[1] 1.067

$c50_d.time
[1] 1.803

$c50_d.rmse
[1] 0.2169663

$c100_d.ptime
[1] 0.606

$c100_d.time
[1] 2.935

$c100_d.rmse
[1] 0.1912234

$c250_d.ptime
[1] 0.452

$c250_d.time
[1] 10.74

$c250_d.rmse
[1] 0.1406692

$c500_d.ptime
[1] 0.656

$c500_d.time
[1] 63.535

$c500_d.rmse
[1] 0.1117169

$s25.ptime
[1] 0.687

$s25.time
[1] 0.001

$s25.rmse
[1] 0.7377043

$s50.ptime
[1] 0.487

$s50.time
[1] 0.002

$s50.rmse
[1] 0.584881

$s100.ptime
[1] 0.8

$s100.time
[1] 0.004

$s100.rmse
[1] 0.5039215

$s250.ptime
[1] 1.14

$s250.time
[1] 0.01

$s250.rmse
[1] 0.3485644

$s500.ptime
[1] 2.168

$s500.time
[1] 0.031

$s500.rmse
[1] 0.2709208

$s1000.ptime
[1] 4.019

$s1000.time
[1] 0.044

$s1000.rmse
[1] 0.1922561

$s2500.ptime
[1] 31.487

$s2500.time
[1] 0.123

$s2500.rmse
[1] 0.1127051

$s5000.ptime
[1] 365.2

$s5000.time
[1] 0.215

$s5000.rmse
[1] 0.07734999

        seed            p    full.time    full.rmse     l25.time     l25.rmse 
    2435.000       10.000        0.215        0.058        6.262        0.188 
    l50.time     l50.rmse    l100.time    l100.rmse    l250.time    l250.rmse 
       6.627        0.148        8.627        0.126       32.357        0.098 
   l500.time    l500.rmse  o25_i.ptime   o25_i.time   o25_i.rmse  o50_i.ptime 
     146.639        0.082        0.361        0.458        0.599        0.338 
  o50_i.time   o50_i.rmse o100_i.ptime  o100_i.time  o100_i.rmse o250_i.ptime 
       0.321        0.533        1.409        0.197        0.445        0.917 
 o250_i.time  o250_i.rmse o500_i.ptime  o500_i.time  o500_i.rmse  o25_d.ptime 
       0.190        0.325        2.710        0.212        0.246        0.794 
  o25_d.time   o25_d.rmse  o50_d.ptime   o50_d.time   o50_d.rmse o100_d.ptime 
       0.942        0.490        0.169        1.336        0.411        0.078 
 o100_d.time  o100_d.rmse o250_d.ptime  o250_d.time  o250_d.rmse o500_d.ptime 
       2.589        0.334        0.041       10.651        0.225        0.039 
 o500_d.time  o500_d.rmse  c25_i.ptime   c25_i.time   c25_i.rmse  c50_i.ptime 
      66.774        0.164        1.987        0.402        0.333        1.298 
  c50_i.time   c50_i.rmse c100_i.ptime  c100_i.time  c100_i.rmse c250_i.ptime 
       0.274        0.271        1.131        0.219        0.230        1.248 
 c250_i.time  c250_i.rmse c500_i.ptime  c500_i.time  c500_i.rmse  c25_d.ptime 
       0.198        0.190        2.721        0.235        0.148        2.120 
  c25_d.time   c25_d.rmse  c50_d.ptime   c50_d.time   c50_d.rmse c100_d.ptime 
       1.435        0.264        1.067        1.803        0.217        0.606 
 c100_d.time  c100_d.rmse c250_d.ptime  c250_d.time  c250_d.rmse c500_d.ptime 
       2.935        0.191        0.452       10.740        0.141        0.656 
 c500_d.time  c500_d.rmse    s25.ptime     s25.time     s25.rmse    s50.ptime 
      63.535        0.112        0.687        0.001        0.738        0.487 
    s50.time     s50.rmse   s100.ptime    s100.time    s100.rmse   s250.ptime 
       0.002        0.585        0.800        0.004        0.504        1.140 
   s250.time    s250.rmse   s500.ptime    s500.time    s500.rmse  s1000.ptime 
       0.010        0.349        2.168        0.031        0.271        4.019 
  s1000.time   s1000.rmse  s2500.ptime   s2500.time   s2500.rmse  s5000.ptime 
       0.044        0.192       31.487        0.123        0.113      365.200 
  s5000.time   s5000.rmse 
       0.215        0.077 
[1] 0.8502371
$full.time
[1] 0.16

$full.rmse
[1] 0.05791323

$full.time
[1] 0.16

$full.rmse
[1] 0.05791323

$l25.time
[1] 5.451

$l25.rmse
[1] 0.2022717

$l50.time
[1] 5.582

$l50.rmse
[1] 0.1615548

$l100.time
[1] 7.621

$l100.rmse
[1] 0.1304595

$l250.time
[1] 27.034

$l250.rmse
[1] 0.1014727

$l500.time
[1] 130.222

$l500.rmse
[1] 0.08986944

$o25_i.ptime
[1] 0.364

$o25_i.time
[1] 0.425

$o25_i.rmse
[1] 0.6403495

$o50_i.ptime
[1] 0.252

$o50_i.time
[1] 0.276

$o50_i.rmse
[1] 0.5653378

$o100_i.ptime
[1] 0.345

$o100_i.time
[1] 0.223

$o100_i.rmse
[1] 0.4872201

$o250_i.ptime
[1] 0.841

$o250_i.time
[1] 0.89

$o250_i.rmse
[1] 0.3465469

$o500_i.ptime
[1] 2.404

$o500_i.time
[1] 0.253

$o500_i.rmse
[1] 0.2469519

$o25_d.ptime
[1] 0.75

$o25_d.time
[1] 0.88

$o25_d.rmse
[1] 0.5165346

$o50_d.ptime
[1] 0.185

$o50_d.time
[1] 1.16

$o50_d.rmse
[1] 0.4257104

$o100_d.ptime
[1] 0.084

$o100_d.time
[1] 2.063

$o100_d.rmse
[1] 0.3369535

$o250_d.ptime
[1] 0.044

$o250_d.time
[1] 9.921

$o250_d.rmse
[1] 0.238097

$o500_d.ptime
[1] 0.03

$o500_d.time
[1] 65.117

$o500_d.rmse
[1] 0.1680996

$c25_i.ptime
[1] 1.685

$c25_i.time
[1] 0.384

$c25_i.rmse
[1] 0.3531961

$c50_i.ptime
[1] 1.061

$c50_i.time
[1] 0.26

$c50_i.rmse
[1] 0.3049067

$c100_i.ptime
[1] 0.869

$c100_i.time
[1] 0.2

$c100_i.rmse
[1] 0.2577835

$c250_i.ptime
[1] 1.342

$c250_i.time
[1] 0.191

$c250_i.rmse
[1] 0.1754735

$c500_i.ptime
[1] 2.726

$c500_i.time
[1] 0.216

$c500_i.rmse
[1] 0.1521307

$c25_d.ptime
[1] 2.127

$c25_d.time
[1] 1.491

$c25_d.rmse
[1] 0.2939475

$c50_d.ptime
[1] 1.16

$c50_d.time
[1] 1.749

$c50_d.rmse
[1] 0.2397942

$c100_d.ptime
[1] 0.697

$c100_d.time
[1] 2.849

$c100_d.rmse
[1] 0.1935812

$c250_d.ptime
[1] 0.41

$c250_d.time
[1] 10.391

$c250_d.rmse
[1] 0.1415906

$c500_d.ptime
[1] 0.422

$c500_d.time
[1] 70.909

$c500_d.rmse
[1] 0.1204594

$s25.ptime
[1] 0.46

$s25.time
[1] 0.001

$s25.rmse
[1] 0.7809002

$s50.ptime
[1] 0.837

$s50.time
[1] 0.003

$s50.rmse
[1] 0.6131287

$s100.ptime
[1] 0.899

$s100.time
[1] 0.004

$s100.rmse
[1] 0.5137622

$s250.ptime
[1] 1.255

$s250.time
[1] 0.012

$s250.rmse
[1] 0.3821695

$s500.ptime
[1] 1.896

$s500.time
[1] 0.028

$s500.rmse
[1] 0.2800912

$s1000.ptime
[1] 3.973

$s1000.time
[1] 0.056

$s1000.rmse
[1] 0.1968256

$s2500.ptime
[1] 39.255

$s2500.time
[1] 0.16

$s2500.rmse
[1] 0.1075558

$s5000.ptime
[1] 449.646

$s5000.time
[1] 0.304

$s5000.rmse
[1] 0.07486946

        seed            p    full.time    full.rmse     l25.time     l25.rmse 
    2436.000       10.000        0.160        0.058        5.451        0.202 
    l50.time     l50.rmse    l100.time    l100.rmse    l250.time    l250.rmse 
       5.582        0.162        7.621        0.130       27.034        0.101 
   l500.time    l500.rmse  o25_i.ptime   o25_i.time   o25_i.rmse  o50_i.ptime 
     130.222        0.090        0.364        0.425        0.640        0.252 
  o50_i.time   o50_i.rmse o100_i.ptime  o100_i.time  o100_i.rmse o250_i.ptime 
       0.276        0.565        0.345        0.223        0.487        0.841 
 o250_i.time  o250_i.rmse o500_i.ptime  o500_i.time  o500_i.rmse  o25_d.ptime 
       0.890        0.347        2.404        0.253        0.247        0.750 
  o25_d.time   o25_d.rmse  o50_d.ptime   o50_d.time   o50_d.rmse o100_d.ptime 
       0.880        0.517        0.185        1.160        0.426        0.084 
 o100_d.time  o100_d.rmse o250_d.ptime  o250_d.time  o250_d.rmse o500_d.ptime 
       2.063        0.337        0.044        9.921        0.238        0.030 
 o500_d.time  o500_d.rmse  c25_i.ptime   c25_i.time   c25_i.rmse  c50_i.ptime 
      65.117        0.168        1.685        0.384        0.353        1.061 
  c50_i.time   c50_i.rmse c100_i.ptime  c100_i.time  c100_i.rmse c250_i.ptime 
       0.260        0.305        0.869        0.200        0.258        1.342 
 c250_i.time  c250_i.rmse c500_i.ptime  c500_i.time  c500_i.rmse  c25_d.ptime 
       0.191        0.175        2.726        0.216        0.152        2.127 
  c25_d.time   c25_d.rmse  c50_d.ptime   c50_d.time   c50_d.rmse c100_d.ptime 
       1.491        0.294        1.160        1.749        0.240        0.697 
 c100_d.time  c100_d.rmse c250_d.ptime  c250_d.time  c250_d.rmse c500_d.ptime 
       2.849        0.194        0.410       10.391        0.142        0.422 
 c500_d.time  c500_d.rmse    s25.ptime     s25.time     s25.rmse    s50.ptime 
      70.909        0.120        0.460        0.001        0.781        0.837 
    s50.time     s50.rmse   s100.ptime    s100.time    s100.rmse   s250.ptime 
       0.003        0.613        0.899        0.004        0.514        1.255 
   s250.time    s250.rmse   s500.ptime    s500.time    s500.rmse  s1000.ptime 
       0.012        0.382        1.896        0.028        0.280        3.973 
  s1000.time   s1000.rmse  s2500.ptime   s2500.time   s2500.rmse  s5000.ptime 
       0.056        0.197       39.255        0.160        0.108      449.646 
  s5000.time   s5000.rmse 
       0.304        0.075 
[1] 0.8797152
$full.time
[1] 0.245

$full.rmse
[1] 0.05747243

$full.time
[1] 0.245

$full.rmse
[1] 0.05747243

$l25.time
[1] 6.321

$l25.rmse
[1] 0.1821296

$l50.time
[1] 6.292

$l50.rmse
[1] 0.1520062

$l100.time
[1] 8.762

$l100.rmse
[1] 0.1222552

$l250.time
[1] 33.871

$l250.rmse
[1] 0.09894126

$l500.time
[1] 152.445

$l500.rmse
[1] 0.08305278

$o25_i.ptime
[1] 0.361

$o25_i.time
[1] 0.399

$o25_i.rmse
[1] 0.5845213

$o50_i.ptime
[1] 0.279

$o50_i.time
[1] 0.275

$o50_i.rmse
[1] 0.4773511

$o100_i.ptime
[1] 0.321

$o100_i.time
[1] 0.241

$o100_i.rmse
[1] 0.432193

$o250_i.ptime
[1] 0.827

$o250_i.time
[1] 0.832

$o250_i.rmse
[1] 0.3329734

$o500_i.ptime
[1] 2.3

$o500_i.time
[1] 0.232

$o500_i.rmse
[1] 0.248222

$o25_d.ptime
[1] 0.713

$o25_d.time
[1] 0.87

$o25_d.rmse
[1] 0.4564092

$o50_d.ptime
[1] 0.172

$o50_d.time
[1] 1.23

$o50_d.rmse
[1] 0.3642925

$o100_d.ptime
[1] 0.078

$o100_d.time
[1] 2.091

$o100_d.rmse
[1] 0.3154731

$o250_d.ptime
[1] 0.04

$o250_d.time
[1] 9.567

$o250_d.rmse
[1] 0.2245133

$o500_d.ptime
[1] 0.035

$o500_d.time
[1] 59.604

$o500_d.rmse
[1] 0.1679227

$c25_i.ptime
[1] 1.84

$c25_i.time
[1] 0.4

$c25_i.rmse
[1] 0.334928

$c50_i.ptime
[1] 1.492

$c50_i.time
[1] 0.294

$c50_i.rmse
[1] 0.2762965

$c100_i.ptime
[1] 1.211

$c100_i.time
[1] 0.229

$c100_i.rmse
[1] 0.2349272

$c250_i.ptime
[1] 1.279

$c250_i.time
[1] 0.211

$c250_i.rmse
[1] 0.1864218

$c500_i.ptime
[1] 2.644

$c500_i.time
[1] 0.266

$c500_i.rmse
[1] 0.1533351

$c25_d.ptime
[1] 1.975

$c25_d.time
[1] 1.562

$c25_d.rmse
[1] 0.2636861

$c50_d.ptime
[1] 1.215

$c50_d.time
[1] 1.625

$c50_d.rmse
[1] 0.2300202

$c100_d.ptime
[1] 0.669

$c100_d.time
[1] 3.026

$c100_d.rmse
[1] 0.1843139

$c250_d.ptime
[1] 0.507

$c250_d.time
[1] 10.43

$c250_d.rmse
[1] 0.147903

$c500_d.ptime
[1] 0.493

$c500_d.time
[1] 63.851

$c500_d.rmse
[1] 0.114205

$s25.ptime
[1] 0.402

$s25.time
[1] 0.001

$s25.rmse
[1] 0.6589797

$s50.ptime
[1] 0.585

$s50.time
[1] 0.002

$s50.rmse
[1] 0.5445011

$s100.ptime
[1] 0.728

$s100.time
[1] 0.005

$s100.rmse
[1] 0.4615348

$s250.ptime
[1] 1.416

$s250.time
[1] 0.009

$s250.rmse
[1] 0.3516436

$s500.ptime
[1] 1.969

$s500.time
[1] 0.026

$s500.rmse
[1] 0.275117

$s1000.ptime
[1] 3.612

$s1000.time
[1] 0.04

$s1000.rmse
[1] 0.1936268

$s2500.ptime
[1] 41.158

$s2500.time
[1] 0.121

$s2500.rmse
[1] 0.1066493

$s5000.ptime
[1] 287.644

$s5000.time
[1] 0.174

$s5000.rmse
[1] 0.07497042

        seed            p    full.time    full.rmse     l25.time     l25.rmse 
    2437.000       10.000        0.245        0.057        6.321        0.182 
    l50.time     l50.rmse    l100.time    l100.rmse    l250.time    l250.rmse 
       6.292        0.152        8.762        0.122       33.871        0.099 
   l500.time    l500.rmse  o25_i.ptime   o25_i.time   o25_i.rmse  o50_i.ptime 
     152.445        0.083        0.361        0.399        0.585        0.279 
  o50_i.time   o50_i.rmse o100_i.ptime  o100_i.time  o100_i.rmse o250_i.ptime 
       0.275        0.477        0.321        0.241        0.432        0.827 
 o250_i.time  o250_i.rmse o500_i.ptime  o500_i.time  o500_i.rmse  o25_d.ptime 
       0.832        0.333        2.300        0.232        0.248        0.713 
  o25_d.time   o25_d.rmse  o50_d.ptime   o50_d.time   o50_d.rmse o100_d.ptime 
       0.870        0.456        0.172        1.230        0.364        0.078 
 o100_d.time  o100_d.rmse o250_d.ptime  o250_d.time  o250_d.rmse o500_d.ptime 
       2.091        0.315        0.040        9.567        0.225        0.035 
 o500_d.time  o500_d.rmse  c25_i.ptime   c25_i.time   c25_i.rmse  c50_i.ptime 
      59.604        0.168        1.840        0.400        0.335        1.492 
  c50_i.time   c50_i.rmse c100_i.ptime  c100_i.time  c100_i.rmse c250_i.ptime 
       0.294        0.276        1.211        0.229        0.235        1.279 
 c250_i.time  c250_i.rmse c500_i.ptime  c500_i.time  c500_i.rmse  c25_d.ptime 
       0.211        0.186        2.644        0.266        0.153        1.975 
  c25_d.time   c25_d.rmse  c50_d.ptime   c50_d.time   c50_d.rmse c100_d.ptime 
       1.562        0.264        1.215        1.625        0.230        0.669 
 c100_d.time  c100_d.rmse c250_d.ptime  c250_d.time  c250_d.rmse c500_d.ptime 
       3.026        0.184        0.507       10.430        0.148        0.493 
 c500_d.time  c500_d.rmse    s25.ptime     s25.time     s25.rmse    s50.ptime 
      63.851        0.114        0.402        0.001        0.659        0.585 
    s50.time     s50.rmse   s100.ptime    s100.time    s100.rmse   s250.ptime 
       0.002        0.545        0.728        0.005        0.462        1.416 
   s250.time    s250.rmse   s500.ptime    s500.time    s500.rmse  s1000.ptime 
       0.009        0.352        1.969        0.026        0.275        3.612 
  s1000.time   s1000.rmse  s2500.ptime   s2500.time   s2500.rmse  s5000.ptime 
       0.040        0.194       41.158        0.121        0.107      287.644 
  s5000.time   s5000.rmse 
       0.174        0.075 
[1] 0.7334242
$full.time
[1] 0.103

$full.rmse
[1] 0.06112513

$full.time
[1] 0.103

$full.rmse
[1] 0.06112513

$l25.time
[1] 4.606

$l25.rmse
[1] 0.187182

$l50.time
[1] 4.898

$l50.rmse
[1] 0.155442

$l100.time
[1] 6.745

$l100.rmse
[1] 0.1289069

$l250.time
[1] 24.056

$l250.rmse
[1] 0.09916755

$l500.time
[1] 110.52

$l500.rmse
[1] 0.08500714

$o25_i.ptime
[1] 0.268

$o25_i.time
[1] 0.267

$o25_i.rmse
[1] 0.5665176

$o50_i.ptime
[1] 0.187

$o50_i.time
[1] 0.637

$o50_i.rmse
[1] 0.5327813

$o100_i.ptime
[1] 0.241

$o100_i.time
[1] 0.164

$o100_i.rmse
[1] 0.4481972

$o250_i.ptime
[1] 0.636

$o250_i.time
[1] 0.146

$o250_i.rmse
[1] 0.3348159

$o500_i.ptime
[1] 1.775

$o500_i.time
[1] 0.162

$o500_i.rmse
[1] 0.2559197

$o25_d.ptime
[1] 0.65

$o25_d.time
[1] 0.655

$o25_d.rmse
[1] 0.4735856

$o50_d.ptime
[1] 0.153

$o50_d.time
[1] 0.841

$o50_d.rmse
[1] 0.4084219

$o100_d.ptime
[1] 0.057

$o100_d.time
[1] 1.771

$o100_d.rmse
[1] 0.3405379

$o250_d.ptime
[1] 0.031

$o250_d.time
[1] 7.614

$o250_d.rmse
[1] 0.2359588

$o500_d.ptime
[1] 0.028

$o500_d.time
[1] 31.245

$o500_d.rmse
[1] 0.1734357

$c25_i.ptime
[1] 1.654

$c25_i.time
[1] 0.295

$c25_i.rmse
[1] 0.3057947

$c50_i.ptime
[1] 1.11

$c50_i.time
[1] 0.216

$c50_i.rmse
[1] 0.2694914

$c100_i.ptime
[1] 0.906

$c100_i.time
[1] 0.179

$c100_i.rmse
[1] 0.2309999

$c250_i.ptime
[1] 1.053

$c250_i.time
[1] 0.188

$c250_i.rmse
[1] 0.1781905

$c500_i.ptime
[1] 2.129

$c500_i.time
[1] 0.211

$c500_i.rmse
[1] 0.1516259

$c25_d.ptime
[1] 1.936

$c25_d.time
[1] 1.029

$c25_d.rmse
[1] 0.2675741

$c50_d.ptime
[1] 1.049

$c50_d.time
[1] 1.206

$c50_d.rmse
[1] 0.2176392

$c100_d.ptime
[1] 0.773

$c100_d.time
[1] 2.277

$c100_d.rmse
[1] 0.1907945

$c250_d.ptime
[1] 0.315

$c250_d.time
[1] 8.204

$c250_d.rmse
[1] 0.1559447

$c500_d.ptime
[1] 0.393

$c500_d.time
[1] 32.012

$c500_d.rmse
[1] 0.1182509

$s25.ptime
[1] 0.579

$s25.time
[1] 0.001

$s25.rmse
[1] 0.6224657

$s50.ptime
[1] 0.494

$s50.time
[1] 0.001

$s50.rmse
[1] 0.523415

$s100.ptime
[1] 0.614

$s100.time
[1] 0.002

$s100.rmse
[1] 0.4597015

$s250.ptime
[1] 1.326

$s250.time
[1] 0.007

$s250.rmse
[1] 0.3302854

$s500.ptime
[1] 2.006

$s500.time
[1] 0.014

$s500.rmse
[1] 0.2576396

$s1000.ptime
[1] 3.252

$s1000.time
[1] 0.029

$s1000.rmse
[1] 0.1950164

$s2500.ptime
[1] 17.896

$s2500.time
[1] 0.075

$s2500.rmse
[1] 0.1193213

$s5000.ptime
[1] 129.964

$s5000.time
[1] 0.163

$s5000.rmse
[1] 0.07818129

        seed            p    full.time    full.rmse     l25.time     l25.rmse 
    2438.000       10.000        0.103        0.061        4.606        0.187 
    l50.time     l50.rmse    l100.time    l100.rmse    l250.time    l250.rmse 
       4.898        0.155        6.745        0.129       24.056        0.099 
   l500.time    l500.rmse  o25_i.ptime   o25_i.time   o25_i.rmse  o50_i.ptime 
     110.520        0.085        0.268        0.267        0.567        0.187 
  o50_i.time   o50_i.rmse o100_i.ptime  o100_i.time  o100_i.rmse o250_i.ptime 
       0.637        0.533        0.241        0.164        0.448        0.636 
 o250_i.time  o250_i.rmse o500_i.ptime  o500_i.time  o500_i.rmse  o25_d.ptime 
       0.146        0.335        1.775        0.162        0.256        0.650 
  o25_d.time   o25_d.rmse  o50_d.ptime   o50_d.time   o50_d.rmse o100_d.ptime 
       0.655        0.474        0.153        0.841        0.408        0.057 
 o100_d.time  o100_d.rmse o250_d.ptime  o250_d.time  o250_d.rmse o500_d.ptime 
       1.771        0.341        0.031        7.614        0.236        0.028 
 o500_d.time  o500_d.rmse  c25_i.ptime   c25_i.time   c25_i.rmse  c50_i.ptime 
      31.245        0.173        1.654        0.295        0.306        1.110 
  c50_i.time   c50_i.rmse c100_i.ptime  c100_i.time  c100_i.rmse c250_i.ptime 
       0.216        0.269        0.906        0.179        0.231        1.053 
 c250_i.time  c250_i.rmse c500_i.ptime  c500_i.time  c500_i.rmse  c25_d.ptime 
       0.188        0.178        2.129        0.211        0.152        1.936 
  c25_d.time   c25_d.rmse  c50_d.ptime   c50_d.time   c50_d.rmse c100_d.ptime 
       1.029        0.268        1.049        1.206        0.218        0.773 
 c100_d.time  c100_d.rmse c250_d.ptime  c250_d.time  c250_d.rmse c500_d.ptime 
       2.277        0.191        0.315        8.204        0.156        0.393 
 c500_d.time  c500_d.rmse    s25.ptime     s25.time     s25.rmse    s50.ptime 
      32.012        0.118        0.579        0.001        0.622        0.494 
    s50.time     s50.rmse   s100.ptime    s100.time    s100.rmse   s250.ptime 
       0.001        0.523        0.614        0.002        0.460        1.326 
   s250.time    s250.rmse   s500.ptime    s500.time    s500.rmse  s1000.ptime 
       0.007        0.330        2.006        0.014        0.258        3.252 
  s1000.time   s1000.rmse  s2500.ptime   s2500.time   s2500.rmse  s5000.ptime 
       0.029        0.195       17.896        0.075        0.119      129.964 
  s5000.time   s5000.rmse 
       0.163        0.078 
  seed  p full.time  full.rmse l25.time  l25.rmse l50.time  l50.rmse l100.time
1 2434 10     0.347 0.05660284    8.096 0.2128284    8.239 0.1576577    10.183
2 2435 10     0.215 0.05787333    6.262 0.1875960    6.627 0.1484685     8.627
3 2436 10     0.160 0.05791323    5.451 0.2022717    5.582 0.1615548     7.621
4 2437 10     0.245 0.05747243    6.321 0.1821296    6.292 0.1520062     8.762
5 2438 10     0.103 0.06112513    4.606 0.1871820    4.898 0.1554420     6.745
  l100.rmse l250.time  l250.rmse l500.time  l500.rmse o25_i.ptime o25_i.time
1 0.1244829    28.443 0.09677551   131.646 0.08162475       0.340      0.372
2 0.1264927    32.357 0.09845630   146.639 0.08219467       0.361      0.458
3 0.1304595    27.034 0.10147266   130.222 0.08986944       0.364      0.425
4 0.1222552    33.871 0.09894126   152.445 0.08305278       0.361      0.399
5 0.1289069    24.056 0.09916755   110.520 0.08500714       0.268      0.267
  o25_i.rmse o50_i.ptime o50_i.time o50_i.rmse o100_i.ptime o100_i.time
1  0.5891015       0.907      0.233  0.5282989        0.317       0.188
2  0.5987840       0.338      0.321  0.5330392        1.409       0.197
3  0.6403495       0.252      0.276  0.5653378        0.345       0.223
4  0.5845213       0.279      0.275  0.4773511        0.321       0.241
5  0.5665176       0.187      0.637  0.5327813        0.241       0.164
  o100_i.rmse o250_i.ptime o250_i.time o250_i.rmse o500_i.ptime o500_i.time
1   0.4328481        0.891       0.169   0.3125035        2.380       0.200
2   0.4452031        0.917       0.190   0.3253062        2.710       0.212
3   0.4872201        0.841       0.890   0.3465469        2.404       0.253
4   0.4321930        0.827       0.832   0.3329734        2.300       0.232
5   0.4481972        0.636       0.146   0.3348159        1.775       0.162
  o500_i.rmse o25_d.ptime o25_d.time o25_d.rmse o50_d.ptime o50_d.time
1   0.2408858       0.742      0.887  0.4788194       0.163      1.025
2   0.2458849       0.794      0.942  0.4896007       0.169      1.336
3   0.2469519       0.750      0.880  0.5165346       0.185      1.160
4   0.2482220       0.713      0.870  0.4564092       0.172      1.230
5   0.2559197       0.650      0.655  0.4735856       0.153      0.841
  o50_d.rmse o100_d.ptime o100_d.time o100_d.rmse o250_d.ptime o250_d.time
1  0.3972541        0.067       2.227   0.3111959        0.034       9.837
2  0.4105855        0.078       2.589   0.3343118        0.041      10.651
3  0.4257104        0.084       2.063   0.3369535        0.044       9.921
4  0.3642925        0.078       2.091   0.3154731        0.040       9.567
5  0.4084219        0.057       1.771   0.3405379        0.031       7.614
  o250_d.rmse o500_d.ptime o500_d.time o500_d.rmse c25_i.ptime c25_i.time
1   0.2143608        0.037      74.611   0.1505314       1.971      0.432
2   0.2246266        0.039      66.774   0.1643107       1.987      0.402
3   0.2380970        0.030      65.117   0.1680996       1.685      0.384
4   0.2245133        0.035      59.604   0.1679227       1.840      0.400
5   0.2359588        0.028      31.245   0.1734357       1.654      0.295
  c25_i.rmse c50_i.ptime c50_i.time c50_i.rmse c100_i.ptime c100_i.time
1  0.3585449       1.490      0.283  0.2856543        0.882       0.227
2  0.3330295       1.298      0.274  0.2709992        1.131       0.219
3  0.3531961       1.061      0.260  0.3049067        0.869       0.200
4  0.3349280       1.492      0.294  0.2762965        1.211       0.229
5  0.3057947       1.110      0.216  0.2694914        0.906       0.179
  c100_i.rmse c250_i.ptime c250_i.time c250_i.rmse c500_i.ptime c500_i.time
1   0.2242226        1.620       0.219   0.1794757        2.977       0.283
2   0.2297043        1.248       0.198   0.1903783        2.721       0.235
3   0.2577835        1.342       0.191   0.1754735        2.726       0.216
4   0.2349272        1.279       0.211   0.1864218        2.644       0.266
5   0.2309999        1.053       0.188   0.1781905        2.129       0.211
  c500_i.rmse c25_d.ptime c25_d.time c25_d.rmse c50_d.ptime c50_d.time
1   0.1502912       2.113      1.517  0.2713374       1.255      1.915
2   0.1476216       2.120      1.435  0.2635278       1.067      1.803
3   0.1521307       2.127      1.491  0.2939475       1.160      1.749
4   0.1533351       1.975      1.562  0.2636861       1.215      1.625
5   0.1516259       1.936      1.029  0.2675741       1.049      1.206
  c50_d.rmse c100_d.ptime c100_d.time c100_d.rmse c250_d.ptime c250_d.time
1  0.2151896        0.670       3.459   0.1790065        0.521      11.779
2  0.2169663        0.606       2.935   0.1912234        0.452      10.740
3  0.2397942        0.697       2.849   0.1935812        0.410      10.391
4  0.2300202        0.669       3.026   0.1843139        0.507      10.430
5  0.2176392        0.773       2.277   0.1907945        0.315       8.204
  c250_d.rmse c500_d.ptime c500_d.time c500_d.rmse s25.ptime s25.time  s25.rmse
1   0.1444440        0.373      77.769   0.1197160     0.362    0.001 0.9108760
2   0.1406692        0.656      63.535   0.1117169     0.687    0.001 0.7377043
3   0.1415906        0.422      70.909   0.1204594     0.460    0.001 0.7809002
4   0.1479030        0.493      63.851   0.1142050     0.402    0.001 0.6589797
5   0.1559447        0.393      32.012   0.1182509     0.579    0.001 0.6224657
  s50.ptime s50.time  s50.rmse s100.ptime s100.time s100.rmse s250.ptime
1     0.591    0.003 0.6039555      0.646     0.004 0.5294011      1.446
2     0.487    0.002 0.5848810      0.800     0.004 0.5039215      1.140
3     0.837    0.003 0.6131287      0.899     0.004 0.5137622      1.255
4     0.585    0.002 0.5445011      0.728     0.005 0.4615348      1.416
5     0.494    0.001 0.5234150      0.614     0.002 0.4597015      1.326
  s250.time s250.rmse s500.ptime s500.time s500.rmse s1000.ptime s1000.time
1     0.017 0.3504086      1.955     0.048 0.2513720       4.337      0.054
2     0.010 0.3485644      2.168     0.031 0.2709208       4.019      0.044
3     0.012 0.3821695      1.896     0.028 0.2800912       3.973      0.056
4     0.009 0.3516436      1.969     0.026 0.2751170       3.612      0.040
5     0.007 0.3302854      2.006     0.014 0.2576396       3.252      0.029
  s1000.rmse s2500.ptime s2500.time s2500.rmse s5000.ptime s5000.time
1  0.1725517      43.591      0.163  0.1069743     345.483      0.343
2  0.1922561      31.487      0.123  0.1127051     365.200      0.215
3  0.1968256      39.255      0.160  0.1075558     449.646      0.304
4  0.1936268      41.158      0.121  0.1066493     287.644      0.174
5  0.1950164      17.896      0.075  0.1193213     129.964      0.163
  s5000.rmse
1 0.07144308
2 0.07734999
3 0.07486946
4 0.07497042
5 0.07818129
Warning message:
Quick-TRANSfer stage steps exceeded maximum (= 500000) 
> 
> proc.time()
    user   system  elapsed 
6210.046   69.217 6409.647 
