
R version 3.0.3 (2014-03-06) -- "Warm Puppy"
Copyright (C) 2014 The R Foundation for Statistical Computing
Platform: x86_64-unknown-linux-gnu (64-bit)

R is free software and comes with ABSOLUTELY NO WARRANTY.
You are welcome to redistribute it under certain conditions.
Type 'license()' or 'licence()' for distribution details.

  Natural language support but running in an English locale

R is a collaborative project with many contributors.
Type 'contributors()' for more information and
'citation()' on how to cite R or R packages in publications.

Type 'demo()' for some demos, 'help()' for on-line help, or
'help.start()' for an HTML browser interface to help.
Type 'q()' to quit R.

> print(.libPaths())
[1] "/usr/local/r-3.0.3/lib64/R/library"
> .libPaths("/mnt/home/rjparker/Rlib")
> print(.libPaths())
[1] "/mnt/home/rjparker/Rlib"            "/usr/local/r-3.0.3/lib64/R/library"
> setwd("/mnt/home/rjparker/git/block_int")
> 
> which_exp <- 5
> which_part <- 1
> source("R/sim_nblocks_pred.R")
Loading required package: spam
Loading required package: grid
Spam version 0.41-0 (2014-02-26) is loaded.
Type 'help( Spam)' or 'demo( spam)' for a short introduction 
and overview of this package.
Help for individual functions is also obtained by adding the
suffix '.spam' to the function name, e.g. 'help( chol.spam)'.

Attaching package: ‘spam’

The following objects are masked from ‘package:base’:

    backsolve, forwardsolve

Loading required package: maps
  pred  p   b tau Nper_p Npred Fzero sigma2
5 TRUE 10 1.5  10  10000  1000     0      1
[1] 0.737067
$full.time
[1] 0.221

$full.rmse
[1] 0.05618499

$full.time
[1] 0.221

$full.rmse
[1] 0.05618499

$l25.time
[1] 10.766

$l25.rmse
[1] 0.1863409

$l50.time
[1] 7.981

$l50.rmse
[1] 0.1544401

$l100.time
[1] 10.569

$l100.rmse
[1] 0.1222561

$l250.time
[1] 25.22

$l250.rmse
[1] 0.09184594

$l500.time
[1] 111.101

$l500.rmse
[1] 0.07865577

$o25_i.ptime
[1] 0.294

$o25_i.time
[1] 0.305

$o25_i.rmse
[1] 0.5692484

$o50_i.ptime
[1] 0.657

$o50_i.time
[1] 0.208

$o50_i.rmse
[1] 0.5200898

$o100_i.ptime
[1] 0.254

$o100_i.time
[1] 0.173

$o100_i.rmse
[1] 0.4281252

$o250_i.ptime
[1] 0.698

$o250_i.time
[1] 0.16

$o250_i.rmse
[1] 0.3270877

$o500_i.ptime
[1] 1.926

$o500_i.time
[1] 0.188

$o500_i.rmse
[1] 0.2481951

$o25_d.ptime
[1] 0.651

$o25_d.time
[1] 0.666

$o25_d.rmse
[1] 0.4692488

$o50_d.ptime
[1] 0.154

$o50_d.time
[1] 0.888

$o50_d.rmse
[1] 0.4125618

$o100_d.ptime
[1] 0.058

$o100_d.time
[1] 1.799

$o100_d.rmse
[1] 0.3185802

$o250_d.ptime
[1] 0.033

$o250_d.time
[1] 8.09

$o250_d.rmse
[1] 0.2220878

$o500_d.ptime
[1] 0.136

$o500_d.time
[1] 61.769

$o500_d.rmse
[1] 0.1699477

$c25_i.ptime
[1] 2.194

$c25_i.time
[1] 0.446

$c25_i.rmse
[1] 0.3287185

$c50_i.ptime
[1] 1.021

$c50_i.time
[1] 0.243

$c50_i.rmse
[1] 0.2881094

$c100_i.ptime
[1] 0.87

$c100_i.time
[1] 0.203

$c100_i.rmse
[1] 0.235578

$c250_i.ptime
[1] 1.422

$c250_i.time
[1] 0.182

$c250_i.rmse
[1] 0.1824314

$c500_i.ptime
[1] 3.216

$c500_i.time
[1] 0.214

$c500_i.rmse
[1] 0.1488888

$c25_d.ptime
[1] 2.504

$c25_d.time
[1] 1.615

$c25_d.rmse
[1] 0.2749413

$c50_d.ptime
[1] 0.957

$c50_d.time
[1] 1.883

$c50_d.rmse
[1] 0.2241069

$c100_d.ptime
[1] 0.93

$c100_d.time
[1] 3.648

$c100_d.rmse
[1] 0.1913763

$c250_d.ptime
[1] 0.804

$c250_d.time
[1] 10.183

$c250_d.rmse
[1] 0.1474072

$c500_d.ptime
[1] 0.299

$c500_d.time
[1] 85.249

$c500_d.rmse
[1] 0.1143689

$s25.ptime
[1] 0.678

$s25.time
[1] 0.002

$s25.rmse
[1] 0.6516728

$s50.ptime
[1] 0.498

$s50.time
[1] 0.002

$s50.rmse
[1] 0.5608473

$s100.ptime
[1] 0.952

$s100.time
[1] 0.011

$s100.rmse
[1] 0.459479

$s250.ptime
[1] 1.729

$s250.time
[1] 0.023

$s250.rmse
[1] 0.315137

$s500.ptime
[1] 2.499

$s500.time
[1] 0.038

$s500.rmse
[1] 0.2402751

$s1000.ptime
[1] 4.963

$s1000.time
[1] 0.109

$s1000.rmse
[1] 0.1791437

$s2500.ptime
[1] 54.722

$s2500.time
[1] 0.154

$s2500.rmse
[1] 0.1073987

$s5000.ptime
[1] 928.11

$s5000.time
[1] 0.579

$s5000.rmse
[1] 0.07071884

        seed            p    full.time    full.rmse     l25.time     l25.rmse 
    2384.000       10.000        0.221        0.056       10.766        0.186 
    l50.time     l50.rmse    l100.time    l100.rmse    l250.time    l250.rmse 
       7.981        0.154       10.569        0.122       25.220        0.092 
   l500.time    l500.rmse  o25_i.ptime   o25_i.time   o25_i.rmse  o50_i.ptime 
     111.101        0.079        0.294        0.305        0.569        0.657 
  o50_i.time   o50_i.rmse o100_i.ptime  o100_i.time  o100_i.rmse o250_i.ptime 
       0.208        0.520        0.254        0.173        0.428        0.698 
 o250_i.time  o250_i.rmse o500_i.ptime  o500_i.time  o500_i.rmse  o25_d.ptime 
       0.160        0.327        1.926        0.188        0.248        0.651 
  o25_d.time   o25_d.rmse  o50_d.ptime   o50_d.time   o50_d.rmse o100_d.ptime 
       0.666        0.469        0.154        0.888        0.413        0.058 
 o100_d.time  o100_d.rmse o250_d.ptime  o250_d.time  o250_d.rmse o500_d.ptime 
       1.799        0.319        0.033        8.090        0.222        0.136 
 o500_d.time  o500_d.rmse  c25_i.ptime   c25_i.time   c25_i.rmse  c50_i.ptime 
      61.769        0.170        2.194        0.446        0.329        1.021 
  c50_i.time   c50_i.rmse c100_i.ptime  c100_i.time  c100_i.rmse c250_i.ptime 
       0.243        0.288        0.870        0.203        0.236        1.422 
 c250_i.time  c250_i.rmse c500_i.ptime  c500_i.time  c500_i.rmse  c25_d.ptime 
       0.182        0.182        3.216        0.214        0.149        2.504 
  c25_d.time   c25_d.rmse  c50_d.ptime   c50_d.time   c50_d.rmse c100_d.ptime 
       1.615        0.275        0.957        1.883        0.224        0.930 
 c100_d.time  c100_d.rmse c250_d.ptime  c250_d.time  c250_d.rmse c500_d.ptime 
       3.648        0.191        0.804       10.183        0.147        0.299 
 c500_d.time  c500_d.rmse    s25.ptime     s25.time     s25.rmse    s50.ptime 
      85.249        0.114        0.678        0.002        0.652        0.498 
    s50.time     s50.rmse   s100.ptime    s100.time    s100.rmse   s250.ptime 
       0.002        0.561        0.952        0.011        0.459        1.729 
   s250.time    s250.rmse   s500.ptime    s500.time    s500.rmse  s1000.ptime 
       0.023        0.315        2.499        0.038        0.240        4.963 
  s1000.time   s1000.rmse  s2500.ptime   s2500.time   s2500.rmse  s5000.ptime 
       0.109        0.179       54.722        0.154        0.107      928.110 
  s5000.time   s5000.rmse 
       0.579        0.071 
[1] 1.042897
$full.time
[1] 0.553

$full.rmse
[1] 0.05518263

$full.time
[1] 0.553

$full.rmse
[1] 0.05518263

$l25.time
[1] 12.313

$l25.rmse
[1] 0.187832

$l50.time
[1] 11.012

$l50.rmse
[1] 0.1588224

$l100.time
[1] 13.505

$l100.rmse
[1] 0.1257383

$l250.time
[1] 34.081

$l250.rmse
[1] 0.09577567

$l500.time
[1] 116.831

$l500.rmse
[1] 0.0805294

$o25_i.ptime
[1] 0.302

$o25_i.time
[1] 0.325

$o25_i.rmse
[1] 0.6428767

$o50_i.ptime
[1] 0.21

$o50_i.time
[1] 0.236

$o50_i.rmse
[1] 0.5330252

$o100_i.ptime
[1] 0.252

$o100_i.time
[1] 0.738

$o100_i.rmse
[1] 0.42964

$o250_i.ptime
[1] 0.679

$o250_i.time
[1] 0.157

$o250_i.rmse
[1] 0.3119636

$o500_i.ptime
[1] 1.84

$o500_i.time
[1] 0.164

$o500_i.rmse
[1] 0.2372368

$o25_d.ptime
[1] 0.646

$o25_d.time
[1] 0.778

$o25_d.rmse
[1] 0.4789187

$o50_d.ptime
[1] 0.149

$o50_d.time
[1] 0.861

$o50_d.rmse
[1] 0.4011916

$o100_d.ptime
[1] 0.059

$o100_d.time
[1] 1.744

$o100_d.rmse
[1] 0.3068391

$o250_d.ptime
[1] 0.031

$o250_d.time
[1] 7.966

$o250_d.rmse
[1] 0.2243698

$o500_d.ptime
[1] 0.03

$o500_d.time
[1] 36.86

$o500_d.rmse
[1] 0.1657015

$c25_i.ptime
[1] 2.033

$c25_i.time
[1] 0.444

$c25_i.rmse
[1] 0.3617949

$c50_i.ptime
[1] 1.16

$c50_i.time
[1] 0.295

$c50_i.rmse
[1] 0.2954477

$c100_i.ptime
[1] 1.001

$c100_i.time
[1] 0.198

$c100_i.rmse
[1] 0.2438954

$c250_i.ptime
[1] 1.216

$c250_i.time
[1] 0.18

$c250_i.rmse
[1] 0.1826451

$c500_i.ptime
[1] 2.484

$c500_i.time
[1] 0.263

$c500_i.rmse
[1] 0.147639

$c25_d.ptime
[1] 2.275

$c25_d.time
[1] 1.451

$c25_d.rmse
[1] 0.2845468

$c50_d.ptime
[1] 0.872

$c50_d.time
[1] 1.61

$c50_d.rmse
[1] 0.2204374

$c100_d.ptime
[1] 0.627

$c100_d.time
[1] 2.84

$c100_d.rmse
[1] 0.1847819

$c250_d.ptime
[1] 0.465

$c250_d.time
[1] 10.227

$c250_d.rmse
[1] 0.1448275

$c500_d.ptime
[1] 0.419

$c500_d.time
[1] 35.1

$c500_d.rmse
[1] 0.115207

$s25.ptime
[1] 0.353

$s25.time
[1] 0.001

$s25.rmse
[1] 0.774156

$s50.ptime
[1] 0.766

$s50.time
[1] 0.002

$s50.rmse
[1] 0.6597365

$s100.ptime
[1] 0.842

$s100.time
[1] 0.004

$s100.rmse
[1] 0.5026891

$s250.ptime
[1] 1.466

$s250.time
[1] 0.011

$s250.rmse
[1] 0.3602657

$s500.ptime
[1] 2.171

$s500.time
[1] 0.025

$s500.rmse
[1] 0.2618782

$s1000.ptime
[1] 3.82

$s1000.time
[1] 0.037

$s1000.rmse
[1] 0.1868374

$s2500.ptime
[1] 25.829

$s2500.time
[1] 0.099

$s2500.rmse
[1] 0.1083803

$s5000.ptime
[1] 187.422

$s5000.time
[1] 0.245

$s5000.rmse
[1] 0.07435039

        seed            p    full.time    full.rmse     l25.time     l25.rmse 
    2385.000       10.000        0.553        0.055       12.313        0.188 
    l50.time     l50.rmse    l100.time    l100.rmse    l250.time    l250.rmse 
      11.012        0.159       13.505        0.126       34.081        0.096 
   l500.time    l500.rmse  o25_i.ptime   o25_i.time   o25_i.rmse  o50_i.ptime 
     116.831        0.081        0.302        0.325        0.643        0.210 
  o50_i.time   o50_i.rmse o100_i.ptime  o100_i.time  o100_i.rmse o250_i.ptime 
       0.236        0.533        0.252        0.738        0.430        0.679 
 o250_i.time  o250_i.rmse o500_i.ptime  o500_i.time  o500_i.rmse  o25_d.ptime 
       0.157        0.312        1.840        0.164        0.237        0.646 
  o25_d.time   o25_d.rmse  o50_d.ptime   o50_d.time   o50_d.rmse o100_d.ptime 
       0.778        0.479        0.149        0.861        0.401        0.059 
 o100_d.time  o100_d.rmse o250_d.ptime  o250_d.time  o250_d.rmse o500_d.ptime 
       1.744        0.307        0.031        7.966        0.224        0.030 
 o500_d.time  o500_d.rmse  c25_i.ptime   c25_i.time   c25_i.rmse  c50_i.ptime 
      36.860        0.166        2.033        0.444        0.362        1.160 
  c50_i.time   c50_i.rmse c100_i.ptime  c100_i.time  c100_i.rmse c250_i.ptime 
       0.295        0.295        1.001        0.198        0.244        1.216 
 c250_i.time  c250_i.rmse c500_i.ptime  c500_i.time  c500_i.rmse  c25_d.ptime 
       0.180        0.183        2.484        0.263        0.148        2.275 
  c25_d.time   c25_d.rmse  c50_d.ptime   c50_d.time   c50_d.rmse c100_d.ptime 
       1.451        0.285        0.872        1.610        0.220        0.627 
 c100_d.time  c100_d.rmse c250_d.ptime  c250_d.time  c250_d.rmse c500_d.ptime 
       2.840        0.185        0.465       10.227        0.145        0.419 
 c500_d.time  c500_d.rmse    s25.ptime     s25.time     s25.rmse    s50.ptime 
      35.100        0.115        0.353        0.001        0.774        0.766 
    s50.time     s50.rmse   s100.ptime    s100.time    s100.rmse   s250.ptime 
       0.002        0.660        0.842        0.004        0.503        1.466 
   s250.time    s250.rmse   s500.ptime    s500.time    s500.rmse  s1000.ptime 
       0.011        0.360        2.171        0.025        0.262        3.820 
  s1000.time   s1000.rmse  s2500.ptime   s2500.time   s2500.rmse  s5000.ptime 
       0.037        0.187       25.829        0.099        0.108      187.422 
  s5000.time   s5000.rmse 
       0.245        0.074 
[1] 0.8141025
$full.time
[1] 0.16

$full.rmse
[1] 0.05836348

$full.time
[1] 0.16

$full.rmse
[1] 0.05836348

$l25.time
[1] 6.083

$l25.rmse
[1] 0.1881005

$l50.time
[1] 6.299

$l50.rmse
[1] 0.1563643

$l100.time
[1] 8.417

$l100.rmse
[1] 0.1257822

$l250.time
[1] 24.281

$l250.rmse
[1] 0.09742307

$l500.time
[1] 109.535

$l500.rmse
[1] 0.08487571

$o25_i.ptime
[1] 0.303

$o25_i.time
[1] 0.307

$o25_i.rmse
[1] 0.5859163

$o50_i.ptime
[1] 0.231

$o50_i.time
[1] 0.241

$o50_i.rmse
[1] 0.5225713

$o100_i.ptime
[1] 0.259

$o100_i.time
[1] 0.192

$o100_i.rmse
[1] 0.4324415

$o250_i.ptime
[1] 0.663

$o250_i.time
[1] 0.575

$o250_i.rmse
[1] 0.3142506

$o500_i.ptime
[1] 1.824

$o500_i.time
[1] 0.182

$o500_i.rmse
[1] 0.2503089

$o25_d.ptime
[1] 0.658

$o25_d.time
[1] 0.71

$o25_d.rmse
[1] 0.462627

$o50_d.ptime
[1] 0.15

$o50_d.time
[1] 0.841

$o50_d.rmse
[1] 0.3865911

$o100_d.ptime
[1] 0.07

$o100_d.time
[1] 1.808

$o100_d.rmse
[1] 0.3272925

$o250_d.ptime
[1] 0.044

$o250_d.time
[1] 7.407

$o250_d.rmse
[1] 0.2191562

$o500_d.ptime
[1] 0.031

$o500_d.time
[1] 32.956

$o500_d.rmse
[1] 0.1609182

$c25_i.ptime
[1] 2.123

$c25_i.time
[1] 0.408

$c25_i.rmse
[1] 0.3301543

$c50_i.ptime
[1] 1.212

$c50_i.time
[1] 0.28

$c50_i.rmse
[1] 0.2964411

$c100_i.ptime
[1] 0.847

$c100_i.time
[1] 0.193

$c100_i.rmse
[1] 0.225994

$c250_i.ptime
[1] 1.138

$c250_i.time
[1] 0.173

$c250_i.rmse
[1] 0.1898178

$c500_i.ptime
[1] 2.674

$c500_i.time
[1] 0.187

$c500_i.rmse
[1] 0.1506589

$c25_d.ptime
[1] 2.185

$c25_d.time
[1] 1.309

$c25_d.rmse
[1] 0.2713432

$c50_d.ptime
[1] 1.342

$c50_d.time
[1] 1.499

$c50_d.rmse
[1] 0.2080658

$c100_d.ptime
[1] 0.599

$c100_d.time
[1] 2.797

$c100_d.rmse
[1] 0.1856852

$c250_d.ptime
[1] 0.433

$c250_d.time
[1] 9.424

$c250_d.rmse
[1] 0.1441214

$c500_d.ptime
[1] 0.384

$c500_d.time
[1] 34.616

$c500_d.rmse
[1] 0.1213214

$s25.ptime
[1] 0.655

$s25.time
[1] 0.001

$s25.rmse
[1] 0.6700128

$s50.ptime
[1] 0.506

$s50.time
[1] 0.002

$s50.rmse
[1] 0.5760628

$s100.ptime
[1] 0.609

$s100.time
[1] 0.003

$s100.rmse
[1] 0.4768916

$s250.ptime
[1] 1.13

$s250.time
[1] 0.012

$s250.rmse
[1] 0.3511566

$s500.ptime
[1] 1.909

$s500.time
[1] 0.021

$s500.rmse
[1] 0.265877

$s1000.ptime
[1] 3.822

$s1000.time
[1] 0.042

$s1000.rmse
[1] 0.1831552

$s2500.ptime
[1] 25.263

$s2500.time
[1] 0.097

$s2500.rmse
[1] 0.1069368

$s5000.ptime
[1] 182.887

$s5000.time
[1] 0.315

$s5000.rmse
[1] 0.07577235

        seed            p    full.time    full.rmse     l25.time     l25.rmse 
    2386.000       10.000        0.160        0.058        6.083        0.188 
    l50.time     l50.rmse    l100.time    l100.rmse    l250.time    l250.rmse 
       6.299        0.156        8.417        0.126       24.281        0.097 
   l500.time    l500.rmse  o25_i.ptime   o25_i.time   o25_i.rmse  o50_i.ptime 
     109.535        0.085        0.303        0.307        0.586        0.231 
  o50_i.time   o50_i.rmse o100_i.ptime  o100_i.time  o100_i.rmse o250_i.ptime 
       0.241        0.523        0.259        0.192        0.432        0.663 
 o250_i.time  o250_i.rmse o500_i.ptime  o500_i.time  o500_i.rmse  o25_d.ptime 
       0.575        0.314        1.824        0.182        0.250        0.658 
  o25_d.time   o25_d.rmse  o50_d.ptime   o50_d.time   o50_d.rmse o100_d.ptime 
       0.710        0.463        0.150        0.841        0.387        0.070 
 o100_d.time  o100_d.rmse o250_d.ptime  o250_d.time  o250_d.rmse o500_d.ptime 
       1.808        0.327        0.044        7.407        0.219        0.031 
 o500_d.time  o500_d.rmse  c25_i.ptime   c25_i.time   c25_i.rmse  c50_i.ptime 
      32.956        0.161        2.123        0.408        0.330        1.212 
  c50_i.time   c50_i.rmse c100_i.ptime  c100_i.time  c100_i.rmse c250_i.ptime 
       0.280        0.296        0.847        0.193        0.226        1.138 
 c250_i.time  c250_i.rmse c500_i.ptime  c500_i.time  c500_i.rmse  c25_d.ptime 
       0.173        0.190        2.674        0.187        0.151        2.185 
  c25_d.time   c25_d.rmse  c50_d.ptime   c50_d.time   c50_d.rmse c100_d.ptime 
       1.309        0.271        1.342        1.499        0.208        0.599 
 c100_d.time  c100_d.rmse c250_d.ptime  c250_d.time  c250_d.rmse c500_d.ptime 
       2.797        0.186        0.433        9.424        0.144        0.384 
 c500_d.time  c500_d.rmse    s25.ptime     s25.time     s25.rmse    s50.ptime 
      34.616        0.121        0.655        0.001        0.670        0.506 
    s50.time     s50.rmse   s100.ptime    s100.time    s100.rmse   s250.ptime 
       0.002        0.576        0.609        0.003        0.477        1.130 
   s250.time    s250.rmse   s500.ptime    s500.time    s500.rmse  s1000.ptime 
       0.012        0.351        1.909        0.021        0.266        3.822 
  s1000.time   s1000.rmse  s2500.ptime   s2500.time   s2500.rmse  s5000.ptime 
       0.042        0.183       25.263        0.097        0.107      182.887 
  s5000.time   s5000.rmse 
       0.315        0.076 
[1] 0.9114809
$full.time
[1] 0.168

$full.rmse
[1] 0.05762523

$full.time
[1] 0.168

$full.rmse
[1] 0.05762523

$l25.time
[1] 5.851

$l25.rmse
[1] 0.1821447

$l50.time
[1] 6.181

$l50.rmse
[1] 0.1494264

$l100.time
[1] 8.101

$l100.rmse
[1] 0.1203268

$l250.time
[1] 22.678

$l250.rmse
[1] 0.09158863

$l500.time
[1] 109.098

$l500.rmse
[1] 0.07842669

$o25_i.ptime
[1] 0.305

$o25_i.time
[1] 0.314

$o25_i.rmse
[1] 0.6295392

$o50_i.ptime
[1] 0.21

$o50_i.time
[1] 0.224

$o50_i.rmse
[1] 0.5460509

$o100_i.ptime
[1] 0.261

$o100_i.time
[1] 0.188

$o100_i.rmse
[1] 0.464756

$o250_i.ptime
[1] 1.099

$o250_i.time
[1] 0.18

$o250_i.rmse
[1] 0.3342099

$o500_i.ptime
[1] 1.874

$o500_i.time
[1] 0.185

$o500_i.rmse
[1] 0.2505412

$o25_d.ptime
[1] 0.662

$o25_d.time
[1] 0.737

$o25_d.rmse
[1] 0.5004539

$o50_d.ptime
[1] 0.16

$o50_d.time
[1] 0.931

$o50_d.rmse
[1] 0.4327963

$o100_d.ptime
[1] 0.06

$o100_d.time
[1] 1.706

$o100_d.rmse
[1] 0.3460421

$o250_d.ptime
[1] 0.034

$o250_d.time
[1] 7.199

$o250_d.rmse
[1] 0.2244939

$o500_d.ptime
[1] 0.097

$o500_d.time
[1] 33.488

$o500_d.rmse
[1] 0.1618138

$c25_i.ptime
[1] 2.076

$c25_i.time
[1] 0.422

$c25_i.rmse
[1] 0.3455696

$c50_i.ptime
[1] 1.142

$c50_i.time
[1] 0.313

$c50_i.rmse
[1] 0.2771475

$c100_i.ptime
[1] 1.09

$c100_i.time
[1] 0.246

$c100_i.rmse
[1] 0.2343869

$c250_i.ptime
[1] 1.173

$c250_i.time
[1] 0.242

$c250_i.rmse
[1] 0.1799619

$c500_i.ptime
[1] 2.636

$c500_i.time
[1] 0.243

$c500_i.rmse
[1] 0.1448823

$c25_d.ptime
[1] 2.16

$c25_d.time
[1] 1.396

$c25_d.rmse
[1] 0.2733348

$c50_d.ptime
[1] 1.159

$c50_d.time
[1] 1.453

$c50_d.rmse
[1] 0.2264174

$c100_d.ptime
[1] 0.866

$c100_d.time
[1] 2.804

$c100_d.rmse
[1] 0.184433

$c250_d.ptime
[1] 0.459

$c250_d.time
[1] 8.942

$c250_d.rmse
[1] 0.1414291

$c500_d.ptime
[1] 0.4

$c500_d.time
[1] 35.169

$c500_d.rmse
[1] 0.1168068

$s25.ptime
[1] 0.49

$s25.time
[1] 0.001

$s25.rmse
[1] 0.6665181

$s50.ptime
[1] 0.554

$s50.time
[1] 0.002

$s50.rmse
[1] 0.6021407

$s100.ptime
[1] 0.861

$s100.time
[1] 0.003

$s100.rmse
[1] 0.5261118

$s250.ptime
[1] 1.593

$s250.time
[1] 0.011

$s250.rmse
[1] 0.3716355

$s500.ptime
[1] 2.084

$s500.time
[1] 0.022

$s500.rmse
[1] 0.2573408

$s1000.ptime
[1] 3.693

$s1000.time
[1] 0.037

$s1000.rmse
[1] 0.1759877

$s2500.ptime
[1] 20.19

$s2500.time
[1] 0.095

$s2500.rmse
[1] 0.1090127

$s5000.ptime
[1] 149.292

$s5000.time
[1] 0.29

$s5000.rmse
[1] 0.07703459

        seed            p    full.time    full.rmse     l25.time     l25.rmse 
    2387.000       10.000        0.168        0.058        5.851        0.182 
    l50.time     l50.rmse    l100.time    l100.rmse    l250.time    l250.rmse 
       6.181        0.149        8.101        0.120       22.678        0.092 
   l500.time    l500.rmse  o25_i.ptime   o25_i.time   o25_i.rmse  o50_i.ptime 
     109.098        0.078        0.305        0.314        0.630        0.210 
  o50_i.time   o50_i.rmse o100_i.ptime  o100_i.time  o100_i.rmse o250_i.ptime 
       0.224        0.546        0.261        0.188        0.465        1.099 
 o250_i.time  o250_i.rmse o500_i.ptime  o500_i.time  o500_i.rmse  o25_d.ptime 
       0.180        0.334        1.874        0.185        0.251        0.662 
  o25_d.time   o25_d.rmse  o50_d.ptime   o50_d.time   o50_d.rmse o100_d.ptime 
       0.737        0.500        0.160        0.931        0.433        0.060 
 o100_d.time  o100_d.rmse o250_d.ptime  o250_d.time  o250_d.rmse o500_d.ptime 
       1.706        0.346        0.034        7.199        0.224        0.097 
 o500_d.time  o500_d.rmse  c25_i.ptime   c25_i.time   c25_i.rmse  c50_i.ptime 
      33.488        0.162        2.076        0.422        0.346        1.142 
  c50_i.time   c50_i.rmse c100_i.ptime  c100_i.time  c100_i.rmse c250_i.ptime 
       0.313        0.277        1.090        0.246        0.234        1.173 
 c250_i.time  c250_i.rmse c500_i.ptime  c500_i.time  c500_i.rmse  c25_d.ptime 
       0.242        0.180        2.636        0.243        0.145        2.160 
  c25_d.time   c25_d.rmse  c50_d.ptime   c50_d.time   c50_d.rmse c100_d.ptime 
       1.396        0.273        1.159        1.453        0.226        0.866 
 c100_d.time  c100_d.rmse c250_d.ptime  c250_d.time  c250_d.rmse c500_d.ptime 
       2.804        0.184        0.459        8.942        0.141        0.400 
 c500_d.time  c500_d.rmse    s25.ptime     s25.time     s25.rmse    s50.ptime 
      35.169        0.117        0.490        0.001        0.667        0.554 
    s50.time     s50.rmse   s100.ptime    s100.time    s100.rmse   s250.ptime 
       0.002        0.602        0.861        0.003        0.526        1.593 
   s250.time    s250.rmse   s500.ptime    s500.time    s500.rmse  s1000.ptime 
       0.011        0.372        2.084        0.022        0.257        3.693 
  s1000.time   s1000.rmse  s2500.ptime   s2500.time   s2500.rmse  s5000.ptime 
       0.037        0.176       20.190        0.095        0.109      149.292 
  s5000.time   s5000.rmse 
       0.290        0.077 
[1] 0.7540361
$full.time
[1] 0.122

$full.rmse
[1] 0.05765937

$full.time
[1] 0.122

$full.rmse
[1] 0.05765937

$l25.time
[1] 5.356

$l25.rmse
[1] 0.1876215

$l50.time
[1] 5.626

$l50.rmse
[1] 0.1600293

$l100.time
[1] 7.607

$l100.rmse
[1] 0.128119

$l250.time
[1] 21.235

$l250.rmse
[1] 0.100565

$l500.time
[1] 105.572

$l500.rmse
[1] 0.08230749

$o25_i.ptime
[1] 0.296

$o25_i.time
[1] 0.327

$o25_i.rmse
[1] 0.5834472

$o50_i.ptime
[1] 0.208

$o50_i.time
[1] 0.636

$o50_i.rmse
[1] 0.5215016

$o100_i.ptime
[1] 0.256

$o100_i.time
[1] 0.199

$o100_i.rmse
[1] 0.4483865

$o250_i.ptime
[1] 0.69

$o250_i.time
[1] 0.176

$o250_i.rmse
[1] 0.3399612

$o500_i.ptime
[1] 1.822

$o500_i.time
[1] 0.172

$o500_i.rmse
[1] 0.2504659

$o25_d.ptime
[1] 0.644

$o25_d.time
[1] 0.616

$o25_d.rmse
[1] 0.4869485

$o50_d.ptime
[1] 0.157

$o50_d.time
[1] 0.844

$o50_d.rmse
[1] 0.3944321

$o100_d.ptime
[1] 0.058

$o100_d.time
[1] 1.727

$o100_d.rmse
[1] 0.3275504

$o250_d.ptime
[1] 0.042

$o250_d.time
[1] 7.89

$o250_d.rmse
[1] 0.2261049

$o500_d.ptime
[1] 0.097

$o500_d.time
[1] 36.448

$o500_d.rmse
[1] 0.1685305

$c25_i.ptime
[1] 1.779

$c25_i.time
[1] 0.449

$c25_i.rmse
[1] 0.3282325

$c50_i.ptime
[1] 1.139

$c50_i.time
[1] 0.312

$c50_i.rmse
[1] 0.2844609

$c100_i.ptime
[1] 0.996

$c100_i.time
[1] 0.287

$c100_i.rmse
[1] 0.2325798

$c250_i.ptime
[1] 1.375

$c250_i.time
[1] 0.237

$c250_i.rmse
[1] 0.1773139

$c500_i.ptime
[1] 2.644

$c500_i.time
[1] 0.255

$c500_i.rmse
[1] 0.1533617

$c25_d.ptime
[1] 1.953

$c25_d.time
[1] 1.583

$c25_d.rmse
[1] 0.2730615

$c50_d.ptime
[1] 1.014

$c50_d.time
[1] 1.692

$c50_d.rmse
[1] 0.2181363

$c100_d.ptime
[1] 0.726

$c100_d.time
[1] 2.709

$c100_d.rmse
[1] 0.1908369

$c250_d.ptime
[1] 0.453

$c250_d.time
[1] 8.435

$c250_d.rmse
[1] 0.1516587

$c500_d.ptime
[1] 0.311

$c500_d.time
[1] 36.587

$c500_d.rmse
[1] 0.127784

$s25.ptime
[1] 0.438

$s25.time
[1] 0.001

$s25.rmse
[1] 0.7028992

$s50.ptime
[1] 0.466

$s50.time
[1] 0.002

$s50.rmse
[1] 0.5885475

$s100.ptime
[1] 0.804

$s100.time
[1] 0.005

$s100.rmse
[1] 0.4912804

$s250.ptime
[1] 1.276

$s250.time
[1] 0.011

$s250.rmse
[1] 0.375361

$s500.ptime
[1] 1.915

$s500.time
[1] 0.018

$s500.rmse
[1] 0.2561719

$s1000.ptime
[1] 3.646

$s1000.time
[1] 0.046

$s1000.rmse
[1] 0.1848608

$s2500.ptime
[1] 18.781

$s2500.time
[1] 0.091

$s2500.rmse
[1] 0.115233

$s5000.ptime
[1] 151.058

$s5000.time
[1] 0.227

$s5000.rmse
[1] 0.0753219

        seed            p    full.time    full.rmse     l25.time     l25.rmse 
    2388.000       10.000        0.122        0.058        5.356        0.188 
    l50.time     l50.rmse    l100.time    l100.rmse    l250.time    l250.rmse 
       5.626        0.160        7.607        0.128       21.235        0.101 
   l500.time    l500.rmse  o25_i.ptime   o25_i.time   o25_i.rmse  o50_i.ptime 
     105.572        0.082        0.296        0.327        0.583        0.208 
  o50_i.time   o50_i.rmse o100_i.ptime  o100_i.time  o100_i.rmse o250_i.ptime 
       0.636        0.522        0.256        0.199        0.448        0.690 
 o250_i.time  o250_i.rmse o500_i.ptime  o500_i.time  o500_i.rmse  o25_d.ptime 
       0.176        0.340        1.822        0.172        0.250        0.644 
  o25_d.time   o25_d.rmse  o50_d.ptime   o50_d.time   o50_d.rmse o100_d.ptime 
       0.616        0.487        0.157        0.844        0.394        0.058 
 o100_d.time  o100_d.rmse o250_d.ptime  o250_d.time  o250_d.rmse o500_d.ptime 
       1.727        0.328        0.042        7.890        0.226        0.097 
 o500_d.time  o500_d.rmse  c25_i.ptime   c25_i.time   c25_i.rmse  c50_i.ptime 
      36.448        0.169        1.779        0.449        0.328        1.139 
  c50_i.time   c50_i.rmse c100_i.ptime  c100_i.time  c100_i.rmse c250_i.ptime 
       0.312        0.284        0.996        0.287        0.233        1.375 
 c250_i.time  c250_i.rmse c500_i.ptime  c500_i.time  c500_i.rmse  c25_d.ptime 
       0.237        0.177        2.644        0.255        0.153        1.953 
  c25_d.time   c25_d.rmse  c50_d.ptime   c50_d.time   c50_d.rmse c100_d.ptime 
       1.583        0.273        1.014        1.692        0.218        0.726 
 c100_d.time  c100_d.rmse c250_d.ptime  c250_d.time  c250_d.rmse c500_d.ptime 
       2.709        0.191        0.453        8.435        0.152        0.311 
 c500_d.time  c500_d.rmse    s25.ptime     s25.time     s25.rmse    s50.ptime 
      36.587        0.128        0.438        0.001        0.703        0.466 
    s50.time     s50.rmse   s100.ptime    s100.time    s100.rmse   s250.ptime 
       0.002        0.589        0.804        0.005        0.491        1.276 
   s250.time    s250.rmse   s500.ptime    s500.time    s500.rmse  s1000.ptime 
       0.011        0.375        1.915        0.018        0.256        3.646 
  s1000.time   s1000.rmse  s2500.ptime   s2500.time   s2500.rmse  s5000.ptime 
       0.046        0.185       18.781        0.091        0.115      151.058 
  s5000.time   s5000.rmse 
       0.227        0.075 
  seed  p full.time  full.rmse l25.time  l25.rmse l50.time  l50.rmse l100.time
1 2384 10     0.221 0.05618499   10.766 0.1863409    7.981 0.1544401    10.569
2 2385 10     0.553 0.05518263   12.313 0.1878320   11.012 0.1588224    13.505
3 2386 10     0.160 0.05836348    6.083 0.1881005    6.299 0.1563643     8.417
4 2387 10     0.168 0.05762523    5.851 0.1821447    6.181 0.1494264     8.101
5 2388 10     0.122 0.05765937    5.356 0.1876215    5.626 0.1600293     7.607
  l100.rmse l250.time  l250.rmse l500.time  l500.rmse o25_i.ptime o25_i.time
1 0.1222561    25.220 0.09184594   111.101 0.07865577       0.294      0.305
2 0.1257383    34.081 0.09577567   116.831 0.08052940       0.302      0.325
3 0.1257822    24.281 0.09742307   109.535 0.08487571       0.303      0.307
4 0.1203268    22.678 0.09158863   109.098 0.07842669       0.305      0.314
5 0.1281190    21.235 0.10056495   105.572 0.08230749       0.296      0.327
  o25_i.rmse o50_i.ptime o50_i.time o50_i.rmse o100_i.ptime o100_i.time
1  0.5692484       0.657      0.208  0.5200898        0.254       0.173
2  0.6428767       0.210      0.236  0.5330252        0.252       0.738
3  0.5859163       0.231      0.241  0.5225713        0.259       0.192
4  0.6295392       0.210      0.224  0.5460509        0.261       0.188
5  0.5834472       0.208      0.636  0.5215016        0.256       0.199
  o100_i.rmse o250_i.ptime o250_i.time o250_i.rmse o500_i.ptime o500_i.time
1   0.4281252        0.698       0.160   0.3270877        1.926       0.188
2   0.4296400        0.679       0.157   0.3119636        1.840       0.164
3   0.4324415        0.663       0.575   0.3142506        1.824       0.182
4   0.4647560        1.099       0.180   0.3342099        1.874       0.185
5   0.4483865        0.690       0.176   0.3399612        1.822       0.172
  o500_i.rmse o25_d.ptime o25_d.time o25_d.rmse o50_d.ptime o50_d.time
1   0.2481951       0.651      0.666  0.4692488       0.154      0.888
2   0.2372368       0.646      0.778  0.4789187       0.149      0.861
3   0.2503089       0.658      0.710  0.4626270       0.150      0.841
4   0.2505412       0.662      0.737  0.5004539       0.160      0.931
5   0.2504659       0.644      0.616  0.4869485       0.157      0.844
  o50_d.rmse o100_d.ptime o100_d.time o100_d.rmse o250_d.ptime o250_d.time
1  0.4125618        0.058       1.799   0.3185802        0.033       8.090
2  0.4011916        0.059       1.744   0.3068391        0.031       7.966
3  0.3865911        0.070       1.808   0.3272925        0.044       7.407
4  0.4327963        0.060       1.706   0.3460421        0.034       7.199
5  0.3944321        0.058       1.727   0.3275504        0.042       7.890
  o250_d.rmse o500_d.ptime o500_d.time o500_d.rmse c25_i.ptime c25_i.time
1   0.2220878        0.136      61.769   0.1699477       2.194      0.446
2   0.2243698        0.030      36.860   0.1657015       2.033      0.444
3   0.2191562        0.031      32.956   0.1609182       2.123      0.408
4   0.2244939        0.097      33.488   0.1618138       2.076      0.422
5   0.2261049        0.097      36.448   0.1685305       1.779      0.449
  c25_i.rmse c50_i.ptime c50_i.time c50_i.rmse c100_i.ptime c100_i.time
1  0.3287185       1.021      0.243  0.2881094        0.870       0.203
2  0.3617949       1.160      0.295  0.2954477        1.001       0.198
3  0.3301543       1.212      0.280  0.2964411        0.847       0.193
4  0.3455696       1.142      0.313  0.2771475        1.090       0.246
5  0.3282325       1.139      0.312  0.2844609        0.996       0.287
  c100_i.rmse c250_i.ptime c250_i.time c250_i.rmse c500_i.ptime c500_i.time
1   0.2355780        1.422       0.182   0.1824314        3.216       0.214
2   0.2438954        1.216       0.180   0.1826451        2.484       0.263
3   0.2259940        1.138       0.173   0.1898178        2.674       0.187
4   0.2343869        1.173       0.242   0.1799619        2.636       0.243
5   0.2325798        1.375       0.237   0.1773139        2.644       0.255
  c500_i.rmse c25_d.ptime c25_d.time c25_d.rmse c50_d.ptime c50_d.time
1   0.1488888       2.504      1.615  0.2749413       0.957      1.883
2   0.1476390       2.275      1.451  0.2845468       0.872      1.610
3   0.1506589       2.185      1.309  0.2713432       1.342      1.499
4   0.1448823       2.160      1.396  0.2733348       1.159      1.453
5   0.1533617       1.953      1.583  0.2730615       1.014      1.692
  c50_d.rmse c100_d.ptime c100_d.time c100_d.rmse c250_d.ptime c250_d.time
1  0.2241069        0.930       3.648   0.1913763        0.804      10.183
2  0.2204374        0.627       2.840   0.1847819        0.465      10.227
3  0.2080658        0.599       2.797   0.1856852        0.433       9.424
4  0.2264174        0.866       2.804   0.1844330        0.459       8.942
5  0.2181363        0.726       2.709   0.1908369        0.453       8.435
  c250_d.rmse c500_d.ptime c500_d.time c500_d.rmse s25.ptime s25.time  s25.rmse
1   0.1474072        0.299      85.249   0.1143689     0.678    0.002 0.6516728
2   0.1448275        0.419      35.100   0.1152070     0.353    0.001 0.7741560
3   0.1441214        0.384      34.616   0.1213214     0.655    0.001 0.6700128
4   0.1414291        0.400      35.169   0.1168068     0.490    0.001 0.6665181
5   0.1516587        0.311      36.587   0.1277840     0.438    0.001 0.7028992
  s50.ptime s50.time  s50.rmse s100.ptime s100.time s100.rmse s250.ptime
1     0.498    0.002 0.5608473      0.952     0.011 0.4594790      1.729
2     0.766    0.002 0.6597365      0.842     0.004 0.5026891      1.466
3     0.506    0.002 0.5760628      0.609     0.003 0.4768916      1.130
4     0.554    0.002 0.6021407      0.861     0.003 0.5261118      1.593
5     0.466    0.002 0.5885475      0.804     0.005 0.4912804      1.276
  s250.time s250.rmse s500.ptime s500.time s500.rmse s1000.ptime s1000.time
1     0.023 0.3151370      2.499     0.038 0.2402751       4.963      0.109
2     0.011 0.3602657      2.171     0.025 0.2618782       3.820      0.037
3     0.012 0.3511566      1.909     0.021 0.2658770       3.822      0.042
4     0.011 0.3716355      2.084     0.022 0.2573408       3.693      0.037
5     0.011 0.3753610      1.915     0.018 0.2561719       3.646      0.046
  s1000.rmse s2500.ptime s2500.time s2500.rmse s5000.ptime s5000.time
1  0.1791437      54.722      0.154  0.1073987     928.110      0.579
2  0.1868374      25.829      0.099  0.1083803     187.422      0.245
3  0.1831552      25.263      0.097  0.1069368     182.887      0.315
4  0.1759877      20.190      0.095  0.1090127     149.292      0.290
5  0.1848608      18.781      0.091  0.1152330     151.058      0.227
  s5000.rmse
1 0.07071884
2 0.07435039
3 0.07577235
4 0.07703459
5 0.07532190
> 
> proc.time()
    user   system  elapsed 
5304.170   64.482 5499.408 
