
R version 3.0.3 (2014-03-06) -- "Warm Puppy"
Copyright (C) 2014 The R Foundation for Statistical Computing
Platform: x86_64-unknown-linux-gnu (64-bit)

R is free software and comes with ABSOLUTELY NO WARRANTY.
You are welcome to redistribute it under certain conditions.
Type 'license()' or 'licence()' for distribution details.

  Natural language support but running in an English locale

R is a collaborative project with many contributors.
Type 'contributors()' for more information and
'citation()' on how to cite R or R packages in publications.

Type 'demo()' for some demos, 'help()' for on-line help, or
'help.start()' for an HTML browser interface to help.
Type 'q()' to quit R.

> print(.libPaths())
[1] "/usr/local/r-3.0.3/lib64/R/library"
> .libPaths("/mnt/home/rjparker/Rlib")
> print(.libPaths())
[1] "/mnt/home/rjparker/Rlib"            "/usr/local/r-3.0.3/lib64/R/library"
> setwd("/mnt/home/rjparker/git/block_int")
> 
> which_exp <- 5
> which_part <- 3
> source("R/sim_nblocks_pred.R")
Loading required package: spam
Loading required package: grid
Spam version 0.41-0 (2014-02-26) is loaded.
Type 'help( Spam)' or 'demo( spam)' for a short introduction 
and overview of this package.
Help for individual functions is also obtained by adding the
suffix '.spam' to the function name, e.g. 'help( chol.spam)'.

Attaching package: ‘spam’

The following objects are masked from ‘package:base’:

    backsolve, forwardsolve

Loading required package: maps
  pred  p   b tau Nper_p Npred Fzero sigma2
5 TRUE 10 1.5  10  10000  1000     0      1
[1] 0.7533758
$full.time
[1] 0.1

$full.rmse
[1] 0.05654016

$full.time
[1] 0.1

$full.rmse
[1] 0.05654016

$l25.time
[1] 3.371

$l25.rmse
[1] 0.1888476

$l50.time
[1] 3.08

$l50.rmse
[1] 0.1567081

$l100.time
[1] 5.163

$l100.rmse
[1] 0.124841

$l250.time
[1] 17.579

$l250.rmse
[1] 0.0944215

$l500.time
[1] 80.716

$l500.rmse
[1] 0.07873095

$o25_i.ptime
[1] 0.187

$o25_i.time
[1] 0.193

$o25_i.rmse
[1] 0.5696493

$o50_i.ptime
[1] 0.439

$o50_i.time
[1] 0.128

$o50_i.rmse
[1] 0.50874

$o100_i.ptime
[1] 0.167

$o100_i.time
[1] 0.106

$o100_i.rmse
[1] 0.4442932

$o250_i.ptime
[1] 0.476

$o250_i.time
[1] 0.095

$o250_i.rmse
[1] 0.3066608

$o500_i.ptime
[1] 1.287

$o500_i.time
[1] 0.114

$o500_i.rmse
[1] 0.257753

$o25_d.ptime
[1] 0.532

$o25_d.time
[1] 0.445

$o25_d.rmse
[1] 0.4768149

$o50_d.ptime
[1] 0.12

$o50_d.time
[1] 0.594

$o50_d.rmse
[1] 0.3972342

$o100_d.ptime
[1] 0.044

$o100_d.time
[1] 1.446

$o100_d.rmse
[1] 0.3187936

$o250_d.ptime
[1] 0.023

$o250_d.time
[1] 6.117

$o250_d.rmse
[1] 0.2199593

$o500_d.ptime
[1] 0.021

$o500_d.time
[1] 27.654

$o500_d.rmse
[1] 0.1658833

$c25_i.ptime
[1] 1.365

$c25_i.time
[1] 0.213

$c25_i.rmse
[1] 0.3376454

$c50_i.ptime
[1] 0.722

$c50_i.time
[1] 0.142

$c50_i.rmse
[1] 0.2825693

$c100_i.ptime
[1] 0.686

$c100_i.time
[1] 0.119

$c100_i.rmse
[1] 0.2348404

$c250_i.ptime
[1] 0.843

$c250_i.time
[1] 0.116

$c250_i.rmse
[1] 0.1840761

$c500_i.ptime
[1] 1.758

$c500_i.time
[1] 0.151

$c500_i.rmse
[1] 0.159207

$c25_d.ptime
[1] 1.978

$c25_d.time
[1] 1.109

$c25_d.rmse
[1] 0.273355

$c50_d.ptime
[1] 0.968

$c50_d.time
[1] 0.984

$c50_d.rmse
[1] 0.2162323

$c100_d.ptime
[1] 0.646

$c100_d.time
[1] 1.946

$c100_d.rmse
[1] 0.1886712

$c250_d.ptime
[1] 0.372

$c250_d.time
[1] 6.619

$c250_d.rmse
[1] 0.1441499

$c500_d.ptime
[1] 0.477

$c500_d.time
[1] 27.028

$c500_d.rmse
[1] 0.1144307

$s25.ptime
[1] 0.46

$s25.time
[1] 0.001

$s25.rmse
[1] 0.7655862

$s50.ptime
[1] 0.333

$s50.time
[1] 0.002

$s50.rmse
[1] 0.5192528

$s100.ptime
[1] 0.537

$s100.time
[1] 0.003

$s100.rmse
[1] 0.4645439

$s250.ptime
[1] 1.011

$s250.time
[1] 0.006

$s250.rmse
[1] 0.33904

$s500.ptime
[1] 1.649

$s500.time
[1] 0.016

$s500.rmse
[1] 0.2505821

$s1000.ptime
[1] 3.021

$s1000.time
[1] 0.03

$s1000.rmse
[1] 0.1790708

$s2500.ptime
[1] 20.732

$s2500.time
[1] 0.07

$s2500.rmse
[1] 0.1108917

$s5000.ptime
[1] 175.87

$s5000.time
[1] 0.184

$s5000.rmse
[1] 0.07625993

        seed            p    full.time    full.rmse     l25.time     l25.rmse 
    2394.000       10.000        0.100        0.057        3.371        0.189 
    l50.time     l50.rmse    l100.time    l100.rmse    l250.time    l250.rmse 
       3.080        0.157        5.163        0.125       17.579        0.094 
   l500.time    l500.rmse  o25_i.ptime   o25_i.time   o25_i.rmse  o50_i.ptime 
      80.716        0.079        0.187        0.193        0.570        0.439 
  o50_i.time   o50_i.rmse o100_i.ptime  o100_i.time  o100_i.rmse o250_i.ptime 
       0.128        0.509        0.167        0.106        0.444        0.476 
 o250_i.time  o250_i.rmse o500_i.ptime  o500_i.time  o500_i.rmse  o25_d.ptime 
       0.095        0.307        1.287        0.114        0.258        0.532 
  o25_d.time   o25_d.rmse  o50_d.ptime   o50_d.time   o50_d.rmse o100_d.ptime 
       0.445        0.477        0.120        0.594        0.397        0.044 
 o100_d.time  o100_d.rmse o250_d.ptime  o250_d.time  o250_d.rmse o500_d.ptime 
       1.446        0.319        0.023        6.117        0.220        0.021 
 o500_d.time  o500_d.rmse  c25_i.ptime   c25_i.time   c25_i.rmse  c50_i.ptime 
      27.654        0.166        1.365        0.213        0.338        0.722 
  c50_i.time   c50_i.rmse c100_i.ptime  c100_i.time  c100_i.rmse c250_i.ptime 
       0.142        0.283        0.686        0.119        0.235        0.843 
 c250_i.time  c250_i.rmse c500_i.ptime  c500_i.time  c500_i.rmse  c25_d.ptime 
       0.116        0.184        1.758        0.151        0.159        1.978 
  c25_d.time   c25_d.rmse  c50_d.ptime   c50_d.time   c50_d.rmse c100_d.ptime 
       1.109        0.273        0.968        0.984        0.216        0.646 
 c100_d.time  c100_d.rmse c250_d.ptime  c250_d.time  c250_d.rmse c500_d.ptime 
       1.946        0.189        0.372        6.619        0.144        0.477 
 c500_d.time  c500_d.rmse    s25.ptime     s25.time     s25.rmse    s50.ptime 
      27.028        0.114        0.460        0.001        0.766        0.333 
    s50.time     s50.rmse   s100.ptime    s100.time    s100.rmse   s250.ptime 
       0.002        0.519        0.537        0.003        0.465        1.011 
   s250.time    s250.rmse   s500.ptime    s500.time    s500.rmse  s1000.ptime 
       0.006        0.339        1.649        0.016        0.251        3.021 
  s1000.time   s1000.rmse  s2500.ptime   s2500.time   s2500.rmse  s5000.ptime 
       0.030        0.179       20.732        0.070        0.111      175.870 
  s5000.time   s5000.rmse 
       0.184        0.076 
[1] 0.8592845
$full.time
[1] 0.097

$full.rmse
[1] 0.06017549

$full.time
[1] 0.097

$full.rmse
[1] 0.06017549

$l25.time
[1] 3.429

$l25.rmse
[1] 0.1947008

$l50.time
[1] 3.23

$l50.rmse
[1] 0.1592954

$l100.time
[1] 5.142

$l100.rmse
[1] 0.1273826

$l250.time
[1] 21.508

$l250.rmse
[1] 0.09677456

$l500.time
[1] 89.823

$l500.rmse
[1] 0.08308761

$o25_i.ptime
[1] 0.251

$o25_i.time
[1] 0.23

$o25_i.rmse
[1] 0.5909576

$o50_i.ptime
[1] 0.189

$o50_i.time
[1] 0.167

$o50_i.rmse
[1] 0.5151833

$o100_i.ptime
[1] 0.224

$o100_i.time
[1] 0.561

$o100_i.rmse
[1] 0.4491956

$o250_i.ptime
[1] 0.604

$o250_i.time
[1] 0.127

$o250_i.rmse
[1] 0.3353844

$o500_i.ptime
[1] 1.958

$o500_i.time
[1] 0.144

$o500_i.rmse
[1] 0.2522247

$o25_d.ptime
[1] 0.581

$o25_d.time
[1] 0.511

$o25_d.rmse
[1] 0.4711473

$o50_d.ptime
[1] 0.129

$o50_d.time
[1] 0.633

$o50_d.rmse
[1] 0.4144103

$o100_d.ptime
[1] 0.046

$o100_d.time
[1] 1.606

$o100_d.rmse
[1] 0.330682

$o250_d.ptime
[1] 0.025

$o250_d.time
[1] 5.61

$o250_d.rmse
[1] 0.225765

$o500_d.ptime
[1] 0.019

$o500_d.time
[1] 24.889

$o500_d.rmse
[1] 0.1718492

$c25_i.ptime
[1] 1.539

$c25_i.time
[1] 0.239

$c25_i.rmse
[1] 0.3604634

$c50_i.ptime
[1] 0.965

$c50_i.time
[1] 0.16

$c50_i.rmse
[1] 0.2786623

$c100_i.ptime
[1] 0.7

$c100_i.time
[1] 0.136

$c100_i.rmse
[1] 0.2469554

$c250_i.ptime
[1] 0.938

$c250_i.time
[1] 0.133

$c250_i.rmse
[1] 0.1995908

$c500_i.ptime
[1] 1.608

$c500_i.time
[1] 0.12

$c500_i.rmse
[1] 0.157271

$c25_d.ptime
[1] 1.767

$c25_d.time
[1] 0.8

$c25_d.rmse
[1] 0.2929925

$c50_d.ptime
[1] 0.915

$c50_d.time
[1] 0.947

$c50_d.rmse
[1] 0.2284013

$c100_d.ptime
[1] 0.567

$c100_d.time
[1] 1.856

$c100_d.rmse
[1] 0.1936541

$c250_d.ptime
[1] 0.26

$c250_d.time
[1] 6.584

$c250_d.rmse
[1] 0.1430304

$c500_d.ptime
[1] 0.284

$c500_d.time
[1] 27.359

$c500_d.rmse
[1] 0.1196788

$s25.ptime
[1] 0.349

$s25.time
[1] 0.001

$s25.rmse
[1] 0.6966894

$s50.ptime
[1] 0.542

$s50.time
[1] 0.001

$s50.rmse
[1] 0.6175504

$s100.ptime
[1] 0.707

$s100.time
[1] 0.002

$s100.rmse
[1] 0.4764685

$s250.ptime
[1] 1.148

$s250.time
[1] 0.006

$s250.rmse
[1] 0.34615

$s500.ptime
[1] 1.509

$s500.time
[1] 0.015

$s500.rmse
[1] 0.2716949

$s1000.ptime
[1] 2.649

$s1000.time
[1] 0.03

$s1000.rmse
[1] 0.1850424

$s2500.ptime
[1] 16.382

$s2500.time
[1] 0.089

$s2500.rmse
[1] 0.1076542

$s5000.ptime
[1] 197.394

$s5000.time
[1] 0.161

$s5000.rmse
[1] 0.07675893

        seed            p    full.time    full.rmse     l25.time     l25.rmse 
    2395.000       10.000        0.097        0.060        3.429        0.195 
    l50.time     l50.rmse    l100.time    l100.rmse    l250.time    l250.rmse 
       3.230        0.159        5.142        0.127       21.508        0.097 
   l500.time    l500.rmse  o25_i.ptime   o25_i.time   o25_i.rmse  o50_i.ptime 
      89.823        0.083        0.251        0.230        0.591        0.189 
  o50_i.time   o50_i.rmse o100_i.ptime  o100_i.time  o100_i.rmse o250_i.ptime 
       0.167        0.515        0.224        0.561        0.449        0.604 
 o250_i.time  o250_i.rmse o500_i.ptime  o500_i.time  o500_i.rmse  o25_d.ptime 
       0.127        0.335        1.958        0.144        0.252        0.581 
  o25_d.time   o25_d.rmse  o50_d.ptime   o50_d.time   o50_d.rmse o100_d.ptime 
       0.511        0.471        0.129        0.633        0.414        0.046 
 o100_d.time  o100_d.rmse o250_d.ptime  o250_d.time  o250_d.rmse o500_d.ptime 
       1.606        0.331        0.025        5.610        0.226        0.019 
 o500_d.time  o500_d.rmse  c25_i.ptime   c25_i.time   c25_i.rmse  c50_i.ptime 
      24.889        0.172        1.539        0.239        0.360        0.965 
  c50_i.time   c50_i.rmse c100_i.ptime  c100_i.time  c100_i.rmse c250_i.ptime 
       0.160        0.279        0.700        0.136        0.247        0.938 
 c250_i.time  c250_i.rmse c500_i.ptime  c500_i.time  c500_i.rmse  c25_d.ptime 
       0.133        0.200        1.608        0.120        0.157        1.767 
  c25_d.time   c25_d.rmse  c50_d.ptime   c50_d.time   c50_d.rmse c100_d.ptime 
       0.800        0.293        0.915        0.947        0.228        0.567 
 c100_d.time  c100_d.rmse c250_d.ptime  c250_d.time  c250_d.rmse c500_d.ptime 
       1.856        0.194        0.260        6.584        0.143        0.284 
 c500_d.time  c500_d.rmse    s25.ptime     s25.time     s25.rmse    s50.ptime 
      27.359        0.120        0.349        0.001        0.697        0.542 
    s50.time     s50.rmse   s100.ptime    s100.time    s100.rmse   s250.ptime 
       0.001        0.618        0.707        0.002        0.476        1.148 
   s250.time    s250.rmse   s500.ptime    s500.time    s500.rmse  s1000.ptime 
       0.006        0.346        1.509        0.015        0.272        2.649 
  s1000.time   s1000.rmse  s2500.ptime   s2500.time   s2500.rmse  s5000.ptime 
       0.030        0.185       16.382        0.089        0.108      197.394 
  s5000.time   s5000.rmse 
       0.161        0.077 
[1] 0.8846062
$full.time
[1] 0.078

$full.rmse
[1] 0.0599665

$full.time
[1] 0.078

$full.rmse
[1] 0.0599665

$l25.time
[1] 3.175

$l25.rmse
[1] 0.1992309

$l50.time
[1] 3.296

$l50.rmse
[1] 0.1591517

$l100.time
[1] 4.492

$l100.rmse
[1] 0.1306245

$l250.time
[1] 16.719

$l250.rmse
[1] 0.1025626

$l500.time
[1] 77.735

$l500.rmse
[1] 0.08432261

$o25_i.ptime
[1] 0.207

$o25_i.time
[1] 0.206

$o25_i.rmse
[1] 0.6104502

$o50_i.ptime
[1] 0.137

$o50_i.time
[1] 0.14

$o50_i.rmse
[1] 0.5224046

$o100_i.ptime
[1] 0.176

$o100_i.time
[1] 0.116

$o100_i.rmse
[1] 0.4381116

$o250_i.ptime
[1] 0.481

$o250_i.time
[1] 0.361

$o250_i.rmse
[1] 0.337789

$o500_i.ptime
[1] 1.288

$o500_i.time
[1] 0.112

$o500_i.rmse
[1] 0.259741

$o25_d.ptime
[1] 0.515

$o25_d.time
[1] 0.447

$o25_d.rmse
[1] 0.4797668

$o50_d.ptime
[1] 0.118

$o50_d.time
[1] 0.588

$o50_d.rmse
[1] 0.3990525

$o100_d.ptime
[1] 0.047

$o100_d.time
[1] 1.287

$o100_d.rmse
[1] 0.3368286

$o250_d.ptime
[1] 0.021

$o250_d.time
[1] 5.742

$o250_d.rmse
[1] 0.2424076

$o500_d.ptime
[1] 0.018

$o500_d.time
[1] 24.604

$o500_d.rmse
[1] 0.1678412

$c25_i.ptime
[1] 1.573

$c25_i.time
[1] 0.233

$c25_i.rmse
[1] 0.3325381

$c50_i.ptime
[1] 0.938

$c50_i.time
[1] 0.158

$c50_i.rmse
[1] 0.2721072

$c100_i.ptime
[1] 0.674

$c100_i.time
[1] 0.13

$c100_i.rmse
[1] 0.228686

$c250_i.ptime
[1] 1.032

$c250_i.time
[1] 0.118

$c250_i.rmse
[1] 0.1898007

$c500_i.ptime
[1] 2.036

$c500_i.time
[1] 0.136

$c500_i.rmse
[1] 0.1486023

$c25_d.ptime
[1] 1.93

$c25_d.time
[1] 0.78

$c25_d.rmse
[1] 0.2725746

$c50_d.ptime
[1] 1.035

$c50_d.time
[1] 0.87

$c50_d.rmse
[1] 0.2210578

$c100_d.ptime
[1] 0.607

$c100_d.time
[1] 1.686

$c100_d.rmse
[1] 0.1947763

$c250_d.ptime
[1] 0.327

$c250_d.time
[1] 6.571

$c250_d.rmse
[1] 0.1462067

$c500_d.ptime
[1] 0.384

$c500_d.time
[1] 30.832

$c500_d.rmse
[1] 0.1228206

$s25.ptime
[1] 0.521

$s25.time
[1] 0

$s25.rmse
[1] 0.7151375

$s50.ptime
[1] 0.36

$s50.time
[1] 0.001

$s50.rmse
[1] 0.5520663

$s100.ptime
[1] 0.922

$s100.time
[1] 0.003

$s100.rmse
[1] 0.4679482

$s250.ptime
[1] 1.489

$s250.time
[1] 0.006

$s250.rmse
[1] 0.3745221

$s500.ptime
[1] 1.705

$s500.time
[1] 0.014

$s500.rmse
[1] 0.2875882

$s1000.ptime
[1] 2.644

$s1000.time
[1] 0.029

$s1000.rmse
[1] 0.1824863

$s2500.ptime
[1] 22.313

$s2500.time
[1] 0.069

$s2500.rmse
[1] 0.1198191

$s5000.ptime
[1] 182.827

$s5000.time
[1] 0.164

$s5000.rmse
[1] 0.0817019

        seed            p    full.time    full.rmse     l25.time     l25.rmse 
    2396.000       10.000        0.078        0.060        3.175        0.199 
    l50.time     l50.rmse    l100.time    l100.rmse    l250.time    l250.rmse 
       3.296        0.159        4.492        0.131       16.719        0.103 
   l500.time    l500.rmse  o25_i.ptime   o25_i.time   o25_i.rmse  o50_i.ptime 
      77.735        0.084        0.207        0.206        0.610        0.137 
  o50_i.time   o50_i.rmse o100_i.ptime  o100_i.time  o100_i.rmse o250_i.ptime 
       0.140        0.522        0.176        0.116        0.438        0.481 
 o250_i.time  o250_i.rmse o500_i.ptime  o500_i.time  o500_i.rmse  o25_d.ptime 
       0.361        0.338        1.288        0.112        0.260        0.515 
  o25_d.time   o25_d.rmse  o50_d.ptime   o50_d.time   o50_d.rmse o100_d.ptime 
       0.447        0.480        0.118        0.588        0.399        0.047 
 o100_d.time  o100_d.rmse o250_d.ptime  o250_d.time  o250_d.rmse o500_d.ptime 
       1.287        0.337        0.021        5.742        0.242        0.018 
 o500_d.time  o500_d.rmse  c25_i.ptime   c25_i.time   c25_i.rmse  c50_i.ptime 
      24.604        0.168        1.573        0.233        0.333        0.938 
  c50_i.time   c50_i.rmse c100_i.ptime  c100_i.time  c100_i.rmse c250_i.ptime 
       0.158        0.272        0.674        0.130        0.229        1.032 
 c250_i.time  c250_i.rmse c500_i.ptime  c500_i.time  c500_i.rmse  c25_d.ptime 
       0.118        0.190        2.036        0.136        0.149        1.930 
  c25_d.time   c25_d.rmse  c50_d.ptime   c50_d.time   c50_d.rmse c100_d.ptime 
       0.780        0.273        1.035        0.870        0.221        0.607 
 c100_d.time  c100_d.rmse c250_d.ptime  c250_d.time  c250_d.rmse c500_d.ptime 
       1.686        0.195        0.327        6.571        0.146        0.384 
 c500_d.time  c500_d.rmse    s25.ptime     s25.time     s25.rmse    s50.ptime 
      30.832        0.123        0.521        0.000        0.715        0.360 
    s50.time     s50.rmse   s100.ptime    s100.time    s100.rmse   s250.ptime 
       0.001        0.552        0.922        0.003        0.468        1.489 
   s250.time    s250.rmse   s500.ptime    s500.time    s500.rmse  s1000.ptime 
       0.006        0.375        1.705        0.014        0.288        2.644 
  s1000.time   s1000.rmse  s2500.ptime   s2500.time   s2500.rmse  s5000.ptime 
       0.029        0.182       22.313        0.069        0.120      182.827 
  s5000.time   s5000.rmse 
       0.164        0.082 
[1] 0.9104726
$full.time
[1] 0.088

$full.rmse
[1] 0.05865037

$full.time
[1] 0.088

$full.rmse
[1] 0.05865037

$l25.time
[1] 3.005

$l25.rmse
[1] 0.1798602

$l50.time
[1] 2.93

$l50.rmse
[1] 0.149781

$l100.time
[1] 4.05

$l100.rmse
[1] 0.1212195

$l250.time
[1] 16.89

$l250.rmse
[1] 0.094182

$l500.time
[1] 78.851

$l500.rmse
[1] 0.08219535

$o25_i.ptime
[1] 0.22

$o25_i.time
[1] 0.237

$o25_i.rmse
[1] 0.5383606

$o50_i.ptime
[1] 0.153

$o50_i.time
[1] 0.156

$o50_i.rmse
[1] 0.4728136

$o100_i.ptime
[1] 0.19

$o100_i.time
[1] 0.13

$o100_i.rmse
[1] 0.410562

$o250_i.ptime
[1] 0.516

$o250_i.time
[1] 0.344

$o250_i.rmse
[1] 0.2919185

$o500_i.ptime
[1] 1.377

$o500_i.time
[1] 0.127

$o500_i.rmse
[1] 0.2314788

$o25_d.ptime
[1] 0.573

$o25_d.time
[1] 0.487

$o25_d.rmse
[1] 0.4180401

$o50_d.ptime
[1] 0.131

$o50_d.time
[1] 0.587

$o50_d.rmse
[1] 0.3493864

$o100_d.ptime
[1] 0.046

$o100_d.time
[1] 1.492

$o100_d.rmse
[1] 0.2871225

$o250_d.ptime
[1] 0.029

$o250_d.time
[1] 5.642

$o250_d.rmse
[1] 0.2138745

$o500_d.ptime
[1] 0.083

$o500_d.time
[1] 27.664

$o500_d.rmse
[1] 0.1568633

$c25_i.ptime
[1] 1.481

$c25_i.time
[1] 0.226

$c25_i.rmse
[1] 0.3169282

$c50_i.ptime
[1] 0.913

$c50_i.time
[1] 0.157

$c50_i.rmse
[1] 0.2607515

$c100_i.ptime
[1] 0.679

$c100_i.time
[1] 0.132

$c100_i.rmse
[1] 0.2140002

$c250_i.ptime
[1] 0.987

$c250_i.time
[1] 0.134

$c250_i.rmse
[1] 0.1718698

$c500_i.ptime
[1] 1.643

$c500_i.time
[1] 0.138

$c500_i.rmse
[1] 0.1430788

$c25_d.ptime
[1] 1.629

$c25_d.time
[1] 0.819

$c25_d.rmse
[1] 0.2464876

$c50_d.ptime
[1] 1.036

$c50_d.time
[1] 1.046

$c50_d.rmse
[1] 0.2251443

$c100_d.ptime
[1] 0.634

$c100_d.time
[1] 1.987

$c100_d.rmse
[1] 0.1853967

$c250_d.ptime
[1] 0.434

$c250_d.time
[1] 7.059

$c250_d.rmse
[1] 0.1343706

$c500_d.ptime
[1] 0.233

$c500_d.time
[1] 24.018

$c500_d.rmse
[1] 0.1265635

$s25.ptime
[1] 0.418

$s25.time
[1] 0

$s25.rmse
[1] 0.6333473

$s50.ptime
[1] 0.331

$s50.time
[1] 0.001

$s50.rmse
[1] 0.5257134

$s100.ptime
[1] 0.606

$s100.time
[1] 0.003

$s100.rmse
[1] 0.453706

$s250.ptime
[1] 1.394

$s250.time
[1] 0.006

$s250.rmse
[1] 0.3314185

$s500.ptime
[1] 1.818

$s500.time
[1] 0.015

$s500.rmse
[1] 0.2587803

$s1000.ptime
[1] 3.063

$s1000.time
[1] 0.034

$s1000.rmse
[1] 0.18627

$s2500.ptime
[1] 21.633

$s2500.time
[1] 0.081

$s2500.rmse
[1] 0.112525

$s5000.ptime
[1] 221.516

$s5000.time
[1] 0.192

$s5000.rmse
[1] 0.07692257

        seed            p    full.time    full.rmse     l25.time     l25.rmse 
    2397.000       10.000        0.088        0.059        3.005        0.180 
    l50.time     l50.rmse    l100.time    l100.rmse    l250.time    l250.rmse 
       2.930        0.150        4.050        0.121       16.890        0.094 
   l500.time    l500.rmse  o25_i.ptime   o25_i.time   o25_i.rmse  o50_i.ptime 
      78.851        0.082        0.220        0.237        0.538        0.153 
  o50_i.time   o50_i.rmse o100_i.ptime  o100_i.time  o100_i.rmse o250_i.ptime 
       0.156        0.473        0.190        0.130        0.411        0.516 
 o250_i.time  o250_i.rmse o500_i.ptime  o500_i.time  o500_i.rmse  o25_d.ptime 
       0.344        0.292        1.377        0.127        0.231        0.573 
  o25_d.time   o25_d.rmse  o50_d.ptime   o50_d.time   o50_d.rmse o100_d.ptime 
       0.487        0.418        0.131        0.587        0.349        0.046 
 o100_d.time  o100_d.rmse o250_d.ptime  o250_d.time  o250_d.rmse o500_d.ptime 
       1.492        0.287        0.029        5.642        0.214        0.083 
 o500_d.time  o500_d.rmse  c25_i.ptime   c25_i.time   c25_i.rmse  c50_i.ptime 
      27.664        0.157        1.481        0.226        0.317        0.913 
  c50_i.time   c50_i.rmse c100_i.ptime  c100_i.time  c100_i.rmse c250_i.ptime 
       0.157        0.261        0.679        0.132        0.214        0.987 
 c250_i.time  c250_i.rmse c500_i.ptime  c500_i.time  c500_i.rmse  c25_d.ptime 
       0.134        0.172        1.643        0.138        0.143        1.629 
  c25_d.time   c25_d.rmse  c50_d.ptime   c50_d.time   c50_d.rmse c100_d.ptime 
       0.819        0.246        1.036        1.046        0.225        0.634 
 c100_d.time  c100_d.rmse c250_d.ptime  c250_d.time  c250_d.rmse c500_d.ptime 
       1.987        0.185        0.434        7.059        0.134        0.233 
 c500_d.time  c500_d.rmse    s25.ptime     s25.time     s25.rmse    s50.ptime 
      24.018        0.127        0.418        0.000        0.633        0.331 
    s50.time     s50.rmse   s100.ptime    s100.time    s100.rmse   s250.ptime 
       0.001        0.526        0.606        0.003        0.454        1.394 
   s250.time    s250.rmse   s500.ptime    s500.time    s500.rmse  s1000.ptime 
       0.006        0.331        1.818        0.015        0.259        3.063 
  s1000.time   s1000.rmse  s2500.ptime   s2500.time   s2500.rmse  s5000.ptime 
       0.034        0.186       21.633        0.081        0.113      221.516 
  s5000.time   s5000.rmse 
       0.192        0.077 
[1] 0.8424601
$full.time
[1] 0.105

$full.rmse
[1] 0.05805163

$full.time
[1] 0.105

$full.rmse
[1] 0.05805163

$l25.time
[1] 3.262

$l25.rmse
[1] 0.1987237

$l50.time
[1] 3.407

$l50.rmse
[1] 0.1649642

$l100.time
[1] 4.733

$l100.rmse
[1] 0.1247926

$l250.time
[1] 17.532

$l250.rmse
[1] 0.09665418

$l500.time
[1] 83.577

$l500.rmse
[1] 0.08398141

$o25_i.ptime
[1] 0.215

$o25_i.time
[1] 0.199

$o25_i.rmse
[1] 0.6070411

$o50_i.ptime
[1] 0.138

$o50_i.time
[1] 0.441

$o50_i.rmse
[1] 0.511096

$o100_i.ptime
[1] 0.173

$o100_i.time
[1] 0.115

$o100_i.rmse
[1] 0.4401781

$o250_i.ptime
[1] 0.482

$o250_i.time
[1] 0.109

$o250_i.rmse
[1] 0.335777

$o500_i.ptime
[1] 1.308

$o500_i.time
[1] 0.11

$o500_i.rmse
[1] 0.2561284

$o25_d.ptime
[1] 0.543

$o25_d.time
[1] 0.48

$o25_d.rmse
[1] 0.4842568

$o50_d.ptime
[1] 0.123

$o50_d.time
[1] 0.615

$o50_d.rmse
[1] 0.3918235

$o100_d.ptime
[1] 0.043

$o100_d.time
[1] 1.353

$o100_d.rmse
[1] 0.3226317

$o250_d.ptime
[1] 0.032

$o250_d.time
[1] 6.093

$o250_d.rmse
[1] 0.2381139

$o500_d.ptime
[1] 0.069

$o500_d.time
[1] 23.769

$o500_d.rmse
[1] 0.1688857

$c25_i.ptime
[1] 1.283

$c25_i.time
[1] 0.223

$c25_i.rmse
[1] 0.3306217

$c50_i.ptime
[1] 0.899

$c50_i.time
[1] 0.165

$c50_i.rmse
[1] 0.279362

$c100_i.ptime
[1] 0.853

$c100_i.time
[1] 0.138

$c100_i.rmse
[1] 0.2397421

$c250_i.ptime
[1] 0.77

$c250_i.time
[1] 0.135

$c250_i.rmse
[1] 0.1750968

$c500_i.ptime
[1] 1.758

$c500_i.time
[1] 0.131

$c500_i.rmse
[1] 0.1492898

$c25_d.ptime
[1] 1.845

$c25_d.time
[1] 0.81

$c25_d.rmse
[1] 0.2702529

$c50_d.ptime
[1] 1.146

$c50_d.time
[1] 0.972

$c50_d.rmse
[1] 0.2234739

$c100_d.ptime
[1] 0.556

$c100_d.time
[1] 1.894

$c100_d.rmse
[1] 0.1840183

$c250_d.ptime
[1] 0.343

$c250_d.time
[1] 6.383

$c250_d.rmse
[1] 0.1463551

$c500_d.ptime
[1] 0.244

$c500_d.time
[1] 24.314

$c500_d.rmse
[1] 0.1162976

$s25.ptime
[1] 0.22

$s25.time
[1] 0.001

$s25.rmse
[1] 0.6907556

$s50.ptime
[1] 0.484

$s50.time
[1] 0.002

$s50.rmse
[1] 0.5820947

$s100.ptime
[1] 0.577

$s100.time
[1] 0.003

$s100.rmse
[1] 0.5167395

$s250.ptime
[1] 1.108

$s250.time
[1] 0.006

$s250.rmse
[1] 0.361593

$s500.ptime
[1] 1.589

$s500.time
[1] 0.015

$s500.rmse
[1] 0.2903916

$s1000.ptime
[1] 2.939

$s1000.time
[1] 0.032

$s1000.rmse
[1] 0.1971963

$s2500.ptime
[1] 21.932

$s2500.time
[1] 0.082

$s2500.rmse
[1] 0.1183853

$s5000.ptime
[1] 149.04

$s5000.time
[1] 0.177

$s5000.rmse
[1] 0.07859538

        seed            p    full.time    full.rmse     l25.time     l25.rmse 
    2398.000       10.000        0.105        0.058        3.262        0.199 
    l50.time     l50.rmse    l100.time    l100.rmse    l250.time    l250.rmse 
       3.407        0.165        4.733        0.125       17.532        0.097 
   l500.time    l500.rmse  o25_i.ptime   o25_i.time   o25_i.rmse  o50_i.ptime 
      83.577        0.084        0.215        0.199        0.607        0.138 
  o50_i.time   o50_i.rmse o100_i.ptime  o100_i.time  o100_i.rmse o250_i.ptime 
       0.441        0.511        0.173        0.115        0.440        0.482 
 o250_i.time  o250_i.rmse o500_i.ptime  o500_i.time  o500_i.rmse  o25_d.ptime 
       0.109        0.336        1.308        0.110        0.256        0.543 
  o25_d.time   o25_d.rmse  o50_d.ptime   o50_d.time   o50_d.rmse o100_d.ptime 
       0.480        0.484        0.123        0.615        0.392        0.043 
 o100_d.time  o100_d.rmse o250_d.ptime  o250_d.time  o250_d.rmse o500_d.ptime 
       1.353        0.323        0.032        6.093        0.238        0.069 
 o500_d.time  o500_d.rmse  c25_i.ptime   c25_i.time   c25_i.rmse  c50_i.ptime 
      23.769        0.169        1.283        0.223        0.331        0.899 
  c50_i.time   c50_i.rmse c100_i.ptime  c100_i.time  c100_i.rmse c250_i.ptime 
       0.165        0.279        0.853        0.138        0.240        0.770 
 c250_i.time  c250_i.rmse c500_i.ptime  c500_i.time  c500_i.rmse  c25_d.ptime 
       0.135        0.175        1.758        0.131        0.149        1.845 
  c25_d.time   c25_d.rmse  c50_d.ptime   c50_d.time   c50_d.rmse c100_d.ptime 
       0.810        0.270        1.146        0.972        0.223        0.556 
 c100_d.time  c100_d.rmse c250_d.ptime  c250_d.time  c250_d.rmse c500_d.ptime 
       1.894        0.184        0.343        6.383        0.146        0.244 
 c500_d.time  c500_d.rmse    s25.ptime     s25.time     s25.rmse    s50.ptime 
      24.314        0.116        0.220        0.001        0.691        0.484 
    s50.time     s50.rmse   s100.ptime    s100.time    s100.rmse   s250.ptime 
       0.002        0.582        0.577        0.003        0.517        1.108 
   s250.time    s250.rmse   s500.ptime    s500.time    s500.rmse  s1000.ptime 
       0.006        0.362        1.589        0.015        0.290        2.939 
  s1000.time   s1000.rmse  s2500.ptime   s2500.time   s2500.rmse  s5000.ptime 
       0.032        0.197       21.932        0.082        0.118      149.040 
  s5000.time   s5000.rmse 
       0.177        0.079 
  seed  p full.time  full.rmse l25.time  l25.rmse l50.time  l50.rmse l100.time
1 2394 10     0.100 0.05654016    3.371 0.1888476    3.080 0.1567081     5.163
2 2395 10     0.097 0.06017549    3.429 0.1947008    3.230 0.1592954     5.142
3 2396 10     0.078 0.05996650    3.175 0.1992309    3.296 0.1591517     4.492
4 2397 10     0.088 0.05865037    3.005 0.1798602    2.930 0.1497810     4.050
5 2398 10     0.105 0.05805163    3.262 0.1987237    3.407 0.1649642     4.733
  l100.rmse l250.time  l250.rmse l500.time  l500.rmse o25_i.ptime o25_i.time
1 0.1248410    17.579 0.09442150    80.716 0.07873095       0.187      0.193
2 0.1273826    21.508 0.09677456    89.823 0.08308761       0.251      0.230
3 0.1306245    16.719 0.10256256    77.735 0.08432261       0.207      0.206
4 0.1212195    16.890 0.09418200    78.851 0.08219535       0.220      0.237
5 0.1247926    17.532 0.09665418    83.577 0.08398141       0.215      0.199
  o25_i.rmse o50_i.ptime o50_i.time o50_i.rmse o100_i.ptime o100_i.time
1  0.5696493       0.439      0.128  0.5087400        0.167       0.106
2  0.5909576       0.189      0.167  0.5151833        0.224       0.561
3  0.6104502       0.137      0.140  0.5224046        0.176       0.116
4  0.5383606       0.153      0.156  0.4728136        0.190       0.130
5  0.6070411       0.138      0.441  0.5110960        0.173       0.115
  o100_i.rmse o250_i.ptime o250_i.time o250_i.rmse o500_i.ptime o500_i.time
1   0.4442932        0.476       0.095   0.3066608        1.287       0.114
2   0.4491956        0.604       0.127   0.3353844        1.958       0.144
3   0.4381116        0.481       0.361   0.3377890        1.288       0.112
4   0.4105620        0.516       0.344   0.2919185        1.377       0.127
5   0.4401781        0.482       0.109   0.3357770        1.308       0.110
  o500_i.rmse o25_d.ptime o25_d.time o25_d.rmse o50_d.ptime o50_d.time
1   0.2577530       0.532      0.445  0.4768149       0.120      0.594
2   0.2522247       0.581      0.511  0.4711473       0.129      0.633
3   0.2597410       0.515      0.447  0.4797668       0.118      0.588
4   0.2314788       0.573      0.487  0.4180401       0.131      0.587
5   0.2561284       0.543      0.480  0.4842568       0.123      0.615
  o50_d.rmse o100_d.ptime o100_d.time o100_d.rmse o250_d.ptime o250_d.time
1  0.3972342        0.044       1.446   0.3187936        0.023       6.117
2  0.4144103        0.046       1.606   0.3306820        0.025       5.610
3  0.3990525        0.047       1.287   0.3368286        0.021       5.742
4  0.3493864        0.046       1.492   0.2871225        0.029       5.642
5  0.3918235        0.043       1.353   0.3226317        0.032       6.093
  o250_d.rmse o500_d.ptime o500_d.time o500_d.rmse c25_i.ptime c25_i.time
1   0.2199593        0.021      27.654   0.1658833       1.365      0.213
2   0.2257650        0.019      24.889   0.1718492       1.539      0.239
3   0.2424076        0.018      24.604   0.1678412       1.573      0.233
4   0.2138745        0.083      27.664   0.1568633       1.481      0.226
5   0.2381139        0.069      23.769   0.1688857       1.283      0.223
  c25_i.rmse c50_i.ptime c50_i.time c50_i.rmse c100_i.ptime c100_i.time
1  0.3376454       0.722      0.142  0.2825693        0.686       0.119
2  0.3604634       0.965      0.160  0.2786623        0.700       0.136
3  0.3325381       0.938      0.158  0.2721072        0.674       0.130
4  0.3169282       0.913      0.157  0.2607515        0.679       0.132
5  0.3306217       0.899      0.165  0.2793620        0.853       0.138
  c100_i.rmse c250_i.ptime c250_i.time c250_i.rmse c500_i.ptime c500_i.time
1   0.2348404        0.843       0.116   0.1840761        1.758       0.151
2   0.2469554        0.938       0.133   0.1995908        1.608       0.120
3   0.2286860        1.032       0.118   0.1898007        2.036       0.136
4   0.2140002        0.987       0.134   0.1718698        1.643       0.138
5   0.2397421        0.770       0.135   0.1750968        1.758       0.131
  c500_i.rmse c25_d.ptime c25_d.time c25_d.rmse c50_d.ptime c50_d.time
1   0.1592070       1.978      1.109  0.2733550       0.968      0.984
2   0.1572710       1.767      0.800  0.2929925       0.915      0.947
3   0.1486023       1.930      0.780  0.2725746       1.035      0.870
4   0.1430788       1.629      0.819  0.2464876       1.036      1.046
5   0.1492898       1.845      0.810  0.2702529       1.146      0.972
  c50_d.rmse c100_d.ptime c100_d.time c100_d.rmse c250_d.ptime c250_d.time
1  0.2162323        0.646       1.946   0.1886712        0.372       6.619
2  0.2284013        0.567       1.856   0.1936541        0.260       6.584
3  0.2210578        0.607       1.686   0.1947763        0.327       6.571
4  0.2251443        0.634       1.987   0.1853967        0.434       7.059
5  0.2234739        0.556       1.894   0.1840183        0.343       6.383
  c250_d.rmse c500_d.ptime c500_d.time c500_d.rmse s25.ptime s25.time  s25.rmse
1   0.1441499        0.477      27.028   0.1144307     0.460    0.001 0.7655862
2   0.1430304        0.284      27.359   0.1196788     0.349    0.001 0.6966894
3   0.1462067        0.384      30.832   0.1228206     0.521    0.000 0.7151375
4   0.1343706        0.233      24.018   0.1265635     0.418    0.000 0.6333473
5   0.1463551        0.244      24.314   0.1162976     0.220    0.001 0.6907556
  s50.ptime s50.time  s50.rmse s100.ptime s100.time s100.rmse s250.ptime
1     0.333    0.002 0.5192528      0.537     0.003 0.4645439      1.011
2     0.542    0.001 0.6175504      0.707     0.002 0.4764685      1.148
3     0.360    0.001 0.5520663      0.922     0.003 0.4679482      1.489
4     0.331    0.001 0.5257134      0.606     0.003 0.4537060      1.394
5     0.484    0.002 0.5820947      0.577     0.003 0.5167395      1.108
  s250.time s250.rmse s500.ptime s500.time s500.rmse s1000.ptime s1000.time
1     0.006 0.3390400      1.649     0.016 0.2505821       3.021      0.030
2     0.006 0.3461500      1.509     0.015 0.2716949       2.649      0.030
3     0.006 0.3745221      1.705     0.014 0.2875882       2.644      0.029
4     0.006 0.3314185      1.818     0.015 0.2587803       3.063      0.034
5     0.006 0.3615930      1.589     0.015 0.2903916       2.939      0.032
  s1000.rmse s2500.ptime s2500.time s2500.rmse s5000.ptime s5000.time
1  0.1790708      20.732      0.070  0.1108917     175.870      0.184
2  0.1850424      16.382      0.089  0.1076542     197.394      0.161
3  0.1824863      22.313      0.069  0.1198191     182.827      0.164
4  0.1862700      21.633      0.081  0.1125250     221.516      0.192
5  0.1971963      21.932      0.082  0.1183853     149.040      0.177
  s5000.rmse
1 0.07625993
2 0.07675893
3 0.08170190
4 0.07692257
5 0.07859538
> 
> proc.time()
    user   system  elapsed 
3560.919   40.274 3655.009 
