
R version 3.0.3 (2014-03-06) -- "Warm Puppy"
Copyright (C) 2014 The R Foundation for Statistical Computing
Platform: x86_64-unknown-linux-gnu (64-bit)

R is free software and comes with ABSOLUTELY NO WARRANTY.
You are welcome to redistribute it under certain conditions.
Type 'license()' or 'licence()' for distribution details.

  Natural language support but running in an English locale

R is a collaborative project with many contributors.
Type 'contributors()' for more information and
'citation()' on how to cite R or R packages in publications.

Type 'demo()' for some demos, 'help()' for on-line help, or
'help.start()' for an HTML browser interface to help.
Type 'q()' to quit R.

> print(.libPaths())
[1] "/usr/local/r-3.0.3/lib64/R/library"
> .libPaths("/mnt/home/rjparker/Rlib")
> print(.libPaths())
[1] "/mnt/home/rjparker/Rlib"            "/usr/local/r-3.0.3/lib64/R/library"
> setwd("/mnt/home/rjparker/git/block_int")
> 
> which_exp <- 5
> which_part <- 18
> source("R/sim_nblocks_pred.R")
Loading required package: spam
Loading required package: grid
Spam version 0.41-0 (2014-02-26) is loaded.
Type 'help( Spam)' or 'demo( spam)' for a short introduction 
and overview of this package.
Help for individual functions is also obtained by adding the
suffix '.spam' to the function name, e.g. 'help( chol.spam)'.

Attaching package: ‘spam’

The following objects are masked from ‘package:base’:

    backsolve, forwardsolve

Loading required package: maps
  pred  p   b tau Nper_p Npred Fzero sigma2
5 TRUE 10 1.5  10  10000  1000     0      1
[1] 0.8242855
$full.time
[1] 0.086

$full.rmse
[1] 0.05867056

$full.time
[1] 0.086

$full.rmse
[1] 0.05867056

$l25.time
[1] 4.157

$l25.rmse
[1] 0.1874045

$l50.time
[1] 4.224

$l50.rmse
[1] 0.1557983

$l100.time
[1] 5.641

$l100.rmse
[1] 0.1237849

$l250.time
[1] 21.363

$l250.rmse
[1] 0.09507511

$l500.time
[1] 106.226

$l500.rmse
[1] 0.08063213

$o25_i.ptime
[1] 0.325

$o25_i.time
[1] 0.325

$o25_i.rmse
[1] 0.6023294

$o50_i.ptime
[1] 0.609

$o50_i.time
[1] 0.215

$o50_i.rmse
[1] 0.5262285

$o100_i.ptime
[1] 0.262

$o100_i.time
[1] 0.143

$o100_i.rmse
[1] 0.4581284

$o250_i.ptime
[1] 0.72

$o250_i.time
[1] 0.131

$o250_i.rmse
[1] 0.3389018

$o500_i.ptime
[1] 2.111

$o500_i.time
[1] 0.15

$o500_i.rmse
[1] 0.2428531

$o25_d.ptime
[1] 0.719

$o25_d.time
[1] 0.709

$o25_d.rmse
[1] 0.4937819

$o50_d.ptime
[1] 0.145

$o50_d.time
[1] 0.876

$o50_d.rmse
[1] 0.4134057

$o100_d.ptime
[1] 0.063

$o100_d.time
[1] 1.891

$o100_d.rmse
[1] 0.3412442

$o250_d.ptime
[1] 0.039

$o250_d.time
[1] 7.758

$o250_d.rmse
[1] 0.2324316

$o500_d.ptime
[1] 0.098

$o500_d.time
[1] 28.244

$o500_d.rmse
[1] 0.1620159

$c25_i.ptime
[1] 1.751

$c25_i.time
[1] 0.289

$c25_i.rmse
[1] 0.3442908

$c50_i.ptime
[1] 1.195

$c50_i.time
[1] 0.227

$c50_i.rmse
[1] 0.2764874

$c100_i.ptime
[1] 0.811

$c100_i.time
[1] 0.164

$c100_i.rmse
[1] 0.2331173

$c250_i.ptime
[1] 1.431

$c250_i.time
[1] 0.147

$c250_i.rmse
[1] 0.1828624

$c500_i.ptime
[1] 2.986

$c500_i.time
[1] 0.189

$c500_i.rmse
[1] 0.143334

$c25_d.ptime
[1] 2.379

$c25_d.time
[1] 1.174

$c25_d.rmse
[1] 0.2838023

$c50_d.ptime
[1] 1.036

$c50_d.time
[1] 1.4

$c50_d.rmse
[1] 0.225606

$c100_d.ptime
[1] 0.743

$c100_d.time
[1] 2.651

$c100_d.rmse
[1] 0.1860808

$c250_d.ptime
[1] 0.45

$c250_d.time
[1] 10.094

$c250_d.rmse
[1] 0.1465238

$c500_d.ptime
[1] 0.348

$c500_d.time
[1] 46.29

$c500_d.rmse
[1] 0.1175143

$s25.ptime
[1] 0.731

$s25.time
[1] 0.001

$s25.rmse
[1] 0.6961968

$s50.ptime
[1] 0.492

$s50.time
[1] 0.001

$s50.rmse
[1] 0.62272

$s100.ptime
[1] 1.044

$s100.time
[1] 0.003

$s100.rmse
[1] 0.5122127

$s250.ptime
[1] 1.227

$s250.time
[1] 0.008

$s250.rmse
[1] 0.3554613

$s500.ptime
[1] 1.882

$s500.time
[1] 0.019

$s500.rmse
[1] 0.2547529

$s1000.ptime
[1] 4.131

$s1000.time
[1] 0.037

$s1000.rmse
[1] 0.1830961

$s2500.ptime
[1] 30.26

$s2500.time
[1] 0.125

$s2500.rmse
[1] 0.1086107

$s5000.ptime
[1] 163.615

$s5000.time
[1] 0.166

$s5000.rmse
[1] 0.07400293

        seed            p    full.time    full.rmse     l25.time     l25.rmse 
    2469.000       10.000        0.086        0.059        4.157        0.187 
    l50.time     l50.rmse    l100.time    l100.rmse    l250.time    l250.rmse 
       4.224        0.156        5.641        0.124       21.363        0.095 
   l500.time    l500.rmse  o25_i.ptime   o25_i.time   o25_i.rmse  o50_i.ptime 
     106.226        0.081        0.325        0.325        0.602        0.609 
  o50_i.time   o50_i.rmse o100_i.ptime  o100_i.time  o100_i.rmse o250_i.ptime 
       0.215        0.526        0.262        0.143        0.458        0.720 
 o250_i.time  o250_i.rmse o500_i.ptime  o500_i.time  o500_i.rmse  o25_d.ptime 
       0.131        0.339        2.111        0.150        0.243        0.719 
  o25_d.time   o25_d.rmse  o50_d.ptime   o50_d.time   o50_d.rmse o100_d.ptime 
       0.709        0.494        0.145        0.876        0.413        0.063 
 o100_d.time  o100_d.rmse o250_d.ptime  o250_d.time  o250_d.rmse o500_d.ptime 
       1.891        0.341        0.039        7.758        0.232        0.098 
 o500_d.time  o500_d.rmse  c25_i.ptime   c25_i.time   c25_i.rmse  c50_i.ptime 
      28.244        0.162        1.751        0.289        0.344        1.195 
  c50_i.time   c50_i.rmse c100_i.ptime  c100_i.time  c100_i.rmse c250_i.ptime 
       0.227        0.276        0.811        0.164        0.233        1.431 
 c250_i.time  c250_i.rmse c500_i.ptime  c500_i.time  c500_i.rmse  c25_d.ptime 
       0.147        0.183        2.986        0.189        0.143        2.379 
  c25_d.time   c25_d.rmse  c50_d.ptime   c50_d.time   c50_d.rmse c100_d.ptime 
       1.174        0.284        1.036        1.400        0.226        0.743 
 c100_d.time  c100_d.rmse c250_d.ptime  c250_d.time  c250_d.rmse c500_d.ptime 
       2.651        0.186        0.450       10.094        0.147        0.348 
 c500_d.time  c500_d.rmse    s25.ptime     s25.time     s25.rmse    s50.ptime 
      46.290        0.118        0.731        0.001        0.696        0.492 
    s50.time     s50.rmse   s100.ptime    s100.time    s100.rmse   s250.ptime 
       0.001        0.623        1.044        0.003        0.512        1.227 
   s250.time    s250.rmse   s500.ptime    s500.time    s500.rmse  s1000.ptime 
       0.008        0.355        1.882        0.019        0.255        4.131 
  s1000.time   s1000.rmse  s2500.ptime   s2500.time   s2500.rmse  s5000.ptime 
       0.037        0.183       30.260        0.125        0.109      163.615 
  s5000.time   s5000.rmse 
       0.166        0.074 
[1] 0.7592238
$full.time
[1] 0.08

$full.rmse
[1] 0.05798426

$full.time
[1] 0.08

$full.rmse
[1] 0.05798426

$l25.time
[1] 4.197

$l25.rmse
[1] 0.1936351

$l50.time
[1] 4.181

$l50.rmse
[1] 0.1585183

$l100.time
[1] 5.757

$l100.rmse
[1] 0.1290088

$l250.time
[1] 22.082

$l250.rmse
[1] 0.09991745

$l500.time
[1] 106.375

$l500.rmse
[1] 0.08530039

$o25_i.ptime
[1] 0.395

$o25_i.time
[1] 0.305

$o25_i.rmse
[1] 0.5936516

$o50_i.ptime
[1] 0.25

$o50_i.time
[1] 0.262

$o50_i.rmse
[1] 0.518748

$o100_i.ptime
[1] 0.271

$o100_i.time
[1] 0.786

$o100_i.rmse
[1] 0.4431585

$o250_i.ptime
[1] 0.745

$o250_i.time
[1] 0.128

$o250_i.rmse
[1] 0.3242104

$o500_i.ptime
[1] 2.069

$o500_i.time
[1] 0.177

$o500_i.rmse
[1] 0.259685

$o25_d.ptime
[1] 0.67

$o25_d.time
[1] 0.649

$o25_d.rmse
[1] 0.4821889

$o50_d.ptime
[1] 0.169

$o50_d.time
[1] 0.901

$o50_d.rmse
[1] 0.399473

$o100_d.ptime
[1] 0.067

$o100_d.time
[1] 1.845

$o100_d.rmse
[1] 0.3233623

$o250_d.ptime
[1] 0.031

$o250_d.time
[1] 7.513

$o250_d.rmse
[1] 0.2258518

$o500_d.ptime
[1] 0.028

$o500_d.time
[1] 29.777

$o500_d.rmse
[1] 0.1712126

$c25_i.ptime
[1] 1.9

$c25_i.time
[1] 0.376

$c25_i.rmse
[1] 0.325498

$c50_i.ptime
[1] 1.229

$c50_i.time
[1] 0.25

$c50_i.rmse
[1] 0.2807761

$c100_i.ptime
[1] 0.886

$c100_i.time
[1] 0.173

$c100_i.rmse
[1] 0.2497435

$c250_i.ptime
[1] 1.163

$c250_i.time
[1] 0.203

$c250_i.rmse
[1] 0.1791289

$c500_i.ptime
[1] 2.815

$c500_i.time
[1] 0.157

$c500_i.rmse
[1] 0.1542504

$c25_d.ptime
[1] 2.27

$c25_d.time
[1] 1.184

$c25_d.rmse
[1] 0.2681449

$c50_d.ptime
[1] 1.003

$c50_d.time
[1] 1.405

$c50_d.rmse
[1] 0.2175103

$c100_d.ptime
[1] 0.716

$c100_d.time
[1] 2.545

$c100_d.rmse
[1] 0.1930309

$c250_d.ptime
[1] 0.514

$c250_d.time
[1] 9.526

$c250_d.rmse
[1] 0.1523961

$c500_d.ptime
[1] 0.395

$c500_d.time
[1] 36.117

$c500_d.rmse
[1] 0.1232177

$s25.ptime
[1] 0.361

$s25.time
[1] 0.001

$s25.rmse
[1] 0.6703122

$s50.ptime
[1] 0.654

$s50.time
[1] 0.001

$s50.rmse
[1] 0.6226937

$s100.ptime
[1] 0.641

$s100.time
[1] 0.003

$s100.rmse
[1] 0.5064465

$s250.ptime
[1] 1.114

$s250.time
[1] 0.008

$s250.rmse
[1] 0.3925014

$s500.ptime
[1] 1.799

$s500.time
[1] 0.017

$s500.rmse
[1] 0.2899955

$s1000.ptime
[1] 3.559

$s1000.time
[1] 0.036

$s1000.rmse
[1] 0.1832496

$s2500.ptime
[1] 23.195

$s2500.time
[1] 0.124

$s2500.rmse
[1] 0.1131605

$s5000.ptime
[1] 175.554

$s5000.time
[1] 0.198

$s5000.rmse
[1] 0.07542882

        seed            p    full.time    full.rmse     l25.time     l25.rmse 
    2470.000       10.000        0.080        0.058        4.197        0.194 
    l50.time     l50.rmse    l100.time    l100.rmse    l250.time    l250.rmse 
       4.181        0.159        5.757        0.129       22.082        0.100 
   l500.time    l500.rmse  o25_i.ptime   o25_i.time   o25_i.rmse  o50_i.ptime 
     106.375        0.085        0.395        0.305        0.594        0.250 
  o50_i.time   o50_i.rmse o100_i.ptime  o100_i.time  o100_i.rmse o250_i.ptime 
       0.262        0.519        0.271        0.786        0.443        0.745 
 o250_i.time  o250_i.rmse o500_i.ptime  o500_i.time  o500_i.rmse  o25_d.ptime 
       0.128        0.324        2.069        0.177        0.260        0.670 
  o25_d.time   o25_d.rmse  o50_d.ptime   o50_d.time   o50_d.rmse o100_d.ptime 
       0.649        0.482        0.169        0.901        0.399        0.067 
 o100_d.time  o100_d.rmse o250_d.ptime  o250_d.time  o250_d.rmse o500_d.ptime 
       1.845        0.323        0.031        7.513        0.226        0.028 
 o500_d.time  o500_d.rmse  c25_i.ptime   c25_i.time   c25_i.rmse  c50_i.ptime 
      29.777        0.171        1.900        0.376        0.325        1.229 
  c50_i.time   c50_i.rmse c100_i.ptime  c100_i.time  c100_i.rmse c250_i.ptime 
       0.250        0.281        0.886        0.173        0.250        1.163 
 c250_i.time  c250_i.rmse c500_i.ptime  c500_i.time  c500_i.rmse  c25_d.ptime 
       0.203        0.179        2.815        0.157        0.154        2.270 
  c25_d.time   c25_d.rmse  c50_d.ptime   c50_d.time   c50_d.rmse c100_d.ptime 
       1.184        0.268        1.003        1.405        0.218        0.716 
 c100_d.time  c100_d.rmse c250_d.ptime  c250_d.time  c250_d.rmse c500_d.ptime 
       2.545        0.193        0.514        9.526        0.152        0.395 
 c500_d.time  c500_d.rmse    s25.ptime     s25.time     s25.rmse    s50.ptime 
      36.117        0.123        0.361        0.001        0.670        0.654 
    s50.time     s50.rmse   s100.ptime    s100.time    s100.rmse   s250.ptime 
       0.001        0.623        0.641        0.003        0.506        1.114 
   s250.time    s250.rmse   s500.ptime    s500.time    s500.rmse  s1000.ptime 
       0.008        0.393        1.799        0.017        0.290        3.559 
  s1000.time   s1000.rmse  s2500.ptime   s2500.time   s2500.rmse  s5000.ptime 
       0.036        0.183       23.195        0.124        0.113      175.554 
  s5000.time   s5000.rmse 
       0.198        0.075 
[1] 0.9269994
$full.time
[1] 0.089

$full.rmse
[1] 0.05903734

$full.time
[1] 0.089

$full.rmse
[1] 0.05903734

$l25.time
[1] 4.22

$l25.rmse
[1] 0.2001517

$l50.time
[1] 4.331

$l50.rmse
[1] 0.1621224

$l100.time
[1] 5.972

$l100.rmse
[1] 0.1286377

$l250.time
[1] 21.985

$l250.rmse
[1] 0.09894361

$l500.time
[1] 106.851

$l500.rmse
[1] 0.08340528

$o25_i.ptime
[1] 0.338

$o25_i.time
[1] 0.352

$o25_i.rmse
[1] 0.6066613

$o50_i.ptime
[1] 0.199

$o50_i.time
[1] 0.268

$o50_i.rmse
[1] 0.5315135

$o100_i.ptime
[1] 0.277

$o100_i.time
[1] 0.176

$o100_i.rmse
[1] 0.4460994

$o250_i.ptime
[1] 0.743

$o250_i.time
[1] 0.62

$o250_i.rmse
[1] 0.3272105

$o500_i.ptime
[1] 2.083

$o500_i.time
[1] 0.164

$o500_i.rmse
[1] 0.2556193

$o25_d.ptime
[1] 0.711

$o25_d.time
[1] 0.808

$o25_d.rmse
[1] 0.4958641

$o50_d.ptime
[1] 0.162

$o50_d.time
[1] 1.049

$o50_d.rmse
[1] 0.4009028

$o100_d.ptime
[1] 0.072

$o100_d.time
[1] 2.119

$o100_d.rmse
[1] 0.3372341

$o250_d.ptime
[1] 0.03

$o250_d.time
[1] 8.251

$o250_d.rmse
[1] 0.2213765

$o500_d.ptime
[1] 0.024

$o500_d.time
[1] 33.213

$o500_d.rmse
[1] 0.1732177

$c25_i.ptime
[1] 1.635

$c25_i.time
[1] 0.403

$c25_i.rmse
[1] 0.3430085

$c50_i.ptime
[1] 1.271

$c50_i.time
[1] 0.246

$c50_i.rmse
[1] 0.2933039

$c100_i.ptime
[1] 0.898

$c100_i.time
[1] 0.216

$c100_i.rmse
[1] 0.247706

$c250_i.ptime
[1] 1.287

$c250_i.time
[1] 0.198

$c250_i.rmse
[1] 0.1970692

$c500_i.ptime
[1] 3.18

$c500_i.time
[1] 0.183

$c500_i.rmse
[1] 0.1523211

$c25_d.ptime
[1] 2.166

$c25_d.time
[1] 1.348

$c25_d.rmse
[1] 0.2829621

$c50_d.ptime
[1] 1.017

$c50_d.time
[1] 1.467

$c50_d.rmse
[1] 0.2341784

$c100_d.ptime
[1] 1.186

$c100_d.time
[1] 2.674

$c100_d.rmse
[1] 0.1919306

$c250_d.ptime
[1] 0.478

$c250_d.time
[1] 9.717

$c250_d.rmse
[1] 0.1467303

$c500_d.ptime
[1] 0.382

$c500_d.time
[1] 35.886

$c500_d.rmse
[1] 0.1202231

$s25.ptime
[1] 0.342

$s25.time
[1] 0.001

$s25.rmse
[1] 0.7213078

$s50.ptime
[1] 0.521

$s50.time
[1] 0.001

$s50.rmse
[1] 0.5731992

$s100.ptime
[1] 0.615

$s100.time
[1] 0.003

$s100.rmse
[1] 0.4954136

$s250.ptime
[1] 1.266

$s250.time
[1] 0.008

$s250.rmse
[1] 0.3402818

$s500.ptime
[1] 1.804

$s500.time
[1] 0.017

$s500.rmse
[1] 0.2764119

$s1000.ptime
[1] 3.574

$s1000.time
[1] 0.038

$s1000.rmse
[1] 0.2057271

$s2500.ptime
[1] 26.427

$s2500.time
[1] 0.161

$s2500.rmse
[1] 0.119147

$s5000.ptime
[1] 179.603

$s5000.time
[1] 0.199

$s5000.rmse
[1] 0.07893324

        seed            p    full.time    full.rmse     l25.time     l25.rmse 
    2471.000       10.000        0.089        0.059        4.220        0.200 
    l50.time     l50.rmse    l100.time    l100.rmse    l250.time    l250.rmse 
       4.331        0.162        5.972        0.129       21.985        0.099 
   l500.time    l500.rmse  o25_i.ptime   o25_i.time   o25_i.rmse  o50_i.ptime 
     106.851        0.083        0.338        0.352        0.607        0.199 
  o50_i.time   o50_i.rmse o100_i.ptime  o100_i.time  o100_i.rmse o250_i.ptime 
       0.268        0.532        0.277        0.176        0.446        0.743 
 o250_i.time  o250_i.rmse o500_i.ptime  o500_i.time  o500_i.rmse  o25_d.ptime 
       0.620        0.327        2.083        0.164        0.256        0.711 
  o25_d.time   o25_d.rmse  o50_d.ptime   o50_d.time   o50_d.rmse o100_d.ptime 
       0.808        0.496        0.162        1.049        0.401        0.072 
 o100_d.time  o100_d.rmse o250_d.ptime  o250_d.time  o250_d.rmse o500_d.ptime 
       2.119        0.337        0.030        8.251        0.221        0.024 
 o500_d.time  o500_d.rmse  c25_i.ptime   c25_i.time   c25_i.rmse  c50_i.ptime 
      33.213        0.173        1.635        0.403        0.343        1.271 
  c50_i.time   c50_i.rmse c100_i.ptime  c100_i.time  c100_i.rmse c250_i.ptime 
       0.246        0.293        0.898        0.216        0.248        1.287 
 c250_i.time  c250_i.rmse c500_i.ptime  c500_i.time  c500_i.rmse  c25_d.ptime 
       0.198        0.197        3.180        0.183        0.152        2.166 
  c25_d.time   c25_d.rmse  c50_d.ptime   c50_d.time   c50_d.rmse c100_d.ptime 
       1.348        0.283        1.017        1.467        0.234        1.186 
 c100_d.time  c100_d.rmse c250_d.ptime  c250_d.time  c250_d.rmse c500_d.ptime 
       2.674        0.192        0.478        9.717        0.147        0.382 
 c500_d.time  c500_d.rmse    s25.ptime     s25.time     s25.rmse    s50.ptime 
      35.886        0.120        0.342        0.001        0.721        0.521 
    s50.time     s50.rmse   s100.ptime    s100.time    s100.rmse   s250.ptime 
       0.001        0.573        0.615        0.003        0.495        1.266 
   s250.time    s250.rmse   s500.ptime    s500.time    s500.rmse  s1000.ptime 
       0.008        0.340        1.804        0.017        0.276        3.574 
  s1000.time   s1000.rmse  s2500.ptime   s2500.time   s2500.rmse  s5000.ptime 
       0.038        0.206       26.427        0.161        0.119      179.603 
  s5000.time   s5000.rmse 
       0.199        0.079 
[1] 0.807609
$full.time
[1] 0.097

$full.rmse
[1] 0.05916985

$full.time
[1] 0.097

$full.rmse
[1] 0.05916985

$l25.time
[1] 4.228

$l25.rmse
[1] 0.1875906

$l50.time
[1] 4.381

$l50.rmse
[1] 0.156211

$l100.time
[1] 5.93

$l100.rmse
[1] 0.1326837

$l250.time
[1] 21.772

$l250.rmse
[1] 0.1010258

$l500.time
[1] 109.784

$l500.rmse
[1] 0.08250396

$o25_i.ptime
[1] 0.328

$o25_i.time
[1] 0.294

$o25_i.rmse
[1] 0.5559908

$o50_i.ptime
[1] 0.257

$o50_i.time
[1] 0.245

$o50_i.rmse
[1] 0.5144016

$o100_i.ptime
[1] 0.246

$o100_i.time
[1] 0.217

$o100_i.rmse
[1] 0.4330897

$o250_i.ptime
[1] 0.735

$o250_i.time
[1] 0.6

$o250_i.rmse
[1] 0.3218589

$o500_i.ptime
[1] 2.148

$o500_i.time
[1] 0.196

$o500_i.rmse
[1] 0.2473345

$o25_d.ptime
[1] 0.698

$o25_d.time
[1] 0.762

$o25_d.rmse
[1] 0.4545546

$o50_d.ptime
[1] 0.156

$o50_d.time
[1] 1.11

$o50_d.rmse
[1] 0.3914448

$o100_d.ptime
[1] 0.055

$o100_d.time
[1] 1.985

$o100_d.rmse
[1] 0.315771

$o250_d.ptime
[1] 0.048

$o250_d.time
[1] 8.092

$o250_d.rmse
[1] 0.2306265

$o500_d.ptime
[1] 0.124

$o500_d.time
[1] 33.188

$o500_d.rmse
[1] 0.1701329

$c25_i.ptime
[1] 1.84

$c25_i.time
[1] 0.324

$c25_i.rmse
[1] 0.3350148

$c50_i.ptime
[1] 1.489

$c50_i.time
[1] 0.256

$c50_i.rmse
[1] 0.2740887

$c100_i.ptime
[1] 0.981

$c100_i.time
[1] 0.233

$c100_i.rmse
[1] 0.230999

$c250_i.ptime
[1] 1.071

$c250_i.time
[1] 0.174

$c250_i.rmse
[1] 0.1788876

$c500_i.ptime
[1] 2.606

$c500_i.time
[1] 0.231

$c500_i.rmse
[1] 0.1493884

$c25_d.ptime
[1] 2.13

$c25_d.time
[1] 1.23

$c25_d.rmse
[1] 0.256477

$c50_d.ptime
[1] 1.105

$c50_d.time
[1] 1.4

$c50_d.rmse
[1] 0.2130411

$c100_d.ptime
[1] 0.649

$c100_d.time
[1] 2.702

$c100_d.rmse
[1] 0.1829284

$c250_d.ptime
[1] 0.534

$c250_d.time
[1] 8.927

$c250_d.rmse
[1] 0.1439772

$c500_d.ptime
[1] 0.422

$c500_d.time
[1] 35.411

$c500_d.rmse
[1] 0.118123

$s25.ptime
[1] 0.407

$s25.time
[1] 0.001

$s25.rmse
[1] 0.6301269

$s50.ptime
[1] 0.433

$s50.time
[1] 0.001

$s50.rmse
[1] 0.6057301

$s100.ptime
[1] 0.637

$s100.time
[1] 0.004

$s100.rmse
[1] 0.4240199

$s250.ptime
[1] 1.425

$s250.time
[1] 0.009

$s250.rmse
[1] 0.3529229

$s500.ptime
[1] 1.969

$s500.time
[1] 0.019

$s500.rmse
[1] 0.2702903

$s1000.ptime
[1] 3.465

$s1000.time
[1] 0.036

$s1000.rmse
[1] 0.1843281

$s2500.ptime
[1] 27.97

$s2500.time
[1] 0.131

$s2500.rmse
[1] 0.1123709

$s5000.ptime
[1] 173.833

$s5000.time
[1] 0.161

$s5000.rmse
[1] 0.07532936

        seed            p    full.time    full.rmse     l25.time     l25.rmse 
    2472.000       10.000        0.097        0.059        4.228        0.188 
    l50.time     l50.rmse    l100.time    l100.rmse    l250.time    l250.rmse 
       4.381        0.156        5.930        0.133       21.772        0.101 
   l500.time    l500.rmse  o25_i.ptime   o25_i.time   o25_i.rmse  o50_i.ptime 
     109.784        0.083        0.328        0.294        0.556        0.257 
  o50_i.time   o50_i.rmse o100_i.ptime  o100_i.time  o100_i.rmse o250_i.ptime 
       0.245        0.514        0.246        0.217        0.433        0.735 
 o250_i.time  o250_i.rmse o500_i.ptime  o500_i.time  o500_i.rmse  o25_d.ptime 
       0.600        0.322        2.148        0.196        0.247        0.698 
  o25_d.time   o25_d.rmse  o50_d.ptime   o50_d.time   o50_d.rmse o100_d.ptime 
       0.762        0.455        0.156        1.110        0.391        0.055 
 o100_d.time  o100_d.rmse o250_d.ptime  o250_d.time  o250_d.rmse o500_d.ptime 
       1.985        0.316        0.048        8.092        0.231        0.124 
 o500_d.time  o500_d.rmse  c25_i.ptime   c25_i.time   c25_i.rmse  c50_i.ptime 
      33.188        0.170        1.840        0.324        0.335        1.489 
  c50_i.time   c50_i.rmse c100_i.ptime  c100_i.time  c100_i.rmse c250_i.ptime 
       0.256        0.274        0.981        0.233        0.231        1.071 
 c250_i.time  c250_i.rmse c500_i.ptime  c500_i.time  c500_i.rmse  c25_d.ptime 
       0.174        0.179        2.606        0.231        0.149        2.130 
  c25_d.time   c25_d.rmse  c50_d.ptime   c50_d.time   c50_d.rmse c100_d.ptime 
       1.230        0.256        1.105        1.400        0.213        0.649 
 c100_d.time  c100_d.rmse c250_d.ptime  c250_d.time  c250_d.rmse c500_d.ptime 
       2.702        0.183        0.534        8.927        0.144        0.422 
 c500_d.time  c500_d.rmse    s25.ptime     s25.time     s25.rmse    s50.ptime 
      35.411        0.118        0.407        0.001        0.630        0.433 
    s50.time     s50.rmse   s100.ptime    s100.time    s100.rmse   s250.ptime 
       0.001        0.606        0.637        0.004        0.424        1.425 
   s250.time    s250.rmse   s500.ptime    s500.time    s500.rmse  s1000.ptime 
       0.009        0.353        1.969        0.019        0.270        3.465 
  s1000.time   s1000.rmse  s2500.ptime   s2500.time   s2500.rmse  s5000.ptime 
       0.036        0.184       27.970        0.131        0.112      173.833 
  s5000.time   s5000.rmse 
       0.161        0.075 
[1] 0.8848412
$full.time
[1] 0.086

$full.rmse
[1] 0.05698287

$full.time
[1] 0.086

$full.rmse
[1] 0.05698287

$l25.time
[1] 4.078

$l25.rmse
[1] 0.1948128

$l50.time
[1] 4.225

$l50.rmse
[1] 0.1602646

$l100.time
[1] 5.776

$l100.rmse
[1] 0.1280792

$l250.time
[1] 20.599

$l250.rmse
[1] 0.1004947

$l500.time
[1] 106.931

$l500.rmse
[1] 0.08410388

$o25_i.ptime
[1] 0.307

$o25_i.time
[1] 0.33

$o25_i.rmse
[1] 0.6224194

$o50_i.ptime
[1] 0.223

$o50_i.time
[1] 0.628

$o50_i.rmse
[1] 0.5572454

$o100_i.ptime
[1] 0.251

$o100_i.time
[1] 0.159

$o100_i.rmse
[1] 0.4473811

$o250_i.ptime
[1] 0.781

$o250_i.time
[1] 0.143

$o250_i.rmse
[1] 0.336

$o500_i.ptime
[1] 2.177

$o500_i.time
[1] 0.174

$o500_i.rmse
[1] 0.2441707

$o25_d.ptime
[1] 0.726

$o25_d.time
[1] 0.749

$o25_d.rmse
[1] 0.5046044

$o50_d.ptime
[1] 0.16

$o50_d.time
[1] 0.915

$o50_d.rmse
[1] 0.4095376

$o100_d.ptime
[1] 0.061

$o100_d.time
[1] 1.828

$o100_d.rmse
[1] 0.3299065

$o250_d.ptime
[1] 0.026

$o250_d.time
[1] 8.116

$o250_d.rmse
[1] 0.2295651

$o500_d.ptime
[1] 0.041

$o500_d.time
[1] 32.333

$o500_d.rmse
[1] 0.1586733

$c25_i.ptime
[1] 1.964

$c25_i.time
[1] 0.306

$c25_i.rmse
[1] 0.3648616

$c50_i.ptime
[1] 1.15

$c50_i.time
[1] 0.239

$c50_i.rmse
[1] 0.2942784

$c100_i.ptime
[1] 0.878

$c100_i.time
[1] 0.237

$c100_i.rmse
[1] 0.2418987

$c250_i.ptime
[1] 1.36

$c250_i.time
[1] 0.222

$c250_i.rmse
[1] 0.180856

$c500_i.ptime
[1] 2.557

$c500_i.time
[1] 0.241

$c500_i.rmse
[1] 0.1407291

$c25_d.ptime
[1] 2.206

$c25_d.time
[1] 1.273

$c25_d.rmse
[1] 0.2775068

$c50_d.ptime
[1] 1.295

$c50_d.time
[1] 1.505

$c50_d.rmse
[1] 0.2401216

$c100_d.ptime
[1] 0.793

$c100_d.time
[1] 2.567

$c100_d.rmse
[1] 0.1811702

$c250_d.ptime
[1] 0.438

$c250_d.time
[1] 7.87

$c250_d.rmse
[1] 0.1490378

$c500_d.ptime
[1] 0.625

$c500_d.time
[1] 35.763

$c500_d.rmse
[1] 0.1188722

$s25.ptime
[1] 0.53

$s25.time
[1] 0.002

$s25.rmse
[1] 0.6925249

$s50.ptime
[1] 0.425

$s50.time
[1] 0.001

$s50.rmse
[1] 0.5780175

$s100.ptime
[1] 0.623

$s100.time
[1] 0.004

$s100.rmse
[1] 0.5051123

$s250.ptime
[1] 1.089

$s250.time
[1] 0.008

$s250.rmse
[1] 0.3724156

$s500.ptime
[1] 2.028

$s500.time
[1] 0.019

$s500.rmse
[1] 0.2460844

$s1000.ptime
[1] 3.767

$s1000.time
[1] 0.041

$s1000.rmse
[1] 0.1787508

$s2500.ptime
[1] 24.356

$s2500.time
[1] 0.104

$s2500.rmse
[1] 0.1076857

$s5000.ptime
[1] 170.39

$s5000.time
[1] 0.147

$s5000.rmse
[1] 0.0767353

        seed            p    full.time    full.rmse     l25.time     l25.rmse 
    2473.000       10.000        0.086        0.057        4.078        0.195 
    l50.time     l50.rmse    l100.time    l100.rmse    l250.time    l250.rmse 
       4.225        0.160        5.776        0.128       20.599        0.100 
   l500.time    l500.rmse  o25_i.ptime   o25_i.time   o25_i.rmse  o50_i.ptime 
     106.931        0.084        0.307        0.330        0.622        0.223 
  o50_i.time   o50_i.rmse o100_i.ptime  o100_i.time  o100_i.rmse o250_i.ptime 
       0.628        0.557        0.251        0.159        0.447        0.781 
 o250_i.time  o250_i.rmse o500_i.ptime  o500_i.time  o500_i.rmse  o25_d.ptime 
       0.143        0.336        2.177        0.174        0.244        0.726 
  o25_d.time   o25_d.rmse  o50_d.ptime   o50_d.time   o50_d.rmse o100_d.ptime 
       0.749        0.505        0.160        0.915        0.410        0.061 
 o100_d.time  o100_d.rmse o250_d.ptime  o250_d.time  o250_d.rmse o500_d.ptime 
       1.828        0.330        0.026        8.116        0.230        0.041 
 o500_d.time  o500_d.rmse  c25_i.ptime   c25_i.time   c25_i.rmse  c50_i.ptime 
      32.333        0.159        1.964        0.306        0.365        1.150 
  c50_i.time   c50_i.rmse c100_i.ptime  c100_i.time  c100_i.rmse c250_i.ptime 
       0.239        0.294        0.878        0.237        0.242        1.360 
 c250_i.time  c250_i.rmse c500_i.ptime  c500_i.time  c500_i.rmse  c25_d.ptime 
       0.222        0.181        2.557        0.241        0.141        2.206 
  c25_d.time   c25_d.rmse  c50_d.ptime   c50_d.time   c50_d.rmse c100_d.ptime 
       1.273        0.278        1.295        1.505        0.240        0.793 
 c100_d.time  c100_d.rmse c250_d.ptime  c250_d.time  c250_d.rmse c500_d.ptime 
       2.567        0.181        0.438        7.870        0.149        0.625 
 c500_d.time  c500_d.rmse    s25.ptime     s25.time     s25.rmse    s50.ptime 
      35.763        0.119        0.530        0.002        0.693        0.425 
    s50.time     s50.rmse   s100.ptime    s100.time    s100.rmse   s250.ptime 
       0.001        0.578        0.623        0.004        0.505        1.089 
   s250.time    s250.rmse   s500.ptime    s500.time    s500.rmse  s1000.ptime 
       0.008        0.372        2.028        0.019        0.246        3.767 
  s1000.time   s1000.rmse  s2500.ptime   s2500.time   s2500.rmse  s5000.ptime 
       0.041        0.179       24.356        0.104        0.108      170.390 
  s5000.time   s5000.rmse 
       0.147        0.077 
  seed  p full.time  full.rmse l25.time  l25.rmse l50.time  l50.rmse l100.time
1 2469 10     0.086 0.05867056    4.157 0.1874045    4.224 0.1557983     5.641
2 2470 10     0.080 0.05798426    4.197 0.1936351    4.181 0.1585183     5.757
3 2471 10     0.089 0.05903734    4.220 0.2001517    4.331 0.1621224     5.972
4 2472 10     0.097 0.05916985    4.228 0.1875906    4.381 0.1562110     5.930
5 2473 10     0.086 0.05698287    4.078 0.1948128    4.225 0.1602646     5.776
  l100.rmse l250.time  l250.rmse l500.time  l500.rmse o25_i.ptime o25_i.time
1 0.1237849    21.363 0.09507511   106.226 0.08063213       0.325      0.325
2 0.1290088    22.082 0.09991745   106.375 0.08530039       0.395      0.305
3 0.1286377    21.985 0.09894361   106.851 0.08340528       0.338      0.352
4 0.1326837    21.772 0.10102577   109.784 0.08250396       0.328      0.294
5 0.1280792    20.599 0.10049474   106.931 0.08410388       0.307      0.330
  o25_i.rmse o50_i.ptime o50_i.time o50_i.rmse o100_i.ptime o100_i.time
1  0.6023294       0.609      0.215  0.5262285        0.262       0.143
2  0.5936516       0.250      0.262  0.5187480        0.271       0.786
3  0.6066613       0.199      0.268  0.5315135        0.277       0.176
4  0.5559908       0.257      0.245  0.5144016        0.246       0.217
5  0.6224194       0.223      0.628  0.5572454        0.251       0.159
  o100_i.rmse o250_i.ptime o250_i.time o250_i.rmse o500_i.ptime o500_i.time
1   0.4581284        0.720       0.131   0.3389018        2.111       0.150
2   0.4431585        0.745       0.128   0.3242104        2.069       0.177
3   0.4460994        0.743       0.620   0.3272105        2.083       0.164
4   0.4330897        0.735       0.600   0.3218589        2.148       0.196
5   0.4473811        0.781       0.143   0.3360000        2.177       0.174
  o500_i.rmse o25_d.ptime o25_d.time o25_d.rmse o50_d.ptime o50_d.time
1   0.2428531       0.719      0.709  0.4937819       0.145      0.876
2   0.2596850       0.670      0.649  0.4821889       0.169      0.901
3   0.2556193       0.711      0.808  0.4958641       0.162      1.049
4   0.2473345       0.698      0.762  0.4545546       0.156      1.110
5   0.2441707       0.726      0.749  0.5046044       0.160      0.915
  o50_d.rmse o100_d.ptime o100_d.time o100_d.rmse o250_d.ptime o250_d.time
1  0.4134057        0.063       1.891   0.3412442        0.039       7.758
2  0.3994730        0.067       1.845   0.3233623        0.031       7.513
3  0.4009028        0.072       2.119   0.3372341        0.030       8.251
4  0.3914448        0.055       1.985   0.3157710        0.048       8.092
5  0.4095376        0.061       1.828   0.3299065        0.026       8.116
  o250_d.rmse o500_d.ptime o500_d.time o500_d.rmse c25_i.ptime c25_i.time
1   0.2324316        0.098      28.244   0.1620159       1.751      0.289
2   0.2258518        0.028      29.777   0.1712126       1.900      0.376
3   0.2213765        0.024      33.213   0.1732177       1.635      0.403
4   0.2306265        0.124      33.188   0.1701329       1.840      0.324
5   0.2295651        0.041      32.333   0.1586733       1.964      0.306
  c25_i.rmse c50_i.ptime c50_i.time c50_i.rmse c100_i.ptime c100_i.time
1  0.3442908       1.195      0.227  0.2764874        0.811       0.164
2  0.3254980       1.229      0.250  0.2807761        0.886       0.173
3  0.3430085       1.271      0.246  0.2933039        0.898       0.216
4  0.3350148       1.489      0.256  0.2740887        0.981       0.233
5  0.3648616       1.150      0.239  0.2942784        0.878       0.237
  c100_i.rmse c250_i.ptime c250_i.time c250_i.rmse c500_i.ptime c500_i.time
1   0.2331173        1.431       0.147   0.1828624        2.986       0.189
2   0.2497435        1.163       0.203   0.1791289        2.815       0.157
3   0.2477060        1.287       0.198   0.1970692        3.180       0.183
4   0.2309990        1.071       0.174   0.1788876        2.606       0.231
5   0.2418987        1.360       0.222   0.1808560        2.557       0.241
  c500_i.rmse c25_d.ptime c25_d.time c25_d.rmse c50_d.ptime c50_d.time
1   0.1433340       2.379      1.174  0.2838023       1.036      1.400
2   0.1542504       2.270      1.184  0.2681449       1.003      1.405
3   0.1523211       2.166      1.348  0.2829621       1.017      1.467
4   0.1493884       2.130      1.230  0.2564770       1.105      1.400
5   0.1407291       2.206      1.273  0.2775068       1.295      1.505
  c50_d.rmse c100_d.ptime c100_d.time c100_d.rmse c250_d.ptime c250_d.time
1  0.2256060        0.743       2.651   0.1860808        0.450      10.094
2  0.2175103        0.716       2.545   0.1930309        0.514       9.526
3  0.2341784        1.186       2.674   0.1919306        0.478       9.717
4  0.2130411        0.649       2.702   0.1829284        0.534       8.927
5  0.2401216        0.793       2.567   0.1811702        0.438       7.870
  c250_d.rmse c500_d.ptime c500_d.time c500_d.rmse s25.ptime s25.time  s25.rmse
1   0.1465238        0.348      46.290   0.1175143     0.731    0.001 0.6961968
2   0.1523961        0.395      36.117   0.1232177     0.361    0.001 0.6703122
3   0.1467303        0.382      35.886   0.1202231     0.342    0.001 0.7213078
4   0.1439772        0.422      35.411   0.1181230     0.407    0.001 0.6301269
5   0.1490378        0.625      35.763   0.1188722     0.530    0.002 0.6925249
  s50.ptime s50.time  s50.rmse s100.ptime s100.time s100.rmse s250.ptime
1     0.492    0.001 0.6227200      1.044     0.003 0.5122127      1.227
2     0.654    0.001 0.6226937      0.641     0.003 0.5064465      1.114
3     0.521    0.001 0.5731992      0.615     0.003 0.4954136      1.266
4     0.433    0.001 0.6057301      0.637     0.004 0.4240199      1.425
5     0.425    0.001 0.5780175      0.623     0.004 0.5051123      1.089
  s250.time s250.rmse s500.ptime s500.time s500.rmse s1000.ptime s1000.time
1     0.008 0.3554613      1.882     0.019 0.2547529       4.131      0.037
2     0.008 0.3925014      1.799     0.017 0.2899955       3.559      0.036
3     0.008 0.3402818      1.804     0.017 0.2764119       3.574      0.038
4     0.009 0.3529229      1.969     0.019 0.2702903       3.465      0.036
5     0.008 0.3724156      2.028     0.019 0.2460844       3.767      0.041
  s1000.rmse s2500.ptime s2500.time s2500.rmse s5000.ptime s5000.time
1  0.1830961      30.260      0.125  0.1086107     163.615      0.166
2  0.1832496      23.195      0.124  0.1131605     175.554      0.198
3  0.2057271      26.427      0.161  0.1191470     179.603      0.199
4  0.1843281      27.970      0.131  0.1123709     173.833      0.161
5  0.1787508      24.356      0.104  0.1076857     170.390      0.147
  s5000.rmse
1 0.07400293
2 0.07542882
3 0.07893324
4 0.07532936
5 0.07673530
> 
> proc.time()
    user   system  elapsed 
7853.722   45.803 8069.142 
