
R version 3.0.3 (2014-03-06) -- "Warm Puppy"
Copyright (C) 2014 The R Foundation for Statistical Computing
Platform: x86_64-unknown-linux-gnu (64-bit)

R is free software and comes with ABSOLUTELY NO WARRANTY.
You are welcome to redistribute it under certain conditions.
Type 'license()' or 'licence()' for distribution details.

  Natural language support but running in an English locale

R is a collaborative project with many contributors.
Type 'contributors()' for more information and
'citation()' on how to cite R or R packages in publications.

Type 'demo()' for some demos, 'help()' for on-line help, or
'help.start()' for an HTML browser interface to help.
Type 'q()' to quit R.

> print(.libPaths())
[1] "/usr/local/r-3.0.3/lib64/R/library"
> .libPaths("/mnt/home/rjparker/Rlib")
> print(.libPaths())
[1] "/mnt/home/rjparker/Rlib"            "/usr/local/r-3.0.3/lib64/R/library"
> setwd("/mnt/home/rjparker/git/block_int")
> 
> which_exp <- 5
> which_part <- 7
> source("R/sim_nblocks_pred.R")
Loading required package: spam
Loading required package: grid
Spam version 0.41-0 (2014-02-26) is loaded.
Type 'help( Spam)' or 'demo( spam)' for a short introduction 
and overview of this package.
Help for individual functions is also obtained by adding the
suffix '.spam' to the function name, e.g. 'help( chol.spam)'.

Attaching package: ‘spam’

The following objects are masked from ‘package:base’:

    backsolve, forwardsolve

Loading required package: maps
  pred  p   b tau Nper_p Npred Fzero sigma2
5 TRUE 10 1.5  10  10000  1000     0      1
[1] 0.8577461
$full.time
[1] 0.087

$full.rmse
[1] 0.05975671

$full.time
[1] 0.087

$full.rmse
[1] 0.05975671

$l25.time
[1] 4.229

$l25.rmse
[1] 0.1904947

$l50.time
[1] 3.435

$l50.rmse
[1] 0.1583182

$l100.time
[1] 4.651

$l100.rmse
[1] 0.1282598

$l250.time
[1] 17.512

$l250.rmse
[1] 0.09852861

$l500.time
[1] 85.687

$l500.rmse
[1] 0.08352129

$o25_i.ptime
[1] 0.21

$o25_i.time
[1] 0.215

$o25_i.rmse
[1] 0.5864487

$o50_i.ptime
[1] 0.465

$o50_i.time
[1] 0.146

$o50_i.rmse
[1] 0.5179089

$o100_i.ptime
[1] 0.184

$o100_i.time
[1] 0.12

$o100_i.rmse
[1] 0.419247

$o250_i.ptime
[1] 0.704

$o250_i.time
[1] 0.151

$o250_i.rmse
[1] 0.3302202

$o500_i.ptime
[1] 1.793

$o500_i.time
[1] 0.162

$o500_i.rmse
[1] 0.2406655

$o25_d.ptime
[1] 0.624

$o25_d.time
[1] 0.59

$o25_d.rmse
[1] 0.4597176

$o50_d.ptime
[1] 0.146

$o50_d.time
[1] 0.757

$o50_d.rmse
[1] 0.3891721

$o100_d.ptime
[1] 0.056

$o100_d.time
[1] 1.798

$o100_d.rmse
[1] 0.3188769

$o250_d.ptime
[1] 0.03

$o250_d.time
[1] 7.425

$o250_d.rmse
[1] 0.2327394

$o500_d.ptime
[1] 0.09

$o500_d.time
[1] 46.335

$o500_d.rmse
[1] 0.162011

$c25_i.ptime
[1] 1.499

$c25_i.time
[1] 0.292

$c25_i.rmse
[1] 0.3343971

$c50_i.ptime
[1] 1.339

$c50_i.time
[1] 0.211

$c50_i.rmse
[1] 0.2848561

$c100_i.ptime
[1] 0.863

$c100_i.time
[1] 0.128

$c100_i.rmse
[1] 0.2310458

$c250_i.ptime
[1] 0.754

$c250_i.time
[1] 0.115

$c250_i.rmse
[1] 0.1877923

$c500_i.ptime
[1] 1.88

$c500_i.time
[1] 0.139

$c500_i.rmse
[1] 0.1490135

$c25_d.ptime
[1] 1.773

$c25_d.time
[1] 0.816

$c25_d.rmse
[1] 0.2709789

$c50_d.ptime
[1] 1.318

$c50_d.time
[1] 1.292

$c50_d.rmse
[1] 0.2289887

$c100_d.ptime
[1] 0.482

$c100_d.time
[1] 2.296

$c100_d.rmse
[1] 0.1902761

$c250_d.ptime
[1] 0.651

$c250_d.time
[1] 8.623

$c250_d.rmse
[1] 0.1525392

$c500_d.ptime
[1] 0.486

$c500_d.time
[1] 31.457

$c500_d.rmse
[1] 0.1203829

$s25.ptime
[1] 0.465

$s25.time
[1] 0.001

$s25.rmse
[1] 0.6385484

$s50.ptime
[1] 0.584

$s50.time
[1] 0.001

$s50.rmse
[1] 0.5273998

$s100.ptime
[1] 0.922

$s100.time
[1] 0.004

$s100.rmse
[1] 0.4692232

$s250.ptime
[1] 0.959

$s250.time
[1] 0.007

$s250.rmse
[1] 0.3430599

$s500.ptime
[1] 1.733

$s500.time
[1] 0.018

$s500.rmse
[1] 0.2654832

$s1000.ptime
[1] 3.228

$s1000.time
[1] 0.037

$s1000.rmse
[1] 0.1806867

$s2500.ptime
[1] 36.969

$s2500.time
[1] 0.089

$s2500.rmse
[1] 0.1090097

$s5000.ptime
[1] 128.97

$s5000.time
[1] 0.151

$s5000.rmse
[1] 0.07646619

        seed            p    full.time    full.rmse     l25.time     l25.rmse 
    2414.000       10.000        0.087        0.060        4.229        0.190 
    l50.time     l50.rmse    l100.time    l100.rmse    l250.time    l250.rmse 
       3.435        0.158        4.651        0.128       17.512        0.099 
   l500.time    l500.rmse  o25_i.ptime   o25_i.time   o25_i.rmse  o50_i.ptime 
      85.687        0.084        0.210        0.215        0.586        0.465 
  o50_i.time   o50_i.rmse o100_i.ptime  o100_i.time  o100_i.rmse o250_i.ptime 
       0.146        0.518        0.184        0.120        0.419        0.704 
 o250_i.time  o250_i.rmse o500_i.ptime  o500_i.time  o500_i.rmse  o25_d.ptime 
       0.151        0.330        1.793        0.162        0.241        0.624 
  o25_d.time   o25_d.rmse  o50_d.ptime   o50_d.time   o50_d.rmse o100_d.ptime 
       0.590        0.460        0.146        0.757        0.389        0.056 
 o100_d.time  o100_d.rmse o250_d.ptime  o250_d.time  o250_d.rmse o500_d.ptime 
       1.798        0.319        0.030        7.425        0.233        0.090 
 o500_d.time  o500_d.rmse  c25_i.ptime   c25_i.time   c25_i.rmse  c50_i.ptime 
      46.335        0.162        1.499        0.292        0.334        1.339 
  c50_i.time   c50_i.rmse c100_i.ptime  c100_i.time  c100_i.rmse c250_i.ptime 
       0.211        0.285        0.863        0.128        0.231        0.754 
 c250_i.time  c250_i.rmse c500_i.ptime  c500_i.time  c500_i.rmse  c25_d.ptime 
       0.115        0.188        1.880        0.139        0.149        1.773 
  c25_d.time   c25_d.rmse  c50_d.ptime   c50_d.time   c50_d.rmse c100_d.ptime 
       0.816        0.271        1.318        1.292        0.229        0.482 
 c100_d.time  c100_d.rmse c250_d.ptime  c250_d.time  c250_d.rmse c500_d.ptime 
       2.296        0.190        0.651        8.623        0.153        0.486 
 c500_d.time  c500_d.rmse    s25.ptime     s25.time     s25.rmse    s50.ptime 
      31.457        0.120        0.465        0.001        0.639        0.584 
    s50.time     s50.rmse   s100.ptime    s100.time    s100.rmse   s250.ptime 
       0.001        0.527        0.922        0.004        0.469        0.959 
   s250.time    s250.rmse   s500.ptime    s500.time    s500.rmse  s1000.ptime 
       0.007        0.343        1.733        0.018        0.265        3.228 
  s1000.time   s1000.rmse  s2500.ptime   s2500.time   s2500.rmse  s5000.ptime 
       0.037        0.181       36.969        0.089        0.109      128.970 
  s5000.time   s5000.rmse 
       0.151        0.076 
[1] 0.9118346
$full.time
[1] 0.072

$full.rmse
[1] 0.05791971

$full.time
[1] 0.072

$full.rmse
[1] 0.05791971

$l25.time
[1] 3.493

$l25.rmse
[1] 0.2040554

$l50.time
[1] 3.224

$l50.rmse
[1] 0.1663588

$l100.time
[1] 4.773

$l100.rmse
[1] 0.1240274

$l250.time
[1] 18.049

$l250.rmse
[1] 0.09947021

$l500.time
[1] 87.826

$l500.rmse
[1] 0.08328632

$o25_i.ptime
[1] 0.22

$o25_i.time
[1] 0.23

$o25_i.rmse
[1] 0.5942549

$o50_i.ptime
[1] 0.153

$o50_i.time
[1] 0.164

$o50_i.rmse
[1] 0.5115206

$o100_i.ptime
[1] 0.187

$o100_i.time
[1] 0.428

$o100_i.rmse
[1] 0.4296466

$o250_i.ptime
[1] 0.544

$o250_i.time
[1] 0.103

$o250_i.rmse
[1] 0.336169

$o500_i.ptime
[1] 1.397

$o500_i.time
[1] 0.113

$o500_i.rmse
[1] 0.2494479

$o25_d.ptime
[1] 0.565

$o25_d.time
[1] 0.479

$o25_d.rmse
[1] 0.4576562

$o50_d.ptime
[1] 0.128

$o50_d.time
[1] 0.649

$o50_d.rmse
[1] 0.3914898

$o100_d.ptime
[1] 0.049

$o100_d.time
[1] 1.369

$o100_d.rmse
[1] 0.3191343

$o250_d.ptime
[1] 0.025

$o250_d.time
[1] 6.025

$o250_d.rmse
[1] 0.2236675

$o500_d.ptime
[1] 0.022

$o500_d.time
[1] 25.387

$o500_d.rmse
[1] 0.1632763

$c25_i.ptime
[1] 1.68

$c25_i.time
[1] 0.337

$c25_i.rmse
[1] 0.3448537

$c50_i.ptime
[1] 1.14

$c50_i.time
[1] 0.236

$c50_i.rmse
[1] 0.2807896

$c100_i.ptime
[1] 0.912

$c100_i.time
[1] 0.187

$c100_i.rmse
[1] 0.2421481

$c250_i.ptime
[1] 1.108

$c250_i.time
[1] 0.175

$c250_i.rmse
[1] 0.1961951

$c500_i.ptime
[1] 2.174

$c500_i.time
[1] 0.154

$c500_i.rmse
[1] 0.1540092

$c25_d.ptime
[1] 1.633

$c25_d.time
[1] 0.786

$c25_d.rmse
[1] 0.2771475

$c50_d.ptime
[1] 1.131

$c50_d.time
[1] 1.133

$c50_d.rmse
[1] 0.2230519

$c100_d.ptime
[1] 0.605

$c100_d.time
[1] 2.074

$c100_d.rmse
[1] 0.1938992

$c250_d.ptime
[1] 0.349

$c250_d.time
[1] 7.831

$c250_d.rmse
[1] 0.1412985

$c500_d.ptime
[1] 0.46

$c500_d.time
[1] 30.971

$c500_d.rmse
[1] 0.1135149

$s25.ptime
[1] 0.395

$s25.time
[1] 0.001

$s25.rmse
[1] 0.6685038

$s50.ptime
[1] 0.348

$s50.time
[1] 0.001

$s50.rmse
[1] 0.6138849

$s100.ptime
[1] 0.641

$s100.time
[1] 0.003

$s100.rmse
[1] 0.501024

$s250.ptime
[1] 1.079

$s250.time
[1] 0.008

$s250.rmse
[1] 0.3502754

$s500.ptime
[1] 1.784

$s500.time
[1] 0.014

$s500.rmse
[1] 0.2591924

$s1000.ptime
[1] 2.75

$s1000.time
[1] 0.028

$s1000.rmse
[1] 0.17687

$s2500.ptime
[1] 19.726

$s2500.time
[1] 0.103

$s2500.rmse
[1] 0.107089

$s5000.ptime
[1] 111.326

$s5000.time
[1] 0.162

$s5000.rmse
[1] 0.07494995

        seed            p    full.time    full.rmse     l25.time     l25.rmse 
    2415.000       10.000        0.072        0.058        3.493        0.204 
    l50.time     l50.rmse    l100.time    l100.rmse    l250.time    l250.rmse 
       3.224        0.166        4.773        0.124       18.049        0.099 
   l500.time    l500.rmse  o25_i.ptime   o25_i.time   o25_i.rmse  o50_i.ptime 
      87.826        0.083        0.220        0.230        0.594        0.153 
  o50_i.time   o50_i.rmse o100_i.ptime  o100_i.time  o100_i.rmse o250_i.ptime 
       0.164        0.512        0.187        0.428        0.430        0.544 
 o250_i.time  o250_i.rmse o500_i.ptime  o500_i.time  o500_i.rmse  o25_d.ptime 
       0.103        0.336        1.397        0.113        0.249        0.565 
  o25_d.time   o25_d.rmse  o50_d.ptime   o50_d.time   o50_d.rmse o100_d.ptime 
       0.479        0.458        0.128        0.649        0.391        0.049 
 o100_d.time  o100_d.rmse o250_d.ptime  o250_d.time  o250_d.rmse o500_d.ptime 
       1.369        0.319        0.025        6.025        0.224        0.022 
 o500_d.time  o500_d.rmse  c25_i.ptime   c25_i.time   c25_i.rmse  c50_i.ptime 
      25.387        0.163        1.680        0.337        0.345        1.140 
  c50_i.time   c50_i.rmse c100_i.ptime  c100_i.time  c100_i.rmse c250_i.ptime 
       0.236        0.281        0.912        0.187        0.242        1.108 
 c250_i.time  c250_i.rmse c500_i.ptime  c500_i.time  c500_i.rmse  c25_d.ptime 
       0.175        0.196        2.174        0.154        0.154        1.633 
  c25_d.time   c25_d.rmse  c50_d.ptime   c50_d.time   c50_d.rmse c100_d.ptime 
       0.786        0.277        1.131        1.133        0.223        0.605 
 c100_d.time  c100_d.rmse c250_d.ptime  c250_d.time  c250_d.rmse c500_d.ptime 
       2.074        0.194        0.349        7.831        0.141        0.460 
 c500_d.time  c500_d.rmse    s25.ptime     s25.time     s25.rmse    s50.ptime 
      30.971        0.114        0.395        0.001        0.669        0.348 
    s50.time     s50.rmse   s100.ptime    s100.time    s100.rmse   s250.ptime 
       0.001        0.614        0.641        0.003        0.501        1.079 
   s250.time    s250.rmse   s500.ptime    s500.time    s500.rmse  s1000.ptime 
       0.008        0.350        1.784        0.014        0.259        2.750 
  s1000.time   s1000.rmse  s2500.ptime   s2500.time   s2500.rmse  s5000.ptime 
       0.028        0.177       19.726        0.103        0.107      111.326 
  s5000.time   s5000.rmse 
       0.162        0.075 
[1] 0.8859092
$full.time
[1] 0.079

$full.rmse
[1] 0.06001525

$full.time
[1] 0.079

$full.rmse
[1] 0.06001525

$l25.time
[1] 4.068

$l25.rmse
[1] 0.195914

$l50.time
[1] 3.3

$l50.rmse
[1] 0.1630351

$l100.time
[1] 5.184

$l100.rmse
[1] 0.1326046

$l250.time
[1] 17.991

$l250.rmse
[1] 0.0998217

$l500.time
[1] 89.586

$l500.rmse
[1] 0.08443043

$o25_i.ptime
[1] 0.246

$o25_i.time
[1] 0.261

$o25_i.rmse
[1] 0.6308734

$o50_i.ptime
[1] 0.172

$o50_i.time
[1] 0.179

$o50_i.rmse
[1] 0.5391828

$o100_i.ptime
[1] 0.247

$o100_i.time
[1] 0.181

$o100_i.rmse
[1] 0.454594

$o250_i.ptime
[1] 0.635

$o250_i.time
[1] 0.48

$o250_i.rmse
[1] 0.3529353

$o500_i.ptime
[1] 1.734

$o500_i.time
[1] 0.169

$o500_i.rmse
[1] 0.253874

$o25_d.ptime
[1] 0.639

$o25_d.time
[1] 0.692

$o25_d.rmse
[1] 0.5105181

$o50_d.ptime
[1] 0.149

$o50_d.time
[1] 0.87

$o50_d.rmse
[1] 0.4231448

$o100_d.ptime
[1] 0.067

$o100_d.time
[1] 1.777

$o100_d.rmse
[1] 0.3264164

$o250_d.ptime
[1] 0.039

$o250_d.time
[1] 7.751

$o250_d.rmse
[1] 0.2322177

$o500_d.ptime
[1] 0.023

$o500_d.time
[1] 26.683

$o500_d.rmse
[1] 0.1708644

$c25_i.ptime
[1] 1.481

$c25_i.time
[1] 0.226

$c25_i.rmse
[1] 0.3567534

$c50_i.ptime
[1] 1.002

$c50_i.time
[1] 0.167

$c50_i.rmse
[1] 0.2861892

$c100_i.ptime
[1] 0.665

$c100_i.time
[1] 0.134

$c100_i.rmse
[1] 0.2337753

$c250_i.ptime
[1] 1.118

$c250_i.time
[1] 0.121

$c250_i.rmse
[1] 0.2003057

$c500_i.ptime
[1] 1.905

$c500_i.time
[1] 0.141

$c500_i.rmse
[1] 0.153167

$c25_d.ptime
[1] 2.03

$c25_d.time
[1] 1.043

$c25_d.rmse
[1] 0.2673848

$c50_d.ptime
[1] 1.04

$c50_d.time
[1] 1.291

$c50_d.rmse
[1] 0.2398991

$c100_d.ptime
[1] 0.664

$c100_d.time
[1] 2.387

$c100_d.rmse
[1] 0.1869731

$c250_d.ptime
[1] 0.357

$c250_d.time
[1] 7.344

$c250_d.rmse
[1] 0.1555312

$c500_d.ptime
[1] 0.381

$c500_d.time
[1] 32.699

$c500_d.rmse
[1] 0.1188864

$s25.ptime
[1] 0.283

$s25.time
[1] 0.001

$s25.rmse
[1] 0.6965962

$s50.ptime
[1] 0.409

$s50.time
[1] 0.002

$s50.rmse
[1] 0.5836669

$s100.ptime
[1] 0.617

$s100.time
[1] 0.003

$s100.rmse
[1] 0.5024333

$s250.ptime
[1] 1.205

$s250.time
[1] 0.007

$s250.rmse
[1] 0.3733743

$s500.ptime
[1] 1.777

$s500.time
[1] 0.016

$s500.rmse
[1] 0.2518047

$s1000.ptime
[1] 2.954

$s1000.time
[1] 0.032

$s1000.rmse
[1] 0.1894725

$s2500.ptime
[1] 20.34

$s2500.time
[1] 0.08

$s2500.rmse
[1] 0.1105054

$s5000.ptime
[1] 145.113

$s5000.time
[1] 0.162

$s5000.rmse
[1] 0.0773679

        seed            p    full.time    full.rmse     l25.time     l25.rmse 
    2416.000       10.000        0.079        0.060        4.068        0.196 
    l50.time     l50.rmse    l100.time    l100.rmse    l250.time    l250.rmse 
       3.300        0.163        5.184        0.133       17.991        0.100 
   l500.time    l500.rmse  o25_i.ptime   o25_i.time   o25_i.rmse  o50_i.ptime 
      89.586        0.084        0.246        0.261        0.631        0.172 
  o50_i.time   o50_i.rmse o100_i.ptime  o100_i.time  o100_i.rmse o250_i.ptime 
       0.179        0.539        0.247        0.181        0.455        0.635 
 o250_i.time  o250_i.rmse o500_i.ptime  o500_i.time  o500_i.rmse  o25_d.ptime 
       0.480        0.353        1.734        0.169        0.254        0.639 
  o25_d.time   o25_d.rmse  o50_d.ptime   o50_d.time   o50_d.rmse o100_d.ptime 
       0.692        0.511        0.149        0.870        0.423        0.067 
 o100_d.time  o100_d.rmse o250_d.ptime  o250_d.time  o250_d.rmse o500_d.ptime 
       1.777        0.326        0.039        7.751        0.232        0.023 
 o500_d.time  o500_d.rmse  c25_i.ptime   c25_i.time   c25_i.rmse  c50_i.ptime 
      26.683        0.171        1.481        0.226        0.357        1.002 
  c50_i.time   c50_i.rmse c100_i.ptime  c100_i.time  c100_i.rmse c250_i.ptime 
       0.167        0.286        0.665        0.134        0.234        1.118 
 c250_i.time  c250_i.rmse c500_i.ptime  c500_i.time  c500_i.rmse  c25_d.ptime 
       0.121        0.200        1.905        0.141        0.153        2.030 
  c25_d.time   c25_d.rmse  c50_d.ptime   c50_d.time   c50_d.rmse c100_d.ptime 
       1.043        0.267        1.040        1.291        0.240        0.664 
 c100_d.time  c100_d.rmse c250_d.ptime  c250_d.time  c250_d.rmse c500_d.ptime 
       2.387        0.187        0.357        7.344        0.156        0.381 
 c500_d.time  c500_d.rmse    s25.ptime     s25.time     s25.rmse    s50.ptime 
      32.699        0.119        0.283        0.001        0.697        0.409 
    s50.time     s50.rmse   s100.ptime    s100.time    s100.rmse   s250.ptime 
       0.002        0.584        0.617        0.003        0.502        1.205 
   s250.time    s250.rmse   s500.ptime    s500.time    s500.rmse  s1000.ptime 
       0.007        0.373        1.777        0.016        0.252        2.954 
  s1000.time   s1000.rmse  s2500.ptime   s2500.time   s2500.rmse  s5000.ptime 
       0.032        0.189       20.340        0.080        0.111      145.113 
  s5000.time   s5000.rmse 
       0.162        0.077 
[1] 0.7508812
$full.time
[1] 0.064

$full.rmse
[1] 0.05973924

$full.time
[1] 0.064

$full.rmse
[1] 0.05973924

$l25.time
[1] 3.889

$l25.rmse
[1] 0.1928897

$l50.time
[1] 4.782

$l50.rmse
[1] 0.1566644

$l100.time
[1] 6.636

$l100.rmse
[1] 0.1250907

$l250.time
[1] 18.525

$l250.rmse
[1] 0.09466734

$l500.time
[1] 89.787

$l500.rmse
[1] 0.08340627

$o25_i.ptime
[1] 0.243

$o25_i.time
[1] 0.242

$o25_i.rmse
[1] 0.5873479

$o50_i.ptime
[1] 0.18

$o50_i.time
[1] 0.185

$o50_i.rmse
[1] 0.519823

$o100_i.ptime
[1] 0.203

$o100_i.time
[1] 0.139

$o100_i.rmse
[1] 0.4477349

$o250_i.ptime
[1] 0.907

$o250_i.time
[1] 0.124

$o250_i.rmse
[1] 0.3367474

$o500_i.ptime
[1] 1.419

$o500_i.time
[1] 0.128

$o500_i.rmse
[1] 0.2629059

$o25_d.ptime
[1] 0.58

$o25_d.time
[1] 0.532

$o25_d.rmse
[1] 0.4736541

$o50_d.ptime
[1] 0.133

$o50_d.time
[1] 0.683

$o50_d.rmse
[1] 0.4135689

$o100_d.ptime
[1] 0.048

$o100_d.time
[1] 1.508

$o100_d.rmse
[1] 0.3440776

$o250_d.ptime
[1] 0.03

$o250_d.time
[1] 5.886

$o250_d.rmse
[1] 0.2302658

$o500_d.ptime
[1] 0.054

$o500_d.time
[1] 27.133

$o500_d.rmse
[1] 0.1632395

$c25_i.ptime
[1] 1.71

$c25_i.time
[1] 0.341

$c25_i.rmse
[1] 0.3387588

$c50_i.ptime
[1] 0.936

$c50_i.time
[1] 0.242

$c50_i.rmse
[1] 0.279512

$c100_i.ptime
[1] 0.829

$c100_i.time
[1] 0.209

$c100_i.rmse
[1] 0.2367881

$c250_i.ptime
[1] 1.065

$c250_i.time
[1] 0.187

$c250_i.rmse
[1] 0.1766274

$c500_i.ptime
[1] 1.692

$c500_i.time
[1] 0.134

$c500_i.rmse
[1] 0.1491299

$c25_d.ptime
[1] 1.653

$c25_d.time
[1] 0.93

$c25_d.rmse
[1] 0.2731481

$c50_d.ptime
[1] 0.893

$c50_d.time
[1] 1.087

$c50_d.rmse
[1] 0.2251777

$c100_d.ptime
[1] 0.667

$c100_d.time
[1] 2.31

$c100_d.rmse
[1] 0.1923855

$c250_d.ptime
[1] 0.487

$c250_d.time
[1] 7.635

$c250_d.rmse
[1] 0.1450906

$c500_d.ptime
[1] 0.302

$c500_d.time
[1] 27.168

$c500_d.rmse
[1] 0.117239

$s25.ptime
[1] 0.365

$s25.time
[1] 0.001

$s25.rmse
[1] 0.6347803

$s50.ptime
[1] 0.316

$s50.time
[1] 0.001

$s50.rmse
[1] 0.5376656

$s100.ptime
[1] 0.748

$s100.time
[1] 0.004

$s100.rmse
[1] 0.463919

$s250.ptime
[1] 1.334

$s250.time
[1] 0.008

$s250.rmse
[1] 0.3426457

$s500.ptime
[1] 1.716

$s500.time
[1] 0.016

$s500.rmse
[1] 0.2540626

$s1000.ptime
[1] 2.788

$s1000.time
[1] 0.031

$s1000.rmse
[1] 0.1876982

$s2500.ptime
[1] 21.173

$s2500.time
[1] 0.077

$s2500.rmse
[1] 0.1086908

$s5000.ptime
[1] 138.999

$s5000.time
[1] 0.244

$s5000.rmse
[1] 0.07567474

        seed            p    full.time    full.rmse     l25.time     l25.rmse 
    2417.000       10.000        0.064        0.060        3.889        0.193 
    l50.time     l50.rmse    l100.time    l100.rmse    l250.time    l250.rmse 
       4.782        0.157        6.636        0.125       18.525        0.095 
   l500.time    l500.rmse  o25_i.ptime   o25_i.time   o25_i.rmse  o50_i.ptime 
      89.787        0.083        0.243        0.242        0.587        0.180 
  o50_i.time   o50_i.rmse o100_i.ptime  o100_i.time  o100_i.rmse o250_i.ptime 
       0.185        0.520        0.203        0.139        0.448        0.907 
 o250_i.time  o250_i.rmse o500_i.ptime  o500_i.time  o500_i.rmse  o25_d.ptime 
       0.124        0.337        1.419        0.128        0.263        0.580 
  o25_d.time   o25_d.rmse  o50_d.ptime   o50_d.time   o50_d.rmse o100_d.ptime 
       0.532        0.474        0.133        0.683        0.414        0.048 
 o100_d.time  o100_d.rmse o250_d.ptime  o250_d.time  o250_d.rmse o500_d.ptime 
       1.508        0.344        0.030        5.886        0.230        0.054 
 o500_d.time  o500_d.rmse  c25_i.ptime   c25_i.time   c25_i.rmse  c50_i.ptime 
      27.133        0.163        1.710        0.341        0.339        0.936 
  c50_i.time   c50_i.rmse c100_i.ptime  c100_i.time  c100_i.rmse c250_i.ptime 
       0.242        0.280        0.829        0.209        0.237        1.065 
 c250_i.time  c250_i.rmse c500_i.ptime  c500_i.time  c500_i.rmse  c25_d.ptime 
       0.187        0.177        1.692        0.134        0.149        1.653 
  c25_d.time   c25_d.rmse  c50_d.ptime   c50_d.time   c50_d.rmse c100_d.ptime 
       0.930        0.273        0.893        1.087        0.225        0.667 
 c100_d.time  c100_d.rmse c250_d.ptime  c250_d.time  c250_d.rmse c500_d.ptime 
       2.310        0.192        0.487        7.635        0.145        0.302 
 c500_d.time  c500_d.rmse    s25.ptime     s25.time     s25.rmse    s50.ptime 
      27.168        0.117        0.365        0.001        0.635        0.316 
    s50.time     s50.rmse   s100.ptime    s100.time    s100.rmse   s250.ptime 
       0.001        0.538        0.748        0.004        0.464        1.334 
   s250.time    s250.rmse   s500.ptime    s500.time    s500.rmse  s1000.ptime 
       0.008        0.343        1.716        0.016        0.254        2.788 
  s1000.time   s1000.rmse  s2500.ptime   s2500.time   s2500.rmse  s5000.ptime 
       0.031        0.188       21.173        0.077        0.109      138.999 
  s5000.time   s5000.rmse 
       0.244        0.076 
[1] 0.7880776
$full.time
[1] 0.097

$full.rmse
[1] 0.05497635

$full.time
[1] 0.097

$full.rmse
[1] 0.05497635

$l25.time
[1] 4.51

$l25.rmse
[1] 0.1923558

$l50.time
[1] 4.999

$l50.rmse
[1] 0.1615676

$l100.time
[1] 7.101

$l100.rmse
[1] 0.1250956

$l250.time
[1] 23.734

$l250.rmse
[1] 0.09557609

$l500.time
[1] 114.833

$l500.rmse
[1] 0.08142954

$o25_i.ptime
[1] 0.304

$o25_i.time
[1] 0.334

$o25_i.rmse
[1] 0.5833234

$o50_i.ptime
[1] 0.216

$o50_i.time
[1] 0.739

$o50_i.rmse
[1] 0.5292122

$o100_i.ptime
[1] 0.265

$o100_i.time
[1] 0.191

$o100_i.rmse
[1] 0.4352923

$o250_i.ptime
[1] 0.696

$o250_i.time
[1] 0.186

$o250_i.rmse
[1] 0.3176649

$o500_i.ptime
[1] 1.921

$o500_i.time
[1] 0.19

$o500_i.rmse
[1] 0.2379397

$o25_d.ptime
[1] 0.659

$o25_d.time
[1] 0.722

$o25_d.rmse
[1] 0.4775082

$o50_d.ptime
[1] 0.16

$o50_d.time
[1] 0.792

$o50_d.rmse
[1] 0.4003046

$o100_d.ptime
[1] 0.053

$o100_d.time
[1] 1.728

$o100_d.rmse
[1] 0.3206719

$o250_d.ptime
[1] 0.038

$o250_d.time
[1] 6.236

$o250_d.rmse
[1] 0.2229272

$o500_d.ptime
[1] 0.073

$o500_d.time
[1] 31.758

$o500_d.rmse
[1] 0.1565455

$c25_i.ptime
[1] 1.546

$c25_i.time
[1] 0.308

$c25_i.rmse
[1] 0.3446664

$c50_i.ptime
[1] 0.874

$c50_i.time
[1] 0.208

$c50_i.rmse
[1] 0.2861917

$c100_i.ptime
[1] 0.991

$c100_i.time
[1] 0.184

$c100_i.rmse
[1] 0.2465829

$c250_i.ptime
[1] 1.245

$c250_i.time
[1] 0.158

$c250_i.rmse
[1] 0.1878717

$c500_i.ptime
[1] 1.986

$c500_i.time
[1] 0.178

$c500_i.rmse
[1] 0.1585092

$c25_d.ptime
[1] 1.898

$c25_d.time
[1] 1.056

$c25_d.rmse
[1] 0.2759621

$c50_d.ptime
[1] 1.265

$c50_d.time
[1] 1.369

$c50_d.rmse
[1] 0.2305543

$c100_d.ptime
[1] 0.802

$c100_d.time
[1] 2.485

$c100_d.rmse
[1] 0.1920297

$c250_d.ptime
[1] 0.347

$c250_d.time
[1] 7.645

$c250_d.rmse
[1] 0.1369435

$c500_d.ptime
[1] 0.396

$c500_d.time
[1] 32.675

$c500_d.rmse
[1] 0.124132

$s25.ptime
[1] 0.372

$s25.time
[1] 0.001

$s25.rmse
[1] 0.6207135

$s50.ptime
[1] 0.531

$s50.time
[1] 0.002

$s50.rmse
[1] 0.5672778

$s100.ptime
[1] 0.676

$s100.time
[1] 0.003

$s100.rmse
[1] 0.4973875

$s250.ptime
[1] 1.013

$s250.time
[1] 0.009

$s250.rmse
[1] 0.3577855

$s500.ptime
[1] 1.723

$s500.time
[1] 0.021

$s500.rmse
[1] 0.2581814

$s1000.ptime
[1] 3.507

$s1000.time
[1] 0.042

$s1000.rmse
[1] 0.1808283

$s2500.ptime
[1] 21.258

$s2500.time
[1] 0.077

$s2500.rmse
[1] 0.1095173

$s5000.ptime
[1] 163.407

$s5000.time
[1] 0.223

$s5000.rmse
[1] 0.07320284

        seed            p    full.time    full.rmse     l25.time     l25.rmse 
    2418.000       10.000        0.097        0.055        4.510        0.192 
    l50.time     l50.rmse    l100.time    l100.rmse    l250.time    l250.rmse 
       4.999        0.162        7.101        0.125       23.734        0.096 
   l500.time    l500.rmse  o25_i.ptime   o25_i.time   o25_i.rmse  o50_i.ptime 
     114.833        0.081        0.304        0.334        0.583        0.216 
  o50_i.time   o50_i.rmse o100_i.ptime  o100_i.time  o100_i.rmse o250_i.ptime 
       0.739        0.529        0.265        0.191        0.435        0.696 
 o250_i.time  o250_i.rmse o500_i.ptime  o500_i.time  o500_i.rmse  o25_d.ptime 
       0.186        0.318        1.921        0.190        0.238        0.659 
  o25_d.time   o25_d.rmse  o50_d.ptime   o50_d.time   o50_d.rmse o100_d.ptime 
       0.722        0.478        0.160        0.792        0.400        0.053 
 o100_d.time  o100_d.rmse o250_d.ptime  o250_d.time  o250_d.rmse o500_d.ptime 
       1.728        0.321        0.038        6.236        0.223        0.073 
 o500_d.time  o500_d.rmse  c25_i.ptime   c25_i.time   c25_i.rmse  c50_i.ptime 
      31.758        0.157        1.546        0.308        0.345        0.874 
  c50_i.time   c50_i.rmse c100_i.ptime  c100_i.time  c100_i.rmse c250_i.ptime 
       0.208        0.286        0.991        0.184        0.247        1.245 
 c250_i.time  c250_i.rmse c500_i.ptime  c500_i.time  c500_i.rmse  c25_d.ptime 
       0.158        0.188        1.986        0.178        0.159        1.898 
  c25_d.time   c25_d.rmse  c50_d.ptime   c50_d.time   c50_d.rmse c100_d.ptime 
       1.056        0.276        1.265        1.369        0.231        0.802 
 c100_d.time  c100_d.rmse c250_d.ptime  c250_d.time  c250_d.rmse c500_d.ptime 
       2.485        0.192        0.347        7.645        0.137        0.396 
 c500_d.time  c500_d.rmse    s25.ptime     s25.time     s25.rmse    s50.ptime 
      32.675        0.124        0.372        0.001        0.621        0.531 
    s50.time     s50.rmse   s100.ptime    s100.time    s100.rmse   s250.ptime 
       0.002        0.567        0.676        0.003        0.497        1.013 
   s250.time    s250.rmse   s500.ptime    s500.time    s500.rmse  s1000.ptime 
       0.009        0.358        1.723        0.021        0.258        3.507 
  s1000.time   s1000.rmse  s2500.ptime   s2500.time   s2500.rmse  s5000.ptime 
       0.042        0.181       21.258        0.077        0.110      163.407 
  s5000.time   s5000.rmse 
       0.223        0.073 
  seed  p full.time  full.rmse l25.time  l25.rmse l50.time  l50.rmse l100.time
1 2414 10     0.087 0.05975671    4.229 0.1904947    3.435 0.1583182     4.651
2 2415 10     0.072 0.05791971    3.493 0.2040554    3.224 0.1663588     4.773
3 2416 10     0.079 0.06001525    4.068 0.1959140    3.300 0.1630351     5.184
4 2417 10     0.064 0.05973924    3.889 0.1928897    4.782 0.1566644     6.636
5 2418 10     0.097 0.05497635    4.510 0.1923558    4.999 0.1615676     7.101
  l100.rmse l250.time  l250.rmse l500.time  l500.rmse o25_i.ptime o25_i.time
1 0.1282598    17.512 0.09852861    85.687 0.08352129       0.210      0.215
2 0.1240274    18.049 0.09947021    87.826 0.08328632       0.220      0.230
3 0.1326046    17.991 0.09982170    89.586 0.08443043       0.246      0.261
4 0.1250907    18.525 0.09466734    89.787 0.08340627       0.243      0.242
5 0.1250956    23.734 0.09557609   114.833 0.08142954       0.304      0.334
  o25_i.rmse o50_i.ptime o50_i.time o50_i.rmse o100_i.ptime o100_i.time
1  0.5864487       0.465      0.146  0.5179089        0.184       0.120
2  0.5942549       0.153      0.164  0.5115206        0.187       0.428
3  0.6308734       0.172      0.179  0.5391828        0.247       0.181
4  0.5873479       0.180      0.185  0.5198230        0.203       0.139
5  0.5833234       0.216      0.739  0.5292122        0.265       0.191
  o100_i.rmse o250_i.ptime o250_i.time o250_i.rmse o500_i.ptime o500_i.time
1   0.4192470        0.704       0.151   0.3302202        1.793       0.162
2   0.4296466        0.544       0.103   0.3361690        1.397       0.113
3   0.4545940        0.635       0.480   0.3529353        1.734       0.169
4   0.4477349        0.907       0.124   0.3367474        1.419       0.128
5   0.4352923        0.696       0.186   0.3176649        1.921       0.190
  o500_i.rmse o25_d.ptime o25_d.time o25_d.rmse o50_d.ptime o50_d.time
1   0.2406655       0.624      0.590  0.4597176       0.146      0.757
2   0.2494479       0.565      0.479  0.4576562       0.128      0.649
3   0.2538740       0.639      0.692  0.5105181       0.149      0.870
4   0.2629059       0.580      0.532  0.4736541       0.133      0.683
5   0.2379397       0.659      0.722  0.4775082       0.160      0.792
  o50_d.rmse o100_d.ptime o100_d.time o100_d.rmse o250_d.ptime o250_d.time
1  0.3891721        0.056       1.798   0.3188769        0.030       7.425
2  0.3914898        0.049       1.369   0.3191343        0.025       6.025
3  0.4231448        0.067       1.777   0.3264164        0.039       7.751
4  0.4135689        0.048       1.508   0.3440776        0.030       5.886
5  0.4003046        0.053       1.728   0.3206719        0.038       6.236
  o250_d.rmse o500_d.ptime o500_d.time o500_d.rmse c25_i.ptime c25_i.time
1   0.2327394        0.090      46.335   0.1620110       1.499      0.292
2   0.2236675        0.022      25.387   0.1632763       1.680      0.337
3   0.2322177        0.023      26.683   0.1708644       1.481      0.226
4   0.2302658        0.054      27.133   0.1632395       1.710      0.341
5   0.2229272        0.073      31.758   0.1565455       1.546      0.308
  c25_i.rmse c50_i.ptime c50_i.time c50_i.rmse c100_i.ptime c100_i.time
1  0.3343971       1.339      0.211  0.2848561        0.863       0.128
2  0.3448537       1.140      0.236  0.2807896        0.912       0.187
3  0.3567534       1.002      0.167  0.2861892        0.665       0.134
4  0.3387588       0.936      0.242  0.2795120        0.829       0.209
5  0.3446664       0.874      0.208  0.2861917        0.991       0.184
  c100_i.rmse c250_i.ptime c250_i.time c250_i.rmse c500_i.ptime c500_i.time
1   0.2310458        0.754       0.115   0.1877923        1.880       0.139
2   0.2421481        1.108       0.175   0.1961951        2.174       0.154
3   0.2337753        1.118       0.121   0.2003057        1.905       0.141
4   0.2367881        1.065       0.187   0.1766274        1.692       0.134
5   0.2465829        1.245       0.158   0.1878717        1.986       0.178
  c500_i.rmse c25_d.ptime c25_d.time c25_d.rmse c50_d.ptime c50_d.time
1   0.1490135       1.773      0.816  0.2709789       1.318      1.292
2   0.1540092       1.633      0.786  0.2771475       1.131      1.133
3   0.1531670       2.030      1.043  0.2673848       1.040      1.291
4   0.1491299       1.653      0.930  0.2731481       0.893      1.087
5   0.1585092       1.898      1.056  0.2759621       1.265      1.369
  c50_d.rmse c100_d.ptime c100_d.time c100_d.rmse c250_d.ptime c250_d.time
1  0.2289887        0.482       2.296   0.1902761        0.651       8.623
2  0.2230519        0.605       2.074   0.1938992        0.349       7.831
3  0.2398991        0.664       2.387   0.1869731        0.357       7.344
4  0.2251777        0.667       2.310   0.1923855        0.487       7.635
5  0.2305543        0.802       2.485   0.1920297        0.347       7.645
  c250_d.rmse c500_d.ptime c500_d.time c500_d.rmse s25.ptime s25.time  s25.rmse
1   0.1525392        0.486      31.457   0.1203829     0.465    0.001 0.6385484
2   0.1412985        0.460      30.971   0.1135149     0.395    0.001 0.6685038
3   0.1555312        0.381      32.699   0.1188864     0.283    0.001 0.6965962
4   0.1450906        0.302      27.168   0.1172390     0.365    0.001 0.6347803
5   0.1369435        0.396      32.675   0.1241320     0.372    0.001 0.6207135
  s50.ptime s50.time  s50.rmse s100.ptime s100.time s100.rmse s250.ptime
1     0.584    0.001 0.5273998      0.922     0.004 0.4692232      0.959
2     0.348    0.001 0.6138849      0.641     0.003 0.5010240      1.079
3     0.409    0.002 0.5836669      0.617     0.003 0.5024333      1.205
4     0.316    0.001 0.5376656      0.748     0.004 0.4639190      1.334
5     0.531    0.002 0.5672778      0.676     0.003 0.4973875      1.013
  s250.time s250.rmse s500.ptime s500.time s500.rmse s1000.ptime s1000.time
1     0.007 0.3430599      1.733     0.018 0.2654832       3.228      0.037
2     0.008 0.3502754      1.784     0.014 0.2591924       2.750      0.028
3     0.007 0.3733743      1.777     0.016 0.2518047       2.954      0.032
4     0.008 0.3426457      1.716     0.016 0.2540626       2.788      0.031
5     0.009 0.3577855      1.723     0.021 0.2581814       3.507      0.042
  s1000.rmse s2500.ptime s2500.time s2500.rmse s5000.ptime s5000.time
1  0.1806867      36.969      0.089  0.1090097     128.970      0.151
2  0.1768700      19.726      0.103  0.1070890     111.326      0.162
3  0.1894725      20.340      0.080  0.1105054     145.113      0.162
4  0.1876982      21.173      0.077  0.1086908     138.999      0.244
5  0.1808283      21.258      0.077  0.1095173     163.407      0.223
  s5000.rmse
1 0.07646619
2 0.07494995
3 0.07736790
4 0.07567474
5 0.07320284
> 
> proc.time()
    user   system  elapsed 
3295.772   30.251 3383.762 
