
R version 3.0.3 (2014-03-06) -- "Warm Puppy"
Copyright (C) 2014 The R Foundation for Statistical Computing
Platform: x86_64-unknown-linux-gnu (64-bit)

R is free software and comes with ABSOLUTELY NO WARRANTY.
You are welcome to redistribute it under certain conditions.
Type 'license()' or 'licence()' for distribution details.

  Natural language support but running in an English locale

R is a collaborative project with many contributors.
Type 'contributors()' for more information and
'citation()' on how to cite R or R packages in publications.

Type 'demo()' for some demos, 'help()' for on-line help, or
'help.start()' for an HTML browser interface to help.
Type 'q()' to quit R.

> print(.libPaths())
[1] "/usr/local/r-3.0.3/lib64/R/library"
> .libPaths("/mnt/home/rjparker/Rlib")
> print(.libPaths())
[1] "/mnt/home/rjparker/Rlib"            "/usr/local/r-3.0.3/lib64/R/library"
> setwd("/mnt/home/rjparker/git/block_int")
> 
> which_exp <- 5
> which_part <- 17
> source("R/sim_nblocks_pred.R")
Loading required package: spam
Loading required package: grid
Spam version 0.41-0 (2014-02-26) is loaded.
Type 'help( Spam)' or 'demo( spam)' for a short introduction 
and overview of this package.
Help for individual functions is also obtained by adding the
suffix '.spam' to the function name, e.g. 'help( chol.spam)'.

Attaching package: ‘spam’

The following objects are masked from ‘package:base’:

    backsolve, forwardsolve

Loading required package: maps
  pred  p   b tau Nper_p Npred Fzero sigma2
5 TRUE 10 1.5  10  10000  1000     0      1
[1] 0.8030843
$full.time
[1] 0.111

$full.rmse
[1] 0.05799744

$full.time
[1] 0.111

$full.rmse
[1] 0.05799744

$l25.time
[1] 4.325

$l25.rmse
[1] 0.1756687

$l50.time
[1] 4.302

$l50.rmse
[1] 0.1476118

$l100.time
[1] 5.624

$l100.rmse
[1] 0.1225196

$l250.time
[1] 21.235

$l250.rmse
[1] 0.09685234

$l500.time
[1] 109.605

$l500.rmse
[1] 0.08375839

$o25_i.ptime
[1] 0.251

$o25_i.time
[1] 0.25

$o25_i.rmse
[1] 0.5363939

$o50_i.ptime
[1] 0.578

$o50_i.time
[1] 0.228

$o50_i.rmse
[1] 0.4720081

$o100_i.ptime
[1] 0.248

$o100_i.time
[1] 0.154

$o100_i.rmse
[1] 0.4185664

$o250_i.ptime
[1] 0.602

$o250_i.time
[1] 0.121

$o250_i.rmse
[1] 0.3272021

$o500_i.ptime
[1] 1.742

$o500_i.time
[1] 0.141

$o500_i.rmse
[1] 0.2484064

$o25_d.ptime
[1] 0.6

$o25_d.time
[1] 0.571

$o25_d.rmse
[1] 0.4496306

$o50_d.ptime
[1] 0.138

$o50_d.time
[1] 0.727

$o50_d.rmse
[1] 0.3805458

$o100_d.ptime
[1] 0.051

$o100_d.time
[1] 1.642

$o100_d.rmse
[1] 0.3215957

$o250_d.ptime
[1] 0.029

$o250_d.time
[1] 9.649

$o250_d.rmse
[1] 0.2253988

$o500_d.ptime
[1] 0.035

$o500_d.time
[1] 32.252

$o500_d.rmse
[1] 0.1742726

$c25_i.ptime
[1] 1.806

$c25_i.time
[1] 0.391

$c25_i.rmse
[1] 0.3049089

$c50_i.ptime
[1] 1.496

$c50_i.time
[1] 0.261

$c50_i.rmse
[1] 0.2709195

$c100_i.ptime
[1] 0.806

$c100_i.time
[1] 0.222

$c100_i.rmse
[1] 0.2288698

$c250_i.ptime
[1] 1.323

$c250_i.time
[1] 0.202

$c250_i.rmse
[1] 0.1910244

$c500_i.ptime
[1] 3.04

$c500_i.time
[1] 0.231

$c500_i.rmse
[1] 0.149249

$c25_d.ptime
[1] 2.256

$c25_d.time
[1] 1.442

$c25_d.rmse
[1] 0.2579459

$c50_d.ptime
[1] 1.079

$c50_d.time
[1] 1.673

$c50_d.rmse
[1] 0.2108168

$c100_d.ptime
[1] 0.816

$c100_d.time
[1] 2.933

$c100_d.rmse
[1] 0.189414

$c250_d.ptime
[1] 0.499

$c250_d.time
[1] 10.856

$c250_d.rmse
[1] 0.1449265

$c500_d.ptime
[1] 0.429

$c500_d.time
[1] 58.718

$c500_d.rmse
[1] 0.1221169

$s25.ptime
[1] 0.357

$s25.time
[1] 0.001

$s25.rmse
[1] 0.6013841

$s50.ptime
[1] 0.753

$s50.time
[1] 0.002

$s50.rmse
[1] 0.5229006

$s100.ptime
[1] 0.731

$s100.time
[1] 0.005

$s100.rmse
[1] 0.4408729

$s250.ptime
[1] 1.706

$s250.time
[1] 0.011

$s250.rmse
[1] 0.3681846

$s500.ptime
[1] 2.146

$s500.time
[1] 0.023

$s500.rmse
[1] 0.2620721

$s1000.ptime
[1] 4.152

$s1000.time
[1] 0.053

$s1000.rmse
[1] 0.180932

$s2500.ptime
[1] 25.13

$s2500.time
[1] 0.093

$s2500.rmse
[1] 0.1137129

$s5000.ptime
[1] 158.859

$s5000.time
[1] 0.164

$s5000.rmse
[1] 0.07637844

        seed            p    full.time    full.rmse     l25.time     l25.rmse 
    2464.000       10.000        0.111        0.058        4.325        0.176 
    l50.time     l50.rmse    l100.time    l100.rmse    l250.time    l250.rmse 
       4.302        0.148        5.624        0.123       21.235        0.097 
   l500.time    l500.rmse  o25_i.ptime   o25_i.time   o25_i.rmse  o50_i.ptime 
     109.605        0.084        0.251        0.250        0.536        0.578 
  o50_i.time   o50_i.rmse o100_i.ptime  o100_i.time  o100_i.rmse o250_i.ptime 
       0.228        0.472        0.248        0.154        0.419        0.602 
 o250_i.time  o250_i.rmse o500_i.ptime  o500_i.time  o500_i.rmse  o25_d.ptime 
       0.121        0.327        1.742        0.141        0.248        0.600 
  o25_d.time   o25_d.rmse  o50_d.ptime   o50_d.time   o50_d.rmse o100_d.ptime 
       0.571        0.450        0.138        0.727        0.381        0.051 
 o100_d.time  o100_d.rmse o250_d.ptime  o250_d.time  o250_d.rmse o500_d.ptime 
       1.642        0.322        0.029        9.649        0.225        0.035 
 o500_d.time  o500_d.rmse  c25_i.ptime   c25_i.time   c25_i.rmse  c50_i.ptime 
      32.252        0.174        1.806        0.391        0.305        1.496 
  c50_i.time   c50_i.rmse c100_i.ptime  c100_i.time  c100_i.rmse c250_i.ptime 
       0.261        0.271        0.806        0.222        0.229        1.323 
 c250_i.time  c250_i.rmse c500_i.ptime  c500_i.time  c500_i.rmse  c25_d.ptime 
       0.202        0.191        3.040        0.231        0.149        2.256 
  c25_d.time   c25_d.rmse  c50_d.ptime   c50_d.time   c50_d.rmse c100_d.ptime 
       1.442        0.258        1.079        1.673        0.211        0.816 
 c100_d.time  c100_d.rmse c250_d.ptime  c250_d.time  c250_d.rmse c500_d.ptime 
       2.933        0.189        0.499       10.856        0.145        0.429 
 c500_d.time  c500_d.rmse    s25.ptime     s25.time     s25.rmse    s50.ptime 
      58.718        0.122        0.357        0.001        0.601        0.753 
    s50.time     s50.rmse   s100.ptime    s100.time    s100.rmse   s250.ptime 
       0.002        0.523        0.731        0.005        0.441        1.706 
   s250.time    s250.rmse   s500.ptime    s500.time    s500.rmse  s1000.ptime 
       0.011        0.368        2.146        0.023        0.262        4.152 
  s1000.time   s1000.rmse  s2500.ptime   s2500.time   s2500.rmse  s5000.ptime 
       0.053        0.181       25.130        0.093        0.114      158.859 
  s5000.time   s5000.rmse 
       0.164        0.076 
[1] 0.8550716
$full.time
[1] 0.075

$full.rmse
[1] 0.05760556

$full.time
[1] 0.075

$full.rmse
[1] 0.05760556

$l25.time
[1] 4.005

$l25.rmse
[1] 0.2090673

$l50.time
[1] 4.243

$l50.rmse
[1] 0.1613682

$l100.time
[1] 5.761

$l100.rmse
[1] 0.1240152

$l250.time
[1] 22.765

$l250.rmse
[1] 0.09668672

$l500.time
[1] 110.7

$l500.rmse
[1] 0.08213648

$o25_i.ptime
[1] 0.3

$o25_i.time
[1] 0.359

$o25_i.rmse
[1] 0.6258274

$o50_i.ptime
[1] 0.191

$o50_i.time
[1] 0.195

$o50_i.rmse
[1] 0.5466819

$o100_i.ptime
[1] 0.241

$o100_i.time
[1] 0.665

$o100_i.rmse
[1] 0.4448665

$o250_i.ptime
[1] 0.655

$o250_i.time
[1] 0.135

$o250_i.rmse
[1] 0.3139736

$o500_i.ptime
[1] 1.872

$o500_i.time
[1] 0.153

$o500_i.rmse
[1] 0.2394788

$o25_d.ptime
[1] 0.626

$o25_d.time
[1] 0.599

$o25_d.rmse
[1] 0.5072422

$o50_d.ptime
[1] 0.143

$o50_d.time
[1] 0.748

$o50_d.rmse
[1] 0.4005148

$o100_d.ptime
[1] 0.054

$o100_d.time
[1] 1.689

$o100_d.rmse
[1] 0.3250595

$o250_d.ptime
[1] 0.028

$o250_d.time
[1] 7.76

$o250_d.rmse
[1] 0.2154605

$o500_d.ptime
[1] 0.148

$o500_d.time
[1] 41.954

$o500_d.rmse
[1] 0.1596847

$c25_i.ptime
[1] 2.099

$c25_i.time
[1] 0.379

$c25_i.rmse
[1] 0.3669405

$c50_i.ptime
[1] 1.35

$c50_i.time
[1] 0.261

$c50_i.rmse
[1] 0.3074236

$c100_i.ptime
[1] 1.066

$c100_i.time
[1] 0.222

$c100_i.rmse
[1] 0.2382668

$c250_i.ptime
[1] 1.265

$c250_i.time
[1] 0.201

$c250_i.rmse
[1] 0.187909

$c500_i.ptime
[1] 2.854

$c500_i.time
[1] 0.232

$c500_i.rmse
[1] 0.1431256

$c25_d.ptime
[1] 2.196

$c25_d.time
[1] 1.438

$c25_d.rmse
[1] 0.2871696

$c50_d.ptime
[1] 1.676

$c50_d.time
[1] 1.578

$c50_d.rmse
[1] 0.2399486

$c100_d.ptime
[1] 0.673

$c100_d.time
[1] 2.918

$c100_d.rmse
[1] 0.1822659

$c250_d.ptime
[1] 0.517

$c250_d.time
[1] 10.948

$c250_d.rmse
[1] 0.1475072

$c500_d.ptime
[1] 0.464

$c500_d.time
[1] 38.643

$c500_d.rmse
[1] 0.1125184

$s25.ptime
[1] 0.488

$s25.time
[1] 0.001

$s25.rmse
[1] 0.7584179

$s50.ptime
[1] 0.435

$s50.time
[1] 0.001

$s50.rmse
[1] 0.5911693

$s100.ptime
[1] 0.753

$s100.time
[1] 0.003

$s100.rmse
[1] 0.5068421

$s250.ptime
[1] 1.027

$s250.time
[1] 0.008

$s250.rmse
[1] 0.3374186

$s500.ptime
[1] 1.642

$s500.time
[1] 0.017

$s500.rmse
[1] 0.2501623

$s1000.ptime
[1] 3.305

$s1000.time
[1] 0.033

$s1000.rmse
[1] 0.1746981

$s2500.ptime
[1] 19.884

$s2500.time
[1] 0.08

$s2500.rmse
[1] 0.1111774

$s5000.ptime
[1] 145.05

$s5000.time
[1] 0.18

$s5000.rmse
[1] 0.07582464

        seed            p    full.time    full.rmse     l25.time     l25.rmse 
    2465.000       10.000        0.075        0.058        4.005        0.209 
    l50.time     l50.rmse    l100.time    l100.rmse    l250.time    l250.rmse 
       4.243        0.161        5.761        0.124       22.765        0.097 
   l500.time    l500.rmse  o25_i.ptime   o25_i.time   o25_i.rmse  o50_i.ptime 
     110.700        0.082        0.300        0.359        0.626        0.191 
  o50_i.time   o50_i.rmse o100_i.ptime  o100_i.time  o100_i.rmse o250_i.ptime 
       0.195        0.547        0.241        0.665        0.445        0.655 
 o250_i.time  o250_i.rmse o500_i.ptime  o500_i.time  o500_i.rmse  o25_d.ptime 
       0.135        0.314        1.872        0.153        0.239        0.626 
  o25_d.time   o25_d.rmse  o50_d.ptime   o50_d.time   o50_d.rmse o100_d.ptime 
       0.599        0.507        0.143        0.748        0.401        0.054 
 o100_d.time  o100_d.rmse o250_d.ptime  o250_d.time  o250_d.rmse o500_d.ptime 
       1.689        0.325        0.028        7.760        0.215        0.148 
 o500_d.time  o500_d.rmse  c25_i.ptime   c25_i.time   c25_i.rmse  c50_i.ptime 
      41.954        0.160        2.099        0.379        0.367        1.350 
  c50_i.time   c50_i.rmse c100_i.ptime  c100_i.time  c100_i.rmse c250_i.ptime 
       0.261        0.307        1.066        0.222        0.238        1.265 
 c250_i.time  c250_i.rmse c500_i.ptime  c500_i.time  c500_i.rmse  c25_d.ptime 
       0.201        0.188        2.854        0.232        0.143        2.196 
  c25_d.time   c25_d.rmse  c50_d.ptime   c50_d.time   c50_d.rmse c100_d.ptime 
       1.438        0.287        1.676        1.578        0.240        0.673 
 c100_d.time  c100_d.rmse c250_d.ptime  c250_d.time  c250_d.rmse c500_d.ptime 
       2.918        0.182        0.517       10.948        0.148        0.464 
 c500_d.time  c500_d.rmse    s25.ptime     s25.time     s25.rmse    s50.ptime 
      38.643        0.113        0.488        0.001        0.758        0.435 
    s50.time     s50.rmse   s100.ptime    s100.time    s100.rmse   s250.ptime 
       0.001        0.591        0.753        0.003        0.507        1.027 
   s250.time    s250.rmse   s500.ptime    s500.time    s500.rmse  s1000.ptime 
       0.008        0.337        1.642        0.017        0.250        3.305 
  s1000.time   s1000.rmse  s2500.ptime   s2500.time   s2500.rmse  s5000.ptime 
       0.033        0.175       19.884        0.080        0.111      145.050 
  s5000.time   s5000.rmse 
       0.180        0.076 
[1] 0.7402438
$full.time
[1] 0.097

$full.rmse
[1] 0.05662408

$full.time
[1] 0.097

$full.rmse
[1] 0.05662408

$l25.time
[1] 4.385

$l25.rmse
[1] 0.1894676

$l50.time
[1] 4.901

$l50.rmse
[1] 0.1546315

$l100.time
[1] 6.797

$l100.rmse
[1] 0.1253991

$l250.time
[1] 23.754

$l250.rmse
[1] 0.09553654

$l500.time
[1] 111.456

$l500.rmse
[1] 0.08024383

$o25_i.ptime
[1] 0.354

$o25_i.time
[1] 0.379

$o25_i.rmse
[1] 0.5837708

$o50_i.ptime
[1] 0.25

$o50_i.time
[1] 0.256

$o50_i.rmse
[1] 0.537139

$o100_i.ptime
[1] 0.331

$o100_i.time
[1] 0.222

$o100_i.rmse
[1] 0.4695693

$o250_i.ptime
[1] 0.814

$o250_i.time
[1] 0.693

$o250_i.rmse
[1] 0.3383442

$o500_i.ptime
[1] 2.185

$o500_i.time
[1] 0.215

$o500_i.rmse
[1] 0.2436209

$o25_d.ptime
[1] 0.767

$o25_d.time
[1] 0.927

$o25_d.rmse
[1] 0.4755135

$o50_d.ptime
[1] 0.181

$o50_d.time
[1] 1.134

$o50_d.rmse
[1] 0.418986

$o100_d.ptime
[1] 0.083

$o100_d.time
[1] 2.082

$o100_d.rmse
[1] 0.354706

$o250_d.ptime
[1] 0.04

$o250_d.time
[1] 8.332

$o250_d.rmse
[1] 0.2287715

$o500_d.ptime
[1] 0.037

$o500_d.time
[1] 45.765

$o500_d.rmse
[1] 0.152854

$c25_i.ptime
[1] 2.054

$c25_i.time
[1] 0.374

$c25_i.rmse
[1] 0.3335198

$c50_i.ptime
[1] 1.374

$c50_i.time
[1] 0.254

$c50_i.rmse
[1] 0.2880022

$c100_i.ptime
[1] 0.979

$c100_i.time
[1] 0.22

$c100_i.rmse
[1] 0.2345347

$c250_i.ptime
[1] 1.304

$c250_i.time
[1] 0.205

$c250_i.rmse
[1] 0.1856005

$c500_i.ptime
[1] 2.864

$c500_i.time
[1] 0.21

$c500_i.rmse
[1] 0.1400812

$c25_d.ptime
[1] 2.151

$c25_d.time
[1] 1.52

$c25_d.rmse
[1] 0.2786442

$c50_d.ptime
[1] 1.304

$c50_d.time
[1] 1.751

$c50_d.rmse
[1] 0.2357697

$c100_d.ptime
[1] 0.708

$c100_d.time
[1] 3.002

$c100_d.rmse
[1] 0.1799162

$c250_d.ptime
[1] 0.395

$c250_d.time
[1] 9.082

$c250_d.rmse
[1] 0.1502085

$c500_d.ptime
[1] 0.325

$c500_d.time
[1] 30.61

$c500_d.rmse
[1] 0.1218148

$s25.ptime
[1] 0.337

$s25.time
[1] 0.001

$s25.rmse
[1] 0.7335436

$s50.ptime
[1] 0.461

$s50.time
[1] 0.001

$s50.rmse
[1] 0.57852

$s100.ptime
[1] 0.668

$s100.time
[1] 0.003

$s100.rmse
[1] 0.5114596

$s250.ptime
[1] 1.173

$s250.time
[1] 0.008

$s250.rmse
[1] 0.3439785

$s500.ptime
[1] 2.047

$s500.time
[1] 0.017

$s500.rmse
[1] 0.2560938

$s1000.ptime
[1] 3.416

$s1000.time
[1] 0.037

$s1000.rmse
[1] 0.1885649

$s2500.ptime
[1] 22.354

$s2500.time
[1] 0.103

$s2500.rmse
[1] 0.1107286

$s5000.ptime
[1] 152.486

$s5000.time
[1] 0.288

$s5000.rmse
[1] 0.07482818

        seed            p    full.time    full.rmse     l25.time     l25.rmse 
    2466.000       10.000        0.097        0.057        4.385        0.189 
    l50.time     l50.rmse    l100.time    l100.rmse    l250.time    l250.rmse 
       4.901        0.155        6.797        0.125       23.754        0.096 
   l500.time    l500.rmse  o25_i.ptime   o25_i.time   o25_i.rmse  o50_i.ptime 
     111.456        0.080        0.354        0.379        0.584        0.250 
  o50_i.time   o50_i.rmse o100_i.ptime  o100_i.time  o100_i.rmse o250_i.ptime 
       0.256        0.537        0.331        0.222        0.470        0.814 
 o250_i.time  o250_i.rmse o500_i.ptime  o500_i.time  o500_i.rmse  o25_d.ptime 
       0.693        0.338        2.185        0.215        0.244        0.767 
  o25_d.time   o25_d.rmse  o50_d.ptime   o50_d.time   o50_d.rmse o100_d.ptime 
       0.927        0.476        0.181        1.134        0.419        0.083 
 o100_d.time  o100_d.rmse o250_d.ptime  o250_d.time  o250_d.rmse o500_d.ptime 
       2.082        0.355        0.040        8.332        0.229        0.037 
 o500_d.time  o500_d.rmse  c25_i.ptime   c25_i.time   c25_i.rmse  c50_i.ptime 
      45.765        0.153        2.054        0.374        0.334        1.374 
  c50_i.time   c50_i.rmse c100_i.ptime  c100_i.time  c100_i.rmse c250_i.ptime 
       0.254        0.288        0.979        0.220        0.235        1.304 
 c250_i.time  c250_i.rmse c500_i.ptime  c500_i.time  c500_i.rmse  c25_d.ptime 
       0.205        0.186        2.864        0.210        0.140        2.151 
  c25_d.time   c25_d.rmse  c50_d.ptime   c50_d.time   c50_d.rmse c100_d.ptime 
       1.520        0.279        1.304        1.751        0.236        0.708 
 c100_d.time  c100_d.rmse c250_d.ptime  c250_d.time  c250_d.rmse c500_d.ptime 
       3.002        0.180        0.395        9.082        0.150        0.325 
 c500_d.time  c500_d.rmse    s25.ptime     s25.time     s25.rmse    s50.ptime 
      30.610        0.122        0.337        0.001        0.734        0.461 
    s50.time     s50.rmse   s100.ptime    s100.time    s100.rmse   s250.ptime 
       0.001        0.579        0.668        0.003        0.511        1.173 
   s250.time    s250.rmse   s500.ptime    s500.time    s500.rmse  s1000.ptime 
       0.008        0.344        2.047        0.017        0.256        3.416 
  s1000.time   s1000.rmse  s2500.ptime   s2500.time   s2500.rmse  s5000.ptime 
       0.037        0.189       22.354        0.103        0.111      152.486 
  s5000.time   s5000.rmse 
       0.288        0.075 
[1] 0.8550337
$full.time
[1] 0.119

$full.rmse
[1] 0.05923851

$full.time
[1] 0.119

$full.rmse
[1] 0.05923851

$l25.time
[1] 5.023

$l25.rmse
[1] 0.1906221

$l50.time
[1] 5.223

$l50.rmse
[1] 0.1545321

$l100.time
[1] 6.192

$l100.rmse
[1] 0.1174794

$l250.time
[1] 21.454

$l250.rmse
[1] 0.09280083

$l500.time
[1] 117.32

$l500.rmse
[1] 0.07926783

$o25_i.ptime
[1] 0.346

$o25_i.time
[1] 0.362

$o25_i.rmse
[1] 0.6204594

$o50_i.ptime
[1] 0.254

$o50_i.time
[1] 0.264

$o50_i.rmse
[1] 0.5464599

$o100_i.ptime
[1] 0.314

$o100_i.time
[1] 0.22

$o100_i.rmse
[1] 0.4389362

$o250_i.ptime
[1] 0.797

$o250_i.time
[1] 0.731

$o250_i.rmse
[1] 0.3127179

$o500_i.ptime
[1] 2.259

$o500_i.time
[1] 0.213

$o500_i.rmse
[1] 0.225993

$o25_d.ptime
[1] 0.76

$o25_d.time
[1] 1.019

$o25_d.rmse
[1] 0.5101968

$o50_d.ptime
[1] 0.195

$o50_d.time
[1] 1.104

$o50_d.rmse
[1] 0.3983204

$o100_d.ptime
[1] 0.08

$o100_d.time
[1] 2.363

$o100_d.rmse
[1] 0.3250045

$o250_d.ptime
[1] 0.038

$o250_d.time
[1] 9.873

$o250_d.rmse
[1] 0.2181924

$o500_d.ptime
[1] 0.039

$o500_d.time
[1] 44.15

$o500_d.rmse
[1] 0.1569084

$c25_i.ptime
[1] 1.705

$c25_i.time
[1] 0.3

$c25_i.rmse
[1] 0.3467949

$c50_i.ptime
[1] 1.318

$c50_i.time
[1] 0.213

$c50_i.rmse
[1] 0.2980863

$c100_i.ptime
[1] 1.243

$c100_i.time
[1] 0.183

$c100_i.rmse
[1] 0.2334512

$c250_i.ptime
[1] 1.094

$c250_i.time
[1] 0.177

$c250_i.rmse
[1] 0.1810222

$c500_i.ptime
[1] 2.055

$c500_i.time
[1] 0.168

$c500_i.rmse
[1] 0.1453738

$c25_d.ptime
[1] 2.151

$c25_d.time
[1] 1.066

$c25_d.rmse
[1] 0.2880522

$c50_d.ptime
[1] 1.061

$c50_d.time
[1] 1.223

$c50_d.rmse
[1] 0.2254057

$c100_d.ptime
[1] 1.073

$c100_d.time
[1] 2.261

$c100_d.rmse
[1] 0.1844464

$c250_d.ptime
[1] 0.388

$c250_d.time
[1] 7.922

$c250_d.rmse
[1] 0.144677

$c500_d.ptime
[1] 0.42

$c500_d.time
[1] 31.478

$c500_d.rmse
[1] 0.1126117

$s25.ptime
[1] 0.585

$s25.time
[1] 0.001

$s25.rmse
[1] 0.6774968

$s50.ptime
[1] 0.433

$s50.time
[1] 0.001

$s50.rmse
[1] 0.6143426

$s100.ptime
[1] 0.852

$s100.time
[1] 0.004

$s100.rmse
[1] 0.4811851

$s250.ptime
[1] 1.178

$s250.time
[1] 0.008

$s250.rmse
[1] 0.3545692

$s500.ptime
[1] 1.808

$s500.time
[1] 0.018

$s500.rmse
[1] 0.2523121

$s1000.ptime
[1] 3.395

$s1000.time
[1] 0.036

$s1000.rmse
[1] 0.1850916

$s2500.ptime
[1] 21.498

$s2500.time
[1] 0.09

$s2500.rmse
[1] 0.1042645

$s5000.ptime
[1] 154.834

$s5000.time
[1] 0.196

$s5000.rmse
[1] 0.07335575

        seed            p    full.time    full.rmse     l25.time     l25.rmse 
    2467.000       10.000        0.119        0.059        5.023        0.191 
    l50.time     l50.rmse    l100.time    l100.rmse    l250.time    l250.rmse 
       5.223        0.155        6.192        0.117       21.454        0.093 
   l500.time    l500.rmse  o25_i.ptime   o25_i.time   o25_i.rmse  o50_i.ptime 
     117.320        0.079        0.346        0.362        0.620        0.254 
  o50_i.time   o50_i.rmse o100_i.ptime  o100_i.time  o100_i.rmse o250_i.ptime 
       0.264        0.546        0.314        0.220        0.439        0.797 
 o250_i.time  o250_i.rmse o500_i.ptime  o500_i.time  o500_i.rmse  o25_d.ptime 
       0.731        0.313        2.259        0.213        0.226        0.760 
  o25_d.time   o25_d.rmse  o50_d.ptime   o50_d.time   o50_d.rmse o100_d.ptime 
       1.019        0.510        0.195        1.104        0.398        0.080 
 o100_d.time  o100_d.rmse o250_d.ptime  o250_d.time  o250_d.rmse o500_d.ptime 
       2.363        0.325        0.038        9.873        0.218        0.039 
 o500_d.time  o500_d.rmse  c25_i.ptime   c25_i.time   c25_i.rmse  c50_i.ptime 
      44.150        0.157        1.705        0.300        0.347        1.318 
  c50_i.time   c50_i.rmse c100_i.ptime  c100_i.time  c100_i.rmse c250_i.ptime 
       0.213        0.298        1.243        0.183        0.233        1.094 
 c250_i.time  c250_i.rmse c500_i.ptime  c500_i.time  c500_i.rmse  c25_d.ptime 
       0.177        0.181        2.055        0.168        0.145        2.151 
  c25_d.time   c25_d.rmse  c50_d.ptime   c50_d.time   c50_d.rmse c100_d.ptime 
       1.066        0.288        1.061        1.223        0.225        1.073 
 c100_d.time  c100_d.rmse c250_d.ptime  c250_d.time  c250_d.rmse c500_d.ptime 
       2.261        0.184        0.388        7.922        0.145        0.420 
 c500_d.time  c500_d.rmse    s25.ptime     s25.time     s25.rmse    s50.ptime 
      31.478        0.113        0.585        0.001        0.677        0.433 
    s50.time     s50.rmse   s100.ptime    s100.time    s100.rmse   s250.ptime 
       0.001        0.614        0.852        0.004        0.481        1.178 
   s250.time    s250.rmse   s500.ptime    s500.time    s500.rmse  s1000.ptime 
       0.008        0.355        1.808        0.018        0.252        3.395 
  s1000.time   s1000.rmse  s2500.ptime   s2500.time   s2500.rmse  s5000.ptime 
       0.036        0.185       21.498        0.090        0.104      154.834 
  s5000.time   s5000.rmse 
       0.196        0.073 
[1] 0.8221006
$full.time
[1] 0.084

$full.rmse
[1] 0.05754379

$full.time
[1] 0.084

$full.rmse
[1] 0.05754379

$l25.time
[1] 4.219

$l25.rmse
[1] 0.1854265

$l50.time
[1] 4.488

$l50.rmse
[1] 0.1517951

$l100.time
[1] 6.274

$l100.rmse
[1] 0.1262094

$l250.time
[1] 24.153

$l250.rmse
[1] 0.100241

$l500.time
[1] 118.174

$l500.rmse
[1] 0.08464865

$o25_i.ptime
[1] 0.335

$o25_i.time
[1] 0.35

$o25_i.rmse
[1] 0.5831082

$o50_i.ptime
[1] 0.244

$o50_i.time
[1] 0.727

$o50_i.rmse
[1] 0.4959816

$o100_i.ptime
[1] 0.292

$o100_i.time
[1] 0.212

$o100_i.rmse
[1] 0.4401367

$o250_i.ptime
[1] 0.78

$o250_i.time
[1] 0.196

$o250_i.rmse
[1] 0.3229905

$o500_i.ptime
[1] 2.203

$o500_i.time
[1] 0.203

$o500_i.rmse
[1] 0.243421

$o25_d.ptime
[1] 0.745

$o25_d.time
[1] 0.856

$o25_d.rmse
[1] 0.4710703

$o50_d.ptime
[1] 0.177

$o50_d.time
[1] 1.049

$o50_d.rmse
[1] 0.3904171

$o100_d.ptime
[1] 0.069

$o100_d.time
[1] 2.33

$o100_d.rmse
[1] 0.3278838

$o250_d.ptime
[1] 0.051

$o250_d.time
[1] 9.221

$o250_d.rmse
[1] 0.2192705

$o500_d.ptime
[1] 0.088

$o500_d.time
[1] 32.142

$o500_d.rmse
[1] 0.1600955

$c25_i.ptime
[1] 1.946

$c25_i.time
[1] 0.314

$c25_i.rmse
[1] 0.3205389

$c50_i.ptime
[1] 1.189

$c50_i.time
[1] 0.208

$c50_i.rmse
[1] 0.2927132

$c100_i.ptime
[1] 0.688

$c100_i.time
[1] 0.177

$c100_i.rmse
[1] 0.2253455

$c250_i.ptime
[1] 1.143

$c250_i.time
[1] 0.168

$c250_i.rmse
[1] 0.17847

$c500_i.ptime
[1] 2.367

$c500_i.time
[1] 0.173

$c500_i.rmse
[1] 0.1475928

$c25_d.ptime
[1] 1.985

$c25_d.time
[1] 1.113

$c25_d.rmse
[1] 0.2655092

$c50_d.ptime
[1] 1.155

$c50_d.time
[1] 1.26

$c50_d.rmse
[1] 0.2175075

$c100_d.ptime
[1] 0.729

$c100_d.time
[1] 2.444

$c100_d.rmse
[1] 0.189484

$c250_d.ptime
[1] 0.559

$c250_d.time
[1] 8.813

$c250_d.rmse
[1] 0.1424171

$c500_d.ptime
[1] 0.33

$c500_d.time
[1] 40.668

$c500_d.rmse
[1] 0.1168289

$s25.ptime
[1] 0.4

$s25.time
[1] 0.001

$s25.rmse
[1] 0.6522429

$s50.ptime
[1] 0.548

$s50.time
[1] 0.002

$s50.rmse
[1] 0.5633277

$s100.ptime
[1] 0.692

$s100.time
[1] 0.004

$s100.rmse
[1] 0.5314434

$s250.ptime
[1] 1.559

$s250.time
[1] 0.011

$s250.rmse
[1] 0.3545275

$s500.ptime
[1] 2.224

$s500.time
[1] 0.024

$s500.rmse
[1] 0.2760132

$s1000.ptime
[1] 3.906

$s1000.time
[1] 0.047

$s1000.rmse
[1] 0.187406

$s2500.ptime
[1] 25.048

$s2500.time
[1] 0.139

$s2500.rmse
[1] 0.1118487

$s5000.ptime
[1] 190.162

$s5000.time
[1] 0.2

$s5000.rmse
[1] 0.08030329

        seed            p    full.time    full.rmse     l25.time     l25.rmse 
    2468.000       10.000        0.084        0.058        4.219        0.185 
    l50.time     l50.rmse    l100.time    l100.rmse    l250.time    l250.rmse 
       4.488        0.152        6.274        0.126       24.153        0.100 
   l500.time    l500.rmse  o25_i.ptime   o25_i.time   o25_i.rmse  o50_i.ptime 
     118.174        0.085        0.335        0.350        0.583        0.244 
  o50_i.time   o50_i.rmse o100_i.ptime  o100_i.time  o100_i.rmse o250_i.ptime 
       0.727        0.496        0.292        0.212        0.440        0.780 
 o250_i.time  o250_i.rmse o500_i.ptime  o500_i.time  o500_i.rmse  o25_d.ptime 
       0.196        0.323        2.203        0.203        0.243        0.745 
  o25_d.time   o25_d.rmse  o50_d.ptime   o50_d.time   o50_d.rmse o100_d.ptime 
       0.856        0.471        0.177        1.049        0.390        0.069 
 o100_d.time  o100_d.rmse o250_d.ptime  o250_d.time  o250_d.rmse o500_d.ptime 
       2.330        0.328        0.051        9.221        0.219        0.088 
 o500_d.time  o500_d.rmse  c25_i.ptime   c25_i.time   c25_i.rmse  c50_i.ptime 
      32.142        0.160        1.946        0.314        0.321        1.189 
  c50_i.time   c50_i.rmse c100_i.ptime  c100_i.time  c100_i.rmse c250_i.ptime 
       0.208        0.293        0.688        0.177        0.225        1.143 
 c250_i.time  c250_i.rmse c500_i.ptime  c500_i.time  c500_i.rmse  c25_d.ptime 
       0.168        0.178        2.367        0.173        0.148        1.985 
  c25_d.time   c25_d.rmse  c50_d.ptime   c50_d.time   c50_d.rmse c100_d.ptime 
       1.113        0.266        1.155        1.260        0.218        0.729 
 c100_d.time  c100_d.rmse c250_d.ptime  c250_d.time  c250_d.rmse c500_d.ptime 
       2.444        0.189        0.559        8.813        0.142        0.330 
 c500_d.time  c500_d.rmse    s25.ptime     s25.time     s25.rmse    s50.ptime 
      40.668        0.117        0.400        0.001        0.652        0.548 
    s50.time     s50.rmse   s100.ptime    s100.time    s100.rmse   s250.ptime 
       0.002        0.563        0.692        0.004        0.531        1.559 
   s250.time    s250.rmse   s500.ptime    s500.time    s500.rmse  s1000.ptime 
       0.011        0.355        2.224        0.024        0.276        3.906 
  s1000.time   s1000.rmse  s2500.ptime   s2500.time   s2500.rmse  s5000.ptime 
       0.047        0.187       25.048        0.139        0.112      190.162 
  s5000.time   s5000.rmse 
       0.200        0.080 
  seed  p full.time  full.rmse l25.time  l25.rmse l50.time  l50.rmse l100.time
1 2464 10     0.111 0.05799744    4.325 0.1756687    4.302 0.1476118     5.624
2 2465 10     0.075 0.05760556    4.005 0.2090673    4.243 0.1613682     5.761
3 2466 10     0.097 0.05662408    4.385 0.1894676    4.901 0.1546315     6.797
4 2467 10     0.119 0.05923851    5.023 0.1906221    5.223 0.1545321     6.192
5 2468 10     0.084 0.05754379    4.219 0.1854265    4.488 0.1517951     6.274
  l100.rmse l250.time  l250.rmse l500.time  l500.rmse o25_i.ptime o25_i.time
1 0.1225196    21.235 0.09685234   109.605 0.08375839       0.251      0.250
2 0.1240152    22.765 0.09668672   110.700 0.08213648       0.300      0.359
3 0.1253991    23.754 0.09553654   111.456 0.08024383       0.354      0.379
4 0.1174794    21.454 0.09280083   117.320 0.07926783       0.346      0.362
5 0.1262094    24.153 0.10024097   118.174 0.08464865       0.335      0.350
  o25_i.rmse o50_i.ptime o50_i.time o50_i.rmse o100_i.ptime o100_i.time
1  0.5363939       0.578      0.228  0.4720081        0.248       0.154
2  0.6258274       0.191      0.195  0.5466819        0.241       0.665
3  0.5837708       0.250      0.256  0.5371390        0.331       0.222
4  0.6204594       0.254      0.264  0.5464599        0.314       0.220
5  0.5831082       0.244      0.727  0.4959816        0.292       0.212
  o100_i.rmse o250_i.ptime o250_i.time o250_i.rmse o500_i.ptime o500_i.time
1   0.4185664        0.602       0.121   0.3272021        1.742       0.141
2   0.4448665        0.655       0.135   0.3139736        1.872       0.153
3   0.4695693        0.814       0.693   0.3383442        2.185       0.215
4   0.4389362        0.797       0.731   0.3127179        2.259       0.213
5   0.4401367        0.780       0.196   0.3229905        2.203       0.203
  o500_i.rmse o25_d.ptime o25_d.time o25_d.rmse o50_d.ptime o50_d.time
1   0.2484064       0.600      0.571  0.4496306       0.138      0.727
2   0.2394788       0.626      0.599  0.5072422       0.143      0.748
3   0.2436209       0.767      0.927  0.4755135       0.181      1.134
4   0.2259930       0.760      1.019  0.5101968       0.195      1.104
5   0.2434210       0.745      0.856  0.4710703       0.177      1.049
  o50_d.rmse o100_d.ptime o100_d.time o100_d.rmse o250_d.ptime o250_d.time
1  0.3805458        0.051       1.642   0.3215957        0.029       9.649
2  0.4005148        0.054       1.689   0.3250595        0.028       7.760
3  0.4189860        0.083       2.082   0.3547060        0.040       8.332
4  0.3983204        0.080       2.363   0.3250045        0.038       9.873
5  0.3904171        0.069       2.330   0.3278838        0.051       9.221
  o250_d.rmse o500_d.ptime o500_d.time o500_d.rmse c25_i.ptime c25_i.time
1   0.2253988        0.035      32.252   0.1742726       1.806      0.391
2   0.2154605        0.148      41.954   0.1596847       2.099      0.379
3   0.2287715        0.037      45.765   0.1528540       2.054      0.374
4   0.2181924        0.039      44.150   0.1569084       1.705      0.300
5   0.2192705        0.088      32.142   0.1600955       1.946      0.314
  c25_i.rmse c50_i.ptime c50_i.time c50_i.rmse c100_i.ptime c100_i.time
1  0.3049089       1.496      0.261  0.2709195        0.806       0.222
2  0.3669405       1.350      0.261  0.3074236        1.066       0.222
3  0.3335198       1.374      0.254  0.2880022        0.979       0.220
4  0.3467949       1.318      0.213  0.2980863        1.243       0.183
5  0.3205389       1.189      0.208  0.2927132        0.688       0.177
  c100_i.rmse c250_i.ptime c250_i.time c250_i.rmse c500_i.ptime c500_i.time
1   0.2288698        1.323       0.202   0.1910244        3.040       0.231
2   0.2382668        1.265       0.201   0.1879090        2.854       0.232
3   0.2345347        1.304       0.205   0.1856005        2.864       0.210
4   0.2334512        1.094       0.177   0.1810222        2.055       0.168
5   0.2253455        1.143       0.168   0.1784700        2.367       0.173
  c500_i.rmse c25_d.ptime c25_d.time c25_d.rmse c50_d.ptime c50_d.time
1   0.1492490       2.256      1.442  0.2579459       1.079      1.673
2   0.1431256       2.196      1.438  0.2871696       1.676      1.578
3   0.1400812       2.151      1.520  0.2786442       1.304      1.751
4   0.1453738       2.151      1.066  0.2880522       1.061      1.223
5   0.1475928       1.985      1.113  0.2655092       1.155      1.260
  c50_d.rmse c100_d.ptime c100_d.time c100_d.rmse c250_d.ptime c250_d.time
1  0.2108168        0.816       2.933   0.1894140        0.499      10.856
2  0.2399486        0.673       2.918   0.1822659        0.517      10.948
3  0.2357697        0.708       3.002   0.1799162        0.395       9.082
4  0.2254057        1.073       2.261   0.1844464        0.388       7.922
5  0.2175075        0.729       2.444   0.1894840        0.559       8.813
  c250_d.rmse c500_d.ptime c500_d.time c500_d.rmse s25.ptime s25.time  s25.rmse
1   0.1449265        0.429      58.718   0.1221169     0.357    0.001 0.6013841
2   0.1475072        0.464      38.643   0.1125184     0.488    0.001 0.7584179
3   0.1502085        0.325      30.610   0.1218148     0.337    0.001 0.7335436
4   0.1446770        0.420      31.478   0.1126117     0.585    0.001 0.6774968
5   0.1424171        0.330      40.668   0.1168289     0.400    0.001 0.6522429
  s50.ptime s50.time  s50.rmse s100.ptime s100.time s100.rmse s250.ptime
1     0.753    0.002 0.5229006      0.731     0.005 0.4408729      1.706
2     0.435    0.001 0.5911693      0.753     0.003 0.5068421      1.027
3     0.461    0.001 0.5785200      0.668     0.003 0.5114596      1.173
4     0.433    0.001 0.6143426      0.852     0.004 0.4811851      1.178
5     0.548    0.002 0.5633277      0.692     0.004 0.5314434      1.559
  s250.time s250.rmse s500.ptime s500.time s500.rmse s1000.ptime s1000.time
1     0.011 0.3681846      2.146     0.023 0.2620721       4.152      0.053
2     0.008 0.3374186      1.642     0.017 0.2501623       3.305      0.033
3     0.008 0.3439785      2.047     0.017 0.2560938       3.416      0.037
4     0.008 0.3545692      1.808     0.018 0.2523121       3.395      0.036
5     0.011 0.3545275      2.224     0.024 0.2760132       3.906      0.047
  s1000.rmse s2500.ptime s2500.time s2500.rmse s5000.ptime s5000.time
1  0.1809320      25.130      0.093  0.1137129     158.859      0.164
2  0.1746981      19.884      0.080  0.1111774     145.050      0.180
3  0.1885649      22.354      0.103  0.1107286     152.486      0.288
4  0.1850916      21.498      0.090  0.1042645     154.834      0.196
5  0.1874060      25.048      0.139  0.1118487     190.162      0.200
  s5000.rmse
1 0.07637844
2 0.07582464
3 0.07482818
4 0.07335575
5 0.08030329
> 
> proc.time()
    user   system  elapsed 
7878.543   46.880 8096.354 
