
R version 3.0.3 (2014-03-06) -- "Warm Puppy"
Copyright (C) 2014 The R Foundation for Statistical Computing
Platform: x86_64-unknown-linux-gnu (64-bit)

R is free software and comes with ABSOLUTELY NO WARRANTY.
You are welcome to redistribute it under certain conditions.
Type 'license()' or 'licence()' for distribution details.

  Natural language support but running in an English locale

R is a collaborative project with many contributors.
Type 'contributors()' for more information and
'citation()' on how to cite R or R packages in publications.

Type 'demo()' for some demos, 'help()' for on-line help, or
'help.start()' for an HTML browser interface to help.
Type 'q()' to quit R.

> print(.libPaths())
[1] "/usr/local/r-3.0.3/lib64/R/library"
> .libPaths("/mnt/home/rjparker/Rlib")
> print(.libPaths())
[1] "/mnt/home/rjparker/Rlib"            "/usr/local/r-3.0.3/lib64/R/library"
> setwd("/mnt/home/rjparker/git/block_int")
> 
> which_exp <- 4
> which_part <- 19
> source("R/sim_nblocks.R")
Loading required package: spam
Loading required package: grid
Spam version 0.41-0 (2014-02-26) is loaded.
Type 'help( Spam)' or 'demo( spam)' for a short introduction 
and overview of this package.
Help for individual functions is also obtained by adding the
suffix '.spam' to the function name, e.g. 'help( chol.spam)'.

Attaching package: ‘spam’

The following objects are masked from ‘package:base’:

    backsolve, forwardsolve

Loading required package: maps
   pred  p b tau Nper_p Npred Nblock_obs_ind Fzero sigma2
4 FALSE 10 4  10    100  1000            100     0      1
[1] 0.8784075
             seed                 p               tau       orac.status 
         2374.000            10.000            10.000             1.000 
        orac.time       orac.rmse_p       full.status         full.time 
           11.520             0.082             1.000           594.101 
      full.rmse_t       full.rmse_p     full.rmse_s_S     full.rmse_s_T 
            0.098             0.081             0.000             0.000 
     ir250.status        ir250.time      ir250.rmse_t ir250.rmse_full_p 
            1.000            64.539             0.285             0.083 
   ir250.rmse_s_S    ir250.rmse_s_T      ic250.status        ic250.time 
            0.000             0.000             1.000           168.699 
[1] 0.8503229
             seed                 p               tau       orac.status 
         2375.000            10.000            10.000             1.000 
        orac.time       orac.rmse_p       full.status         full.time 
           55.354             0.077             1.000          3291.712 
      full.rmse_t       full.rmse_p     full.rmse_s_S     full.rmse_s_T 
            0.060             0.078             0.000             0.000 
     ir250.status        ir250.time      ir250.rmse_t ir250.rmse_full_p 
            1.000           350.058             0.108             0.078 
   ir250.rmse_s_S    ir250.rmse_s_T      ic250.status        ic250.time 
            0.000             0.000             1.000           213.341 
[1] 1.1677
             seed                 p               tau       orac.status 
         2376.000            10.000            10.000             1.000 
        orac.time       orac.rmse_p       full.status         full.time 
           54.100             0.082             1.000          4069.354 
      full.rmse_t       full.rmse_p     full.rmse_s_S     full.rmse_s_T 
            0.168             0.082             0.000             0.000 
     ir250.status        ir250.time      ir250.rmse_t ir250.rmse_full_p 
            1.000           290.316             0.235             0.084 
   ir250.rmse_s_S    ir250.rmse_s_T      ic250.status        ic250.time 
            0.000             0.000             1.000           155.194 
[1] 0.7888342
             seed                 p               tau       orac.status 
         2377.000            10.000            10.000             1.000 
        orac.time       orac.rmse_p       full.status         full.time 
           67.364             0.083             1.000          2931.158 
      full.rmse_t       full.rmse_p     full.rmse_s_S     full.rmse_s_T 
            0.077             0.083             0.000             0.000 
     ir250.status        ir250.time      ir250.rmse_t ir250.rmse_full_p 
            1.000           107.291             0.135             0.084 
   ir250.rmse_s_S    ir250.rmse_s_T      ic250.status        ic250.time 
            0.001             0.001             1.000           172.480 
[1] 0.6598771
             seed                 p               tau       orac.status 
         2378.000            10.000            10.000             1.000 
        orac.time       orac.rmse_p       full.status         full.time 
           71.586             0.079             1.000          3081.241 
      full.rmse_t       full.rmse_p     full.rmse_s_S     full.rmse_s_T 
            0.134             0.080             0.000             0.001 
     ir250.status        ir250.time      ir250.rmse_t ir250.rmse_full_p 
            1.000           155.512             0.235             0.082 
   ir250.rmse_s_S    ir250.rmse_s_T      ic250.status        ic250.time 
            0.001             0.001             1.000           147.966 
  [1] "seed"              "p"                 "tau"              
  [4] "orac.status"       "orac.time"         "orac.rmse_p"      
  [7] "full.status"       "full.time"         "full.rmse_t"      
 [10] "full.rmse_p"       "full.rmse_s_S"     "full.rmse_s_T"    
 [13] "ir250.status"      "ir250.time"        "ir250.rmse_t"     
 [16] "ir250.rmse_full_p" "ir250.rmse_s_S"    "ir250.rmse_s_T"   
 [19] "ic250.status"      "ic250.time"        "ic250.rmse_t"     
 [22] "ic250.rmse_full_p" "ic250.rmse_s_S"    "ic250.rmse_s_T"   
 [25] "ir100.status"      "ir100.time"        "ir100.rmse_t"     
 [28] "ir100.rmse_full_p" "ir100.rmse_s_S"    "ir100.rmse_s_T"   
 [31] "ic100.status"      "ic100.time"        "ic100.rmse_t"     
 [34] "ic100.rmse_full_p" "ic100.rmse_s_S"    "ic100.rmse_s_T"   
 [37] "ir50.status"       "ir50.time"         "ir50.rmse_t"      
 [40] "ir50.rmse_full_p"  "ir50.rmse_s_S"     "ir50.rmse_s_T"    
 [43] "ic50.status"       "ic50.time"         "ic50.rmse_t"      
 [46] "ic50.rmse_full_p"  "ic50.rmse_s_S"     "ic50.rmse_s_T"    
 [49] "ir25.status"       "ir25.time"         "ir25.rmse_t"      
 [52] "ir25.rmse_full_p"  "ir25.rmse_s_S"     "ir25.rmse_s_T"    
 [55] "ic25.status"       "ic25.time"         "ic25.rmse_t"      
 [58] "ic25.rmse_full_p"  "ic25.rmse_s_S"     "ic25.rmse_s_T"    
 [61] "dr50.status"       "dr50.time"         "dr50.rmse_t"      
 [64] "dr50.rmse_full_p"  "dr50.rmse_s_S"     "dr50.rmse_s_T"    
 [67] "dc50.status"       "dc50.time"         "dc50.rmse_t"      
 [70] "dc50.rmse_full_p"  "dc50.rmse_s_S"     "dc50.rmse_s_T"    
 [73] "dr25.status"       "dr25.time"         "dr25.rmse_t"      
 [76] "dr25.rmse_full_p"  "dr25.rmse_s_S"     "dr25.rmse_s_T"    
 [79] "dc25.status"       "dc25.time"         "dc25.rmse_t"      
 [82] "dc25.rmse_full_p"  "dc25.rmse_s_S"     "dc25.rmse_s_T"    
 [85] "orac.Si_S"         "orac.Si_T"         "full.Si_S"        
 [88] "full.Si_T"         "ir250.Si_S"        "ir250.Si_T"       
 [91] "ic250.Si_S"        "ic250.Si_T"        "ir100.Si_S"       
 [94] "ir100.Si_T"        "ic100.Si_S"        "ic100.Si_T"       
 [97] "ir50.Si_S"         "ir50.Si_T"         "ic50.Si_S"        
[100] "ic50.Si_T"         "ir25.Si_S"         "ir25.Si_T"        
[103] "ic25.Si_S"         "ic25.Si_T"         "dr50.Si_S"        
[106] "dr50.Si_T"         "dc50.Si_S"         "dc50.Si_T"        
[109] "dr25.Si_S"         "dr25.Si_T"         "dc25.Si_S"        
[112] "dc25.Si_T"        
  seed  p tau orac.status orac.time orac.rmse_p full.status full.time
1 2374 10  10        TRUE    11.520  0.08153946        TRUE   594.101
2 2375 10  10        TRUE    55.354  0.07700788        TRUE  3291.712
3 2376 10  10        TRUE    54.100  0.08209473        TRUE  4069.354
4 2377 10  10        TRUE    67.364  0.08293642        TRUE  2931.158
5 2378 10  10        TRUE    71.586  0.07882856        TRUE  3081.241
  full.rmse_t full.rmse_p full.rmse_s_S full.rmse_s_T ir250.status ir250.time
1  0.09824059  0.08137544  0.0002878774  0.0002786015         TRUE     64.539
2  0.06004284  0.07751596  0.0001218353  0.0002454935         TRUE    350.058
3  0.16841276  0.08236334  0.0001311883  0.0001797193         TRUE    290.316
4  0.07721810  0.08328076  0.0001264418  0.0002895087         TRUE    107.291
5  0.13389190  0.07995380  0.0001969730  0.0006380712         TRUE    155.512
  ir250.rmse_t ir250.rmse_full_p ir250.rmse_s_S ir250.rmse_s_T ic250.status
1    0.2847132        0.08321562   0.0004501288   0.0004501288         TRUE
2    0.1082393        0.07810646   0.0003877253   0.0003877253         TRUE
3    0.2349511        0.08415496   0.0004227971   0.0004227971         TRUE
4    0.1353803        0.08377235   0.0005074901   0.0005074901         TRUE
5    0.2347292        0.08177710   0.0010316098   0.0010316098         TRUE
  ic250.time ic250.rmse_t ic250.rmse_full_p ic250.rmse_s_S ic250.rmse_s_T
1    168.699   0.11581464        0.08218831   0.0003712064   0.0003712064
2    213.341   0.07809224        0.07808851   0.0004414957   0.0004414957
3    155.194   0.24871757        0.08331691   0.0004603360   0.0004603360
4    172.480   0.09449140        0.08400322   0.0006715260   0.0006715260
5    147.966   0.20251349        0.08105549   0.0008437506   0.0008437506
  ir100.status ir100.time ir100.rmse_t ir100.rmse_full_p ir100.rmse_s_S
1         TRUE     12.768    0.3610928        0.08856828   0.0014026552
2         TRUE     49.611    0.1375799        0.12870038   0.0041459109
3         TRUE     36.387    0.3422075        0.08660102   0.0005244581
4         TRUE     35.506    0.2366596        0.08476097   0.0007375903
5         TRUE     44.555    0.5315664        0.08744638   0.0023200654
  ir100.rmse_s_T ic100.status ic100.time ic100.rmse_t ic100.rmse_full_p
1   0.0014026552         TRUE     14.657    0.3255890        0.08418111
2   0.0041459109         TRUE     29.789    0.1170202        0.07945136
3   0.0005244581         TRUE     46.424    0.3692829        0.08607470
4   0.0007375903         TRUE     22.869    0.1141249        0.08443139
5   0.0023200654         TRUE     35.472    0.3995443        0.08465507
  ic100.rmse_s_S ic100.rmse_s_T ir50.status ir50.time ir50.rmse_t
1   0.0006137713   0.0006137713        TRUE    23.649   0.3617285
2   0.0007651001   0.0007651001        TRUE    35.847   0.3807249
3   0.0005667212   0.0005667212        TRUE    71.891   0.4211314
4   0.0008121762   0.0008121762        TRUE    40.676   0.3278062
5   0.0018049849   0.0018049849        TRUE    57.731   0.8767431
  ir50.rmse_full_p ir50.rmse_s_S ir50.rmse_s_T ic50.status ic50.time
1       0.08928571  0.0015672352  0.0015672352        TRUE    11.099
2       0.13494681  0.0050234920  0.0050234920        TRUE    23.471
3       0.09038418  0.0007283205  0.0007283205        TRUE    36.342
4       0.08771951  0.0013651554  0.0013651554        TRUE    58.414
5       0.10464916  0.0046983633  0.0046983633        TRUE    59.837
  ic50.rmse_t ic50.rmse_full_p ic50.rmse_s_S ic50.rmse_s_T ir25.status
1   0.2851840       0.08493665  0.0008238503  0.0008238503        TRUE
2   0.1217525       0.08245591  0.0010052776  0.0010052776        TRUE
3   0.3640695       0.08987367  0.0007106682  0.0007106682        TRUE
4   0.2009208       0.08666517  0.0010022411  0.0010022411        TRUE
5   0.4146503       0.09654159  0.0032695837  0.0032695837        TRUE
  ir25.time ir25.rmse_t ir25.rmse_full_p ir25.rmse_s_S ir25.rmse_s_T
1    63.003   0.5370756       0.09517416  0.0025813372  0.0025813372
2    51.924   0.5742274       0.11461400  0.0034596369  0.0034596369
3   178.164   0.5986368       0.09339061  0.0007508174  0.0007508174
4   203.682   0.8875312       0.13939404  0.0075637089  0.0075637089
5    84.169   0.4921045       0.08863509  0.0033724352  0.0033724352
  ic25.status ic25.time ic25.rmse_t ic25.rmse_full_p ic25.rmse_s_S
1        TRUE    52.649   0.2991944       0.10196769  0.0024432756
2        TRUE    29.378   0.2972038       0.08529309  0.0013500431
3        TRUE    52.680   0.5659450       0.09488551  0.0008069823
4        TRUE    54.136   0.3022346       0.08362266  0.0008218491
5        TRUE    85.715   0.5176288       0.09635802  0.0035360302
  ic25.rmse_s_T dr50.status dr50.time dr50.rmse_t dr50.rmse_full_p
1  0.0024432756        TRUE    33.554   0.3613615       0.08630108
2  0.0013500431        TRUE    35.568   0.1562169       0.08610475
3  0.0008069823        TRUE    45.114   0.3027334       0.08508895
4  0.0008218491        TRUE    82.759   0.1682017       0.08709468
5  0.0035360302        TRUE    65.049   0.4874119       0.08495966
  dr50.rmse_s_S dr50.rmse_s_T dc50.status dc50.time dc50.rmse_t
1  0.0010168077  0.0010168077        TRUE    30.877  0.37121401
2  0.0019574355  0.0019574355        TRUE    43.481  0.08855942
3  0.0004930126  0.0004930126        TRUE    88.009  0.32597875
4  0.0008860763  0.0008860763        TRUE    44.423  0.14314043
5  0.0019200946  0.0019200946        TRUE   115.598  0.39350896
  dc50.rmse_full_p dc50.rmse_s_S dc50.rmse_s_T dr25.status dr25.time
1       0.08472221  0.0004142480  0.0004142480        TRUE    64.080
2       0.07948762  0.0005719305  0.0005719305        TRUE    71.528
3       0.08534631  0.0005057505  0.0005057505        TRUE    81.659
4       0.08464006  0.0007677166  0.0007677166        TRUE   100.792
5       0.08441614  0.0014400594  0.0014400594        TRUE    81.790
  dr25.rmse_t dr25.rmse_full_p dr25.rmse_s_S dr25.rmse_s_T dc25.status
1   0.3855269       0.09129132  0.0019876486  0.0019876486        TRUE
2   0.1962198       0.10580233  0.0028456364  0.0028456364        TRUE
3   0.3737148       0.09099626  0.0007615333  0.0007615333        TRUE
4   0.3292631       0.08851365  0.0014619887  0.0014619887        TRUE
5   0.6714108       0.09080746  0.0034181117  0.0034181117        TRUE
  dc25.time dc25.rmse_t dc25.rmse_full_p dc25.rmse_s_S dc25.rmse_s_T
1    41.101   0.3547741       0.08871182  0.0015410231  0.0015410231
2    33.342   0.1183253       0.08196386  0.0010107368  0.0010107368
3    64.082   0.4080557       0.08952214  0.0006271315  0.0006271315
4    67.688   0.2243293       0.08592689  0.0010487744  0.0010487744
5    47.729   0.4655800       0.08338184  0.0015974870  0.0015974870
                                                                                                                                     orac.Si_S
1  0.1934709014, 0.0374969608, 0.2262108786, 0.0872074192, 0.0024480960, 0.0064820765, 0.0322413565, -0.0017047547, 0.0011928344, 0.0001479231
2  5.690615e-02, 1.159026e-01, 1.463723e-01, 1.432291e-01, -3.611474e-03, 1.811064e-03, 4.661931e-02, 6.723518e-04, 2.884277e-04, 3.723975e-05
3 0.5413690713, 0.0283531444, 0.1449445869, 0.0326135223, 0.0361142394, 0.0166831055, -0.0003530172, 0.0003907062, 0.0003469564, -0.0001154388
4 0.0186098449, 0.1976750186, 0.0495141487, 0.1441465472, 0.1485202276, 0.0176438398, 0.0094047586, 0.0021826064, -0.0003363647, -0.0002680079
5  0.1922801299, 0.1650167638, 0.0244962122, 0.0182214473, -0.0128691585, 0.0054678529, 0.0274590186, 0.0046917313, 0.0030248475, 0.0005791683
                                                                                                                                    orac.Si_T
1 0.4007381287, 0.2225436722, 0.4420012548, 0.2260810938, 0.0611150731, 0.0722359959, 0.0433621497, 0.0119868008, 0.0011662942, -0.0002045864
2 2.745998e-01, 3.780859e-01, 4.514130e-01, 2.756049e-01, 1.533174e-01, 5.504817e-02, 7.725335e-02, 7.503917e-03, 1.043662e-03, -2.935281e-05
3  6.936361e-01, 1.042905e-01, 2.893044e-01, 1.054909e-01, 4.899230e-02, 4.184058e-02, 1.164951e-02, 2.372729e-03, 5.957072e-04, 5.139994e-05
4 2.551031e-01, 3.352017e-01, 2.556274e-01, 2.958358e-01, 2.301371e-01, 8.600347e-02, 2.136919e-02, 1.613393e-02, 1.020660e-02, -9.436134e-05
5 0.6514100388, 0.3811950847, 0.3472828018, 0.1231944822, 0.1479717609, 0.0595007277, 0.0466025099, 0.0320572648, 0.0003799861, -0.0001785537
                                                                                                                                     full.Si_S
1  0.1933972600, 0.0382004296, 0.2260836043, 0.0876665293, 0.0026860311, 0.0064484570, 0.0324332095, -0.0017029606, 0.0011099844, 0.0001413344
2  5.683528e-02, 1.158491e-01, 1.461663e-01, 1.432434e-01, -3.574624e-03, 1.802492e-03, 4.691756e-02, 7.427154e-04, 2.466034e-04, 8.258927e-06
3 5.417112e-01, 2.843828e-02, 1.448441e-01, 3.261710e-02, 3.598793e-02, 1.676318e-02, -2.568091e-04, 3.445243e-04, 3.370258e-04, -5.367216e-05
4 0.0186915799, 0.1977382617, 0.0495173312, 0.1442261344, 0.1481986158, 0.0177153016, 0.0094828803, 0.0020388810, -0.0003281477, -0.0003545086
5  0.1923262271, 0.1645550519, 0.0245269146, 0.0184903529, -0.0130260347, 0.0054553067, 0.0272927366, 0.0048795468, 0.0029390780, 0.0005129887
                                                                                                                                    full.Si_T
1 0.4001788591, 0.2227939000, 0.4419427009, 0.2264922840, 0.0609547826, 0.0723637641, 0.0432876491, 0.0115634755, 0.0011275695, -0.0002082622
2 2.748253e-01, 3.782997e-01, 4.511370e-01, 2.749973e-01, 1.534396e-01, 5.511531e-02, 7.740131e-02, 7.633462e-03, 1.078210e-03, -6.735708e-05
3  0.6940513804, 0.1041501672, 0.2894021646, 0.1052780893, 0.0490095810, 0.0417015579, 0.0114484693, 0.0024700077, 0.0005205655, 0.0000213377
4 0.2556302226, 0.3352294799, 0.2550260595, 0.2954873679, 0.2301301285, 0.0857767921, 0.0213159591, 0.0162810852, 0.0101864350, -0.0001050026
5 0.6525476968, 0.3817301042, 0.3470699089, 0.1221418202, 0.1469790420, 0.0594732630, 0.0462921706, 0.0325522170, 0.0004733393, -0.0002127386
                                                                                                                                    ir250.Si_S
1  1.932009e-01, 3.830669e-02, 2.270748e-01, 8.800372e-02, 2.164752e-03, 6.818385e-03, 3.252486e-02, -1.617194e-03, 1.141121e-03, 8.039349e-05
2  5.795275e-02, 1.155794e-01, 1.459830e-01, 1.442795e-01, -3.464499e-03, 2.053059e-03, 4.672309e-02, 5.629312e-04, 1.885226e-04, 9.599038e-05
3  5.414776e-01, 2.835518e-02, 1.451908e-01, 3.235691e-02, 3.578973e-02, 1.685799e-02, -1.005041e-04, 2.025217e-04, 3.394188e-04, 3.831676e-05
4 0.0187703170, 0.1976851478, 0.0496620549, 0.1443344152, 0.1478926251, 0.0178810542, 0.0094967363, 0.0019057759, -0.0002946014, -0.0004324674
5  0.1917456907, 0.1647649857, 0.0244831939, 0.0186072425, -0.0131558597, 0.0055330143, 0.0271506393, 0.0050374293, 0.0027696176, 0.0004634011
                                                                                                                                   ir250.Si_T
1           0.400160658, 0.222978407, 0.442806539, 0.226545071, 0.060574066, 0.072545958, 0.043850025, 0.011987726, 0.001073003, -0.000137925
2 2.751755e-01, 3.774157e-01, 4.509640e-01, 2.753876e-01, 1.538432e-01, 5.520333e-02, 7.737284e-02, 7.111804e-03, 1.068202e-03, -9.923303e-05
3 6.939980e-01, 1.042332e-01, 2.897809e-01, 1.047518e-01, 4.919109e-02, 4.181600e-02, 1.077473e-02, 2.593767e-03, 4.652068e-04, -4.284824e-05
4 0.2561394442, 0.3349061000, 0.2545146669, 0.2958315150, 0.2299585453, 0.0858940782, 0.0211606691, 0.0162910964, 0.0104517865, -0.0001548369
5 6.530495e-01, 3.818074e-01, 3.471695e-01, 1.214015e-01, 1.461363e-01, 5.972019e-02, 4.614716e-02, 3.289999e-02, 4.757425e-04, -8.704154e-05
                                                                                                                                    ic250.Si_S
1  0.1935516488, 0.0378784714, 0.2268649942, 0.0877362312, 0.0024543664, 0.0065455940, 0.0326157862, -0.0017164596, 0.0011297996, 0.0001404508
2  5.747274e-02, 1.155762e-01, 1.454874e-01, 1.443319e-01, -3.326303e-03, 1.926997e-03, 4.691097e-02, 6.492878e-04, 2.095641e-04, 4.670329e-05
3  5.420073e-01, 2.844625e-02, 1.450226e-01, 3.246771e-02, 3.587980e-02, 1.693059e-02, 7.107752e-06, 2.397632e-04, 3.248638e-04, -9.225027e-05
4 0.0185166484, 0.1975682770, 0.0494736622, 0.1441824778, 0.1481499628, 0.0178966998, 0.0093051554, 0.0019929940, -0.0002936127, -0.0003400397
5  0.1915904521, 0.1638120843, 0.0245221256, 0.0182453831, -0.0132960970, 0.0056319001, 0.0271160638, 0.0050523991, 0.0027407719, 0.0004076054
                                                                                                                                   ic250.Si_T
1 0.3999302948, 0.2223000388, 0.4425734986, 0.2256895609, 0.0607365990, 0.0720734554, 0.0433950555, 0.0121054907, 0.0011590131, -0.0001860647
2 2.750625e-01, 3.775165e-01, 4.513520e-01, 2.749192e-01, 1.541297e-01, 5.545196e-02, 7.752159e-02, 7.448132e-03, 8.590764e-04, -9.984501e-05
3  6.946585e-01, 1.041817e-01, 2.890843e-01, 1.048208e-01, 4.924977e-02, 4.177793e-02, 1.099918e-02, 2.583515e-03, 4.318600e-04, 4.533238e-05
4 0.2554980637, 0.3350188991, 0.2538210521, 0.2964315349, 0.2302609041, 0.0865739084, 0.0209530057, 0.0163348144, 0.0105852127, -0.0001622059
5 0.6530893026, 0.3820197989, 0.3475723174, 0.1221897457, 0.1468457985, 0.0598164433, 0.0461626476, 0.0330316198, 0.0004736011, -0.0002602686
                                                                                                                                    ir100.Si_S
1  0.1922701722, 0.0386329379, 0.2271464687, 0.0883428371, 0.0025475207, 0.0072514155, 0.0325748159, -0.0014991752, 0.0010633176, 0.0001574757
2 6.152487e-02, 1.116764e-01, 1.452562e-01, 1.429226e-01, -2.464031e-03, 2.932504e-03, 4.413720e-02, -3.056356e-05, 9.213063e-05, 9.520277e-05
3 0.5420725003, 0.0283970117, 0.1454551260, 0.0321871017, 0.0357085269, 0.0167957369, -0.0001331926, 0.0003529108, 0.0004056461, -0.0001699621
4 1.916203e-02, 1.979395e-01, 4.981604e-02, 1.439879e-01, 1.463887e-01, 1.807651e-02, 9.549630e-03, 1.545667e-03, -5.871462e-05, -7.173322e-04
5  0.1916567503, 0.1651835157, 0.0231794207, 0.0186692557, -0.0136311581, 0.0047919390, 0.0265727789, 0.0050363658, 0.0026912983, 0.0001199324
                                                                                                                                   ir100.Si_T
1           0.398921952, 0.224635700, 0.444172710, 0.227007791, 0.058775009, 0.071397132, 0.043815892, 0.011937349, 0.001355191, -0.000162744
2 2.764863e-01, 3.701192e-01, 4.568248e-01, 2.777094e-01, 1.565721e-01, 5.576091e-02, 7.954973e-02, 1.366413e-04, 1.740514e-03, -9.913049e-05
3  6.939823e-01, 1.046106e-01, 2.891223e-01, 1.046119e-01, 4.847420e-02, 4.169242e-02, 1.045570e-02, 2.307674e-03, 5.680078e-04, 9.439317e-05
4 0.2562246141, 0.3340431254, 0.2543438691, 0.2952534120, 0.2299123891, 0.0861982402, 0.0208004434, 0.0157902378, 0.0107449026, -0.0002780011
5  0.6551509193, 0.3795725751, 0.3479047190, 0.1180056864, 0.1454596467, 0.0600938671, 0.0452622510, 0.0330916354, 0.0003114624, 0.0004185090
                                                                                                                                    ic100.Si_S
1 1.932559e-01, 3.778486e-02, 2.281342e-01, 8.813725e-02, 1.846575e-03, 6.776804e-03, 3.258745e-02, -1.779669e-03, 1.169948e-03, -5.646972e-06
2  5.765733e-02, 1.155982e-01, 1.455854e-01, 1.447098e-01, -3.688583e-03, 2.171822e-03, 4.673552e-02, 5.564828e-04, 5.984895e-05, 9.591369e-05
3  0.5424336082, 0.0284233038, 0.1450924847, 0.0322865926, 0.0354417461, 0.0169816985, -0.0000590298, 0.0003055586, 0.0002732562, 0.0000382746
4 0.0186140114, 0.1971576998, 0.0495713948, 0.1442800495, 0.1476810018, 0.0179922343, 0.0093625409, 0.0019173951, -0.0002133642, -0.0002992534
5  0.1913077147, 0.1639565068, 0.0238838867, 0.0185389610, -0.0135489156, 0.0050615159, 0.0267230101, 0.0049436263, 0.0026988734, 0.0003365981
                                                                                                                                   ic100.Si_T
1  4.001121e-01, 2.222458e-01, 4.435184e-01, 2.254558e-01, 6.076528e-02, 7.260480e-02, 4.375001e-02, 1.233024e-02, 1.088427e-03, 4.221712e-05
2 2.763028e-01, 3.784793e-01, 4.500549e-01, 2.756503e-01, 1.540640e-01, 5.478143e-02, 7.762314e-02, 7.096979e-03, 1.172203e-03, -9.917402e-05
3 6.944910e-01, 1.040606e-01, 2.898072e-01, 1.045311e-01, 4.883459e-02, 4.170070e-02, 1.062749e-02, 2.494271e-03, 2.194498e-04, -4.281926e-05
4 0.2559058379, 0.3351450612, 0.2538561652, 0.2972214570, 0.2299223978, 0.0863784994, 0.0209771418, 0.0162043765, 0.0109441524, -0.0001395276
5 6.548668e-01, 3.813729e-01, 3.474865e-01, 1.196688e-01, 1.459496e-01, 6.038101e-02, 4.537445e-02, 3.337445e-02, 3.761481e-04, -4.027071e-05
                                                                                                                                     ir50.Si_S
1 0.1922009012, 0.0388629228, 0.2270867181, 0.0898182677, 0.0026887048, 0.0067751416, 0.0332416183, -0.0018877691, 0.0013097375, -0.0001789653
2  6.147740e-02, 1.115748e-01, 1.460913e-01, 1.426000e-01, -3.007446e-03, 3.203193e-03, 4.380384e-02, 9.500488e-05, 3.259738e-04, 9.503559e-05
3  5.416995e-01, 2.865921e-02, 1.452555e-01, 3.206083e-02, 3.558930e-02, 1.699563e-02, -2.231218e-04, 5.373093e-04, 5.548830e-04, 3.829958e-05
4 1.900229e-02, 1.979656e-01, 4.951777e-02, 1.435945e-01, 1.470541e-01, 1.807436e-02, 9.318413e-03, 1.692695e-03, -6.140207e-05, -5.346317e-04
5 0.1892269219, 0.1641196333, 0.0191987559, 0.0194076309, -0.0155783244, 0.0047588445, 0.0247210577, 0.0045833444, 0.0002246526, -0.0008514712
                                                                                                                                     ir50.Si_T
1             0.398671039, 0.223161762, 0.443910838, 0.227137153, 0.057617503, 0.072508868, 0.044883291, 0.011383054, 0.001278927, 0.000178923
2 2.742618e-01, 3.695924e-01, 4.601611e-01, 2.771795e-01, 1.590096e-01, 5.607661e-02, 8.038705e-02, -9.920881e-05, 1.083191e-03, -9.925412e-05
3  0.6940537164, 0.1052317093, 0.2893647162, 0.1045632255, 0.0482727538, 0.0414983341, 0.0100200123, 0.0021025992, 0.0006852896, -0.0000428562
4  0.2550116161, 0.3340725589, 0.2522962014, 0.2967045541, 0.2305481125, 0.0875945295, 0.0199737451, 0.0160287499, 0.0110857603, -0.0003586175
5  0.6613484969, 0.3778714181, 0.3517266370, 0.1148215271, 0.1474455088, 0.0618725170, 0.0454034192, 0.0353272272, -0.0002248815, 0.0014566085
                                                                                                                                     ic50.Si_S
1  1.928445e-01, 3.848720e-02, 2.271167e-01, 8.872354e-02, 2.542958e-03, 6.555406e-03, 3.327577e-02, -1.760130e-03, 1.128038e-03, 6.694863e-05
2  5.842801e-02, 1.145564e-01, 1.458836e-01, 1.450581e-01, -3.924686e-03, 2.073212e-03, 4.700412e-02, 4.085089e-04, 1.236058e-04, 1.792626e-06
3 0.5418159090, 0.0286725188, 0.1455878103, 0.0326978439, 0.0354675810, 0.0167178169, -0.0001392089, 0.0005017869, 0.0005049600, -0.0002680907
4  0.0187892142, 0.1970715145, 0.0490192551, 0.1449417940, 0.1485973620, 0.0178567108, 0.0089893946, 0.0019050327, -0.0003129723, 0.0000799753
5 0.1882352586, 0.1624452224, 0.0204318327, 0.0185499314, -0.0149291846, 0.0051255896, 0.0257429509, 0.0049192430, 0.0002240044, -0.0001120264
                                                                                                                                    ic50.Si_T
1 3.993759e-01, 2.221099e-01, 4.434463e-01, 2.255868e-01, 5.979632e-02, 7.212764e-02, 4.414771e-02, 1.211592e-02, 1.158342e-03, -4.240702e-05
2 2.753094e-01, 3.778799e-01, 4.514424e-01, 2.771271e-01, 1.552910e-01, 5.385446e-02, 7.806619e-02, 6.381078e-03, 1.045643e-03, -3.603088e-05
3  6.940591e-01, 1.050819e-01, 2.892397e-01, 1.046699e-01, 4.877531e-02, 4.106016e-02, 9.991694e-03, 1.976884e-03, 6.719843e-04, 6.060332e-05
4 2.536151e-01, 3.356452e-01, 2.540407e-01, 2.973952e-01, 2.309712e-01, 8.697524e-02, 2.113544e-02, 1.638596e-02, 1.116917e-02, -8.062928e-05
5 0.6585499114, 0.3804763525, 0.3517675122, 0.1190561780, 0.1484388066, 0.0608391871, 0.0457188664, 0.0358467223, -0.0002239770, 0.0006301748
                                                                                                                                     ir25.Si_S
1 0.1926596577, 0.0371644712, 0.2269501055, 0.0902108555, 0.0027986522, 0.0070827306, 0.0333646565, -0.0019229257, 0.0013119132, -0.0002493163
2  5.943308e-02, 1.100641e-01, 1.447798e-01, 1.420880e-01, -5.206338e-03, 3.249097e-03, 4.414506e-02, 8.184973e-05, 4.918339e-04, 1.264621e-03
3   5.417327e-01, 2.891307e-02, 1.445929e-01, 3.179065e-02, 3.588164e-02, 1.721369e-02, 1.837343e-05, 1.638792e-04, 6.293364e-04, 3.824168e-05
4            0.014092738, 0.198127435, 0.048663192, 0.141296373, 0.152379066, 0.015253967, 0.007561150, 0.001135679, 0.001078186, -0.001305707
5  0.1938000649, 0.1632866692, 0.0214793897, 0.0187611277, -0.0139373039, 0.0040459342, 0.0263382816, 0.0047392316, 0.0024357057, 0.0003185771
                                                                                                                                    ir25.Si_T
1            0.397625987, 0.221667787, 0.446716507, 0.227427530, 0.055826227, 0.071570716, 0.045020362, 0.012412468, 0.001060252, 0.000677074
2            0.272059128, 0.374558448, 0.456557729, 0.279959329, 0.156556770, 0.053875299, 0.080257695, 0.001788026, 0.001294468, 0.001287387
3 6.940506e-01, 1.044905e-01, 2.893002e-01, 1.039756e-01, 4.892921e-02, 4.147771e-02, 9.948356e-03, 2.658791e-03, 6.910240e-04, -4.271201e-05
4 2.376148e-01, 3.370905e-01, 2.527128e-01, 2.911166e-01, 2.430546e-01, 9.339430e-02, 2.077380e-02, 1.802028e-02, 1.275967e-02, -1.343131e-05
5  0.6574733238, 0.3782327169, 0.3469308719, 0.1152014547, 0.1468084859, 0.0587241678, 0.0467068828, 0.0307819616, 0.0003910409, 0.0005883453
                                                                                                                                     ic25.Si_S
1 0.1882927124, 0.0391512255, 0.2300300784, 0.0894928844, 0.0031984869, 0.0071771320, 0.0343190235, -0.0017055931, 0.0001582049, -0.0003545066
2  0.0585505851, 0.1135799308, 0.1461754357, 0.1444636628, -0.0042848201, 0.0024192409, 0.0457595849, 0.0004141705, 0.0002871389, 0.0002486967
3  5.429174e-01, 2.880062e-02, 1.454165e-01, 3.234457e-02, 3.502316e-02, 1.704742e-02, 9.114920e-06, 4.596811e-04, 3.060309e-04, -1.500513e-04
4 0.0186053831, 0.1968450355, 0.0492749191, 0.1441436626, 0.1482857826, 0.0177013400, 0.0091177903, 0.0021719573, -0.0002100791, -0.0002083736
5  0.1884729892, 0.1601244022, 0.0205434056, 0.0181308044, -0.0152276523, 0.0054291648, 0.0253389673, 0.0049295244, 0.0002244155, 0.0002242922
                                                                                                                                     ic25.Si_T
1  0.3950405209, 0.2236694516, 0.4440183557, 0.2252038848, 0.0583241915, 0.0753984749, 0.0437105269, 0.0127419080, -0.0001628746, 0.0007330254
2   0.2740458788, 0.3772877388, 0.4533537334, 0.2776558942, 0.1553087133, 0.0540725055, 0.0777453692, 0.0054798492, 0.0011643035, 0.0001665052
3   0.6945805758, 0.1044602109, 0.2889919082, 0.1042244017, 0.0483668736, 0.0411944417, 0.0099389422, 0.0021738069, 0.0002620843, 0.0001164492
4  0.2542695152, 0.3351697386, 0.2542434925, 0.2969405018, 0.2306217390, 0.0873746421, 0.0207292663, 0.0160294226, 0.0108283877, -0.0001251045
5 0.6600337078, 0.3812372423, 0.3516205796, 0.1202848467, 0.1489601452, 0.0620390161, 0.0451109139, 0.0357138923, -0.0002246916, -0.0002246906
                                                                                                                                     dr50.Si_S
1  0.1929675639, 0.0387752972, 0.2271892316, 0.0887990908, 0.0024976900, 0.0070599094, 0.0330834542, -0.0015551972, 0.0011255403, 0.0001197624
2  0.0591021729, 0.1129131661, 0.1467274541, 0.1453297601, -0.0031739866, 0.0023449594, 0.0458575707, 0.0004895745, 0.0003476332, 0.0003708351
3 5.417128e-01, 2.838078e-02, 1.453346e-01, 3.232277e-02, 3.591466e-02, 1.690233e-02, -1.631199e-04, 4.122521e-04, 4.974866e-04, -5.507631e-05
4  1.896199e-02, 1.972129e-01, 4.919405e-02, 1.447533e-01, 1.481139e-01, 1.802372e-02, 9.250514e-03, 1.776035e-03, -2.803785e-04, 7.981385e-05
5            0.191718207, 0.164937192, 0.023800799, 0.018753568, -0.013270717, 0.005030811, 0.026737019, 0.005008497, 0.002824418, 0.000314759
                                                                                                                                    dr50.Si_T
1 0.3992366725, 0.2233358700, 0.4433783205, 0.2265614577, 0.0590301623, 0.0721856154, 0.0443477888, 0.0119197069, 0.0012276849, -0.0001758551
2  0.2743296603, 0.3746658564, 0.4534650441, 0.2789891423, 0.1550668876, 0.0546427295, 0.0775171669, 0.0047738909, 0.0007663033, 0.0002093144
3  6.941741e-01, 1.046235e-01, 2.890118e-01, 1.047661e-01, 4.872974e-02, 4.175019e-02, 1.049754e-02, 2.271593e-03, 6.622029e-04, 2.638582e-05
4 2.544151e-01, 3.351149e-01, 2.539329e-01, 2.975914e-01, 2.306980e-01, 8.653984e-02, 2.110154e-02, 1.644906e-02, 1.100890e-02, -8.052835e-05
5  0.6547257370, 0.3800765021, 0.3474446113, 0.1188636759, 0.1463622950, 0.0599097669, 0.0451706199, 0.0330109094, 0.0003741136, 0.0001721766
                                                                                                                                     dc50.Si_S
1  0.1929567774, 0.0383184923, 0.2273165460, 0.0879921699, 0.0022416360, 0.0067928988, 0.0325450549, -0.0016696820, 0.0011346570, 0.0001206396
2  5.810277e-02, 1.152770e-01, 1.453405e-01, 1.449073e-01, -3.570647e-03, 2.113325e-03, 4.680456e-02, 5.091534e-04, 1.576888e-04, 9.572134e-05
3  5.421125e-01, 2.836535e-02, 1.451731e-01, 3.211172e-02, 3.569598e-02, 1.694067e-02, -8.862240e-05, 3.110107e-04, 3.492448e-04, 3.832088e-05
4 0.0186180013, 0.1971803331, 0.0495339660, 0.1442284773, 0.1480509303, 0.0178615187, 0.0092892063, 0.0020065640, -0.0001689758, -0.0002324146
5  0.1907901169, 0.1639731223, 0.0238033478, 0.0180497864, -0.0134134065, 0.0053987566, 0.0267453445, 0.0049005510, 0.0026153314, 0.0002470462
                                                                                                                                    dc50.Si_T
1           0.399863488, 0.222716821, 0.442746816, 0.225952402, 0.061049649, 0.072572120, 0.043806878, 0.011804871, 0.001180428, -0.000188047
2 2.755669e-01, 3.775987e-01, 4.510388e-01, 2.756741e-01, 1.544776e-01, 5.500443e-02, 7.777415e-02, 6.936205e-03, 9.589484e-04, -9.911537e-05
3 6.941758e-01, 1.044116e-01, 2.895749e-01, 1.045137e-01, 4.879483e-02, 4.170790e-02, 1.058781e-02, 2.431880e-03, 4.290285e-04, -4.286115e-05
4 0.2547868485, 0.3345901751, 0.2543413516, 0.2970427745, 0.2299911996, 0.0870094808, 0.0206882975, 0.0160708361, 0.0111043108, -0.0001438734
5  0.6541564463, 0.3813428843, 0.3475656414, 0.1205651869, 0.1464378317, 0.0603632556, 0.0455956035, 0.0334426405, 0.0002716261, 0.0001931422
                                                                                                                                     dr25.Si_S
1 0.1903799404, 0.0398926225, 0.2281847487, 0.0896797798, 0.0026850539, 0.0068098318, 0.0330963965, -0.0020103020, 0.0006700124, -0.0002359978
2  6.150591e-02, 1.133713e-01, 1.464254e-01, 1.493186e-01, -2.331849e-03, 2.412211e-03, 4.826389e-02, 2.881133e-04, 9.404285e-05, 9.396391e-05
3 0.5420502475, 0.0286762283, 0.1456133156, 0.0325363591, 0.0351714286, 0.0169037779, -0.0001612510, 0.0005882429, 0.0004317800, -0.0001731058
4  1.891124e-02, 1.978744e-01, 4.980610e-02, 1.443767e-01, 1.465475e-01, 1.789884e-02, 9.305849e-03, 1.656333e-03, 9.036352e-05, -6.263816e-04
5 0.1904809082, 0.1644384237, 0.0226331533, 0.0188941790, -0.0142159731, 0.0050888751, 0.0260277736, 0.0047075434, 0.0025435220, -0.0001527115
                                                                                                                                     dr25.Si_T
1   0.3971565022, 0.2240305361, 0.4435747981, 0.2271086433, 0.0573301976, 0.0743047918, 0.0445704599, 0.0113487840, 0.0010734763, 0.0004705941
2 2.722106e-01, 3.760706e-01, 4.547605e-01, 2.759658e-01, 1.600816e-01, 5.714299e-02, 7.713017e-02, 4.604859e-03, -9.784906e-05, -9.774247e-05
3   0.6941666589, 0.1054473579, 0.2890174815, 0.1046312308, 0.0481982727, 0.0412990575, 0.0101724028, 0.0018790676, 0.0005112729, 0.0000928770
4            0.254758382, 0.334219138, 0.252074760, 0.297104583, 0.230377614, 0.087424904, 0.020026714, 0.015708744, 0.011577521, -0.000437886
5   6.576472e-01, 3.796914e-01, 3.485082e-01, 1.151309e-01, 1.461170e-01, 5.865414e-02, 4.592227e-02, 3.396658e-02, 8.654681e-05, 7.140779e-04
                                                                                                                                     dc25.Si_S
1  0.1913498599, 0.0396152634, 0.2268350278, 0.0887850042, 0.0025919442, 0.0068867357, 0.0328391674, -0.0015945919, 0.0008708739, 0.0001575685
2  0.0581691089, 0.1142811841, 0.1461364525, 0.1456144871, -0.0033024864, 0.0019449994, 0.0471547840, 0.0003485503, 0.0002010345, 0.0003064280
3 0.5420830393, 0.0285736124, 0.1456817258, 0.0326769887, 0.0352413837, 0.0169285502, -0.0001532877, 0.0005317574, 0.0003781410, -0.0001909942
4 1.868541e-02, 1.979076e-01, 4.993321e-02, 1.438551e-01, 1.470390e-01, 1.776490e-02, 9.424595e-03, 1.801036e-03, -7.427576e-05, -6.376317e-04
5  0.1910435426, 0.1638606661, 0.0231451998, 0.0179727511, -0.0132048413, 0.0049763799, 0.0264004854, 0.0048393712, 0.0027791110, 0.0004266453
                                                                                                                                    dc25.Si_T
1 0.3978691783, 0.2249206293, 0.4435687377, 0.2274578761, 0.0588218933, 0.0721754573, 0.0438091001, 0.0117625831, 0.0011589221, -0.0001626763
2  0.2740977519, 0.3765628730, 0.4524456587, 0.2765617566, 0.1551319378, 0.0538207651, 0.0771183480, 0.0070224059, 0.0002803077, 0.0001448159
3  6.943331e-01, 1.047465e-01, 2.892160e-01, 1.046993e-01, 4.851311e-02, 4.140811e-02, 1.024565e-02, 1.957760e-03, 3.862343e-04, 8.710455e-05
4 0.2556734686, 0.3340689341, 0.2532480851, 0.2963818819, 0.2301464793, 0.0871229150, 0.0203548444, 0.0156609425, 0.0111051301, -0.0004381103
5  0.6543354997, 0.3794199864, 0.3482167490, 0.1199138823, 0.1483568797, 0.0598473351, 0.0455411089, 0.0328776474, 0.0003468402, 0.0001479546
> 
> proc.time()
     user    system   elapsed 
29308.578   442.533 30678.211 
