
R version 3.0.3 (2014-03-06) -- "Warm Puppy"
Copyright (C) 2014 The R Foundation for Statistical Computing
Platform: x86_64-unknown-linux-gnu (64-bit)

R is free software and comes with ABSOLUTELY NO WARRANTY.
You are welcome to redistribute it under certain conditions.
Type 'license()' or 'licence()' for distribution details.

  Natural language support but running in an English locale

R is a collaborative project with many contributors.
Type 'contributors()' for more information and
'citation()' on how to cite R or R packages in publications.

Type 'demo()' for some demos, 'help()' for on-line help, or
'help.start()' for an HTML browser interface to help.
Type 'q()' to quit R.

> print(.libPaths())
[1] "/usr/local/r-3.0.3/lib64/R/library"
> .libPaths("/mnt/home/rjparker/Rlib")
> print(.libPaths())
[1] "/mnt/home/rjparker/Rlib"            "/usr/local/r-3.0.3/lib64/R/library"
> setwd("/mnt/home/rjparker/git/block_int")
> 
> which_exp <- 3
> which_part <- 16
> source("R/sim_nblocks_pred.R")
Loading required package: spam
Loading required package: grid
Spam version 0.41-0 (2014-02-26) is loaded.
Type 'help( Spam)' or 'demo( spam)' for a short introduction 
and overview of this package.
Help for individual functions is also obtained by adding the
suffix '.spam' to the function name, e.g. 'help( chol.spam)'.

Attaching package: ‘spam’

The following objects are masked from ‘package:base’:

    backsolve, forwardsolve

Loading required package: maps
  pred  p   b tau Nper_p Npred Fzero sigma2
3 TRUE 10 1.5  10   5000  1000     0      1
[1] 1.000086
$full.time
[1] 0.044

$full.rmse
[1] 0.08140424

$full.time
[1] 0.044

$full.rmse
[1] 0.08140424

$l25.time
[1] 2.213

$l25.rmse
[1] 0.2339274

$l50.time
[1] 2.274

$l50.rmse
[1] 0.1883419

$l100.time
[1] 3.826

$l100.rmse
[1] 0.1610638

$l250.time
[1] 18.615

$l250.rmse
[1] 0.128221

$l500.time
[1] 100.22

$l500.rmse
[1] 0.1085246

$o25_i.ptime
[1] 0.119

$o25_i.time
[1] 0.206

$o25_i.rmse
[1] 0.6681571

$o50_i.ptime
[1] 0.101

$o50_i.time
[1] 0.184

$o50_i.rmse
[1] 0.5508753

$o100_i.ptime
[1] 0.13

$o100_i.time
[1] 0.17

$o100_i.rmse
[1] 0.4420014

$o250_i.ptime
[1] 0.342

$o250_i.time
[1] 0.122

$o250_i.rmse
[1] 0.3484655

$o500_i.ptime
[1] 1.088

$o500_i.time
[1] 0.16

$o500_i.rmse
[1] 0.2578789

$o25_d.ptime
[1] 0.124

$o25_d.time
[1] 0.5

$o25_d.rmse
[1] 0.5255899

$o50_d.ptime
[1] 0.049

$o50_d.time
[1] 0.762

$o50_d.rmse
[1] 0.4377164

$o100_d.ptime
[1] 0.02

$o100_d.time
[1] 1.45

$o100_d.rmse
[1] 0.3505069

$o250_d.ptime
[1] 0.02

$o250_d.time
[1] 5.41

$o250_d.rmse
[1] 0.237904

$o500_d.ptime
[1] 0.063

$o500_d.time
[1] 18.177

$o500_d.rmse
[1] 0.1631941

$c25_i.ptime
[1] 0.625

$c25_i.time
[1] 0.249

$c25_i.rmse
[1] 0.3958306

$c50_i.ptime
[1] 0.318

$c50_i.time
[1] 0.201

$c50_i.rmse
[1] 0.3469075

$c100_i.ptime
[1] 0.305

$c100_i.time
[1] 0.188

$c100_i.rmse
[1] 0.2849575

$c250_i.ptime
[1] 0.498

$c250_i.time
[1] 0.209

$c250_i.rmse
[1] 0.221339

$c500_i.ptime
[1] 1.216

$c500_i.time
[1] 0.202

$c500_i.rmse
[1] 0.1921478

$c25_d.ptime
[1] 0.523

$c25_d.time
[1] 0.758

$c25_d.rmse
[1] 0.3203177

$c50_d.ptime
[1] 0.247

$c50_d.time
[1] 0.813

$c50_d.rmse
[1] 0.2763563

$c100_d.ptime
[1] 0.214

$c100_d.time
[1] 1.531

$c100_d.rmse
[1] 0.2243323

$c250_d.ptime
[1] 0.207

$c250_d.time
[1] 5.488

$c250_d.rmse
[1] 0.1665161

$c500_d.ptime
[1] 0.116

$c500_d.time
[1] 22.03

$c500_d.rmse
[1] 0.1443103

$s25.ptime
[1] 0.161

$s25.time
[1] 0.001

$s25.rmse
[1] 0.670843

$s50.ptime
[1] 0.227

$s50.time
[1] 0.002

$s50.rmse
[1] 0.6185975

$s100.ptime
[1] 0.264

$s100.time
[1] 0.004

$s100.rmse
[1] 0.494014

$s250.ptime
[1] 0.571

$s250.time
[1] 0.007

$s250.rmse
[1] 0.3990311

$s500.ptime
[1] 0.758

$s500.time
[1] 0.015

$s500.rmse
[1] 0.2538419

$s1000.ptime
[1] 1.63

$s1000.time
[1] 0.028

$s1000.rmse
[1] 0.1860174

$s2500.ptime
[1] 16.111

$s2500.time
[1] 0.083

$s2500.rmse
[1] 0.1112148

        seed            p    full.time    full.rmse     l25.time     l25.rmse 
    2259.000       10.000        0.044        0.081        2.213        0.234 
    l50.time     l50.rmse    l100.time    l100.rmse    l250.time    l250.rmse 
       2.274        0.188        3.826        0.161       18.615        0.128 
   l500.time    l500.rmse  o25_i.ptime   o25_i.time   o25_i.rmse  o50_i.ptime 
     100.220        0.109        0.119        0.206        0.668        0.101 
  o50_i.time   o50_i.rmse o100_i.ptime  o100_i.time  o100_i.rmse o250_i.ptime 
       0.184        0.551        0.130        0.170        0.442        0.342 
 o250_i.time  o250_i.rmse o500_i.ptime  o500_i.time  o500_i.rmse  o25_d.ptime 
       0.122        0.348        1.088        0.160        0.258        0.124 
  o25_d.time   o25_d.rmse  o50_d.ptime   o50_d.time   o50_d.rmse o100_d.ptime 
       0.500        0.526        0.049        0.762        0.438        0.020 
 o100_d.time  o100_d.rmse o250_d.ptime  o250_d.time  o250_d.rmse o500_d.ptime 
       1.450        0.351        0.020        5.410        0.238        0.063 
 o500_d.time  o500_d.rmse  c25_i.ptime   c25_i.time   c25_i.rmse  c50_i.ptime 
      18.177        0.163        0.625        0.249        0.396        0.318 
  c50_i.time   c50_i.rmse c100_i.ptime  c100_i.time  c100_i.rmse c250_i.ptime 
       0.201        0.347        0.305        0.188        0.285        0.498 
 c250_i.time  c250_i.rmse c500_i.ptime  c500_i.time  c500_i.rmse  c25_d.ptime 
       0.209        0.221        1.216        0.202        0.192        0.523 
  c25_d.time   c25_d.rmse  c50_d.ptime   c50_d.time   c50_d.rmse c100_d.ptime 
       0.758        0.320        0.247        0.813        0.276        0.214 
 c100_d.time  c100_d.rmse c250_d.ptime  c250_d.time  c250_d.rmse c500_d.ptime 
       1.531        0.224        0.207        5.488        0.167        0.116 
 c500_d.time  c500_d.rmse    s25.ptime     s25.time     s25.rmse    s50.ptime 
      22.030        0.144        0.161        0.001        0.671        0.227 
    s50.time     s50.rmse   s100.ptime    s100.time    s100.rmse   s250.ptime 
       0.002        0.619        0.264        0.004        0.494        0.571 
   s250.time    s250.rmse   s500.ptime    s500.time    s500.rmse  s1000.ptime 
       0.007        0.399        0.758        0.015        0.254        1.630 
  s1000.time   s1000.rmse  s2500.ptime   s2500.time   s2500.rmse 
       0.028        0.186       16.111        0.083        0.111 
[1] 0.7792577
$full.time
[1] 0.04

$full.rmse
[1] 0.08072436

$full.time
[1] 0.04

$full.rmse
[1] 0.08072436

$l25.time
[1] 2.118

$l25.rmse
[1] 0.2220182

$l50.time
[1] 2.276

$l50.rmse
[1] 0.1834565

$l100.time
[1] 3.832

$l100.rmse
[1] 0.1514739

$l250.time
[1] 18.784

$l250.rmse
[1] 0.1229996

$l500.time
[1] 101.185

$l500.rmse
[1] 0.1088635

$o25_i.ptime
[1] 0.101

$o25_i.time
[1] 0.219

$o25_i.rmse
[1] 0.6144063

$o50_i.ptime
[1] 0.102

$o50_i.time
[1] 0.185

$o50_i.rmse
[1] 0.5542775

$o100_i.ptime
[1] 0.126

$o100_i.time
[1] 0.165

$o100_i.rmse
[1] 0.4454998

$o250_i.ptime
[1] 0.318

$o250_i.time
[1] 0.132

$o250_i.rmse
[1] 0.310634

$o500_i.ptime
[1] 1.012

$o500_i.time
[1] 0.154

$o500_i.rmse
[1] 0.2478257

$o25_d.ptime
[1] 0.142

$o25_d.time
[1] 0.69

$o25_d.rmse
[1] 0.4816229

$o50_d.ptime
[1] 0.046

$o50_d.time
[1] 0.608

$o50_d.rmse
[1] 0.4147572

$o100_d.ptime
[1] 0.031

$o100_d.time
[1] 1.177

$o100_d.rmse
[1] 0.3296015

$o250_d.ptime
[1] 0.018

$o250_d.time
[1] 5.164

$o250_d.rmse
[1] 0.2190176

$o500_d.ptime
[1] 0.018

$o500_d.time
[1] 18.316

$o500_d.rmse
[1] 0.1713708

$c25_i.ptime
[1] 0.475

$c25_i.time
[1] 0.258

$c25_i.rmse
[1] 0.3687845

$c50_i.ptime
[1] 0.32

$c50_i.time
[1] 0.211

$c50_i.rmse
[1] 0.3333952

$c100_i.ptime
[1] 0.298

$c100_i.time
[1] 0.177

$c100_i.rmse
[1] 0.2751352

$c250_i.ptime
[1] 0.52

$c250_i.time
[1] 0.141

$c250_i.rmse
[1] 0.2167958

$c500_i.ptime
[1] 1.125

$c500_i.time
[1] 0.217

$c500_i.rmse
[1] 0.1743856

$c25_d.ptime
[1] 0.496

$c25_d.time
[1] 0.705

$c25_d.rmse
[1] 0.2960627

$c50_d.ptime
[1] 0.247

$c50_d.time
[1] 0.795

$c50_d.rmse
[1] 0.2444582

$c100_d.ptime
[1] 0.2

$c100_d.time
[1] 1.521

$c100_d.rmse
[1] 0.2113765

$c250_d.ptime
[1] 0.106

$c250_d.time
[1] 5.314

$c250_d.rmse
[1] 0.1642709

$c500_d.ptime
[1] 0.114

$c500_d.time
[1] 21.13

$c500_d.rmse
[1] 0.1327574

$s25.ptime
[1] 0.12

$s25.time
[1] 0.001

$s25.rmse
[1] 0.6389831

$s50.ptime
[1] 0.202

$s50.time
[1] 0.002

$s50.rmse
[1] 0.5967018

$s100.ptime
[1] 0.224

$s100.time
[1] 0.005

$s100.rmse
[1] 0.4810636

$s250.ptime
[1] 0.473

$s250.time
[1] 0.009

$s250.rmse
[1] 0.318872

$s500.ptime
[1] 0.722

$s500.time
[1] 0.018

$s500.rmse
[1] 0.2508213

$s1000.ptime
[1] 1.717

$s1000.time
[1] 0.032

$s1000.rmse
[1] 0.1823324

$s2500.ptime
[1] 15.161

$s2500.time
[1] 0.076

$s2500.rmse
[1] 0.1097067

        seed            p    full.time    full.rmse     l25.time     l25.rmse 
    2260.000       10.000        0.040        0.081        2.118        0.222 
    l50.time     l50.rmse    l100.time    l100.rmse    l250.time    l250.rmse 
       2.276        0.183        3.832        0.151       18.784        0.123 
   l500.time    l500.rmse  o25_i.ptime   o25_i.time   o25_i.rmse  o50_i.ptime 
     101.185        0.109        0.101        0.219        0.614        0.102 
  o50_i.time   o50_i.rmse o100_i.ptime  o100_i.time  o100_i.rmse o250_i.ptime 
       0.185        0.554        0.126        0.165        0.445        0.318 
 o250_i.time  o250_i.rmse o500_i.ptime  o500_i.time  o500_i.rmse  o25_d.ptime 
       0.132        0.311        1.012        0.154        0.248        0.142 
  o25_d.time   o25_d.rmse  o50_d.ptime   o50_d.time   o50_d.rmse o100_d.ptime 
       0.690        0.482        0.046        0.608        0.415        0.031 
 o100_d.time  o100_d.rmse o250_d.ptime  o250_d.time  o250_d.rmse o500_d.ptime 
       1.177        0.330        0.018        5.164        0.219        0.018 
 o500_d.time  o500_d.rmse  c25_i.ptime   c25_i.time   c25_i.rmse  c50_i.ptime 
      18.316        0.171        0.475        0.258        0.369        0.320 
  c50_i.time   c50_i.rmse c100_i.ptime  c100_i.time  c100_i.rmse c250_i.ptime 
       0.211        0.333        0.298        0.177        0.275        0.520 
 c250_i.time  c250_i.rmse c500_i.ptime  c500_i.time  c500_i.rmse  c25_d.ptime 
       0.141        0.217        1.125        0.217        0.174        0.496 
  c25_d.time   c25_d.rmse  c50_d.ptime   c50_d.time   c50_d.rmse c100_d.ptime 
       0.705        0.296        0.247        0.795        0.244        0.200 
 c100_d.time  c100_d.rmse c250_d.ptime  c250_d.time  c250_d.rmse c500_d.ptime 
       1.521        0.211        0.106        5.314        0.164        0.114 
 c500_d.time  c500_d.rmse    s25.ptime     s25.time     s25.rmse    s50.ptime 
      21.130        0.133        0.120        0.001        0.639        0.202 
    s50.time     s50.rmse   s100.ptime    s100.time    s100.rmse   s250.ptime 
       0.002        0.597        0.224        0.005        0.481        0.473 
   s250.time    s250.rmse   s500.ptime    s500.time    s500.rmse  s1000.ptime 
       0.009        0.319        0.722        0.018        0.251        1.717 
  s1000.time   s1000.rmse  s2500.ptime   s2500.time   s2500.rmse 
       0.032        0.182       15.161        0.076        0.110 
[1] 0.988068
$full.time
[1] 0.036

$full.rmse
[1] 0.07653482

$full.time
[1] 0.036

$full.rmse
[1] 0.07653482

$l25.time
[1] 2.07

$l25.rmse
[1] 0.2382427

$l50.time
[1] 2.323

$l50.rmse
[1] 0.1991009

$l100.time
[1] 3.792

$l100.rmse
[1] 0.1546522

$l250.time
[1] 18.726

$l250.rmse
[1] 0.1230122

$l500.time
[1] 98.218

$l500.rmse
[1] 0.1043119

$o25_i.ptime
[1] 0.164

$o25_i.time
[1] 0.23

$o25_i.rmse
[1] 0.7022238

$o50_i.ptime
[1] 0.082

$o50_i.time
[1] 0.173

$o50_i.rmse
[1] 0.5997493

$o100_i.ptime
[1] 0.139

$o100_i.time
[1] 0.184

$o100_i.rmse
[1] 0.4999771

$o250_i.ptime
[1] 0.373

$o250_i.time
[1] 0.132

$o250_i.rmse
[1] 0.3413619

$o500_i.ptime
[1] 1.029

$o500_i.time
[1] 0.367

$o500_i.rmse
[1] 0.2442558

$o25_d.ptime
[1] 0.155

$o25_d.time
[1] 0.491

$o25_d.rmse
[1] 0.5287948

$o50_d.ptime
[1] 0.039

$o50_d.time
[1] 0.684

$o50_d.rmse
[1] 0.4420402

$o100_d.ptime
[1] 0.028

$o100_d.time
[1] 1.309

$o100_d.rmse
[1] 0.3464448

$o250_d.ptime
[1] 0.021

$o250_d.time
[1] 4.931

$o250_d.rmse
[1] 0.2301594

$o500_d.ptime
[1] 0.021

$o500_d.time
[1] 18.077

$o500_d.rmse
[1] 0.1614653

$c25_i.ptime
[1] 0.52

$c25_i.time
[1] 0.259

$c25_i.rmse
[1] 0.3909848

$c50_i.ptime
[1] 0.333

$c50_i.time
[1] 0.255

$c50_i.rmse
[1] 0.3379096

$c100_i.ptime
[1] 0.344

$c100_i.time
[1] 0.201

$c100_i.rmse
[1] 0.2765648

$c250_i.ptime
[1] 0.423

$c250_i.time
[1] 0.174

$c250_i.rmse
[1] 0.2195304

$c500_i.ptime
[1] 1.124

$c500_i.time
[1] 0.167

$c500_i.rmse
[1] 0.1879201

$c25_d.ptime
[1] 0.457

$c25_d.time
[1] 0.687

$c25_d.rmse
[1] 0.3387866

$c50_d.ptime
[1] 0.306

$c50_d.time
[1] 0.796

$c50_d.rmse
[1] 0.2663175

$c100_d.ptime
[1] 0.241

$c100_d.time
[1] 1.448

$c100_d.rmse
[1] 0.2276645

$c250_d.ptime
[1] 0.14

$c250_d.time
[1] 5.378

$c250_d.rmse
[1] 0.1667018

$c500_d.ptime
[1] 0.125

$c500_d.time
[1] 21.128

$c500_d.rmse
[1] 0.1382151

$s25.ptime
[1] 0.132

$s25.time
[1] 0.001

$s25.rmse
[1] 0.7762581

$s50.ptime
[1] 0.256

$s50.time
[1] 0.003

$s50.rmse
[1] 0.6390397

$s100.ptime
[1] 0.305

$s100.time
[1] 0.004

$s100.rmse
[1] 0.5478817

$s250.ptime
[1] 0.515

$s250.time
[1] 0.01

$s250.rmse
[1] 0.3591378

$s500.ptime
[1] 0.855

$s500.time
[1] 0.024

$s500.rmse
[1] 0.261734

$s1000.ptime
[1] 2.055

$s1000.time
[1] 0.033

$s1000.rmse
[1] 0.1865535

$s2500.ptime
[1] 15.58

$s2500.time
[1] 0.074

$s2500.rmse
[1] 0.1103549

        seed            p    full.time    full.rmse     l25.time     l25.rmse 
    2261.000       10.000        0.036        0.077        2.070        0.238 
    l50.time     l50.rmse    l100.time    l100.rmse    l250.time    l250.rmse 
       2.323        0.199        3.792        0.155       18.726        0.123 
   l500.time    l500.rmse  o25_i.ptime   o25_i.time   o25_i.rmse  o50_i.ptime 
      98.218        0.104        0.164        0.230        0.702        0.082 
  o50_i.time   o50_i.rmse o100_i.ptime  o100_i.time  o100_i.rmse o250_i.ptime 
       0.173        0.600        0.139        0.184        0.500        0.373 
 o250_i.time  o250_i.rmse o500_i.ptime  o500_i.time  o500_i.rmse  o25_d.ptime 
       0.132        0.341        1.029        0.367        0.244        0.155 
  o25_d.time   o25_d.rmse  o50_d.ptime   o50_d.time   o50_d.rmse o100_d.ptime 
       0.491        0.529        0.039        0.684        0.442        0.028 
 o100_d.time  o100_d.rmse o250_d.ptime  o250_d.time  o250_d.rmse o500_d.ptime 
       1.309        0.346        0.021        4.931        0.230        0.021 
 o500_d.time  o500_d.rmse  c25_i.ptime   c25_i.time   c25_i.rmse  c50_i.ptime 
      18.077        0.161        0.520        0.259        0.391        0.333 
  c50_i.time   c50_i.rmse c100_i.ptime  c100_i.time  c100_i.rmse c250_i.ptime 
       0.255        0.338        0.344        0.201        0.277        0.423 
 c250_i.time  c250_i.rmse c500_i.ptime  c500_i.time  c500_i.rmse  c25_d.ptime 
       0.174        0.220        1.124        0.167        0.188        0.457 
  c25_d.time   c25_d.rmse  c50_d.ptime   c50_d.time   c50_d.rmse c100_d.ptime 
       0.687        0.339        0.306        0.796        0.266        0.241 
 c100_d.time  c100_d.rmse c250_d.ptime  c250_d.time  c250_d.rmse c500_d.ptime 
       1.448        0.228        0.140        5.378        0.167        0.125 
 c500_d.time  c500_d.rmse    s25.ptime     s25.time     s25.rmse    s50.ptime 
      21.128        0.138        0.132        0.001        0.776        0.256 
    s50.time     s50.rmse   s100.ptime    s100.time    s100.rmse   s250.ptime 
       0.003        0.639        0.305        0.004        0.548        0.515 
   s250.time    s250.rmse   s500.ptime    s500.time    s500.rmse  s1000.ptime 
       0.010        0.359        0.855        0.024        0.262        2.055 
  s1000.time   s1000.rmse  s2500.ptime   s2500.time   s2500.rmse 
       0.033        0.187       15.580        0.074        0.110 
[1] 0.9988343
$full.time
[1] 0.036

$full.rmse
[1] 0.08153534

$full.time
[1] 0.036

$full.rmse
[1] 0.08153534

$l25.time
[1] 2.026

$l25.rmse
[1] 0.2294515

$l50.time
[1] 2.254

$l50.rmse
[1] 0.194506

$l100.time
[1] 3.837

$l100.rmse
[1] 0.1624006

$l250.time
[1] 18.94

$l250.rmse
[1] 0.1244255

$l500.time
[1] 100.298

$l500.rmse
[1] 0.1077878

$o25_i.ptime
[1] 0.104

$o25_i.time
[1] 0.192

$o25_i.rmse
[1] 0.608099

$o50_i.ptime
[1] 0.099

$o50_i.time
[1] 0.402

$o50_i.rmse
[1] 0.52179

$o100_i.ptime
[1] 0.112

$o100_i.time
[1] 0.173

$o100_i.rmse
[1] 0.4521331

$o250_i.ptime
[1] 0.335

$o250_i.time
[1] 0.125

$o250_i.rmse
[1] 0.3272171

$o500_i.ptime
[1] 1.015

$o500_i.time
[1] 0.172

$o500_i.rmse
[1] 0.2479739

$o25_d.ptime
[1] 0.153

$o25_d.time
[1] 0.456

$o25_d.rmse
[1] 0.4811921

$o50_d.ptime
[1] 0.062

$o50_d.time
[1] 0.669

$o50_d.rmse
[1] 0.4193907

$o100_d.ptime
[1] 0.021

$o100_d.time
[1] 1.252

$o100_d.rmse
[1] 0.3348867

$o250_d.ptime
[1] 0.015

$o250_d.time
[1] 5.237

$o250_d.rmse
[1] 0.2446918

$o500_d.ptime
[1] 0.072

$o500_d.time
[1] 18.424

$o500_d.rmse
[1] 0.1616572

$c25_i.ptime
[1] 0.546

$c25_i.time
[1] 0.322

$c25_i.rmse
[1] 0.3673216

$c50_i.ptime
[1] 0.303

$c50_i.time
[1] 0.206

$c50_i.rmse
[1] 0.332566

$c100_i.ptime
[1] 0.316

$c100_i.time
[1] 0.194

$c100_i.rmse
[1] 0.2842989

$c250_i.ptime
[1] 0.506

$c250_i.time
[1] 0.184

$c250_i.rmse
[1] 0.2184171

$c500_i.ptime
[1] 1.131

$c500_i.time
[1] 0.153

$c500_i.rmse
[1] 0.1732263

$c25_d.ptime
[1] 0.482

$c25_d.time
[1] 0.798

$c25_d.rmse
[1] 0.308456

$c50_d.ptime
[1] 0.258

$c50_d.time
[1] 0.876

$c50_d.rmse
[1] 0.2636645

$c100_d.ptime
[1] 0.194

$c100_d.time
[1] 1.495

$c100_d.rmse
[1] 0.2158038

$c250_d.ptime
[1] 0.164

$c250_d.time
[1] 5.442

$c250_d.rmse
[1] 0.1692725

$c500_d.ptime
[1] 0.11

$c500_d.time
[1] 20.79

$c500_d.rmse
[1] 0.1379316

$s25.ptime
[1] 0.154

$s25.time
[1] 0.001

$s25.rmse
[1] 0.6947138

$s50.ptime
[1] 0.171

$s50.time
[1] 0.002

$s50.rmse
[1] 0.5944842

$s100.ptime
[1] 0.275

$s100.time
[1] 0.004

$s100.rmse
[1] 0.4821314

$s250.ptime
[1] 0.758

$s250.time
[1] 0.013

$s250.rmse
[1] 0.3374641

$s500.ptime
[1] 0.899

$s500.time
[1] 0.023

$s500.rmse
[1] 0.2486944

$s1000.ptime
[1] 1.778

$s1000.time
[1] 0.029

$s1000.rmse
[1] 0.1789964

$s2500.ptime
[1] 15.783

$s2500.time
[1] 0.074

$s2500.rmse
[1] 0.1123677

        seed            p    full.time    full.rmse     l25.time     l25.rmse 
    2262.000       10.000        0.036        0.082        2.026        0.229 
    l50.time     l50.rmse    l100.time    l100.rmse    l250.time    l250.rmse 
       2.254        0.195        3.837        0.162       18.940        0.124 
   l500.time    l500.rmse  o25_i.ptime   o25_i.time   o25_i.rmse  o50_i.ptime 
     100.298        0.108        0.104        0.192        0.608        0.099 
  o50_i.time   o50_i.rmse o100_i.ptime  o100_i.time  o100_i.rmse o250_i.ptime 
       0.402        0.522        0.112        0.173        0.452        0.335 
 o250_i.time  o250_i.rmse o500_i.ptime  o500_i.time  o500_i.rmse  o25_d.ptime 
       0.125        0.327        1.015        0.172        0.248        0.153 
  o25_d.time   o25_d.rmse  o50_d.ptime   o50_d.time   o50_d.rmse o100_d.ptime 
       0.456        0.481        0.062        0.669        0.419        0.021 
 o100_d.time  o100_d.rmse o250_d.ptime  o250_d.time  o250_d.rmse o500_d.ptime 
       1.252        0.335        0.015        5.237        0.245        0.072 
 o500_d.time  o500_d.rmse  c25_i.ptime   c25_i.time   c25_i.rmse  c50_i.ptime 
      18.424        0.162        0.546        0.322        0.367        0.303 
  c50_i.time   c50_i.rmse c100_i.ptime  c100_i.time  c100_i.rmse c250_i.ptime 
       0.206        0.333        0.316        0.194        0.284        0.506 
 c250_i.time  c250_i.rmse c500_i.ptime  c500_i.time  c500_i.rmse  c25_d.ptime 
       0.184        0.218        1.131        0.153        0.173        0.482 
  c25_d.time   c25_d.rmse  c50_d.ptime   c50_d.time   c50_d.rmse c100_d.ptime 
       0.798        0.308        0.258        0.876        0.264        0.194 
 c100_d.time  c100_d.rmse c250_d.ptime  c250_d.time  c250_d.rmse c500_d.ptime 
       1.495        0.216        0.164        5.442        0.169        0.110 
 c500_d.time  c500_d.rmse    s25.ptime     s25.time     s25.rmse    s50.ptime 
      20.790        0.138        0.154        0.001        0.695        0.171 
    s50.time     s50.rmse   s100.ptime    s100.time    s100.rmse   s250.ptime 
       0.002        0.594        0.275        0.004        0.482        0.758 
   s250.time    s250.rmse   s500.ptime    s500.time    s500.rmse  s1000.ptime 
       0.013        0.337        0.899        0.023        0.249        1.778 
  s1000.time   s1000.rmse  s2500.ptime   s2500.time   s2500.rmse 
       0.029        0.179       15.783        0.074        0.112 
[1] 0.9117285
$full.time
[1] 0.036

$full.rmse
[1] 0.0790917

$full.time
[1] 0.036

$full.rmse
[1] 0.0790917

$l25.time
[1] 2.069

$l25.rmse
[1] 0.2170718

$l50.time
[1] 2.376

$l50.rmse
[1] 0.179486

$l100.time
[1] 3.734

$l100.rmse
[1] 0.148263

$l250.time
[1] 18.793

$l250.rmse
[1] 0.1186009

$l500.time
[1] 102.218

$l500.rmse
[1] 0.1073137

$o25_i.ptime
[1] 0.135

$o25_i.time
[1] 0.237

$o25_i.rmse
[1] 0.5566617

$o50_i.ptime
[1] 0.097

$o50_i.time
[1] 0.185

$o50_i.rmse
[1] 0.4982384

$o100_i.ptime
[1] 0.131

$o100_i.time
[1] 0.127

$o100_i.rmse
[1] 0.4564138

$o250_i.ptime
[1] 0.339

$o250_i.time
[1] 0.157

$o250_i.rmse
[1] 0.333876

$o500_i.ptime
[1] 1.004

$o500_i.time
[1] 0.164

$o500_i.rmse
[1] 0.2560427

$o25_d.ptime
[1] 0.145

$o25_d.time
[1] 0.438

$o25_d.rmse
[1] 0.4534756

$o50_d.ptime
[1] 0.052

$o50_d.time
[1] 0.769

$o50_d.rmse
[1] 0.3892219

$o100_d.ptime
[1] 0.02

$o100_d.time
[1] 1.31

$o100_d.rmse
[1] 0.338176

$o250_d.ptime
[1] 0.02

$o250_d.time
[1] 5.108

$o250_d.rmse
[1] 0.2180379

$o500_d.ptime
[1] 0.026

$o500_d.time
[1] 19.242

$o500_d.rmse
[1] 0.1656436

$c25_i.ptime
[1] 0.458

$c25_i.time
[1] 0.244

$c25_i.rmse
[1] 0.3626653

$c50_i.ptime
[1] 0.274

$c50_i.time
[1] 0.159

$c50_i.rmse
[1] 0.3168297

$c100_i.ptime
[1] 0.342

$c100_i.time
[1] 0.216

$c100_i.rmse
[1] 0.2637272

$c250_i.ptime
[1] 0.482

$c250_i.time
[1] 0.141

$c250_i.rmse
[1] 0.2136977

$c500_i.ptime
[1] 1.109

$c500_i.time
[1] 0.194

$c500_i.rmse
[1] 0.1823598

$c25_d.ptime
[1] 0.479

$c25_d.time
[1] 0.704

$c25_d.rmse
[1] 0.3003459

$c50_d.ptime
[1] 0.3

$c50_d.time
[1] 0.812

$c50_d.rmse
[1] 0.2555319

$c100_d.ptime
[1] 0.144

$c100_d.time
[1] 1.424

$c100_d.rmse
[1] 0.2094692

$c250_d.ptime
[1] 0.18

$c250_d.time
[1] 5.294

$c250_d.rmse
[1] 0.1753625

$c500_d.ptime
[1] 0.107

$c500_d.time
[1] 21.165

$c500_d.rmse
[1] 0.1321351

$s25.ptime
[1] 0.141

$s25.time
[1] 0.001

$s25.rmse
[1] 0.6188122

$s50.ptime
[1] 0.178

$s50.time
[1] 0.002

$s50.rmse
[1] 0.566325

$s100.ptime
[1] 0.324

$s100.time
[1] 0.004

$s100.rmse
[1] 0.4540859

$s250.ptime
[1] 0.541

$s250.time
[1] 0.01

$s250.rmse
[1] 0.3638697

$s500.ptime
[1] 0.95

$s500.time
[1] 0.019

$s500.rmse
[1] 0.2563416

$s1000.ptime
[1] 2.183

$s1000.time
[1] 0.047

$s1000.rmse
[1] 0.1776108

$s2500.ptime
[1] 16.677

$s2500.time
[1] 0.135

$s2500.rmse
[1] 0.107266

        seed            p    full.time    full.rmse     l25.time     l25.rmse 
    2263.000       10.000        0.036        0.079        2.069        0.217 
    l50.time     l50.rmse    l100.time    l100.rmse    l250.time    l250.rmse 
       2.376        0.179        3.734        0.148       18.793        0.119 
   l500.time    l500.rmse  o25_i.ptime   o25_i.time   o25_i.rmse  o50_i.ptime 
     102.218        0.107        0.135        0.237        0.557        0.097 
  o50_i.time   o50_i.rmse o100_i.ptime  o100_i.time  o100_i.rmse o250_i.ptime 
       0.185        0.498        0.131        0.127        0.456        0.339 
 o250_i.time  o250_i.rmse o500_i.ptime  o500_i.time  o500_i.rmse  o25_d.ptime 
       0.157        0.334        1.004        0.164        0.256        0.145 
  o25_d.time   o25_d.rmse  o50_d.ptime   o50_d.time   o50_d.rmse o100_d.ptime 
       0.438        0.453        0.052        0.769        0.389        0.020 
 o100_d.time  o100_d.rmse o250_d.ptime  o250_d.time  o250_d.rmse o500_d.ptime 
       1.310        0.338        0.020        5.108        0.218        0.026 
 o500_d.time  o500_d.rmse  c25_i.ptime   c25_i.time   c25_i.rmse  c50_i.ptime 
      19.242        0.166        0.458        0.244        0.363        0.274 
  c50_i.time   c50_i.rmse c100_i.ptime  c100_i.time  c100_i.rmse c250_i.ptime 
       0.159        0.317        0.342        0.216        0.264        0.482 
 c250_i.time  c250_i.rmse c500_i.ptime  c500_i.time  c500_i.rmse  c25_d.ptime 
       0.141        0.214        1.109        0.194        0.182        0.479 
  c25_d.time   c25_d.rmse  c50_d.ptime   c50_d.time   c50_d.rmse c100_d.ptime 
       0.704        0.300        0.300        0.812        0.256        0.144 
 c100_d.time  c100_d.rmse c250_d.ptime  c250_d.time  c250_d.rmse c500_d.ptime 
       1.424        0.209        0.180        5.294        0.175        0.107 
 c500_d.time  c500_d.rmse    s25.ptime     s25.time     s25.rmse    s50.ptime 
      21.165        0.132        0.141        0.001        0.619        0.178 
    s50.time     s50.rmse   s100.ptime    s100.time    s100.rmse   s250.ptime 
       0.002        0.566        0.324        0.004        0.454        0.541 
   s250.time    s250.rmse   s500.ptime    s500.time    s500.rmse  s1000.ptime 
       0.010        0.364        0.950        0.019        0.256        2.183 
  s1000.time   s1000.rmse  s2500.ptime   s2500.time   s2500.rmse 
       0.047        0.178       16.677        0.135        0.107 
  seed  p full.time  full.rmse l25.time  l25.rmse l50.time  l50.rmse l100.time
1 2259 10     0.044 0.08140424    2.213 0.2339274    2.274 0.1883419     3.826
2 2260 10     0.040 0.08072436    2.118 0.2220182    2.276 0.1834565     3.832
3 2261 10     0.036 0.07653482    2.070 0.2382427    2.323 0.1991009     3.792
4 2262 10     0.036 0.08153534    2.026 0.2294515    2.254 0.1945060     3.837
5 2263 10     0.036 0.07909170    2.069 0.2170718    2.376 0.1794860     3.734
  l100.rmse l250.time l250.rmse l500.time l500.rmse o25_i.ptime o25_i.time
1 0.1610638    18.615 0.1282210   100.220 0.1085246       0.119      0.206
2 0.1514739    18.784 0.1229996   101.185 0.1088635       0.101      0.219
3 0.1546522    18.726 0.1230122    98.218 0.1043119       0.164      0.230
4 0.1624006    18.940 0.1244255   100.298 0.1077878       0.104      0.192
5 0.1482630    18.793 0.1186009   102.218 0.1073137       0.135      0.237
  o25_i.rmse o50_i.ptime o50_i.time o50_i.rmse o100_i.ptime o100_i.time
1  0.6681571       0.101      0.184  0.5508753        0.130       0.170
2  0.6144063       0.102      0.185  0.5542775        0.126       0.165
3  0.7022238       0.082      0.173  0.5997493        0.139       0.184
4  0.6080990       0.099      0.402  0.5217900        0.112       0.173
5  0.5566617       0.097      0.185  0.4982384        0.131       0.127
  o100_i.rmse o250_i.ptime o250_i.time o250_i.rmse o500_i.ptime o500_i.time
1   0.4420014        0.342       0.122   0.3484655        1.088       0.160
2   0.4454998        0.318       0.132   0.3106340        1.012       0.154
3   0.4999771        0.373       0.132   0.3413619        1.029       0.367
4   0.4521331        0.335       0.125   0.3272171        1.015       0.172
5   0.4564138        0.339       0.157   0.3338760        1.004       0.164
  o500_i.rmse o25_d.ptime o25_d.time o25_d.rmse o50_d.ptime o50_d.time
1   0.2578789       0.124      0.500  0.5255899       0.049      0.762
2   0.2478257       0.142      0.690  0.4816229       0.046      0.608
3   0.2442558       0.155      0.491  0.5287948       0.039      0.684
4   0.2479739       0.153      0.456  0.4811921       0.062      0.669
5   0.2560427       0.145      0.438  0.4534756       0.052      0.769
  o50_d.rmse o100_d.ptime o100_d.time o100_d.rmse o250_d.ptime o250_d.time
1  0.4377164        0.020       1.450   0.3505069        0.020       5.410
2  0.4147572        0.031       1.177   0.3296015        0.018       5.164
3  0.4420402        0.028       1.309   0.3464448        0.021       4.931
4  0.4193907        0.021       1.252   0.3348867        0.015       5.237
5  0.3892219        0.020       1.310   0.3381760        0.020       5.108
  o250_d.rmse o500_d.ptime o500_d.time o500_d.rmse c25_i.ptime c25_i.time
1   0.2379040        0.063      18.177   0.1631941       0.625      0.249
2   0.2190176        0.018      18.316   0.1713708       0.475      0.258
3   0.2301594        0.021      18.077   0.1614653       0.520      0.259
4   0.2446918        0.072      18.424   0.1616572       0.546      0.322
5   0.2180379        0.026      19.242   0.1656436       0.458      0.244
  c25_i.rmse c50_i.ptime c50_i.time c50_i.rmse c100_i.ptime c100_i.time
1  0.3958306       0.318      0.201  0.3469075        0.305       0.188
2  0.3687845       0.320      0.211  0.3333952        0.298       0.177
3  0.3909848       0.333      0.255  0.3379096        0.344       0.201
4  0.3673216       0.303      0.206  0.3325660        0.316       0.194
5  0.3626653       0.274      0.159  0.3168297        0.342       0.216
  c100_i.rmse c250_i.ptime c250_i.time c250_i.rmse c500_i.ptime c500_i.time
1   0.2849575        0.498       0.209   0.2213390        1.216       0.202
2   0.2751352        0.520       0.141   0.2167958        1.125       0.217
3   0.2765648        0.423       0.174   0.2195304        1.124       0.167
4   0.2842989        0.506       0.184   0.2184171        1.131       0.153
5   0.2637272        0.482       0.141   0.2136977        1.109       0.194
  c500_i.rmse c25_d.ptime c25_d.time c25_d.rmse c50_d.ptime c50_d.time
1   0.1921478       0.523      0.758  0.3203177       0.247      0.813
2   0.1743856       0.496      0.705  0.2960627       0.247      0.795
3   0.1879201       0.457      0.687  0.3387866       0.306      0.796
4   0.1732263       0.482      0.798  0.3084560       0.258      0.876
5   0.1823598       0.479      0.704  0.3003459       0.300      0.812
  c50_d.rmse c100_d.ptime c100_d.time c100_d.rmse c250_d.ptime c250_d.time
1  0.2763563        0.214       1.531   0.2243323        0.207       5.488
2  0.2444582        0.200       1.521   0.2113765        0.106       5.314
3  0.2663175        0.241       1.448   0.2276645        0.140       5.378
4  0.2636645        0.194       1.495   0.2158038        0.164       5.442
5  0.2555319        0.144       1.424   0.2094692        0.180       5.294
  c250_d.rmse c500_d.ptime c500_d.time c500_d.rmse s25.ptime s25.time  s25.rmse
1   0.1665161        0.116      22.030   0.1443103     0.161    0.001 0.6708430
2   0.1642709        0.114      21.130   0.1327574     0.120    0.001 0.6389831
3   0.1667018        0.125      21.128   0.1382151     0.132    0.001 0.7762581
4   0.1692725        0.110      20.790   0.1379316     0.154    0.001 0.6947138
5   0.1753625        0.107      21.165   0.1321351     0.141    0.001 0.6188122
  s50.ptime s50.time  s50.rmse s100.ptime s100.time s100.rmse s250.ptime
1     0.227    0.002 0.6185975      0.264     0.004 0.4940140      0.571
2     0.202    0.002 0.5967018      0.224     0.005 0.4810636      0.473
3     0.256    0.003 0.6390397      0.305     0.004 0.5478817      0.515
4     0.171    0.002 0.5944842      0.275     0.004 0.4821314      0.758
5     0.178    0.002 0.5663250      0.324     0.004 0.4540859      0.541
  s250.time s250.rmse s500.ptime s500.time s500.rmse s1000.ptime s1000.time
1     0.007 0.3990311      0.758     0.015 0.2538419       1.630      0.028
2     0.009 0.3188720      0.722     0.018 0.2508213       1.717      0.032
3     0.010 0.3591378      0.855     0.024 0.2617340       2.055      0.033
4     0.013 0.3374641      0.899     0.023 0.2486944       1.778      0.029
5     0.010 0.3638697      0.950     0.019 0.2563416       2.183      0.047
  s1000.rmse s2500.ptime s2500.time s2500.rmse
1  0.1860174      16.111      0.083  0.1112148
2  0.1823324      15.161      0.076  0.1097067
3  0.1865535      15.580      0.074  0.1103549
4  0.1789964      15.783      0.074  0.1123677
5  0.1776108      16.677      0.135  0.1072660
> 
> proc.time()
    user   system  elapsed 
1364.828   16.400 1408.892 
