
R version 3.0.3 (2014-03-06) -- "Warm Puppy"
Copyright (C) 2014 The R Foundation for Statistical Computing
Platform: x86_64-unknown-linux-gnu (64-bit)

R is free software and comes with ABSOLUTELY NO WARRANTY.
You are welcome to redistribute it under certain conditions.
Type 'license()' or 'licence()' for distribution details.

  Natural language support but running in an English locale

R is a collaborative project with many contributors.
Type 'contributors()' for more information and
'citation()' on how to cite R or R packages in publications.

Type 'demo()' for some demos, 'help()' for on-line help, or
'help.start()' for an HTML browser interface to help.
Type 'q()' to quit R.

> print(.libPaths())
[1] "/usr/local/r-3.0.3/lib64/R/library"
> .libPaths("/mnt/home/rjparker/Rlib")
> print(.libPaths())
[1] "/mnt/home/rjparker/Rlib"            "/usr/local/r-3.0.3/lib64/R/library"
> setwd("/mnt/home/rjparker/git/block_int")
> 
> which_exp <- 3
> which_part <- 20
> source("R/sim_nblocks_pred.R")
Loading required package: spam
Loading required package: grid
Spam version 0.41-0 (2014-02-26) is loaded.
Type 'help( Spam)' or 'demo( spam)' for a short introduction 
and overview of this package.
Help for individual functions is also obtained by adding the
suffix '.spam' to the function name, e.g. 'help( chol.spam)'.

Attaching package: ‘spam’

The following objects are masked from ‘package:base’:

    backsolve, forwardsolve

Loading required package: maps
  pred  p   b tau Nper_p Npred Fzero sigma2
3 TRUE 10 1.5  10   5000  1000     0      1
[1] 0.8625486
$full.time
[1] 0.037

$full.rmse
[1] 0.07897987

$full.time
[1] 0.037

$full.rmse
[1] 0.07897987

$l25.time
[1] 2.153

$l25.rmse
[1] 0.2325881

$l50.time
[1] 2.279

$l50.rmse
[1] 0.192893

$l100.time
[1] 3.869

$l100.rmse
[1] 0.1581339

$l250.time
[1] 19.005

$l250.rmse
[1] 0.1253149

$l500.time
[1] 104.696

$l500.rmse
[1] 0.1050022

$o25_i.ptime
[1] 0.114

$o25_i.time
[1] 0.178

$o25_i.rmse
[1] 0.5876167

$o50_i.ptime
[1] 0.079

$o50_i.time
[1] 0.145

$o50_i.rmse
[1] 0.5307934

$o100_i.ptime
[1] 0.107

$o100_i.time
[1] 0.125

$o100_i.rmse
[1] 0.4545741

$o250_i.ptime
[1] 0.317

$o250_i.time
[1] 0.132

$o250_i.rmse
[1] 0.3485463

$o500_i.ptime
[1] 0.849

$o500_i.time
[1] 0.125

$o500_i.rmse
[1] 0.2496807

$o25_d.ptime
[1] 0.124

$o25_d.time
[1] 0.429

$o25_d.rmse
[1] 0.4754915

$o50_d.ptime
[1] 0.041

$o50_d.time
[1] 0.675

$o50_d.rmse
[1] 0.4278388

$o100_d.ptime
[1] 0.021

$o100_d.time
[1] 1.187

$o100_d.rmse
[1] 0.3295926

$o250_d.ptime
[1] 0.016

$o250_d.time
[1] 4.826

$o250_d.rmse
[1] 0.2249643

$o500_d.ptime
[1] 0.024

$o500_d.time
[1] 21.746

$o500_d.rmse
[1] 0.1661547

$c25_i.ptime
[1] 0.454

$c25_i.time
[1] 0.186

$c25_i.rmse
[1] 0.366754

$c50_i.ptime
[1] 0.286

$c50_i.time
[1] 0.176

$c50_i.rmse
[1] 0.3255039

$c100_i.ptime
[1] 0.271

$c100_i.time
[1] 0.145

$c100_i.rmse
[1] 0.2733435

$c250_i.ptime
[1] 0.486

$c250_i.time
[1] 0.146

$c250_i.rmse
[1] 0.2151595

$c500_i.ptime
[1] 0.969

$c500_i.time
[1] 0.169

$c500_i.rmse
[1] 0.1859322

$c25_d.ptime
[1] 0.439

$c25_d.time
[1] 0.635

$c25_d.rmse
[1] 0.3161138

$c50_d.ptime
[1] 0.262

$c50_d.time
[1] 0.71

$c50_d.rmse
[1] 0.2584607

$c100_d.ptime
[1] 0.199

$c100_d.time
[1] 1.325

$c100_d.rmse
[1] 0.219728

$c250_d.ptime
[1] 0.099

$c250_d.time
[1] 4.788

$c250_d.rmse
[1] 0.1757427

$c500_d.ptime
[1] 0.092

$c500_d.time
[1] 21.819

$c500_d.rmse
[1] 0.1353121

$s25.ptime
[1] 0.187

$s25.time
[1] 0.001

$s25.rmse
[1] 0.7331091

$s50.ptime
[1] 0.177

$s50.time
[1] 0.002

$s50.rmse
[1] 0.6231177

$s100.ptime
[1] 0.25

$s100.time
[1] 0.003

$s100.rmse
[1] 0.5292725

$s250.ptime
[1] 0.454

$s250.time
[1] 0.006

$s250.rmse
[1] 0.3670759

$s500.ptime
[1] 0.776

$s500.time
[1] 0.018

$s500.rmse
[1] 0.25575

$s1000.ptime
[1] 1.654

$s1000.time
[1] 0.027

$s1000.rmse
[1] 0.1851475

$s2500.ptime
[1] 20.626

$s2500.time
[1] 0.071

$s2500.rmse
[1] 0.1110893

        seed            p    full.time    full.rmse     l25.time     l25.rmse 
    2279.000       10.000        0.037        0.079        2.153        0.233 
    l50.time     l50.rmse    l100.time    l100.rmse    l250.time    l250.rmse 
       2.279        0.193        3.869        0.158       19.005        0.125 
   l500.time    l500.rmse  o25_i.ptime   o25_i.time   o25_i.rmse  o50_i.ptime 
     104.696        0.105        0.114        0.178        0.588        0.079 
  o50_i.time   o50_i.rmse o100_i.ptime  o100_i.time  o100_i.rmse o250_i.ptime 
       0.145        0.531        0.107        0.125        0.455        0.317 
 o250_i.time  o250_i.rmse o500_i.ptime  o500_i.time  o500_i.rmse  o25_d.ptime 
       0.132        0.349        0.849        0.125        0.250        0.124 
  o25_d.time   o25_d.rmse  o50_d.ptime   o50_d.time   o50_d.rmse o100_d.ptime 
       0.429        0.475        0.041        0.675        0.428        0.021 
 o100_d.time  o100_d.rmse o250_d.ptime  o250_d.time  o250_d.rmse o500_d.ptime 
       1.187        0.330        0.016        4.826        0.225        0.024 
 o500_d.time  o500_d.rmse  c25_i.ptime   c25_i.time   c25_i.rmse  c50_i.ptime 
      21.746        0.166        0.454        0.186        0.367        0.286 
  c50_i.time   c50_i.rmse c100_i.ptime  c100_i.time  c100_i.rmse c250_i.ptime 
       0.176        0.326        0.271        0.145        0.273        0.486 
 c250_i.time  c250_i.rmse c500_i.ptime  c500_i.time  c500_i.rmse  c25_d.ptime 
       0.146        0.215        0.969        0.169        0.186        0.439 
  c25_d.time   c25_d.rmse  c50_d.ptime   c50_d.time   c50_d.rmse c100_d.ptime 
       0.635        0.316        0.262        0.710        0.258        0.199 
 c100_d.time  c100_d.rmse c250_d.ptime  c250_d.time  c250_d.rmse c500_d.ptime 
       1.325        0.220        0.099        4.788        0.176        0.092 
 c500_d.time  c500_d.rmse    s25.ptime     s25.time     s25.rmse    s50.ptime 
      21.819        0.135        0.187        0.001        0.733        0.177 
    s50.time     s50.rmse   s100.ptime    s100.time    s100.rmse   s250.ptime 
       0.002        0.623        0.250        0.003        0.529        0.454 
   s250.time    s250.rmse   s500.ptime    s500.time    s500.rmse  s1000.ptime 
       0.006        0.367        0.776        0.018        0.256        1.654 
  s1000.time   s1000.rmse  s2500.ptime   s2500.time   s2500.rmse 
       0.027        0.185       20.626        0.071        0.111 
[1] 0.8646674
$full.time
[1] 0.038

$full.rmse
[1] 0.07887179

$full.time
[1] 0.038

$full.rmse
[1] 0.07887179

$l25.time
[1] 2.022

$l25.rmse
[1] 0.2287051

$l50.time
[1] 2.266

$l50.rmse
[1] 0.1942532

$l100.time
[1] 3.754

$l100.rmse
[1] 0.1632635

$l250.time
[1] 18.651

$l250.rmse
[1] 0.1295759

$l500.time
[1] 101.14

$l500.rmse
[1] 0.10692

$o25_i.ptime
[1] 0.11

$o25_i.time
[1] 0.182

$o25_i.rmse
[1] 0.6192266

$o50_i.ptime
[1] 0.078

$o50_i.time
[1] 0.136

$o50_i.rmse
[1] 0.5647463

$o100_i.ptime
[1] 0.105

$o100_i.time
[1] 0.125

$o100_i.rmse
[1] 0.4562287

$o250_i.ptime
[1] 0.304

$o250_i.time
[1] 0.122

$o250_i.rmse
[1] 0.3379778

$o500_i.ptime
[1] 0.878

$o500_i.time
[1] 0.127

$o500_i.rmse
[1] 0.2558555

$o25_d.ptime
[1] 0.123

$o25_d.time
[1] 0.566

$o25_d.rmse
[1] 0.4851829

$o50_d.ptime
[1] 0.04

$o50_d.time
[1] 0.55

$o50_d.rmse
[1] 0.4206121

$o100_d.ptime
[1] 0.022

$o100_d.time
[1] 1.163

$o100_d.rmse
[1] 0.3399533

$o250_d.ptime
[1] 0.016

$o250_d.time
[1] 4.843

$o250_d.rmse
[1] 0.2294237

$o500_d.ptime
[1] 0.024

$o500_d.time
[1] 21.663

$o500_d.rmse
[1] 0.1797634

$c25_i.ptime
[1] 0.427

$c25_i.time
[1] 0.215

$c25_i.rmse
[1] 0.3856812

$c50_i.ptime
[1] 0.287

$c50_i.time
[1] 0.151

$c50_i.rmse
[1] 0.317905

$c100_i.ptime
[1] 0.387

$c100_i.time
[1] 0.149

$c100_i.rmse
[1] 0.2642518

$c250_i.ptime
[1] 0.428

$c250_i.time
[1] 0.141

$c250_i.rmse
[1] 0.2136504

$c500_i.ptime
[1] 0.915

$c500_i.time
[1] 0.153

$c500_i.rmse
[1] 0.1842389

$c25_d.ptime
[1] 0.499

$c25_d.time
[1] 0.567

$c25_d.rmse
[1] 0.31639

$c50_d.ptime
[1] 0.268

$c50_d.time
[1] 0.682

$c50_d.rmse
[1] 0.2678112

$c100_d.ptime
[1] 0.15

$c100_d.time
[1] 1.25

$c100_d.rmse
[1] 0.2266173

$c250_d.ptime
[1] 0.121

$c250_d.time
[1] 4.973

$c250_d.rmse
[1] 0.1801668

$c500_d.ptime
[1] 0.113

$c500_d.time
[1] 20.45

$c500_d.rmse
[1] 0.1526791

$s25.ptime
[1] 0.157

$s25.time
[1] 0.001

$s25.rmse
[1] 0.6973111

$s50.ptime
[1] 0.128

$s50.time
[1] 0.002

$s50.rmse
[1] 0.6095928

$s100.ptime
[1] 0.243

$s100.time
[1] 0.003

$s100.rmse
[1] 0.4808052

$s250.ptime
[1] 0.517

$s250.time
[1] 0.008

$s250.rmse
[1] 0.3418255

$s500.ptime
[1] 0.797

$s500.time
[1] 0.014

$s500.rmse
[1] 0.26528

$s1000.ptime
[1] 1.809

$s1000.time
[1] 0.03

$s1000.rmse
[1] 0.1789644

$s2500.ptime
[1] 19.921

$s2500.time
[1] 0.08

$s2500.rmse
[1] 0.1176543

        seed            p    full.time    full.rmse     l25.time     l25.rmse 
    2280.000       10.000        0.038        0.079        2.022        0.229 
    l50.time     l50.rmse    l100.time    l100.rmse    l250.time    l250.rmse 
       2.266        0.194        3.754        0.163       18.651        0.130 
   l500.time    l500.rmse  o25_i.ptime   o25_i.time   o25_i.rmse  o50_i.ptime 
     101.140        0.107        0.110        0.182        0.619        0.078 
  o50_i.time   o50_i.rmse o100_i.ptime  o100_i.time  o100_i.rmse o250_i.ptime 
       0.136        0.565        0.105        0.125        0.456        0.304 
 o250_i.time  o250_i.rmse o500_i.ptime  o500_i.time  o500_i.rmse  o25_d.ptime 
       0.122        0.338        0.878        0.127        0.256        0.123 
  o25_d.time   o25_d.rmse  o50_d.ptime   o50_d.time   o50_d.rmse o100_d.ptime 
       0.566        0.485        0.040        0.550        0.421        0.022 
 o100_d.time  o100_d.rmse o250_d.ptime  o250_d.time  o250_d.rmse o500_d.ptime 
       1.163        0.340        0.016        4.843        0.229        0.024 
 o500_d.time  o500_d.rmse  c25_i.ptime   c25_i.time   c25_i.rmse  c50_i.ptime 
      21.663        0.180        0.427        0.215        0.386        0.287 
  c50_i.time   c50_i.rmse c100_i.ptime  c100_i.time  c100_i.rmse c250_i.ptime 
       0.151        0.318        0.387        0.149        0.264        0.428 
 c250_i.time  c250_i.rmse c500_i.ptime  c500_i.time  c500_i.rmse  c25_d.ptime 
       0.141        0.214        0.915        0.153        0.184        0.499 
  c25_d.time   c25_d.rmse  c50_d.ptime   c50_d.time   c50_d.rmse c100_d.ptime 
       0.567        0.316        0.268        0.682        0.268        0.150 
 c100_d.time  c100_d.rmse c250_d.ptime  c250_d.time  c250_d.rmse c500_d.ptime 
       1.250        0.227        0.121        4.973        0.180        0.113 
 c500_d.time  c500_d.rmse    s25.ptime     s25.time     s25.rmse    s50.ptime 
      20.450        0.153        0.157        0.001        0.697        0.128 
    s50.time     s50.rmse   s100.ptime    s100.time    s100.rmse   s250.ptime 
       0.002        0.610        0.243        0.003        0.481        0.517 
   s250.time    s250.rmse   s500.ptime    s500.time    s500.rmse  s1000.ptime 
       0.008        0.342        0.797        0.014        0.265        1.809 
  s1000.time   s1000.rmse  s2500.ptime   s2500.time   s2500.rmse 
       0.030        0.179       19.921        0.080        0.118 
[1] 0.9384648
$full.time
[1] 0.038

$full.rmse
[1] 0.07864717

$full.time
[1] 0.038

$full.rmse
[1] 0.07864717

$l25.time
[1] 2.017

$l25.rmse
[1] 0.2235559

$l50.time
[1] 2.281

$l50.rmse
[1] 0.1863589

$l100.time
[1] 3.761

$l100.rmse
[1] 0.1532663

$l250.time
[1] 18.707

$l250.rmse
[1] 0.122384

$l500.time
[1] 102.783

$l500.rmse
[1] 0.1037304

$o25_i.ptime
[1] 0.114

$o25_i.time
[1] 0.2

$o25_i.rmse
[1] 0.6405215

$o50_i.ptime
[1] 0.077

$o50_i.time
[1] 0.154

$o50_i.rmse
[1] 0.5444873

$o100_i.ptime
[1] 0.115

$o100_i.time
[1] 0.137

$o100_i.rmse
[1] 0.4522475

$o250_i.ptime
[1] 0.303

$o250_i.time
[1] 0.129

$o250_i.rmse
[1] 0.3541589

$o500_i.ptime
[1] 0.881

$o500_i.time
[1] 0.283

$o500_i.rmse
[1] 0.266219

$o25_d.ptime
[1] 0.129

$o25_d.time
[1] 0.465

$o25_d.rmse
[1] 0.50852

$o50_d.ptime
[1] 0.041

$o50_d.time
[1] 0.592

$o50_d.rmse
[1] 0.4149882

$o100_d.ptime
[1] 0.021

$o100_d.time
[1] 1.122

$o100_d.rmse
[1] 0.3425238

$o250_d.ptime
[1] 0.016

$o250_d.time
[1] 5.133

$o250_d.rmse
[1] 0.2289737

$o500_d.ptime
[1] 0.02

$o500_d.time
[1] 23

$o500_d.rmse
[1] 0.1675705

$c25_i.ptime
[1] 0.53

$c25_i.time
[1] 0.232

$c25_i.rmse
[1] 0.3833578

$c50_i.ptime
[1] 0.381

$c50_i.time
[1] 0.23

$c50_i.rmse
[1] 0.3175288

$c100_i.ptime
[1] 0.248

$c100_i.time
[1] 0.138

$c100_i.rmse
[1] 0.2769284

$c250_i.ptime
[1] 0.412

$c250_i.time
[1] 0.123

$c250_i.rmse
[1] 0.2194002

$c500_i.ptime
[1] 0.962

$c500_i.time
[1] 0.138

$c500_i.rmse
[1] 0.1825472

$c25_d.ptime
[1] 0.48

$c25_d.time
[1] 0.563

$c25_d.rmse
[1] 0.292392

$c50_d.ptime
[1] 0.274

$c50_d.time
[1] 0.698

$c50_d.rmse
[1] 0.2568991

$c100_d.ptime
[1] 0.171

$c100_d.time
[1] 1.26

$c100_d.rmse
[1] 0.2214629

$c250_d.ptime
[1] 0.116

$c250_d.time
[1] 5.232

$c250_d.rmse
[1] 0.1697987

$c500_d.ptime
[1] 0.127

$c500_d.time
[1] 20.486

$c500_d.rmse
[1] 0.1343606

$s25.ptime
[1] 0.209

$s25.time
[1] 0

$s25.rmse
[1] 0.7320361

$s50.ptime
[1] 0.166

$s50.time
[1] 0.001

$s50.rmse
[1] 0.6700015

$s100.ptime
[1] 0.216

$s100.time
[1] 0.004

$s100.rmse
[1] 0.5196137

$s250.ptime
[1] 0.506

$s250.time
[1] 0.009

$s250.rmse
[1] 0.3876975

$s500.ptime
[1] 0.781

$s500.time
[1] 0.017

$s500.rmse
[1] 0.2620286

$s1000.ptime
[1] 1.778

$s1000.time
[1] 0.031

$s1000.rmse
[1] 0.1738749

$s2500.ptime
[1] 18.809

$s2500.time
[1] 0.072

$s2500.rmse
[1] 0.1060496

        seed            p    full.time    full.rmse     l25.time     l25.rmse 
    2281.000       10.000        0.038        0.079        2.017        0.224 
    l50.time     l50.rmse    l100.time    l100.rmse    l250.time    l250.rmse 
       2.281        0.186        3.761        0.153       18.707        0.122 
   l500.time    l500.rmse  o25_i.ptime   o25_i.time   o25_i.rmse  o50_i.ptime 
     102.783        0.104        0.114        0.200        0.641        0.077 
  o50_i.time   o50_i.rmse o100_i.ptime  o100_i.time  o100_i.rmse o250_i.ptime 
       0.154        0.544        0.115        0.137        0.452        0.303 
 o250_i.time  o250_i.rmse o500_i.ptime  o500_i.time  o500_i.rmse  o25_d.ptime 
       0.129        0.354        0.881        0.283        0.266        0.129 
  o25_d.time   o25_d.rmse  o50_d.ptime   o50_d.time   o50_d.rmse o100_d.ptime 
       0.465        0.509        0.041        0.592        0.415        0.021 
 o100_d.time  o100_d.rmse o250_d.ptime  o250_d.time  o250_d.rmse o500_d.ptime 
       1.122        0.343        0.016        5.133        0.229        0.020 
 o500_d.time  o500_d.rmse  c25_i.ptime   c25_i.time   c25_i.rmse  c50_i.ptime 
      23.000        0.168        0.530        0.232        0.383        0.381 
  c50_i.time   c50_i.rmse c100_i.ptime  c100_i.time  c100_i.rmse c250_i.ptime 
       0.230        0.318        0.248        0.138        0.277        0.412 
 c250_i.time  c250_i.rmse c500_i.ptime  c500_i.time  c500_i.rmse  c25_d.ptime 
       0.123        0.219        0.962        0.138        0.183        0.480 
  c25_d.time   c25_d.rmse  c50_d.ptime   c50_d.time   c50_d.rmse c100_d.ptime 
       0.563        0.292        0.274        0.698        0.257        0.171 
 c100_d.time  c100_d.rmse c250_d.ptime  c250_d.time  c250_d.rmse c500_d.ptime 
       1.260        0.221        0.116        5.232        0.170        0.127 
 c500_d.time  c500_d.rmse    s25.ptime     s25.time     s25.rmse    s50.ptime 
      20.486        0.134        0.209        0.000        0.732        0.166 
    s50.time     s50.rmse   s100.ptime    s100.time    s100.rmse   s250.ptime 
       0.001        0.670        0.216        0.004        0.520        0.506 
   s250.time    s250.rmse   s500.ptime    s500.time    s500.rmse  s1000.ptime 
       0.009        0.388        0.781        0.017        0.262        1.778 
  s1000.time   s1000.rmse  s2500.ptime   s2500.time   s2500.rmse 
       0.031        0.174       18.809        0.072        0.106 
[1] 0.7440938
$full.time
[1] 0.039

$full.rmse
[1] 0.07538219

$full.time
[1] 0.039

$full.rmse
[1] 0.07538219

$l25.time
[1] 2.017

$l25.rmse
[1] 0.2050613

$l50.time
[1] 2.299

$l50.rmse
[1] 0.1769301

$l100.time
[1] 3.775

$l100.rmse
[1] 0.1447152

$l250.time
[1] 18.871

$l250.rmse
[1] 0.1239105

$l500.time
[1] 102.044

$l500.rmse
[1] 0.1069057

$o25_i.ptime
[1] 0.109

$o25_i.time
[1] 0.188

$o25_i.rmse
[1] 0.5417382

$o50_i.ptime
[1] 0.078

$o50_i.time
[1] 0.366

$o50_i.rmse
[1] 0.4873663

$o100_i.ptime
[1] 0.114

$o100_i.time
[1] 0.136

$o100_i.rmse
[1] 0.4165907

$o250_i.ptime
[1] 0.312

$o250_i.time
[1] 0.13

$o250_i.rmse
[1] 0.3267106

$o500_i.ptime
[1] 0.889

$o500_i.time
[1] 0.143

$o500_i.rmse
[1] 0.2574

$o25_d.ptime
[1] 0.127

$o25_d.time
[1] 0.428

$o25_d.rmse
[1] 0.440467

$o50_d.ptime
[1] 0.048

$o50_d.time
[1] 0.592

$o50_d.rmse
[1] 0.3887283

$o100_d.ptime
[1] 0.021

$o100_d.time
[1] 1.239

$o100_d.rmse
[1] 0.3122837

$o250_d.ptime
[1] 0.016

$o250_d.time
[1] 5.133

$o250_d.rmse
[1] 0.2365391

$o500_d.ptime
[1] 0.108

$o500_d.time
[1] 20.704

$o500_d.rmse
[1] 0.1648088

$c25_i.ptime
[1] 0.503

$c25_i.time
[1] 0.246

$c25_i.rmse
[1] 0.3455421

$c50_i.ptime
[1] 0.28

$c50_i.time
[1] 0.166

$c50_i.rmse
[1] 0.2962396

$c100_i.ptime
[1] 0.222

$c100_i.time
[1] 0.149

$c100_i.rmse
[1] 0.2441137

$c250_i.ptime
[1] 0.402

$c250_i.time
[1] 0.141

$c250_i.rmse
[1] 0.2000349

$c500_i.ptime
[1] 0.979

$c500_i.time
[1] 0.16

$c500_i.rmse
[1] 0.171849

$c25_d.ptime
[1] 0.429

$c25_d.time
[1] 0.607

$c25_d.rmse
[1] 0.2874036

$c50_d.ptime
[1] 0.232

$c50_d.time
[1] 0.718

$c50_d.rmse
[1] 0.254145

$c100_d.ptime
[1] 0.197

$c100_d.time
[1] 1.31

$c100_d.rmse
[1] 0.2105172

$c250_d.ptime
[1] 0.109

$c250_d.time
[1] 5.251

$c250_d.rmse
[1] 0.1704089

$c500_d.ptime
[1] 0.052

$c500_d.time
[1] 20.698

$c500_d.rmse
[1] 0.1408322

$s25.ptime
[1] 0.088

$s25.time
[1] 0.001

$s25.rmse
[1] 0.6376857

$s50.ptime
[1] 0.176

$s50.time
[1] 0.001

$s50.rmse
[1] 0.5731089

$s100.ptime
[1] 0.316

$s100.time
[1] 0.003

$s100.rmse
[1] 0.4757743

$s250.ptime
[1] 0.474

$s250.time
[1] 0.01

$s250.rmse
[1] 0.3418617

$s500.ptime
[1] 0.817

$s500.time
[1] 0.016

$s500.rmse
[1] 0.2582892

$s1000.ptime
[1] 1.897

$s1000.time
[1] 0.046

$s1000.rmse
[1] 0.1852872

$s2500.ptime
[1] 19.025

$s2500.time
[1] 0.081

$s2500.rmse
[1] 0.1063399

        seed            p    full.time    full.rmse     l25.time     l25.rmse 
    2282.000       10.000        0.039        0.075        2.017        0.205 
    l50.time     l50.rmse    l100.time    l100.rmse    l250.time    l250.rmse 
       2.299        0.177        3.775        0.145       18.871        0.124 
   l500.time    l500.rmse  o25_i.ptime   o25_i.time   o25_i.rmse  o50_i.ptime 
     102.044        0.107        0.109        0.188        0.542        0.078 
  o50_i.time   o50_i.rmse o100_i.ptime  o100_i.time  o100_i.rmse o250_i.ptime 
       0.366        0.487        0.114        0.136        0.417        0.312 
 o250_i.time  o250_i.rmse o500_i.ptime  o500_i.time  o500_i.rmse  o25_d.ptime 
       0.130        0.327        0.889        0.143        0.257        0.127 
  o25_d.time   o25_d.rmse  o50_d.ptime   o50_d.time   o50_d.rmse o100_d.ptime 
       0.428        0.440        0.048        0.592        0.389        0.021 
 o100_d.time  o100_d.rmse o250_d.ptime  o250_d.time  o250_d.rmse o500_d.ptime 
       1.239        0.312        0.016        5.133        0.237        0.108 
 o500_d.time  o500_d.rmse  c25_i.ptime   c25_i.time   c25_i.rmse  c50_i.ptime 
      20.704        0.165        0.503        0.246        0.346        0.280 
  c50_i.time   c50_i.rmse c100_i.ptime  c100_i.time  c100_i.rmse c250_i.ptime 
       0.166        0.296        0.222        0.149        0.244        0.402 
 c250_i.time  c250_i.rmse c500_i.ptime  c500_i.time  c500_i.rmse  c25_d.ptime 
       0.141        0.200        0.979        0.160        0.172        0.429 
  c25_d.time   c25_d.rmse  c50_d.ptime   c50_d.time   c50_d.rmse c100_d.ptime 
       0.607        0.287        0.232        0.718        0.254        0.197 
 c100_d.time  c100_d.rmse c250_d.ptime  c250_d.time  c250_d.rmse c500_d.ptime 
       1.310        0.211        0.109        5.251        0.170        0.052 
 c500_d.time  c500_d.rmse    s25.ptime     s25.time     s25.rmse    s50.ptime 
      20.698        0.141        0.088        0.001        0.638        0.176 
    s50.time     s50.rmse   s100.ptime    s100.time    s100.rmse   s250.ptime 
       0.001        0.573        0.316        0.003        0.476        0.474 
   s250.time    s250.rmse   s500.ptime    s500.time    s500.rmse  s1000.ptime 
       0.010        0.342        0.817        0.016        0.258        1.897 
  s1000.time   s1000.rmse  s2500.ptime   s2500.time   s2500.rmse 
       0.046        0.185       19.025        0.081        0.106 
[1] 0.7584705
$full.time
[1] 0.037

$full.rmse
[1] 0.08244896

$full.time
[1] 0.037

$full.rmse
[1] 0.08244896

$l25.time
[1] 2.208

$l25.rmse
[1] 0.2170759

$l50.time
[1] 2.277

$l50.rmse
[1] 0.1835786

$l100.time
[1] 3.727

$l100.rmse
[1] 0.1599306

$l250.time
[1] 18.871

$l250.rmse
[1] 0.126059

$l500.time
[1] 104.643

$l500.rmse
[1] 0.1122923

$o25_i.ptime
[1] 0.11

$o25_i.time
[1] 0.189

$o25_i.rmse
[1] 0.5313565

$o50_i.ptime
[1] 0.083

$o50_i.time
[1] 0.146

$o50_i.rmse
[1] 0.488656

$o100_i.ptime
[1] 0.114

$o100_i.time
[1] 0.131

$o100_i.rmse
[1] 0.4151876

$o250_i.ptime
[1] 0.322

$o250_i.time
[1] 0.126

$o250_i.rmse
[1] 0.3554431

$o500_i.ptime
[1] 0.922

$o500_i.time
[1] 0.142

$o500_i.rmse
[1] 0.2609623

$o25_d.ptime
[1] 0.122

$o25_d.time
[1] 0.464

$o25_d.rmse
[1] 0.4434641

$o50_d.ptime
[1] 0.041

$o50_d.time
[1] 0.901

$o50_d.rmse
[1] 0.3880228

$o100_d.ptime
[1] 0.023

$o100_d.time
[1] 1.413

$o100_d.rmse
[1] 0.3178189

$o250_d.ptime
[1] 0.023

$o250_d.time
[1] 5.737

$o250_d.rmse
[1] 0.2438769

$o500_d.ptime
[1] 0.121

$o500_d.time
[1] 21.43

$o500_d.rmse
[1] 0.1715345

$c25_i.ptime
[1] 0.378

$c25_i.time
[1] 0.213

$c25_i.rmse
[1] 0.3466852

$c50_i.ptime
[1] 0.36

$c50_i.time
[1] 0.159

$c50_i.rmse
[1] 0.3110053

$c100_i.ptime
[1] 0.302

$c100_i.time
[1] 0.143

$c100_i.rmse
[1] 0.275333

$c250_i.ptime
[1] 0.461

$c250_i.time
[1] 0.161

$c250_i.rmse
[1] 0.2121826

$c500_i.ptime
[1] 1.069

$c500_i.time
[1] 0.17

$c500_i.rmse
[1] 0.1752623

$c25_d.ptime
[1] 0.436

$c25_d.time
[1] 0.612

$c25_d.rmse
[1] 0.2981323

$c50_d.ptime
[1] 0.284

$c50_d.time
[1] 0.71

$c50_d.rmse
[1] 0.2564891

$c100_d.ptime
[1] 0.184

$c100_d.time
[1] 1.624

$c100_d.rmse
[1] 0.2168228

$c250_d.ptime
[1] 0.164

$c250_d.time
[1] 5.575

$c250_d.rmse
[1] 0.1684868

$c500_d.ptime
[1] 0.143

$c500_d.time
[1] 19.775

$c500_d.rmse
[1] 0.1352063

$s25.ptime
[1] 0.15

$s25.time
[1] 0.001

$s25.rmse
[1] 0.6054334

$s50.ptime
[1] 0.203

$s50.time
[1] 0.002

$s50.rmse
[1] 0.5761858

$s100.ptime
[1] 0.269

$s100.time
[1] 0.004

$s100.rmse
[1] 0.4287125

$s250.ptime
[1] 0.522

$s250.time
[1] 0.009

$s250.rmse
[1] 0.3537435

$s500.ptime
[1] 0.833

$s500.time
[1] 0.023

$s500.rmse
[1] 0.2664304

$s1000.ptime
[1] 2.225

$s1000.time
[1] 0.044

$s1000.rmse
[1] 0.1791112

$s2500.ptime
[1] 17.543

$s2500.time
[1] 0.08

$s2500.rmse
[1] 0.1172713

        seed            p    full.time    full.rmse     l25.time     l25.rmse 
    2283.000       10.000        0.037        0.082        2.208        0.217 
    l50.time     l50.rmse    l100.time    l100.rmse    l250.time    l250.rmse 
       2.277        0.184        3.727        0.160       18.871        0.126 
   l500.time    l500.rmse  o25_i.ptime   o25_i.time   o25_i.rmse  o50_i.ptime 
     104.643        0.112        0.110        0.189        0.531        0.083 
  o50_i.time   o50_i.rmse o100_i.ptime  o100_i.time  o100_i.rmse o250_i.ptime 
       0.146        0.489        0.114        0.131        0.415        0.322 
 o250_i.time  o250_i.rmse o500_i.ptime  o500_i.time  o500_i.rmse  o25_d.ptime 
       0.126        0.355        0.922        0.142        0.261        0.122 
  o25_d.time   o25_d.rmse  o50_d.ptime   o50_d.time   o50_d.rmse o100_d.ptime 
       0.464        0.443        0.041        0.901        0.388        0.023 
 o100_d.time  o100_d.rmse o250_d.ptime  o250_d.time  o250_d.rmse o500_d.ptime 
       1.413        0.318        0.023        5.737        0.244        0.121 
 o500_d.time  o500_d.rmse  c25_i.ptime   c25_i.time   c25_i.rmse  c50_i.ptime 
      21.430        0.172        0.378        0.213        0.347        0.360 
  c50_i.time   c50_i.rmse c100_i.ptime  c100_i.time  c100_i.rmse c250_i.ptime 
       0.159        0.311        0.302        0.143        0.275        0.461 
 c250_i.time  c250_i.rmse c500_i.ptime  c500_i.time  c500_i.rmse  c25_d.ptime 
       0.161        0.212        1.069        0.170        0.175        0.436 
  c25_d.time   c25_d.rmse  c50_d.ptime   c50_d.time   c50_d.rmse c100_d.ptime 
       0.612        0.298        0.284        0.710        0.256        0.184 
 c100_d.time  c100_d.rmse c250_d.ptime  c250_d.time  c250_d.rmse c500_d.ptime 
       1.624        0.217        0.164        5.575        0.168        0.143 
 c500_d.time  c500_d.rmse    s25.ptime     s25.time     s25.rmse    s50.ptime 
      19.775        0.135        0.150        0.001        0.605        0.203 
    s50.time     s50.rmse   s100.ptime    s100.time    s100.rmse   s250.ptime 
       0.002        0.576        0.269        0.004        0.429        0.522 
   s250.time    s250.rmse   s500.ptime    s500.time    s500.rmse  s1000.ptime 
       0.009        0.354        0.833        0.023        0.266        2.225 
  s1000.time   s1000.rmse  s2500.ptime   s2500.time   s2500.rmse 
       0.044        0.179       17.543        0.080        0.117 
  seed  p full.time  full.rmse l25.time  l25.rmse l50.time  l50.rmse l100.time
1 2279 10     0.037 0.07897987    2.153 0.2325881    2.279 0.1928930     3.869
2 2280 10     0.038 0.07887179    2.022 0.2287051    2.266 0.1942532     3.754
3 2281 10     0.038 0.07864717    2.017 0.2235559    2.281 0.1863589     3.761
4 2282 10     0.039 0.07538219    2.017 0.2050613    2.299 0.1769301     3.775
5 2283 10     0.037 0.08244896    2.208 0.2170759    2.277 0.1835786     3.727
  l100.rmse l250.time l250.rmse l500.time l500.rmse o25_i.ptime o25_i.time
1 0.1581339    19.005 0.1253149   104.696 0.1050022       0.114      0.178
2 0.1632635    18.651 0.1295759   101.140 0.1069200       0.110      0.182
3 0.1532663    18.707 0.1223840   102.783 0.1037304       0.114      0.200
4 0.1447152    18.871 0.1239105   102.044 0.1069057       0.109      0.188
5 0.1599306    18.871 0.1260590   104.643 0.1122923       0.110      0.189
  o25_i.rmse o50_i.ptime o50_i.time o50_i.rmse o100_i.ptime o100_i.time
1  0.5876167       0.079      0.145  0.5307934        0.107       0.125
2  0.6192266       0.078      0.136  0.5647463        0.105       0.125
3  0.6405215       0.077      0.154  0.5444873        0.115       0.137
4  0.5417382       0.078      0.366  0.4873663        0.114       0.136
5  0.5313565       0.083      0.146  0.4886560        0.114       0.131
  o100_i.rmse o250_i.ptime o250_i.time o250_i.rmse o500_i.ptime o500_i.time
1   0.4545741        0.317       0.132   0.3485463        0.849       0.125
2   0.4562287        0.304       0.122   0.3379778        0.878       0.127
3   0.4522475        0.303       0.129   0.3541589        0.881       0.283
4   0.4165907        0.312       0.130   0.3267106        0.889       0.143
5   0.4151876        0.322       0.126   0.3554431        0.922       0.142
  o500_i.rmse o25_d.ptime o25_d.time o25_d.rmse o50_d.ptime o50_d.time
1   0.2496807       0.124      0.429  0.4754915       0.041      0.675
2   0.2558555       0.123      0.566  0.4851829       0.040      0.550
3   0.2662190       0.129      0.465  0.5085200       0.041      0.592
4   0.2574000       0.127      0.428  0.4404670       0.048      0.592
5   0.2609623       0.122      0.464  0.4434641       0.041      0.901
  o50_d.rmse o100_d.ptime o100_d.time o100_d.rmse o250_d.ptime o250_d.time
1  0.4278388        0.021       1.187   0.3295926        0.016       4.826
2  0.4206121        0.022       1.163   0.3399533        0.016       4.843
3  0.4149882        0.021       1.122   0.3425238        0.016       5.133
4  0.3887283        0.021       1.239   0.3122837        0.016       5.133
5  0.3880228        0.023       1.413   0.3178189        0.023       5.737
  o250_d.rmse o500_d.ptime o500_d.time o500_d.rmse c25_i.ptime c25_i.time
1   0.2249643        0.024      21.746   0.1661547       0.454      0.186
2   0.2294237        0.024      21.663   0.1797634       0.427      0.215
3   0.2289737        0.020      23.000   0.1675705       0.530      0.232
4   0.2365391        0.108      20.704   0.1648088       0.503      0.246
5   0.2438769        0.121      21.430   0.1715345       0.378      0.213
  c25_i.rmse c50_i.ptime c50_i.time c50_i.rmse c100_i.ptime c100_i.time
1  0.3667540       0.286      0.176  0.3255039        0.271       0.145
2  0.3856812       0.287      0.151  0.3179050        0.387       0.149
3  0.3833578       0.381      0.230  0.3175288        0.248       0.138
4  0.3455421       0.280      0.166  0.2962396        0.222       0.149
5  0.3466852       0.360      0.159  0.3110053        0.302       0.143
  c100_i.rmse c250_i.ptime c250_i.time c250_i.rmse c500_i.ptime c500_i.time
1   0.2733435        0.486       0.146   0.2151595        0.969       0.169
2   0.2642518        0.428       0.141   0.2136504        0.915       0.153
3   0.2769284        0.412       0.123   0.2194002        0.962       0.138
4   0.2441137        0.402       0.141   0.2000349        0.979       0.160
5   0.2753330        0.461       0.161   0.2121826        1.069       0.170
  c500_i.rmse c25_d.ptime c25_d.time c25_d.rmse c50_d.ptime c50_d.time
1   0.1859322       0.439      0.635  0.3161138       0.262      0.710
2   0.1842389       0.499      0.567  0.3163900       0.268      0.682
3   0.1825472       0.480      0.563  0.2923920       0.274      0.698
4   0.1718490       0.429      0.607  0.2874036       0.232      0.718
5   0.1752623       0.436      0.612  0.2981323       0.284      0.710
  c50_d.rmse c100_d.ptime c100_d.time c100_d.rmse c250_d.ptime c250_d.time
1  0.2584607        0.199       1.325   0.2197280        0.099       4.788
2  0.2678112        0.150       1.250   0.2266173        0.121       4.973
3  0.2568991        0.171       1.260   0.2214629        0.116       5.232
4  0.2541450        0.197       1.310   0.2105172        0.109       5.251
5  0.2564891        0.184       1.624   0.2168228        0.164       5.575
  c250_d.rmse c500_d.ptime c500_d.time c500_d.rmse s25.ptime s25.time  s25.rmse
1   0.1757427        0.092      21.819   0.1353121     0.187    0.001 0.7331091
2   0.1801668        0.113      20.450   0.1526791     0.157    0.001 0.6973111
3   0.1697987        0.127      20.486   0.1343606     0.209    0.000 0.7320361
4   0.1704089        0.052      20.698   0.1408322     0.088    0.001 0.6376857
5   0.1684868        0.143      19.775   0.1352063     0.150    0.001 0.6054334
  s50.ptime s50.time  s50.rmse s100.ptime s100.time s100.rmse s250.ptime
1     0.177    0.002 0.6231177      0.250     0.003 0.5292725      0.454
2     0.128    0.002 0.6095928      0.243     0.003 0.4808052      0.517
3     0.166    0.001 0.6700015      0.216     0.004 0.5196137      0.506
4     0.176    0.001 0.5731089      0.316     0.003 0.4757743      0.474
5     0.203    0.002 0.5761858      0.269     0.004 0.4287125      0.522
  s250.time s250.rmse s500.ptime s500.time s500.rmse s1000.ptime s1000.time
1     0.006 0.3670759      0.776     0.018 0.2557500       1.654      0.027
2     0.008 0.3418255      0.797     0.014 0.2652800       1.809      0.030
3     0.009 0.3876975      0.781     0.017 0.2620286       1.778      0.031
4     0.010 0.3418617      0.817     0.016 0.2582892       1.897      0.046
5     0.009 0.3537435      0.833     0.023 0.2664304       2.225      0.044
  s1000.rmse s2500.ptime s2500.time s2500.rmse
1  0.1851475      20.626      0.071  0.1110893
2  0.1789644      19.921      0.080  0.1176543
3  0.1738749      18.809      0.072  0.1060496
4  0.1852872      19.025      0.081  0.1063399
5  0.1791112      17.543      0.080  0.1172713
> 
> proc.time()
    user   system  elapsed 
1374.872   16.102 1422.509 
