
R version 3.0.3 (2014-03-06) -- "Warm Puppy"
Copyright (C) 2014 The R Foundation for Statistical Computing
Platform: x86_64-unknown-linux-gnu (64-bit)

R is free software and comes with ABSOLUTELY NO WARRANTY.
You are welcome to redistribute it under certain conditions.
Type 'license()' or 'licence()' for distribution details.

  Natural language support but running in an English locale

R is a collaborative project with many contributors.
Type 'contributors()' for more information and
'citation()' on how to cite R or R packages in publications.

Type 'demo()' for some demos, 'help()' for on-line help, or
'help.start()' for an HTML browser interface to help.
Type 'q()' to quit R.

> print(.libPaths())
[1] "/usr/local/r-3.0.3/lib64/R/library"
> .libPaths("/mnt/home/rjparker/Rlib")
> print(.libPaths())
[1] "/mnt/home/rjparker/Rlib"            "/usr/local/r-3.0.3/lib64/R/library"
> setwd("/mnt/home/rjparker/git/block_int")
> 
> which_exp <- 3
> which_part <- 8
> source("R/sim_nblocks_pred.R")
Loading required package: spam
Loading required package: grid
Spam version 0.41-0 (2014-02-26) is loaded.
Type 'help( Spam)' or 'demo( spam)' for a short introduction 
and overview of this package.
Help for individual functions is also obtained by adding the
suffix '.spam' to the function name, e.g. 'help( chol.spam)'.

Attaching package: ‘spam’

The following objects are masked from ‘package:base’:

    backsolve, forwardsolve

Loading required package: maps
  pred  p   b tau Nper_p Npred Fzero sigma2
3 TRUE 10 1.5  10   5000  1000     0      1
[1] 0.8284726
$full.time
[1] 0.042

$full.rmse
[1] 0.0738288

$full.time
[1] 0.042

$full.rmse
[1] 0.0738288

$l25.time
[1] 2.146

$l25.rmse
[1] 0.2111899

$l50.time
[1] 2.156

$l50.rmse
[1] 0.1792908

$l100.time
[1] 3.496

$l100.rmse
[1] 0.1473951

$l250.time
[1] 18.063

$l250.rmse
[1] 0.1117031

$l500.time
[1] 96.708

$l500.rmse
[1] 0.09756647

$o25_i.ptime
[1] 0.111

$o25_i.time
[1] 0.175

$o25_i.rmse
[1] 0.5810769

$o50_i.ptime
[1] 0.075

$o50_i.time
[1] 0.137

$o50_i.rmse
[1] 0.5097045

$o100_i.ptime
[1] 0.104

$o100_i.time
[1] 0.125

$o100_i.rmse
[1] 0.4261326

$o250_i.ptime
[1] 0.303

$o250_i.time
[1] 0.118

$o250_i.rmse
[1] 0.3198703

$o500_i.ptime
[1] 0.859

$o500_i.time
[1] 0.126

$o500_i.rmse
[1] 0.2483523

$o25_d.ptime
[1] 0.121

$o25_d.time
[1] 0.409

$o25_d.rmse
[1] 0.4708416

$o50_d.ptime
[1] 0.039

$o50_d.time
[1] 0.638

$o50_d.rmse
[1] 0.3912151

$o100_d.ptime
[1] 0.02

$o100_d.time
[1] 1.1

$o100_d.rmse
[1] 0.3220326

$o250_d.ptime
[1] 0.015

$o250_d.time
[1] 4.592

$o250_d.rmse
[1] 0.2274685

$o500_d.ptime
[1] 0.018

$o500_d.time
[1] 17.948

$o500_d.rmse
[1] 0.1621038

$c25_i.ptime
[1] 0.43

$c25_i.time
[1] 0.189

$c25_i.rmse
[1] 0.3673982

$c50_i.ptime
[1] 0.281

$c50_i.time
[1] 0.152

$c50_i.rmse
[1] 0.3072254

$c100_i.ptime
[1] 0.257

$c100_i.time
[1] 0.138

$c100_i.rmse
[1] 0.2543884

$c250_i.ptime
[1] 0.415

$c250_i.time
[1] 0.138

$c250_i.rmse
[1] 0.2001601

$c500_i.ptime
[1] 1.03

$c500_i.time
[1] 0.147

$c500_i.rmse
[1] 0.1742662

$c25_d.ptime
[1] 0.441

$c25_d.time
[1] 0.595

$c25_d.rmse
[1] 0.3009539

$c50_d.ptime
[1] 0.275

$c50_d.time
[1] 0.674

$c50_d.rmse
[1] 0.2418554

$c100_d.ptime
[1] 0.199

$c100_d.time
[1] 1.245

$c100_d.rmse
[1] 0.1909658

$c250_d.ptime
[1] 0.12

$c250_d.time
[1] 4.472

$c250_d.rmse
[1] 0.1589182

$c500_d.ptime
[1] 0.121

$c500_d.time
[1] 18.365

$c500_d.rmse
[1] 0.1275009

$s25.ptime
[1] 0.105

$s25.time
[1] 0.001

$s25.rmse
[1] 0.6226428

$s50.ptime
[1] 0.188

$s50.time
[1] 0.001

$s50.rmse
[1] 0.5611921

$s100.ptime
[1] 0.214

$s100.time
[1] 0.003

$s100.rmse
[1] 0.4458355

$s250.ptime
[1] 0.399

$s250.time
[1] 0.006

$s250.rmse
[1] 0.2995345

$s500.ptime
[1] 0.715

$s500.time
[1] 0.013

$s500.rmse
[1] 0.2354864

$s1000.ptime
[1] 1.734

$s1000.time
[1] 0.027

$s1000.rmse
[1] 0.1721899

$s2500.ptime
[1] 18.201

$s2500.time
[1] 0.067

$s2500.rmse
[1] 0.1022702

        seed            p    full.time    full.rmse     l25.time     l25.rmse 
    2219.000       10.000        0.042        0.074        2.146        0.211 
    l50.time     l50.rmse    l100.time    l100.rmse    l250.time    l250.rmse 
       2.156        0.179        3.496        0.147       18.063        0.112 
   l500.time    l500.rmse  o25_i.ptime   o25_i.time   o25_i.rmse  o50_i.ptime 
      96.708        0.098        0.111        0.175        0.581        0.075 
  o50_i.time   o50_i.rmse o100_i.ptime  o100_i.time  o100_i.rmse o250_i.ptime 
       0.137        0.510        0.104        0.125        0.426        0.303 
 o250_i.time  o250_i.rmse o500_i.ptime  o500_i.time  o500_i.rmse  o25_d.ptime 
       0.118        0.320        0.859        0.126        0.248        0.121 
  o25_d.time   o25_d.rmse  o50_d.ptime   o50_d.time   o50_d.rmse o100_d.ptime 
       0.409        0.471        0.039        0.638        0.391        0.020 
 o100_d.time  o100_d.rmse o250_d.ptime  o250_d.time  o250_d.rmse o500_d.ptime 
       1.100        0.322        0.015        4.592        0.227        0.018 
 o500_d.time  o500_d.rmse  c25_i.ptime   c25_i.time   c25_i.rmse  c50_i.ptime 
      17.948        0.162        0.430        0.189        0.367        0.281 
  c50_i.time   c50_i.rmse c100_i.ptime  c100_i.time  c100_i.rmse c250_i.ptime 
       0.152        0.307        0.257        0.138        0.254        0.415 
 c250_i.time  c250_i.rmse c500_i.ptime  c500_i.time  c500_i.rmse  c25_d.ptime 
       0.138        0.200        1.030        0.147        0.174        0.441 
  c25_d.time   c25_d.rmse  c50_d.ptime   c50_d.time   c50_d.rmse c100_d.ptime 
       0.595        0.301        0.275        0.674        0.242        0.199 
 c100_d.time  c100_d.rmse c250_d.ptime  c250_d.time  c250_d.rmse c500_d.ptime 
       1.245        0.191        0.120        4.472        0.159        0.121 
 c500_d.time  c500_d.rmse    s25.ptime     s25.time     s25.rmse    s50.ptime 
      18.365        0.128        0.105        0.001        0.623        0.188 
    s50.time     s50.rmse   s100.ptime    s100.time    s100.rmse   s250.ptime 
       0.001        0.561        0.214        0.003        0.446        0.399 
   s250.time    s250.rmse   s500.ptime    s500.time    s500.rmse  s1000.ptime 
       0.006        0.300        0.715        0.013        0.235        1.734 
  s1000.time   s1000.rmse  s2500.ptime   s2500.time   s2500.rmse 
       0.027        0.172       18.201        0.067        0.102 
[1] 0.8741964
$full.time
[1] 0.038

$full.rmse
[1] 0.07776573

$full.time
[1] 0.038

$full.rmse
[1] 0.07776573

$l25.time
[1] 1.856

$l25.rmse
[1] 0.2146712

$l50.time
[1] 2.197

$l50.rmse
[1] 0.1773691

$l100.time
[1] 3.588

$l100.rmse
[1] 0.1462522

$l250.time
[1] 17.789

$l250.rmse
[1] 0.1133874

$l500.time
[1] 97.231

$l500.rmse
[1] 0.09646236

$o25_i.ptime
[1] 0.111

$o25_i.time
[1] 0.179

$o25_i.rmse
[1] 0.5523144

$o50_i.ptime
[1] 0.075

$o50_i.time
[1] 0.136

$o50_i.rmse
[1] 0.519488

$o100_i.ptime
[1] 0.101

$o100_i.time
[1] 0.121

$o100_i.rmse
[1] 0.4620017

$o250_i.ptime
[1] 0.312

$o250_i.time
[1] 0.118

$o250_i.rmse
[1] 0.3433119

$o500_i.ptime
[1] 0.853

$o500_i.time
[1] 0.119

$o500_i.rmse
[1] 0.2584359

$o25_d.ptime
[1] 0.116

$o25_d.time
[1] 0.58

$o25_d.rmse
[1] 0.4528679

$o50_d.ptime
[1] 0.037

$o50_d.time
[1] 0.512

$o50_d.rmse
[1] 0.4122858

$o100_d.ptime
[1] 0.019

$o100_d.time
[1] 1.053

$o100_d.rmse
[1] 0.3313799

$o250_d.ptime
[1] 0.014

$o250_d.time
[1] 4.16

$o250_d.rmse
[1] 0.2252511

$o500_d.ptime
[1] 0.017

$o500_d.time
[1] 17.56

$o500_d.rmse
[1] 0.1580798

$c25_i.ptime
[1] 0.485

$c25_i.time
[1] 0.174

$c25_i.rmse
[1] 0.3677932

$c50_i.ptime
[1] 0.314

$c50_i.time
[1] 0.143

$c50_i.rmse
[1] 0.314926

$c100_i.ptime
[1] 0.313

$c100_i.time
[1] 0.132

$c100_i.rmse
[1] 0.2523581

$c250_i.ptime
[1] 0.436

$c250_i.time
[1] 0.126

$c250_i.rmse
[1] 0.2147

$c500_i.ptime
[1] 0.949

$c500_i.time
[1] 0.145

$c500_i.rmse
[1] 0.1710639

$c25_d.ptime
[1] 0.478

$c25_d.time
[1] 0.564

$c25_d.rmse
[1] 0.3059687

$c50_d.ptime
[1] 0.28

$c50_d.time
[1] 0.649

$c50_d.rmse
[1] 0.2551081

$c100_d.ptime
[1] 0.189

$c100_d.time
[1] 1.241

$c100_d.rmse
[1] 0.210506

$c250_d.ptime
[1] 0.125

$c250_d.time
[1] 4.542

$c250_d.rmse
[1] 0.1658348

$c500_d.ptime
[1] 0.118

$c500_d.time
[1] 17.623

$c500_d.rmse
[1] 0.127352

$s25.ptime
[1] 0.124

$s25.time
[1] 0.001

$s25.rmse
[1] 0.5904171

$s50.ptime
[1] 0.131

$s50.time
[1] 0.001

$s50.rmse
[1] 0.5815468

$s100.ptime
[1] 0.242

$s100.time
[1] 0.002

$s100.rmse
[1] 0.4767688

$s250.ptime
[1] 0.541

$s250.time
[1] 0.007

$s250.rmse
[1] 0.3592291

$s500.ptime
[1] 0.832

$s500.time
[1] 0.014

$s500.rmse
[1] 0.2512949

$s1000.ptime
[1] 1.768

$s1000.time
[1] 0.028

$s1000.rmse
[1] 0.1828678

$s2500.ptime
[1] 14.732

$s2500.time
[1] 0.068

$s2500.rmse
[1] 0.105444

        seed            p    full.time    full.rmse     l25.time     l25.rmse 
    2220.000       10.000        0.038        0.078        1.856        0.215 
    l50.time     l50.rmse    l100.time    l100.rmse    l250.time    l250.rmse 
       2.197        0.177        3.588        0.146       17.789        0.113 
   l500.time    l500.rmse  o25_i.ptime   o25_i.time   o25_i.rmse  o50_i.ptime 
      97.231        0.096        0.111        0.179        0.552        0.075 
  o50_i.time   o50_i.rmse o100_i.ptime  o100_i.time  o100_i.rmse o250_i.ptime 
       0.136        0.519        0.101        0.121        0.462        0.312 
 o250_i.time  o250_i.rmse o500_i.ptime  o500_i.time  o500_i.rmse  o25_d.ptime 
       0.118        0.343        0.853        0.119        0.258        0.116 
  o25_d.time   o25_d.rmse  o50_d.ptime   o50_d.time   o50_d.rmse o100_d.ptime 
       0.580        0.453        0.037        0.512        0.412        0.019 
 o100_d.time  o100_d.rmse o250_d.ptime  o250_d.time  o250_d.rmse o500_d.ptime 
       1.053        0.331        0.014        4.160        0.225        0.017 
 o500_d.time  o500_d.rmse  c25_i.ptime   c25_i.time   c25_i.rmse  c50_i.ptime 
      17.560        0.158        0.485        0.174        0.368        0.314 
  c50_i.time   c50_i.rmse c100_i.ptime  c100_i.time  c100_i.rmse c250_i.ptime 
       0.143        0.315        0.313        0.132        0.252        0.436 
 c250_i.time  c250_i.rmse c500_i.ptime  c500_i.time  c500_i.rmse  c25_d.ptime 
       0.126        0.215        0.949        0.145        0.171        0.478 
  c25_d.time   c25_d.rmse  c50_d.ptime   c50_d.time   c50_d.rmse c100_d.ptime 
       0.564        0.306        0.280        0.649        0.255        0.189 
 c100_d.time  c100_d.rmse c250_d.ptime  c250_d.time  c250_d.rmse c500_d.ptime 
       1.241        0.211        0.125        4.542        0.166        0.118 
 c500_d.time  c500_d.rmse    s25.ptime     s25.time     s25.rmse    s50.ptime 
      17.623        0.127        0.124        0.001        0.590        0.131 
    s50.time     s50.rmse   s100.ptime    s100.time    s100.rmse   s250.ptime 
       0.001        0.582        0.242        0.002        0.477        0.541 
   s250.time    s250.rmse   s500.ptime    s500.time    s500.rmse  s1000.ptime 
       0.007        0.359        0.832        0.014        0.251        1.768 
  s1000.time   s1000.rmse  s2500.ptime   s2500.time   s2500.rmse 
       0.028        0.183       14.732        0.068        0.105 
[1] 0.8038767
$full.time
[1] 0.048

$full.rmse
[1] 0.080656

$full.time
[1] 0.048

$full.rmse
[1] 0.080656

$l25.time
[1] 2.068

$l25.rmse
[1] 0.2128218

$l50.time
[1] 2.316

$l50.rmse
[1] 0.1832743

$l100.time
[1] 3.663

$l100.rmse
[1] 0.1535465

$l250.time
[1] 18.511

$l250.rmse
[1] 0.1244454

$l500.time
[1] 97.395

$l500.rmse
[1] 0.1087336

$o25_i.ptime
[1] 0.108

$o25_i.time
[1] 0.188

$o25_i.rmse
[1] 0.6052107

$o50_i.ptime
[1] 0.075

$o50_i.time
[1] 0.15

$o50_i.rmse
[1] 0.533185

$o100_i.ptime
[1] 0.112

$o100_i.time
[1] 0.136

$o100_i.rmse
[1] 0.4653411

$o250_i.ptime
[1] 0.311

$o250_i.time
[1] 0.131

$o250_i.rmse
[1] 0.3373722

$o500_i.ptime
[1] 0.867

$o500_i.time
[1] 0.407

$o500_i.rmse
[1] 0.2431474

$o25_d.ptime
[1] 0.127

$o25_d.time
[1] 0.432

$o25_d.rmse
[1] 0.4736093

$o50_d.ptime
[1] 0.04

$o50_d.time
[1] 0.601

$o50_d.rmse
[1] 0.4128882

$o100_d.ptime
[1] 0.025

$o100_d.time
[1] 1.177

$o100_d.rmse
[1] 0.3287793

$o250_d.ptime
[1] 0.015

$o250_d.time
[1] 4.556

$o250_d.rmse
[1] 0.2303006

$o500_d.ptime
[1] 0.018

$o500_d.time
[1] 19.517

$o500_d.rmse
[1] 0.1718914

$c25_i.ptime
[1] 0.498

$c25_i.time
[1] 0.2

$c25_i.rmse
[1] 0.3797222

$c50_i.ptime
[1] 0.381

$c50_i.time
[1] 0.271

$c50_i.rmse
[1] 0.3180358

$c100_i.ptime
[1] 0.228

$c100_i.time
[1] 0.135

$c100_i.rmse
[1] 0.276706

$c250_i.ptime
[1] 0.474

$c250_i.time
[1] 0.129

$c250_i.rmse
[1] 0.2117351

$c500_i.ptime
[1] 0.953

$c500_i.time
[1] 0.149

$c500_i.rmse
[1] 0.1761454

$c25_d.ptime
[1] 0.468

$c25_d.time
[1] 0.551

$c25_d.rmse
[1] 0.3059577

$c50_d.ptime
[1] 0.337

$c50_d.time
[1] 0.672

$c50_d.rmse
[1] 0.2529904

$c100_d.ptime
[1] 0.174

$c100_d.time
[1] 1.201

$c100_d.rmse
[1] 0.2251893

$c250_d.ptime
[1] 0.099

$c250_d.time
[1] 4.477

$c250_d.rmse
[1] 0.1693064

$c500_d.ptime
[1] 0.063

$c500_d.time
[1] 19.971

$c500_d.rmse
[1] 0.1298456

$s25.ptime
[1] 0.171

$s25.time
[1] 0.001

$s25.rmse
[1] 0.7447257

$s50.ptime
[1] 0.209

$s50.time
[1] 0.001

$s50.rmse
[1] 0.5951828

$s100.ptime
[1] 0.353

$s100.time
[1] 0.004

$s100.rmse
[1] 0.5223123

$s250.ptime
[1] 0.443

$s250.time
[1] 0.007

$s250.rmse
[1] 0.3253504

$s500.ptime
[1] 0.693

$s500.time
[1] 0.013

$s500.rmse
[1] 0.2459003

$s1000.ptime
[1] 1.763

$s1000.time
[1] 0.037

$s1000.rmse
[1] 0.1837535

$s2500.ptime
[1] 27.624

$s2500.time
[1] 0.096

$s2500.rmse
[1] 0.1105184

        seed            p    full.time    full.rmse     l25.time     l25.rmse 
    2221.000       10.000        0.048        0.081        2.068        0.213 
    l50.time     l50.rmse    l100.time    l100.rmse    l250.time    l250.rmse 
       2.316        0.183        3.663        0.154       18.511        0.124 
   l500.time    l500.rmse  o25_i.ptime   o25_i.time   o25_i.rmse  o50_i.ptime 
      97.395        0.109        0.108        0.188        0.605        0.075 
  o50_i.time   o50_i.rmse o100_i.ptime  o100_i.time  o100_i.rmse o250_i.ptime 
       0.150        0.533        0.112        0.136        0.465        0.311 
 o250_i.time  o250_i.rmse o500_i.ptime  o500_i.time  o500_i.rmse  o25_d.ptime 
       0.131        0.337        0.867        0.407        0.243        0.127 
  o25_d.time   o25_d.rmse  o50_d.ptime   o50_d.time   o50_d.rmse o100_d.ptime 
       0.432        0.474        0.040        0.601        0.413        0.025 
 o100_d.time  o100_d.rmse o250_d.ptime  o250_d.time  o250_d.rmse o500_d.ptime 
       1.177        0.329        0.015        4.556        0.230        0.018 
 o500_d.time  o500_d.rmse  c25_i.ptime   c25_i.time   c25_i.rmse  c50_i.ptime 
      19.517        0.172        0.498        0.200        0.380        0.381 
  c50_i.time   c50_i.rmse c100_i.ptime  c100_i.time  c100_i.rmse c250_i.ptime 
       0.271        0.318        0.228        0.135        0.277        0.474 
 c250_i.time  c250_i.rmse c500_i.ptime  c500_i.time  c500_i.rmse  c25_d.ptime 
       0.129        0.212        0.953        0.149        0.176        0.468 
  c25_d.time   c25_d.rmse  c50_d.ptime   c50_d.time   c50_d.rmse c100_d.ptime 
       0.551        0.306        0.337        0.672        0.253        0.174 
 c100_d.time  c100_d.rmse c250_d.ptime  c250_d.time  c250_d.rmse c500_d.ptime 
       1.201        0.225        0.099        4.477        0.169        0.063 
 c500_d.time  c500_d.rmse    s25.ptime     s25.time     s25.rmse    s50.ptime 
      19.971        0.130        0.171        0.001        0.745        0.209 
    s50.time     s50.rmse   s100.ptime    s100.time    s100.rmse   s250.ptime 
       0.001        0.595        0.353        0.004        0.522        0.443 
   s250.time    s250.rmse   s500.ptime    s500.time    s500.rmse  s1000.ptime 
       0.007        0.325        0.693        0.013        0.246        1.763 
  s1000.time   s1000.rmse  s2500.ptime   s2500.time   s2500.rmse 
       0.037        0.184       27.624        0.096        0.111 
[1] 0.9596349
$full.time
[1] 0.046

$full.rmse
[1] 0.07627302

$full.time
[1] 0.046

$full.rmse
[1] 0.07627302

$l25.time
[1] 2.064

$l25.rmse
[1] 0.2259578

$l50.time
[1] 2.253

$l50.rmse
[1] 0.1911776

$l100.time
[1] 3.593

$l100.rmse
[1] 0.1566978

$l250.time
[1] 17.948

$l250.rmse
[1] 0.1248966

$l500.time
[1] 95.594

$l500.rmse
[1] 0.1101168

$o25_i.ptime
[1] 0.099

$o25_i.time
[1] 0.173

$o25_i.rmse
[1] 0.6534438

$o50_i.ptime
[1] 0.069

$o50_i.time
[1] 0.392

$o50_i.rmse
[1] 0.5440527

$o100_i.ptime
[1] 0.102

$o100_i.time
[1] 0.123

$o100_i.rmse
[1] 0.4611053

$o250_i.ptime
[1] 0.288

$o250_i.time
[1] 0.12

$o250_i.rmse
[1] 0.332628

$o500_i.ptime
[1] 0.843

$o500_i.time
[1] 0.127

$o500_i.rmse
[1] 0.2522093

$o25_d.ptime
[1] 0.115

$o25_d.time
[1] 0.381

$o25_d.rmse
[1] 0.5102924

$o50_d.ptime
[1] 0.044

$o50_d.time
[1] 0.525

$o50_d.rmse
[1] 0.4068397

$o100_d.ptime
[1] 0.019

$o100_d.time
[1] 1.107

$o100_d.rmse
[1] 0.3467379

$o250_d.ptime
[1] 0.015

$o250_d.time
[1] 4.581

$o250_d.rmse
[1] 0.2229173

$o500_d.ptime
[1] 0.079

$o500_d.time
[1] 19.091

$o500_d.rmse
[1] 0.1666806

$c25_i.ptime
[1] 0.395

$c25_i.time
[1] 0.238

$c25_i.rmse
[1] 0.4006293

$c50_i.ptime
[1] 0.291

$c50_i.time
[1] 0.162

$c50_i.rmse
[1] 0.3371007

$c100_i.ptime
[1] 0.312

$c100_i.time
[1] 0.148

$c100_i.rmse
[1] 0.2813761

$c250_i.ptime
[1] 0.423

$c250_i.time
[1] 0.145

$c250_i.rmse
[1] 0.2160865

$c500_i.ptime
[1] 0.958

$c500_i.time
[1] 0.15

$c500_i.rmse
[1] 0.1824917

$c25_d.ptime
[1] 0.459

$c25_d.time
[1] 0.579

$c25_d.rmse
[1] 0.3156158

$c50_d.ptime
[1] 0.209

$c50_d.time
[1] 0.693

$c50_d.rmse
[1] 0.2589638

$c100_d.ptime
[1] 0.166

$c100_d.time
[1] 1.228

$c100_d.rmse
[1] 0.2135217

$c250_d.ptime
[1] 0.143

$c250_d.time
[1] 4.611

$c250_d.rmse
[1] 0.1676213

$c500_d.ptime
[1] 0.139

$c500_d.time
[1] 20.235

$c500_d.rmse
[1] 0.1364814

$s25.ptime
[1] 0.117

$s25.time
[1] 0.001

$s25.rmse
[1] 0.7376467

$s50.ptime
[1] 0.225

$s50.time
[1] 0.002

$s50.rmse
[1] 0.5941354

$s100.ptime
[1] 0.247

$s100.time
[1] 0.003

$s100.rmse
[1] 0.4992667

$s250.ptime
[1] 0.434

$s250.time
[1] 0.009

$s250.rmse
[1] 0.3500452

$s500.ptime
[1] 0.76

$s500.time
[1] 0.017

$s500.rmse
[1] 0.2626296

$s1000.ptime
[1] 1.835

$s1000.time
[1] 0.033

$s1000.rmse
[1] 0.1787102

$s2500.ptime
[1] 21.125

$s2500.time
[1] 0.092

$s2500.rmse
[1] 0.1147852

        seed            p    full.time    full.rmse     l25.time     l25.rmse 
    2222.000       10.000        0.046        0.076        2.064        0.226 
    l50.time     l50.rmse    l100.time    l100.rmse    l250.time    l250.rmse 
       2.253        0.191        3.593        0.157       17.948        0.125 
   l500.time    l500.rmse  o25_i.ptime   o25_i.time   o25_i.rmse  o50_i.ptime 
      95.594        0.110        0.099        0.173        0.653        0.069 
  o50_i.time   o50_i.rmse o100_i.ptime  o100_i.time  o100_i.rmse o250_i.ptime 
       0.392        0.544        0.102        0.123        0.461        0.288 
 o250_i.time  o250_i.rmse o500_i.ptime  o500_i.time  o500_i.rmse  o25_d.ptime 
       0.120        0.333        0.843        0.127        0.252        0.115 
  o25_d.time   o25_d.rmse  o50_d.ptime   o50_d.time   o50_d.rmse o100_d.ptime 
       0.381        0.510        0.044        0.525        0.407        0.019 
 o100_d.time  o100_d.rmse o250_d.ptime  o250_d.time  o250_d.rmse o500_d.ptime 
       1.107        0.347        0.015        4.581        0.223        0.079 
 o500_d.time  o500_d.rmse  c25_i.ptime   c25_i.time   c25_i.rmse  c50_i.ptime 
      19.091        0.167        0.395        0.238        0.401        0.291 
  c50_i.time   c50_i.rmse c100_i.ptime  c100_i.time  c100_i.rmse c250_i.ptime 
       0.162        0.337        0.312        0.148        0.281        0.423 
 c250_i.time  c250_i.rmse c500_i.ptime  c500_i.time  c500_i.rmse  c25_d.ptime 
       0.145        0.216        0.958        0.150        0.182        0.459 
  c25_d.time   c25_d.rmse  c50_d.ptime   c50_d.time   c50_d.rmse c100_d.ptime 
       0.579        0.316        0.209        0.693        0.259        0.166 
 c100_d.time  c100_d.rmse c250_d.ptime  c250_d.time  c250_d.rmse c500_d.ptime 
       1.228        0.214        0.143        4.611        0.168        0.139 
 c500_d.time  c500_d.rmse    s25.ptime     s25.time     s25.rmse    s50.ptime 
      20.235        0.136        0.117        0.001        0.738        0.225 
    s50.time     s50.rmse   s100.ptime    s100.time    s100.rmse   s250.ptime 
       0.002        0.594        0.247        0.003        0.499        0.434 
   s250.time    s250.rmse   s500.ptime    s500.time    s500.rmse  s1000.ptime 
       0.009        0.350        0.760        0.017        0.263        1.835 
  s1000.time   s1000.rmse  s2500.ptime   s2500.time   s2500.rmse 
       0.033        0.179       21.125        0.092        0.115 
[1] 0.9533542
$full.time
[1] 0.045

$full.rmse
[1] 0.07888908

$full.time
[1] 0.045

$full.rmse
[1] 0.07888908

$l25.time
[1] 2.019

$l25.rmse
[1] 0.2329288

$l50.time
[1] 2.211

$l50.rmse
[1] 0.1963088

$l100.time
[1] 3.38

$l100.rmse
[1] 0.1523818

$l250.time
[1] 17.994

$l250.rmse
[1] 0.1183636

$l500.time
[1] 96.656

$l500.rmse
[1] 0.1048323

$o25_i.ptime
[1] 0.106

$o25_i.time
[1] 0.181

$o25_i.rmse
[1] 0.6188559

$o50_i.ptime
[1] 0.079

$o50_i.time
[1] 0.141

$o50_i.rmse
[1] 0.528452

$o100_i.ptime
[1] 0.106

$o100_i.time
[1] 0.127

$o100_i.rmse
[1] 0.4322225

$o250_i.ptime
[1] 0.3

$o250_i.time
[1] 0.118

$o250_i.rmse
[1] 0.3068289

$o500_i.ptime
[1] 0.864

$o500_i.time
[1] 0.125

$o500_i.rmse
[1] 0.2371677

$o25_d.ptime
[1] 0.119

$o25_d.time
[1] 0.402

$o25_d.rmse
[1] 0.4912191

$o50_d.ptime
[1] 0.039

$o50_d.time
[1] 0.621

$o50_d.rmse
[1] 0.4063651

$o100_d.ptime
[1] 0.021

$o100_d.time
[1] 1.193

$o100_d.rmse
[1] 0.3333061

$o250_d.ptime
[1] 0.014

$o250_d.time
[1] 4.571

$o250_d.rmse
[1] 0.2083047

$o500_d.ptime
[1] 0.023

$o500_d.time
[1] 17.643

$o500_d.rmse
[1] 0.1615707

$c25_i.ptime
[1] 0.431

$c25_i.time
[1] 0.185

$c25_i.rmse
[1] 0.4086019

$c50_i.ptime
[1] 0.267

$c50_i.time
[1] 0.154

$c50_i.rmse
[1] 0.3300004

$c100_i.ptime
[1] 0.232

$c100_i.time
[1] 0.135

$c100_i.rmse
[1] 0.2893364

$c250_i.ptime
[1] 0.38

$c250_i.time
[1] 0.133

$c250_i.rmse
[1] 0.2042398

$c500_i.ptime
[1] 0.98

$c500_i.time
[1] 0.137

$c500_i.rmse
[1] 0.1678085

$c25_d.ptime
[1] 0.414

$c25_d.time
[1] 0.575

$c25_d.rmse
[1] 0.3232881

$c50_d.ptime
[1] 0.211

$c50_d.time
[1] 0.643

$c50_d.rmse
[1] 0.2578337

$c100_d.ptime
[1] 0.152

$c100_d.time
[1] 1.263

$c100_d.rmse
[1] 0.2149592

$c250_d.ptime
[1] 0.115

$c250_d.time
[1] 4.271

$c250_d.rmse
[1] 0.1636185

$c500_d.ptime
[1] 0.075

$c500_d.time
[1] 18.361

$c500_d.rmse
[1] 0.1383199

$s25.ptime
[1] 0.134

$s25.time
[1] 0.001

$s25.rmse
[1] 0.7548041

$s50.ptime
[1] 0.163

$s50.time
[1] 0.001

$s50.rmse
[1] 0.605182

$s100.ptime
[1] 0.248

$s100.time
[1] 0.002

$s100.rmse
[1] 0.5026409

$s250.ptime
[1] 0.466

$s250.time
[1] 0.006

$s250.rmse
[1] 0.3510765

$s500.ptime
[1] 0.661

$s500.time
[1] 0.014

$s500.rmse
[1] 0.2310269

$s1000.ptime
[1] 1.619

$s1000.time
[1] 0.034

$s1000.rmse
[1] 0.1721542

$s2500.ptime
[1] 14.979

$s2500.time
[1] 0.091

$s2500.rmse
[1] 0.1078903

        seed            p    full.time    full.rmse     l25.time     l25.rmse 
    2223.000       10.000        0.045        0.079        2.019        0.233 
    l50.time     l50.rmse    l100.time    l100.rmse    l250.time    l250.rmse 
       2.211        0.196        3.380        0.152       17.994        0.118 
   l500.time    l500.rmse  o25_i.ptime   o25_i.time   o25_i.rmse  o50_i.ptime 
      96.656        0.105        0.106        0.181        0.619        0.079 
  o50_i.time   o50_i.rmse o100_i.ptime  o100_i.time  o100_i.rmse o250_i.ptime 
       0.141        0.528        0.106        0.127        0.432        0.300 
 o250_i.time  o250_i.rmse o500_i.ptime  o500_i.time  o500_i.rmse  o25_d.ptime 
       0.118        0.307        0.864        0.125        0.237        0.119 
  o25_d.time   o25_d.rmse  o50_d.ptime   o50_d.time   o50_d.rmse o100_d.ptime 
       0.402        0.491        0.039        0.621        0.406        0.021 
 o100_d.time  o100_d.rmse o250_d.ptime  o250_d.time  o250_d.rmse o500_d.ptime 
       1.193        0.333        0.014        4.571        0.208        0.023 
 o500_d.time  o500_d.rmse  c25_i.ptime   c25_i.time   c25_i.rmse  c50_i.ptime 
      17.643        0.162        0.431        0.185        0.409        0.267 
  c50_i.time   c50_i.rmse c100_i.ptime  c100_i.time  c100_i.rmse c250_i.ptime 
       0.154        0.330        0.232        0.135        0.289        0.380 
 c250_i.time  c250_i.rmse c500_i.ptime  c500_i.time  c500_i.rmse  c25_d.ptime 
       0.133        0.204        0.980        0.137        0.168        0.414 
  c25_d.time   c25_d.rmse  c50_d.ptime   c50_d.time   c50_d.rmse c100_d.ptime 
       0.575        0.323        0.211        0.643        0.258        0.152 
 c100_d.time  c100_d.rmse c250_d.ptime  c250_d.time  c250_d.rmse c500_d.ptime 
       1.263        0.215        0.115        4.271        0.164        0.075 
 c500_d.time  c500_d.rmse    s25.ptime     s25.time     s25.rmse    s50.ptime 
      18.361        0.138        0.134        0.001        0.755        0.163 
    s50.time     s50.rmse   s100.ptime    s100.time    s100.rmse   s250.ptime 
       0.001        0.605        0.248        0.002        0.503        0.466 
   s250.time    s250.rmse   s500.ptime    s500.time    s500.rmse  s1000.ptime 
       0.006        0.351        0.661        0.014        0.231        1.619 
  s1000.time   s1000.rmse  s2500.ptime   s2500.time   s2500.rmse 
       0.034        0.172       14.979        0.091        0.108 
  seed  p full.time  full.rmse l25.time  l25.rmse l50.time  l50.rmse l100.time
1 2219 10     0.042 0.07382880    2.146 0.2111899    2.156 0.1792908     3.496
2 2220 10     0.038 0.07776573    1.856 0.2146712    2.197 0.1773691     3.588
3 2221 10     0.048 0.08065600    2.068 0.2128218    2.316 0.1832743     3.663
4 2222 10     0.046 0.07627302    2.064 0.2259578    2.253 0.1911776     3.593
5 2223 10     0.045 0.07888908    2.019 0.2329288    2.211 0.1963088     3.380
  l100.rmse l250.time l250.rmse l500.time  l500.rmse o25_i.ptime o25_i.time
1 0.1473951    18.063 0.1117031    96.708 0.09756647       0.111      0.175
2 0.1462522    17.789 0.1133874    97.231 0.09646236       0.111      0.179
3 0.1535465    18.511 0.1244454    97.395 0.10873364       0.108      0.188
4 0.1566978    17.948 0.1248966    95.594 0.11011685       0.099      0.173
5 0.1523818    17.994 0.1183636    96.656 0.10483232       0.106      0.181
  o25_i.rmse o50_i.ptime o50_i.time o50_i.rmse o100_i.ptime o100_i.time
1  0.5810769       0.075      0.137  0.5097045        0.104       0.125
2  0.5523144       0.075      0.136  0.5194880        0.101       0.121
3  0.6052107       0.075      0.150  0.5331850        0.112       0.136
4  0.6534438       0.069      0.392  0.5440527        0.102       0.123
5  0.6188559       0.079      0.141  0.5284520        0.106       0.127
  o100_i.rmse o250_i.ptime o250_i.time o250_i.rmse o500_i.ptime o500_i.time
1   0.4261326        0.303       0.118   0.3198703        0.859       0.126
2   0.4620017        0.312       0.118   0.3433119        0.853       0.119
3   0.4653411        0.311       0.131   0.3373722        0.867       0.407
4   0.4611053        0.288       0.120   0.3326280        0.843       0.127
5   0.4322225        0.300       0.118   0.3068289        0.864       0.125
  o500_i.rmse o25_d.ptime o25_d.time o25_d.rmse o50_d.ptime o50_d.time
1   0.2483523       0.121      0.409  0.4708416       0.039      0.638
2   0.2584359       0.116      0.580  0.4528679       0.037      0.512
3   0.2431474       0.127      0.432  0.4736093       0.040      0.601
4   0.2522093       0.115      0.381  0.5102924       0.044      0.525
5   0.2371677       0.119      0.402  0.4912191       0.039      0.621
  o50_d.rmse o100_d.ptime o100_d.time o100_d.rmse o250_d.ptime o250_d.time
1  0.3912151        0.020       1.100   0.3220326        0.015       4.592
2  0.4122858        0.019       1.053   0.3313799        0.014       4.160
3  0.4128882        0.025       1.177   0.3287793        0.015       4.556
4  0.4068397        0.019       1.107   0.3467379        0.015       4.581
5  0.4063651        0.021       1.193   0.3333061        0.014       4.571
  o250_d.rmse o500_d.ptime o500_d.time o500_d.rmse c25_i.ptime c25_i.time
1   0.2274685        0.018      17.948   0.1621038       0.430      0.189
2   0.2252511        0.017      17.560   0.1580798       0.485      0.174
3   0.2303006        0.018      19.517   0.1718914       0.498      0.200
4   0.2229173        0.079      19.091   0.1666806       0.395      0.238
5   0.2083047        0.023      17.643   0.1615707       0.431      0.185
  c25_i.rmse c50_i.ptime c50_i.time c50_i.rmse c100_i.ptime c100_i.time
1  0.3673982       0.281      0.152  0.3072254        0.257       0.138
2  0.3677932       0.314      0.143  0.3149260        0.313       0.132
3  0.3797222       0.381      0.271  0.3180358        0.228       0.135
4  0.4006293       0.291      0.162  0.3371007        0.312       0.148
5  0.4086019       0.267      0.154  0.3300004        0.232       0.135
  c100_i.rmse c250_i.ptime c250_i.time c250_i.rmse c500_i.ptime c500_i.time
1   0.2543884        0.415       0.138   0.2001601        1.030       0.147
2   0.2523581        0.436       0.126   0.2147000        0.949       0.145
3   0.2767060        0.474       0.129   0.2117351        0.953       0.149
4   0.2813761        0.423       0.145   0.2160865        0.958       0.150
5   0.2893364        0.380       0.133   0.2042398        0.980       0.137
  c500_i.rmse c25_d.ptime c25_d.time c25_d.rmse c50_d.ptime c50_d.time
1   0.1742662       0.441      0.595  0.3009539       0.275      0.674
2   0.1710639       0.478      0.564  0.3059687       0.280      0.649
3   0.1761454       0.468      0.551  0.3059577       0.337      0.672
4   0.1824917       0.459      0.579  0.3156158       0.209      0.693
5   0.1678085       0.414      0.575  0.3232881       0.211      0.643
  c50_d.rmse c100_d.ptime c100_d.time c100_d.rmse c250_d.ptime c250_d.time
1  0.2418554        0.199       1.245   0.1909658        0.120       4.472
2  0.2551081        0.189       1.241   0.2105060        0.125       4.542
3  0.2529904        0.174       1.201   0.2251893        0.099       4.477
4  0.2589638        0.166       1.228   0.2135217        0.143       4.611
5  0.2578337        0.152       1.263   0.2149592        0.115       4.271
  c250_d.rmse c500_d.ptime c500_d.time c500_d.rmse s25.ptime s25.time  s25.rmse
1   0.1589182        0.121      18.365   0.1275009     0.105    0.001 0.6226428
2   0.1658348        0.118      17.623   0.1273520     0.124    0.001 0.5904171
3   0.1693064        0.063      19.971   0.1298456     0.171    0.001 0.7447257
4   0.1676213        0.139      20.235   0.1364814     0.117    0.001 0.7376467
5   0.1636185        0.075      18.361   0.1383199     0.134    0.001 0.7548041
  s50.ptime s50.time  s50.rmse s100.ptime s100.time s100.rmse s250.ptime
1     0.188    0.001 0.5611921      0.214     0.003 0.4458355      0.399
2     0.131    0.001 0.5815468      0.242     0.002 0.4767688      0.541
3     0.209    0.001 0.5951828      0.353     0.004 0.5223123      0.443
4     0.225    0.002 0.5941354      0.247     0.003 0.4992667      0.434
5     0.163    0.001 0.6051820      0.248     0.002 0.5026409      0.466
  s250.time s250.rmse s500.ptime s500.time s500.rmse s1000.ptime s1000.time
1     0.006 0.2995345      0.715     0.013 0.2354864       1.734      0.027
2     0.007 0.3592291      0.832     0.014 0.2512949       1.768      0.028
3     0.007 0.3253504      0.693     0.013 0.2459003       1.763      0.037
4     0.009 0.3500452      0.760     0.017 0.2626296       1.835      0.033
5     0.006 0.3510765      0.661     0.014 0.2310269       1.619      0.034
  s1000.rmse s2500.ptime s2500.time s2500.rmse
1  0.1721899      18.201      0.067  0.1022702
2  0.1828678      14.732      0.068  0.1054440
3  0.1837535      27.624      0.096  0.1105184
4  0.1787102      21.125      0.092  0.1147852
5  0.1721542      14.979      0.091  0.1078903
> 
> proc.time()
    user   system  elapsed 
1240.503   17.171 1279.709 
