
R version 3.0.3 (2014-03-06) -- "Warm Puppy"
Copyright (C) 2014 The R Foundation for Statistical Computing
Platform: x86_64-unknown-linux-gnu (64-bit)

R is free software and comes with ABSOLUTELY NO WARRANTY.
You are welcome to redistribute it under certain conditions.
Type 'license()' or 'licence()' for distribution details.

  Natural language support but running in an English locale

R is a collaborative project with many contributors.
Type 'contributors()' for more information and
'citation()' on how to cite R or R packages in publications.

Type 'demo()' for some demos, 'help()' for on-line help, or
'help.start()' for an HTML browser interface to help.
Type 'q()' to quit R.

> print(.libPaths())
[1] "/usr/local/r-3.0.3/lib64/R/library"
> .libPaths("/mnt/home/rjparker/Rlib")
> print(.libPaths())
[1] "/mnt/home/rjparker/Rlib"            "/usr/local/r-3.0.3/lib64/R/library"
> setwd("/mnt/home/rjparker/git/block_int")
> 
> which_exp <- 4
> which_part <- 10
> source("R/sim_nblocks_pred.R")
Loading required package: spam
Loading required package: grid
Spam version 0.41-0 (2014-02-26) is loaded.
Type 'help( Spam)' or 'demo( spam)' for a short introduction 
and overview of this package.
Help for individual functions is also obtained by adding the
suffix '.spam' to the function name, e.g. 'help( chol.spam)'.

Attaching package: ‘spam’

The following objects are masked from ‘package:base’:

    backsolve, forwardsolve

Loading required package: maps
  pred  p b tau Nper_p Npred Fzero sigma2
4 TRUE 10 4  10   5000  1000     0      1
[1] 0.7177706
$full.time
[1] 0.038

$full.rmse
[1] 0.0445534

$full.time
[1] 0.038

$full.rmse
[1] 0.0445534

$l25.time
[1] 2.282

$l25.rmse
[1] 0.1122175

$l50.time
[1] 2.384

$l50.rmse
[1] 0.08963816

$l100.time
[1] 4.012

$l100.rmse
[1] 0.07021178

$l250.time
[1] 20.418

$l250.rmse
[1] 0.05605853

$l500.time
[1] 104.45

$l500.rmse
[1] 0.05149449

$o25_i.ptime
[1] 0.12

$o25_i.time
[1] 0.186

$o25_i.rmse
[1] 0.4287509

$o50_i.ptime
[1] 0.089

$o50_i.time
[1] 0.147

$o50_i.rmse
[1] 0.3670558

$o100_i.ptime
[1] 0.116

$o100_i.time
[1] 0.132

$o100_i.rmse
[1] 0.2600763

$o250_i.ptime
[1] 0.326

$o250_i.time
[1] 0.129

$o250_i.rmse
[1] 0.1846932

$o500_i.ptime
[1] 0.902

$o500_i.time
[1] 0.131

$o500_i.rmse
[1] 0.1162393

$o25_d.ptime
[1] 0.127

$o25_d.time
[1] 0.382

$o25_d.rmse
[1] 0.3338647

$o50_d.ptime
[1] 0.042

$o50_d.time
[1] 0.688

$o50_d.rmse
[1] 0.237947

$o100_d.ptime
[1] 0.022

$o100_d.time
[1] 1.021

$o100_d.rmse
[1] 0.18553

$o250_d.ptime
[1] 0.016

$o250_d.time
[1] 4.328

$o250_d.rmse
[1] 0.1074099

$o500_d.ptime
[1] 0.019

$o500_d.time
[1] 21.952

$o500_d.rmse
[1] 0.07455865

$c25_i.ptime
[1] 0.418

$c25_i.time
[1] 0.203

$c25_i.rmse
[1] 0.2550258

$c50_i.ptime
[1] 0.289

$c50_i.time
[1] 0.168

$c50_i.rmse
[1] 0.1886167

$c100_i.ptime
[1] 0.307

$c100_i.time
[1] 0.153

$c100_i.rmse
[1] 0.1555763

$c250_i.ptime
[1] 0.463

$c250_i.time
[1] 0.15

$c250_i.rmse
[1] 0.1110817

$c500_i.ptime
[1] 0.987

$c500_i.time
[1] 0.169

$c500_i.rmse
[1] 0.09633333

$c25_d.ptime
[1] 0.468

$c25_d.time
[1] 0.642

$c25_d.rmse
[1] 0.1981095

$c50_d.ptime
[1] 0.241

$c50_d.time
[1] 0.757

$c50_d.rmse
[1] 0.1487276

$c100_d.ptime
[1] 0.176

$c100_d.time
[1] 1.372

$c100_d.rmse
[1] 0.1341677

$c250_d.ptime
[1] 0.094

$c250_d.time
[1] 4.723

$c250_d.rmse
[1] 0.09353308

$c500_d.ptime
[1] 0.143

$c500_d.time
[1] 20.499

$c500_d.rmse
[1] 0.07182217

$s25.ptime
[1] 0.136

$s25.time
[1] 0.001

$s25.rmse
[1] 0.4581126

$s50.ptime
[1] 0.186

$s50.time
[1] 0.002

$s50.rmse
[1] 0.4373483

$s100.ptime
[1] 0.236

$s100.time
[1] 0.003

$s100.rmse
[1] 0.342515

$s250.ptime
[1] 0.441

$s250.time
[1] 0.008

$s250.rmse
[1] 0.207778

$s500.ptime
[1] 0.744

$s500.time
[1] 0.015

$s500.rmse
[1] 0.130418

$s1000.ptime
[1] 1.832

$s1000.time
[1] 0.03

$s1000.rmse
[1] 0.08326496

$s2500.ptime
[1] 17.873

$s2500.time
[1] 0.08

$s2500.rmse
[1] 0.05359774

        seed            p    full.time    full.rmse     l25.time     l25.rmse 
    2329.000       10.000        0.038        0.045        2.282        0.112 
    l50.time     l50.rmse    l100.time    l100.rmse    l250.time    l250.rmse 
       2.384        0.090        4.012        0.070       20.418        0.056 
   l500.time    l500.rmse  o25_i.ptime   o25_i.time   o25_i.rmse  o50_i.ptime 
     104.450        0.051        0.120        0.186        0.429        0.089 
  o50_i.time   o50_i.rmse o100_i.ptime  o100_i.time  o100_i.rmse o250_i.ptime 
       0.147        0.367        0.116        0.132        0.260        0.326 
 o250_i.time  o250_i.rmse o500_i.ptime  o500_i.time  o500_i.rmse  o25_d.ptime 
       0.129        0.185        0.902        0.131        0.116        0.127 
  o25_d.time   o25_d.rmse  o50_d.ptime   o50_d.time   o50_d.rmse o100_d.ptime 
       0.382        0.334        0.042        0.688        0.238        0.022 
 o100_d.time  o100_d.rmse o250_d.ptime  o250_d.time  o250_d.rmse o500_d.ptime 
       1.021        0.186        0.016        4.328        0.107        0.019 
 o500_d.time  o500_d.rmse  c25_i.ptime   c25_i.time   c25_i.rmse  c50_i.ptime 
      21.952        0.075        0.418        0.203        0.255        0.289 
  c50_i.time   c50_i.rmse c100_i.ptime  c100_i.time  c100_i.rmse c250_i.ptime 
       0.168        0.189        0.307        0.153        0.156        0.463 
 c250_i.time  c250_i.rmse c500_i.ptime  c500_i.time  c500_i.rmse  c25_d.ptime 
       0.150        0.111        0.987        0.169        0.096        0.468 
  c25_d.time   c25_d.rmse  c50_d.ptime   c50_d.time   c50_d.rmse c100_d.ptime 
       0.642        0.198        0.241        0.757        0.149        0.176 
 c100_d.time  c100_d.rmse c250_d.ptime  c250_d.time  c250_d.rmse c500_d.ptime 
       1.372        0.134        0.094        4.723        0.094        0.143 
 c500_d.time  c500_d.rmse    s25.ptime     s25.time     s25.rmse    s50.ptime 
      20.499        0.072        0.136        0.001        0.458        0.186 
    s50.time     s50.rmse   s100.ptime    s100.time    s100.rmse   s250.ptime 
       0.002        0.437        0.236        0.003        0.343        0.441 
   s250.time    s250.rmse   s500.ptime    s500.time    s500.rmse  s1000.ptime 
       0.008        0.208        0.744        0.015        0.130        1.832 
  s1000.time   s1000.rmse  s2500.ptime   s2500.time   s2500.rmse 
       0.030        0.083       17.873        0.080        0.054 
[1] 0.7187595
$full.time
[1] 0.042

$full.rmse
[1] 0.04583131

$full.time
[1] 0.042

$full.rmse
[1] 0.04583131

$l25.time
[1] 2.334

$l25.rmse
[1] 0.1151143

$l50.time
[1] 2.544

$l50.rmse
[1] 0.08785091

$l100.time
[1] 4.237

$l100.rmse
[1] 0.06985485

$l250.time
[1] 20.424

$l250.rmse
[1] 0.05727974

$l500.time
[1] 102.795

$l500.rmse
[1] 0.0521772

$o25_i.ptime
[1] 0.122

$o25_i.time
[1] 0.196

$o25_i.rmse
[1] 0.4362396

$o50_i.ptime
[1] 0.081

$o50_i.time
[1] 0.151

$o50_i.rmse
[1] 0.3491201

$o100_i.ptime
[1] 0.118

$o100_i.time
[1] 0.136

$o100_i.rmse
[1] 0.2685453

$o250_i.ptime
[1] 0.327

$o250_i.time
[1] 0.13

$o250_i.rmse
[1] 0.1774394

$o500_i.ptime
[1] 0.912

$o500_i.time
[1] 0.14

$o500_i.rmse
[1] 0.1293293

$o25_d.ptime
[1] 0.123

$o25_d.time
[1] 0.397

$o25_d.rmse
[1] 0.3105887

$o50_d.ptime
[1] 0.312

$o50_d.time
[1] 0.511

$o50_d.rmse
[1] 0.2179723

$o100_d.ptime
[1] 0.023

$o100_d.time
[1] 1.19

$o100_d.rmse
[1] 0.164252

$o250_d.ptime
[1] 0.016

$o250_d.time
[1] 4.258

$o250_d.rmse
[1] 0.1076888

$o500_d.ptime
[1] 0.055

$o500_d.time
[1] 21.236

$o500_d.rmse
[1] 0.07804899

$c25_i.ptime
[1] 0.531

$c25_i.time
[1] 0.223

$c25_i.rmse
[1] 0.2630627

$c50_i.ptime
[1] 0.31

$c50_i.time
[1] 0.173

$c50_i.rmse
[1] 0.2151404

$c100_i.ptime
[1] 0.301

$c100_i.time
[1] 0.154

$c100_i.rmse
[1] 0.1678552

$c250_i.ptime
[1] 0.448

$c250_i.time
[1] 0.151

$c250_i.rmse
[1] 0.1230389

$c500_i.ptime
[1] 1.053

$c500_i.time
[1] 0.163

$c500_i.rmse
[1] 0.08841896

$c25_d.ptime
[1] 0.473

$c25_d.time
[1] 0.723

$c25_d.rmse
[1] 0.1894229

$c50_d.ptime
[1] 0.287

$c50_d.time
[1] 0.807

$c50_d.rmse
[1] 0.1563773

$c100_d.ptime
[1] 0.197

$c100_d.time
[1] 1.387

$c100_d.rmse
[1] 0.1269122

$c250_d.ptime
[1] 0.147

$c250_d.time
[1] 4.947

$c250_d.rmse
[1] 0.08146955

$c500_d.ptime
[1] 0.225

$c500_d.time
[1] 21.451

$c500_d.rmse
[1] 0.06870459

$s25.ptime
[1] 0.097

$s25.time
[1] 0.001

$s25.rmse
[1] 0.4852234

$s50.ptime
[1] 0.154

$s50.time
[1] 0.002

$s50.rmse
[1] 0.4195559

$s100.ptime
[1] 0.216

$s100.time
[1] 0.004

$s100.rmse
[1] 0.2961706

$s250.ptime
[1] 0.606

$s250.time
[1] 0.008

$s250.rmse
[1] 0.1759747

$s500.ptime
[1] 0.822

$s500.time
[1] 0.017

$s500.rmse
[1] 0.1402366

$s1000.ptime
[1] 1.865

$s1000.time
[1] 0.033

$s1000.rmse
[1] 0.08394165

$s2500.ptime
[1] 18.549

$s2500.time
[1] 0.086

$s2500.rmse
[1] 0.0525761

        seed            p    full.time    full.rmse     l25.time     l25.rmse 
    2330.000       10.000        0.042        0.046        2.334        0.115 
    l50.time     l50.rmse    l100.time    l100.rmse    l250.time    l250.rmse 
       2.544        0.088        4.237        0.070       20.424        0.057 
   l500.time    l500.rmse  o25_i.ptime   o25_i.time   o25_i.rmse  o50_i.ptime 
     102.795        0.052        0.122        0.196        0.436        0.081 
  o50_i.time   o50_i.rmse o100_i.ptime  o100_i.time  o100_i.rmse o250_i.ptime 
       0.151        0.349        0.118        0.136        0.269        0.327 
 o250_i.time  o250_i.rmse o500_i.ptime  o500_i.time  o500_i.rmse  o25_d.ptime 
       0.130        0.177        0.912        0.140        0.129        0.123 
  o25_d.time   o25_d.rmse  o50_d.ptime   o50_d.time   o50_d.rmse o100_d.ptime 
       0.397        0.311        0.312        0.511        0.218        0.023 
 o100_d.time  o100_d.rmse o250_d.ptime  o250_d.time  o250_d.rmse o500_d.ptime 
       1.190        0.164        0.016        4.258        0.108        0.055 
 o500_d.time  o500_d.rmse  c25_i.ptime   c25_i.time   c25_i.rmse  c50_i.ptime 
      21.236        0.078        0.531        0.223        0.263        0.310 
  c50_i.time   c50_i.rmse c100_i.ptime  c100_i.time  c100_i.rmse c250_i.ptime 
       0.173        0.215        0.301        0.154        0.168        0.448 
 c250_i.time  c250_i.rmse c500_i.ptime  c500_i.time  c500_i.rmse  c25_d.ptime 
       0.151        0.123        1.053        0.163        0.088        0.473 
  c25_d.time   c25_d.rmse  c50_d.ptime   c50_d.time   c50_d.rmse c100_d.ptime 
       0.723        0.189        0.287        0.807        0.156        0.197 
 c100_d.time  c100_d.rmse c250_d.ptime  c250_d.time  c250_d.rmse c500_d.ptime 
       1.387        0.127        0.147        4.947        0.081        0.225 
 c500_d.time  c500_d.rmse    s25.ptime     s25.time     s25.rmse    s50.ptime 
      21.451        0.069        0.097        0.001        0.485        0.154 
    s50.time     s50.rmse   s100.ptime    s100.time    s100.rmse   s250.ptime 
       0.002        0.420        0.216        0.004        0.296        0.606 
   s250.time    s250.rmse   s500.ptime    s500.time    s500.rmse  s1000.ptime 
       0.008        0.176        0.822        0.017        0.140        1.865 
  s1000.time   s1000.rmse  s2500.ptime   s2500.time   s2500.rmse 
       0.033        0.084       18.549        0.086        0.053 
[1] 0.7965698
$full.time
[1] 0.043

$full.rmse
[1] 0.04632346

$full.time
[1] 0.043

$full.rmse
[1] 0.04632346

$l25.time
[1] 2.421

$l25.rmse
[1] 0.1048991

$l50.time
[1] 2.631

$l50.rmse
[1] 0.08574847

$l100.time
[1] 4.513

$l100.rmse
[1] 0.06840859

$l250.time
[1] 22.044

$l250.rmse
[1] 0.05716692

$l500.time
[1] 102.064

$l500.rmse
[1] 0.05225806

$o25_i.ptime
[1] 0.114

$o25_i.time
[1] 0.2

$o25_i.rmse
[1] 0.4407983

$o50_i.ptime
[1] 0.085

$o50_i.time
[1] 0.156

$o50_i.rmse
[1] 0.3946406

$o100_i.ptime
[1] 0.115

$o100_i.time
[1] 0.14

$o100_i.rmse
[1] 0.2740333

$o250_i.ptime
[1] 0.309

$o250_i.time
[1] 0.137

$o250_i.rmse
[1] 0.1862237

$o500_i.ptime
[1] 0.861

$o500_i.time
[1] 0.142

$o500_i.rmse
[1] 0.1228675

$o25_d.ptime
[1] 0.131

$o25_d.time
[1] 0.522

$o25_d.rmse
[1] 0.3137304

$o50_d.ptime
[1] 0.042

$o50_d.time
[1] 0.503

$o50_d.rmse
[1] 0.2325088

$o100_d.ptime
[1] 0.022

$o100_d.time
[1] 1.006

$o100_d.rmse
[1] 0.161898

$o250_d.ptime
[1] 0.016

$o250_d.time
[1] 3.625

$o250_d.rmse
[1] 0.106644

$o500_d.ptime
[1] 0.02

$o500_d.time
[1] 18.559

$o500_d.rmse
[1] 0.07834404

$c25_i.ptime
[1] 0.477

$c25_i.time
[1] 0.225

$c25_i.rmse
[1] 0.2594472

$c50_i.ptime
[1] 0.314

$c50_i.time
[1] 0.179

$c50_i.rmse
[1] 0.2048078

$c100_i.ptime
[1] 0.324

$c100_i.time
[1] 0.16

$c100_i.rmse
[1] 0.1563408

$c250_i.ptime
[1] 0.41

$c250_i.time
[1] 0.352

$c250_i.rmse
[1] 0.1177862

$c500_i.ptime
[1] 0.983

$c500_i.time
[1] 0.145

$c500_i.rmse
[1] 0.08809487

$c25_d.ptime
[1] 0.516

$c25_d.time
[1] 0.59

$c25_d.rmse
[1] 0.1876045

$c50_d.ptime
[1] 0.239

$c50_d.time
[1] 0.712

$c50_d.rmse
[1] 0.1535674

$c100_d.ptime
[1] 0.143

$c100_d.time
[1] 1.3

$c100_d.rmse
[1] 0.1218714

$c250_d.ptime
[1] 0.113

$c250_d.time
[1] 4.726

$c250_d.rmse
[1] 0.08763088

$c500_d.ptime
[1] 0.147

$c500_d.time
[1] 19.806

$c500_d.rmse
[1] 0.06783234

$s25.ptime
[1] 0.095

$s25.time
[1] 0.001

$s25.rmse
[1] 0.5875493

$s50.ptime
[1] 0.172

$s50.time
[1] 0.002

$s50.rmse
[1] 0.4249177

$s100.ptime
[1] 0.285

$s100.time
[1] 0.003

$s100.rmse
[1] 0.3114308

$s250.ptime
[1] 0.477

$s250.time
[1] 0.007

$s250.rmse
[1] 0.1799517

$s500.ptime
[1] 0.808

$s500.time
[1] 0.018

$s500.rmse
[1] 0.1294009

$s1000.ptime
[1] 1.815

$s1000.time
[1] 0.028

$s1000.rmse
[1] 0.08375089

$s2500.ptime
[1] 16.362

$s2500.time
[1] 0.082

$s2500.rmse
[1] 0.05452573

        seed            p    full.time    full.rmse     l25.time     l25.rmse 
    2331.000       10.000        0.043        0.046        2.421        0.105 
    l50.time     l50.rmse    l100.time    l100.rmse    l250.time    l250.rmse 
       2.631        0.086        4.513        0.068       22.044        0.057 
   l500.time    l500.rmse  o25_i.ptime   o25_i.time   o25_i.rmse  o50_i.ptime 
     102.064        0.052        0.114        0.200        0.441        0.085 
  o50_i.time   o50_i.rmse o100_i.ptime  o100_i.time  o100_i.rmse o250_i.ptime 
       0.156        0.395        0.115        0.140        0.274        0.309 
 o250_i.time  o250_i.rmse o500_i.ptime  o500_i.time  o500_i.rmse  o25_d.ptime 
       0.137        0.186        0.861        0.142        0.123        0.131 
  o25_d.time   o25_d.rmse  o50_d.ptime   o50_d.time   o50_d.rmse o100_d.ptime 
       0.522        0.314        0.042        0.503        0.233        0.022 
 o100_d.time  o100_d.rmse o250_d.ptime  o250_d.time  o250_d.rmse o500_d.ptime 
       1.006        0.162        0.016        3.625        0.107        0.020 
 o500_d.time  o500_d.rmse  c25_i.ptime   c25_i.time   c25_i.rmse  c50_i.ptime 
      18.559        0.078        0.477        0.225        0.259        0.314 
  c50_i.time   c50_i.rmse c100_i.ptime  c100_i.time  c100_i.rmse c250_i.ptime 
       0.179        0.205        0.324        0.160        0.156        0.410 
 c250_i.time  c250_i.rmse c500_i.ptime  c500_i.time  c500_i.rmse  c25_d.ptime 
       0.352        0.118        0.983        0.145        0.088        0.516 
  c25_d.time   c25_d.rmse  c50_d.ptime   c50_d.time   c50_d.rmse c100_d.ptime 
       0.590        0.188        0.239        0.712        0.154        0.143 
 c100_d.time  c100_d.rmse c250_d.ptime  c250_d.time  c250_d.rmse c500_d.ptime 
       1.300        0.122        0.113        4.726        0.088        0.147 
 c500_d.time  c500_d.rmse    s25.ptime     s25.time     s25.rmse    s50.ptime 
      19.806        0.068        0.095        0.001        0.588        0.172 
    s50.time     s50.rmse   s100.ptime    s100.time    s100.rmse   s250.ptime 
       0.002        0.425        0.285        0.003        0.311        0.477 
   s250.time    s250.rmse   s500.ptime    s500.time    s500.rmse  s1000.ptime 
       0.007        0.180        0.808        0.018        0.129        1.815 
  s1000.time   s1000.rmse  s2500.ptime   s2500.time   s2500.rmse 
       0.028        0.084       16.362        0.082        0.055 
[1] 0.8611228
$full.time
[1] 0.04

$full.rmse
[1] 0.04186281

$full.time
[1] 0.04

$full.rmse
[1] 0.04186281

$l25.time
[1] 2.289

$l25.rmse
[1] 0.1143065

$l50.time
[1] 2.601

$l50.rmse
[1] 0.08800484

$l100.time
[1] 4.188

$l100.rmse
[1] 0.06766982

$l250.time
[1] 20.017

$l250.rmse
[1] 0.0541982

$l500.time
[1] 104.996

$l500.rmse
[1] 0.04893632

$o25_i.ptime
[1] 0.119

$o25_i.time
[1] 0.21

$o25_i.rmse
[1] 0.4269203

$o50_i.ptime
[1] 0.084

$o50_i.time
[1] 0.167

$o50_i.rmse
[1] 0.3386336

$o100_i.ptime
[1] 0.131

$o100_i.time
[1] 0.148

$o100_i.rmse
[1] 0.2677443

$o250_i.ptime
[1] 0.336

$o250_i.time
[1] 0.38

$o250_i.rmse
[1] 0.1678363

$o500_i.ptime
[1] 0.925

$o500_i.time
[1] 0.155

$o500_i.rmse
[1] 0.1210444

$o25_d.ptime
[1] 0.137

$o25_d.time
[1] 0.421

$o25_d.rmse
[1] 0.2967373

$o50_d.ptime
[1] 0.045

$o50_d.time
[1] 0.564

$o50_d.rmse
[1] 0.2301039

$o100_d.ptime
[1] 0.023

$o100_d.time
[1] 1.018

$o100_d.rmse
[1] 0.1737747

$o250_d.ptime
[1] 0.017

$o250_d.time
[1] 5.078

$o250_d.rmse
[1] 0.1007225

$o500_d.ptime
[1] 0.02

$o500_d.time
[1] 18.809

$o500_d.rmse
[1] 0.07427068

$c25_i.ptime
[1] 0.444

$c25_i.time
[1] 0.231

$c25_i.rmse
[1] 0.2620413

$c50_i.ptime
[1] 0.386

$c50_i.time
[1] 0.197

$c50_i.rmse
[1] 0.1970969

$c100_i.ptime
[1] 0.284

$c100_i.time
[1] 0.168

$c100_i.rmse
[1] 0.14991

$c250_i.ptime
[1] 0.425

$c250_i.time
[1] 0.162

$c250_i.rmse
[1] 0.1205722

$c500_i.ptime
[1] 0.976

$c500_i.time
[1] 0.171

$c500_i.rmse
[1] 0.08942114

$c25_d.ptime
[1] 0.479

$c25_d.time
[1] 0.672

$c25_d.rmse
[1] 0.1916428

$c50_d.ptime
[1] 0.334

$c50_d.time
[1] 0.813

$c50_d.rmse
[1] 0.1525553

$c100_d.ptime
[1] 0.182

$c100_d.time
[1] 1.377

$c100_d.rmse
[1] 0.1134033

$c250_d.ptime
[1] 0.1

$c250_d.time
[1] 4.879

$c250_d.rmse
[1] 0.07871509

$c500_d.ptime
[1] 0.068

$c500_d.time
[1] 19.39

$c500_d.rmse
[1] 0.06388855

$s25.ptime
[1] 0.102

$s25.time
[1] 0

$s25.rmse
[1] 0.5774063

$s50.ptime
[1] 0.172

$s50.time
[1] 0.002

$s50.rmse
[1] 0.3988749

$s100.ptime
[1] 0.257

$s100.time
[1] 0.003

$s100.rmse
[1] 0.3026714

$s250.ptime
[1] 0.512

$s250.time
[1] 0.009

$s250.rmse
[1] 0.1956934

$s500.ptime
[1] 0.745

$s500.time
[1] 0.019

$s500.rmse
[1] 0.1252807

$s1000.ptime
[1] 1.895

$s1000.time
[1] 0.03

$s1000.rmse
[1] 0.084513

$s2500.ptime
[1] 17.484

$s2500.time
[1] 0.088

$s2500.rmse
[1] 0.05106694

        seed            p    full.time    full.rmse     l25.time     l25.rmse 
    2332.000       10.000        0.040        0.042        2.289        0.114 
    l50.time     l50.rmse    l100.time    l100.rmse    l250.time    l250.rmse 
       2.601        0.088        4.188        0.068       20.017        0.054 
   l500.time    l500.rmse  o25_i.ptime   o25_i.time   o25_i.rmse  o50_i.ptime 
     104.996        0.049        0.119        0.210        0.427        0.084 
  o50_i.time   o50_i.rmse o100_i.ptime  o100_i.time  o100_i.rmse o250_i.ptime 
       0.167        0.339        0.131        0.148        0.268        0.336 
 o250_i.time  o250_i.rmse o500_i.ptime  o500_i.time  o500_i.rmse  o25_d.ptime 
       0.380        0.168        0.925        0.155        0.121        0.137 
  o25_d.time   o25_d.rmse  o50_d.ptime   o50_d.time   o50_d.rmse o100_d.ptime 
       0.421        0.297        0.045        0.564        0.230        0.023 
 o100_d.time  o100_d.rmse o250_d.ptime  o250_d.time  o250_d.rmse o500_d.ptime 
       1.018        0.174        0.017        5.078        0.101        0.020 
 o500_d.time  o500_d.rmse  c25_i.ptime   c25_i.time   c25_i.rmse  c50_i.ptime 
      18.809        0.074        0.444        0.231        0.262        0.386 
  c50_i.time   c50_i.rmse c100_i.ptime  c100_i.time  c100_i.rmse c250_i.ptime 
       0.197        0.197        0.284        0.168        0.150        0.425 
 c250_i.time  c250_i.rmse c500_i.ptime  c500_i.time  c500_i.rmse  c25_d.ptime 
       0.162        0.121        0.976        0.171        0.089        0.479 
  c25_d.time   c25_d.rmse  c50_d.ptime   c50_d.time   c50_d.rmse c100_d.ptime 
       0.672        0.192        0.334        0.813        0.153        0.182 
 c100_d.time  c100_d.rmse c250_d.ptime  c250_d.time  c250_d.rmse c500_d.ptime 
       1.377        0.113        0.100        4.879        0.079        0.068 
 c500_d.time  c500_d.rmse    s25.ptime     s25.time     s25.rmse    s50.ptime 
      19.390        0.064        0.102        0.000        0.577        0.172 
    s50.time     s50.rmse   s100.ptime    s100.time    s100.rmse   s250.ptime 
       0.002        0.399        0.257        0.003        0.303        0.512 
   s250.time    s250.rmse   s500.ptime    s500.time    s500.rmse  s1000.ptime 
       0.009        0.196        0.745        0.019        0.125        1.895 
  s1000.time   s1000.rmse  s2500.ptime   s2500.time   s2500.rmse 
       0.030        0.085       17.484        0.088        0.051 
[1] 0.9275857
$full.time
[1] 0.042

$full.rmse
[1] 0.04542252

$full.time
[1] 0.042

$full.rmse
[1] 0.04542252

$l25.time
[1] 2.298

$l25.rmse
[1] 0.110418

$l50.time
[1] 2.595

$l50.rmse
[1] 0.08603919

$l100.time
[1] 4.328

$l100.rmse
[1] 0.06905637

$l250.time
[1] 21.151

$l250.rmse
[1] 0.05682885

$l500.time
[1] 106.219

$l500.rmse
[1] 0.05180123

$o25_i.ptime
[1] 0.116

$o25_i.time
[1] 0.191

$o25_i.rmse
[1] 0.4197888

$o50_i.ptime
[1] 0.386

$o50_i.time
[1] 0.154

$o50_i.rmse
[1] 0.355812

$o100_i.ptime
[1] 0.119

$o100_i.time
[1] 0.135

$o100_i.rmse
[1] 0.2545394

$o250_i.ptime
[1] 0.331

$o250_i.time
[1] 0.128

$o250_i.rmse
[1] 0.1733891

$o500_i.ptime
[1] 0.932

$o500_i.time
[1] 0.152

$o500_i.rmse
[1] 0.1204828

$o25_d.ptime
[1] 0.128

$o25_d.time
[1] 0.389

$o25_d.rmse
[1] 0.307614

$o50_d.ptime
[1] 0.043

$o50_d.time
[1] 0.545

$o50_d.rmse
[1] 0.219724

$o100_d.ptime
[1] 0.026

$o100_d.time
[1] 1.255

$o100_d.rmse
[1] 0.163743

$o250_d.ptime
[1] 0.016

$o250_d.time
[1] 4.459

$o250_d.rmse
[1] 0.1058919

$o500_d.ptime
[1] 0.019

$o500_d.time
[1] 18.633

$o500_d.rmse
[1] 0.07718392

$c25_i.ptime
[1] 0.619

$c25_i.time
[1] 0.227

$c25_i.rmse
[1] 0.2647453

$c50_i.ptime
[1] 0.399

$c50_i.time
[1] 0.174

$c50_i.rmse
[1] 0.2031957

$c100_i.ptime
[1] 0.298

$c100_i.time
[1] 0.158

$c100_i.rmse
[1] 0.1549245

$c250_i.ptime
[1] 0.482

$c250_i.time
[1] 0.155

$c250_i.rmse
[1] 0.1137983

$c500_i.ptime
[1] 1.072

$c500_i.time
[1] 0.177

$c500_i.rmse
[1] 0.09332143

$c25_d.ptime
[1] 0.488

$c25_d.time
[1] 0.632

$c25_d.rmse
[1] 0.2009263

$c50_d.ptime
[1] 0.311

$c50_d.time
[1] 0.762

$c50_d.rmse
[1] 0.1565508

$c100_d.ptime
[1] 0.167

$c100_d.time
[1] 1.401

$c100_d.rmse
[1] 0.1225252

$c250_d.ptime
[1] 0.115

$c250_d.time
[1] 5.001

$c250_d.rmse
[1] 0.07883834

$c500_d.ptime
[1] 0.12

$c500_d.time
[1] 20.093

$c500_d.rmse
[1] 0.06477542

$s25.ptime
[1] 0.129

$s25.time
[1] 0.001

$s25.rmse
[1] 0.6391748

$s50.ptime
[1] 0.173

$s50.time
[1] 0.003

$s50.rmse
[1] 0.387058

$s100.ptime
[1] 0.282

$s100.time
[1] 0.004

$s100.rmse
[1] 0.3004971

$s250.ptime
[1] 0.469

$s250.time
[1] 0.011

$s250.rmse
[1] 0.1872759

$s500.ptime
[1] 0.859

$s500.time
[1] 0.015

$s500.rmse
[1] 0.1181934

$s1000.ptime
[1] 1.834

$s1000.time
[1] 0.036

$s1000.rmse
[1] 0.08029865

$s2500.ptime
[1] 17.922

$s2500.time
[1] 0.09

$s2500.rmse
[1] 0.0523926

        seed            p    full.time    full.rmse     l25.time     l25.rmse 
    2333.000       10.000        0.042        0.045        2.298        0.110 
    l50.time     l50.rmse    l100.time    l100.rmse    l250.time    l250.rmse 
       2.595        0.086        4.328        0.069       21.151        0.057 
   l500.time    l500.rmse  o25_i.ptime   o25_i.time   o25_i.rmse  o50_i.ptime 
     106.219        0.052        0.116        0.191        0.420        0.386 
  o50_i.time   o50_i.rmse o100_i.ptime  o100_i.time  o100_i.rmse o250_i.ptime 
       0.154        0.356        0.119        0.135        0.255        0.331 
 o250_i.time  o250_i.rmse o500_i.ptime  o500_i.time  o500_i.rmse  o25_d.ptime 
       0.128        0.173        0.932        0.152        0.120        0.128 
  o25_d.time   o25_d.rmse  o50_d.ptime   o50_d.time   o50_d.rmse o100_d.ptime 
       0.389        0.308        0.043        0.545        0.220        0.026 
 o100_d.time  o100_d.rmse o250_d.ptime  o250_d.time  o250_d.rmse o500_d.ptime 
       1.255        0.164        0.016        4.459        0.106        0.019 
 o500_d.time  o500_d.rmse  c25_i.ptime   c25_i.time   c25_i.rmse  c50_i.ptime 
      18.633        0.077        0.619        0.227        0.265        0.399 
  c50_i.time   c50_i.rmse c100_i.ptime  c100_i.time  c100_i.rmse c250_i.ptime 
       0.174        0.203        0.298        0.158        0.155        0.482 
 c250_i.time  c250_i.rmse c500_i.ptime  c500_i.time  c500_i.rmse  c25_d.ptime 
       0.155        0.114        1.072        0.177        0.093        0.488 
  c25_d.time   c25_d.rmse  c50_d.ptime   c50_d.time   c50_d.rmse c100_d.ptime 
       0.632        0.201        0.311        0.762        0.157        0.167 
 c100_d.time  c100_d.rmse c250_d.ptime  c250_d.time  c250_d.rmse c500_d.ptime 
       1.401        0.123        0.115        5.001        0.079        0.120 
 c500_d.time  c500_d.rmse    s25.ptime     s25.time     s25.rmse    s50.ptime 
      20.093        0.065        0.129        0.001        0.639        0.173 
    s50.time     s50.rmse   s100.ptime    s100.time    s100.rmse   s250.ptime 
       0.003        0.387        0.282        0.004        0.300        0.469 
   s250.time    s250.rmse   s500.ptime    s500.time    s500.rmse  s1000.ptime 
       0.011        0.187        0.859        0.015        0.118        1.834 
  s1000.time   s1000.rmse  s2500.ptime   s2500.time   s2500.rmse 
       0.036        0.080       17.922        0.090        0.052 
  seed  p full.time  full.rmse l25.time  l25.rmse l50.time   l50.rmse l100.time
1 2329 10     0.038 0.04455340    2.282 0.1122175    2.384 0.08963816     4.012
2 2330 10     0.042 0.04583131    2.334 0.1151143    2.544 0.08785091     4.237
3 2331 10     0.043 0.04632346    2.421 0.1048991    2.631 0.08574847     4.513
4 2332 10     0.040 0.04186281    2.289 0.1143065    2.601 0.08800484     4.188
5 2333 10     0.042 0.04542252    2.298 0.1104180    2.595 0.08603919     4.328
   l100.rmse l250.time  l250.rmse l500.time  l500.rmse o25_i.ptime o25_i.time
1 0.07021178    20.418 0.05605853   104.450 0.05149449       0.120      0.186
2 0.06985485    20.424 0.05727974   102.795 0.05217720       0.122      0.196
3 0.06840859    22.044 0.05716692   102.064 0.05225806       0.114      0.200
4 0.06766982    20.017 0.05419820   104.996 0.04893632       0.119      0.210
5 0.06905637    21.151 0.05682885   106.219 0.05180123       0.116      0.191
  o25_i.rmse o50_i.ptime o50_i.time o50_i.rmse o100_i.ptime o100_i.time
1  0.4287509       0.089      0.147  0.3670558        0.116       0.132
2  0.4362396       0.081      0.151  0.3491201        0.118       0.136
3  0.4407983       0.085      0.156  0.3946406        0.115       0.140
4  0.4269203       0.084      0.167  0.3386336        0.131       0.148
5  0.4197888       0.386      0.154  0.3558120        0.119       0.135
  o100_i.rmse o250_i.ptime o250_i.time o250_i.rmse o500_i.ptime o500_i.time
1   0.2600763        0.326       0.129   0.1846932        0.902       0.131
2   0.2685453        0.327       0.130   0.1774394        0.912       0.140
3   0.2740333        0.309       0.137   0.1862237        0.861       0.142
4   0.2677443        0.336       0.380   0.1678363        0.925       0.155
5   0.2545394        0.331       0.128   0.1733891        0.932       0.152
  o500_i.rmse o25_d.ptime o25_d.time o25_d.rmse o50_d.ptime o50_d.time
1   0.1162393       0.127      0.382  0.3338647       0.042      0.688
2   0.1293293       0.123      0.397  0.3105887       0.312      0.511
3   0.1228675       0.131      0.522  0.3137304       0.042      0.503
4   0.1210444       0.137      0.421  0.2967373       0.045      0.564
5   0.1204828       0.128      0.389  0.3076140       0.043      0.545
  o50_d.rmse o100_d.ptime o100_d.time o100_d.rmse o250_d.ptime o250_d.time
1  0.2379470        0.022       1.021   0.1855300        0.016       4.328
2  0.2179723        0.023       1.190   0.1642520        0.016       4.258
3  0.2325088        0.022       1.006   0.1618980        0.016       3.625
4  0.2301039        0.023       1.018   0.1737747        0.017       5.078
5  0.2197240        0.026       1.255   0.1637430        0.016       4.459
  o250_d.rmse o500_d.ptime o500_d.time o500_d.rmse c25_i.ptime c25_i.time
1   0.1074099        0.019      21.952  0.07455865       0.418      0.203
2   0.1076888        0.055      21.236  0.07804899       0.531      0.223
3   0.1066440        0.020      18.559  0.07834404       0.477      0.225
4   0.1007225        0.020      18.809  0.07427068       0.444      0.231
5   0.1058919        0.019      18.633  0.07718392       0.619      0.227
  c25_i.rmse c50_i.ptime c50_i.time c50_i.rmse c100_i.ptime c100_i.time
1  0.2550258       0.289      0.168  0.1886167        0.307       0.153
2  0.2630627       0.310      0.173  0.2151404        0.301       0.154
3  0.2594472       0.314      0.179  0.2048078        0.324       0.160
4  0.2620413       0.386      0.197  0.1970969        0.284       0.168
5  0.2647453       0.399      0.174  0.2031957        0.298       0.158
  c100_i.rmse c250_i.ptime c250_i.time c250_i.rmse c500_i.ptime c500_i.time
1   0.1555763        0.463       0.150   0.1110817        0.987       0.169
2   0.1678552        0.448       0.151   0.1230389        1.053       0.163
3   0.1563408        0.410       0.352   0.1177862        0.983       0.145
4   0.1499100        0.425       0.162   0.1205722        0.976       0.171
5   0.1549245        0.482       0.155   0.1137983        1.072       0.177
  c500_i.rmse c25_d.ptime c25_d.time c25_d.rmse c50_d.ptime c50_d.time
1  0.09633333       0.468      0.642  0.1981095       0.241      0.757
2  0.08841896       0.473      0.723  0.1894229       0.287      0.807
3  0.08809487       0.516      0.590  0.1876045       0.239      0.712
4  0.08942114       0.479      0.672  0.1916428       0.334      0.813
5  0.09332143       0.488      0.632  0.2009263       0.311      0.762
  c50_d.rmse c100_d.ptime c100_d.time c100_d.rmse c250_d.ptime c250_d.time
1  0.1487276        0.176       1.372   0.1341677        0.094       4.723
2  0.1563773        0.197       1.387   0.1269122        0.147       4.947
3  0.1535674        0.143       1.300   0.1218714        0.113       4.726
4  0.1525553        0.182       1.377   0.1134033        0.100       4.879
5  0.1565508        0.167       1.401   0.1225252        0.115       5.001
  c250_d.rmse c500_d.ptime c500_d.time c500_d.rmse s25.ptime s25.time  s25.rmse
1  0.09353308        0.143      20.499  0.07182217     0.136    0.001 0.4581126
2  0.08146955        0.225      21.451  0.06870459     0.097    0.001 0.4852234
3  0.08763088        0.147      19.806  0.06783234     0.095    0.001 0.5875493
4  0.07871509        0.068      19.390  0.06388855     0.102    0.000 0.5774063
5  0.07883834        0.120      20.093  0.06477542     0.129    0.001 0.6391748
  s50.ptime s50.time  s50.rmse s100.ptime s100.time s100.rmse s250.ptime
1     0.186    0.002 0.4373483      0.236     0.003 0.3425150      0.441
2     0.154    0.002 0.4195559      0.216     0.004 0.2961706      0.606
3     0.172    0.002 0.4249177      0.285     0.003 0.3114308      0.477
4     0.172    0.002 0.3988749      0.257     0.003 0.3026714      0.512
5     0.173    0.003 0.3870580      0.282     0.004 0.3004971      0.469
  s250.time s250.rmse s500.ptime s500.time s500.rmse s1000.ptime s1000.time
1     0.008 0.2077780      0.744     0.015 0.1304180       1.832      0.030
2     0.008 0.1759747      0.822     0.017 0.1402366       1.865      0.033
3     0.007 0.1799517      0.808     0.018 0.1294009       1.815      0.028
4     0.009 0.1956934      0.745     0.019 0.1252807       1.895      0.030
5     0.011 0.1872759      0.859     0.015 0.1181934       1.834      0.036
  s1000.rmse s2500.ptime s2500.time s2500.rmse
1 0.08326496      17.873      0.080 0.05359774
2 0.08394165      18.549      0.086 0.05257610
3 0.08375089      16.362      0.082 0.05452573
4 0.08451300      17.484      0.088 0.05106694
5 0.08029865      17.922      0.090 0.05239260
> 
> proc.time()
    user   system  elapsed 
1255.934   18.187 1301.901 
