
R version 3.0.3 (2014-03-06) -- "Warm Puppy"
Copyright (C) 2014 The R Foundation for Statistical Computing
Platform: x86_64-unknown-linux-gnu (64-bit)

R is free software and comes with ABSOLUTELY NO WARRANTY.
You are welcome to redistribute it under certain conditions.
Type 'license()' or 'licence()' for distribution details.

  Natural language support but running in an English locale

R is a collaborative project with many contributors.
Type 'contributors()' for more information and
'citation()' on how to cite R or R packages in publications.

Type 'demo()' for some demos, 'help()' for on-line help, or
'help.start()' for an HTML browser interface to help.
Type 'q()' to quit R.

> print(.libPaths())
[1] "/usr/local/r-3.0.3/lib64/R/library"
> .libPaths("/mnt/home/rjparker/Rlib")
> print(.libPaths())
[1] "/mnt/home/rjparker/Rlib"            "/usr/local/r-3.0.3/lib64/R/library"
> setwd("/mnt/home/rjparker/git/block_int")
> 
> which_exp <- 4
> which_part <- 20
> source("R/sim_nblocks_pred.R")
Loading required package: spam
Loading required package: grid
Spam version 0.41-0 (2014-02-26) is loaded.
Type 'help( Spam)' or 'demo( spam)' for a short introduction 
and overview of this package.
Help for individual functions is also obtained by adding the
suffix '.spam' to the function name, e.g. 'help( chol.spam)'.

Attaching package: ‘spam’

The following objects are masked from ‘package:base’:

    backsolve, forwardsolve

Loading required package: maps
  pred  p b tau Nper_p Npred Fzero sigma2
4 TRUE 10 4  10   5000  1000     0      1
[1] 0.8291277
$full.time
[1] 0.036

$full.rmse
[1] 0.04461317

$full.time
[1] 0.036

$full.rmse
[1] 0.04461317

$l25.time
[1] 2.08

$l25.rmse
[1] 0.1086094

$l50.time
[1] 2.188

$l50.rmse
[1] 0.08246877

$l100.time
[1] 3.639

$l100.rmse
[1] 0.06755089

$l250.time
[1] 18.204

$l250.rmse
[1] 0.05549596

$l500.time
[1] 101.687

$l500.rmse
[1] 0.05070053

$o25_i.ptime
[1] 0.167

$o25_i.time
[1] 0.219

$o25_i.rmse
[1] 0.4569682

$o50_i.ptime
[1] 0.099

$o50_i.time
[1] 0.139

$o50_i.rmse
[1] 0.3891905

$o100_i.ptime
[1] 0.104

$o100_i.time
[1] 0.158

$o100_i.rmse
[1] 0.2564355

$o250_i.ptime
[1] 0.356

$o250_i.time
[1] 0.117

$o250_i.rmse
[1] 0.1914237

$o500_i.ptime
[1] 0.989

$o500_i.time
[1] 0.175

$o500_i.rmse
[1] 0.1169012

$o25_d.ptime
[1] 0.149

$o25_d.time
[1] 0.478

$o25_d.rmse
[1] 0.2855227

$o50_d.ptime
[1] 0.049

$o50_d.time
[1] 0.686

$o50_d.rmse
[1] 0.229463

$o100_d.ptime
[1] 0.027

$o100_d.time
[1] 1.22

$o100_d.rmse
[1] 0.1734341

$o250_d.ptime
[1] 0.014

$o250_d.time
[1] 5.009

$o250_d.rmse
[1] 0.1009318

$o500_d.ptime
[1] 0.02

$o500_d.time
[1] 18.697

$o500_d.rmse
[1] 0.07302448

$c25_i.ptime
[1] 0.452

$c25_i.time
[1] 0.198

$c25_i.rmse
[1] 0.2397734

$c50_i.ptime
[1] 0.266

$c50_i.time
[1] 0.159

$c50_i.rmse
[1] 0.1893083

$c100_i.ptime
[1] 0.268

$c100_i.time
[1] 0.144

$c100_i.rmse
[1] 0.159442

$c250_i.ptime
[1] 0.475

$c250_i.time
[1] 0.143

$c250_i.rmse
[1] 0.1192605

$c500_i.ptime
[1] 1.198

$c500_i.time
[1] 0.194

$c500_i.rmse
[1] 0.08954705

$c25_d.ptime
[1] 0.449

$c25_d.time
[1] 0.835

$c25_d.rmse
[1] 0.1877524

$c50_d.ptime
[1] 0.288

$c50_d.time
[1] 0.855

$c50_d.rmse
[1] 0.1406475

$c100_d.ptime
[1] 0.18

$c100_d.time
[1] 1.487

$c100_d.rmse
[1] 0.1100246

$c250_d.ptime
[1] 0.114

$c250_d.time
[1] 5.509

$c250_d.rmse
[1] 0.07553867

$c500_d.ptime
[1] 0.113

$c500_d.time
[1] 21.185

$c500_d.rmse
[1] 0.06462933

$s25.ptime
[1] 0.197

$s25.time
[1] 0.001

$s25.rmse
[1] 0.5160363

$s50.ptime
[1] 0.193

$s50.time
[1] 0.003

$s50.rmse
[1] 0.4290098

$s100.ptime
[1] 0.219

$s100.time
[1] 0.004

$s100.rmse
[1] 0.2952956

$s250.ptime
[1] 0.582

$s250.time
[1] 0.009

$s250.rmse
[1] 0.1823681

$s500.ptime
[1] 0.875

$s500.time
[1] 0.019

$s500.rmse
[1] 0.1257048

$s1000.ptime
[1] 2.261

$s1000.time
[1] 0.039

$s1000.rmse
[1] 0.08121053

$s2500.ptime
[1] 14.64

$s2500.time
[1] 0.071

$s2500.rmse
[1] 0.05300534

        seed            p    full.time    full.rmse     l25.time     l25.rmse 
    2379.000       10.000        0.036        0.045        2.080        0.109 
    l50.time     l50.rmse    l100.time    l100.rmse    l250.time    l250.rmse 
       2.188        0.082        3.639        0.068       18.204        0.055 
   l500.time    l500.rmse  o25_i.ptime   o25_i.time   o25_i.rmse  o50_i.ptime 
     101.687        0.051        0.167        0.219        0.457        0.099 
  o50_i.time   o50_i.rmse o100_i.ptime  o100_i.time  o100_i.rmse o250_i.ptime 
       0.139        0.389        0.104        0.158        0.256        0.356 
 o250_i.time  o250_i.rmse o500_i.ptime  o500_i.time  o500_i.rmse  o25_d.ptime 
       0.117        0.191        0.989        0.175        0.117        0.149 
  o25_d.time   o25_d.rmse  o50_d.ptime   o50_d.time   o50_d.rmse o100_d.ptime 
       0.478        0.286        0.049        0.686        0.229        0.027 
 o100_d.time  o100_d.rmse o250_d.ptime  o250_d.time  o250_d.rmse o500_d.ptime 
       1.220        0.173        0.014        5.009        0.101        0.020 
 o500_d.time  o500_d.rmse  c25_i.ptime   c25_i.time   c25_i.rmse  c50_i.ptime 
      18.697        0.073        0.452        0.198        0.240        0.266 
  c50_i.time   c50_i.rmse c100_i.ptime  c100_i.time  c100_i.rmse c250_i.ptime 
       0.159        0.189        0.268        0.144        0.159        0.475 
 c250_i.time  c250_i.rmse c500_i.ptime  c500_i.time  c500_i.rmse  c25_d.ptime 
       0.143        0.119        1.198        0.194        0.090        0.449 
  c25_d.time   c25_d.rmse  c50_d.ptime   c50_d.time   c50_d.rmse c100_d.ptime 
       0.835        0.188        0.288        0.855        0.141        0.180 
 c100_d.time  c100_d.rmse c250_d.ptime  c250_d.time  c250_d.rmse c500_d.ptime 
       1.487        0.110        0.114        5.509        0.076        0.113 
 c500_d.time  c500_d.rmse    s25.ptime     s25.time     s25.rmse    s50.ptime 
      21.185        0.065        0.197        0.001        0.516        0.193 
    s50.time     s50.rmse   s100.ptime    s100.time    s100.rmse   s250.ptime 
       0.003        0.429        0.219        0.004        0.295        0.582 
   s250.time    s250.rmse   s500.ptime    s500.time    s500.rmse  s1000.ptime 
       0.009        0.182        0.875        0.019        0.126        2.261 
  s1000.time   s1000.rmse  s2500.ptime   s2500.time   s2500.rmse 
       0.039        0.081       14.640        0.071        0.053 
[1] 0.9038321
$full.time
[1] 0.036

$full.rmse
[1] 0.04321861

$full.time
[1] 0.036

$full.rmse
[1] 0.04321861

$l25.time
[1] 1.995

$l25.rmse
[1] 0.1133987

$l50.time
[1] 2.218

$l50.rmse
[1] 0.08669945

$l100.time
[1] 3.624

$l100.rmse
[1] 0.06653192

$l250.time
[1] 18.285

$l250.rmse
[1] 0.05463044

$l500.time
[1] 98.3

$l500.rmse
[1] 0.04993238

$o25_i.ptime
[1] 0.128

$o25_i.time
[1] 0.178

$o25_i.rmse
[1] 0.4269191

$o50_i.ptime
[1] 0.076

$o50_i.time
[1] 0.147

$o50_i.rmse
[1] 0.3929743

$o100_i.ptime
[1] 0.141

$o100_i.time
[1] 0.16

$o100_i.rmse
[1] 0.2868812

$o250_i.ptime
[1] 0.373

$o250_i.time
[1] 0.126

$o250_i.rmse
[1] 0.1868386

$o500_i.ptime
[1] 0.998

$o500_i.time
[1] 0.146

$o500_i.rmse
[1] 0.1183377

$o25_d.ptime
[1] 0.121

$o25_d.time
[1] 0.577

$o25_d.rmse
[1] 0.3093036

$o50_d.ptime
[1] 0.05

$o50_d.time
[1] 0.608

$o50_d.rmse
[1] 0.2395589

$o100_d.ptime
[1] 0.034

$o100_d.time
[1] 1.154

$o100_d.rmse
[1] 0.1704466

$o250_d.ptime
[1] 0.017

$o250_d.time
[1] 4.789

$o250_d.rmse
[1] 0.1097791

$o500_d.ptime
[1] 0.02

$o500_d.time
[1] 18.759

$o500_d.rmse
[1] 0.07093119

$c25_i.ptime
[1] 0.58

$c25_i.time
[1] 0.201

$c25_i.rmse
[1] 0.2805151

$c50_i.ptime
[1] 0.342

$c50_i.time
[1] 0.21

$c50_i.rmse
[1] 0.2089144

$c100_i.ptime
[1] 0.277

$c100_i.time
[1] 0.178

$c100_i.rmse
[1] 0.169755

$c250_i.ptime
[1] 0.49

$c250_i.time
[1] 0.134

$c250_i.rmse
[1] 0.1281492

$c500_i.ptime
[1] 1.083

$c500_i.time
[1] 0.165

$c500_i.rmse
[1] 0.1000635

$c25_d.ptime
[1] 0.603

$c25_d.time
[1] 0.724

$c25_d.rmse
[1] 0.2080474

$c50_d.ptime
[1] 0.251

$c50_d.time
[1] 0.817

$c50_d.rmse
[1] 0.1642331

$c100_d.ptime
[1] 0.184

$c100_d.time
[1] 1.518

$c100_d.rmse
[1] 0.1495653

$c250_d.ptime
[1] 0.154

$c250_d.time
[1] 5.696

$c250_d.rmse
[1] 0.08861256

$c500_d.ptime
[1] 0.089

$c500_d.time
[1] 20.845

$c500_d.rmse
[1] 0.06597413

$s25.ptime
[1] 0.229

$s25.time
[1] 0.001

$s25.rmse
[1] 0.5091591

$s50.ptime
[1] 0.193

$s50.time
[1] 0.001

$s50.rmse
[1] 0.420537

$s100.ptime
[1] 0.278

$s100.time
[1] 0.004

$s100.rmse
[1] 0.3530612

$s250.ptime
[1] 0.519

$s250.time
[1] 0.01

$s250.rmse
[1] 0.194698

$s500.ptime
[1] 0.922

$s500.time
[1] 0.022

$s500.rmse
[1] 0.1310556

$s1000.ptime
[1] 2.161

$s1000.time
[1] 0.043

$s1000.rmse
[1] 0.07832372

$s2500.ptime
[1] 14.886

$s2500.time
[1] 0.069

$s2500.rmse
[1] 0.05100011

        seed            p    full.time    full.rmse     l25.time     l25.rmse 
    2380.000       10.000        0.036        0.043        1.995        0.113 
    l50.time     l50.rmse    l100.time    l100.rmse    l250.time    l250.rmse 
       2.218        0.087        3.624        0.067       18.285        0.055 
   l500.time    l500.rmse  o25_i.ptime   o25_i.time   o25_i.rmse  o50_i.ptime 
      98.300        0.050        0.128        0.178        0.427        0.076 
  o50_i.time   o50_i.rmse o100_i.ptime  o100_i.time  o100_i.rmse o250_i.ptime 
       0.147        0.393        0.141        0.160        0.287        0.373 
 o250_i.time  o250_i.rmse o500_i.ptime  o500_i.time  o500_i.rmse  o25_d.ptime 
       0.126        0.187        0.998        0.146        0.118        0.121 
  o25_d.time   o25_d.rmse  o50_d.ptime   o50_d.time   o50_d.rmse o100_d.ptime 
       0.577        0.309        0.050        0.608        0.240        0.034 
 o100_d.time  o100_d.rmse o250_d.ptime  o250_d.time  o250_d.rmse o500_d.ptime 
       1.154        0.170        0.017        4.789        0.110        0.020 
 o500_d.time  o500_d.rmse  c25_i.ptime   c25_i.time   c25_i.rmse  c50_i.ptime 
      18.759        0.071        0.580        0.201        0.281        0.342 
  c50_i.time   c50_i.rmse c100_i.ptime  c100_i.time  c100_i.rmse c250_i.ptime 
       0.210        0.209        0.277        0.178        0.170        0.490 
 c250_i.time  c250_i.rmse c500_i.ptime  c500_i.time  c500_i.rmse  c25_d.ptime 
       0.134        0.128        1.083        0.165        0.100        0.603 
  c25_d.time   c25_d.rmse  c50_d.ptime   c50_d.time   c50_d.rmse c100_d.ptime 
       0.724        0.208        0.251        0.817        0.164        0.184 
 c100_d.time  c100_d.rmse c250_d.ptime  c250_d.time  c250_d.rmse c500_d.ptime 
       1.518        0.150        0.154        5.696        0.089        0.089 
 c500_d.time  c500_d.rmse    s25.ptime     s25.time     s25.rmse    s50.ptime 
      20.845        0.066        0.229        0.001        0.509        0.193 
    s50.time     s50.rmse   s100.ptime    s100.time    s100.rmse   s250.ptime 
       0.001        0.421        0.278        0.004        0.353        0.519 
   s250.time    s250.rmse   s500.ptime    s500.time    s500.rmse  s1000.ptime 
       0.010        0.195        0.922        0.022        0.131        2.161 
  s1000.time   s1000.rmse  s2500.ptime   s2500.time   s2500.rmse 
       0.043        0.078       14.886        0.069        0.051 
[1] 0.8128953
$full.time
[1] 0.036

$full.rmse
[1] 0.04309683

$full.time
[1] 0.036

$full.rmse
[1] 0.04309683

$l25.time
[1] 2.012

$l25.rmse
[1] 0.101897

$l50.time
[1] 2.215

$l50.rmse
[1] 0.08116283

$l100.time
[1] 3.618

$l100.rmse
[1] 0.06552453

$l250.time
[1] 18.155

$l250.rmse
[1] 0.05527585

$l500.time
[1] 100.175

$l500.rmse
[1] 0.05016152

$o25_i.ptime
[1] 0.108

$o25_i.time
[1] 0.235

$o25_i.rmse
[1] 0.366289

$o50_i.ptime
[1] 0.09

$o50_i.time
[1] 0.176

$o50_i.rmse
[1] 0.3321464

$o100_i.ptime
[1] 0.104

$o100_i.time
[1] 0.14

$o100_i.rmse
[1] 0.2551416

$o250_i.ptime
[1] 0.37

$o250_i.time
[1] 0.135

$o250_i.rmse
[1] 0.1745614

$o500_i.ptime
[1] 1.03

$o500_i.time
[1] 0.173

$o500_i.rmse
[1] 0.1129521

$o25_d.ptime
[1] 0.232

$o25_d.time
[1] 0.492

$o25_d.rmse
[1] 0.2965453

$o50_d.ptime
[1] 0.052

$o50_d.time
[1] 0.625

$o50_d.rmse
[1] 0.2107039

$o100_d.ptime
[1] 0.021

$o100_d.time
[1] 1.093

$o100_d.rmse
[1] 0.1615063

$o250_d.ptime
[1] 0.03

$o250_d.time
[1] 5.253

$o250_d.rmse
[1] 0.1018929

$o500_d.ptime
[1] 0.025

$o500_d.time
[1] 18.925

$o500_d.rmse
[1] 0.07533732

$c25_i.ptime
[1] 0.484

$c25_i.time
[1] 0.207

$c25_i.rmse
[1] 0.2454162

$c50_i.ptime
[1] 0.273

$c50_i.time
[1] 0.173

$c50_i.rmse
[1] 0.2004687

$c100_i.ptime
[1] 0.26

$c100_i.time
[1] 0.331

$c100_i.rmse
[1] 0.1551463

$c250_i.ptime
[1] 0.477

$c250_i.time
[1] 0.182

$c250_i.rmse
[1] 0.1129202

$c500_i.ptime
[1] 1.09

$c500_i.time
[1] 0.177

$c500_i.rmse
[1] 0.09163637

$c25_d.ptime
[1] 0.445

$c25_d.time
[1] 0.751

$c25_d.rmse
[1] 0.1979714

$c50_d.ptime
[1] 0.287

$c50_d.time
[1] 0.836

$c50_d.rmse
[1] 0.1516809

$c100_d.ptime
[1] 0.214

$c100_d.time
[1] 1.433

$c100_d.rmse
[1] 0.1102115

$c250_d.ptime
[1] 0.158

$c250_d.time
[1] 5.548

$c250_d.rmse
[1] 0.07817432

$c500_d.ptime
[1] 0.121

$c500_d.time
[1] 20.887

$c500_d.rmse
[1] 0.07453938

$s25.ptime
[1] 0.188

$s25.time
[1] 0.001

$s25.rmse
[1] 0.4403162

$s50.ptime
[1] 0.232

$s50.time
[1] 0.002

$s50.rmse
[1] 0.37675

$s100.ptime
[1] 0.237

$s100.time
[1] 0.004

$s100.rmse
[1] 0.2697527

$s250.ptime
[1] 0.544

$s250.time
[1] 0.012

$s250.rmse
[1] 0.1723174

$s500.ptime
[1] 0.863

$s500.time
[1] 0.023

$s500.rmse
[1] 0.1231753

$s1000.ptime
[1] 2.294

$s1000.time
[1] 0.04

$s1000.rmse
[1] 0.08359339

$s2500.ptime
[1] 14.89

$s2500.time
[1] 0.086

$s2500.rmse
[1] 0.05451866

        seed            p    full.time    full.rmse     l25.time     l25.rmse 
    2381.000       10.000        0.036        0.043        2.012        0.102 
    l50.time     l50.rmse    l100.time    l100.rmse    l250.time    l250.rmse 
       2.215        0.081        3.618        0.066       18.155        0.055 
   l500.time    l500.rmse  o25_i.ptime   o25_i.time   o25_i.rmse  o50_i.ptime 
     100.175        0.050        0.108        0.235        0.366        0.090 
  o50_i.time   o50_i.rmse o100_i.ptime  o100_i.time  o100_i.rmse o250_i.ptime 
       0.176        0.332        0.104        0.140        0.255        0.370 
 o250_i.time  o250_i.rmse o500_i.ptime  o500_i.time  o500_i.rmse  o25_d.ptime 
       0.135        0.175        1.030        0.173        0.113        0.232 
  o25_d.time   o25_d.rmse  o50_d.ptime   o50_d.time   o50_d.rmse o100_d.ptime 
       0.492        0.297        0.052        0.625        0.211        0.021 
 o100_d.time  o100_d.rmse o250_d.ptime  o250_d.time  o250_d.rmse o500_d.ptime 
       1.093        0.162        0.030        5.253        0.102        0.025 
 o500_d.time  o500_d.rmse  c25_i.ptime   c25_i.time   c25_i.rmse  c50_i.ptime 
      18.925        0.075        0.484        0.207        0.245        0.273 
  c50_i.time   c50_i.rmse c100_i.ptime  c100_i.time  c100_i.rmse c250_i.ptime 
       0.173        0.200        0.260        0.331        0.155        0.477 
 c250_i.time  c250_i.rmse c500_i.ptime  c500_i.time  c500_i.rmse  c25_d.ptime 
       0.182        0.113        1.090        0.177        0.092        0.445 
  c25_d.time   c25_d.rmse  c50_d.ptime   c50_d.time   c50_d.rmse c100_d.ptime 
       0.751        0.198        0.287        0.836        0.152        0.214 
 c100_d.time  c100_d.rmse c250_d.ptime  c250_d.time  c250_d.rmse c500_d.ptime 
       1.433        0.110        0.158        5.548        0.078        0.121 
 c500_d.time  c500_d.rmse    s25.ptime     s25.time     s25.rmse    s50.ptime 
      20.887        0.075        0.188        0.001        0.440        0.232 
    s50.time     s50.rmse   s100.ptime    s100.time    s100.rmse   s250.ptime 
       0.002        0.377        0.237        0.004        0.270        0.544 
   s250.time    s250.rmse   s500.ptime    s500.time    s500.rmse  s1000.ptime 
       0.012        0.172        0.863        0.023        0.123        2.294 
  s1000.time   s1000.rmse  s2500.ptime   s2500.time   s2500.rmse 
       0.040        0.084       14.890        0.086        0.055 
[1] 0.7397231
$full.time
[1] 0.037

$full.rmse
[1] 0.04338634

$full.time
[1] 0.037

$full.rmse
[1] 0.04338634

$l25.time
[1] 1.942

$l25.rmse
[1] 0.09888357

$l50.time
[1] 2.216

$l50.rmse
[1] 0.07916195

$l100.time
[1] 3.646

$l100.rmse
[1] 0.06467224

$l250.time
[1] 18.102

$l250.rmse
[1] 0.05302255

$l500.time
[1] 99.608

$l500.rmse
[1] 0.04885664

$o25_i.ptime
[1] 0.109

$o25_i.time
[1] 0.185

$o25_i.rmse
[1] 0.3878324

$o50_i.ptime
[1] 0.075

$o50_i.time
[1] 0.146

$o50_i.rmse
[1] 0.332877

$o100_i.ptime
[1] 0.104

$o100_i.time
[1] 0.321

$o100_i.rmse
[1] 0.2702623

$o250_i.ptime
[1] 0.306

$o250_i.time
[1] 0.134

$o250_i.rmse
[1] 0.1834704

$o500_i.ptime
[1] 1.015

$o500_i.time
[1] 0.186

$o500_i.rmse
[1] 0.1221855

$o25_d.ptime
[1] 0.127

$o25_d.time
[1] 0.428

$o25_d.rmse
[1] 0.2837436

$o50_d.ptime
[1] 0.051

$o50_d.time
[1] 0.615

$o50_d.rmse
[1] 0.2230759

$o100_d.ptime
[1] 0.028

$o100_d.time
[1] 1.149

$o100_d.rmse
[1] 0.1676012

$o250_d.ptime
[1] 0.017

$o250_d.time
[1] 5.183

$o250_d.rmse
[1] 0.09256002

$o500_d.ptime
[1] 0.024

$o500_d.time
[1] 20.063

$o500_d.rmse
[1] 0.07411865

$c25_i.ptime
[1] 0.46

$c25_i.time
[1] 0.21

$c25_i.rmse
[1] 0.2490274

$c50_i.ptime
[1] 0.348

$c50_i.time
[1] 0.17

$c50_i.rmse
[1] 0.1754393

$c100_i.ptime
[1] 0.275

$c100_i.time
[1] 0.151

$c100_i.rmse
[1] 0.1485893

$c250_i.ptime
[1] 0.433

$c250_i.time
[1] 0.149

$c250_i.rmse
[1] 0.1173335

$c500_i.ptime
[1] 1.039

$c500_i.time
[1] 0.157

$c500_i.rmse
[1] 0.09039313

$c25_d.ptime
[1] 0.492

$c25_d.time
[1] 0.597

$c25_d.rmse
[1] 0.1828544

$c50_d.ptime
[1] 0.249

$c50_d.time
[1] 0.863

$c50_d.rmse
[1] 0.1398561

$c100_d.ptime
[1] 0.192

$c100_d.time
[1] 1.48

$c100_d.rmse
[1] 0.1148633

$c250_d.ptime
[1] 0.169

$c250_d.time
[1] 5.637

$c250_d.rmse
[1] 0.1002942

$c500_d.ptime
[1] 0.132

$c500_d.time
[1] 20.457

$c500_d.rmse
[1] 0.06877713

$s25.ptime
[1] 0.141

$s25.time
[1] 0.001

$s25.rmse
[1] 0.4705218

$s50.ptime
[1] 0.158

$s50.time
[1] 0.001

$s50.rmse
[1] 0.3717545

$s100.ptime
[1] 0.259

$s100.time
[1] 0.003

$s100.rmse
[1] 0.2895979

$s250.ptime
[1] 0.543

$s250.time
[1] 0.01

$s250.rmse
[1] 0.1643966

$s500.ptime
[1] 0.915

$s500.time
[1] 0.021

$s500.rmse
[1] 0.1114771

$s1000.ptime
[1] 2.211

$s1000.time
[1] 0.038

$s1000.rmse
[1] 0.07949127

$s2500.ptime
[1] 15.991

$s2500.time
[1] 0.078

$s2500.rmse
[1] 0.05464623

        seed            p    full.time    full.rmse     l25.time     l25.rmse 
    2382.000       10.000        0.037        0.043        1.942        0.099 
    l50.time     l50.rmse    l100.time    l100.rmse    l250.time    l250.rmse 
       2.216        0.079        3.646        0.065       18.102        0.053 
   l500.time    l500.rmse  o25_i.ptime   o25_i.time   o25_i.rmse  o50_i.ptime 
      99.608        0.049        0.109        0.185        0.388        0.075 
  o50_i.time   o50_i.rmse o100_i.ptime  o100_i.time  o100_i.rmse o250_i.ptime 
       0.146        0.333        0.104        0.321        0.270        0.306 
 o250_i.time  o250_i.rmse o500_i.ptime  o500_i.time  o500_i.rmse  o25_d.ptime 
       0.134        0.183        1.015        0.186        0.122        0.127 
  o25_d.time   o25_d.rmse  o50_d.ptime   o50_d.time   o50_d.rmse o100_d.ptime 
       0.428        0.284        0.051        0.615        0.223        0.028 
 o100_d.time  o100_d.rmse o250_d.ptime  o250_d.time  o250_d.rmse o500_d.ptime 
       1.149        0.168        0.017        5.183        0.093        0.024 
 o500_d.time  o500_d.rmse  c25_i.ptime   c25_i.time   c25_i.rmse  c50_i.ptime 
      20.063        0.074        0.460        0.210        0.249        0.348 
  c50_i.time   c50_i.rmse c100_i.ptime  c100_i.time  c100_i.rmse c250_i.ptime 
       0.170        0.175        0.275        0.151        0.149        0.433 
 c250_i.time  c250_i.rmse c500_i.ptime  c500_i.time  c500_i.rmse  c25_d.ptime 
       0.149        0.117        1.039        0.157        0.090        0.492 
  c25_d.time   c25_d.rmse  c50_d.ptime   c50_d.time   c50_d.rmse c100_d.ptime 
       0.597        0.183        0.249        0.863        0.140        0.192 
 c100_d.time  c100_d.rmse c250_d.ptime  c250_d.time  c250_d.rmse c500_d.ptime 
       1.480        0.115        0.169        5.637        0.100        0.132 
 c500_d.time  c500_d.rmse    s25.ptime     s25.time     s25.rmse    s50.ptime 
      20.457        0.069        0.141        0.001        0.471        0.158 
    s50.time     s50.rmse   s100.ptime    s100.time    s100.rmse   s250.ptime 
       0.001        0.372        0.259        0.003        0.290        0.543 
   s250.time    s250.rmse   s500.ptime    s500.time    s500.rmse  s1000.ptime 
       0.010        0.164        0.915        0.021        0.111        2.211 
  s1000.time   s1000.rmse  s2500.ptime   s2500.time   s2500.rmse 
       0.038        0.079       15.991        0.078        0.055 
[1] 0.8072179
$full.time
[1] 0.036

$full.rmse
[1] 0.04356802

$full.time
[1] 0.036

$full.rmse
[1] 0.04356802

$l25.time
[1] 2.043

$l25.rmse
[1] 0.1140222

$l50.time
[1] 2.35

$l50.rmse
[1] 0.08536627

$l100.time
[1] 3.629

$l100.rmse
[1] 0.06587654

$l250.time
[1] 18.335

$l250.rmse
[1] 0.05635538

$l500.time
[1] 99.234

$l500.rmse
[1] 0.05053984

$o25_i.ptime
[1] 0.295

$o25_i.time
[1] 0.178

$o25_i.rmse
[1] 0.4735775

$o50_i.ptime
[1] 0.077

$o50_i.time
[1] 0.138

$o50_i.rmse
[1] 0.3674801

$o100_i.ptime
[1] 0.104

$o100_i.time
[1] 0.124

$o100_i.rmse
[1] 0.2782183

$o250_i.ptime
[1] 0.307

$o250_i.time
[1] 0.119

$o250_i.rmse
[1] 0.1586857

$o500_i.ptime
[1] 0.873

$o500_i.time
[1] 0.12

$o500_i.rmse
[1] 0.1071433

$o25_d.ptime
[1] 0.121

$o25_d.time
[1] 0.405

$o25_d.rmse
[1] 0.3163696

$o50_d.ptime
[1] 0.04

$o50_d.time
[1] 0.475

$o50_d.rmse
[1] 0.2409662

$o100_d.ptime
[1] 0.021

$o100_d.time
[1] 0.98

$o100_d.rmse
[1] 0.161352

$o250_d.ptime
[1] 0.022

$o250_d.time
[1] 4.68

$o250_d.rmse
[1] 0.09921301

$o500_d.ptime
[1] 0.036

$o500_d.time
[1] 20.111

$o500_d.rmse
[1] 0.07283507

$c25_i.ptime
[1] 0.444

$c25_i.time
[1] 0.204

$c25_i.rmse
[1] 0.2791665

$c50_i.ptime
[1] 0.291

$c50_i.time
[1] 0.156

$c50_i.rmse
[1] 0.2149781

$c100_i.ptime
[1] 0.278

$c100_i.time
[1] 0.137

$c100_i.rmse
[1] 0.1623568

$c250_i.ptime
[1] 0.462

$c250_i.time
[1] 0.135

$c250_i.rmse
[1] 0.1137765

$c500_i.ptime
[1] 0.957

$c500_i.time
[1] 0.142

$c500_i.rmse
[1] 0.09611459

$c25_d.ptime
[1] 0.511

$c25_d.time
[1] 0.58

$c25_d.rmse
[1] 0.2028523

$c50_d.ptime
[1] 0.216

$c50_d.time
[1] 0.745

$c50_d.rmse
[1] 0.1538212

$c100_d.ptime
[1] 0.192

$c100_d.time
[1] 1.277

$c100_d.rmse
[1] 0.1177342

$c250_d.ptime
[1] 0.14

$c250_d.time
[1] 5.316

$c250_d.rmse
[1] 0.08502595

$c500_d.ptime
[1] 0.104

$c500_d.time
[1] 20.989

$c500_d.rmse
[1] 0.07995127

$s25.ptime
[1] 0.191

$s25.time
[1] 0.001

$s25.rmse
[1] 0.6456852

$s50.ptime
[1] 0.198

$s50.time
[1] 0.002

$s50.rmse
[1] 0.4114713

$s100.ptime
[1] 0.263

$s100.time
[1] 0.003

$s100.rmse
[1] 0.2993771

$s250.ptime
[1] 0.505

$s250.time
[1] 0.007

$s250.rmse
[1] 0.1710124

$s500.ptime
[1] 0.762

$s500.time
[1] 0.016

$s500.rmse
[1] 0.1186056

$s1000.ptime
[1] 2.168

$s1000.time
[1] 0.043

$s1000.rmse
[1] 0.08373935

$s2500.ptime
[1] 18.209

$s2500.time
[1] 0.086

$s2500.rmse
[1] 0.05341049

        seed            p    full.time    full.rmse     l25.time     l25.rmse 
    2383.000       10.000        0.036        0.044        2.043        0.114 
    l50.time     l50.rmse    l100.time    l100.rmse    l250.time    l250.rmse 
       2.350        0.085        3.629        0.066       18.335        0.056 
   l500.time    l500.rmse  o25_i.ptime   o25_i.time   o25_i.rmse  o50_i.ptime 
      99.234        0.051        0.295        0.178        0.474        0.077 
  o50_i.time   o50_i.rmse o100_i.ptime  o100_i.time  o100_i.rmse o250_i.ptime 
       0.138        0.367        0.104        0.124        0.278        0.307 
 o250_i.time  o250_i.rmse o500_i.ptime  o500_i.time  o500_i.rmse  o25_d.ptime 
       0.119        0.159        0.873        0.120        0.107        0.121 
  o25_d.time   o25_d.rmse  o50_d.ptime   o50_d.time   o50_d.rmse o100_d.ptime 
       0.405        0.316        0.040        0.475        0.241        0.021 
 o100_d.time  o100_d.rmse o250_d.ptime  o250_d.time  o250_d.rmse o500_d.ptime 
       0.980        0.161        0.022        4.680        0.099        0.036 
 o500_d.time  o500_d.rmse  c25_i.ptime   c25_i.time   c25_i.rmse  c50_i.ptime 
      20.111        0.073        0.444        0.204        0.279        0.291 
  c50_i.time   c50_i.rmse c100_i.ptime  c100_i.time  c100_i.rmse c250_i.ptime 
       0.156        0.215        0.278        0.137        0.162        0.462 
 c250_i.time  c250_i.rmse c500_i.ptime  c500_i.time  c500_i.rmse  c25_d.ptime 
       0.135        0.114        0.957        0.142        0.096        0.511 
  c25_d.time   c25_d.rmse  c50_d.ptime   c50_d.time   c50_d.rmse c100_d.ptime 
       0.580        0.203        0.216        0.745        0.154        0.192 
 c100_d.time  c100_d.rmse c250_d.ptime  c250_d.time  c250_d.rmse c500_d.ptime 
       1.277        0.118        0.140        5.316        0.085        0.104 
 c500_d.time  c500_d.rmse    s25.ptime     s25.time     s25.rmse    s50.ptime 
      20.989        0.080        0.191        0.001        0.646        0.198 
    s50.time     s50.rmse   s100.ptime    s100.time    s100.rmse   s250.ptime 
       0.002        0.411        0.263        0.003        0.299        0.505 
   s250.time    s250.rmse   s500.ptime    s500.time    s500.rmse  s1000.ptime 
       0.007        0.171        0.762        0.016        0.119        2.168 
  s1000.time   s1000.rmse  s2500.ptime   s2500.time   s2500.rmse 
       0.043        0.084       18.209        0.086        0.053 
  seed  p full.time  full.rmse l25.time   l25.rmse l50.time   l50.rmse
1 2379 10     0.036 0.04461317    2.080 0.10860941    2.188 0.08246877
2 2380 10     0.036 0.04321861    1.995 0.11339873    2.218 0.08669945
3 2381 10     0.036 0.04309683    2.012 0.10189704    2.215 0.08116283
4 2382 10     0.037 0.04338634    1.942 0.09888357    2.216 0.07916195
5 2383 10     0.036 0.04356802    2.043 0.11402220    2.350 0.08536627
  l100.time  l100.rmse l250.time  l250.rmse l500.time  l500.rmse o25_i.ptime
1     3.639 0.06755089    18.204 0.05549596   101.687 0.05070053       0.167
2     3.624 0.06653192    18.285 0.05463044    98.300 0.04993238       0.128
3     3.618 0.06552453    18.155 0.05527585   100.175 0.05016152       0.108
4     3.646 0.06467224    18.102 0.05302255    99.608 0.04885664       0.109
5     3.629 0.06587654    18.335 0.05635538    99.234 0.05053984       0.295
  o25_i.time o25_i.rmse o50_i.ptime o50_i.time o50_i.rmse o100_i.ptime
1      0.219  0.4569682       0.099      0.139  0.3891905        0.104
2      0.178  0.4269191       0.076      0.147  0.3929743        0.141
3      0.235  0.3662890       0.090      0.176  0.3321464        0.104
4      0.185  0.3878324       0.075      0.146  0.3328770        0.104
5      0.178  0.4735775       0.077      0.138  0.3674801        0.104
  o100_i.time o100_i.rmse o250_i.ptime o250_i.time o250_i.rmse o500_i.ptime
1       0.158   0.2564355        0.356       0.117   0.1914237        0.989
2       0.160   0.2868812        0.373       0.126   0.1868386        0.998
3       0.140   0.2551416        0.370       0.135   0.1745614        1.030
4       0.321   0.2702623        0.306       0.134   0.1834704        1.015
5       0.124   0.2782183        0.307       0.119   0.1586857        0.873
  o500_i.time o500_i.rmse o25_d.ptime o25_d.time o25_d.rmse o50_d.ptime
1       0.175   0.1169012       0.149      0.478  0.2855227       0.049
2       0.146   0.1183377       0.121      0.577  0.3093036       0.050
3       0.173   0.1129521       0.232      0.492  0.2965453       0.052
4       0.186   0.1221855       0.127      0.428  0.2837436       0.051
5       0.120   0.1071433       0.121      0.405  0.3163696       0.040
  o50_d.time o50_d.rmse o100_d.ptime o100_d.time o100_d.rmse o250_d.ptime
1      0.686  0.2294630        0.027       1.220   0.1734341        0.014
2      0.608  0.2395589        0.034       1.154   0.1704466        0.017
3      0.625  0.2107039        0.021       1.093   0.1615063        0.030
4      0.615  0.2230759        0.028       1.149   0.1676012        0.017
5      0.475  0.2409662        0.021       0.980   0.1613520        0.022
  o250_d.time o250_d.rmse o500_d.ptime o500_d.time o500_d.rmse c25_i.ptime
1       5.009  0.10093180        0.020      18.697  0.07302448       0.452
2       4.789  0.10977906        0.020      18.759  0.07093119       0.580
3       5.253  0.10189288        0.025      18.925  0.07533732       0.484
4       5.183  0.09256002        0.024      20.063  0.07411865       0.460
5       4.680  0.09921301        0.036      20.111  0.07283507       0.444
  c25_i.time c25_i.rmse c50_i.ptime c50_i.time c50_i.rmse c100_i.ptime
1      0.198  0.2397734       0.266      0.159  0.1893083        0.268
2      0.201  0.2805151       0.342      0.210  0.2089144        0.277
3      0.207  0.2454162       0.273      0.173  0.2004687        0.260
4      0.210  0.2490274       0.348      0.170  0.1754393        0.275
5      0.204  0.2791665       0.291      0.156  0.2149781        0.278
  c100_i.time c100_i.rmse c250_i.ptime c250_i.time c250_i.rmse c500_i.ptime
1       0.144   0.1594420        0.475       0.143   0.1192605        1.198
2       0.178   0.1697550        0.490       0.134   0.1281492        1.083
3       0.331   0.1551463        0.477       0.182   0.1129202        1.090
4       0.151   0.1485893        0.433       0.149   0.1173335        1.039
5       0.137   0.1623568        0.462       0.135   0.1137765        0.957
  c500_i.time c500_i.rmse c25_d.ptime c25_d.time c25_d.rmse c50_d.ptime
1       0.194  0.08954705       0.449      0.835  0.1877524       0.288
2       0.165  0.10006351       0.603      0.724  0.2080474       0.251
3       0.177  0.09163637       0.445      0.751  0.1979714       0.287
4       0.157  0.09039313       0.492      0.597  0.1828544       0.249
5       0.142  0.09611459       0.511      0.580  0.2028523       0.216
  c50_d.time c50_d.rmse c100_d.ptime c100_d.time c100_d.rmse c250_d.ptime
1      0.855  0.1406475        0.180       1.487   0.1100246        0.114
2      0.817  0.1642331        0.184       1.518   0.1495653        0.154
3      0.836  0.1516809        0.214       1.433   0.1102115        0.158
4      0.863  0.1398561        0.192       1.480   0.1148633        0.169
5      0.745  0.1538212        0.192       1.277   0.1177342        0.140
  c250_d.time c250_d.rmse c500_d.ptime c500_d.time c500_d.rmse s25.ptime
1       5.509  0.07553867        0.113      21.185  0.06462933     0.197
2       5.696  0.08861256        0.089      20.845  0.06597413     0.229
3       5.548  0.07817432        0.121      20.887  0.07453938     0.188
4       5.637  0.10029424        0.132      20.457  0.06877713     0.141
5       5.316  0.08502595        0.104      20.989  0.07995127     0.191
  s25.time  s25.rmse s50.ptime s50.time  s50.rmse s100.ptime s100.time
1    0.001 0.5160363     0.193    0.003 0.4290098      0.219     0.004
2    0.001 0.5091591     0.193    0.001 0.4205370      0.278     0.004
3    0.001 0.4403162     0.232    0.002 0.3767500      0.237     0.004
4    0.001 0.4705218     0.158    0.001 0.3717545      0.259     0.003
5    0.001 0.6456852     0.198    0.002 0.4114713      0.263     0.003
  s100.rmse s250.ptime s250.time s250.rmse s500.ptime s500.time s500.rmse
1 0.2952956      0.582     0.009 0.1823681      0.875     0.019 0.1257048
2 0.3530612      0.519     0.010 0.1946980      0.922     0.022 0.1310556
3 0.2697527      0.544     0.012 0.1723174      0.863     0.023 0.1231753
4 0.2895979      0.543     0.010 0.1643966      0.915     0.021 0.1114771
5 0.2993771      0.505     0.007 0.1710124      0.762     0.016 0.1186056
  s1000.ptime s1000.time s1000.rmse s2500.ptime s2500.time s2500.rmse
1       2.261      0.039 0.08121053      14.640      0.071 0.05300534
2       2.161      0.043 0.07832372      14.886      0.069 0.05100011
3       2.294      0.040 0.08359339      14.890      0.086 0.05451866
4       2.211      0.038 0.07949127      15.991      0.078 0.05464623
5       2.168      0.043 0.08373935      18.209      0.086 0.05341049
> 
> proc.time()
    user   system  elapsed 
1354.332   13.175 1392.086 
