
R version 3.0.3 (2014-03-06) -- "Warm Puppy"
Copyright (C) 2014 The R Foundation for Statistical Computing
Platform: x86_64-unknown-linux-gnu (64-bit)

R is free software and comes with ABSOLUTELY NO WARRANTY.
You are welcome to redistribute it under certain conditions.
Type 'license()' or 'licence()' for distribution details.

  Natural language support but running in an English locale

R is a collaborative project with many contributors.
Type 'contributors()' for more information and
'citation()' on how to cite R or R packages in publications.

Type 'demo()' for some demos, 'help()' for on-line help, or
'help.start()' for an HTML browser interface to help.
Type 'q()' to quit R.

> print(.libPaths())
[1] "/usr/local/r-3.0.3/lib64/R/library"
> .libPaths("/mnt/home/rjparker/Rlib")
> print(.libPaths())
[1] "/mnt/home/rjparker/Rlib"            "/usr/local/r-3.0.3/lib64/R/library"
> setwd("/mnt/home/rjparker/git/block_int")
> 
> which_exp <- 4
> which_part <- 8
> source("R/sim_nblocks_pred.R")
Loading required package: spam
Loading required package: grid
Spam version 0.41-0 (2014-02-26) is loaded.
Type 'help( Spam)' or 'demo( spam)' for a short introduction 
and overview of this package.
Help for individual functions is also obtained by adding the
suffix '.spam' to the function name, e.g. 'help( chol.spam)'.

Attaching package: ‘spam’

The following objects are masked from ‘package:base’:

    backsolve, forwardsolve

Loading required package: maps
  pred  p b tau Nper_p Npred Fzero sigma2
4 TRUE 10 4  10   5000  1000     0      1
[1] 0.6807254
$full.time
[1] 0.044

$full.rmse
[1] 0.0453884

$full.time
[1] 0.044

$full.rmse
[1] 0.0453884

$l25.time
[1] 2.158

$l25.rmse
[1] 0.1110624

$l50.time
[1] 2.223

$l50.rmse
[1] 0.08449001

$l100.time
[1] 3.607

$l100.rmse
[1] 0.06517638

$l250.time
[1] 18.352

$l250.rmse
[1] 0.05464724

$l500.time
[1] 97.158

$l500.rmse
[1] 0.04940806

$o25_i.ptime
[1] 0.109

$o25_i.time
[1] 0.173

$o25_i.rmse
[1] 0.4299198

$o50_i.ptime
[1] 0.076

$o50_i.time
[1] 0.134

$o50_i.rmse
[1] 0.3315139

$o100_i.ptime
[1] 0.101

$o100_i.time
[1] 0.121

$o100_i.rmse
[1] 0.2683636

$o250_i.ptime
[1] 0.3

$o250_i.time
[1] 0.119

$o250_i.rmse
[1] 0.1688658

$o500_i.ptime
[1] 0.859

$o500_i.time
[1] 0.122

$o500_i.rmse
[1] 0.1199853

$o25_d.ptime
[1] 0.122

$o25_d.time
[1] 0.34

$o25_d.rmse
[1] 0.292155

$o50_d.ptime
[1] 0.038

$o50_d.time
[1] 0.607

$o50_d.rmse
[1] 0.2292409

$o100_d.ptime
[1] 0.02

$o100_d.time
[1] 1.086

$o100_d.rmse
[1] 0.161688

$o250_d.ptime
[1] 0.015

$o250_d.time
[1] 4.444

$o250_d.rmse
[1] 0.1011977

$o500_d.ptime
[1] 0.017

$o500_d.time
[1] 17.635

$o500_d.rmse
[1] 0.07179967

$c25_i.ptime
[1] 0.509

$c25_i.time
[1] 0.186

$c25_i.rmse
[1] 0.2497387

$c50_i.ptime
[1] 0.367

$c50_i.time
[1] 0.155

$c50_i.rmse
[1] 0.2082733

$c100_i.ptime
[1] 0.265

$c100_i.time
[1] 0.142

$c100_i.rmse
[1] 0.162633

$c250_i.ptime
[1] 0.455

$c250_i.time
[1] 0.139

$c250_i.rmse
[1] 0.1167189

$c500_i.ptime
[1] 0.935

$c500_i.time
[1] 0.148

$c500_i.rmse
[1] 0.09519361

$c25_d.ptime
[1] 0.446

$c25_d.time
[1] 0.55

$c25_d.rmse
[1] 0.201594

$c50_d.ptime
[1] 0.199

$c50_d.time
[1] 0.615

$c50_d.rmse
[1] 0.1594859

$c100_d.ptime
[1] 0.192

$c100_d.time
[1] 1.256

$c100_d.rmse
[1] 0.1231188

$c250_d.ptime
[1] 0.105

$c250_d.time
[1] 4.575

$c250_d.rmse
[1] 0.07908327

$c500_d.ptime
[1] 0.149

$c500_d.time
[1] 19.059

$c500_d.rmse
[1] 0.07180814

$s25.ptime
[1] 0.131

$s25.time
[1] 0.001

$s25.rmse
[1] 0.4293836

$s50.ptime
[1] 0.142

$s50.time
[1] 0.001

$s50.rmse
[1] 0.3740873

$s100.ptime
[1] 0.259

$s100.time
[1] 0.002

$s100.rmse
[1] 0.3035848

$s250.ptime
[1] 0.46

$s250.time
[1] 0.007

$s250.rmse
[1] 0.1804776

$s500.ptime
[1] 0.768

$s500.time
[1] 0.014

$s500.rmse
[1] 0.1218561

$s1000.ptime
[1] 1.75

$s1000.time
[1] 0.029

$s1000.rmse
[1] 0.08554562

$s2500.ptime
[1] 19.643

$s2500.time
[1] 0.077

$s2500.rmse
[1] 0.05396781

        seed            p    full.time    full.rmse     l25.time     l25.rmse 
    2319.000       10.000        0.044        0.045        2.158        0.111 
    l50.time     l50.rmse    l100.time    l100.rmse    l250.time    l250.rmse 
       2.223        0.084        3.607        0.065       18.352        0.055 
   l500.time    l500.rmse  o25_i.ptime   o25_i.time   o25_i.rmse  o50_i.ptime 
      97.158        0.049        0.109        0.173        0.430        0.076 
  o50_i.time   o50_i.rmse o100_i.ptime  o100_i.time  o100_i.rmse o250_i.ptime 
       0.134        0.332        0.101        0.121        0.268        0.300 
 o250_i.time  o250_i.rmse o500_i.ptime  o500_i.time  o500_i.rmse  o25_d.ptime 
       0.119        0.169        0.859        0.122        0.120        0.122 
  o25_d.time   o25_d.rmse  o50_d.ptime   o50_d.time   o50_d.rmse o100_d.ptime 
       0.340        0.292        0.038        0.607        0.229        0.020 
 o100_d.time  o100_d.rmse o250_d.ptime  o250_d.time  o250_d.rmse o500_d.ptime 
       1.086        0.162        0.015        4.444        0.101        0.017 
 o500_d.time  o500_d.rmse  c25_i.ptime   c25_i.time   c25_i.rmse  c50_i.ptime 
      17.635        0.072        0.509        0.186        0.250        0.367 
  c50_i.time   c50_i.rmse c100_i.ptime  c100_i.time  c100_i.rmse c250_i.ptime 
       0.155        0.208        0.265        0.142        0.163        0.455 
 c250_i.time  c250_i.rmse c500_i.ptime  c500_i.time  c500_i.rmse  c25_d.ptime 
       0.139        0.117        0.935        0.148        0.095        0.446 
  c25_d.time   c25_d.rmse  c50_d.ptime   c50_d.time   c50_d.rmse c100_d.ptime 
       0.550        0.202        0.199        0.615        0.159        0.192 
 c100_d.time  c100_d.rmse c250_d.ptime  c250_d.time  c250_d.rmse c500_d.ptime 
       1.256        0.123        0.105        4.575        0.079        0.149 
 c500_d.time  c500_d.rmse    s25.ptime     s25.time     s25.rmse    s50.ptime 
      19.059        0.072        0.131        0.001        0.429        0.142 
    s50.time     s50.rmse   s100.ptime    s100.time    s100.rmse   s250.ptime 
       0.001        0.374        0.259        0.002        0.304        0.460 
   s250.time    s250.rmse   s500.ptime    s500.time    s500.rmse  s1000.ptime 
       0.007        0.180        0.768        0.014        0.122        1.750 
  s1000.time   s1000.rmse  s2500.ptime   s2500.time   s2500.rmse 
       0.029        0.086       19.643        0.077        0.054 
[1] 0.7392623
$full.time
[1] 0.043

$full.rmse
[1] 0.04617437

$full.time
[1] 0.043

$full.rmse
[1] 0.04617437

$l25.time
[1] 1.99

$l25.rmse
[1] 0.1165674

$l50.time
[1] 2.231

$l50.rmse
[1] 0.08869107

$l100.time
[1] 3.637

$l100.rmse
[1] 0.06811745

$l250.time
[1] 17.615

$l250.rmse
[1] 0.05618087

$l500.time
[1] 96.542

$l500.rmse
[1] 0.05143114

$o25_i.ptime
[1] 0.119

$o25_i.time
[1] 0.171

$o25_i.rmse
[1] 0.4658827

$o50_i.ptime
[1] 0.069

$o50_i.time
[1] 0.127

$o50_i.rmse
[1] 0.4068096

$o100_i.ptime
[1] 0.097

$o100_i.time
[1] 0.114

$o100_i.rmse
[1] 0.3026152

$o250_i.ptime
[1] 0.281

$o250_i.time
[1] 0.11

$o250_i.rmse
[1] 0.1849374

$o500_i.ptime
[1] 0.809

$o500_i.time
[1] 0.115

$o500_i.rmse
[1] 0.1228235

$o25_d.ptime
[1] 0.108

$o25_d.time
[1] 0.318

$o25_d.rmse
[1] 0.3067919

$o50_d.ptime
[1] 0.206

$o50_d.time
[1] 0.462

$o50_d.rmse
[1] 0.2608444

$o100_d.ptime
[1] 0.019

$o100_d.time
[1] 1.019

$o100_d.rmse
[1] 0.1674383

$o250_d.ptime
[1] 0.027

$o250_d.time
[1] 4.483

$o250_d.rmse
[1] 0.103663

$o500_d.ptime
[1] 0.018

$o500_d.time
[1] 17.301

$o500_d.rmse
[1] 0.07450862

$c25_i.ptime
[1] 0.448

$c25_i.time
[1] 0.171

$c25_i.rmse
[1] 0.2642726

$c50_i.ptime
[1] 0.248

$c50_i.time
[1] 0.144

$c50_i.rmse
[1] 0.2017681

$c100_i.ptime
[1] 0.233

$c100_i.time
[1] 0.126

$c100_i.rmse
[1] 0.1615213

$c250_i.ptime
[1] 0.409

$c250_i.time
[1] 0.126

$c250_i.rmse
[1] 0.1154829

$c500_i.ptime
[1] 0.947

$c500_i.time
[1] 0.131

$c500_i.rmse
[1] 0.09060285

$c25_d.ptime
[1] 0.393

$c25_d.time
[1] 0.62

$c25_d.rmse
[1] 0.1839454

$c50_d.ptime
[1] 0.231

$c50_d.time
[1] 0.644

$c50_d.rmse
[1] 0.1557219

$c100_d.ptime
[1] 0.201

$c100_d.time
[1] 1.213

$c100_d.rmse
[1] 0.11074

$c250_d.ptime
[1] 0.113

$c250_d.time
[1] 4.589

$c250_d.rmse
[1] 0.0875262

$c500_d.ptime
[1] 0.112

$c500_d.time
[1] 17.805

$c500_d.rmse
[1] 0.07745467

$s25.ptime
[1] 0.149

$s25.time
[1] 0.001

$s25.rmse
[1] 0.5528456

$s50.ptime
[1] 0.138

$s50.time
[1] 0.002

$s50.rmse
[1] 0.5014087

$s100.ptime
[1] 0.256

$s100.time
[1] 0.004

$s100.rmse
[1] 0.3133585

$s250.ptime
[1] 0.409

$s250.time
[1] 0.006

$s250.rmse
[1] 0.2054718

$s500.ptime
[1] 0.749

$s500.time
[1] 0.014

$s500.rmse
[1] 0.1323125

$s1000.ptime
[1] 1.685

$s1000.time
[1] 0.03

$s1000.rmse
[1] 0.08578465

$s2500.ptime
[1] 21.363

$s2500.time
[1] 0.079

$s2500.rmse
[1] 0.05599142

        seed            p    full.time    full.rmse     l25.time     l25.rmse 
    2320.000       10.000        0.043        0.046        1.990        0.117 
    l50.time     l50.rmse    l100.time    l100.rmse    l250.time    l250.rmse 
       2.231        0.089        3.637        0.068       17.615        0.056 
   l500.time    l500.rmse  o25_i.ptime   o25_i.time   o25_i.rmse  o50_i.ptime 
      96.542        0.051        0.119        0.171        0.466        0.069 
  o50_i.time   o50_i.rmse o100_i.ptime  o100_i.time  o100_i.rmse o250_i.ptime 
       0.127        0.407        0.097        0.114        0.303        0.281 
 o250_i.time  o250_i.rmse o500_i.ptime  o500_i.time  o500_i.rmse  o25_d.ptime 
       0.110        0.185        0.809        0.115        0.123        0.108 
  o25_d.time   o25_d.rmse  o50_d.ptime   o50_d.time   o50_d.rmse o100_d.ptime 
       0.318        0.307        0.206        0.462        0.261        0.019 
 o100_d.time  o100_d.rmse o250_d.ptime  o250_d.time  o250_d.rmse o500_d.ptime 
       1.019        0.167        0.027        4.483        0.104        0.018 
 o500_d.time  o500_d.rmse  c25_i.ptime   c25_i.time   c25_i.rmse  c50_i.ptime 
      17.301        0.075        0.448        0.171        0.264        0.248 
  c50_i.time   c50_i.rmse c100_i.ptime  c100_i.time  c100_i.rmse c250_i.ptime 
       0.144        0.202        0.233        0.126        0.162        0.409 
 c250_i.time  c250_i.rmse c500_i.ptime  c500_i.time  c500_i.rmse  c25_d.ptime 
       0.126        0.115        0.947        0.131        0.091        0.393 
  c25_d.time   c25_d.rmse  c50_d.ptime   c50_d.time   c50_d.rmse c100_d.ptime 
       0.620        0.184        0.231        0.644        0.156        0.201 
 c100_d.time  c100_d.rmse c250_d.ptime  c250_d.time  c250_d.rmse c500_d.ptime 
       1.213        0.111        0.113        4.589        0.088        0.112 
 c500_d.time  c500_d.rmse    s25.ptime     s25.time     s25.rmse    s50.ptime 
      17.805        0.077        0.149        0.001        0.553        0.138 
    s50.time     s50.rmse   s100.ptime    s100.time    s100.rmse   s250.ptime 
       0.002        0.501        0.256        0.004        0.313        0.409 
   s250.time    s250.rmse   s500.ptime    s500.time    s500.rmse  s1000.ptime 
       0.006        0.205        0.749        0.014        0.132        1.685 
  s1000.time   s1000.rmse  s2500.ptime   s2500.time   s2500.rmse 
       0.030        0.086       21.363        0.079        0.056 
[1] 0.6049162
$full.time
[1] 0.047

$full.rmse
[1] 0.04522788

$full.time
[1] 0.047

$full.rmse
[1] 0.04522788

$l25.time
[1] 2.064

$l25.rmse
[1] 0.1075008

$l50.time
[1] 2.209

$l50.rmse
[1] 0.0831354

$l100.time
[1] 3.397

$l100.rmse
[1] 0.06819837

$l250.time
[1] 17.704

$l250.rmse
[1] 0.05530394

$l500.time
[1] 93.909

$l500.rmse
[1] 0.05074943

$o25_i.ptime
[1] 0.101

$o25_i.time
[1] 0.174

$o25_i.rmse
[1] 0.4090673

$o50_i.ptime
[1] 0.07

$o50_i.time
[1] 0.136

$o50_i.rmse
[1] 0.3391859

$o100_i.ptime
[1] 0.096

$o100_i.time
[1] 0.123

$o100_i.rmse
[1] 0.3017622

$o250_i.ptime
[1] 0.292

$o250_i.time
[1] 0.121

$o250_i.rmse
[1] 0.1586947

$o500_i.ptime
[1] 0.853

$o500_i.time
[1] 0.127

$o500_i.rmse
[1] 0.1172522

$o25_d.ptime
[1] 0.354

$o25_d.time
[1] 0.351

$o25_d.rmse
[1] 0.3120283

$o50_d.ptime
[1] 0.038

$o50_d.time
[1] 0.467

$o50_d.rmse
[1] 0.2366408

$o100_d.ptime
[1] 0.019

$o100_d.time
[1] 1.003

$o100_d.rmse
[1] 0.160385

$o250_d.ptime
[1] 0.03

$o250_d.time
[1] 4.368

$o250_d.rmse
[1] 0.1028468

$o500_d.ptime
[1] 0.017

$o500_d.time
[1] 20.451

$o500_d.rmse
[1] 0.07518667

$c25_i.ptime
[1] 0.483

$c25_i.time
[1] 0.202

$c25_i.rmse
[1] 0.2357183

$c50_i.ptime
[1] 0.299

$c50_i.time
[1] 0.167

$c50_i.rmse
[1] 0.19386

$c100_i.ptime
[1] 0.257

$c100_i.time
[1] 0.224

$c100_i.rmse
[1] 0.154797

$c250_i.ptime
[1] 0.423

$c250_i.time
[1] 0.129

$c250_i.rmse
[1] 0.1160673

$c500_i.ptime
[1] 1.049

$c500_i.time
[1] 0.135

$c500_i.rmse
[1] 0.1091313

$c25_d.ptime
[1] 0.39

$c25_d.time
[1] 0.528

$c25_d.rmse
[1] 0.1882253

$c50_d.ptime
[1] 0.31

$c50_d.time
[1] 0.658

$c50_d.rmse
[1] 0.1483355

$c100_d.ptime
[1] 0.163

$c100_d.time
[1] 1.23

$c100_d.rmse
[1] 0.1178875

$c250_d.ptime
[1] 0.111

$c250_d.time
[1] 4.527

$c250_d.rmse
[1] 0.08184271

$c500_d.ptime
[1] 0.103

$c500_d.time
[1] 19.099

$c500_d.rmse
[1] 0.06721439

$s25.ptime
[1] 0.15

$s25.time
[1] 0.001

$s25.rmse
[1] 0.4819826

$s50.ptime
[1] 0.178

$s50.time
[1] 0.002

$s50.rmse
[1] 0.4158513

$s100.ptime
[1] 0.241

$s100.time
[1] 0.003

$s100.rmse
[1] 0.3060219

$s250.ptime
[1] 0.457

$s250.time
[1] 0.006

$s250.rmse
[1] 0.1822222

$s500.ptime
[1] 0.695

$s500.time
[1] 0.034

$s500.rmse
[1] 0.1193267

$s1000.ptime
[1] 1.666

$s1000.time
[1] 0.026

$s1000.rmse
[1] 0.08226438

$s2500.ptime
[1] 27.806

$s2500.time
[1] 0.097

$s2500.rmse
[1] 0.05493898

        seed            p    full.time    full.rmse     l25.time     l25.rmse 
    2321.000       10.000        0.047        0.045        2.064        0.108 
    l50.time     l50.rmse    l100.time    l100.rmse    l250.time    l250.rmse 
       2.209        0.083        3.397        0.068       17.704        0.055 
   l500.time    l500.rmse  o25_i.ptime   o25_i.time   o25_i.rmse  o50_i.ptime 
      93.909        0.051        0.101        0.174        0.409        0.070 
  o50_i.time   o50_i.rmse o100_i.ptime  o100_i.time  o100_i.rmse o250_i.ptime 
       0.136        0.339        0.096        0.123        0.302        0.292 
 o250_i.time  o250_i.rmse o500_i.ptime  o500_i.time  o500_i.rmse  o25_d.ptime 
       0.121        0.159        0.853        0.127        0.117        0.354 
  o25_d.time   o25_d.rmse  o50_d.ptime   o50_d.time   o50_d.rmse o100_d.ptime 
       0.351        0.312        0.038        0.467        0.237        0.019 
 o100_d.time  o100_d.rmse o250_d.ptime  o250_d.time  o250_d.rmse o500_d.ptime 
       1.003        0.160        0.030        4.368        0.103        0.017 
 o500_d.time  o500_d.rmse  c25_i.ptime   c25_i.time   c25_i.rmse  c50_i.ptime 
      20.451        0.075        0.483        0.202        0.236        0.299 
  c50_i.time   c50_i.rmse c100_i.ptime  c100_i.time  c100_i.rmse c250_i.ptime 
       0.167        0.194        0.257        0.224        0.155        0.423 
 c250_i.time  c250_i.rmse c500_i.ptime  c500_i.time  c500_i.rmse  c25_d.ptime 
       0.129        0.116        1.049        0.135        0.109        0.390 
  c25_d.time   c25_d.rmse  c50_d.ptime   c50_d.time   c50_d.rmse c100_d.ptime 
       0.528        0.188        0.310        0.658        0.148        0.163 
 c100_d.time  c100_d.rmse c250_d.ptime  c250_d.time  c250_d.rmse c500_d.ptime 
       1.230        0.118        0.111        4.527        0.082        0.103 
 c500_d.time  c500_d.rmse    s25.ptime     s25.time     s25.rmse    s50.ptime 
      19.099        0.067        0.150        0.001        0.482        0.178 
    s50.time     s50.rmse   s100.ptime    s100.time    s100.rmse   s250.ptime 
       0.002        0.416        0.241        0.003        0.306        0.457 
   s250.time    s250.rmse   s500.ptime    s500.time    s500.rmse  s1000.ptime 
       0.006        0.182        0.695        0.034        0.119        1.666 
  s1000.time   s1000.rmse  s2500.ptime   s2500.time   s2500.rmse 
       0.026        0.082       27.806        0.097        0.055 
[1] 0.8843032
$full.time
[1] 0.06

$full.rmse
[1] 0.04296949

$full.time
[1] 0.06

$full.rmse
[1] 0.04296949

$l25.time
[1] 2.017

$l25.rmse
[1] 0.1120481

$l50.time
[1] 2.232

$l50.rmse
[1] 0.0840221

$l100.time
[1] 3.574

$l100.rmse
[1] 0.06819528

$l250.time
[1] 18.083

$l250.rmse
[1] 0.05511955

$l500.time
[1] 95.073

$l500.rmse
[1] 0.04944631

$o25_i.ptime
[1] 0.098

$o25_i.time
[1] 0.17

$o25_i.rmse
[1] 0.4559909

$o50_i.ptime
[1] 0.068

$o50_i.time
[1] 0.135

$o50_i.rmse
[1] 0.3739845

$o100_i.ptime
[1] 0.096

$o100_i.time
[1] 0.123

$o100_i.rmse
[1] 0.2865759

$o250_i.ptime
[1] 0.528

$o250_i.time
[1] 0.119

$o250_i.rmse
[1] 0.1782094

$o500_i.ptime
[1] 0.812

$o500_i.time
[1] 0.126

$o500_i.rmse
[1] 0.1188381

$o25_d.ptime
[1] 0.11

$o25_d.time
[1] 0.342

$o25_d.rmse
[1] 0.3062676

$o50_d.ptime
[1] 0.038

$o50_d.time
[1] 0.475

$o50_d.rmse
[1] 0.2286274

$o100_d.ptime
[1] 0.021

$o100_d.time
[1] 0.92

$o100_d.rmse
[1] 0.1710643

$o250_d.ptime
[1] 0.02

$o250_d.time
[1] 3.889

$o250_d.rmse
[1] 0.1033496

$o500_d.ptime
[1] 0.016

$o500_d.time
[1] 20.367

$o500_d.rmse
[1] 0.07244058

$c25_i.ptime
[1] 0.54

$c25_i.time
[1] 0.205

$c25_i.rmse
[1] 0.2464422

$c50_i.ptime
[1] 0.293

$c50_i.time
[1] 0.165

$c50_i.rmse
[1] 0.2167487

$c100_i.ptime
[1] 0.266

$c100_i.time
[1] 0.143

$c100_i.rmse
[1] 0.1541011

$c250_i.ptime
[1] 0.407

$c250_i.time
[1] 0.133

$c250_i.rmse
[1] 0.1101732

$c500_i.ptime
[1] 0.913

$c500_i.time
[1] 0.143

$c500_i.rmse
[1] 0.08772826

$c25_d.ptime
[1] 0.414

$c25_d.time
[1] 0.532

$c25_d.rmse
[1] 0.1883159

$c50_d.ptime
[1] 0.201

$c50_d.time
[1] 0.637

$c50_d.rmse
[1] 0.1473324

$c100_d.ptime
[1] 0.16

$c100_d.time
[1] 1.193

$c100_d.rmse
[1] 0.1165774

$c250_d.ptime
[1] 0.119

$c250_d.time
[1] 4.464

$c250_d.rmse
[1] 0.08132128

$c500_d.ptime
[1] 0.068

$c500_d.time
[1] 20.267

$c500_d.rmse
[1] 0.06423679

$s25.ptime
[1] 0.141

$s25.time
[1] 0.001

$s25.rmse
[1] 0.5309609

$s50.ptime
[1] 0.186

$s50.time
[1] 0.001

$s50.rmse
[1] 0.4287902

$s100.ptime
[1] 0.265

$s100.time
[1] 0.002

$s100.rmse
[1] 0.3494217

$s250.ptime
[1] 0.422

$s250.time
[1] 0.006

$s250.rmse
[1] 0.1896779

$s500.ptime
[1] 0.701

$s500.time
[1] 0.012

$s500.rmse
[1] 0.1277135

$s1000.ptime
[1] 1.541

$s1000.time
[1] 0.03

$s1000.rmse
[1] 0.08040991

$s2500.ptime
[1] 33.97

$s2500.time
[1] 0.084

$s2500.rmse
[1] 0.05200241

        seed            p    full.time    full.rmse     l25.time     l25.rmse 
    2322.000       10.000        0.060        0.043        2.017        0.112 
    l50.time     l50.rmse    l100.time    l100.rmse    l250.time    l250.rmse 
       2.232        0.084        3.574        0.068       18.083        0.055 
   l500.time    l500.rmse  o25_i.ptime   o25_i.time   o25_i.rmse  o50_i.ptime 
      95.073        0.049        0.098        0.170        0.456        0.068 
  o50_i.time   o50_i.rmse o100_i.ptime  o100_i.time  o100_i.rmse o250_i.ptime 
       0.135        0.374        0.096        0.123        0.287        0.528 
 o250_i.time  o250_i.rmse o500_i.ptime  o500_i.time  o500_i.rmse  o25_d.ptime 
       0.119        0.178        0.812        0.126        0.119        0.110 
  o25_d.time   o25_d.rmse  o50_d.ptime   o50_d.time   o50_d.rmse o100_d.ptime 
       0.342        0.306        0.038        0.475        0.229        0.021 
 o100_d.time  o100_d.rmse o250_d.ptime  o250_d.time  o250_d.rmse o500_d.ptime 
       0.920        0.171        0.020        3.889        0.103        0.016 
 o500_d.time  o500_d.rmse  c25_i.ptime   c25_i.time   c25_i.rmse  c50_i.ptime 
      20.367        0.072        0.540        0.205        0.246        0.293 
  c50_i.time   c50_i.rmse c100_i.ptime  c100_i.time  c100_i.rmse c250_i.ptime 
       0.165        0.217        0.266        0.143        0.154        0.407 
 c250_i.time  c250_i.rmse c500_i.ptime  c500_i.time  c500_i.rmse  c25_d.ptime 
       0.133        0.110        0.913        0.143        0.088        0.414 
  c25_d.time   c25_d.rmse  c50_d.ptime   c50_d.time   c50_d.rmse c100_d.ptime 
       0.532        0.188        0.201        0.637        0.147        0.160 
 c100_d.time  c100_d.rmse c250_d.ptime  c250_d.time  c250_d.rmse c500_d.ptime 
       1.193        0.117        0.119        4.464        0.081        0.068 
 c500_d.time  c500_d.rmse    s25.ptime     s25.time     s25.rmse    s50.ptime 
      20.267        0.064        0.141        0.001        0.531        0.186 
    s50.time     s50.rmse   s100.ptime    s100.time    s100.rmse   s250.ptime 
       0.001        0.429        0.265        0.002        0.349        0.422 
   s250.time    s250.rmse   s500.ptime    s500.time    s500.rmse  s1000.ptime 
       0.006        0.190        0.701        0.012        0.128        1.541 
  s1000.time   s1000.rmse  s2500.ptime   s2500.time   s2500.rmse 
       0.030        0.080       33.970        0.084        0.052 
[1] 1.089555
$full.time
[1] 0.059

$full.rmse
[1] 0.04296968

$full.time
[1] 0.059

$full.rmse
[1] 0.04296968

$l25.time
[1] 1.92

$l25.rmse
[1] 0.1181198

$l50.time
[1] 2.175

$l50.rmse
[1] 0.09200577

$l100.time
[1] 3.386

$l100.rmse
[1] 0.07021013

$l250.time
[1] 17.634

$l250.rmse
[1] 0.0524629

$l500.time
[1] 95.701

$l500.rmse
[1] 0.04743391

$o25_i.ptime
[1] 0.352

$o25_i.time
[1] 0.165

$o25_i.rmse
[1] 0.4779385

$o50_i.ptime
[1] 0.074

$o50_i.time
[1] 0.135

$o50_i.rmse
[1] 0.3844369

$o100_i.ptime
[1] 0.103

$o100_i.time
[1] 0.12

$o100_i.rmse
[1] 0.2890471

$o250_i.ptime
[1] 0.296

$o250_i.time
[1] 0.117

$o250_i.rmse
[1] 0.1685254

$o500_i.ptime
[1] 0.849

$o500_i.time
[1] 0.12

$o500_i.rmse
[1] 0.1198869

$o25_d.ptime
[1] 0.117

$o25_d.time
[1] 0.374

$o25_d.rmse
[1] 0.3141117

$o50_d.ptime
[1] 0.039

$o50_d.time
[1] 0.464

$o50_d.rmse
[1] 0.2327868

$o100_d.ptime
[1] 0.02

$o100_d.time
[1] 0.928

$o100_d.rmse
[1] 0.1798562

$o250_d.ptime
[1] 0.014

$o250_d.time
[1] 3.975

$o250_d.rmse
[1] 0.1030546

$o500_d.ptime
[1] 0.06

$o500_d.time
[1] 20.46

$o500_d.rmse
[1] 0.07159923

$c25_i.ptime
[1] 0.413

$c25_i.time
[1] 0.202

$c25_i.rmse
[1] 0.3017583

$c50_i.ptime
[1] 0.294

$c50_i.time
[1] 0.15

$c50_i.rmse
[1] 0.2192918

$c100_i.ptime
[1] 0.249

$c100_i.time
[1] 0.129

$c100_i.rmse
[1] 0.1801295

$c250_i.ptime
[1] 0.377

$c250_i.time
[1] 0.127

$c250_i.rmse
[1] 0.1221525

$c500_i.ptime
[1] 0.882

$c500_i.time
[1] 0.132

$c500_i.rmse
[1] 0.09692459

$c25_d.ptime
[1] 0.486

$c25_d.time
[1] 0.515

$c25_d.rmse
[1] 0.2242473

$c50_d.ptime
[1] 0.26

$c50_d.time
[1] 0.634

$c50_d.rmse
[1] 0.1687559

$c100_d.ptime
[1] 0.163

$c100_d.time
[1] 1.167

$c100_d.rmse
[1] 0.126778

$c250_d.ptime
[1] 0.193

$c250_d.time
[1] 4.393

$c250_d.rmse
[1] 0.09013917

$c500_d.ptime
[1] 0.109

$c500_d.time
[1] 20.81

$c500_d.rmse
[1] 0.07352997

$s25.ptime
[1] 0.135

$s25.time
[1] 0.001

$s25.rmse
[1] 0.6326351

$s50.ptime
[1] 0.201

$s50.time
[1] 0.002

$s50.rmse
[1] 0.5021339

$s100.ptime
[1] 0.255

$s100.time
[1] 0.003

$s100.rmse
[1] 0.3218229

$s250.ptime
[1] 0.45

$s250.time
[1] 0.008

$s250.rmse
[1] 0.2106663

$s500.ptime
[1] 0.784

$s500.time
[1] 0.013

$s500.rmse
[1] 0.12336

$s1000.ptime
[1] 1.729

$s1000.time
[1] 0.038

$s1000.rmse
[1] 0.08109099

$s2500.ptime
[1] 27.507

$s2500.time
[1] 0.087

$s2500.rmse
[1] 0.05272919

        seed            p    full.time    full.rmse     l25.time     l25.rmse 
    2323.000       10.000        0.059        0.043        1.920        0.118 
    l50.time     l50.rmse    l100.time    l100.rmse    l250.time    l250.rmse 
       2.175        0.092        3.386        0.070       17.634        0.052 
   l500.time    l500.rmse  o25_i.ptime   o25_i.time   o25_i.rmse  o50_i.ptime 
      95.701        0.047        0.352        0.165        0.478        0.074 
  o50_i.time   o50_i.rmse o100_i.ptime  o100_i.time  o100_i.rmse o250_i.ptime 
       0.135        0.384        0.103        0.120        0.289        0.296 
 o250_i.time  o250_i.rmse o500_i.ptime  o500_i.time  o500_i.rmse  o25_d.ptime 
       0.117        0.169        0.849        0.120        0.120        0.117 
  o25_d.time   o25_d.rmse  o50_d.ptime   o50_d.time   o50_d.rmse o100_d.ptime 
       0.374        0.314        0.039        0.464        0.233        0.020 
 o100_d.time  o100_d.rmse o250_d.ptime  o250_d.time  o250_d.rmse o500_d.ptime 
       0.928        0.180        0.014        3.975        0.103        0.060 
 o500_d.time  o500_d.rmse  c25_i.ptime   c25_i.time   c25_i.rmse  c50_i.ptime 
      20.460        0.072        0.413        0.202        0.302        0.294 
  c50_i.time   c50_i.rmse c100_i.ptime  c100_i.time  c100_i.rmse c250_i.ptime 
       0.150        0.219        0.249        0.129        0.180        0.377 
 c250_i.time  c250_i.rmse c500_i.ptime  c500_i.time  c500_i.rmse  c25_d.ptime 
       0.127        0.122        0.882        0.132        0.097        0.486 
  c25_d.time   c25_d.rmse  c50_d.ptime   c50_d.time   c50_d.rmse c100_d.ptime 
       0.515        0.224        0.260        0.634        0.169        0.163 
 c100_d.time  c100_d.rmse c250_d.ptime  c250_d.time  c250_d.rmse c500_d.ptime 
       1.167        0.127        0.193        4.393        0.090        0.109 
 c500_d.time  c500_d.rmse    s25.ptime     s25.time     s25.rmse    s50.ptime 
      20.810        0.074        0.135        0.001        0.633        0.201 
    s50.time     s50.rmse   s100.ptime    s100.time    s100.rmse   s250.ptime 
       0.002        0.502        0.255        0.003        0.322        0.450 
   s250.time    s250.rmse   s500.ptime    s500.time    s500.rmse  s1000.ptime 
       0.008        0.211        0.784        0.013        0.123        1.729 
  s1000.time   s1000.rmse  s2500.ptime   s2500.time   s2500.rmse 
       0.038        0.081       27.507        0.087        0.053 
  seed  p full.time  full.rmse l25.time  l25.rmse l50.time   l50.rmse l100.time
1 2319 10     0.044 0.04538840    2.158 0.1110624    2.223 0.08449001     3.607
2 2320 10     0.043 0.04617437    1.990 0.1165674    2.231 0.08869107     3.637
3 2321 10     0.047 0.04522788    2.064 0.1075008    2.209 0.08313540     3.397
4 2322 10     0.060 0.04296949    2.017 0.1120481    2.232 0.08402210     3.574
5 2323 10     0.059 0.04296968    1.920 0.1181198    2.175 0.09200577     3.386
   l100.rmse l250.time  l250.rmse l500.time  l500.rmse o25_i.ptime o25_i.time
1 0.06517638    18.352 0.05464724    97.158 0.04940806       0.109      0.173
2 0.06811745    17.615 0.05618087    96.542 0.05143114       0.119      0.171
3 0.06819837    17.704 0.05530394    93.909 0.05074943       0.101      0.174
4 0.06819528    18.083 0.05511955    95.073 0.04944631       0.098      0.170
5 0.07021013    17.634 0.05246290    95.701 0.04743391       0.352      0.165
  o25_i.rmse o50_i.ptime o50_i.time o50_i.rmse o100_i.ptime o100_i.time
1  0.4299198       0.076      0.134  0.3315139        0.101       0.121
2  0.4658827       0.069      0.127  0.4068096        0.097       0.114
3  0.4090673       0.070      0.136  0.3391859        0.096       0.123
4  0.4559909       0.068      0.135  0.3739845        0.096       0.123
5  0.4779385       0.074      0.135  0.3844369        0.103       0.120
  o100_i.rmse o250_i.ptime o250_i.time o250_i.rmse o500_i.ptime o500_i.time
1   0.2683636        0.300       0.119   0.1688658        0.859       0.122
2   0.3026152        0.281       0.110   0.1849374        0.809       0.115
3   0.3017622        0.292       0.121   0.1586947        0.853       0.127
4   0.2865759        0.528       0.119   0.1782094        0.812       0.126
5   0.2890471        0.296       0.117   0.1685254        0.849       0.120
  o500_i.rmse o25_d.ptime o25_d.time o25_d.rmse o50_d.ptime o50_d.time
1   0.1199853       0.122      0.340  0.2921550       0.038      0.607
2   0.1228235       0.108      0.318  0.3067919       0.206      0.462
3   0.1172522       0.354      0.351  0.3120283       0.038      0.467
4   0.1188381       0.110      0.342  0.3062676       0.038      0.475
5   0.1198869       0.117      0.374  0.3141117       0.039      0.464
  o50_d.rmse o100_d.ptime o100_d.time o100_d.rmse o250_d.ptime o250_d.time
1  0.2292409        0.020       1.086   0.1616880        0.015       4.444
2  0.2608444        0.019       1.019   0.1674383        0.027       4.483
3  0.2366408        0.019       1.003   0.1603850        0.030       4.368
4  0.2286274        0.021       0.920   0.1710643        0.020       3.889
5  0.2327868        0.020       0.928   0.1798562        0.014       3.975
  o250_d.rmse o500_d.ptime o500_d.time o500_d.rmse c25_i.ptime c25_i.time
1   0.1011977        0.017      17.635  0.07179967       0.509      0.186
2   0.1036630        0.018      17.301  0.07450862       0.448      0.171
3   0.1028468        0.017      20.451  0.07518667       0.483      0.202
4   0.1033496        0.016      20.367  0.07244058       0.540      0.205
5   0.1030546        0.060      20.460  0.07159923       0.413      0.202
  c25_i.rmse c50_i.ptime c50_i.time c50_i.rmse c100_i.ptime c100_i.time
1  0.2497387       0.367      0.155  0.2082733        0.265       0.142
2  0.2642726       0.248      0.144  0.2017681        0.233       0.126
3  0.2357183       0.299      0.167  0.1938600        0.257       0.224
4  0.2464422       0.293      0.165  0.2167487        0.266       0.143
5  0.3017583       0.294      0.150  0.2192918        0.249       0.129
  c100_i.rmse c250_i.ptime c250_i.time c250_i.rmse c500_i.ptime c500_i.time
1   0.1626330        0.455       0.139   0.1167189        0.935       0.148
2   0.1615213        0.409       0.126   0.1154829        0.947       0.131
3   0.1547970        0.423       0.129   0.1160673        1.049       0.135
4   0.1541011        0.407       0.133   0.1101732        0.913       0.143
5   0.1801295        0.377       0.127   0.1221525        0.882       0.132
  c500_i.rmse c25_d.ptime c25_d.time c25_d.rmse c50_d.ptime c50_d.time
1  0.09519361       0.446      0.550  0.2015940       0.199      0.615
2  0.09060285       0.393      0.620  0.1839454       0.231      0.644
3  0.10913133       0.390      0.528  0.1882253       0.310      0.658
4  0.08772826       0.414      0.532  0.1883159       0.201      0.637
5  0.09692459       0.486      0.515  0.2242473       0.260      0.634
  c50_d.rmse c100_d.ptime c100_d.time c100_d.rmse c250_d.ptime c250_d.time
1  0.1594859        0.192       1.256   0.1231188        0.105       4.575
2  0.1557219        0.201       1.213   0.1107400        0.113       4.589
3  0.1483355        0.163       1.230   0.1178875        0.111       4.527
4  0.1473324        0.160       1.193   0.1165774        0.119       4.464
5  0.1687559        0.163       1.167   0.1267780        0.193       4.393
  c250_d.rmse c500_d.ptime c500_d.time c500_d.rmse s25.ptime s25.time  s25.rmse
1  0.07908327        0.149      19.059  0.07180814     0.131    0.001 0.4293836
2  0.08752620        0.112      17.805  0.07745467     0.149    0.001 0.5528456
3  0.08184271        0.103      19.099  0.06721439     0.150    0.001 0.4819826
4  0.08132128        0.068      20.267  0.06423679     0.141    0.001 0.5309609
5  0.09013917        0.109      20.810  0.07352997     0.135    0.001 0.6326351
  s50.ptime s50.time  s50.rmse s100.ptime s100.time s100.rmse s250.ptime
1     0.142    0.001 0.3740873      0.259     0.002 0.3035848      0.460
2     0.138    0.002 0.5014087      0.256     0.004 0.3133585      0.409
3     0.178    0.002 0.4158513      0.241     0.003 0.3060219      0.457
4     0.186    0.001 0.4287902      0.265     0.002 0.3494217      0.422
5     0.201    0.002 0.5021339      0.255     0.003 0.3218229      0.450
  s250.time s250.rmse s500.ptime s500.time s500.rmse s1000.ptime s1000.time
1     0.007 0.1804776      0.768     0.014 0.1218561       1.750      0.029
2     0.006 0.2054718      0.749     0.014 0.1323125       1.685      0.030
3     0.006 0.1822222      0.695     0.034 0.1193267       1.666      0.026
4     0.006 0.1896779      0.701     0.012 0.1277135       1.541      0.030
5     0.008 0.2106663      0.784     0.013 0.1233600       1.729      0.038
  s1000.rmse s2500.ptime s2500.time s2500.rmse
1 0.08554562      19.643      0.077 0.05396781
2 0.08578465      21.363      0.079 0.05599142
3 0.08226438      27.806      0.097 0.05493898
4 0.08040991      33.970      0.084 0.05200241
5 0.08109099      27.507      0.087 0.05272919
> 
> proc.time()
    user   system  elapsed 
1263.552   17.152 1302.002 
