
R version 3.0.3 (2014-03-06) -- "Warm Puppy"
Copyright (C) 2014 The R Foundation for Statistical Computing
Platform: x86_64-unknown-linux-gnu (64-bit)

R is free software and comes with ABSOLUTELY NO WARRANTY.
You are welcome to redistribute it under certain conditions.
Type 'license()' or 'licence()' for distribution details.

  Natural language support but running in an English locale

R is a collaborative project with many contributors.
Type 'contributors()' for more information and
'citation()' on how to cite R or R packages in publications.

Type 'demo()' for some demos, 'help()' for on-line help, or
'help.start()' for an HTML browser interface to help.
Type 'q()' to quit R.

> print(.libPaths())
[1] "/usr/local/r-3.0.3/lib64/R/library"
> .libPaths("/mnt/home/rjparker/Rlib")
> print(.libPaths())
[1] "/mnt/home/rjparker/Rlib"            "/usr/local/r-3.0.3/lib64/R/library"
> setwd("/mnt/home/rjparker/git/block_int")
> 
> which_exp <- 4
> which_part <- 5
> source("R/sim_nblocks_pred.R")
Loading required package: spam
Loading required package: grid
Spam version 0.41-0 (2014-02-26) is loaded.
Type 'help( Spam)' or 'demo( spam)' for a short introduction 
and overview of this package.
Help for individual functions is also obtained by adding the
suffix '.spam' to the function name, e.g. 'help( chol.spam)'.

Attaching package: ‘spam’

The following objects are masked from ‘package:base’:

    backsolve, forwardsolve

Loading required package: maps
  pred  p b tau Nper_p Npred Fzero sigma2
4 TRUE 10 4  10   5000  1000     0      1
[1] 0.875953
$full.time
[1] 0.032

$full.rmse
[1] 0.04521879

$full.time
[1] 0.032

$full.rmse
[1] 0.04521879

$l25.time
[1] 1.621

$l25.rmse
[1] 0.1169964

$l50.time
[1] 1.625

$l50.rmse
[1] 0.08853044

$l100.time
[1] 3.564

$l100.rmse
[1] 0.06960487

$l250.time
[1] 17.542

$l250.rmse
[1] 0.05798142

$l500.time
[1] 86.388

$l500.rmse
[1] 0.0528652

$o25_i.ptime
[1] 0.094

$o25_i.time
[1] 0.149

$o25_i.rmse
[1] 0.4876254

$o50_i.ptime
[1] 0.066

$o50_i.time
[1] 0.114

$o50_i.rmse
[1] 0.3720017

$o100_i.ptime
[1] 0.088

$o100_i.time
[1] 0.102

$o100_i.rmse
[1] 0.2691536

$o250_i.ptime
[1] 0.262

$o250_i.time
[1] 0.1

$o250_i.rmse
[1] 0.1822261

$o500_i.ptime
[1] 0.684

$o500_i.time
[1] 0.096

$o500_i.rmse
[1] 0.1208476

$o25_d.ptime
[1] 0.103

$o25_d.time
[1] 0.285

$o25_d.rmse
[1] 0.3171809

$o50_d.ptime
[1] 0.031

$o50_d.time
[1] 0.464

$o50_d.rmse
[1] 0.2486958

$o100_d.ptime
[1] 0.016

$o100_d.time
[1] 0.735

$o100_d.rmse
[1] 0.175519

$o250_d.ptime
[1] 0.011

$o250_d.time
[1] 3.385

$o250_d.rmse
[1] 0.1093523

$o500_d.ptime
[1] 0.015

$o500_d.time
[1] 13.833

$o500_d.rmse
[1] 0.07133833

$c25_i.ptime
[1] 0.464

$c25_i.time
[1] 0.163

$c25_i.rmse
[1] 0.2776585

$c50_i.ptime
[1] 0.34

$c50_i.time
[1] 0.134

$c50_i.rmse
[1] 0.2306128

$c100_i.ptime
[1] 0.269

$c100_i.time
[1] 0.124

$c100_i.rmse
[1] 0.1542511

$c250_i.ptime
[1] 0.406

$c250_i.time
[1] 0.117

$c250_i.rmse
[1] 0.1145254

$c500_i.ptime
[1] 0.824

$c500_i.time
[1] 0.121

$c500_i.rmse
[1] 0.09066426

$c25_d.ptime
[1] 0.411

$c25_d.time
[1] 0.425

$c25_d.rmse
[1] 0.2111749

$c50_d.ptime
[1] 0.228

$c50_d.time
[1] 0.518

$c50_d.rmse
[1] 0.1529613

$c100_d.ptime
[1] 0.123

$c100_d.time
[1] 1.05

$c100_d.rmse
[1] 0.1148759

$c250_d.ptime
[1] 0.072

$c250_d.time
[1] 3.639

$c250_d.rmse
[1] 0.08826448

$c500_d.ptime
[1] 0.066

$c500_d.time
[1] 14.08

$c500_d.rmse
[1] 0.06707761

$s25.ptime
[1] 0.094

$s25.time
[1] 0

$s25.rmse
[1] 0.5253889

$s50.ptime
[1] 0.15

$s50.time
[1] 0.002

$s50.rmse
[1] 0.3907442

$s100.ptime
[1] 0.236

$s100.time
[1] 0.003

$s100.rmse
[1] 0.3025699

$s250.ptime
[1] 0.388

$s250.time
[1] 0.005

$s250.rmse
[1] 0.195772

$s500.ptime
[1] 0.622

$s500.time
[1] 0.014

$s500.rmse
[1] 0.1258387

$s1000.ptime
[1] 1.4

$s1000.time
[1] 0.028

$s1000.rmse
[1] 0.08248875

$s2500.ptime
[1] 15.15

$s2500.time
[1] 0.086

$s2500.rmse
[1] 0.05411887

        seed            p    full.time    full.rmse     l25.time     l25.rmse 
    2304.000       10.000        0.032        0.045        1.621        0.117 
    l50.time     l50.rmse    l100.time    l100.rmse    l250.time    l250.rmse 
       1.625        0.089        3.564        0.070       17.542        0.058 
   l500.time    l500.rmse  o25_i.ptime   o25_i.time   o25_i.rmse  o50_i.ptime 
      86.388        0.053        0.094        0.149        0.488        0.066 
  o50_i.time   o50_i.rmse o100_i.ptime  o100_i.time  o100_i.rmse o250_i.ptime 
       0.114        0.372        0.088        0.102        0.269        0.262 
 o250_i.time  o250_i.rmse o500_i.ptime  o500_i.time  o500_i.rmse  o25_d.ptime 
       0.100        0.182        0.684        0.096        0.121        0.103 
  o25_d.time   o25_d.rmse  o50_d.ptime   o50_d.time   o50_d.rmse o100_d.ptime 
       0.285        0.317        0.031        0.464        0.249        0.016 
 o100_d.time  o100_d.rmse o250_d.ptime  o250_d.time  o250_d.rmse o500_d.ptime 
       0.735        0.176        0.011        3.385        0.109        0.015 
 o500_d.time  o500_d.rmse  c25_i.ptime   c25_i.time   c25_i.rmse  c50_i.ptime 
      13.833        0.071        0.464        0.163        0.278        0.340 
  c50_i.time   c50_i.rmse c100_i.ptime  c100_i.time  c100_i.rmse c250_i.ptime 
       0.134        0.231        0.269        0.124        0.154        0.406 
 c250_i.time  c250_i.rmse c500_i.ptime  c500_i.time  c500_i.rmse  c25_d.ptime 
       0.117        0.115        0.824        0.121        0.091        0.411 
  c25_d.time   c25_d.rmse  c50_d.ptime   c50_d.time   c50_d.rmse c100_d.ptime 
       0.425        0.211        0.228        0.518        0.153        0.123 
 c100_d.time  c100_d.rmse c250_d.ptime  c250_d.time  c250_d.rmse c500_d.ptime 
       1.050        0.115        0.072        3.639        0.088        0.066 
 c500_d.time  c500_d.rmse    s25.ptime     s25.time     s25.rmse    s50.ptime 
      14.080        0.067        0.094        0.000        0.525        0.150 
    s50.time     s50.rmse   s100.ptime    s100.time    s100.rmse   s250.ptime 
       0.002        0.391        0.236        0.003        0.303        0.388 
   s250.time    s250.rmse   s500.ptime    s500.time    s500.rmse  s1000.ptime 
       0.005        0.196        0.622        0.014        0.126        1.400 
  s1000.time   s1000.rmse  s2500.ptime   s2500.time   s2500.rmse 
       0.028        0.082       15.150        0.086        0.054 
[1] 0.8728138
$full.time
[1] 0.037

$full.rmse
[1] 0.04453532

$full.time
[1] 0.037

$full.rmse
[1] 0.04453532

$l25.time
[1] 1.961

$l25.rmse
[1] 0.1188061

$l50.time
[1] 1.771

$l50.rmse
[1] 0.08666414

$l100.time
[1] 2.996

$l100.rmse
[1] 0.06578619

$l250.time
[1] 15.81

$l250.rmse
[1] 0.05448128

$l500.time
[1] 86.414

$l500.rmse
[1] 0.04942782

$o25_i.ptime
[1] 0.112

$o25_i.time
[1] 0.191

$o25_i.rmse
[1] 0.4652538

$o50_i.ptime
[1] 0.08

$o50_i.time
[1] 0.149

$o50_i.rmse
[1] 0.3614463

$o100_i.ptime
[1] 0.109

$o100_i.time
[1] 0.134

$o100_i.rmse
[1] 0.2580761

$o250_i.ptime
[1] 0.302

$o250_i.time
[1] 0.135

$o250_i.rmse
[1] 0.1657035

$o500_i.ptime
[1] 0.842

$o500_i.time
[1] 0.132

$o500_i.rmse
[1] 0.1137637

$o25_d.ptime
[1] 0.122

$o25_d.time
[1] 0.388

$o25_d.rmse
[1] 0.3061049

$o50_d.ptime
[1] 0.213

$o50_d.time
[1] 0.478

$o50_d.rmse
[1] 0.2310275

$o100_d.ptime
[1] 0.02

$o100_d.time
[1] 0.957

$o100_d.rmse
[1] 0.1712301

$o250_d.ptime
[1] 0.015

$o250_d.time
[1] 3.526

$o250_d.rmse
[1] 0.1046776

$o500_d.ptime
[1] 0.017

$o500_d.time
[1] 13.888

$o500_d.rmse
[1] 0.07613398

$c25_i.ptime
[1] 0.413

$c25_i.time
[1] 0.167

$c25_i.rmse
[1] 0.2426365

$c50_i.ptime
[1] 0.282

$c50_i.time
[1] 0.135

$c50_i.rmse
[1] 0.2105246

$c100_i.ptime
[1] 0.234

$c100_i.time
[1] 0.123

$c100_i.rmse
[1] 0.1596993

$c250_i.ptime
[1] 0.42

$c250_i.time
[1] 0.118

$c250_i.rmse
[1] 0.1173073

$c500_i.ptime
[1] 0.848

$c500_i.time
[1] 0.121

$c500_i.rmse
[1] 0.08965376

$c25_d.ptime
[1] 0.435

$c25_d.time
[1] 0.482

$c25_d.rmse
[1] 0.192265

$c50_d.ptime
[1] 0.256

$c50_d.time
[1] 0.581

$c50_d.rmse
[1] 0.162869

$c100_d.ptime
[1] 0.174

$c100_d.time
[1] 1.155

$c100_d.rmse
[1] 0.1163446

$c250_d.ptime
[1] 0.177

$c250_d.time
[1] 3.737

$c250_d.rmse
[1] 0.08289729

$c500_d.ptime
[1] 0.09

$c500_d.time
[1] 14.495

$c500_d.rmse
[1] 0.0697118

$s25.ptime
[1] 0.133

$s25.time
[1] 0.001

$s25.rmse
[1] 0.5319795

$s50.ptime
[1] 0.176

$s50.time
[1] 0.002

$s50.rmse
[1] 0.3944041

$s100.ptime
[1] 0.25

$s100.time
[1] 0.002

$s100.rmse
[1] 0.3039821

$s250.ptime
[1] 0.398

$s250.time
[1] 0.008

$s250.rmse
[1] 0.1772239

$s500.ptime
[1] 0.693

$s500.time
[1] 0.015

$s500.rmse
[1] 0.1154306

$s1000.ptime
[1] 1.472

$s1000.time
[1] 0.03

$s1000.rmse
[1] 0.08063983

$s2500.ptime
[1] 14.1

$s2500.time
[1] 0.083

$s2500.rmse
[1] 0.05037465

        seed            p    full.time    full.rmse     l25.time     l25.rmse 
    2305.000       10.000        0.037        0.045        1.961        0.119 
    l50.time     l50.rmse    l100.time    l100.rmse    l250.time    l250.rmse 
       1.771        0.087        2.996        0.066       15.810        0.054 
   l500.time    l500.rmse  o25_i.ptime   o25_i.time   o25_i.rmse  o50_i.ptime 
      86.414        0.049        0.112        0.191        0.465        0.080 
  o50_i.time   o50_i.rmse o100_i.ptime  o100_i.time  o100_i.rmse o250_i.ptime 
       0.149        0.361        0.109        0.134        0.258        0.302 
 o250_i.time  o250_i.rmse o500_i.ptime  o500_i.time  o500_i.rmse  o25_d.ptime 
       0.135        0.166        0.842        0.132        0.114        0.122 
  o25_d.time   o25_d.rmse  o50_d.ptime   o50_d.time   o50_d.rmse o100_d.ptime 
       0.388        0.306        0.213        0.478        0.231        0.020 
 o100_d.time  o100_d.rmse o250_d.ptime  o250_d.time  o250_d.rmse o500_d.ptime 
       0.957        0.171        0.015        3.526        0.105        0.017 
 o500_d.time  o500_d.rmse  c25_i.ptime   c25_i.time   c25_i.rmse  c50_i.ptime 
      13.888        0.076        0.413        0.167        0.243        0.282 
  c50_i.time   c50_i.rmse c100_i.ptime  c100_i.time  c100_i.rmse c250_i.ptime 
       0.135        0.211        0.234        0.123        0.160        0.420 
 c250_i.time  c250_i.rmse c500_i.ptime  c500_i.time  c500_i.rmse  c25_d.ptime 
       0.118        0.117        0.848        0.121        0.090        0.435 
  c25_d.time   c25_d.rmse  c50_d.ptime   c50_d.time   c50_d.rmse c100_d.ptime 
       0.482        0.192        0.256        0.581        0.163        0.174 
 c100_d.time  c100_d.rmse c250_d.ptime  c250_d.time  c250_d.rmse c500_d.ptime 
       1.155        0.116        0.177        3.737        0.083        0.090 
 c500_d.time  c500_d.rmse    s25.ptime     s25.time     s25.rmse    s50.ptime 
      14.495        0.070        0.133        0.001        0.532        0.176 
    s50.time     s50.rmse   s100.ptime    s100.time    s100.rmse   s250.ptime 
       0.002        0.394        0.250        0.002        0.304        0.398 
   s250.time    s250.rmse   s500.ptime    s500.time    s500.rmse  s1000.ptime 
       0.008        0.177        0.693        0.015        0.115        1.472 
  s1000.time   s1000.rmse  s2500.ptime   s2500.time   s2500.rmse 
       0.030        0.081       14.100        0.083        0.050 
[1] 0.904654
$full.time
[1] 0.033

$full.rmse
[1] 0.04244796

$full.time
[1] 0.033

$full.rmse
[1] 0.04244796

$l25.time
[1] 1.643

$l25.rmse
[1] 0.1059114

$l50.time
[1] 1.873

$l50.rmse
[1] 0.08227429

$l100.time
[1] 3.14

$l100.rmse
[1] 0.06476693

$l250.time
[1] 16.82

$l250.rmse
[1] 0.05363088

$l500.time
[1] 83.137

$l500.rmse
[1] 0.04973169

$o25_i.ptime
[1] 0.084

$o25_i.time
[1] 0.146

$o25_i.rmse
[1] 0.4234126

$o50_i.ptime
[1] 0.06

$o50_i.time
[1] 0.115

$o50_i.rmse
[1] 0.323448

$o100_i.ptime
[1] 0.082

$o100_i.time
[1] 0.104

$o100_i.rmse
[1] 0.2788229

$o250_i.ptime
[1] 0.247

$o250_i.time
[1] 0.102

$o250_i.rmse
[1] 0.1606378

$o500_i.ptime
[1] 0.624

$o500_i.time
[1] 0.104

$o500_i.rmse
[1] 0.1244473

$o25_d.ptime
[1] 0.218

$o25_d.time
[1] 0.272

$o25_d.rmse
[1] 0.2901104

$o50_d.ptime
[1] 0.032

$o50_d.time
[1] 0.386

$o50_d.rmse
[1] 0.2193481

$o100_d.ptime
[1] 0.017

$o100_d.time
[1] 0.822

$o100_d.rmse
[1] 0.1654495

$o250_d.ptime
[1] 0.011

$o250_d.time
[1] 3.285

$o250_d.rmse
[1] 0.1084821

$o500_d.ptime
[1] 0.018

$o500_d.time
[1] 15.126

$o500_d.rmse
[1] 0.07264173

$c25_i.ptime
[1] 0.329

$c25_i.time
[1] 0.163

$c25_i.rmse
[1] 0.2461738

$c50_i.ptime
[1] 0.219

$c50_i.time
[1] 0.132

$c50_i.rmse
[1] 0.1827479

$c100_i.ptime
[1] 0.222

$c100_i.time
[1] 0.181

$c100_i.rmse
[1] 0.1588981

$c250_i.ptime
[1] 0.349

$c250_i.time
[1] 0.102

$c250_i.rmse
[1] 0.1118836

$c500_i.ptime
[1] 0.707

$c500_i.time
[1] 0.105

$c500_i.rmse
[1] 0.0898097

$c25_d.ptime
[1] 0.379

$c25_d.time
[1] 0.471

$c25_d.rmse
[1] 0.1656244

$c50_d.ptime
[1] 0.299

$c50_d.time
[1] 0.611

$c50_d.rmse
[1] 0.1453939

$c100_d.ptime
[1] 0.168

$c100_d.time
[1] 1.315

$c100_d.rmse
[1] 0.1150661

$c250_d.ptime
[1] 0.171

$c250_d.time
[1] 4.381

$c250_d.rmse
[1] 0.08151737

$c500_d.ptime
[1] 0.104

$c500_d.time
[1] 15.376

$c500_d.rmse
[1] 0.06340037

$s25.ptime
[1] 0.134

$s25.time
[1] 0.001

$s25.rmse
[1] 0.521911

$s50.ptime
[1] 0.194

$s50.time
[1] 0.001

$s50.rmse
[1] 0.4381919

$s100.ptime
[1] 0.217

$s100.time
[1] 0.003

$s100.rmse
[1] 0.2857609

$s250.ptime
[1] 0.383

$s250.time
[1] 0.006

$s250.rmse
[1] 0.1881558

$s500.ptime
[1] 0.677

$s500.time
[1] 0.016

$s500.rmse
[1] 0.1182482

$s1000.ptime
[1] 1.519

$s1000.time
[1] 0.031

$s1000.rmse
[1] 0.07832117

$s2500.ptime
[1] 13.512

$s2500.time
[1] 0.068

$s2500.rmse
[1] 0.05031549

        seed            p    full.time    full.rmse     l25.time     l25.rmse 
    2306.000       10.000        0.033        0.042        1.643        0.106 
    l50.time     l50.rmse    l100.time    l100.rmse    l250.time    l250.rmse 
       1.873        0.082        3.140        0.065       16.820        0.054 
   l500.time    l500.rmse  o25_i.ptime   o25_i.time   o25_i.rmse  o50_i.ptime 
      83.137        0.050        0.084        0.146        0.423        0.060 
  o50_i.time   o50_i.rmse o100_i.ptime  o100_i.time  o100_i.rmse o250_i.ptime 
       0.115        0.323        0.082        0.104        0.279        0.247 
 o250_i.time  o250_i.rmse o500_i.ptime  o500_i.time  o500_i.rmse  o25_d.ptime 
       0.102        0.161        0.624        0.104        0.124        0.218 
  o25_d.time   o25_d.rmse  o50_d.ptime   o50_d.time   o50_d.rmse o100_d.ptime 
       0.272        0.290        0.032        0.386        0.219        0.017 
 o100_d.time  o100_d.rmse o250_d.ptime  o250_d.time  o250_d.rmse o500_d.ptime 
       0.822        0.165        0.011        3.285        0.108        0.018 
 o500_d.time  o500_d.rmse  c25_i.ptime   c25_i.time   c25_i.rmse  c50_i.ptime 
      15.126        0.073        0.329        0.163        0.246        0.219 
  c50_i.time   c50_i.rmse c100_i.ptime  c100_i.time  c100_i.rmse c250_i.ptime 
       0.132        0.183        0.222        0.181        0.159        0.349 
 c250_i.time  c250_i.rmse c500_i.ptime  c500_i.time  c500_i.rmse  c25_d.ptime 
       0.102        0.112        0.707        0.105        0.090        0.379 
  c25_d.time   c25_d.rmse  c50_d.ptime   c50_d.time   c50_d.rmse c100_d.ptime 
       0.471        0.166        0.299        0.611        0.145        0.168 
 c100_d.time  c100_d.rmse c250_d.ptime  c250_d.time  c250_d.rmse c500_d.ptime 
       1.315        0.115        0.171        4.381        0.082        0.104 
 c500_d.time  c500_d.rmse    s25.ptime     s25.time     s25.rmse    s50.ptime 
      15.376        0.063        0.134        0.001        0.522        0.194 
    s50.time     s50.rmse   s100.ptime    s100.time    s100.rmse   s250.ptime 
       0.001        0.438        0.217        0.003        0.286        0.383 
   s250.time    s250.rmse   s500.ptime    s500.time    s500.rmse  s1000.ptime 
       0.006        0.188        0.677        0.016        0.118        1.519 
  s1000.time   s1000.rmse  s2500.ptime   s2500.time   s2500.rmse 
       0.031        0.078       13.512        0.068        0.050 
[1] 0.6736768
$full.time
[1] 0.03

$full.rmse
[1] 0.04424513

$full.time
[1] 0.03

$full.rmse
[1] 0.04424513

$l25.time
[1] 1.577

$l25.rmse
[1] 0.1105111

$l50.time
[1] 1.825

$l50.rmse
[1] 0.08520088

$l100.time
[1] 3.108

$l100.rmse
[1] 0.06798306

$l250.time
[1] 15.651

$l250.rmse
[1] 0.05523701

$l500.time
[1] 85.214

$l500.rmse
[1] 0.04978706

$o25_i.ptime
[1] 0.085

$o25_i.time
[1] 0.147

$o25_i.rmse
[1] 0.4516856

$o50_i.ptime
[1] 0.06

$o50_i.time
[1] 0.114

$o50_i.rmse
[1] 0.349754

$o100_i.ptime
[1] 0.086

$o100_i.time
[1] 0.218

$o100_i.rmse
[1] 0.2849812

$o250_i.ptime
[1] 0.255

$o250_i.time
[1] 0.103

$o250_i.rmse
[1] 0.170513

$o500_i.ptime
[1] 0.644

$o500_i.time
[1] 0.109

$o500_i.rmse
[1] 0.1199339

$o25_d.ptime
[1] 0.101

$o25_d.time
[1] 0.315

$o25_d.rmse
[1] 0.3099483

$o50_d.ptime
[1] 0.031

$o50_d.time
[1] 0.405

$o50_d.rmse
[1] 0.2367767

$o100_d.ptime
[1] 0.016

$o100_d.time
[1] 0.782

$o100_d.rmse
[1] 0.1740738

$o250_d.ptime
[1] 0.017

$o250_d.time
[1] 2.925

$o250_d.rmse
[1] 0.1037123

$o500_d.ptime
[1] 0.015

$o500_d.time
[1] 13.959

$o500_d.rmse
[1] 0.07520227

$c25_i.ptime
[1] 0.521

$c25_i.time
[1] 0.178

$c25_i.rmse
[1] 0.2456752

$c50_i.ptime
[1] 0.277

$c50_i.time
[1] 0.137

$c50_i.rmse
[1] 0.1965483

$c100_i.ptime
[1] 0.298

$c100_i.time
[1] 0.115

$c100_i.rmse
[1] 0.1563648

$c250_i.ptime
[1] 0.357

$c250_i.time
[1] 0.112

$c250_i.rmse
[1] 0.1198487

$c500_i.ptime
[1] 0.704

$c500_i.time
[1] 0.115

$c500_i.rmse
[1] 0.09148163

$c25_d.ptime
[1] 0.379

$c25_d.time
[1] 0.441

$c25_d.rmse
[1] 0.1972721

$c50_d.ptime
[1] 0.249

$c50_d.time
[1] 0.545

$c50_d.rmse
[1] 0.1483452

$c100_d.ptime
[1] 0.159

$c100_d.time
[1] 1.124

$c100_d.rmse
[1] 0.1166125

$c250_d.ptime
[1] 0.145

$c250_d.time
[1] 3.585

$c250_d.rmse
[1] 0.08725332

$c500_d.ptime
[1] 0.067

$c500_d.time
[1] 13.648

$c500_d.rmse
[1] 0.06602283

$s25.ptime
[1] 0.117

$s25.time
[1] 0.001

$s25.rmse
[1] 0.5206574

$s50.ptime
[1] 0.192

$s50.time
[1] 0.001

$s50.rmse
[1] 0.4191431

$s100.ptime
[1] 0.258

$s100.time
[1] 0.002

$s100.rmse
[1] 0.2931078

$s250.ptime
[1] 0.388

$s250.time
[1] 0.006

$s250.rmse
[1] 0.1909693

$s500.ptime
[1] 0.628

$s500.time
[1] 0.011

$s500.rmse
[1] 0.1166385

$s1000.ptime
[1] 1.299

$s1000.time
[1] 0.026

$s1000.rmse
[1] 0.07773744

$s2500.ptime
[1] 13.628

$s2500.time
[1] 0.071

$s2500.rmse
[1] 0.05544742

        seed            p    full.time    full.rmse     l25.time     l25.rmse 
    2307.000       10.000        0.030        0.044        1.577        0.111 
    l50.time     l50.rmse    l100.time    l100.rmse    l250.time    l250.rmse 
       1.825        0.085        3.108        0.068       15.651        0.055 
   l500.time    l500.rmse  o25_i.ptime   o25_i.time   o25_i.rmse  o50_i.ptime 
      85.214        0.050        0.085        0.147        0.452        0.060 
  o50_i.time   o50_i.rmse o100_i.ptime  o100_i.time  o100_i.rmse o250_i.ptime 
       0.114        0.350        0.086        0.218        0.285        0.255 
 o250_i.time  o250_i.rmse o500_i.ptime  o500_i.time  o500_i.rmse  o25_d.ptime 
       0.103        0.171        0.644        0.109        0.120        0.101 
  o25_d.time   o25_d.rmse  o50_d.ptime   o50_d.time   o50_d.rmse o100_d.ptime 
       0.315        0.310        0.031        0.405        0.237        0.016 
 o100_d.time  o100_d.rmse o250_d.ptime  o250_d.time  o250_d.rmse o500_d.ptime 
       0.782        0.174        0.017        2.925        0.104        0.015 
 o500_d.time  o500_d.rmse  c25_i.ptime   c25_i.time   c25_i.rmse  c50_i.ptime 
      13.959        0.075        0.521        0.178        0.246        0.277 
  c50_i.time   c50_i.rmse c100_i.ptime  c100_i.time  c100_i.rmse c250_i.ptime 
       0.137        0.197        0.298        0.115        0.156        0.357 
 c250_i.time  c250_i.rmse c500_i.ptime  c500_i.time  c500_i.rmse  c25_d.ptime 
       0.112        0.120        0.704        0.115        0.091        0.379 
  c25_d.time   c25_d.rmse  c50_d.ptime   c50_d.time   c50_d.rmse c100_d.ptime 
       0.441        0.197        0.249        0.545        0.148        0.159 
 c100_d.time  c100_d.rmse c250_d.ptime  c250_d.time  c250_d.rmse c500_d.ptime 
       1.124        0.117        0.145        3.585        0.087        0.067 
 c500_d.time  c500_d.rmse    s25.ptime     s25.time     s25.rmse    s50.ptime 
      13.648        0.066        0.117        0.001        0.521        0.192 
    s50.time     s50.rmse   s100.ptime    s100.time    s100.rmse   s250.ptime 
       0.001        0.419        0.258        0.002        0.293        0.388 
   s250.time    s250.rmse   s500.ptime    s500.time    s500.rmse  s1000.ptime 
       0.006        0.191        0.628        0.011        0.117        1.299 
  s1000.time   s1000.rmse  s2500.ptime   s2500.time   s2500.rmse 
       0.026        0.078       13.628        0.071        0.055 
[1] 0.7363603
$full.time
[1] 0.037

$full.rmse
[1] 0.0428474

$full.time
[1] 0.037

$full.rmse
[1] 0.0428474

$l25.time
[1] 2.026

$l25.rmse
[1] 0.1011757

$l50.time
[1] 2.152

$l50.rmse
[1] 0.07803111

$l100.time
[1] 2.902

$l100.rmse
[1] 0.06435204

$l250.time
[1] 16.403

$l250.rmse
[1] 0.05314938

$l500.time
[1] 85.835

$l500.rmse
[1] 0.04711096

$o25_i.ptime
[1] 0.282

$o25_i.time
[1] 0.139

$o25_i.rmse
[1] 0.4937615

$o50_i.ptime
[1] 0.076

$o50_i.time
[1] 0.125

$o50_i.rmse
[1] 0.3805326

$o100_i.ptime
[1] 0.086

$o100_i.time
[1] 0.098

$o100_i.rmse
[1] 0.2657054

$o250_i.ptime
[1] 0.258

$o250_i.time
[1] 0.092

$o250_i.rmse
[1] 0.1586026

$o500_i.ptime
[1] 0.651

$o500_i.time
[1] 0.093

$o500_i.rmse
[1] 0.1123813

$o25_d.ptime
[1] 0.1

$o25_d.time
[1] 0.267

$o25_d.rmse
[1] 0.3041744

$o50_d.ptime
[1] 0.031

$o50_d.time
[1] 0.359

$o50_d.rmse
[1] 0.2218678

$o100_d.ptime
[1] 0.016

$o100_d.time
[1] 0.778

$o100_d.rmse
[1] 0.1572239

$o250_d.ptime
[1] 0.013

$o250_d.time
[1] 3.547

$o250_d.rmse
[1] 0.1014681

$o500_d.ptime
[1] 0.02

$o500_d.time
[1] 15.062

$o500_d.rmse
[1] 0.07107692

$c25_i.ptime
[1] 0.387

$c25_i.time
[1] 0.151

$c25_i.rmse
[1] 0.2573738

$c50_i.ptime
[1] 0.278

$c50_i.time
[1] 0.131

$c50_i.rmse
[1] 0.1814285

$c100_i.ptime
[1] 0.21

$c100_i.time
[1] 0.111

$c100_i.rmse
[1] 0.1548705

$c250_i.ptime
[1] 0.352

$c250_i.time
[1] 0.125

$c250_i.rmse
[1] 0.1116479

$c500_i.ptime
[1] 0.911

$c500_i.time
[1] 0.136

$c500_i.rmse
[1] 0.09507366

$c25_d.ptime
[1] 0.462

$c25_d.time
[1] 0.648

$c25_d.rmse
[1] 0.1866514

$c50_d.ptime
[1] 0.251

$c50_d.time
[1] 0.769

$c50_d.rmse
[1] 0.140886

$c100_d.ptime
[1] 0.184

$c100_d.time
[1] 1.322

$c100_d.rmse
[1] 0.1106582

$c250_d.ptime
[1] 0.093

$c250_d.time
[1] 4.955

$c250_d.rmse
[1] 0.08711752

$c500_d.ptime
[1] 0.083

$c500_d.time
[1] 15.811

$c500_d.rmse
[1] 0.06835125

$s25.ptime
[1] 0.096

$s25.time
[1] 0.001

$s25.rmse
[1] 0.6192972

$s50.ptime
[1] 0.146

$s50.time
[1] 0.001

$s50.rmse
[1] 0.4581353

$s100.ptime
[1] 0.198

$s100.time
[1] 0.003

$s100.rmse
[1] 0.2960022

$s250.ptime
[1] 0.391

$s250.time
[1] 0.007

$s250.rmse
[1] 0.1634325

$s500.ptime
[1] 0.803

$s500.time
[1] 0.014

$s500.rmse
[1] 0.1203439

$s1000.ptime
[1] 1.737

$s1000.time
[1] 0.032

$s1000.rmse
[1] 0.08009024

$s2500.ptime
[1] 14.923

$s2500.time
[1] 0.068

$s2500.rmse
[1] 0.0523587

        seed            p    full.time    full.rmse     l25.time     l25.rmse 
    2308.000       10.000        0.037        0.043        2.026        0.101 
    l50.time     l50.rmse    l100.time    l100.rmse    l250.time    l250.rmse 
       2.152        0.078        2.902        0.064       16.403        0.053 
   l500.time    l500.rmse  o25_i.ptime   o25_i.time   o25_i.rmse  o50_i.ptime 
      85.835        0.047        0.282        0.139        0.494        0.076 
  o50_i.time   o50_i.rmse o100_i.ptime  o100_i.time  o100_i.rmse o250_i.ptime 
       0.125        0.381        0.086        0.098        0.266        0.258 
 o250_i.time  o250_i.rmse o500_i.ptime  o500_i.time  o500_i.rmse  o25_d.ptime 
       0.092        0.159        0.651        0.093        0.112        0.100 
  o25_d.time   o25_d.rmse  o50_d.ptime   o50_d.time   o50_d.rmse o100_d.ptime 
       0.267        0.304        0.031        0.359        0.222        0.016 
 o100_d.time  o100_d.rmse o250_d.ptime  o250_d.time  o250_d.rmse o500_d.ptime 
       0.778        0.157        0.013        3.547        0.101        0.020 
 o500_d.time  o500_d.rmse  c25_i.ptime   c25_i.time   c25_i.rmse  c50_i.ptime 
      15.062        0.071        0.387        0.151        0.257        0.278 
  c50_i.time   c50_i.rmse c100_i.ptime  c100_i.time  c100_i.rmse c250_i.ptime 
       0.131        0.181        0.210        0.111        0.155        0.352 
 c250_i.time  c250_i.rmse c500_i.ptime  c500_i.time  c500_i.rmse  c25_d.ptime 
       0.125        0.112        0.911        0.136        0.095        0.462 
  c25_d.time   c25_d.rmse  c50_d.ptime   c50_d.time   c50_d.rmse c100_d.ptime 
       0.648        0.187        0.251        0.769        0.141        0.184 
 c100_d.time  c100_d.rmse c250_d.ptime  c250_d.time  c250_d.rmse c500_d.ptime 
       1.322        0.111        0.093        4.955        0.087        0.083 
 c500_d.time  c500_d.rmse    s25.ptime     s25.time     s25.rmse    s50.ptime 
      15.811        0.068        0.096        0.001        0.619        0.146 
    s50.time     s50.rmse   s100.ptime    s100.time    s100.rmse   s250.ptime 
       0.001        0.458        0.198        0.003        0.296        0.391 
   s250.time    s250.rmse   s500.ptime    s500.time    s500.rmse  s1000.ptime 
       0.007        0.163        0.803        0.014        0.120        1.737 
  s1000.time   s1000.rmse  s2500.ptime   s2500.time   s2500.rmse 
       0.032        0.080       14.923        0.068        0.052 
  seed  p full.time  full.rmse l25.time  l25.rmse l50.time   l50.rmse l100.time
1 2304 10     0.032 0.04521879    1.621 0.1169964    1.625 0.08853044     3.564
2 2305 10     0.037 0.04453532    1.961 0.1188061    1.771 0.08666414     2.996
3 2306 10     0.033 0.04244796    1.643 0.1059114    1.873 0.08227429     3.140
4 2307 10     0.030 0.04424513    1.577 0.1105111    1.825 0.08520088     3.108
5 2308 10     0.037 0.04284740    2.026 0.1011757    2.152 0.07803111     2.902
   l100.rmse l250.time  l250.rmse l500.time  l500.rmse o25_i.ptime o25_i.time
1 0.06960487    17.542 0.05798142    86.388 0.05286520       0.094      0.149
2 0.06578619    15.810 0.05448128    86.414 0.04942782       0.112      0.191
3 0.06476693    16.820 0.05363088    83.137 0.04973169       0.084      0.146
4 0.06798306    15.651 0.05523701    85.214 0.04978706       0.085      0.147
5 0.06435204    16.403 0.05314938    85.835 0.04711096       0.282      0.139
  o25_i.rmse o50_i.ptime o50_i.time o50_i.rmse o100_i.ptime o100_i.time
1  0.4876254       0.066      0.114  0.3720017        0.088       0.102
2  0.4652538       0.080      0.149  0.3614463        0.109       0.134
3  0.4234126       0.060      0.115  0.3234480        0.082       0.104
4  0.4516856       0.060      0.114  0.3497540        0.086       0.218
5  0.4937615       0.076      0.125  0.3805326        0.086       0.098
  o100_i.rmse o250_i.ptime o250_i.time o250_i.rmse o500_i.ptime o500_i.time
1   0.2691536        0.262       0.100   0.1822261        0.684       0.096
2   0.2580761        0.302       0.135   0.1657035        0.842       0.132
3   0.2788229        0.247       0.102   0.1606378        0.624       0.104
4   0.2849812        0.255       0.103   0.1705130        0.644       0.109
5   0.2657054        0.258       0.092   0.1586026        0.651       0.093
  o500_i.rmse o25_d.ptime o25_d.time o25_d.rmse o50_d.ptime o50_d.time
1   0.1208476       0.103      0.285  0.3171809       0.031      0.464
2   0.1137637       0.122      0.388  0.3061049       0.213      0.478
3   0.1244473       0.218      0.272  0.2901104       0.032      0.386
4   0.1199339       0.101      0.315  0.3099483       0.031      0.405
5   0.1123813       0.100      0.267  0.3041744       0.031      0.359
  o50_d.rmse o100_d.ptime o100_d.time o100_d.rmse o250_d.ptime o250_d.time
1  0.2486958        0.016       0.735   0.1755190        0.011       3.385
2  0.2310275        0.020       0.957   0.1712301        0.015       3.526
3  0.2193481        0.017       0.822   0.1654495        0.011       3.285
4  0.2367767        0.016       0.782   0.1740738        0.017       2.925
5  0.2218678        0.016       0.778   0.1572239        0.013       3.547
  o250_d.rmse o500_d.ptime o500_d.time o500_d.rmse c25_i.ptime c25_i.time
1   0.1093523        0.015      13.833  0.07133833       0.464      0.163
2   0.1046776        0.017      13.888  0.07613398       0.413      0.167
3   0.1084821        0.018      15.126  0.07264173       0.329      0.163
4   0.1037123        0.015      13.959  0.07520227       0.521      0.178
5   0.1014681        0.020      15.062  0.07107692       0.387      0.151
  c25_i.rmse c50_i.ptime c50_i.time c50_i.rmse c100_i.ptime c100_i.time
1  0.2776585       0.340      0.134  0.2306128        0.269       0.124
2  0.2426365       0.282      0.135  0.2105246        0.234       0.123
3  0.2461738       0.219      0.132  0.1827479        0.222       0.181
4  0.2456752       0.277      0.137  0.1965483        0.298       0.115
5  0.2573738       0.278      0.131  0.1814285        0.210       0.111
  c100_i.rmse c250_i.ptime c250_i.time c250_i.rmse c500_i.ptime c500_i.time
1   0.1542511        0.406       0.117   0.1145254        0.824       0.121
2   0.1596993        0.420       0.118   0.1173073        0.848       0.121
3   0.1588981        0.349       0.102   0.1118836        0.707       0.105
4   0.1563648        0.357       0.112   0.1198487        0.704       0.115
5   0.1548705        0.352       0.125   0.1116479        0.911       0.136
  c500_i.rmse c25_d.ptime c25_d.time c25_d.rmse c50_d.ptime c50_d.time
1  0.09066426       0.411      0.425  0.2111749       0.228      0.518
2  0.08965376       0.435      0.482  0.1922650       0.256      0.581
3  0.08980970       0.379      0.471  0.1656244       0.299      0.611
4  0.09148163       0.379      0.441  0.1972721       0.249      0.545
5  0.09507366       0.462      0.648  0.1866514       0.251      0.769
  c50_d.rmse c100_d.ptime c100_d.time c100_d.rmse c250_d.ptime c250_d.time
1  0.1529613        0.123       1.050   0.1148759        0.072       3.639
2  0.1628690        0.174       1.155   0.1163446        0.177       3.737
3  0.1453939        0.168       1.315   0.1150661        0.171       4.381
4  0.1483452        0.159       1.124   0.1166125        0.145       3.585
5  0.1408860        0.184       1.322   0.1106582        0.093       4.955
  c250_d.rmse c500_d.ptime c500_d.time c500_d.rmse s25.ptime s25.time  s25.rmse
1  0.08826448        0.066      14.080  0.06707761     0.094    0.000 0.5253889
2  0.08289729        0.090      14.495  0.06971180     0.133    0.001 0.5319795
3  0.08151737        0.104      15.376  0.06340037     0.134    0.001 0.5219110
4  0.08725332        0.067      13.648  0.06602283     0.117    0.001 0.5206574
5  0.08711752        0.083      15.811  0.06835125     0.096    0.001 0.6192972
  s50.ptime s50.time  s50.rmse s100.ptime s100.time s100.rmse s250.ptime
1     0.150    0.002 0.3907442      0.236     0.003 0.3025699      0.388
2     0.176    0.002 0.3944041      0.250     0.002 0.3039821      0.398
3     0.194    0.001 0.4381919      0.217     0.003 0.2857609      0.383
4     0.192    0.001 0.4191431      0.258     0.002 0.2931078      0.388
5     0.146    0.001 0.4581353      0.198     0.003 0.2960022      0.391
  s250.time s250.rmse s500.ptime s500.time s500.rmse s1000.ptime s1000.time
1     0.005 0.1957720      0.622     0.014 0.1258387       1.400      0.028
2     0.008 0.1772239      0.693     0.015 0.1154306       1.472      0.030
3     0.006 0.1881558      0.677     0.016 0.1182482       1.519      0.031
4     0.006 0.1909693      0.628     0.011 0.1166385       1.299      0.026
5     0.007 0.1634325      0.803     0.014 0.1203439       1.737      0.032
  s1000.rmse s2500.ptime s2500.time s2500.rmse
1 0.08248875      15.150      0.086 0.05411887
2 0.08063983      14.100      0.083 0.05037465
3 0.07832117      13.512      0.068 0.05031549
4 0.07773744      13.628      0.071 0.05544742
5 0.08009024      14.923      0.068 0.05235870
> 
> proc.time()
    user   system  elapsed 
1028.911   11.593 1057.296 
