
R version 3.0.3 (2014-03-06) -- "Warm Puppy"
Copyright (C) 2014 The R Foundation for Statistical Computing
Platform: x86_64-unknown-linux-gnu (64-bit)

R is free software and comes with ABSOLUTELY NO WARRANTY.
You are welcome to redistribute it under certain conditions.
Type 'license()' or 'licence()' for distribution details.

  Natural language support but running in an English locale

R is a collaborative project with many contributors.
Type 'contributors()' for more information and
'citation()' on how to cite R or R packages in publications.

Type 'demo()' for some demos, 'help()' for on-line help, or
'help.start()' for an HTML browser interface to help.
Type 'q()' to quit R.

> print(.libPaths())
[1] "/usr/local/r-3.0.3/lib64/R/library"
> .libPaths("/mnt/home/rjparker/Rlib")
> print(.libPaths())
[1] "/mnt/home/rjparker/Rlib"            "/usr/local/r-3.0.3/lib64/R/library"
> setwd("/mnt/home/rjparker/git/block_int")
> 
> which_exp <- 4
> which_part <- 12
> source("R/sim_nblocks_pred.R")
Loading required package: spam
Loading required package: grid
Spam version 0.41-0 (2014-02-26) is loaded.
Type 'help( Spam)' or 'demo( spam)' for a short introduction 
and overview of this package.
Help for individual functions is also obtained by adding the
suffix '.spam' to the function name, e.g. 'help( chol.spam)'.

Attaching package: ‘spam’

The following objects are masked from ‘package:base’:

    backsolve, forwardsolve

Loading required package: maps
  pred  p b tau Nper_p Npred Fzero sigma2
4 TRUE 10 4  10   5000  1000     0      1
[1] 1.066344
$full.time
[1] 0.049

$full.rmse
[1] 0.04566871

$full.time
[1] 0.049

$full.rmse
[1] 0.04566871

$l25.time
[1] 3.119

$l25.rmse
[1] 0.1112836

$l50.time
[1] 3.365

$l50.rmse
[1] 0.08453565

$l100.time
[1] 5.405

$l100.rmse
[1] 0.06758788

$l250.time
[1] 20.177

$l250.rmse
[1] 0.0557773

$l500.time
[1] 104.945

$l500.rmse
[1] 0.05100194

$o25_i.ptime
[1] 0.121

$o25_i.time
[1] 0.185

$o25_i.rmse
[1] 0.4850004

$o50_i.ptime
[1] 0.084

$o50_i.time
[1] 0.149

$o50_i.rmse
[1] 0.4140121

$o100_i.ptime
[1] 0.121

$o100_i.time
[1] 0.129

$o100_i.rmse
[1] 0.303886

$o250_i.ptime
[1] 0.323

$o250_i.time
[1] 0.125

$o250_i.rmse
[1] 0.1807636

$o500_i.ptime
[1] 0.897

$o500_i.time
[1] 0.132

$o500_i.rmse
[1] 0.1188143

$o25_d.ptime
[1] 0.128

$o25_d.time
[1] 0.406

$o25_d.rmse
[1] 0.3388517

$o50_d.ptime
[1] 0.042

$o50_d.time
[1] 0.673

$o50_d.rmse
[1] 0.2577534

$o100_d.ptime
[1] 0.022

$o100_d.time
[1] 1.08

$o100_d.rmse
[1] 0.169568

$o250_d.ptime
[1] 0.015

$o250_d.time
[1] 4.239

$o250_d.rmse
[1] 0.1130934

$o500_d.ptime
[1] 0.017

$o500_d.time
[1] 20.515

$o500_d.rmse
[1] 0.07862416

$c25_i.ptime
[1] 0.52

$c25_i.time
[1] 0.256

$c25_i.rmse
[1] 0.2817875

$c50_i.ptime
[1] 0.374

$c50_i.time
[1] 0.222

$c50_i.rmse
[1] 0.2075282

$c100_i.ptime
[1] 0.314

$c100_i.time
[1] 0.15

$c100_i.rmse
[1] 0.1559293

$c250_i.ptime
[1] 0.551

$c250_i.time
[1] 0.159

$c250_i.rmse
[1] 0.1101515

$c500_i.ptime
[1] 1.169

$c500_i.time
[1] 0.185

$c500_i.rmse
[1] 0.09401604

$c25_d.ptime
[1] 0.53

$c25_d.time
[1] 0.767

$c25_d.rmse
[1] 0.1936994

$c50_d.ptime
[1] 0.266

$c50_d.time
[1] 0.884

$c50_d.rmse
[1] 0.1493607

$c100_d.ptime
[1] 0.194

$c100_d.time
[1] 1.75

$c100_d.rmse
[1] 0.1264784

$c250_d.ptime
[1] 0.118

$c250_d.time
[1] 5.674

$c250_d.rmse
[1] 0.08365566

$c500_d.ptime
[1] 0.133

$c500_d.time
[1] 20.267

$c500_d.rmse
[1] 0.0676662

$s25.ptime
[1] 0.129

$s25.time
[1] 0.001

$s25.rmse
[1] 0.6947278

$s50.ptime
[1] 0.21

$s50.time
[1] 0.002

$s50.rmse
[1] 0.4960091

$s100.ptime
[1] 0.311

$s100.time
[1] 0.004

$s100.rmse
[1] 0.3548049

$s250.ptime
[1] 0.444

$s250.time
[1] 0.01

$s250.rmse
[1] 0.1981321

$s500.ptime
[1] 0.925

$s500.time
[1] 0.022

$s500.rmse
[1] 0.1223818

$s1000.ptime
[1] 2.286

$s1000.time
[1] 0.034

$s1000.rmse
[1] 0.08670681

$s2500.ptime
[1] 20.644

$s2500.time
[1] 0.097

$s2500.rmse
[1] 0.05370997

        seed            p    full.time    full.rmse     l25.time     l25.rmse 
    2339.000       10.000        0.049        0.046        3.119        0.111 
    l50.time     l50.rmse    l100.time    l100.rmse    l250.time    l250.rmse 
       3.365        0.085        5.405        0.068       20.177        0.056 
   l500.time    l500.rmse  o25_i.ptime   o25_i.time   o25_i.rmse  o50_i.ptime 
     104.945        0.051        0.121        0.185        0.485        0.084 
  o50_i.time   o50_i.rmse o100_i.ptime  o100_i.time  o100_i.rmse o250_i.ptime 
       0.149        0.414        0.121        0.129        0.304        0.323 
 o250_i.time  o250_i.rmse o500_i.ptime  o500_i.time  o500_i.rmse  o25_d.ptime 
       0.125        0.181        0.897        0.132        0.119        0.128 
  o25_d.time   o25_d.rmse  o50_d.ptime   o50_d.time   o50_d.rmse o100_d.ptime 
       0.406        0.339        0.042        0.673        0.258        0.022 
 o100_d.time  o100_d.rmse o250_d.ptime  o250_d.time  o250_d.rmse o500_d.ptime 
       1.080        0.170        0.015        4.239        0.113        0.017 
 o500_d.time  o500_d.rmse  c25_i.ptime   c25_i.time   c25_i.rmse  c50_i.ptime 
      20.515        0.079        0.520        0.256        0.282        0.374 
  c50_i.time   c50_i.rmse c100_i.ptime  c100_i.time  c100_i.rmse c250_i.ptime 
       0.222        0.208        0.314        0.150        0.156        0.551 
 c250_i.time  c250_i.rmse c500_i.ptime  c500_i.time  c500_i.rmse  c25_d.ptime 
       0.159        0.110        1.169        0.185        0.094        0.530 
  c25_d.time   c25_d.rmse  c50_d.ptime   c50_d.time   c50_d.rmse c100_d.ptime 
       0.767        0.194        0.266        0.884        0.149        0.194 
 c100_d.time  c100_d.rmse c250_d.ptime  c250_d.time  c250_d.rmse c500_d.ptime 
       1.750        0.126        0.118        5.674        0.084        0.133 
 c500_d.time  c500_d.rmse    s25.ptime     s25.time     s25.rmse    s50.ptime 
      20.267        0.068        0.129        0.001        0.695        0.210 
    s50.time     s50.rmse   s100.ptime    s100.time    s100.rmse   s250.ptime 
       0.002        0.496        0.311        0.004        0.355        0.444 
   s250.time    s250.rmse   s500.ptime    s500.time    s500.rmse  s1000.ptime 
       0.010        0.198        0.925        0.022        0.122        2.286 
  s1000.time   s1000.rmse  s2500.ptime   s2500.time   s2500.rmse 
       0.034        0.087       20.644        0.097        0.054 
[1] 0.8813293
$full.time
[1] 0.042

$full.rmse
[1] 0.04494063

$full.time
[1] 0.042

$full.rmse
[1] 0.04494063

$l25.time
[1] 2.129

$l25.rmse
[1] 0.1167996

$l50.time
[1] 2.897

$l50.rmse
[1] 0.08802454

$l100.time
[1] 5.857

$l100.rmse
[1] 0.06800489

$l250.time
[1] 22.704

$l250.rmse
[1] 0.05653282

$l500.time
[1] 100.361

$l500.rmse
[1] 0.0512055

$o25_i.ptime
[1] 0.107

$o25_i.time
[1] 0.178

$o25_i.rmse
[1] 0.4822372

$o50_i.ptime
[1] 0.075

$o50_i.time
[1] 0.138

$o50_i.rmse
[1] 0.3985816

$o100_i.ptime
[1] 0.111

$o100_i.time
[1] 0.123

$o100_i.rmse
[1] 0.2723903

$o250_i.ptime
[1] 0.305

$o250_i.time
[1] 0.119

$o250_i.rmse
[1] 0.1759071

$o500_i.ptime
[1] 0.87

$o500_i.time
[1] 0.126

$o500_i.rmse
[1] 0.1156443

$o25_d.ptime
[1] 0.12

$o25_d.time
[1] 0.349

$o25_d.rmse
[1] 0.3392155

$o50_d.ptime
[1] 0.267

$o50_d.time
[1] 0.477

$o50_d.rmse
[1] 0.251925

$o100_d.ptime
[1] 0.02

$o100_d.time
[1] 0.966

$o100_d.rmse
[1] 0.1733154

$o250_d.ptime
[1] 0.014

$o250_d.time
[1] 3.969

$o250_d.rmse
[1] 0.0955637

$o500_d.ptime
[1] 0.059

$o500_d.time
[1] 20.429

$o500_d.rmse
[1] 0.07421024

$c25_i.ptime
[1] 0.452

$c25_i.time
[1] 0.201

$c25_i.rmse
[1] 0.250962

$c50_i.ptime
[1] 0.422

$c50_i.time
[1] 0.204

$c50_i.rmse
[1] 0.2133255

$c100_i.ptime
[1] 0.29

$c100_i.time
[1] 0.158

$c100_i.rmse
[1] 0.149538

$c250_i.ptime
[1] 0.471

$c250_i.time
[1] 0.199

$c250_i.rmse
[1] 0.1207864

$c500_i.ptime
[1] 1.122

$c500_i.time
[1] 0.178

$c500_i.rmse
[1] 0.09790805

$c25_d.ptime
[1] 0.691

$c25_d.time
[1] 0.741

$c25_d.rmse
[1] 0.1945882

$c50_d.ptime
[1] 0.332

$c50_d.time
[1] 0.795

$c50_d.rmse
[1] 0.15255

$c100_d.ptime
[1] 0.183

$c100_d.time
[1] 1.471

$c100_d.rmse
[1] 0.1134732

$c250_d.ptime
[1] 0.118

$c250_d.time
[1] 4.951

$c250_d.rmse
[1] 0.08728354

$c500_d.ptime
[1] 0.109

$c500_d.time
[1] 21.429

$c500_d.rmse
[1] 0.06903169

$s25.ptime
[1] 0.185

$s25.time
[1] 0.001

$s25.rmse
[1] 0.4862103

$s50.ptime
[1] 0.228

$s50.time
[1] 0.002

$s50.rmse
[1] 0.423529

$s100.ptime
[1] 0.24

$s100.time
[1] 0.005

$s100.rmse
[1] 0.3083264

$s250.ptime
[1] 0.579

$s250.time
[1] 0.009

$s250.rmse
[1] 0.2006772

$s500.ptime
[1] 0.801

$s500.time
[1] 0.016

$s500.rmse
[1] 0.1155029

$s1000.ptime
[1] 2.057

$s1000.time
[1] 0.041

$s1000.rmse
[1] 0.08291413

$s2500.ptime
[1] 16.966

$s2500.time
[1] 0.137

$s2500.rmse
[1] 0.05319928

        seed            p    full.time    full.rmse     l25.time     l25.rmse 
    2340.000       10.000        0.042        0.045        2.129        0.117 
    l50.time     l50.rmse    l100.time    l100.rmse    l250.time    l250.rmse 
       2.897        0.088        5.857        0.068       22.704        0.057 
   l500.time    l500.rmse  o25_i.ptime   o25_i.time   o25_i.rmse  o50_i.ptime 
     100.361        0.051        0.107        0.178        0.482        0.075 
  o50_i.time   o50_i.rmse o100_i.ptime  o100_i.time  o100_i.rmse o250_i.ptime 
       0.138        0.399        0.111        0.123        0.272        0.305 
 o250_i.time  o250_i.rmse o500_i.ptime  o500_i.time  o500_i.rmse  o25_d.ptime 
       0.119        0.176        0.870        0.126        0.116        0.120 
  o25_d.time   o25_d.rmse  o50_d.ptime   o50_d.time   o50_d.rmse o100_d.ptime 
       0.349        0.339        0.267        0.477        0.252        0.020 
 o100_d.time  o100_d.rmse o250_d.ptime  o250_d.time  o250_d.rmse o500_d.ptime 
       0.966        0.173        0.014        3.969        0.096        0.059 
 o500_d.time  o500_d.rmse  c25_i.ptime   c25_i.time   c25_i.rmse  c50_i.ptime 
      20.429        0.074        0.452        0.201        0.251        0.422 
  c50_i.time   c50_i.rmse c100_i.ptime  c100_i.time  c100_i.rmse c250_i.ptime 
       0.204        0.213        0.290        0.158        0.150        0.471 
 c250_i.time  c250_i.rmse c500_i.ptime  c500_i.time  c500_i.rmse  c25_d.ptime 
       0.199        0.121        1.122        0.178        0.098        0.691 
  c25_d.time   c25_d.rmse  c50_d.ptime   c50_d.time   c50_d.rmse c100_d.ptime 
       0.741        0.195        0.332        0.795        0.153        0.183 
 c100_d.time  c100_d.rmse c250_d.ptime  c250_d.time  c250_d.rmse c500_d.ptime 
       1.471        0.113        0.118        4.951        0.087        0.109 
 c500_d.time  c500_d.rmse    s25.ptime     s25.time     s25.rmse    s50.ptime 
      21.429        0.069        0.185        0.001        0.486        0.228 
    s50.time     s50.rmse   s100.ptime    s100.time    s100.rmse   s250.ptime 
       0.002        0.424        0.240        0.005        0.308        0.579 
   s250.time    s250.rmse   s500.ptime    s500.time    s500.rmse  s1000.ptime 
       0.009        0.201        0.801        0.016        0.116        2.057 
  s1000.time   s1000.rmse  s2500.ptime   s2500.time   s2500.rmse 
       0.041        0.083       16.966        0.137        0.053 
[1] 0.7679782
$full.time
[1] 0.05

$full.rmse
[1] 0.04522963

$full.time
[1] 0.05

$full.rmse
[1] 0.04522963

$l25.time
[1] 3.049

$l25.rmse
[1] 0.1200743

$l50.time
[1] 3.358

$l50.rmse
[1] 0.08915997

$l100.time
[1] 5.115

$l100.rmse
[1] 0.06966121

$l250.time
[1] 19.167

$l250.rmse
[1] 0.05580743

$l500.time
[1] 107.001

$l500.rmse
[1] 0.05040217

$o25_i.ptime
[1] 0.116

$o25_i.time
[1] 0.205

$o25_i.rmse
[1] 0.4512902

$o50_i.ptime
[1] 0.082

$o50_i.time
[1] 0.161

$o50_i.rmse
[1] 0.3790082

$o100_i.ptime
[1] 0.115

$o100_i.time
[1] 0.144

$o100_i.rmse
[1] 0.2938843

$o250_i.ptime
[1] 0.334

$o250_i.time
[1] 0.141

$o250_i.rmse
[1] 0.1736822

$o500_i.ptime
[1] 0.936

$o500_i.time
[1] 0.149

$o500_i.rmse
[1] 0.1183264

$o25_d.ptime
[1] 0.384

$o25_d.time
[1] 0.414

$o25_d.rmse
[1] 0.3250114

$o50_d.ptime
[1] 0.043

$o50_d.time
[1] 0.553

$o50_d.rmse
[1] 0.2269165

$o100_d.ptime
[1] 0.023

$o100_d.time
[1] 1.149

$o100_d.rmse
[1] 0.164742

$o250_d.ptime
[1] 0.025

$o250_d.time
[1] 4.156

$o250_d.rmse
[1] 0.1044018

$o500_d.ptime
[1] 0.018

$o500_d.time
[1] 18.732

$o500_d.rmse
[1] 0.0747661

$c25_i.ptime
[1] 0.601

$c25_i.time
[1] 0.262

$c25_i.rmse
[1] 0.2868704

$c50_i.ptime
[1] 0.291

$c50_i.time
[1] 0.185

$c50_i.rmse
[1] 0.2196366

$c100_i.ptime
[1] 0.315

$c100_i.time
[1] 0.308

$c100_i.rmse
[1] 0.172427

$c250_i.ptime
[1] 0.557

$c250_i.time
[1] 0.18

$c250_i.rmse
[1] 0.1256225

$c500_i.ptime
[1] 1.273

$c500_i.time
[1] 0.209

$c500_i.rmse
[1] 0.09306457

$c25_d.ptime
[1] 0.433

$c25_d.time
[1] 0.701

$c25_d.rmse
[1] 0.2062878

$c50_d.ptime
[1] 0.258

$c50_d.time
[1] 0.816

$c50_d.rmse
[1] 0.1529004

$c100_d.ptime
[1] 0.183

$c100_d.time
[1] 1.543

$c100_d.rmse
[1] 0.1245788

$c250_d.ptime
[1] 0.115

$c250_d.time
[1] 5.462

$c250_d.rmse
[1] 0.08670641

$c500_d.ptime
[1] 0.093

$c500_d.time
[1] 19.797

$c500_d.rmse
[1] 0.07194309

$s25.ptime
[1] 0.12

$s25.time
[1] 0.001

$s25.rmse
[1] 0.5465775

$s50.ptime
[1] 0.254

$s50.time
[1] 0.002

$s50.rmse
[1] 0.4175851

$s100.ptime
[1] 0.254

$s100.time
[1] 0.004

$s100.rmse
[1] 0.3147799

$s250.ptime
[1] 0.603

$s250.time
[1] 0.014

$s250.rmse
[1] 0.1742157

$s500.ptime
[1] 0.846

$s500.time
[1] 0.019

$s500.rmse
[1] 0.1157427

$s1000.ptime
[1] 1.979

$s1000.time
[1] 0.046

$s1000.rmse
[1] 0.08128358

$s2500.ptime
[1] 18.249

$s2500.time
[1] 0.088

$s2500.rmse
[1] 0.0531981

        seed            p    full.time    full.rmse     l25.time     l25.rmse 
    2341.000       10.000        0.050        0.045        3.049        0.120 
    l50.time     l50.rmse    l100.time    l100.rmse    l250.time    l250.rmse 
       3.358        0.089        5.115        0.070       19.167        0.056 
   l500.time    l500.rmse  o25_i.ptime   o25_i.time   o25_i.rmse  o50_i.ptime 
     107.001        0.050        0.116        0.205        0.451        0.082 
  o50_i.time   o50_i.rmse o100_i.ptime  o100_i.time  o100_i.rmse o250_i.ptime 
       0.161        0.379        0.115        0.144        0.294        0.334 
 o250_i.time  o250_i.rmse o500_i.ptime  o500_i.time  o500_i.rmse  o25_d.ptime 
       0.141        0.174        0.936        0.149        0.118        0.384 
  o25_d.time   o25_d.rmse  o50_d.ptime   o50_d.time   o50_d.rmse o100_d.ptime 
       0.414        0.325        0.043        0.553        0.227        0.023 
 o100_d.time  o100_d.rmse o250_d.ptime  o250_d.time  o250_d.rmse o500_d.ptime 
       1.149        0.165        0.025        4.156        0.104        0.018 
 o500_d.time  o500_d.rmse  c25_i.ptime   c25_i.time   c25_i.rmse  c50_i.ptime 
      18.732        0.075        0.601        0.262        0.287        0.291 
  c50_i.time   c50_i.rmse c100_i.ptime  c100_i.time  c100_i.rmse c250_i.ptime 
       0.185        0.220        0.315        0.308        0.172        0.557 
 c250_i.time  c250_i.rmse c500_i.ptime  c500_i.time  c500_i.rmse  c25_d.ptime 
       0.180        0.126        1.273        0.209        0.093        0.433 
  c25_d.time   c25_d.rmse  c50_d.ptime   c50_d.time   c50_d.rmse c100_d.ptime 
       0.701        0.206        0.258        0.816        0.153        0.183 
 c100_d.time  c100_d.rmse c250_d.ptime  c250_d.time  c250_d.rmse c500_d.ptime 
       1.543        0.125        0.115        5.462        0.087        0.093 
 c500_d.time  c500_d.rmse    s25.ptime     s25.time     s25.rmse    s50.ptime 
      19.797        0.072        0.120        0.001        0.547        0.254 
    s50.time     s50.rmse   s100.ptime    s100.time    s100.rmse   s250.ptime 
       0.002        0.418        0.254        0.004        0.315        0.603 
   s250.time    s250.rmse   s500.ptime    s500.time    s500.rmse  s1000.ptime 
       0.014        0.174        0.846        0.019        0.116        1.979 
  s1000.time   s1000.rmse  s2500.ptime   s2500.time   s2500.rmse 
       0.046        0.081       18.249        0.088        0.053 
[1] 0.8870174
$full.time
[1] 0.057

$full.rmse
[1] 0.04502249

$full.time
[1] 0.057

$full.rmse
[1] 0.04502249

$l25.time
[1] 3.236

$l25.rmse
[1] 0.1199941

$l50.time
[1] 3.476

$l50.rmse
[1] 0.08846631

$l100.time
[1] 5.719

$l100.rmse
[1] 0.06788127

$l250.time
[1] 19.888

$l250.rmse
[1] 0.05576509

$l500.time
[1] 104.947

$l500.rmse
[1] 0.04899367

$o25_i.ptime
[1] 0.117

$o25_i.time
[1] 0.196

$o25_i.rmse
[1] 0.4706777

$o50_i.ptime
[1] 0.08

$o50_i.time
[1] 0.154

$o50_i.rmse
[1] 0.3683861

$o100_i.ptime
[1] 0.119

$o100_i.time
[1] 0.361

$o100_i.rmse
[1] 0.2528578

$o250_i.ptime
[1] 0.326

$o250_i.time
[1] 0.139

$o250_i.rmse
[1] 0.1736562

$o500_i.ptime
[1] 0.895

$o500_i.time
[1] 0.147

$o500_i.rmse
[1] 0.1123797

$o25_d.ptime
[1] 0.122

$o25_d.time
[1] 0.398

$o25_d.rmse
[1] 0.2823283

$o50_d.ptime
[1] 0.042

$o50_d.time
[1] 0.53

$o50_d.rmse
[1] 0.2414572

$o100_d.ptime
[1] 0.022

$o100_d.time
[1] 1.199

$o100_d.rmse
[1] 0.168093

$o250_d.ptime
[1] 0.016

$o250_d.time
[1] 4.212

$o250_d.rmse
[1] 0.1062747

$o500_d.ptime
[1] 0.021

$o500_d.time
[1] 21.321

$o500_d.rmse
[1] 0.07205536

$c25_i.ptime
[1] 0.543

$c25_i.time
[1] 0.291

$c25_i.rmse
[1] 0.2830743

$c50_i.ptime
[1] 0.313

$c50_i.time
[1] 0.177

$c50_i.rmse
[1] 0.197327

$c100_i.ptime
[1] 0.346

$c100_i.time
[1] 0.202

$c100_i.rmse
[1] 0.1687418

$c250_i.ptime
[1] 0.489

$c250_i.time
[1] 0.184

$c250_i.rmse
[1] 0.1183185

$c500_i.ptime
[1] 1.164

$c500_i.time
[1] 0.172

$c500_i.rmse
[1] 0.09611963

$c25_d.ptime
[1] 0.543

$c25_d.time
[1] 0.791

$c25_d.rmse
[1] 0.2137829

$c50_d.ptime
[1] 0.237

$c50_d.time
[1] 0.968

$c50_d.rmse
[1] 0.1543183

$c100_d.ptime
[1] 0.223

$c100_d.time
[1] 1.479

$c100_d.rmse
[1] 0.1172356

$c250_d.ptime
[1] 0.105

$c250_d.time
[1] 4.866

$c250_d.rmse
[1] 0.09121947

$c500_d.ptime
[1] 0.076

$c500_d.time
[1] 22.187

$c500_d.rmse
[1] 0.07298305

$s25.ptime
[1] 0.14

$s25.time
[1] 0.001

$s25.rmse
[1] 0.6126744

$s50.ptime
[1] 0.267

$s50.time
[1] 0.002

$s50.rmse
[1] 0.445284

$s100.ptime
[1] 0.261

$s100.time
[1] 0.005

$s100.rmse
[1] 0.3119376

$s250.ptime
[1] 0.536

$s250.time
[1] 0.013

$s250.rmse
[1] 0.1947405

$s500.ptime
[1] 0.886

$s500.time
[1] 0.02

$s500.rmse
[1] 0.118262

$s1000.ptime
[1] 2.214

$s1000.time
[1] 0.044

$s1000.rmse
[1] 0.08363371

$s2500.ptime
[1] 19.442

$s2500.time
[1] 0.109

$s2500.rmse
[1] 0.05294149

        seed            p    full.time    full.rmse     l25.time     l25.rmse 
    2342.000       10.000        0.057        0.045        3.236        0.120 
    l50.time     l50.rmse    l100.time    l100.rmse    l250.time    l250.rmse 
       3.476        0.088        5.719        0.068       19.888        0.056 
   l500.time    l500.rmse  o25_i.ptime   o25_i.time   o25_i.rmse  o50_i.ptime 
     104.947        0.049        0.117        0.196        0.471        0.080 
  o50_i.time   o50_i.rmse o100_i.ptime  o100_i.time  o100_i.rmse o250_i.ptime 
       0.154        0.368        0.119        0.361        0.253        0.326 
 o250_i.time  o250_i.rmse o500_i.ptime  o500_i.time  o500_i.rmse  o25_d.ptime 
       0.139        0.174        0.895        0.147        0.112        0.122 
  o25_d.time   o25_d.rmse  o50_d.ptime   o50_d.time   o50_d.rmse o100_d.ptime 
       0.398        0.282        0.042        0.530        0.241        0.022 
 o100_d.time  o100_d.rmse o250_d.ptime  o250_d.time  o250_d.rmse o500_d.ptime 
       1.199        0.168        0.016        4.212        0.106        0.021 
 o500_d.time  o500_d.rmse  c25_i.ptime   c25_i.time   c25_i.rmse  c50_i.ptime 
      21.321        0.072        0.543        0.291        0.283        0.313 
  c50_i.time   c50_i.rmse c100_i.ptime  c100_i.time  c100_i.rmse c250_i.ptime 
       0.177        0.197        0.346        0.202        0.169        0.489 
 c250_i.time  c250_i.rmse c500_i.ptime  c500_i.time  c500_i.rmse  c25_d.ptime 
       0.184        0.118        1.164        0.172        0.096        0.543 
  c25_d.time   c25_d.rmse  c50_d.ptime   c50_d.time   c50_d.rmse c100_d.ptime 
       0.791        0.214        0.237        0.968        0.154        0.223 
 c100_d.time  c100_d.rmse c250_d.ptime  c250_d.time  c250_d.rmse c500_d.ptime 
       1.479        0.117        0.105        4.866        0.091        0.076 
 c500_d.time  c500_d.rmse    s25.ptime     s25.time     s25.rmse    s50.ptime 
      22.187        0.073        0.140        0.001        0.613        0.267 
    s50.time     s50.rmse   s100.ptime    s100.time    s100.rmse   s250.ptime 
       0.002        0.445        0.261        0.005        0.312        0.536 
   s250.time    s250.rmse   s500.ptime    s500.time    s500.rmse  s1000.ptime 
       0.013        0.195        0.886        0.020        0.118        2.214 
  s1000.time   s1000.rmse  s2500.ptime   s2500.time   s2500.rmse 
       0.044        0.084       19.442        0.109        0.053 
[1] 0.8684135
$full.time
[1] 0.047

$full.rmse
[1] 0.04448205

$full.time
[1] 0.047

$full.rmse
[1] 0.04448205

$l25.time
[1] 3.101

$l25.rmse
[1] 0.106931

$l50.time
[1] 3.489

$l50.rmse
[1] 0.08177981

$l100.time
[1] 3.806

$l100.rmse
[1] 0.06610934

$l250.time
[1] 19.529

$l250.rmse
[1] 0.05462577

$l500.time
[1] 103.557

$l500.rmse
[1] 0.05086145

$o25_i.ptime
[1] 0.397

$o25_i.time
[1] 0.185

$o25_i.rmse
[1] 0.4164607

$o50_i.ptime
[1] 0.085

$o50_i.time
[1] 0.144

$o50_i.rmse
[1] 0.3695341

$o100_i.ptime
[1] 0.113

$o100_i.time
[1] 0.128

$o100_i.rmse
[1] 0.2598527

$o250_i.ptime
[1] 0.327

$o250_i.time
[1] 0.126

$o250_i.rmse
[1] 0.1660982

$o500_i.ptime
[1] 0.895

$o500_i.time
[1] 0.138

$o500_i.rmse
[1] 0.1187704

$o25_d.ptime
[1] 0.132

$o25_d.time
[1] 0.379

$o25_d.rmse
[1] 0.2904737

$o50_d.ptime
[1] 0.043

$o50_d.time
[1] 0.505

$o50_d.rmse
[1] 0.2180444

$o100_d.ptime
[1] 0.021

$o100_d.time
[1] 1.021

$o100_d.rmse
[1] 0.1709542

$o250_d.ptime
[1] 0.015

$o250_d.time
[1] 4.276

$o250_d.rmse
[1] 0.1072459

$o500_d.ptime
[1] 0.07

$o500_d.time
[1] 24.088

$o500_d.rmse
[1] 0.0746454

$c25_i.ptime
[1] 0.492

$c25_i.time
[1] 0.299

$c25_i.rmse
[1] 0.2523204

$c50_i.ptime
[1] 0.374

$c50_i.time
[1] 0.226

$c50_i.rmse
[1] 0.1916406

$c100_i.ptime
[1] 0.312

$c100_i.time
[1] 0.14

$c100_i.rmse
[1] 0.1542989

$c250_i.ptime
[1] 0.41

$c250_i.time
[1] 0.134

$c250_i.rmse
[1] 0.1290611

$c500_i.ptime
[1] 1.024

$c500_i.time
[1] 0.153

$c500_i.rmse
[1] 0.08939622

$c25_d.ptime
[1] 0.533

$c25_d.time
[1] 0.623

$c25_d.rmse
[1] 0.1860715

$c50_d.ptime
[1] 0.236

$c50_d.time
[1] 0.757

$c50_d.rmse
[1] 0.1479492

$c100_d.ptime
[1] 0.173

$c100_d.time
[1] 1.333

$c100_d.rmse
[1] 0.1204214

$c250_d.ptime
[1] 0.124

$c250_d.time
[1] 4.868

$c250_d.rmse
[1] 0.08086742

$c500_d.ptime
[1] 0.239

$c500_d.time
[1] 24.447

$c500_d.rmse
[1] 0.06970838

$s25.ptime
[1] 0.122

$s25.time
[1] 0.001

$s25.rmse
[1] 0.6084158

$s50.ptime
[1] 0.231

$s50.time
[1] 0.002

$s50.rmse
[1] 0.4180302

$s100.ptime
[1] 0.301

$s100.time
[1] 0.003

$s100.rmse
[1] 0.3091423

$s250.ptime
[1] 0.455

$s250.time
[1] 0.007

$s250.rmse
[1] 0.1766721

$s500.ptime
[1] 0.741

$s500.time
[1] 0.015

$s500.rmse
[1] 0.127892

$s1000.ptime
[1] 1.732

$s1000.time
[1] 0.035

$s1000.rmse
[1] 0.08101118

$s2500.ptime
[1] 22.573

$s2500.time
[1] 0.124

$s2500.rmse
[1] 0.05240055

        seed            p    full.time    full.rmse     l25.time     l25.rmse 
    2343.000       10.000        0.047        0.044        3.101        0.107 
    l50.time     l50.rmse    l100.time    l100.rmse    l250.time    l250.rmse 
       3.489        0.082        3.806        0.066       19.529        0.055 
   l500.time    l500.rmse  o25_i.ptime   o25_i.time   o25_i.rmse  o50_i.ptime 
     103.557        0.051        0.397        0.185        0.416        0.085 
  o50_i.time   o50_i.rmse o100_i.ptime  o100_i.time  o100_i.rmse o250_i.ptime 
       0.144        0.370        0.113        0.128        0.260        0.327 
 o250_i.time  o250_i.rmse o500_i.ptime  o500_i.time  o500_i.rmse  o25_d.ptime 
       0.126        0.166        0.895        0.138        0.119        0.132 
  o25_d.time   o25_d.rmse  o50_d.ptime   o50_d.time   o50_d.rmse o100_d.ptime 
       0.379        0.290        0.043        0.505        0.218        0.021 
 o100_d.time  o100_d.rmse o250_d.ptime  o250_d.time  o250_d.rmse o500_d.ptime 
       1.021        0.171        0.015        4.276        0.107        0.070 
 o500_d.time  o500_d.rmse  c25_i.ptime   c25_i.time   c25_i.rmse  c50_i.ptime 
      24.088        0.075        0.492        0.299        0.252        0.374 
  c50_i.time   c50_i.rmse c100_i.ptime  c100_i.time  c100_i.rmse c250_i.ptime 
       0.226        0.192        0.312        0.140        0.154        0.410 
 c250_i.time  c250_i.rmse c500_i.ptime  c500_i.time  c500_i.rmse  c25_d.ptime 
       0.134        0.129        1.024        0.153        0.089        0.533 
  c25_d.time   c25_d.rmse  c50_d.ptime   c50_d.time   c50_d.rmse c100_d.ptime 
       0.623        0.186        0.236        0.757        0.148        0.173 
 c100_d.time  c100_d.rmse c250_d.ptime  c250_d.time  c250_d.rmse c500_d.ptime 
       1.333        0.120        0.124        4.868        0.081        0.239 
 c500_d.time  c500_d.rmse    s25.ptime     s25.time     s25.rmse    s50.ptime 
      24.447        0.070        0.122        0.001        0.608        0.231 
    s50.time     s50.rmse   s100.ptime    s100.time    s100.rmse   s250.ptime 
       0.002        0.418        0.301        0.003        0.309        0.455 
   s250.time    s250.rmse   s500.ptime    s500.time    s500.rmse  s1000.ptime 
       0.007        0.177        0.741        0.015        0.128        1.732 
  s1000.time   s1000.rmse  s2500.ptime   s2500.time   s2500.rmse 
       0.035        0.081       22.573        0.124        0.052 
  seed  p full.time  full.rmse l25.time  l25.rmse l50.time   l50.rmse l100.time
1 2339 10     0.049 0.04566871    3.119 0.1112836    3.365 0.08453565     5.405
2 2340 10     0.042 0.04494063    2.129 0.1167996    2.897 0.08802454     5.857
3 2341 10     0.050 0.04522963    3.049 0.1200743    3.358 0.08915997     5.115
4 2342 10     0.057 0.04502249    3.236 0.1199941    3.476 0.08846631     5.719
5 2343 10     0.047 0.04448205    3.101 0.1069310    3.489 0.08177981     3.806
   l100.rmse l250.time  l250.rmse l500.time  l500.rmse o25_i.ptime o25_i.time
1 0.06758788    20.177 0.05577730   104.945 0.05100194       0.121      0.185
2 0.06800489    22.704 0.05653282   100.361 0.05120550       0.107      0.178
3 0.06966121    19.167 0.05580743   107.001 0.05040217       0.116      0.205
4 0.06788127    19.888 0.05576509   104.947 0.04899367       0.117      0.196
5 0.06610934    19.529 0.05462577   103.557 0.05086145       0.397      0.185
  o25_i.rmse o50_i.ptime o50_i.time o50_i.rmse o100_i.ptime o100_i.time
1  0.4850004       0.084      0.149  0.4140121        0.121       0.129
2  0.4822372       0.075      0.138  0.3985816        0.111       0.123
3  0.4512902       0.082      0.161  0.3790082        0.115       0.144
4  0.4706777       0.080      0.154  0.3683861        0.119       0.361
5  0.4164607       0.085      0.144  0.3695341        0.113       0.128
  o100_i.rmse o250_i.ptime o250_i.time o250_i.rmse o500_i.ptime o500_i.time
1   0.3038860        0.323       0.125   0.1807636        0.897       0.132
2   0.2723903        0.305       0.119   0.1759071        0.870       0.126
3   0.2938843        0.334       0.141   0.1736822        0.936       0.149
4   0.2528578        0.326       0.139   0.1736562        0.895       0.147
5   0.2598527        0.327       0.126   0.1660982        0.895       0.138
  o500_i.rmse o25_d.ptime o25_d.time o25_d.rmse o50_d.ptime o50_d.time
1   0.1188143       0.128      0.406  0.3388517       0.042      0.673
2   0.1156443       0.120      0.349  0.3392155       0.267      0.477
3   0.1183264       0.384      0.414  0.3250114       0.043      0.553
4   0.1123797       0.122      0.398  0.2823283       0.042      0.530
5   0.1187704       0.132      0.379  0.2904737       0.043      0.505
  o50_d.rmse o100_d.ptime o100_d.time o100_d.rmse o250_d.ptime o250_d.time
1  0.2577534        0.022       1.080   0.1695680        0.015       4.239
2  0.2519250        0.020       0.966   0.1733154        0.014       3.969
3  0.2269165        0.023       1.149   0.1647420        0.025       4.156
4  0.2414572        0.022       1.199   0.1680930        0.016       4.212
5  0.2180444        0.021       1.021   0.1709542        0.015       4.276
  o250_d.rmse o500_d.ptime o500_d.time o500_d.rmse c25_i.ptime c25_i.time
1   0.1130934        0.017      20.515  0.07862416       0.520      0.256
2   0.0955637        0.059      20.429  0.07421024       0.452      0.201
3   0.1044018        0.018      18.732  0.07476610       0.601      0.262
4   0.1062747        0.021      21.321  0.07205536       0.543      0.291
5   0.1072459        0.070      24.088  0.07464540       0.492      0.299
  c25_i.rmse c50_i.ptime c50_i.time c50_i.rmse c100_i.ptime c100_i.time
1  0.2817875       0.374      0.222  0.2075282        0.314       0.150
2  0.2509620       0.422      0.204  0.2133255        0.290       0.158
3  0.2868704       0.291      0.185  0.2196366        0.315       0.308
4  0.2830743       0.313      0.177  0.1973270        0.346       0.202
5  0.2523204       0.374      0.226  0.1916406        0.312       0.140
  c100_i.rmse c250_i.ptime c250_i.time c250_i.rmse c500_i.ptime c500_i.time
1   0.1559293        0.551       0.159   0.1101515        1.169       0.185
2   0.1495380        0.471       0.199   0.1207864        1.122       0.178
3   0.1724270        0.557       0.180   0.1256225        1.273       0.209
4   0.1687418        0.489       0.184   0.1183185        1.164       0.172
5   0.1542989        0.410       0.134   0.1290611        1.024       0.153
  c500_i.rmse c25_d.ptime c25_d.time c25_d.rmse c50_d.ptime c50_d.time
1  0.09401604       0.530      0.767  0.1936994       0.266      0.884
2  0.09790805       0.691      0.741  0.1945882       0.332      0.795
3  0.09306457       0.433      0.701  0.2062878       0.258      0.816
4  0.09611963       0.543      0.791  0.2137829       0.237      0.968
5  0.08939622       0.533      0.623  0.1860715       0.236      0.757
  c50_d.rmse c100_d.ptime c100_d.time c100_d.rmse c250_d.ptime c250_d.time
1  0.1493607        0.194       1.750   0.1264784        0.118       5.674
2  0.1525500        0.183       1.471   0.1134732        0.118       4.951
3  0.1529004        0.183       1.543   0.1245788        0.115       5.462
4  0.1543183        0.223       1.479   0.1172356        0.105       4.866
5  0.1479492        0.173       1.333   0.1204214        0.124       4.868
  c250_d.rmse c500_d.ptime c500_d.time c500_d.rmse s25.ptime s25.time  s25.rmse
1  0.08365566        0.133      20.267  0.06766620     0.129    0.001 0.6947278
2  0.08728354        0.109      21.429  0.06903169     0.185    0.001 0.4862103
3  0.08670641        0.093      19.797  0.07194309     0.120    0.001 0.5465775
4  0.09121947        0.076      22.187  0.07298305     0.140    0.001 0.6126744
5  0.08086742        0.239      24.447  0.06970838     0.122    0.001 0.6084158
  s50.ptime s50.time  s50.rmse s100.ptime s100.time s100.rmse s250.ptime
1     0.210    0.002 0.4960091      0.311     0.004 0.3548049      0.444
2     0.228    0.002 0.4235290      0.240     0.005 0.3083264      0.579
3     0.254    0.002 0.4175851      0.254     0.004 0.3147799      0.603
4     0.267    0.002 0.4452840      0.261     0.005 0.3119376      0.536
5     0.231    0.002 0.4180302      0.301     0.003 0.3091423      0.455
  s250.time s250.rmse s500.ptime s500.time s500.rmse s1000.ptime s1000.time
1     0.010 0.1981321      0.925     0.022 0.1223818       2.286      0.034
2     0.009 0.2006772      0.801     0.016 0.1155029       2.057      0.041
3     0.014 0.1742157      0.846     0.019 0.1157427       1.979      0.046
4     0.013 0.1947405      0.886     0.020 0.1182620       2.214      0.044
5     0.007 0.1766721      0.741     0.015 0.1278920       1.732      0.035
  s1000.rmse s2500.ptime s2500.time s2500.rmse
1 0.08670681      20.644      0.097 0.05370997
2 0.08291413      16.966      0.137 0.05319928
3 0.08128358      18.249      0.088 0.05319810
4 0.08363371      19.442      0.109 0.05294149
5 0.08101118      22.573      0.124 0.05240055
> 
> proc.time()
    user   system  elapsed 
1361.218   19.422 1410.430 
