
R version 3.0.3 (2014-03-06) -- "Warm Puppy"
Copyright (C) 2014 The R Foundation for Statistical Computing
Platform: x86_64-unknown-linux-gnu (64-bit)

R is free software and comes with ABSOLUTELY NO WARRANTY.
You are welcome to redistribute it under certain conditions.
Type 'license()' or 'licence()' for distribution details.

  Natural language support but running in an English locale

R is a collaborative project with many contributors.
Type 'contributors()' for more information and
'citation()' on how to cite R or R packages in publications.

Type 'demo()' for some demos, 'help()' for on-line help, or
'help.start()' for an HTML browser interface to help.
Type 'q()' to quit R.

> print(.libPaths())
[1] "/usr/local/r-3.0.3/lib64/R/library"
> .libPaths("/mnt/home/rjparker/Rlib")
> print(.libPaths())
[1] "/mnt/home/rjparker/Rlib"            "/usr/local/r-3.0.3/lib64/R/library"
> setwd("/mnt/home/rjparker/git/block_int")
> 
> which_exp <- 1
> which_part <- 20
> source("R/sim_nblocks_pred.R")
Loading required package: spam
Loading required package: grid
Spam version 0.41-0 (2014-02-26) is loaded.
Type 'help( Spam)' or 'demo( spam)' for a short introduction 
and overview of this package.
Help for individual functions is also obtained by adding the
suffix '.spam' to the function name, e.g. 'help( chol.spam)'.

Attaching package: ‘spam’

The following objects are masked from ‘package:base’:

    backsolve, forwardsolve

Loading required package: maps
  pred  p   b tau Nper_p Npred Fzero sigma2
1 TRUE 10 1.5  10   2500  1000     0      1
[1] 0.960667
$full.time
[1] 0.02

$full.rmse
[1] 0.1094861

$full.time
[1] 0.02

$full.rmse
[1] 0.1094861

$l25.time
[1] 0.989

$l25.rmse
[1] 0.2592164

$l50.time
[1] 1.16

$l50.rmse
[1] 0.2235096

$l100.time
[1] 2.573

$l100.rmse
[1] 0.1922246

$l250.time
[1] 14.197

$l250.rmse
[1] 0.1552233

$l500.time
[1] 74.967

$l500.rmse
[1] 0.1333804

$o25_i.ptime
[1] 0.039

$o25_i.time
[1] 0.112

$o25_i.rmse
[1] 0.6009769

$o50_i.ptime
[1] 0.03

$o50_i.time
[1] 0.09

$o50_i.rmse
[1] 0.4909586

$o100_i.ptime
[1] 0.045

$o100_i.time
[1] 0.086

$o100_i.rmse
[1] 0.4054999

$o250_i.ptime
[1] 0.128

$o250_i.time
[1] 0.09

$o250_i.rmse
[1] 0.3282783

$o500_i.ptime
[1] 0.329

$o500_i.time
[1] 0.096

$o500_i.rmse
[1] 0.2486415

$o25_d.ptime
[1] 0.029

$o25_d.time
[1] 0.237

$o25_d.rmse
[1] 0.4738491

$o50_d.ptime
[1] 0.012

$o50_d.time
[1] 0.332

$o50_d.rmse
[1] 0.3882774

$o100_d.ptime
[1] 0.008

$o100_d.time
[1] 0.632

$o100_d.rmse
[1] 0.3305529

$o250_d.ptime
[1] 0.089

$o250_d.time
[1] 2.098

$o250_d.rmse
[1] 0.2470051

$o500_d.ptime
[1] 0.034

$o500_d.time
[1] 7.998

$o500_d.rmse
[1] 0.1705887

$c25_i.ptime
[1] 0.123

$c25_i.time
[1] 0.114

$c25_i.rmse
[1] 0.4125469

$c50_i.ptime
[1] 0.079

$c50_i.time
[1] 0.099

$c50_i.rmse
[1] 0.3658525

$c100_i.ptime
[1] 0.078

$c100_i.time
[1] 0.094

$c100_i.rmse
[1] 0.2963207

$c250_i.ptime
[1] 0.161

$c250_i.time
[1] 0.097

$c250_i.rmse
[1] 0.2492304

$c500_i.ptime
[1] 0.344

$c500_i.time
[1] 0.105

$c500_i.rmse
[1] 0.2150459

$c25_d.ptime
[1] 0.099

$c25_d.time
[1] 0.267

$c25_d.rmse
[1] 0.3419265

$c50_d.ptime
[1] 0.058

$c50_d.time
[1] 0.34

$c50_d.rmse
[1] 0.2840979

$c100_d.ptime
[1] 0.036

$c100_d.time
[1] 0.651

$c100_d.rmse
[1] 0.2528175

$c250_d.ptime
[1] 0.041

$c250_d.time
[1] 2.127

$c250_d.rmse
[1] 0.1914878

$c500_d.ptime
[1] 0.022

$c500_d.time
[1] 7.831

$c500_d.rmse
[1] 0.1551485

$s25.ptime
[1] 0.04

$s25.time
[1] 0.001

$s25.rmse
[1] 0.6866667

$s50.ptime
[1] 0.062

$s50.time
[1] 0.002

$s50.rmse
[1] 0.5417086

$s100.ptime
[1] 0.102

$s100.time
[1] 0.003

$s100.rmse
[1] 0.4672742

$s250.ptime
[1] 0.169

$s250.time
[1] 0.007

$s250.rmse
[1] 0.3710231

$s500.ptime
[1] 0.303

$s500.time
[1] 0.014

$s500.rmse
[1] 0.2772281

$s1000.ptime
[1] 0.831

$s1000.time
[1] 0.029

$s1000.rmse
[1] 0.1826884

        seed            p    full.time    full.rmse     l25.time     l25.rmse 
    2079.000       10.000        0.020        0.109        0.989        0.259 
    l50.time     l50.rmse    l100.time    l100.rmse    l250.time    l250.rmse 
       1.160        0.224        2.573        0.192       14.197        0.155 
   l500.time    l500.rmse  o25_i.ptime   o25_i.time   o25_i.rmse  o50_i.ptime 
      74.967        0.133        0.039        0.112        0.601        0.030 
  o50_i.time   o50_i.rmse o100_i.ptime  o100_i.time  o100_i.rmse o250_i.ptime 
       0.090        0.491        0.045        0.086        0.405        0.128 
 o250_i.time  o250_i.rmse o500_i.ptime  o500_i.time  o500_i.rmse  o25_d.ptime 
       0.090        0.328        0.329        0.096        0.249        0.029 
  o25_d.time   o25_d.rmse  o50_d.ptime   o50_d.time   o50_d.rmse o100_d.ptime 
       0.237        0.474        0.012        0.332        0.388        0.008 
 o100_d.time  o100_d.rmse o250_d.ptime  o250_d.time  o250_d.rmse o500_d.ptime 
       0.632        0.331        0.089        2.098        0.247        0.034 
 o500_d.time  o500_d.rmse  c25_i.ptime   c25_i.time   c25_i.rmse  c50_i.ptime 
       7.998        0.171        0.123        0.114        0.413        0.079 
  c50_i.time   c50_i.rmse c100_i.ptime  c100_i.time  c100_i.rmse c250_i.ptime 
       0.099        0.366        0.078        0.094        0.296        0.161 
 c250_i.time  c250_i.rmse c500_i.ptime  c500_i.time  c500_i.rmse  c25_d.ptime 
       0.097        0.249        0.344        0.105        0.215        0.099 
  c25_d.time   c25_d.rmse  c50_d.ptime   c50_d.time   c50_d.rmse c100_d.ptime 
       0.267        0.342        0.058        0.340        0.284        0.036 
 c100_d.time  c100_d.rmse c250_d.ptime  c250_d.time  c250_d.rmse c500_d.ptime 
       0.651        0.253        0.041        2.127        0.191        0.022 
 c500_d.time  c500_d.rmse    s25.ptime     s25.time     s25.rmse    s50.ptime 
       7.831        0.155        0.040        0.001        0.687        0.062 
    s50.time     s50.rmse   s100.ptime    s100.time    s100.rmse   s250.ptime 
       0.002        0.542        0.102        0.003        0.467        0.169 
   s250.time    s250.rmse   s500.ptime    s500.time    s500.rmse  s1000.ptime 
       0.007        0.371        0.303        0.014        0.277        0.831 
  s1000.time   s1000.rmse 
       0.029        0.183 
[1] 0.9192244
$full.time
[1] 0.018

$full.rmse
[1] 0.108663

$full.time
[1] 0.018

$full.rmse
[1] 0.108663

$l25.time
[1] 0.889

$l25.rmse
[1] 0.2664642

$l50.time
[1] 1.128

$l50.rmse
[1] 0.2186497

$l100.time
[1] 2.35

$l100.rmse
[1] 0.1808208

$l250.time
[1] 14.237

$l250.rmse
[1] 0.151936

$l500.time
[1] 74.069

$l500.rmse
[1] 0.1321027

$o25_i.ptime
[1] 0.034

$o25_i.time
[1] 0.107

$o25_i.rmse
[1] 0.608634

$o50_i.ptime
[1] 0.029

$o50_i.time
[1] 0.09

$o50_i.rmse
[1] 0.5225977

$o100_i.ptime
[1] 0.044

$o100_i.time
[1] 0.085

$o100_i.rmse
[1] 0.4452045

$o250_i.ptime
[1] 0.13

$o250_i.time
[1] 0.103

$o250_i.rmse
[1] 0.3061752

$o500_i.ptime
[1] 0.337

$o500_i.time
[1] 0.126

$o500_i.rmse
[1] 0.2430882

$o25_d.ptime
[1] 0.026

$o25_d.time
[1] 0.245

$o25_d.rmse
[1] 0.4728265

$o50_d.ptime
[1] 0.012

$o50_d.time
[1] 0.329

$o50_d.rmse
[1] 0.4033815

$o100_d.ptime
[1] 0.008

$o100_d.time
[1] 0.626

$o100_d.rmse
[1] 0.3440565

$o250_d.ptime
[1] 0.01

$o250_d.time
[1] 2.061

$o250_d.rmse
[1] 0.2308338

$o500_d.ptime
[1] 0.014

$o500_d.time
[1] 7.78

$o500_d.rmse
[1] 0.1663263

$c25_i.ptime
[1] 0.12

$c25_i.time
[1] 0.112

$c25_i.rmse
[1] 0.4210107

$c50_i.ptime
[1] 0.085

$c50_i.time
[1] 0.101

$c50_i.rmse
[1] 0.3775114

$c100_i.ptime
[1] 0.071

$c100_i.time
[1] 0.096

$c100_i.rmse
[1] 0.2995437

$c250_i.ptime
[1] 0.149

$c250_i.time
[1] 0.102

$c250_i.rmse
[1] 0.2338607

$c500_i.ptime
[1] 0.348

$c500_i.time
[1] 0.114

$c500_i.rmse
[1] 0.1898797

$c25_d.ptime
[1] 0.102

$c25_d.time
[1] 0.27

$c25_d.rmse
[1] 0.3370307

$c50_d.ptime
[1] 0.084

$c50_d.time
[1] 0.343

$c50_d.rmse
[1] 0.2909236

$c100_d.ptime
[1] 0.051

$c100_d.time
[1] 0.646

$c100_d.rmse
[1] 0.2329161

$c250_d.ptime
[1] 0.038

$c250_d.time
[1] 2.087

$c250_d.rmse
[1] 0.211317

$c500_d.ptime
[1] 0.031

$c500_d.time
[1] 7.403

$c500_d.rmse
[1] 0.1480403

$s25.ptime
[1] 0.042

$s25.time
[1] 0.001

$s25.rmse
[1] 0.7053872

$s50.ptime
[1] 0.045

$s50.time
[1] 0.001

$s50.rmse
[1] 0.6755082

$s100.ptime
[1] 0.095

$s100.time
[1] 0.003

$s100.rmse
[1] 0.4887205

$s250.ptime
[1] 0.175

$s250.time
[1] 0.008

$s250.rmse
[1] 0.3451091

$s500.ptime
[1] 0.302

$s500.time
[1] 0.015

$s500.rmse
[1] 0.2675479

$s1000.ptime
[1] 0.853

$s1000.time
[1] 0.029

$s1000.rmse
[1] 0.1820067

        seed            p    full.time    full.rmse     l25.time     l25.rmse 
    2080.000       10.000        0.018        0.109        0.889        0.266 
    l50.time     l50.rmse    l100.time    l100.rmse    l250.time    l250.rmse 
       1.128        0.219        2.350        0.181       14.237        0.152 
   l500.time    l500.rmse  o25_i.ptime   o25_i.time   o25_i.rmse  o50_i.ptime 
      74.069        0.132        0.034        0.107        0.609        0.029 
  o50_i.time   o50_i.rmse o100_i.ptime  o100_i.time  o100_i.rmse o250_i.ptime 
       0.090        0.523        0.044        0.085        0.445        0.130 
 o250_i.time  o250_i.rmse o500_i.ptime  o500_i.time  o500_i.rmse  o25_d.ptime 
       0.103        0.306        0.337        0.126        0.243        0.026 
  o25_d.time   o25_d.rmse  o50_d.ptime   o50_d.time   o50_d.rmse o100_d.ptime 
       0.245        0.473        0.012        0.329        0.403        0.008 
 o100_d.time  o100_d.rmse o250_d.ptime  o250_d.time  o250_d.rmse o500_d.ptime 
       0.626        0.344        0.010        2.061        0.231        0.014 
 o500_d.time  o500_d.rmse  c25_i.ptime   c25_i.time   c25_i.rmse  c50_i.ptime 
       7.780        0.166        0.120        0.112        0.421        0.085 
  c50_i.time   c50_i.rmse c100_i.ptime  c100_i.time  c100_i.rmse c250_i.ptime 
       0.101        0.378        0.071        0.096        0.300        0.149 
 c250_i.time  c250_i.rmse c500_i.ptime  c500_i.time  c500_i.rmse  c25_d.ptime 
       0.102        0.234        0.348        0.114        0.190        0.102 
  c25_d.time   c25_d.rmse  c50_d.ptime   c50_d.time   c50_d.rmse c100_d.ptime 
       0.270        0.337        0.084        0.343        0.291        0.051 
 c100_d.time  c100_d.rmse c250_d.ptime  c250_d.time  c250_d.rmse c500_d.ptime 
       0.646        0.233        0.038        2.087        0.211        0.031 
 c500_d.time  c500_d.rmse    s25.ptime     s25.time     s25.rmse    s50.ptime 
       7.403        0.148        0.042        0.001        0.705        0.045 
    s50.time     s50.rmse   s100.ptime    s100.time    s100.rmse   s250.ptime 
       0.001        0.676        0.095        0.003        0.489        0.175 
   s250.time    s250.rmse   s500.ptime    s500.time    s500.rmse  s1000.ptime 
       0.008        0.345        0.302        0.015        0.268        0.853 
  s1000.time   s1000.rmse 
       0.029        0.182 
[1] 0.9326529
$full.time
[1] 0.019

$full.rmse
[1] 0.1082244

$full.time
[1] 0.019

$full.rmse
[1] 0.1082244

$l25.time
[1] 0.88

$l25.rmse
[1] 0.255474

$l50.time
[1] 1.131

$l50.rmse
[1] 0.220638

$l100.time
[1] 2.334

$l100.rmse
[1] 0.1840498

$l250.time
[1] 14.203

$l250.rmse
[1] 0.1527812

$l500.time
[1] 73.964

$l500.rmse
[1] 0.1353719

$o25_i.ptime
[1] 0.034

$o25_i.time
[1] 0.109

$o25_i.rmse
[1] 0.5973741

$o50_i.ptime
[1] 0.029

$o50_i.time
[1] 0.097

$o50_i.rmse
[1] 0.5282328

$o100_i.ptime
[1] 0.043

$o100_i.time
[1] 0.093

$o100_i.rmse
[1] 0.435041

$o250_i.ptime
[1] 0.126

$o250_i.time
[1] 0.096

$o250_i.rmse
[1] 0.3386644

$o500_i.ptime
[1] 0.329

$o500_i.time
[1] 0.106

$o500_i.rmse
[1] 0.2406077

$o25_d.ptime
[1] 0.03

$o25_d.time
[1] 0.245

$o25_d.rmse
[1] 0.5008973

$o50_d.ptime
[1] 0.012

$o50_d.time
[1] 0.351

$o50_d.rmse
[1] 0.4056331

$o100_d.ptime
[1] 0.009

$o100_d.time
[1] 0.718

$o100_d.rmse
[1] 0.3205937

$o250_d.ptime
[1] 0.008

$o250_d.time
[1] 2.085

$o250_d.rmse
[1] 0.2282837

$o500_d.ptime
[1] 0.011

$o500_d.time
[1] 7.773

$o500_d.rmse
[1] 0.1633184

$c25_i.ptime
[1] 0.112

$c25_i.time
[1] 0.127

$c25_i.rmse
[1] 0.3943907

$c50_i.ptime
[1] 0.077

$c50_i.time
[1] 0.099

$c50_i.rmse
[1] 0.3356408

$c100_i.ptime
[1] 0.086

$c100_i.time
[1] 0.095

$c100_i.rmse
[1] 0.3034624

$c250_i.ptime
[1] 0.157

$c250_i.time
[1] 0.099

$c250_i.rmse
[1] 0.229108

$c500_i.ptime
[1] 0.362

$c500_i.time
[1] 0.106

$c500_i.rmse
[1] 0.1945059

$c25_d.ptime
[1] 0.101

$c25_d.time
[1] 0.274

$c25_d.rmse
[1] 0.3402709

$c50_d.ptime
[1] 0.055

$c50_d.time
[1] 0.348

$c50_d.rmse
[1] 0.295714

$c100_d.ptime
[1] 0.056

$c100_d.time
[1] 0.655

$c100_d.rmse
[1] 0.2363601

$c250_d.ptime
[1] 0.033

$c250_d.time
[1] 2.072

$c250_d.rmse
[1] 0.1901968

$c500_d.ptime
[1] 0.026

$c500_d.time
[1] 7.726

$c500_d.rmse
[1] 0.149064

$s25.ptime
[1] 0.05

$s25.time
[1] 0.001

$s25.rmse
[1] 0.6421448

$s50.ptime
[1] 0.066

$s50.time
[1] 0.002

$s50.rmse
[1] 0.5207533

$s100.ptime
[1] 0.086

$s100.time
[1] 0.003

$s100.rmse
[1] 0.4537427

$s250.ptime
[1] 0.169

$s250.time
[1] 0.009

$s250.rmse
[1] 0.3349052

$s500.ptime
[1] 0.299

$s500.time
[1] 0.016

$s500.rmse
[1] 0.2430559

$s1000.ptime
[1] 0.875

$s1000.time
[1] 0.03

$s1000.rmse
[1] 0.1789631

        seed            p    full.time    full.rmse     l25.time     l25.rmse 
    2081.000       10.000        0.019        0.108        0.880        0.255 
    l50.time     l50.rmse    l100.time    l100.rmse    l250.time    l250.rmse 
       1.131        0.221        2.334        0.184       14.203        0.153 
   l500.time    l500.rmse  o25_i.ptime   o25_i.time   o25_i.rmse  o50_i.ptime 
      73.964        0.135        0.034        0.109        0.597        0.029 
  o50_i.time   o50_i.rmse o100_i.ptime  o100_i.time  o100_i.rmse o250_i.ptime 
       0.097        0.528        0.043        0.093        0.435        0.126 
 o250_i.time  o250_i.rmse o500_i.ptime  o500_i.time  o500_i.rmse  o25_d.ptime 
       0.096        0.339        0.329        0.106        0.241        0.030 
  o25_d.time   o25_d.rmse  o50_d.ptime   o50_d.time   o50_d.rmse o100_d.ptime 
       0.245        0.501        0.012        0.351        0.406        0.009 
 o100_d.time  o100_d.rmse o250_d.ptime  o250_d.time  o250_d.rmse o500_d.ptime 
       0.718        0.321        0.008        2.085        0.228        0.011 
 o500_d.time  o500_d.rmse  c25_i.ptime   c25_i.time   c25_i.rmse  c50_i.ptime 
       7.773        0.163        0.112        0.127        0.394        0.077 
  c50_i.time   c50_i.rmse c100_i.ptime  c100_i.time  c100_i.rmse c250_i.ptime 
       0.099        0.336        0.086        0.095        0.303        0.157 
 c250_i.time  c250_i.rmse c500_i.ptime  c500_i.time  c500_i.rmse  c25_d.ptime 
       0.099        0.229        0.362        0.106        0.195        0.101 
  c25_d.time   c25_d.rmse  c50_d.ptime   c50_d.time   c50_d.rmse c100_d.ptime 
       0.274        0.340        0.055        0.348        0.296        0.056 
 c100_d.time  c100_d.rmse c250_d.ptime  c250_d.time  c250_d.rmse c500_d.ptime 
       0.655        0.236        0.033        2.072        0.190        0.026 
 c500_d.time  c500_d.rmse    s25.ptime     s25.time     s25.rmse    s50.ptime 
       7.726        0.149        0.050        0.001        0.642        0.066 
    s50.time     s50.rmse   s100.ptime    s100.time    s100.rmse   s250.ptime 
       0.002        0.521        0.086        0.003        0.454        0.169 
   s250.time    s250.rmse   s500.ptime    s500.time    s500.rmse  s1000.ptime 
       0.009        0.335        0.299        0.016        0.243        0.875 
  s1000.time   s1000.rmse 
       0.030        0.179 
[1] 1.117723
$full.time
[1] 0.02

$full.rmse
[1] 0.1121917

$full.time
[1] 0.02

$full.rmse
[1] 0.1121917

$l25.time
[1] 0.889

$l25.rmse
[1] 0.2724619

$l50.time
[1] 1.138

$l50.rmse
[1] 0.2423305

$l100.time
[1] 2.379

$l100.rmse
[1] 0.2006366

$l250.time
[1] 14.413

$l250.rmse
[1] 0.1607772

$l500.time
[1] 74.28

$l500.rmse
[1] 0.1383689

$o25_i.ptime
[1] 0.035

$o25_i.time
[1] 0.113

$o25_i.rmse
[1] 0.672789

$o50_i.ptime
[1] 0.029

$o50_i.time
[1] 0.096

$o50_i.rmse
[1] 0.566848

$o100_i.ptime
[1] 0.044

$o100_i.time
[1] 0.096

$o100_i.rmse
[1] 0.4763554

$o250_i.ptime
[1] 0.127

$o250_i.time
[1] 0.095

$o250_i.rmse
[1] 0.3546572

$o500_i.ptime
[1] 0.33

$o500_i.time
[1] 0.104

$o500_i.rmse
[1] 0.2737531

$o25_d.ptime
[1] 0.03

$o25_d.time
[1] 0.251

$o25_d.rmse
[1] 0.5242925

$o50_d.ptime
[1] 0.012

$o50_d.time
[1] 0.337

$o50_d.rmse
[1] 0.4366296

$o100_d.ptime
[1] 0.008

$o100_d.time
[1] 0.654

$o100_d.rmse
[1] 0.3426289

$o250_d.ptime
[1] 0.007

$o250_d.time
[1] 2.033

$o250_d.rmse
[1] 0.2481458

$o500_d.ptime
[1] 0.011

$o500_d.time
[1] 7.506

$o500_d.rmse
[1] 0.1801593

$c25_i.ptime
[1] 0.107

$c25_i.time
[1] 0.132

$c25_i.rmse
[1] 0.4108691

$c50_i.ptime
[1] 0.078

$c50_i.time
[1] 0.107

$c50_i.rmse
[1] 0.3615455

$c100_i.ptime
[1] 0.081

$c100_i.time
[1] 0.102

$c100_i.rmse
[1] 0.3190397

$c250_i.ptime
[1] 0.162

$c250_i.time
[1] 0.109

$c250_i.rmse
[1] 0.25795

$c500_i.ptime
[1] 0.343

$c500_i.time
[1] 0.11

$c500_i.rmse
[1] 0.2148367

$c25_d.ptime
[1] 0.101

$c25_d.time
[1] 0.282

$c25_d.rmse
[1] 0.3477323

$c50_d.ptime
[1] 0.06

$c50_d.time
[1] 0.349

$c50_d.rmse
[1] 0.3043309

$c100_d.ptime
[1] 0.056

$c100_d.time
[1] 0.655

$c100_d.rmse
[1] 0.2639083

$c250_d.ptime
[1] 0.028

$c250_d.time
[1] 2.058

$c250_d.rmse
[1] 0.2082232

$c500_d.ptime
[1] 0.015

$c500_d.time
[1] 7.791

$c500_d.rmse
[1] 0.1586434

$s25.ptime
[1] 0.045

$s25.time
[1] 0.001

$s25.rmse
[1] 0.7813029

$s50.ptime
[1] 0.046

$s50.time
[1] 0.001

$s50.rmse
[1] 0.5558227

$s100.ptime
[1] 0.09

$s100.time
[1] 0.002

$s100.rmse
[1] 0.4959437

$s250.ptime
[1] 0.162

$s250.time
[1] 0.006

$s250.rmse
[1] 0.3683331

$s500.ptime
[1] 0.307

$s500.time
[1] 0.013

$s500.rmse
[1] 0.2913065

$s1000.ptime
[1] 0.855

$s1000.time
[1] 0.028

$s1000.rmse
[1] 0.1907261

        seed            p    full.time    full.rmse     l25.time     l25.rmse 
    2082.000       10.000        0.020        0.112        0.889        0.272 
    l50.time     l50.rmse    l100.time    l100.rmse    l250.time    l250.rmse 
       1.138        0.242        2.379        0.201       14.413        0.161 
   l500.time    l500.rmse  o25_i.ptime   o25_i.time   o25_i.rmse  o50_i.ptime 
      74.280        0.138        0.035        0.113        0.673        0.029 
  o50_i.time   o50_i.rmse o100_i.ptime  o100_i.time  o100_i.rmse o250_i.ptime 
       0.096        0.567        0.044        0.096        0.476        0.127 
 o250_i.time  o250_i.rmse o500_i.ptime  o500_i.time  o500_i.rmse  o25_d.ptime 
       0.095        0.355        0.330        0.104        0.274        0.030 
  o25_d.time   o25_d.rmse  o50_d.ptime   o50_d.time   o50_d.rmse o100_d.ptime 
       0.251        0.524        0.012        0.337        0.437        0.008 
 o100_d.time  o100_d.rmse o250_d.ptime  o250_d.time  o250_d.rmse o500_d.ptime 
       0.654        0.343        0.007        2.033        0.248        0.011 
 o500_d.time  o500_d.rmse  c25_i.ptime   c25_i.time   c25_i.rmse  c50_i.ptime 
       7.506        0.180        0.107        0.132        0.411        0.078 
  c50_i.time   c50_i.rmse c100_i.ptime  c100_i.time  c100_i.rmse c250_i.ptime 
       0.107        0.362        0.081        0.102        0.319        0.162 
 c250_i.time  c250_i.rmse c500_i.ptime  c500_i.time  c500_i.rmse  c25_d.ptime 
       0.109        0.258        0.343        0.110        0.215        0.101 
  c25_d.time   c25_d.rmse  c50_d.ptime   c50_d.time   c50_d.rmse c100_d.ptime 
       0.282        0.348        0.060        0.349        0.304        0.056 
 c100_d.time  c100_d.rmse c250_d.ptime  c250_d.time  c250_d.rmse c500_d.ptime 
       0.655        0.264        0.028        2.058        0.208        0.015 
 c500_d.time  c500_d.rmse    s25.ptime     s25.time     s25.rmse    s50.ptime 
       7.791        0.159        0.045        0.001        0.781        0.046 
    s50.time     s50.rmse   s100.ptime    s100.time    s100.rmse   s250.ptime 
       0.001        0.556        0.090        0.002        0.496        0.162 
   s250.time    s250.rmse   s500.ptime    s500.time    s500.rmse  s1000.ptime 
       0.006        0.368        0.307        0.013        0.291        0.855 
  s1000.time   s1000.rmse 
       0.028        0.191 
[1] 0.8782009
$full.time
[1] 0.017

$full.rmse
[1] 0.113536

$full.time
[1] 0.017

$full.rmse
[1] 0.113536

$l25.time
[1] 0.862

$l25.rmse
[1] 0.2669418

$l50.time
[1] 1.119

$l50.rmse
[1] 0.2272119

$l100.time
[1] 2.306

$l100.rmse
[1] 0.2017658

$l250.time
[1] 14.14

$l250.rmse
[1] 0.155717

$l500.time
[1] 74.032

$l500.rmse
[1] 0.137454

$o25_i.ptime
[1] 0.035

$o25_i.time
[1] 0.111

$o25_i.rmse
[1] 0.5930829

$o50_i.ptime
[1] 0.029

$o50_i.time
[1] 0.093

$o50_i.rmse
[1] 0.5324063

$o100_i.ptime
[1] 0.045

$o100_i.time
[1] 0.09

$o100_i.rmse
[1] 0.4484181

$o250_i.ptime
[1] 0.127

$o250_i.time
[1] 0.097

$o250_i.rmse
[1] 0.3332457

$o500_i.ptime
[1] 0.331

$o500_i.time
[1] 0.1

$o500_i.rmse
[1] 0.2504244

$o25_d.ptime
[1] 0.027

$o25_d.time
[1] 0.253

$o25_d.rmse
[1] 0.5012289

$o50_d.ptime
[1] 0.016

$o50_d.time
[1] 0.325

$o50_d.rmse
[1] 0.4118796

$o100_d.ptime
[1] 0.008

$o100_d.time
[1] 0.623

$o100_d.rmse
[1] 0.3285054

$o250_d.ptime
[1] 0.008

$o250_d.time
[1] 2.019

$o250_d.rmse
[1] 0.217049

$o500_d.ptime
[1] 0.015

$o500_d.time
[1] 7.091

$o500_d.rmse
[1] 0.1703724

$c25_i.ptime
[1] 0.11

$c25_i.time
[1] 0.126

$c25_i.rmse
[1] 0.4262001

$c50_i.ptime
[1] 0.074

$c50_i.time
[1] 0.104

$c50_i.rmse
[1] 0.3736684

$c100_i.ptime
[1] 0.075

$c100_i.time
[1] 0.099

$c100_i.rmse
[1] 0.3262213

$c250_i.ptime
[1] 0.149

$c250_i.time
[1] 0.112

$c250_i.rmse
[1] 0.2566401

$c500_i.ptime
[1] 0.338

$c500_i.time
[1] 0.113

$c500_i.rmse
[1] 0.1969551

$c25_d.ptime
[1] 0.083

$c25_d.time
[1] 0.277

$c25_d.rmse
[1] 0.3541904

$c50_d.ptime
[1] 0.065

$c50_d.time
[1] 0.365

$c50_d.rmse
[1] 0.3126183

$c100_d.ptime
[1] 0.039

$c100_d.time
[1] 0.665

$c100_d.rmse
[1] 0.260609

$c250_d.ptime
[1] 0.023

$c250_d.time
[1] 2.105

$c250_d.rmse
[1] 0.1924762

$c500_d.ptime
[1] 0.026

$c500_d.time
[1] 7.459

$c500_d.rmse
[1] 0.1509793

$s25.ptime
[1] 0.043

$s25.time
[1] 0

$s25.rmse
[1] 0.6396948

$s50.ptime
[1] 0.056

$s50.time
[1] 0.001

$s50.rmse
[1] 0.59232

$s100.ptime
[1] 0.099

$s100.time
[1] 0.003

$s100.rmse
[1] 0.5372139

$s250.ptime
[1] 0.157

$s250.time
[1] 0.006

$s250.rmse
[1] 0.3832781

$s500.ptime
[1] 0.29

$s500.time
[1] 0.014

$s500.rmse
[1] 0.2483606

$s1000.ptime
[1] 0.849

$s1000.time
[1] 0.031

$s1000.rmse
[1] 0.1846085

        seed            p    full.time    full.rmse     l25.time     l25.rmse 
    2083.000       10.000        0.017        0.114        0.862        0.267 
    l50.time     l50.rmse    l100.time    l100.rmse    l250.time    l250.rmse 
       1.119        0.227        2.306        0.202       14.140        0.156 
   l500.time    l500.rmse  o25_i.ptime   o25_i.time   o25_i.rmse  o50_i.ptime 
      74.032        0.137        0.035        0.111        0.593        0.029 
  o50_i.time   o50_i.rmse o100_i.ptime  o100_i.time  o100_i.rmse o250_i.ptime 
       0.093        0.532        0.045        0.090        0.448        0.127 
 o250_i.time  o250_i.rmse o500_i.ptime  o500_i.time  o500_i.rmse  o25_d.ptime 
       0.097        0.333        0.331        0.100        0.250        0.027 
  o25_d.time   o25_d.rmse  o50_d.ptime   o50_d.time   o50_d.rmse o100_d.ptime 
       0.253        0.501        0.016        0.325        0.412        0.008 
 o100_d.time  o100_d.rmse o250_d.ptime  o250_d.time  o250_d.rmse o500_d.ptime 
       0.623        0.329        0.008        2.019        0.217        0.015 
 o500_d.time  o500_d.rmse  c25_i.ptime   c25_i.time   c25_i.rmse  c50_i.ptime 
       7.091        0.170        0.110        0.126        0.426        0.074 
  c50_i.time   c50_i.rmse c100_i.ptime  c100_i.time  c100_i.rmse c250_i.ptime 
       0.104        0.374        0.075        0.099        0.326        0.149 
 c250_i.time  c250_i.rmse c500_i.ptime  c500_i.time  c500_i.rmse  c25_d.ptime 
       0.112        0.257        0.338        0.113        0.197        0.083 
  c25_d.time   c25_d.rmse  c50_d.ptime   c50_d.time   c50_d.rmse c100_d.ptime 
       0.277        0.354        0.065        0.365        0.313        0.039 
 c100_d.time  c100_d.rmse c250_d.ptime  c250_d.time  c250_d.rmse c500_d.ptime 
       0.665        0.261        0.023        2.105        0.192        0.026 
 c500_d.time  c500_d.rmse    s25.ptime     s25.time     s25.rmse    s50.ptime 
       7.459        0.151        0.043        0.000        0.640        0.056 
    s50.time     s50.rmse   s100.ptime    s100.time    s100.rmse   s250.ptime 
       0.001        0.592        0.099        0.003        0.537        0.157 
   s250.time    s250.rmse   s500.ptime    s500.time    s500.rmse  s1000.ptime 
       0.006        0.383        0.290        0.014        0.248        0.849 
  s1000.time   s1000.rmse 
       0.031        0.185 
  seed  p full.time full.rmse l25.time  l25.rmse l50.time  l50.rmse l100.time
1 2079 10     0.020 0.1094861    0.989 0.2592164    1.160 0.2235096     2.573
2 2080 10     0.018 0.1086630    0.889 0.2664642    1.128 0.2186497     2.350
3 2081 10     0.019 0.1082244    0.880 0.2554740    1.131 0.2206380     2.334
4 2082 10     0.020 0.1121917    0.889 0.2724619    1.138 0.2423305     2.379
5 2083 10     0.017 0.1135360    0.862 0.2669418    1.119 0.2272119     2.306
  l100.rmse l250.time l250.rmse l500.time l500.rmse o25_i.ptime o25_i.time
1 0.1922246    14.197 0.1552233    74.967 0.1333804       0.039      0.112
2 0.1808208    14.237 0.1519360    74.069 0.1321027       0.034      0.107
3 0.1840498    14.203 0.1527812    73.964 0.1353719       0.034      0.109
4 0.2006366    14.413 0.1607772    74.280 0.1383689       0.035      0.113
5 0.2017658    14.140 0.1557170    74.032 0.1374540       0.035      0.111
  o25_i.rmse o50_i.ptime o50_i.time o50_i.rmse o100_i.ptime o100_i.time
1  0.6009769       0.030      0.090  0.4909586        0.045       0.086
2  0.6086340       0.029      0.090  0.5225977        0.044       0.085
3  0.5973741       0.029      0.097  0.5282328        0.043       0.093
4  0.6727890       0.029      0.096  0.5668480        0.044       0.096
5  0.5930829       0.029      0.093  0.5324063        0.045       0.090
  o100_i.rmse o250_i.ptime o250_i.time o250_i.rmse o500_i.ptime o500_i.time
1   0.4054999        0.128       0.090   0.3282783        0.329       0.096
2   0.4452045        0.130       0.103   0.3061752        0.337       0.126
3   0.4350410        0.126       0.096   0.3386644        0.329       0.106
4   0.4763554        0.127       0.095   0.3546572        0.330       0.104
5   0.4484181        0.127       0.097   0.3332457        0.331       0.100
  o500_i.rmse o25_d.ptime o25_d.time o25_d.rmse o50_d.ptime o50_d.time
1   0.2486415       0.029      0.237  0.4738491       0.012      0.332
2   0.2430882       0.026      0.245  0.4728265       0.012      0.329
3   0.2406077       0.030      0.245  0.5008973       0.012      0.351
4   0.2737531       0.030      0.251  0.5242925       0.012      0.337
5   0.2504244       0.027      0.253  0.5012289       0.016      0.325
  o50_d.rmse o100_d.ptime o100_d.time o100_d.rmse o250_d.ptime o250_d.time
1  0.3882774        0.008       0.632   0.3305529        0.089       2.098
2  0.4033815        0.008       0.626   0.3440565        0.010       2.061
3  0.4056331        0.009       0.718   0.3205937        0.008       2.085
4  0.4366296        0.008       0.654   0.3426289        0.007       2.033
5  0.4118796        0.008       0.623   0.3285054        0.008       2.019
  o250_d.rmse o500_d.ptime o500_d.time o500_d.rmse c25_i.ptime c25_i.time
1   0.2470051        0.034       7.998   0.1705887       0.123      0.114
2   0.2308338        0.014       7.780   0.1663263       0.120      0.112
3   0.2282837        0.011       7.773   0.1633184       0.112      0.127
4   0.2481458        0.011       7.506   0.1801593       0.107      0.132
5   0.2170490        0.015       7.091   0.1703724       0.110      0.126
  c25_i.rmse c50_i.ptime c50_i.time c50_i.rmse c100_i.ptime c100_i.time
1  0.4125469       0.079      0.099  0.3658525        0.078       0.094
2  0.4210107       0.085      0.101  0.3775114        0.071       0.096
3  0.3943907       0.077      0.099  0.3356408        0.086       0.095
4  0.4108691       0.078      0.107  0.3615455        0.081       0.102
5  0.4262001       0.074      0.104  0.3736684        0.075       0.099
  c100_i.rmse c250_i.ptime c250_i.time c250_i.rmse c500_i.ptime c500_i.time
1   0.2963207        0.161       0.097   0.2492304        0.344       0.105
2   0.2995437        0.149       0.102   0.2338607        0.348       0.114
3   0.3034624        0.157       0.099   0.2291080        0.362       0.106
4   0.3190397        0.162       0.109   0.2579500        0.343       0.110
5   0.3262213        0.149       0.112   0.2566401        0.338       0.113
  c500_i.rmse c25_d.ptime c25_d.time c25_d.rmse c50_d.ptime c50_d.time
1   0.2150459       0.099      0.267  0.3419265       0.058      0.340
2   0.1898797       0.102      0.270  0.3370307       0.084      0.343
3   0.1945059       0.101      0.274  0.3402709       0.055      0.348
4   0.2148367       0.101      0.282  0.3477323       0.060      0.349
5   0.1969551       0.083      0.277  0.3541904       0.065      0.365
  c50_d.rmse c100_d.ptime c100_d.time c100_d.rmse c250_d.ptime c250_d.time
1  0.2840979        0.036       0.651   0.2528175        0.041       2.127
2  0.2909236        0.051       0.646   0.2329161        0.038       2.087
3  0.2957140        0.056       0.655   0.2363601        0.033       2.072
4  0.3043309        0.056       0.655   0.2639083        0.028       2.058
5  0.3126183        0.039       0.665   0.2606090        0.023       2.105
  c250_d.rmse c500_d.ptime c500_d.time c500_d.rmse s25.ptime s25.time  s25.rmse
1   0.1914878        0.022       7.831   0.1551485     0.040    0.001 0.6866667
2   0.2113170        0.031       7.403   0.1480403     0.042    0.001 0.7053872
3   0.1901968        0.026       7.726   0.1490640     0.050    0.001 0.6421448
4   0.2082232        0.015       7.791   0.1586434     0.045    0.001 0.7813029
5   0.1924762        0.026       7.459   0.1509793     0.043    0.000 0.6396948
  s50.ptime s50.time  s50.rmse s100.ptime s100.time s100.rmse s250.ptime
1     0.062    0.002 0.5417086      0.102     0.003 0.4672742      0.169
2     0.045    0.001 0.6755082      0.095     0.003 0.4887205      0.175
3     0.066    0.002 0.5207533      0.086     0.003 0.4537427      0.169
4     0.046    0.001 0.5558227      0.090     0.002 0.4959437      0.162
5     0.056    0.001 0.5923200      0.099     0.003 0.5372139      0.157
  s250.time s250.rmse s500.ptime s500.time s500.rmse s1000.ptime s1000.time
1     0.007 0.3710231      0.303     0.014 0.2772281       0.831      0.029
2     0.008 0.3451091      0.302     0.015 0.2675479       0.853      0.029
3     0.009 0.3349052      0.299     0.016 0.2430559       0.875      0.030
4     0.006 0.3683331      0.307     0.013 0.2913065       0.855      0.028
5     0.006 0.3832781      0.290     0.014 0.2483606       0.849      0.031
  s1000.rmse
1  0.1826884
2  0.1820067
3  0.1789631
4  0.1907261
5  0.1846085
> 
> proc.time()
   user  system elapsed 
636.581   3.648 646.538 
