
R version 3.0.3 (2014-03-06) -- "Warm Puppy"
Copyright (C) 2014 The R Foundation for Statistical Computing
Platform: x86_64-unknown-linux-gnu (64-bit)

R is free software and comes with ABSOLUTELY NO WARRANTY.
You are welcome to redistribute it under certain conditions.
Type 'license()' or 'licence()' for distribution details.

  Natural language support but running in an English locale

R is a collaborative project with many contributors.
Type 'contributors()' for more information and
'citation()' on how to cite R or R packages in publications.

Type 'demo()' for some demos, 'help()' for on-line help, or
'help.start()' for an HTML browser interface to help.
Type 'q()' to quit R.

> print(.libPaths())
[1] "/usr/local/r-3.0.3/lib64/R/library"
> .libPaths("/mnt/home/rjparker/Rlib")
> print(.libPaths())
[1] "/mnt/home/rjparker/Rlib"            "/usr/local/r-3.0.3/lib64/R/library"
> setwd("/mnt/home/rjparker/git/block_int")
> 
> which_exp <- 1
> which_part <- 1
> source("R/sim_nblocks_pred.R")
Loading required package: spam
Loading required package: grid
Spam version 0.41-0 (2014-02-26) is loaded.
Type 'help( Spam)' or 'demo( spam)' for a short introduction 
and overview of this package.
Help for individual functions is also obtained by adding the
suffix '.spam' to the function name, e.g. 'help( chol.spam)'.

Attaching package: ‘spam’

The following objects are masked from ‘package:base’:

    backsolve, forwardsolve

Loading required package: maps
  pred  p   b tau Nper_p Npred Fzero sigma2
1 TRUE 10 1.5  10   2500  1000     0      1
[1] 0.8322286
$full.time
[1] 0.017

$full.rmse
[1] 0.1181786

$full.time
[1] 0.017

$full.rmse
[1] 0.1181786

$l25.time
[1] 1.029

$l25.rmse
[1] 0.2690584

$l50.time
[1] 1.148

$l50.rmse
[1] 0.2305942

$l100.time
[1] 2.404

$l100.rmse
[1] 0.2026163

$l250.time
[1] 14.277

$l250.rmse
[1] 0.159617

$l500.time
[1] 75.317

$l500.rmse
[1] 0.1420383

$o25_i.ptime
[1] 0.04

$o25_i.time
[1] 0.122

$o25_i.rmse
[1] 0.5689504

$o50_i.ptime
[1] 0.029

$o50_i.time
[1] 0.098

$o50_i.rmse
[1] 0.5007301

$o100_i.ptime
[1] 0.045

$o100_i.time
[1] 0.092

$o100_i.rmse
[1] 0.432851

$o250_i.ptime
[1] 0.13

$o250_i.time
[1] 0.094

$o250_i.rmse
[1] 0.3461411

$o500_i.ptime
[1] 0.341

$o500_i.time
[1] 0.097

$o500_i.rmse
[1] 0.2526133

$o25_d.ptime
[1] 0.031

$o25_d.time
[1] 0.249

$o25_d.rmse
[1] 0.4776992

$o50_d.ptime
[1] 0.013

$o50_d.time
[1] 0.32

$o50_d.rmse
[1] 0.4180102

$o100_d.ptime
[1] 0.009

$o100_d.time
[1] 0.617

$o100_d.rmse
[1] 0.3362159

$o250_d.ptime
[1] 0.105

$o250_d.time
[1] 2.06

$o250_d.rmse
[1] 0.24063

$o500_d.ptime
[1] 0.032

$o500_d.time
[1] 7.639

$o500_d.rmse
[1] 0.1683884

$c25_i.ptime
[1] 0.126

$c25_i.time
[1] 0.122

$c25_i.rmse
[1] 0.4087933

$c50_i.ptime
[1] 0.08

$c50_i.time
[1] 0.109

$c50_i.rmse
[1] 0.3551743

$c100_i.ptime
[1] 0.077

$c100_i.time
[1] 0.103

$c100_i.rmse
[1] 0.3044603

$c250_i.ptime
[1] 0.167

$c250_i.time
[1] 0.103

$c250_i.rmse
[1] 0.2431039

$c500_i.ptime
[1] 0.376

$c500_i.time
[1] 0.11

$c500_i.rmse
[1] 0.1929841

$c25_d.ptime
[1] 0.098

$c25_d.time
[1] 0.291

$c25_d.rmse
[1] 0.3419746

$c50_d.ptime
[1] 0.078

$c50_d.time
[1] 0.356

$c50_d.rmse
[1] 0.2980589

$c100_d.ptime
[1] 0.039

$c100_d.time
[1] 0.686

$c100_d.rmse
[1] 0.2517885

$c250_d.ptime
[1] 0.035

$c250_d.time
[1] 2.186

$c250_d.rmse
[1] 0.1973298

$c500_d.ptime
[1] 0.03

$c500_d.time
[1] 8.122

$c500_d.rmse
[1] 0.1541695

$s25.ptime
[1] 0.033

$s25.time
[1] 0.001

$s25.rmse
[1] 0.6393235

$s50.ptime
[1] 0.062

$s50.time
[1] 0.001

$s50.rmse
[1] 0.5637225

$s100.ptime
[1] 0.095

$s100.time
[1] 0.002

$s100.rmse
[1] 0.496035

$s250.ptime
[1] 0.17

$s250.time
[1] 0.007

$s250.rmse
[1] 0.3547549

$s500.ptime
[1] 0.293

$s500.time
[1] 0.012

$s500.rmse
[1] 0.2719596

$s1000.ptime
[1] 0.811

$s1000.time
[1] 0.022

$s1000.rmse
[1] 0.1839641

        seed            p    full.time    full.rmse     l25.time     l25.rmse 
    1984.000       10.000        0.017        0.118        1.029        0.269 
    l50.time     l50.rmse    l100.time    l100.rmse    l250.time    l250.rmse 
       1.148        0.231        2.404        0.203       14.277        0.160 
   l500.time    l500.rmse  o25_i.ptime   o25_i.time   o25_i.rmse  o50_i.ptime 
      75.317        0.142        0.040        0.122        0.569        0.029 
  o50_i.time   o50_i.rmse o100_i.ptime  o100_i.time  o100_i.rmse o250_i.ptime 
       0.098        0.501        0.045        0.092        0.433        0.130 
 o250_i.time  o250_i.rmse o500_i.ptime  o500_i.time  o500_i.rmse  o25_d.ptime 
       0.094        0.346        0.341        0.097        0.253        0.031 
  o25_d.time   o25_d.rmse  o50_d.ptime   o50_d.time   o50_d.rmse o100_d.ptime 
       0.249        0.478        0.013        0.320        0.418        0.009 
 o100_d.time  o100_d.rmse o250_d.ptime  o250_d.time  o250_d.rmse o500_d.ptime 
       0.617        0.336        0.105        2.060        0.241        0.032 
 o500_d.time  o500_d.rmse  c25_i.ptime   c25_i.time   c25_i.rmse  c50_i.ptime 
       7.639        0.168        0.126        0.122        0.409        0.080 
  c50_i.time   c50_i.rmse c100_i.ptime  c100_i.time  c100_i.rmse c250_i.ptime 
       0.109        0.355        0.077        0.103        0.304        0.167 
 c250_i.time  c250_i.rmse c500_i.ptime  c500_i.time  c500_i.rmse  c25_d.ptime 
       0.103        0.243        0.376        0.110        0.193        0.098 
  c25_d.time   c25_d.rmse  c50_d.ptime   c50_d.time   c50_d.rmse c100_d.ptime 
       0.291        0.342        0.078        0.356        0.298        0.039 
 c100_d.time  c100_d.rmse c250_d.ptime  c250_d.time  c250_d.rmse c500_d.ptime 
       0.686        0.252        0.035        2.186        0.197        0.030 
 c500_d.time  c500_d.rmse    s25.ptime     s25.time     s25.rmse    s50.ptime 
       8.122        0.154        0.033        0.001        0.639        0.062 
    s50.time     s50.rmse   s100.ptime    s100.time    s100.rmse   s250.ptime 
       0.001        0.564        0.095        0.002        0.496        0.170 
   s250.time    s250.rmse   s500.ptime    s500.time    s500.rmse  s1000.ptime 
       0.007        0.355        0.293        0.012        0.272        0.811 
  s1000.time   s1000.rmse 
       0.022        0.184 
[1] 1.087358
$full.time
[1] 0.014

$full.rmse
[1] 0.1164175

$full.time
[1] 0.014

$full.rmse
[1] 0.1164175

$l25.time
[1] 0.867

$l25.rmse
[1] 0.2668952

$l50.time
[1] 1.057

$l50.rmse
[1] 0.2281549

$l100.time
[1] 2.209

$l100.rmse
[1] 0.1945487

$l250.time
[1] 14.134

$l250.rmse
[1] 0.156497

$l500.time
[1] 75.081

$l500.rmse
[1] 0.1421652

$o25_i.ptime
[1] 0.032

$o25_i.time
[1] 0.106

$o25_i.rmse
[1] 0.652104

$o50_i.ptime
[1] 0.026

$o50_i.time
[1] 0.088

$o50_i.rmse
[1] 0.5327553

$o100_i.ptime
[1] 0.04

$o100_i.time
[1] 0.084

$o100_i.rmse
[1] 0.4358854

$o250_i.ptime
[1] 0.122

$o250_i.time
[1] 0.126

$o250_i.rmse
[1] 0.3446949

$o500_i.ptime
[1] 0.312

$o500_i.time
[1] 0.098

$o500_i.rmse
[1] 0.26876

$o25_d.ptime
[1] 0.026

$o25_d.time
[1] 0.236

$o25_d.rmse
[1] 0.4833228

$o50_d.ptime
[1] 0.012

$o50_d.time
[1] 0.337

$o50_d.rmse
[1] 0.4087652

$o100_d.ptime
[1] 0.008

$o100_d.time
[1] 0.621

$o100_d.rmse
[1] 0.3233301

$o250_d.ptime
[1] 0.008

$o250_d.time
[1] 2.095

$o250_d.rmse
[1] 0.2523392

$o500_d.ptime
[1] 0.012

$o500_d.time
[1] 8.135

$o500_d.rmse
[1] 0.1763302

$c25_i.ptime
[1] 0.109

$c25_i.time
[1] 0.125

$c25_i.rmse
[1] 0.4277998

$c50_i.ptime
[1] 0.072

$c50_i.time
[1] 0.112

$c50_i.rmse
[1] 0.3737925

$c100_i.ptime
[1] 0.092

$c100_i.time
[1] 0.106

$c100_i.rmse
[1] 0.3013838

$c250_i.ptime
[1] 0.151

$c250_i.time
[1] 0.114

$c250_i.rmse
[1] 0.2531252

$c500_i.ptime
[1] 0.369

$c500_i.time
[1] 0.112

$c500_i.rmse
[1] 0.2032027

$c25_d.ptime
[1] 0.104

$c25_d.time
[1] 0.292

$c25_d.rmse
[1] 0.3475719

$c50_d.ptime
[1] 0.078

$c50_d.time
[1] 0.369

$c50_d.rmse
[1] 0.3015292

$c100_d.ptime
[1] 0.044

$c100_d.time
[1] 0.666

$c100_d.rmse
[1] 0.2414987

$c250_d.ptime
[1] 0.029

$c250_d.time
[1] 2.156

$c250_d.rmse
[1] 0.1970027

$c500_d.ptime
[1] 0.034

$c500_d.time
[1] 7.597

$c500_d.rmse
[1] 0.1566151

$s25.ptime
[1] 0.047

$s25.time
[1] 0.001

$s25.rmse
[1] 0.7364

$s50.ptime
[1] 0.073

$s50.time
[1] 0.002

$s50.rmse
[1] 0.609489

$s100.ptime
[1] 0.09

$s100.time
[1] 0.003

$s100.rmse
[1] 0.4767644

$s250.ptime
[1] 0.192

$s250.time
[1] 0.008

$s250.rmse
[1] 0.3487992

$s500.ptime
[1] 0.326

$s500.time
[1] 0.014

$s500.rmse
[1] 0.2688686

$s1000.ptime
[1] 0.905

$s1000.time
[1] 0.029

$s1000.rmse
[1] 0.1926846

        seed            p    full.time    full.rmse     l25.time     l25.rmse 
    1985.000       10.000        0.014        0.116        0.867        0.267 
    l50.time     l50.rmse    l100.time    l100.rmse    l250.time    l250.rmse 
       1.057        0.228        2.209        0.195       14.134        0.156 
   l500.time    l500.rmse  o25_i.ptime   o25_i.time   o25_i.rmse  o50_i.ptime 
      75.081        0.142        0.032        0.106        0.652        0.026 
  o50_i.time   o50_i.rmse o100_i.ptime  o100_i.time  o100_i.rmse o250_i.ptime 
       0.088        0.533        0.040        0.084        0.436        0.122 
 o250_i.time  o250_i.rmse o500_i.ptime  o500_i.time  o500_i.rmse  o25_d.ptime 
       0.126        0.345        0.312        0.098        0.269        0.026 
  o25_d.time   o25_d.rmse  o50_d.ptime   o50_d.time   o50_d.rmse o100_d.ptime 
       0.236        0.483        0.012        0.337        0.409        0.008 
 o100_d.time  o100_d.rmse o250_d.ptime  o250_d.time  o250_d.rmse o500_d.ptime 
       0.621        0.323        0.008        2.095        0.252        0.012 
 o500_d.time  o500_d.rmse  c25_i.ptime   c25_i.time   c25_i.rmse  c50_i.ptime 
       8.135        0.176        0.109        0.125        0.428        0.072 
  c50_i.time   c50_i.rmse c100_i.ptime  c100_i.time  c100_i.rmse c250_i.ptime 
       0.112        0.374        0.092        0.106        0.301        0.151 
 c250_i.time  c250_i.rmse c500_i.ptime  c500_i.time  c500_i.rmse  c25_d.ptime 
       0.114        0.253        0.369        0.112        0.203        0.104 
  c25_d.time   c25_d.rmse  c50_d.ptime   c50_d.time   c50_d.rmse c100_d.ptime 
       0.292        0.348        0.078        0.369        0.302        0.044 
 c100_d.time  c100_d.rmse c250_d.ptime  c250_d.time  c250_d.rmse c500_d.ptime 
       0.666        0.241        0.029        2.156        0.197        0.034 
 c500_d.time  c500_d.rmse    s25.ptime     s25.time     s25.rmse    s50.ptime 
       7.597        0.157        0.047        0.001        0.736        0.073 
    s50.time     s50.rmse   s100.ptime    s100.time    s100.rmse   s250.ptime 
       0.002        0.609        0.090        0.003        0.477        0.192 
   s250.time    s250.rmse   s500.ptime    s500.time    s500.rmse  s1000.ptime 
       0.008        0.349        0.326        0.014        0.269        0.905 
  s1000.time   s1000.rmse 
       0.029        0.193 
[1] 0.9498685
$full.time
[1] 0.015

$full.rmse
[1] 0.1140863

$full.time
[1] 0.015

$full.rmse
[1] 0.1140863

$l25.time
[1] 0.937

$l25.rmse
[1] 0.2619572

$l50.time
[1] 1.188

$l50.rmse
[1] 0.2265344

$l100.time
[1] 2.387

$l100.rmse
[1] 0.1960568

$l250.time
[1] 14.627

$l250.rmse
[1] 0.1579814

$l500.time
[1] 76.297

$l500.rmse
[1] 0.1364018

$o25_i.ptime
[1] 0.038

$o25_i.time
[1] 0.125

$o25_i.rmse
[1] 0.5736162

$o50_i.ptime
[1] 0.029

$o50_i.time
[1] 0.104

$o50_i.rmse
[1] 0.5062112

$o100_i.ptime
[1] 0.045

$o100_i.time
[1] 0.099

$o100_i.rmse
[1] 0.426024

$o250_i.ptime
[1] 0.13

$o250_i.time
[1] 0.1

$o250_i.rmse
[1] 0.3453568

$o500_i.ptime
[1] 0.322

$o500_i.time
[1] 0.107

$o500_i.rmse
[1] 0.25866

$o25_d.ptime
[1] 0.033

$o25_d.time
[1] 0.254

$o25_d.rmse
[1] 0.4693752

$o50_d.ptime
[1] 0.014

$o50_d.time
[1] 0.461

$o50_d.rmse
[1] 0.403368

$o100_d.ptime
[1] 0.009

$o100_d.time
[1] 0.647

$o100_d.rmse
[1] 0.3276495

$o250_d.ptime
[1] 0.008

$o250_d.time
[1] 2.172

$o250_d.rmse
[1] 0.2342854

$o500_d.ptime
[1] 0.015

$o500_d.time
[1] 7.454

$o500_d.rmse
[1] 0.1714667

$c25_i.ptime
[1] 0.123

$c25_i.time
[1] 0.111

$c25_i.rmse
[1] 0.4326373

$c50_i.ptime
[1] 0.089

$c50_i.time
[1] 0.105

$c50_i.rmse
[1] 0.3780181

$c100_i.ptime
[1] 0.073

$c100_i.time
[1] 0.101

$c100_i.rmse
[1] 0.3194283

$c250_i.ptime
[1] 0.156

$c250_i.time
[1] 0.102

$c250_i.rmse
[1] 0.2482907

$c500_i.ptime
[1] 0.36

$c500_i.time
[1] 0.109

$c500_i.rmse
[1] 0.2011201

$c25_d.ptime
[1] 0.105

$c25_d.time
[1] 0.289

$c25_d.rmse
[1] 0.351529

$c50_d.ptime
[1] 0.057

$c50_d.time
[1] 0.354

$c50_d.rmse
[1] 0.3093211

$c100_d.ptime
[1] 0.062

$c100_d.time
[1] 0.64

$c100_d.rmse
[1] 0.2632407

$c250_d.ptime
[1] 0.025

$c250_d.time
[1] 2.16

$c250_d.rmse
[1] 0.1921239

$c500_d.ptime
[1] 0.021

$c500_d.time
[1] 8.207

$c500_d.rmse
[1] 0.1628124

$s25.ptime
[1] 0.045

$s25.time
[1] 0.001

$s25.rmse
[1] 0.6360857

$s50.ptime
[1] 0.058

$s50.time
[1] 0.001

$s50.rmse
[1] 0.5252464

$s100.ptime
[1] 0.097

$s100.time
[1] 0.003

$s100.rmse
[1] 0.4589452

$s250.ptime
[1] 0.173

$s250.time
[1] 0.008

$s250.rmse
[1] 0.3531627

$s500.ptime
[1] 0.331

$s500.time
[1] 0.014

$s500.rmse
[1] 0.2594751

$s1000.ptime
[1] 0.895

$s1000.time
[1] 0.027

$s1000.rmse
[1] 0.1907718

        seed            p    full.time    full.rmse     l25.time     l25.rmse 
    1986.000       10.000        0.015        0.114        0.937        0.262 
    l50.time     l50.rmse    l100.time    l100.rmse    l250.time    l250.rmse 
       1.188        0.227        2.387        0.196       14.627        0.158 
   l500.time    l500.rmse  o25_i.ptime   o25_i.time   o25_i.rmse  o50_i.ptime 
      76.297        0.136        0.038        0.125        0.574        0.029 
  o50_i.time   o50_i.rmse o100_i.ptime  o100_i.time  o100_i.rmse o250_i.ptime 
       0.104        0.506        0.045        0.099        0.426        0.130 
 o250_i.time  o250_i.rmse o500_i.ptime  o500_i.time  o500_i.rmse  o25_d.ptime 
       0.100        0.345        0.322        0.107        0.259        0.033 
  o25_d.time   o25_d.rmse  o50_d.ptime   o50_d.time   o50_d.rmse o100_d.ptime 
       0.254        0.469        0.014        0.461        0.403        0.009 
 o100_d.time  o100_d.rmse o250_d.ptime  o250_d.time  o250_d.rmse o500_d.ptime 
       0.647        0.328        0.008        2.172        0.234        0.015 
 o500_d.time  o500_d.rmse  c25_i.ptime   c25_i.time   c25_i.rmse  c50_i.ptime 
       7.454        0.171        0.123        0.111        0.433        0.089 
  c50_i.time   c50_i.rmse c100_i.ptime  c100_i.time  c100_i.rmse c250_i.ptime 
       0.105        0.378        0.073        0.101        0.319        0.156 
 c250_i.time  c250_i.rmse c500_i.ptime  c500_i.time  c500_i.rmse  c25_d.ptime 
       0.102        0.248        0.360        0.109        0.201        0.105 
  c25_d.time   c25_d.rmse  c50_d.ptime   c50_d.time   c50_d.rmse c100_d.ptime 
       0.289        0.352        0.057        0.354        0.309        0.062 
 c100_d.time  c100_d.rmse c250_d.ptime  c250_d.time  c250_d.rmse c500_d.ptime 
       0.640        0.263        0.025        2.160        0.192        0.021 
 c500_d.time  c500_d.rmse    s25.ptime     s25.time     s25.rmse    s50.ptime 
       8.207        0.163        0.045        0.001        0.636        0.058 
    s50.time     s50.rmse   s100.ptime    s100.time    s100.rmse   s250.ptime 
       0.001        0.525        0.097        0.003        0.459        0.173 
   s250.time    s250.rmse   s500.ptime    s500.time    s500.rmse  s1000.ptime 
       0.008        0.353        0.331        0.014        0.259        0.895 
  s1000.time   s1000.rmse 
       0.027        0.191 
[1] 0.8676611
$full.time
[1] 0.015

$full.rmse
[1] 0.1135273

$full.time
[1] 0.015

$full.rmse
[1] 0.1135273

$l25.time
[1] 0.92

$l25.rmse
[1] 0.2679301

$l50.time
[1] 1.068

$l50.rmse
[1] 0.2302613

$l100.time
[1] 2.161

$l100.rmse
[1] 0.1900256

$l250.time
[1] 14.644

$l250.rmse
[1] 0.1625759

$l500.time
[1] 75.898

$l500.rmse
[1] 0.1419074

$o25_i.ptime
[1] 0.034

$o25_i.time
[1] 0.11

$o25_i.rmse
[1] 0.6207833

$o50_i.ptime
[1] 0.026

$o50_i.time
[1] 0.098

$o50_i.rmse
[1] 0.5666818

$o100_i.ptime
[1] 0.04

$o100_i.time
[1] 0.091

$o100_i.rmse
[1] 0.465216

$o250_i.ptime
[1] 0.118

$o250_i.time
[1] 0.091

$o250_i.rmse
[1] 0.351146

$o500_i.ptime
[1] 0.307

$o500_i.time
[1] 0.097

$o500_i.rmse
[1] 0.2651537

$o25_d.ptime
[1] 0.029

$o25_d.time
[1] 0.235

$o25_d.rmse
[1] 0.5113129

$o50_d.ptime
[1] 0.012

$o50_d.time
[1] 0.326

$o50_d.rmse
[1] 0.4395617

$o100_d.ptime
[1] 0.008

$o100_d.time
[1] 0.65

$o100_d.rmse
[1] 0.3360523

$o250_d.ptime
[1] 0.009

$o250_d.time
[1] 2.07

$o250_d.rmse
[1] 0.2390793

$o500_d.ptime
[1] 0.013

$o500_d.time
[1] 7.783

$o500_d.rmse
[1] 0.1718167

$c25_i.ptime
[1] 0.108

$c25_i.time
[1] 0.134

$c25_i.rmse
[1] 0.4279329

$c50_i.ptime
[1] 0.093

$c50_i.time
[1] 0.117

$c50_i.rmse
[1] 0.3755108

$c100_i.ptime
[1] 0.083

$c100_i.time
[1] 0.109

$c100_i.rmse
[1] 0.3419926

$c250_i.ptime
[1] 0.161

$c250_i.time
[1] 0.109

$c250_i.rmse
[1] 0.2596831

$c500_i.ptime
[1] 0.358

$c500_i.time
[1] 0.118

$c500_i.rmse
[1] 0.2131426

$c25_d.ptime
[1] 0.12

$c25_d.time
[1] 0.301

$c25_d.rmse
[1] 0.3604759

$c50_d.ptime
[1] 0.074

$c50_d.time
[1] 0.365

$c50_d.rmse
[1] 0.3199987

$c100_d.ptime
[1] 0.063

$c100_d.time
[1] 0.671

$c100_d.rmse
[1] 0.2570908

$c250_d.ptime
[1] 0.035

$c250_d.time
[1] 2.349

$c250_d.rmse
[1] 0.2045782

$c500_d.ptime
[1] 0.026

$c500_d.time
[1] 8.106

$c500_d.rmse
[1] 0.1502783

$s25.ptime
[1] 0.044

$s25.time
[1] 0

$s25.rmse
[1] 0.6876088

$s50.ptime
[1] 0.057

$s50.time
[1] 0.001

$s50.rmse
[1] 0.5523646

$s100.ptime
[1] 0.074

$s100.time
[1] 0.003

$s100.rmse
[1] 0.4973477

$s250.ptime
[1] 0.166

$s250.time
[1] 0.007

$s250.rmse
[1] 0.3546398

$s500.ptime
[1] 0.297

$s500.time
[1] 0.013

$s500.rmse
[1] 0.2553178

$s1000.ptime
[1] 0.805

$s1000.time
[1] 0.024

$s1000.rmse
[1] 0.1837539

        seed            p    full.time    full.rmse     l25.time     l25.rmse 
    1987.000       10.000        0.015        0.114        0.920        0.268 
    l50.time     l50.rmse    l100.time    l100.rmse    l250.time    l250.rmse 
       1.068        0.230        2.161        0.190       14.644        0.163 
   l500.time    l500.rmse  o25_i.ptime   o25_i.time   o25_i.rmse  o50_i.ptime 
      75.898        0.142        0.034        0.110        0.621        0.026 
  o50_i.time   o50_i.rmse o100_i.ptime  o100_i.time  o100_i.rmse o250_i.ptime 
       0.098        0.567        0.040        0.091        0.465        0.118 
 o250_i.time  o250_i.rmse o500_i.ptime  o500_i.time  o500_i.rmse  o25_d.ptime 
       0.091        0.351        0.307        0.097        0.265        0.029 
  o25_d.time   o25_d.rmse  o50_d.ptime   o50_d.time   o50_d.rmse o100_d.ptime 
       0.235        0.511        0.012        0.326        0.440        0.008 
 o100_d.time  o100_d.rmse o250_d.ptime  o250_d.time  o250_d.rmse o500_d.ptime 
       0.650        0.336        0.009        2.070        0.239        0.013 
 o500_d.time  o500_d.rmse  c25_i.ptime   c25_i.time   c25_i.rmse  c50_i.ptime 
       7.783        0.172        0.108        0.134        0.428        0.093 
  c50_i.time   c50_i.rmse c100_i.ptime  c100_i.time  c100_i.rmse c250_i.ptime 
       0.117        0.376        0.083        0.109        0.342        0.161 
 c250_i.time  c250_i.rmse c500_i.ptime  c500_i.time  c500_i.rmse  c25_d.ptime 
       0.109        0.260        0.358        0.118        0.213        0.120 
  c25_d.time   c25_d.rmse  c50_d.ptime   c50_d.time   c50_d.rmse c100_d.ptime 
       0.301        0.360        0.074        0.365        0.320        0.063 
 c100_d.time  c100_d.rmse c250_d.ptime  c250_d.time  c250_d.rmse c500_d.ptime 
       0.671        0.257        0.035        2.349        0.205        0.026 
 c500_d.time  c500_d.rmse    s25.ptime     s25.time     s25.rmse    s50.ptime 
       8.106        0.150        0.044        0.000        0.688        0.057 
    s50.time     s50.rmse   s100.ptime    s100.time    s100.rmse   s250.ptime 
       0.001        0.552        0.074        0.003        0.497        0.166 
   s250.time    s250.rmse   s500.ptime    s500.time    s500.rmse  s1000.ptime 
       0.007        0.355        0.297        0.013        0.255        0.805 
  s1000.time   s1000.rmse 
       0.024        0.184 
[1] 0.9479778
$full.time
[1] 0.014

$full.rmse
[1] 0.1152441

$full.time
[1] 0.014

$full.rmse
[1] 0.1152441

$l25.time
[1] 0.892

$l25.rmse
[1] 0.2604993

$l50.time
[1] 1.137

$l50.rmse
[1] 0.2379205

$l100.time
[1] 2.301

$l100.rmse
[1] 0.2000162

$l250.time
[1] 14.177

$l250.rmse
[1] 0.167738

$l500.time
[1] 75.537

$l500.rmse
[1] 0.1443069

$o25_i.ptime
[1] 0.036

$o25_i.time
[1] 0.121

$o25_i.rmse
[1] 0.5769604

$o50_i.ptime
[1] 0.028

$o50_i.time
[1] 0.1

$o50_i.rmse
[1] 0.5422603

$o100_i.ptime
[1] 0.045

$o100_i.time
[1] 0.096

$o100_i.rmse
[1] 0.445366

$o250_i.ptime
[1] 0.129

$o250_i.time
[1] 0.097

$o250_i.rmse
[1] 0.344521

$o500_i.ptime
[1] 0.336

$o500_i.time
[1] 0.102

$o500_i.rmse
[1] 0.2542083

$o25_d.ptime
[1] 0.031

$o25_d.time
[1] 0.301

$o25_d.rmse
[1] 0.4656901

$o50_d.ptime
[1] 0.014

$o50_d.time
[1] 0.326

$o50_d.rmse
[1] 0.4346293

$o100_d.ptime
[1] 0.008

$o100_d.time
[1] 0.629

$o100_d.rmse
[1] 0.339888

$o250_d.ptime
[1] 0.01

$o250_d.time
[1] 2.102

$o250_d.rmse
[1] 0.2395897

$o500_d.ptime
[1] 0.012

$o500_d.time
[1] 7.714

$o500_d.rmse
[1] 0.1796343

$c25_i.ptime
[1] 0.137

$c25_i.time
[1] 0.131

$c25_i.rmse
[1] 0.4349144

$c50_i.ptime
[1] 0.078

$c50_i.time
[1] 0.11

$c50_i.rmse
[1] 0.3912868

$c100_i.ptime
[1] 0.076

$c100_i.time
[1] 0.099

$c100_i.rmse
[1] 0.321479

$c250_i.ptime
[1] 0.139

$c250_i.time
[1] 0.096

$c250_i.rmse
[1] 0.2540679

$c500_i.ptime
[1] 0.329

$c500_i.time
[1] 0.11

$c500_i.rmse
[1] 0.2100676

$c25_d.ptime
[1] 0.087

$c25_d.time
[1] 0.263

$c25_d.rmse
[1] 0.3497214

$c50_d.ptime
[1] 0.09

$c50_d.time
[1] 0.331

$c50_d.rmse
[1] 0.3048213

$c100_d.ptime
[1] 0.039

$c100_d.time
[1] 0.65

$c100_d.rmse
[1] 0.2743247

$c250_d.ptime
[1] 0.03

$c250_d.time
[1] 2.152

$c250_d.rmse
[1] 0.2051728

$c500_d.ptime
[1] 0.023

$c500_d.time
[1] 8.405

$c500_d.rmse
[1] 0.1516974

$s25.ptime
[1] 0.045

$s25.time
[1] 0.001

$s25.rmse
[1] 0.6541772

$s50.ptime
[1] 0.066

$s50.time
[1] 0.002

$s50.rmse
[1] 0.5761184

$s100.ptime
[1] 0.083

$s100.time
[1] 0.003

$s100.rmse
[1] 0.4505462

$s250.ptime
[1] 0.176

$s250.time
[1] 0.008

$s250.rmse
[1] 0.3589883

$s500.ptime
[1] 0.335

$s500.time
[1] 0.014

$s500.rmse
[1] 0.2770666

$s1000.ptime
[1] 0.905

$s1000.time
[1] 0.028

$s1000.rmse
[1] 0.1959298

        seed            p    full.time    full.rmse     l25.time     l25.rmse 
    1988.000       10.000        0.014        0.115        0.892        0.260 
    l50.time     l50.rmse    l100.time    l100.rmse    l250.time    l250.rmse 
       1.137        0.238        2.301        0.200       14.177        0.168 
   l500.time    l500.rmse  o25_i.ptime   o25_i.time   o25_i.rmse  o50_i.ptime 
      75.537        0.144        0.036        0.121        0.577        0.028 
  o50_i.time   o50_i.rmse o100_i.ptime  o100_i.time  o100_i.rmse o250_i.ptime 
       0.100        0.542        0.045        0.096        0.445        0.129 
 o250_i.time  o250_i.rmse o500_i.ptime  o500_i.time  o500_i.rmse  o25_d.ptime 
       0.097        0.345        0.336        0.102        0.254        0.031 
  o25_d.time   o25_d.rmse  o50_d.ptime   o50_d.time   o50_d.rmse o100_d.ptime 
       0.301        0.466        0.014        0.326        0.435        0.008 
 o100_d.time  o100_d.rmse o250_d.ptime  o250_d.time  o250_d.rmse o500_d.ptime 
       0.629        0.340        0.010        2.102        0.240        0.012 
 o500_d.time  o500_d.rmse  c25_i.ptime   c25_i.time   c25_i.rmse  c50_i.ptime 
       7.714        0.180        0.137        0.131        0.435        0.078 
  c50_i.time   c50_i.rmse c100_i.ptime  c100_i.time  c100_i.rmse c250_i.ptime 
       0.110        0.391        0.076        0.099        0.321        0.139 
 c250_i.time  c250_i.rmse c500_i.ptime  c500_i.time  c500_i.rmse  c25_d.ptime 
       0.096        0.254        0.329        0.110        0.210        0.087 
  c25_d.time   c25_d.rmse  c50_d.ptime   c50_d.time   c50_d.rmse c100_d.ptime 
       0.263        0.350        0.090        0.331        0.305        0.039 
 c100_d.time  c100_d.rmse c250_d.ptime  c250_d.time  c250_d.rmse c500_d.ptime 
       0.650        0.274        0.030        2.152        0.205        0.023 
 c500_d.time  c500_d.rmse    s25.ptime     s25.time     s25.rmse    s50.ptime 
       8.405        0.152        0.045        0.001        0.654        0.066 
    s50.time     s50.rmse   s100.ptime    s100.time    s100.rmse   s250.ptime 
       0.002        0.576        0.083        0.003        0.451        0.176 
   s250.time    s250.rmse   s500.ptime    s500.time    s500.rmse  s1000.ptime 
       0.008        0.359        0.335        0.014        0.277        0.905 
  s1000.time   s1000.rmse 
       0.028        0.196 
  seed  p full.time full.rmse l25.time  l25.rmse l50.time  l50.rmse l100.time
1 1984 10     0.017 0.1181786    1.029 0.2690584    1.148 0.2305942     2.404
2 1985 10     0.014 0.1164175    0.867 0.2668952    1.057 0.2281549     2.209
3 1986 10     0.015 0.1140863    0.937 0.2619572    1.188 0.2265344     2.387
4 1987 10     0.015 0.1135273    0.920 0.2679301    1.068 0.2302613     2.161
5 1988 10     0.014 0.1152441    0.892 0.2604993    1.137 0.2379205     2.301
  l100.rmse l250.time l250.rmse l500.time l500.rmse o25_i.ptime o25_i.time
1 0.2026163    14.277 0.1596170    75.317 0.1420383       0.040      0.122
2 0.1945487    14.134 0.1564970    75.081 0.1421652       0.032      0.106
3 0.1960568    14.627 0.1579814    76.297 0.1364018       0.038      0.125
4 0.1900256    14.644 0.1625759    75.898 0.1419074       0.034      0.110
5 0.2000162    14.177 0.1677380    75.537 0.1443069       0.036      0.121
  o25_i.rmse o50_i.ptime o50_i.time o50_i.rmse o100_i.ptime o100_i.time
1  0.5689504       0.029      0.098  0.5007301        0.045       0.092
2  0.6521040       0.026      0.088  0.5327553        0.040       0.084
3  0.5736162       0.029      0.104  0.5062112        0.045       0.099
4  0.6207833       0.026      0.098  0.5666818        0.040       0.091
5  0.5769604       0.028      0.100  0.5422603        0.045       0.096
  o100_i.rmse o250_i.ptime o250_i.time o250_i.rmse o500_i.ptime o500_i.time
1   0.4328510        0.130       0.094   0.3461411        0.341       0.097
2   0.4358854        0.122       0.126   0.3446949        0.312       0.098
3   0.4260240        0.130       0.100   0.3453568        0.322       0.107
4   0.4652160        0.118       0.091   0.3511460        0.307       0.097
5   0.4453660        0.129       0.097   0.3445210        0.336       0.102
  o500_i.rmse o25_d.ptime o25_d.time o25_d.rmse o50_d.ptime o50_d.time
1   0.2526133       0.031      0.249  0.4776992       0.013      0.320
2   0.2687600       0.026      0.236  0.4833228       0.012      0.337
3   0.2586600       0.033      0.254  0.4693752       0.014      0.461
4   0.2651537       0.029      0.235  0.5113129       0.012      0.326
5   0.2542083       0.031      0.301  0.4656901       0.014      0.326
  o50_d.rmse o100_d.ptime o100_d.time o100_d.rmse o250_d.ptime o250_d.time
1  0.4180102        0.009       0.617   0.3362159        0.105       2.060
2  0.4087652        0.008       0.621   0.3233301        0.008       2.095
3  0.4033680        0.009       0.647   0.3276495        0.008       2.172
4  0.4395617        0.008       0.650   0.3360523        0.009       2.070
5  0.4346293        0.008       0.629   0.3398880        0.010       2.102
  o250_d.rmse o500_d.ptime o500_d.time o500_d.rmse c25_i.ptime c25_i.time
1   0.2406300        0.032       7.639   0.1683884       0.126      0.122
2   0.2523392        0.012       8.135   0.1763302       0.109      0.125
3   0.2342854        0.015       7.454   0.1714667       0.123      0.111
4   0.2390793        0.013       7.783   0.1718167       0.108      0.134
5   0.2395897        0.012       7.714   0.1796343       0.137      0.131
  c25_i.rmse c50_i.ptime c50_i.time c50_i.rmse c100_i.ptime c100_i.time
1  0.4087933       0.080      0.109  0.3551743        0.077       0.103
2  0.4277998       0.072      0.112  0.3737925        0.092       0.106
3  0.4326373       0.089      0.105  0.3780181        0.073       0.101
4  0.4279329       0.093      0.117  0.3755108        0.083       0.109
5  0.4349144       0.078      0.110  0.3912868        0.076       0.099
  c100_i.rmse c250_i.ptime c250_i.time c250_i.rmse c500_i.ptime c500_i.time
1   0.3044603        0.167       0.103   0.2431039        0.376       0.110
2   0.3013838        0.151       0.114   0.2531252        0.369       0.112
3   0.3194283        0.156       0.102   0.2482907        0.360       0.109
4   0.3419926        0.161       0.109   0.2596831        0.358       0.118
5   0.3214790        0.139       0.096   0.2540679        0.329       0.110
  c500_i.rmse c25_d.ptime c25_d.time c25_d.rmse c50_d.ptime c50_d.time
1   0.1929841       0.098      0.291  0.3419746       0.078      0.356
2   0.2032027       0.104      0.292  0.3475719       0.078      0.369
3   0.2011201       0.105      0.289  0.3515290       0.057      0.354
4   0.2131426       0.120      0.301  0.3604759       0.074      0.365
5   0.2100676       0.087      0.263  0.3497214       0.090      0.331
  c50_d.rmse c100_d.ptime c100_d.time c100_d.rmse c250_d.ptime c250_d.time
1  0.2980589        0.039       0.686   0.2517885        0.035       2.186
2  0.3015292        0.044       0.666   0.2414987        0.029       2.156
3  0.3093211        0.062       0.640   0.2632407        0.025       2.160
4  0.3199987        0.063       0.671   0.2570908        0.035       2.349
5  0.3048213        0.039       0.650   0.2743247        0.030       2.152
  c250_d.rmse c500_d.ptime c500_d.time c500_d.rmse s25.ptime s25.time  s25.rmse
1   0.1973298        0.030       8.122   0.1541695     0.033    0.001 0.6393235
2   0.1970027        0.034       7.597   0.1566151     0.047    0.001 0.7364000
3   0.1921239        0.021       8.207   0.1628124     0.045    0.001 0.6360857
4   0.2045782        0.026       8.106   0.1502783     0.044    0.000 0.6876088
5   0.2051728        0.023       8.405   0.1516974     0.045    0.001 0.6541772
  s50.ptime s50.time  s50.rmse s100.ptime s100.time s100.rmse s250.ptime
1     0.062    0.001 0.5637225      0.095     0.002 0.4960350      0.170
2     0.073    0.002 0.6094890      0.090     0.003 0.4767644      0.192
3     0.058    0.001 0.5252464      0.097     0.003 0.4589452      0.173
4     0.057    0.001 0.5523646      0.074     0.003 0.4973477      0.166
5     0.066    0.002 0.5761184      0.083     0.003 0.4505462      0.176
  s250.time s250.rmse s500.ptime s500.time s500.rmse s1000.ptime s1000.time
1     0.007 0.3547549      0.293     0.012 0.2719596       0.811      0.022
2     0.008 0.3487992      0.326     0.014 0.2688686       0.905      0.029
3     0.008 0.3531627      0.331     0.014 0.2594751       0.895      0.027
4     0.007 0.3546398      0.297     0.013 0.2553178       0.805      0.024
5     0.008 0.3589883      0.335     0.014 0.2770666       0.905      0.028
  s1000.rmse
1  0.1839641
2  0.1926846
3  0.1907718
4  0.1837539
5  0.1959298
> 
> proc.time()
   user  system elapsed 
627.337   4.317 641.011 
