
R version 3.0.3 (2014-03-06) -- "Warm Puppy"
Copyright (C) 2014 The R Foundation for Statistical Computing
Platform: x86_64-unknown-linux-gnu (64-bit)

R is free software and comes with ABSOLUTELY NO WARRANTY.
You are welcome to redistribute it under certain conditions.
Type 'license()' or 'licence()' for distribution details.

  Natural language support but running in an English locale

R is a collaborative project with many contributors.
Type 'contributors()' for more information and
'citation()' on how to cite R or R packages in publications.

Type 'demo()' for some demos, 'help()' for on-line help, or
'help.start()' for an HTML browser interface to help.
Type 'q()' to quit R.

> print(.libPaths())
[1] "/usr/local/r-3.0.3/lib64/R/library"
> .libPaths("/mnt/home/rjparker/Rlib")
> print(.libPaths())
[1] "/mnt/home/rjparker/Rlib"            "/usr/local/r-3.0.3/lib64/R/library"
> setwd("/mnt/home/rjparker/git/block_int")
> 
> which_exp <- 1
> which_part <- 12
> source("R/sim_nblocks_pred.R")
Loading required package: spam
Loading required package: grid
Spam version 0.41-0 (2014-02-26) is loaded.
Type 'help( Spam)' or 'demo( spam)' for a short introduction 
and overview of this package.
Help for individual functions is also obtained by adding the
suffix '.spam' to the function name, e.g. 'help( chol.spam)'.

Attaching package: ‘spam’

The following objects are masked from ‘package:base’:

    backsolve, forwardsolve

Loading required package: maps
  pred  p   b tau Nper_p Npred Fzero sigma2
1 TRUE 10 1.5  10   2500  1000     0      1
[1] 0.9293595
$full.time
[1] 0.021

$full.rmse
[1] 0.1161014

$full.time
[1] 0.021

$full.rmse
[1] 0.1161014

$l25.time
[1] 1.245

$l25.rmse
[1] 0.277062

$l50.time
[1] 1.383

$l50.rmse
[1] 0.2332277

$l100.time
[1] 2.947

$l100.rmse
[1] 0.1979102

$l250.time
[1] 17.715

$l250.rmse
[1] 0.1663642

$l500.time
[1] 106.141

$l500.rmse
[1] 0.1470531

$o25_i.ptime
[1] 0.05

$o25_i.time
[1] 0.162

$o25_i.rmse
[1] 0.6218157

$o50_i.ptime
[1] 0.035

$o50_i.time
[1] 0.13

$o50_i.rmse
[1] 0.5420121

$o100_i.ptime
[1] 0.053

$o100_i.time
[1] 0.116

$o100_i.rmse
[1] 0.4618284

$o250_i.ptime
[1] 0.156

$o250_i.time
[1] 0.119

$o250_i.rmse
[1] 0.3577072

$o500_i.ptime
[1] 0.437

$o500_i.time
[1] 0.135

$o500_i.rmse
[1] 0.2517405

$o25_d.ptime
[1] 0.04

$o25_d.time
[1] 0.32

$o25_d.rmse
[1] 0.4960456

$o50_d.ptime
[1] 0.015

$o50_d.time
[1] 0.415

$o50_d.rmse
[1] 0.4369196

$o100_d.ptime
[1] 0.01

$o100_d.time
[1] 0.781

$o100_d.rmse
[1] 0.3558615

$o250_d.ptime
[1] 0.124

$o250_d.time
[1] 2.921

$o250_d.rmse
[1] 0.2474674

$o500_d.ptime
[1] 0.044

$o500_d.time
[1] 13.334

$o500_d.rmse
[1] 0.1827512

$c25_i.ptime
[1] 0.135

$c25_i.time
[1] 0.229

$c25_i.rmse
[1] 0.4325716

$c50_i.ptime
[1] 0.098

$c50_i.time
[1] 0.188

$c50_i.rmse
[1] 0.3653072

$c100_i.ptime
[1] 0.094

$c100_i.time
[1] 0.125

$c100_i.rmse
[1] 0.3114582

$c250_i.ptime
[1] 0.174

$c250_i.time
[1] 0.137

$c250_i.rmse
[1] 0.2477843

$c500_i.ptime
[1] 0.462

$c500_i.time
[1] 0.142

$c500_i.rmse
[1] 0.2057677

$c25_d.ptime
[1] 0.103

$c25_d.time
[1] 0.35

$c25_d.rmse
[1] 0.3544443

$c50_d.ptime
[1] 0.067

$c50_d.time
[1] 0.447

$c50_d.rmse
[1] 0.3106626

$c100_d.ptime
[1] 0.055

$c100_d.time
[1] 0.802

$c100_d.rmse
[1] 0.2641225

$c250_d.ptime
[1] 0.038

$c250_d.time
[1] 2.863

$c250_d.rmse
[1] 0.1998869

$c500_d.ptime
[1] 0.023

$c500_d.time
[1] 13.662

$c500_d.rmse
[1] 0.1650914

$s25.ptime
[1] 0.08

$s25.time
[1] 0.001

$s25.rmse
[1] 0.6947377

$s50.ptime
[1] 0.094

$s50.time
[1] 0.002

$s50.rmse
[1] 0.6085673

$s100.ptime
[1] 0.105

$s100.time
[1] 0.002

$s100.rmse
[1] 0.5192294

$s250.ptime
[1] 0.206

$s250.time
[1] 0.007

$s250.rmse
[1] 0.3467454

$s500.ptime
[1] 0.35

$s500.time
[1] 0.014

$s500.rmse
[1] 0.2669801

$s1000.ptime
[1] 1.193

$s1000.time
[1] 0.03

$s1000.rmse
[1] 0.1961674

        seed            p    full.time    full.rmse     l25.time     l25.rmse 
    2039.000       10.000        0.021        0.116        1.245        0.277 
    l50.time     l50.rmse    l100.time    l100.rmse    l250.time    l250.rmse 
       1.383        0.233        2.947        0.198       17.715        0.166 
   l500.time    l500.rmse  o25_i.ptime   o25_i.time   o25_i.rmse  o50_i.ptime 
     106.141        0.147        0.050        0.162        0.622        0.035 
  o50_i.time   o50_i.rmse o100_i.ptime  o100_i.time  o100_i.rmse o250_i.ptime 
       0.130        0.542        0.053        0.116        0.462        0.156 
 o250_i.time  o250_i.rmse o500_i.ptime  o500_i.time  o500_i.rmse  o25_d.ptime 
       0.119        0.358        0.437        0.135        0.252        0.040 
  o25_d.time   o25_d.rmse  o50_d.ptime   o50_d.time   o50_d.rmse o100_d.ptime 
       0.320        0.496        0.015        0.415        0.437        0.010 
 o100_d.time  o100_d.rmse o250_d.ptime  o250_d.time  o250_d.rmse o500_d.ptime 
       0.781        0.356        0.124        2.921        0.247        0.044 
 o500_d.time  o500_d.rmse  c25_i.ptime   c25_i.time   c25_i.rmse  c50_i.ptime 
      13.334        0.183        0.135        0.229        0.433        0.098 
  c50_i.time   c50_i.rmse c100_i.ptime  c100_i.time  c100_i.rmse c250_i.ptime 
       0.188        0.365        0.094        0.125        0.311        0.174 
 c250_i.time  c250_i.rmse c500_i.ptime  c500_i.time  c500_i.rmse  c25_d.ptime 
       0.137        0.248        0.462        0.142        0.206        0.103 
  c25_d.time   c25_d.rmse  c50_d.ptime   c50_d.time   c50_d.rmse c100_d.ptime 
       0.350        0.354        0.067        0.447        0.311        0.055 
 c100_d.time  c100_d.rmse c250_d.ptime  c250_d.time  c250_d.rmse c500_d.ptime 
       0.802        0.264        0.038        2.863        0.200        0.023 
 c500_d.time  c500_d.rmse    s25.ptime     s25.time     s25.rmse    s50.ptime 
      13.662        0.165        0.080        0.001        0.695        0.094 
    s50.time     s50.rmse   s100.ptime    s100.time    s100.rmse   s250.ptime 
       0.002        0.609        0.105        0.002        0.519        0.206 
   s250.time    s250.rmse   s500.ptime    s500.time    s500.rmse  s1000.ptime 
       0.007        0.347        0.350        0.014        0.267        1.193 
  s1000.time   s1000.rmse 
       0.030        0.196 
[1] 0.9008298
$full.time
[1] 0.02

$full.rmse
[1] 0.1208469

$full.time
[1] 0.02

$full.rmse
[1] 0.1208469

$l25.time
[1] 1.178

$l25.rmse
[1] 0.2726833

$l50.time
[1] 1.43

$l50.rmse
[1] 0.2287472

$l100.time
[1] 2.917

$l100.rmse
[1] 0.1924462

$l250.time
[1] 17.693

$l250.rmse
[1] 0.1629576

$l500.time
[1] 104.456

$l500.rmse
[1] 0.1425821

$o25_i.ptime
[1] 0.045

$o25_i.time
[1] 0.169

$o25_i.rmse
[1] 0.6277814

$o50_i.ptime
[1] 0.041

$o50_i.time
[1] 0.142

$o50_i.rmse
[1] 0.5553464

$o100_i.ptime
[1] 0.057

$o100_i.time
[1] 0.129

$o100_i.rmse
[1] 0.4699449

$o250_i.ptime
[1] 0.152

$o250_i.time
[1] 0.127

$o250_i.rmse
[1] 0.3281961

$o500_i.ptime
[1] 0.447

$o500_i.time
[1] 0.127

$o500_i.rmse
[1] 0.2525644

$o25_d.ptime
[1] 0.038

$o25_d.time
[1] 0.34

$o25_d.rmse
[1] 0.5160942

$o50_d.ptime
[1] 0.016

$o50_d.time
[1] 0.428

$o50_d.rmse
[1] 0.4186571

$o100_d.ptime
[1] 0.01

$o100_d.time
[1] 0.82

$o100_d.rmse
[1] 0.3432515

$o250_d.ptime
[1] 0.01

$o250_d.time
[1] 2.813

$o250_d.rmse
[1] 0.2300601

$o500_d.ptime
[1] 0.015

$o500_d.time
[1] 13.243

$o500_d.rmse
[1] 0.1749849

$c25_i.ptime
[1] 0.125

$c25_i.time
[1] 0.172

$c25_i.rmse
[1] 0.4308765

$c50_i.ptime
[1] 0.091

$c50_i.time
[1] 0.143

$c50_i.rmse
[1] 0.359599

$c100_i.ptime
[1] 0.09

$c100_i.time
[1] 0.134

$c100_i.rmse
[1] 0.3175541

$c250_i.ptime
[1] 0.172

$c250_i.time
[1] 0.13

$c250_i.rmse
[1] 0.2561459

$c500_i.ptime
[1] 0.457

$c500_i.time
[1] 0.143

$c500_i.rmse
[1] 0.194004

$c25_d.ptime
[1] 0.132

$c25_d.time
[1] 0.378

$c25_d.rmse
[1] 0.3483979

$c50_d.ptime
[1] 0.063

$c50_d.time
[1] 0.438

$c50_d.rmse
[1] 0.2915837

$c100_d.ptime
[1] 0.051

$c100_d.time
[1] 0.811

$c100_d.rmse
[1] 0.246421

$c250_d.ptime
[1] 0.027

$c250_d.time
[1] 2.871

$c250_d.rmse
[1] 0.2037437

$c500_d.ptime
[1] 0.022

$c500_d.time
[1] 13.09

$c500_d.rmse
[1] 0.1642055

$s25.ptime
[1] 0.071

$s25.time
[1] 0.001

$s25.rmse
[1] 0.7076174

$s50.ptime
[1] 0.068

$s50.time
[1] 0.002

$s50.rmse
[1] 0.5663966

$s100.ptime
[1] 0.105

$s100.time
[1] 0.004

$s100.rmse
[1] 0.4977205

$s250.ptime
[1] 0.19

$s250.time
[1] 0.008

$s250.rmse
[1] 0.3416304

$s500.ptime
[1] 0.368

$s500.time
[1] 0.016

$s500.rmse
[1] 0.273934

$s1000.ptime
[1] 1.371

$s1000.time
[1] 0.042

$s1000.rmse
[1] 0.179182

        seed            p    full.time    full.rmse     l25.time     l25.rmse 
    2040.000       10.000        0.020        0.121        1.178        0.273 
    l50.time     l50.rmse    l100.time    l100.rmse    l250.time    l250.rmse 
       1.430        0.229        2.917        0.192       17.693        0.163 
   l500.time    l500.rmse  o25_i.ptime   o25_i.time   o25_i.rmse  o50_i.ptime 
     104.456        0.143        0.045        0.169        0.628        0.041 
  o50_i.time   o50_i.rmse o100_i.ptime  o100_i.time  o100_i.rmse o250_i.ptime 
       0.142        0.555        0.057        0.129        0.470        0.152 
 o250_i.time  o250_i.rmse o500_i.ptime  o500_i.time  o500_i.rmse  o25_d.ptime 
       0.127        0.328        0.447        0.127        0.253        0.038 
  o25_d.time   o25_d.rmse  o50_d.ptime   o50_d.time   o50_d.rmse o100_d.ptime 
       0.340        0.516        0.016        0.428        0.419        0.010 
 o100_d.time  o100_d.rmse o250_d.ptime  o250_d.time  o250_d.rmse o500_d.ptime 
       0.820        0.343        0.010        2.813        0.230        0.015 
 o500_d.time  o500_d.rmse  c25_i.ptime   c25_i.time   c25_i.rmse  c50_i.ptime 
      13.243        0.175        0.125        0.172        0.431        0.091 
  c50_i.time   c50_i.rmse c100_i.ptime  c100_i.time  c100_i.rmse c250_i.ptime 
       0.143        0.360        0.090        0.134        0.318        0.172 
 c250_i.time  c250_i.rmse c500_i.ptime  c500_i.time  c500_i.rmse  c25_d.ptime 
       0.130        0.256        0.457        0.143        0.194        0.132 
  c25_d.time   c25_d.rmse  c50_d.ptime   c50_d.time   c50_d.rmse c100_d.ptime 
       0.378        0.348        0.063        0.438        0.292        0.051 
 c100_d.time  c100_d.rmse c250_d.ptime  c250_d.time  c250_d.rmse c500_d.ptime 
       0.811        0.246        0.027        2.871        0.204        0.022 
 c500_d.time  c500_d.rmse    s25.ptime     s25.time     s25.rmse    s50.ptime 
      13.090        0.164        0.071        0.001        0.708        0.068 
    s50.time     s50.rmse   s100.ptime    s100.time    s100.rmse   s250.ptime 
       0.002        0.566        0.105        0.004        0.498        0.190 
   s250.time    s250.rmse   s500.ptime    s500.time    s500.rmse  s1000.ptime 
       0.008        0.342        0.368        0.016        0.274        1.371 
  s1000.time   s1000.rmse 
       0.042        0.179 
[1] 0.7959496
$full.time
[1] 0.02

$full.rmse
[1] 0.1246694

$full.time
[1] 0.02

$full.rmse
[1] 0.1246694

$l25.time
[1] 1.151

$l25.rmse
[1] 0.2766481

$l50.time
[1] 1.427

$l50.rmse
[1] 0.233123

$l100.time
[1] 2.902

$l100.rmse
[1] 0.1995238

$l250.time
[1] 17.742

$l250.rmse
[1] 0.1619029

$l500.time
[1] 104.348

$l500.rmse
[1] 0.1430962

$o25_i.ptime
[1] 0.048

$o25_i.time
[1] 0.157

$o25_i.rmse
[1] 0.6042728

$o50_i.ptime
[1] 0.04

$o50_i.time
[1] 0.147

$o50_i.rmse
[1] 0.5574584

$o100_i.ptime
[1] 0.058

$o100_i.time
[1] 0.137

$o100_i.rmse
[1] 0.4849252

$o250_i.ptime
[1] 0.157

$o250_i.time
[1] 0.133

$o250_i.rmse
[1] 0.340629

$o500_i.ptime
[1] 0.426

$o500_i.time
[1] 0.286

$o500_i.rmse
[1] 0.2562297

$o25_d.ptime
[1] 0.034

$o25_d.time
[1] 0.332

$o25_d.rmse
[1] 0.5227678

$o50_d.ptime
[1] 0.015

$o50_d.time
[1] 0.416

$o50_d.rmse
[1] 0.4276669

$o100_d.ptime
[1] 0.009

$o100_d.time
[1] 0.792

$o100_d.rmse
[1] 0.3504972

$o250_d.ptime
[1] 0.01

$o250_d.time
[1] 2.929

$o250_d.rmse
[1] 0.2288323

$o500_d.ptime
[1] 0.015

$o500_d.time
[1] 12.728

$o500_d.rmse
[1] 0.1735567

$c25_i.ptime
[1] 0.148

$c25_i.time
[1] 0.235

$c25_i.rmse
[1] 0.4478592

$c50_i.ptime
[1] 0.101

$c50_i.time
[1] 0.141

$c50_i.rmse
[1] 0.3949974

$c100_i.ptime
[1] 0.095

$c100_i.time
[1] 0.141

$c100_i.rmse
[1] 0.3150421

$c250_i.ptime
[1] 0.196

$c250_i.time
[1] 0.135

$c250_i.rmse
[1] 0.2552921

$c500_i.ptime
[1] 0.467

$c500_i.time
[1] 0.138

$c500_i.rmse
[1] 0.2034325

$c25_d.ptime
[1] 0.111

$c25_d.time
[1] 0.362

$c25_d.rmse
[1] 0.3636121

$c50_d.ptime
[1] 0.095

$c50_d.time
[1] 0.447

$c50_d.rmse
[1] 0.3201044

$c100_d.ptime
[1] 0.052

$c100_d.time
[1] 0.805

$c100_d.rmse
[1] 0.2674268

$c250_d.ptime
[1] 0.021

$c250_d.time
[1] 2.817

$c250_d.rmse
[1] 0.2114745

$c500_d.ptime
[1] 0.045

$c500_d.time
[1] 13.19

$c500_d.rmse
[1] 0.1604226

$s25.ptime
[1] 0.049

$s25.time
[1] 0.001

$s25.rmse
[1] 0.7166883

$s50.ptime
[1] 0.071

$s50.time
[1] 0.002

$s50.rmse
[1] 0.6479052

$s100.ptime
[1] 0.117

$s100.time
[1] 0.003

$s100.rmse
[1] 0.5142135

$s250.ptime
[1] 0.211

$s250.time
[1] 0.009

$s250.rmse
[1] 0.3523648

$s500.ptime
[1] 0.382

$s500.time
[1] 0.017

$s500.rmse
[1] 0.2611777

$s1000.ptime
[1] 1.355

$s1000.time
[1] 0.03

$s1000.rmse
[1] 0.1860042

        seed            p    full.time    full.rmse     l25.time     l25.rmse 
    2041.000       10.000        0.020        0.125        1.151        0.277 
    l50.time     l50.rmse    l100.time    l100.rmse    l250.time    l250.rmse 
       1.427        0.233        2.902        0.200       17.742        0.162 
   l500.time    l500.rmse  o25_i.ptime   o25_i.time   o25_i.rmse  o50_i.ptime 
     104.348        0.143        0.048        0.157        0.604        0.040 
  o50_i.time   o50_i.rmse o100_i.ptime  o100_i.time  o100_i.rmse o250_i.ptime 
       0.147        0.557        0.058        0.137        0.485        0.157 
 o250_i.time  o250_i.rmse o500_i.ptime  o500_i.time  o500_i.rmse  o25_d.ptime 
       0.133        0.341        0.426        0.286        0.256        0.034 
  o25_d.time   o25_d.rmse  o50_d.ptime   o50_d.time   o50_d.rmse o100_d.ptime 
       0.332        0.523        0.015        0.416        0.428        0.009 
 o100_d.time  o100_d.rmse o250_d.ptime  o250_d.time  o250_d.rmse o500_d.ptime 
       0.792        0.350        0.010        2.929        0.229        0.015 
 o500_d.time  o500_d.rmse  c25_i.ptime   c25_i.time   c25_i.rmse  c50_i.ptime 
      12.728        0.174        0.148        0.235        0.448        0.101 
  c50_i.time   c50_i.rmse c100_i.ptime  c100_i.time  c100_i.rmse c250_i.ptime 
       0.141        0.395        0.095        0.141        0.315        0.196 
 c250_i.time  c250_i.rmse c500_i.ptime  c500_i.time  c500_i.rmse  c25_d.ptime 
       0.135        0.255        0.467        0.138        0.203        0.111 
  c25_d.time   c25_d.rmse  c50_d.ptime   c50_d.time   c50_d.rmse c100_d.ptime 
       0.362        0.364        0.095        0.447        0.320        0.052 
 c100_d.time  c100_d.rmse c250_d.ptime  c250_d.time  c250_d.rmse c500_d.ptime 
       0.805        0.267        0.021        2.817        0.211        0.045 
 c500_d.time  c500_d.rmse    s25.ptime     s25.time     s25.rmse    s50.ptime 
      13.190        0.160        0.049        0.001        0.717        0.071 
    s50.time     s50.rmse   s100.ptime    s100.time    s100.rmse   s250.ptime 
       0.002        0.648        0.117        0.003        0.514        0.211 
   s250.time    s250.rmse   s500.ptime    s500.time    s500.rmse  s1000.ptime 
       0.009        0.352        0.382        0.017        0.261        1.355 
  s1000.time   s1000.rmse 
       0.030        0.186 
[1] 0.975259
$full.time
[1] 0.021

$full.rmse
[1] 0.1166613

$full.time
[1] 0.021

$full.rmse
[1] 0.1166613

$l25.time
[1] 1.183

$l25.rmse
[1] 0.2808753

$l50.time
[1] 1.433

$l50.rmse
[1] 0.2297537

$l100.time
[1] 2.908

$l100.rmse
[1] 0.1882997

$l250.time
[1] 18.089

$l250.rmse
[1] 0.1581798

$l500.time
[1] 104.445

$l500.rmse
[1] 0.1417309

$o25_i.ptime
[1] 0.046

$o25_i.time
[1] 0.151

$o25_i.rmse
[1] 0.6899528

$o50_i.ptime
[1] 0.037

$o50_i.time
[1] 0.158

$o50_i.rmse
[1] 0.5777597

$o100_i.ptime
[1] 0.055

$o100_i.time
[1] 0.134

$o100_i.rmse
[1] 0.4913936

$o250_i.ptime
[1] 0.155

$o250_i.time
[1] 0.137

$o250_i.rmse
[1] 0.33341

$o500_i.ptime
[1] 0.43

$o500_i.time
[1] 0.131

$o500_i.rmse
[1] 0.2636733

$o25_d.ptime
[1] 0.039

$o25_d.time
[1] 0.318

$o25_d.rmse
[1] 0.5311485

$o50_d.ptime
[1] 0.016

$o50_d.time
[1] 0.482

$o50_d.rmse
[1] 0.4154113

$o100_d.ptime
[1] 0.015

$o100_d.time
[1] 0.787

$o100_d.rmse
[1] 0.3368028

$o250_d.ptime
[1] 0.012

$o250_d.time
[1] 3.014

$o250_d.rmse
[1] 0.2360321

$o500_d.ptime
[1] 0.021

$o500_d.time
[1] 12.802

$o500_d.rmse
[1] 0.1739582

$c25_i.ptime
[1] 0.154

$c25_i.time
[1] 0.185

$c25_i.rmse
[1] 0.4390054

$c50_i.ptime
[1] 0.106

$c50_i.time
[1] 0.145

$c50_i.rmse
[1] 0.3863619

$c100_i.ptime
[1] 0.084

$c100_i.time
[1] 0.141

$c100_i.rmse
[1] 0.31511

$c250_i.ptime
[1] 0.182

$c250_i.time
[1] 0.135

$c250_i.rmse
[1] 0.2521696

$c500_i.ptime
[1] 0.439

$c500_i.time
[1] 0.157

$c500_i.rmse
[1] 0.1945621

$c25_d.ptime
[1] 0.138

$c25_d.time
[1] 0.466

$c25_d.rmse
[1] 0.3621676

$c50_d.ptime
[1] 0.064

$c50_d.time
[1] 0.429

$c50_d.rmse
[1] 0.3129167

$c100_d.ptime
[1] 0.042

$c100_d.time
[1] 0.794

$c100_d.rmse
[1] 0.2359527

$c250_d.ptime
[1] 0.065

$c250_d.time
[1] 2.906

$c250_d.rmse
[1] 0.1938666

$c500_d.ptime
[1] 0.057

$c500_d.time
[1] 12.286

$c500_d.rmse
[1] 0.1587094

$s25.ptime
[1] 0.07

$s25.time
[1] 0.001

$s25.rmse
[1] 0.7887122

$s50.ptime
[1] 0.057

$s50.time
[1] 0.002

$s50.rmse
[1] 0.5902615

$s100.ptime
[1] 0.117

$s100.time
[1] 0.004

$s100.rmse
[1] 0.5389648

$s250.ptime
[1] 0.198

$s250.time
[1] 0.008

$s250.rmse
[1] 0.3337805

$s500.ptime
[1] 0.36

$s500.time
[1] 0.016

$s500.rmse
[1] 0.2563903

$s1000.ptime
[1] 1.317

$s1000.time
[1] 0.033

$s1000.rmse
[1] 0.1774697

        seed            p    full.time    full.rmse     l25.time     l25.rmse 
    2042.000       10.000        0.021        0.117        1.183        0.281 
    l50.time     l50.rmse    l100.time    l100.rmse    l250.time    l250.rmse 
       1.433        0.230        2.908        0.188       18.089        0.158 
   l500.time    l500.rmse  o25_i.ptime   o25_i.time   o25_i.rmse  o50_i.ptime 
     104.445        0.142        0.046        0.151        0.690        0.037 
  o50_i.time   o50_i.rmse o100_i.ptime  o100_i.time  o100_i.rmse o250_i.ptime 
       0.158        0.578        0.055        0.134        0.491        0.155 
 o250_i.time  o250_i.rmse o500_i.ptime  o500_i.time  o500_i.rmse  o25_d.ptime 
       0.137        0.333        0.430        0.131        0.264        0.039 
  o25_d.time   o25_d.rmse  o50_d.ptime   o50_d.time   o50_d.rmse o100_d.ptime 
       0.318        0.531        0.016        0.482        0.415        0.015 
 o100_d.time  o100_d.rmse o250_d.ptime  o250_d.time  o250_d.rmse o500_d.ptime 
       0.787        0.337        0.012        3.014        0.236        0.021 
 o500_d.time  o500_d.rmse  c25_i.ptime   c25_i.time   c25_i.rmse  c50_i.ptime 
      12.802        0.174        0.154        0.185        0.439        0.106 
  c50_i.time   c50_i.rmse c100_i.ptime  c100_i.time  c100_i.rmse c250_i.ptime 
       0.145        0.386        0.084        0.141        0.315        0.182 
 c250_i.time  c250_i.rmse c500_i.ptime  c500_i.time  c500_i.rmse  c25_d.ptime 
       0.135        0.252        0.439        0.157        0.195        0.138 
  c25_d.time   c25_d.rmse  c50_d.ptime   c50_d.time   c50_d.rmse c100_d.ptime 
       0.466        0.362        0.064        0.429        0.313        0.042 
 c100_d.time  c100_d.rmse c250_d.ptime  c250_d.time  c250_d.rmse c500_d.ptime 
       0.794        0.236        0.065        2.906        0.194        0.057 
 c500_d.time  c500_d.rmse    s25.ptime     s25.time     s25.rmse    s50.ptime 
      12.286        0.159        0.070        0.001        0.789        0.057 
    s50.time     s50.rmse   s100.ptime    s100.time    s100.rmse   s250.ptime 
       0.002        0.590        0.117        0.004        0.539        0.198 
   s250.time    s250.rmse   s500.ptime    s500.time    s500.rmse  s1000.ptime 
       0.008        0.334        0.360        0.016        0.256        1.317 
  s1000.time   s1000.rmse 
       0.033        0.177 
[1] 0.9160265
$full.time
[1] 0.02

$full.rmse
[1] 0.107836

$full.time
[1] 0.02

$full.rmse
[1] 0.107836

$l25.time
[1] 1.175

$l25.rmse
[1] 0.258046

$l50.time
[1] 1.425

$l50.rmse
[1] 0.2241367

$l100.time
[1] 2.913

$l100.rmse
[1] 0.1960248

$l250.time
[1] 17.796

$l250.rmse
[1] 0.1565233

$l500.time
[1] 104.616

$l500.rmse
[1] 0.1369409

$o25_i.ptime
[1] 0.048

$o25_i.time
[1] 0.166

$o25_i.rmse
[1] 0.5999198

$o50_i.ptime
[1] 0.036

$o50_i.time
[1] 0.134

$o50_i.rmse
[1] 0.5095881

$o100_i.ptime
[1] 0.055

$o100_i.time
[1] 0.121

$o100_i.rmse
[1] 0.4365149

$o250_i.ptime
[1] 0.157

$o250_i.time
[1] 0.123

$o250_i.rmse
[1] 0.3287109

$o500_i.ptime
[1] 0.433

$o500_i.time
[1] 0.141

$o500_i.rmse
[1] 0.2458504

$o25_d.ptime
[1] 0.041

$o25_d.time
[1] 0.327

$o25_d.rmse
[1] 0.4726418

$o50_d.ptime
[1] 0.016

$o50_d.time
[1] 0.417

$o50_d.rmse
[1] 0.3957322

$o100_d.ptime
[1] 0.015

$o100_d.time
[1] 0.784

$o100_d.rmse
[1] 0.3314499

$o250_d.ptime
[1] 0.011

$o250_d.time
[1] 2.892

$o250_d.rmse
[1] 0.22636

$o500_d.ptime
[1] 0.015

$o500_d.time
[1] 14.758

$o500_d.rmse
[1] 0.1553797

$c25_i.ptime
[1] 0.123

$c25_i.time
[1] 0.173

$c25_i.rmse
[1] 0.4079635

$c50_i.ptime
[1] 0.104

$c50_i.time
[1] 0.144

$c50_i.rmse
[1] 0.3628618

$c100_i.ptime
[1] 0.104

$c100_i.time
[1] 0.136

$c100_i.rmse
[1] 0.3209848

$c250_i.ptime
[1] 0.176

$c250_i.time
[1] 0.136

$c250_i.rmse
[1] 0.2540659

$c500_i.ptime
[1] 0.447

$c500_i.time
[1] 0.158

$c500_i.rmse
[1] 0.2032704

$c25_d.ptime
[1] 0.13

$c25_d.time
[1] 0.386

$c25_d.rmse
[1] 0.3392175

$c50_d.ptime
[1] 0.075

$c50_d.time
[1] 0.457

$c50_d.rmse
[1] 0.3017704

$c100_d.ptime
[1] 0.063

$c100_d.time
[1] 0.837

$c100_d.rmse
[1] 0.2609774

$c250_d.ptime
[1] 0.031

$c250_d.time
[1] 3.038

$c250_d.rmse
[1] 0.1935595

$c500_d.ptime
[1] 0.016

$c500_d.time
[1] 13.339

$c500_d.rmse
[1] 0.1513532

$s25.ptime
[1] 0.048

$s25.time
[1] 0.001

$s25.rmse
[1] 0.7039566

$s50.ptime
[1] 0.057

$s50.time
[1] 0.001

$s50.rmse
[1] 0.5437911

$s100.ptime
[1] 0.108

$s100.time
[1] 0.003

$s100.rmse
[1] 0.4846529

$s250.ptime
[1] 0.207

$s250.time
[1] 0.008

$s250.rmse
[1] 0.365299

$s500.ptime
[1] 0.406

$s500.time
[1] 0.021

$s500.rmse
[1] 0.240271

$s1000.ptime
[1] 1.097

$s1000.time
[1] 0.036

$s1000.rmse
[1] 0.1712146

        seed            p    full.time    full.rmse     l25.time     l25.rmse 
    2043.000       10.000        0.020        0.108        1.175        0.258 
    l50.time     l50.rmse    l100.time    l100.rmse    l250.time    l250.rmse 
       1.425        0.224        2.913        0.196       17.796        0.157 
   l500.time    l500.rmse  o25_i.ptime   o25_i.time   o25_i.rmse  o50_i.ptime 
     104.616        0.137        0.048        0.166        0.600        0.036 
  o50_i.time   o50_i.rmse o100_i.ptime  o100_i.time  o100_i.rmse o250_i.ptime 
       0.134        0.510        0.055        0.121        0.437        0.157 
 o250_i.time  o250_i.rmse o500_i.ptime  o500_i.time  o500_i.rmse  o25_d.ptime 
       0.123        0.329        0.433        0.141        0.246        0.041 
  o25_d.time   o25_d.rmse  o50_d.ptime   o50_d.time   o50_d.rmse o100_d.ptime 
       0.327        0.473        0.016        0.417        0.396        0.015 
 o100_d.time  o100_d.rmse o250_d.ptime  o250_d.time  o250_d.rmse o500_d.ptime 
       0.784        0.331        0.011        2.892        0.226        0.015 
 o500_d.time  o500_d.rmse  c25_i.ptime   c25_i.time   c25_i.rmse  c50_i.ptime 
      14.758        0.155        0.123        0.173        0.408        0.104 
  c50_i.time   c50_i.rmse c100_i.ptime  c100_i.time  c100_i.rmse c250_i.ptime 
       0.144        0.363        0.104        0.136        0.321        0.176 
 c250_i.time  c250_i.rmse c500_i.ptime  c500_i.time  c500_i.rmse  c25_d.ptime 
       0.136        0.254        0.447        0.158        0.203        0.130 
  c25_d.time   c25_d.rmse  c50_d.ptime   c50_d.time   c50_d.rmse c100_d.ptime 
       0.386        0.339        0.075        0.457        0.302        0.063 
 c100_d.time  c100_d.rmse c250_d.ptime  c250_d.time  c250_d.rmse c500_d.ptime 
       0.837        0.261        0.031        3.038        0.194        0.016 
 c500_d.time  c500_d.rmse    s25.ptime     s25.time     s25.rmse    s50.ptime 
      13.339        0.151        0.048        0.001        0.704        0.057 
    s50.time     s50.rmse   s100.ptime    s100.time    s100.rmse   s250.ptime 
       0.001        0.544        0.108        0.003        0.485        0.207 
   s250.time    s250.rmse   s500.ptime    s500.time    s500.rmse  s1000.ptime 
       0.008        0.365        0.406        0.021        0.240        1.097 
  s1000.time   s1000.rmse 
       0.036        0.171 
  seed  p full.time full.rmse l25.time  l25.rmse l50.time  l50.rmse l100.time
1 2039 10     0.021 0.1161014    1.245 0.2770620    1.383 0.2332277     2.947
2 2040 10     0.020 0.1208469    1.178 0.2726833    1.430 0.2287472     2.917
3 2041 10     0.020 0.1246694    1.151 0.2766481    1.427 0.2331230     2.902
4 2042 10     0.021 0.1166613    1.183 0.2808753    1.433 0.2297537     2.908
5 2043 10     0.020 0.1078360    1.175 0.2580460    1.425 0.2241367     2.913
  l100.rmse l250.time l250.rmse l500.time l500.rmse o25_i.ptime o25_i.time
1 0.1979102    17.715 0.1663642   106.141 0.1470531       0.050      0.162
2 0.1924462    17.693 0.1629576   104.456 0.1425821       0.045      0.169
3 0.1995238    17.742 0.1619029   104.348 0.1430962       0.048      0.157
4 0.1882997    18.089 0.1581798   104.445 0.1417309       0.046      0.151
5 0.1960248    17.796 0.1565233   104.616 0.1369409       0.048      0.166
  o25_i.rmse o50_i.ptime o50_i.time o50_i.rmse o100_i.ptime o100_i.time
1  0.6218157       0.035      0.130  0.5420121        0.053       0.116
2  0.6277814       0.041      0.142  0.5553464        0.057       0.129
3  0.6042728       0.040      0.147  0.5574584        0.058       0.137
4  0.6899528       0.037      0.158  0.5777597        0.055       0.134
5  0.5999198       0.036      0.134  0.5095881        0.055       0.121
  o100_i.rmse o250_i.ptime o250_i.time o250_i.rmse o500_i.ptime o500_i.time
1   0.4618284        0.156       0.119   0.3577072        0.437       0.135
2   0.4699449        0.152       0.127   0.3281961        0.447       0.127
3   0.4849252        0.157       0.133   0.3406290        0.426       0.286
4   0.4913936        0.155       0.137   0.3334100        0.430       0.131
5   0.4365149        0.157       0.123   0.3287109        0.433       0.141
  o500_i.rmse o25_d.ptime o25_d.time o25_d.rmse o50_d.ptime o50_d.time
1   0.2517405       0.040      0.320  0.4960456       0.015      0.415
2   0.2525644       0.038      0.340  0.5160942       0.016      0.428
3   0.2562297       0.034      0.332  0.5227678       0.015      0.416
4   0.2636733       0.039      0.318  0.5311485       0.016      0.482
5   0.2458504       0.041      0.327  0.4726418       0.016      0.417
  o50_d.rmse o100_d.ptime o100_d.time o100_d.rmse o250_d.ptime o250_d.time
1  0.4369196        0.010       0.781   0.3558615        0.124       2.921
2  0.4186571        0.010       0.820   0.3432515        0.010       2.813
3  0.4276669        0.009       0.792   0.3504972        0.010       2.929
4  0.4154113        0.015       0.787   0.3368028        0.012       3.014
5  0.3957322        0.015       0.784   0.3314499        0.011       2.892
  o250_d.rmse o500_d.ptime o500_d.time o500_d.rmse c25_i.ptime c25_i.time
1   0.2474674        0.044      13.334   0.1827512       0.135      0.229
2   0.2300601        0.015      13.243   0.1749849       0.125      0.172
3   0.2288323        0.015      12.728   0.1735567       0.148      0.235
4   0.2360321        0.021      12.802   0.1739582       0.154      0.185
5   0.2263600        0.015      14.758   0.1553797       0.123      0.173
  c25_i.rmse c50_i.ptime c50_i.time c50_i.rmse c100_i.ptime c100_i.time
1  0.4325716       0.098      0.188  0.3653072        0.094       0.125
2  0.4308765       0.091      0.143  0.3595990        0.090       0.134
3  0.4478592       0.101      0.141  0.3949974        0.095       0.141
4  0.4390054       0.106      0.145  0.3863619        0.084       0.141
5  0.4079635       0.104      0.144  0.3628618        0.104       0.136
  c100_i.rmse c250_i.ptime c250_i.time c250_i.rmse c500_i.ptime c500_i.time
1   0.3114582        0.174       0.137   0.2477843        0.462       0.142
2   0.3175541        0.172       0.130   0.2561459        0.457       0.143
3   0.3150421        0.196       0.135   0.2552921        0.467       0.138
4   0.3151100        0.182       0.135   0.2521696        0.439       0.157
5   0.3209848        0.176       0.136   0.2540659        0.447       0.158
  c500_i.rmse c25_d.ptime c25_d.time c25_d.rmse c50_d.ptime c50_d.time
1   0.2057677       0.103      0.350  0.3544443       0.067      0.447
2   0.1940040       0.132      0.378  0.3483979       0.063      0.438
3   0.2034325       0.111      0.362  0.3636121       0.095      0.447
4   0.1945621       0.138      0.466  0.3621676       0.064      0.429
5   0.2032704       0.130      0.386  0.3392175       0.075      0.457
  c50_d.rmse c100_d.ptime c100_d.time c100_d.rmse c250_d.ptime c250_d.time
1  0.3106626        0.055       0.802   0.2641225        0.038       2.863
2  0.2915837        0.051       0.811   0.2464210        0.027       2.871
3  0.3201044        0.052       0.805   0.2674268        0.021       2.817
4  0.3129167        0.042       0.794   0.2359527        0.065       2.906
5  0.3017704        0.063       0.837   0.2609774        0.031       3.038
  c250_d.rmse c500_d.ptime c500_d.time c500_d.rmse s25.ptime s25.time  s25.rmse
1   0.1998869        0.023      13.662   0.1650914     0.080    0.001 0.6947377
2   0.2037437        0.022      13.090   0.1642055     0.071    0.001 0.7076174
3   0.2114745        0.045      13.190   0.1604226     0.049    0.001 0.7166883
4   0.1938666        0.057      12.286   0.1587094     0.070    0.001 0.7887122
5   0.1935595        0.016      13.339   0.1513532     0.048    0.001 0.7039566
  s50.ptime s50.time  s50.rmse s100.ptime s100.time s100.rmse s250.ptime
1     0.094    0.002 0.6085673      0.105     0.002 0.5192294      0.206
2     0.068    0.002 0.5663966      0.105     0.004 0.4977205      0.190
3     0.071    0.002 0.6479052      0.117     0.003 0.5142135      0.211
4     0.057    0.002 0.5902615      0.117     0.004 0.5389648      0.198
5     0.057    0.001 0.5437911      0.108     0.003 0.4846529      0.207
  s250.time s250.rmse s500.ptime s500.time s500.rmse s1000.ptime s1000.time
1     0.007 0.3467454      0.350     0.014 0.2669801       1.193      0.030
2     0.008 0.3416304      0.368     0.016 0.2739340       1.371      0.042
3     0.009 0.3523648      0.382     0.017 0.2611777       1.355      0.030
4     0.008 0.3337805      0.360     0.016 0.2563903       1.317      0.033
5     0.008 0.3652990      0.406     0.021 0.2402710       1.097      0.036
  s1000.rmse
1  0.1961674
2  0.1791820
3  0.1860042
4  0.1774697
5  0.1712146
> 
> proc.time()
   user  system elapsed 
889.096   7.212 914.324 
