
R version 3.0.3 (2014-03-06) -- "Warm Puppy"
Copyright (C) 2014 The R Foundation for Statistical Computing
Platform: x86_64-unknown-linux-gnu (64-bit)

R is free software and comes with ABSOLUTELY NO WARRANTY.
You are welcome to redistribute it under certain conditions.
Type 'license()' or 'licence()' for distribution details.

  Natural language support but running in an English locale

R is a collaborative project with many contributors.
Type 'contributors()' for more information and
'citation()' on how to cite R or R packages in publications.

Type 'demo()' for some demos, 'help()' for on-line help, or
'help.start()' for an HTML browser interface to help.
Type 'q()' to quit R.

> print(.libPaths())
[1] "/usr/local/r-3.0.3/lib64/R/library"
> .libPaths("/mnt/home/rjparker/Rlib")
> print(.libPaths())
[1] "/mnt/home/rjparker/Rlib"            "/usr/local/r-3.0.3/lib64/R/library"
> setwd("/mnt/home/rjparker/git/block_int")
> 
> which_exp <- 1
> which_part <- 9
> source("R/sim_nblocks_pred.R")
Loading required package: spam
Loading required package: grid
Spam version 0.41-0 (2014-02-26) is loaded.
Type 'help( Spam)' or 'demo( spam)' for a short introduction 
and overview of this package.
Help for individual functions is also obtained by adding the
suffix '.spam' to the function name, e.g. 'help( chol.spam)'.

Attaching package: ‘spam’

The following objects are masked from ‘package:base’:

    backsolve, forwardsolve

Loading required package: maps
  pred  p   b tau Nper_p Npred Fzero sigma2
1 TRUE 10 1.5  10   2500  1000     0      1
[1] 0.8884234
$full.time
[1] 0.033

$full.rmse
[1] 0.1204665

$full.time
[1] 0.033

$full.rmse
[1] 0.1204665

$l25.time
[1] 1.559

$l25.rmse
[1] 0.2746889

$l50.time
[1] 1.389

$l50.rmse
[1] 0.2291852

$l100.time
[1] 2.918

$l100.rmse
[1] 0.1962288

$l250.time
[1] 16.975

$l250.rmse
[1] 0.1600475

$l500.time
[1] 104.952

$l500.rmse
[1] 0.1456127

$o25_i.ptime
[1] 0.05

$o25_i.time
[1] 0.146

$o25_i.rmse
[1] 0.6166378

$o50_i.ptime
[1] 0.035

$o50_i.time
[1] 0.12

$o50_i.rmse
[1] 0.5338427

$o100_i.ptime
[1] 0.053

$o100_i.time
[1] 0.127

$o100_i.rmse
[1] 0.4490979

$o250_i.ptime
[1] 0.154

$o250_i.time
[1] 0.122

$o250_i.rmse
[1] 0.3287379

$o500_i.ptime
[1] 0.429

$o500_i.time
[1] 0.121

$o500_i.rmse
[1] 0.2572834

$o25_d.ptime
[1] 0.037

$o25_d.time
[1] 0.306

$o25_d.rmse
[1] 0.5009046

$o50_d.ptime
[1] 0.016

$o50_d.time
[1] 0.411

$o50_d.rmse
[1] 0.4301013

$o100_d.ptime
[1] 0.011

$o100_d.time
[1] 0.761

$o100_d.rmse
[1] 0.3441179

$o250_d.ptime
[1] 0.01

$o250_d.time
[1] 2.927

$o250_d.rmse
[1] 0.2367224

$o500_d.ptime
[1] 0.015

$o500_d.time
[1] 13.844

$o500_d.rmse
[1] 0.1821954

$c25_i.ptime
[1] 0.149

$c25_i.time
[1] 0.16

$c25_i.rmse
[1] 0.4246972

$c50_i.ptime
[1] 0.098

$c50_i.time
[1] 0.133

$c50_i.rmse
[1] 0.3768002

$c100_i.ptime
[1] 0.093

$c100_i.time
[1] 0.127

$c100_i.rmse
[1] 0.3063203

$c250_i.ptime
[1] 0.186

$c250_i.time
[1] 0.124

$c250_i.rmse
[1] 0.2497956

$c500_i.ptime
[1] 0.442

$c500_i.time
[1] 0.136

$c500_i.rmse
[1] 0.2014622

$c25_d.ptime
[1] 0.126

$c25_d.time
[1] 0.357

$c25_d.rmse
[1] 0.3643447

$c50_d.ptime
[1] 0.101

$c50_d.time
[1] 0.433

$c50_d.rmse
[1] 0.3079618

$c100_d.ptime
[1] 0.058

$c100_d.time
[1] 0.806

$c100_d.rmse
[1] 0.2551856

$c250_d.ptime
[1] 0.04

$c250_d.time
[1] 2.907

$c250_d.rmse
[1] 0.1944805

$c500_d.ptime
[1] 0.019

$c500_d.time
[1] 13.934

$c500_d.rmse
[1] 0.1531073

$s25.ptime
[1] 0.043

$s25.time
[1] 0.001

$s25.rmse
[1] 0.6755837

$s50.ptime
[1] 0.07

$s50.time
[1] 0.001

$s50.rmse
[1] 0.5561237

$s100.ptime
[1] 0.093

$s100.time
[1] 0.003

$s100.rmse
[1] 0.4970449

$s250.ptime
[1] 0.192

$s250.time
[1] 0.007

$s250.rmse
[1] 0.33521

$s500.ptime
[1] 0.383

$s500.time
[1] 0.015

$s500.rmse
[1] 0.2636514

$s1000.ptime
[1] 1.256

$s1000.time
[1] 0.032

$s1000.rmse
[1] 0.1931073

        seed            p    full.time    full.rmse     l25.time     l25.rmse 
    2024.000       10.000        0.033        0.120        1.559        0.275 
    l50.time     l50.rmse    l100.time    l100.rmse    l250.time    l250.rmse 
       1.389        0.229        2.918        0.196       16.975        0.160 
   l500.time    l500.rmse  o25_i.ptime   o25_i.time   o25_i.rmse  o50_i.ptime 
     104.952        0.146        0.050        0.146        0.617        0.035 
  o50_i.time   o50_i.rmse o100_i.ptime  o100_i.time  o100_i.rmse o250_i.ptime 
       0.120        0.534        0.053        0.127        0.449        0.154 
 o250_i.time  o250_i.rmse o500_i.ptime  o500_i.time  o500_i.rmse  o25_d.ptime 
       0.122        0.329        0.429        0.121        0.257        0.037 
  o25_d.time   o25_d.rmse  o50_d.ptime   o50_d.time   o50_d.rmse o100_d.ptime 
       0.306        0.501        0.016        0.411        0.430        0.011 
 o100_d.time  o100_d.rmse o250_d.ptime  o250_d.time  o250_d.rmse o500_d.ptime 
       0.761        0.344        0.010        2.927        0.237        0.015 
 o500_d.time  o500_d.rmse  c25_i.ptime   c25_i.time   c25_i.rmse  c50_i.ptime 
      13.844        0.182        0.149        0.160        0.425        0.098 
  c50_i.time   c50_i.rmse c100_i.ptime  c100_i.time  c100_i.rmse c250_i.ptime 
       0.133        0.377        0.093        0.127        0.306        0.186 
 c250_i.time  c250_i.rmse c500_i.ptime  c500_i.time  c500_i.rmse  c25_d.ptime 
       0.124        0.250        0.442        0.136        0.201        0.126 
  c25_d.time   c25_d.rmse  c50_d.ptime   c50_d.time   c50_d.rmse c100_d.ptime 
       0.357        0.364        0.101        0.433        0.308        0.058 
 c100_d.time  c100_d.rmse c250_d.ptime  c250_d.time  c250_d.rmse c500_d.ptime 
       0.806        0.255        0.040        2.907        0.194        0.019 
 c500_d.time  c500_d.rmse    s25.ptime     s25.time     s25.rmse    s50.ptime 
      13.934        0.153        0.043        0.001        0.676        0.070 
    s50.time     s50.rmse   s100.ptime    s100.time    s100.rmse   s250.ptime 
       0.001        0.556        0.093        0.003        0.497        0.192 
   s250.time    s250.rmse   s500.ptime    s500.time    s500.rmse  s1000.ptime 
       0.007        0.335        0.383        0.015        0.264        1.256 
  s1000.time   s1000.rmse 
       0.032        0.193 
[1] 0.7554068
$full.time
[1] 0.019

$full.rmse
[1] 0.1156197

$full.time
[1] 0.019

$full.rmse
[1] 0.1156197

$l25.time
[1] 1.159

$l25.rmse
[1] 0.2653512

$l50.time
[1] 1.41

$l50.rmse
[1] 0.2231137

$l100.time
[1] 2.865

$l100.rmse
[1] 0.1882928

$l250.time
[1] 17.064

$l250.rmse
[1] 0.1562075

$l500.time
[1] 95.718

$l500.rmse
[1] 0.1390477

$o25_i.ptime
[1] 0.047

$o25_i.time
[1] 0.163

$o25_i.rmse
[1] 0.5960031

$o50_i.ptime
[1] 0.035

$o50_i.time
[1] 0.133

$o50_i.rmse
[1] 0.586104

$o100_i.ptime
[1] 0.054

$o100_i.time
[1] 0.124

$o100_i.rmse
[1] 0.4742211

$o250_i.ptime
[1] 0.152

$o250_i.time
[1] 0.163

$o250_i.rmse
[1] 0.3494574

$o500_i.ptime
[1] 0.433

$o500_i.time
[1] 0.124

$o500_i.rmse
[1] 0.2565535

$o25_d.ptime
[1] 0.033

$o25_d.time
[1] 0.312

$o25_d.rmse
[1] 0.4840998

$o50_d.ptime
[1] 0.016

$o50_d.time
[1] 0.426

$o50_d.rmse
[1] 0.4546988

$o100_d.ptime
[1] 0.011

$o100_d.time
[1] 0.795

$o100_d.rmse
[1] 0.3537567

$o250_d.ptime
[1] 0.013

$o250_d.time
[1] 2.855

$o250_d.rmse
[1] 0.2480764

$o500_d.ptime
[1] 0.018

$o500_d.time
[1] 13.196

$o500_d.rmse
[1] 0.1806898

$c25_i.ptime
[1] 0.129

$c25_i.time
[1] 0.176

$c25_i.rmse
[1] 0.4175405

$c50_i.ptime
[1] 0.087

$c50_i.time
[1] 0.153

$c50_i.rmse
[1] 0.3711397

$c100_i.ptime
[1] 0.085

$c100_i.time
[1] 0.141

$c100_i.rmse
[1] 0.3059354

$c250_i.ptime
[1] 0.192

$c250_i.time
[1] 0.146

$c250_i.rmse
[1] 0.2550247

$c500_i.ptime
[1] 0.48

$c500_i.time
[1] 0.152

$c500_i.rmse
[1] 0.2034439

$c25_d.ptime
[1] 0.118

$c25_d.time
[1] 0.388

$c25_d.rmse
[1] 0.3737856

$c50_d.ptime
[1] 0.094

$c50_d.time
[1] 0.45

$c50_d.rmse
[1] 0.2985071

$c100_d.ptime
[1] 0.079

$c100_d.time
[1] 0.809

$c100_d.rmse
[1] 0.2546508

$c250_d.ptime
[1] 0.032

$c250_d.time
[1] 2.96

$c250_d.rmse
[1] 0.2025759

$c500_d.ptime
[1] 0.032

$c500_d.time
[1] 13.62

$c500_d.rmse
[1] 0.1613128

$s25.ptime
[1] 0.061

$s25.time
[1] 0.001

$s25.rmse
[1] 0.716246

$s50.ptime
[1] 0.069

$s50.time
[1] 0.002

$s50.rmse
[1] 0.6053247

$s100.ptime
[1] 0.123

$s100.time
[1] 0.004

$s100.rmse
[1] 0.5103149

$s250.ptime
[1] 0.209

$s250.time
[1] 0.009

$s250.rmse
[1] 0.3727311

$s500.ptime
[1] 0.376

$s500.time
[1] 0.017

$s500.rmse
[1] 0.282174

$s1000.ptime
[1] 1.384

$s1000.time
[1] 0.034

$s1000.rmse
[1] 0.1864533

        seed            p    full.time    full.rmse     l25.time     l25.rmse 
    2025.000       10.000        0.019        0.116        1.159        0.265 
    l50.time     l50.rmse    l100.time    l100.rmse    l250.time    l250.rmse 
       1.410        0.223        2.865        0.188       17.064        0.156 
   l500.time    l500.rmse  o25_i.ptime   o25_i.time   o25_i.rmse  o50_i.ptime 
      95.718        0.139        0.047        0.163        0.596        0.035 
  o50_i.time   o50_i.rmse o100_i.ptime  o100_i.time  o100_i.rmse o250_i.ptime 
       0.133        0.586        0.054        0.124        0.474        0.152 
 o250_i.time  o250_i.rmse o500_i.ptime  o500_i.time  o500_i.rmse  o25_d.ptime 
       0.163        0.349        0.433        0.124        0.257        0.033 
  o25_d.time   o25_d.rmse  o50_d.ptime   o50_d.time   o50_d.rmse o100_d.ptime 
       0.312        0.484        0.016        0.426        0.455        0.011 
 o100_d.time  o100_d.rmse o250_d.ptime  o250_d.time  o250_d.rmse o500_d.ptime 
       0.795        0.354        0.013        2.855        0.248        0.018 
 o500_d.time  o500_d.rmse  c25_i.ptime   c25_i.time   c25_i.rmse  c50_i.ptime 
      13.196        0.181        0.129        0.176        0.418        0.087 
  c50_i.time   c50_i.rmse c100_i.ptime  c100_i.time  c100_i.rmse c250_i.ptime 
       0.153        0.371        0.085        0.141        0.306        0.192 
 c250_i.time  c250_i.rmse c500_i.ptime  c500_i.time  c500_i.rmse  c25_d.ptime 
       0.146        0.255        0.480        0.152        0.203        0.118 
  c25_d.time   c25_d.rmse  c50_d.ptime   c50_d.time   c50_d.rmse c100_d.ptime 
       0.388        0.374        0.094        0.450        0.299        0.079 
 c100_d.time  c100_d.rmse c250_d.ptime  c250_d.time  c250_d.rmse c500_d.ptime 
       0.809        0.255        0.032        2.960        0.203        0.032 
 c500_d.time  c500_d.rmse    s25.ptime     s25.time     s25.rmse    s50.ptime 
      13.620        0.161        0.061        0.001        0.716        0.069 
    s50.time     s50.rmse   s100.ptime    s100.time    s100.rmse   s250.ptime 
       0.002        0.605        0.123        0.004        0.510        0.209 
   s250.time    s250.rmse   s500.ptime    s500.time    s500.rmse  s1000.ptime 
       0.009        0.373        0.376        0.017        0.282        1.384 
  s1000.time   s1000.rmse 
       0.034        0.186 
[1] 0.7734828
$full.time
[1] 0.021

$full.rmse
[1] 0.1165828

$full.time
[1] 0.021

$full.rmse
[1] 0.1165828

$l25.time
[1] 1.158

$l25.rmse
[1] 0.273641

$l50.time
[1] 1.434

$l50.rmse
[1] 0.2282601

$l100.time
[1] 2.854

$l100.rmse
[1] 0.1937107

$l250.time
[1] 17.34

$l250.rmse
[1] 0.1596788

$l500.time
[1] 99.438

$l500.rmse
[1] 0.1478221

$o25_i.ptime
[1] 0.045

$o25_i.time
[1] 0.155

$o25_i.rmse
[1] 0.5998558

$o50_i.ptime
[1] 0.036

$o50_i.time
[1] 0.132

$o50_i.rmse
[1] 0.5302424

$o100_i.ptime
[1] 0.053

$o100_i.time
[1] 0.122

$o100_i.rmse
[1] 0.4502541

$o250_i.ptime
[1] 0.153

$o250_i.time
[1] 0.133

$o250_i.rmse
[1] 0.3440445

$o500_i.ptime
[1] 0.426

$o500_i.time
[1] 0.14

$o500_i.rmse
[1] 0.2525822

$o25_d.ptime
[1] 0.039

$o25_d.time
[1] 0.334

$o25_d.rmse
[1] 0.4941304

$o50_d.ptime
[1] 0.015

$o50_d.time
[1] 0.415

$o50_d.rmse
[1] 0.4338062

$o100_d.ptime
[1] 0.012

$o100_d.time
[1] 0.881

$o100_d.rmse
[1] 0.3670306

$o250_d.ptime
[1] 0.01

$o250_d.time
[1] 2.901

$o250_d.rmse
[1] 0.2341327

$o500_d.ptime
[1] 0.014

$o500_d.time
[1] 13.052

$o500_d.rmse
[1] 0.1732342

$c25_i.ptime
[1] 0.143

$c25_i.time
[1] 0.16

$c25_i.rmse
[1] 0.4259735

$c50_i.ptime
[1] 0.1

$c50_i.time
[1] 0.15

$c50_i.rmse
[1] 0.3724295

$c100_i.ptime
[1] 0.09

$c100_i.time
[1] 0.137

$c100_i.rmse
[1] 0.3161231

$c250_i.ptime
[1] 0.173

$c250_i.time
[1] 0.127

$c250_i.rmse
[1] 0.2508184

$c500_i.ptime
[1] 0.447

$c500_i.time
[1] 0.132

$c500_i.rmse
[1] 0.2127507

$c25_d.ptime
[1] 0.1

$c25_d.time
[1] 0.386

$c25_d.rmse
[1] 0.3564173

$c50_d.ptime
[1] 0.079

$c50_d.time
[1] 0.476

$c50_d.rmse
[1] 0.3130179

$c100_d.ptime
[1] 0.054

$c100_d.time
[1] 0.815

$c100_d.rmse
[1] 0.2592845

$c250_d.ptime
[1] 0.034

$c250_d.time
[1] 3.114

$c250_d.rmse
[1] 0.201954

$c500_d.ptime
[1] 0.023

$c500_d.time
[1] 13.589

$c500_d.rmse
[1] 0.1599684

$s25.ptime
[1] 0.065

$s25.time
[1] 0.001

$s25.rmse
[1] 0.6262754

$s50.ptime
[1] 0.095

$s50.time
[1] 0.002

$s50.rmse
[1] 0.6341564

$s100.ptime
[1] 0.096

$s100.time
[1] 0.004

$s100.rmse
[1] 0.4806088

$s250.ptime
[1] 0.213

$s250.time
[1] 0.01

$s250.rmse
[1] 0.3463264

$s500.ptime
[1] 0.373

$s500.time
[1] 0.018

$s500.rmse
[1] 0.2764178

$s1000.ptime
[1] 1.2

$s1000.time
[1] 0.035

$s1000.rmse
[1] 0.1786353

        seed            p    full.time    full.rmse     l25.time     l25.rmse 
    2026.000       10.000        0.021        0.117        1.158        0.274 
    l50.time     l50.rmse    l100.time    l100.rmse    l250.time    l250.rmse 
       1.434        0.228        2.854        0.194       17.340        0.160 
   l500.time    l500.rmse  o25_i.ptime   o25_i.time   o25_i.rmse  o50_i.ptime 
      99.438        0.148        0.045        0.155        0.600        0.036 
  o50_i.time   o50_i.rmse o100_i.ptime  o100_i.time  o100_i.rmse o250_i.ptime 
       0.132        0.530        0.053        0.122        0.450        0.153 
 o250_i.time  o250_i.rmse o500_i.ptime  o500_i.time  o500_i.rmse  o25_d.ptime 
       0.133        0.344        0.426        0.140        0.253        0.039 
  o25_d.time   o25_d.rmse  o50_d.ptime   o50_d.time   o50_d.rmse o100_d.ptime 
       0.334        0.494        0.015        0.415        0.434        0.012 
 o100_d.time  o100_d.rmse o250_d.ptime  o250_d.time  o250_d.rmse o500_d.ptime 
       0.881        0.367        0.010        2.901        0.234        0.014 
 o500_d.time  o500_d.rmse  c25_i.ptime   c25_i.time   c25_i.rmse  c50_i.ptime 
      13.052        0.173        0.143        0.160        0.426        0.100 
  c50_i.time   c50_i.rmse c100_i.ptime  c100_i.time  c100_i.rmse c250_i.ptime 
       0.150        0.372        0.090        0.137        0.316        0.173 
 c250_i.time  c250_i.rmse c500_i.ptime  c500_i.time  c500_i.rmse  c25_d.ptime 
       0.127        0.251        0.447        0.132        0.213        0.100 
  c25_d.time   c25_d.rmse  c50_d.ptime   c50_d.time   c50_d.rmse c100_d.ptime 
       0.386        0.356        0.079        0.476        0.313        0.054 
 c100_d.time  c100_d.rmse c250_d.ptime  c250_d.time  c250_d.rmse c500_d.ptime 
       0.815        0.259        0.034        3.114        0.202        0.023 
 c500_d.time  c500_d.rmse    s25.ptime     s25.time     s25.rmse    s50.ptime 
      13.589        0.160        0.065        0.001        0.626        0.095 
    s50.time     s50.rmse   s100.ptime    s100.time    s100.rmse   s250.ptime 
       0.002        0.634        0.096        0.004        0.481        0.213 
   s250.time    s250.rmse   s500.ptime    s500.time    s500.rmse  s1000.ptime 
       0.010        0.346        0.373        0.018        0.276        1.200 
  s1000.time   s1000.rmse 
       0.035        0.179 
[1] 0.8339537
$full.time
[1] 0.019

$full.rmse
[1] 0.1100078

$full.time
[1] 0.019

$full.rmse
[1] 0.1100078

$l25.time
[1] 1.174

$l25.rmse
[1] 0.2601749

$l50.time
[1] 1.438

$l50.rmse
[1] 0.2239244

$l100.time
[1] 2.919

$l100.rmse
[1] 0.184721

$l250.time
[1] 17.076

$l250.rmse
[1] 0.1492611

$l500.time
[1] 97.582

$l500.rmse
[1] 0.1352003

$o25_i.ptime
[1] 0.05

$o25_i.time
[1] 0.157

$o25_i.rmse
[1] 0.6067568

$o50_i.ptime
[1] 0.038

$o50_i.time
[1] 0.129

$o50_i.rmse
[1] 0.5200478

$o100_i.ptime
[1] 0.052

$o100_i.time
[1] 0.124

$o100_i.rmse
[1] 0.4521499

$o250_i.ptime
[1] 0.15

$o250_i.time
[1] 0.122

$o250_i.rmse
[1] 0.3434856

$o500_i.ptime
[1] 0.43

$o500_i.time
[1] 0.127

$o500_i.rmse
[1] 0.2485987

$o25_d.ptime
[1] 0.034

$o25_d.time
[1] 0.32

$o25_d.rmse
[1] 0.4897501

$o50_d.ptime
[1] 0.024

$o50_d.time
[1] 0.417

$o50_d.rmse
[1] 0.4082982

$o100_d.ptime
[1] 0.013

$o100_d.time
[1] 0.765

$o100_d.rmse
[1] 0.32652

$o250_d.ptime
[1] 0.016

$o250_d.time
[1] 3.216

$o250_d.rmse
[1] 0.2321645

$o500_d.ptime
[1] 0.022

$o500_d.time
[1] 12.474

$o500_d.rmse
[1] 0.172315

$c25_i.ptime
[1] 0.162

$c25_i.time
[1] 0.177

$c25_i.rmse
[1] 0.4060724

$c50_i.ptime
[1] 0.124

$c50_i.time
[1] 0.152

$c50_i.rmse
[1] 0.3745168

$c100_i.ptime
[1] 0.087

$c100_i.time
[1] 0.133

$c100_i.rmse
[1] 0.3191743

$c250_i.ptime
[1] 0.18

$c250_i.time
[1] 0.147

$c250_i.rmse
[1] 0.2449209

$c500_i.ptime
[1] 0.486

$c500_i.time
[1] 0.145

$c500_i.rmse
[1] 0.2012064

$c25_d.ptime
[1] 0.117

$c25_d.time
[1] 0.386

$c25_d.rmse
[1] 0.3476443

$c50_d.ptime
[1] 0.063

$c50_d.time
[1] 0.485

$c50_d.rmse
[1] 0.301549

$c100_d.ptime
[1] 0.044

$c100_d.time
[1] 0.838

$c100_d.rmse
[1] 0.2560977

$c250_d.ptime
[1] 0.028

$c250_d.time
[1] 3.491

$c250_d.rmse
[1] 0.1927887

$c500_d.ptime
[1] 0.022

$c500_d.time
[1] 13.154

$c500_d.rmse
[1] 0.1614816

$s25.ptime
[1] 0.049

$s25.time
[1] 0.001

$s25.rmse
[1] 0.6362392

$s50.ptime
[1] 0.056

$s50.time
[1] 0.002

$s50.rmse
[1] 0.5738561

$s100.ptime
[1] 0.104

$s100.time
[1] 0.003

$s100.rmse
[1] 0.4531222

$s250.ptime
[1] 0.184

$s250.time
[1] 0.009

$s250.rmse
[1] 0.3569106

$s500.ptime
[1] 0.362

$s500.time
[1] 0.016

$s500.rmse
[1] 0.2563227

$s1000.ptime
[1] 1.196

$s1000.time
[1] 0.034

$s1000.rmse
[1] 0.1866708

        seed            p    full.time    full.rmse     l25.time     l25.rmse 
    2027.000       10.000        0.019        0.110        1.174        0.260 
    l50.time     l50.rmse    l100.time    l100.rmse    l250.time    l250.rmse 
       1.438        0.224        2.919        0.185       17.076        0.149 
   l500.time    l500.rmse  o25_i.ptime   o25_i.time   o25_i.rmse  o50_i.ptime 
      97.582        0.135        0.050        0.157        0.607        0.038 
  o50_i.time   o50_i.rmse o100_i.ptime  o100_i.time  o100_i.rmse o250_i.ptime 
       0.129        0.520        0.052        0.124        0.452        0.150 
 o250_i.time  o250_i.rmse o500_i.ptime  o500_i.time  o500_i.rmse  o25_d.ptime 
       0.122        0.343        0.430        0.127        0.249        0.034 
  o25_d.time   o25_d.rmse  o50_d.ptime   o50_d.time   o50_d.rmse o100_d.ptime 
       0.320        0.490        0.024        0.417        0.408        0.013 
 o100_d.time  o100_d.rmse o250_d.ptime  o250_d.time  o250_d.rmse o500_d.ptime 
       0.765        0.327        0.016        3.216        0.232        0.022 
 o500_d.time  o500_d.rmse  c25_i.ptime   c25_i.time   c25_i.rmse  c50_i.ptime 
      12.474        0.172        0.162        0.177        0.406        0.124 
  c50_i.time   c50_i.rmse c100_i.ptime  c100_i.time  c100_i.rmse c250_i.ptime 
       0.152        0.375        0.087        0.133        0.319        0.180 
 c250_i.time  c250_i.rmse c500_i.ptime  c500_i.time  c500_i.rmse  c25_d.ptime 
       0.147        0.245        0.486        0.145        0.201        0.117 
  c25_d.time   c25_d.rmse  c50_d.ptime   c50_d.time   c50_d.rmse c100_d.ptime 
       0.386        0.348        0.063        0.485        0.302        0.044 
 c100_d.time  c100_d.rmse c250_d.ptime  c250_d.time  c250_d.rmse c500_d.ptime 
       0.838        0.256        0.028        3.491        0.193        0.022 
 c500_d.time  c500_d.rmse    s25.ptime     s25.time     s25.rmse    s50.ptime 
      13.154        0.161        0.049        0.001        0.636        0.056 
    s50.time     s50.rmse   s100.ptime    s100.time    s100.rmse   s250.ptime 
       0.002        0.574        0.104        0.003        0.453        0.184 
   s250.time    s250.rmse   s500.ptime    s500.time    s500.rmse  s1000.ptime 
       0.009        0.357        0.362        0.016        0.256        1.196 
  s1000.time   s1000.rmse 
       0.034        0.187 
[1] 1.080319
$full.time
[1] 0.02

$full.rmse
[1] 0.1114573

$full.time
[1] 0.02

$full.rmse
[1] 0.1114573

$l25.time
[1] 1.114

$l25.rmse
[1] 0.2803191

$l50.time
[1] 1.419

$l50.rmse
[1] 0.2349745

$l100.time
[1] 2.868

$l100.rmse
[1] 0.1919593

$l250.time
[1] 16.942

$l250.rmse
[1] 0.1626477

$l500.time
[1] 101.117

$l500.rmse
[1] 0.1412925

$o25_i.ptime
[1] 0.048

$o25_i.time
[1] 0.151

$o25_i.rmse
[1] 0.6737534

$o50_i.ptime
[1] 0.04

$o50_i.time
[1] 0.122

$o50_i.rmse
[1] 0.5834892

$o100_i.ptime
[1] 0.054

$o100_i.time
[1] 0.119

$o100_i.rmse
[1] 0.4671303

$o250_i.ptime
[1] 0.155

$o250_i.time
[1] 0.125

$o250_i.rmse
[1] 0.334092

$o500_i.ptime
[1] 0.453

$o500_i.time
[1] 0.126

$o500_i.rmse
[1] 0.2557648

$o25_d.ptime
[1] 0.038

$o25_d.time
[1] 0.326

$o25_d.rmse
[1] 0.5204564

$o50_d.ptime
[1] 0.017

$o50_d.time
[1] 0.443

$o50_d.rmse
[1] 0.4299953

$o100_d.ptime
[1] 0.01

$o100_d.time
[1] 0.922

$o100_d.rmse
[1] 0.3368164

$o250_d.ptime
[1] 0.016

$o250_d.time
[1] 3.33

$o250_d.rmse
[1] 0.2338526

$o500_d.ptime
[1] 0.02

$o500_d.time
[1] 12.499

$o500_d.rmse
[1] 0.1719941

$c25_i.ptime
[1] 0.117

$c25_i.time
[1] 0.16

$c25_i.rmse
[1] 0.4456715

$c50_i.ptime
[1] 0.123

$c50_i.time
[1] 0.153

$c50_i.rmse
[1] 0.3740446

$c100_i.ptime
[1] 0.106

$c100_i.time
[1] 0.146

$c100_i.rmse
[1] 0.3148288

$c250_i.ptime
[1] 0.192

$c250_i.time
[1] 0.145

$c250_i.rmse
[1] 0.2398745

$c500_i.ptime
[1] 0.476

$c500_i.time
[1] 0.157

$c500_i.rmse
[1] 0.1988288

$c25_d.ptime
[1] 0.132

$c25_d.time
[1] 0.401

$c25_d.rmse
[1] 0.3887599

$c50_d.ptime
[1] 0.104

$c50_d.time
[1] 0.616

$c50_d.rmse
[1] 0.3079545

$c100_d.ptime
[1] 0.051

$c100_d.time
[1] 0.973

$c100_d.rmse
[1] 0.2445251

$c250_d.ptime
[1] 0.042

$c250_d.time
[1] 3.606

$c250_d.rmse
[1] 0.2033635

$c500_d.ptime
[1] 0.04

$c500_d.time
[1] 13.538

$c500_d.rmse
[1] 0.1495715

$s25.ptime
[1] 0.049

$s25.time
[1] 0.001

$s25.rmse
[1] 0.7660691

$s50.ptime
[1] 0.085

$s50.time
[1] 0.002

$s50.rmse
[1] 0.680076

$s100.ptime
[1] 0.099

$s100.time
[1] 0.003

$s100.rmse
[1] 0.4692844

$s250.ptime
[1] 0.182

$s250.time
[1] 0.009

$s250.rmse
[1] 0.3680704

$s500.ptime
[1] 0.354

$s500.time
[1] 0.016

$s500.rmse
[1] 0.2647121

$s1000.ptime
[1] 1.17

$s1000.time
[1] 0.035

$s1000.rmse
[1] 0.1926985

        seed            p    full.time    full.rmse     l25.time     l25.rmse 
    2028.000       10.000        0.020        0.111        1.114        0.280 
    l50.time     l50.rmse    l100.time    l100.rmse    l250.time    l250.rmse 
       1.419        0.235        2.868        0.192       16.942        0.163 
   l500.time    l500.rmse  o25_i.ptime   o25_i.time   o25_i.rmse  o50_i.ptime 
     101.117        0.141        0.048        0.151        0.674        0.040 
  o50_i.time   o50_i.rmse o100_i.ptime  o100_i.time  o100_i.rmse o250_i.ptime 
       0.122        0.583        0.054        0.119        0.467        0.155 
 o250_i.time  o250_i.rmse o500_i.ptime  o500_i.time  o500_i.rmse  o25_d.ptime 
       0.125        0.334        0.453        0.126        0.256        0.038 
  o25_d.time   o25_d.rmse  o50_d.ptime   o50_d.time   o50_d.rmse o100_d.ptime 
       0.326        0.520        0.017        0.443        0.430        0.010 
 o100_d.time  o100_d.rmse o250_d.ptime  o250_d.time  o250_d.rmse o500_d.ptime 
       0.922        0.337        0.016        3.330        0.234        0.020 
 o500_d.time  o500_d.rmse  c25_i.ptime   c25_i.time   c25_i.rmse  c50_i.ptime 
      12.499        0.172        0.117        0.160        0.446        0.123 
  c50_i.time   c50_i.rmse c100_i.ptime  c100_i.time  c100_i.rmse c250_i.ptime 
       0.153        0.374        0.106        0.146        0.315        0.192 
 c250_i.time  c250_i.rmse c500_i.ptime  c500_i.time  c500_i.rmse  c25_d.ptime 
       0.145        0.240        0.476        0.157        0.199        0.132 
  c25_d.time   c25_d.rmse  c50_d.ptime   c50_d.time   c50_d.rmse c100_d.ptime 
       0.401        0.389        0.104        0.616        0.308        0.051 
 c100_d.time  c100_d.rmse c250_d.ptime  c250_d.time  c250_d.rmse c500_d.ptime 
       0.973        0.245        0.042        3.606        0.203        0.040 
 c500_d.time  c500_d.rmse    s25.ptime     s25.time     s25.rmse    s50.ptime 
      13.538        0.150        0.049        0.001        0.766        0.085 
    s50.time     s50.rmse   s100.ptime    s100.time    s100.rmse   s250.ptime 
       0.002        0.680        0.099        0.003        0.469        0.182 
   s250.time    s250.rmse   s500.ptime    s500.time    s500.rmse  s1000.ptime 
       0.009        0.368        0.354        0.016        0.265        1.170 
  s1000.time   s1000.rmse 
       0.035        0.193 
  seed  p full.time full.rmse l25.time  l25.rmse l50.time  l50.rmse l100.time
1 2024 10     0.033 0.1204665    1.559 0.2746889    1.389 0.2291852     2.918
2 2025 10     0.019 0.1156197    1.159 0.2653512    1.410 0.2231137     2.865
3 2026 10     0.021 0.1165828    1.158 0.2736410    1.434 0.2282601     2.854
4 2027 10     0.019 0.1100078    1.174 0.2601749    1.438 0.2239244     2.919
5 2028 10     0.020 0.1114573    1.114 0.2803191    1.419 0.2349745     2.868
  l100.rmse l250.time l250.rmse l500.time l500.rmse o25_i.ptime o25_i.time
1 0.1962288    16.975 0.1600475   104.952 0.1456127       0.050      0.146
2 0.1882928    17.064 0.1562075    95.718 0.1390477       0.047      0.163
3 0.1937107    17.340 0.1596788    99.438 0.1478221       0.045      0.155
4 0.1847210    17.076 0.1492611    97.582 0.1352003       0.050      0.157
5 0.1919593    16.942 0.1626477   101.117 0.1412925       0.048      0.151
  o25_i.rmse o50_i.ptime o50_i.time o50_i.rmse o100_i.ptime o100_i.time
1  0.6166378       0.035      0.120  0.5338427        0.053       0.127
2  0.5960031       0.035      0.133  0.5861040        0.054       0.124
3  0.5998558       0.036      0.132  0.5302424        0.053       0.122
4  0.6067568       0.038      0.129  0.5200478        0.052       0.124
5  0.6737534       0.040      0.122  0.5834892        0.054       0.119
  o100_i.rmse o250_i.ptime o250_i.time o250_i.rmse o500_i.ptime o500_i.time
1   0.4490979        0.154       0.122   0.3287379        0.429       0.121
2   0.4742211        0.152       0.163   0.3494574        0.433       0.124
3   0.4502541        0.153       0.133   0.3440445        0.426       0.140
4   0.4521499        0.150       0.122   0.3434856        0.430       0.127
5   0.4671303        0.155       0.125   0.3340920        0.453       0.126
  o500_i.rmse o25_d.ptime o25_d.time o25_d.rmse o50_d.ptime o50_d.time
1   0.2572834       0.037      0.306  0.5009046       0.016      0.411
2   0.2565535       0.033      0.312  0.4840998       0.016      0.426
3   0.2525822       0.039      0.334  0.4941304       0.015      0.415
4   0.2485987       0.034      0.320  0.4897501       0.024      0.417
5   0.2557648       0.038      0.326  0.5204564       0.017      0.443
  o50_d.rmse o100_d.ptime o100_d.time o100_d.rmse o250_d.ptime o250_d.time
1  0.4301013        0.011       0.761   0.3441179        0.010       2.927
2  0.4546988        0.011       0.795   0.3537567        0.013       2.855
3  0.4338062        0.012       0.881   0.3670306        0.010       2.901
4  0.4082982        0.013       0.765   0.3265200        0.016       3.216
5  0.4299953        0.010       0.922   0.3368164        0.016       3.330
  o250_d.rmse o500_d.ptime o500_d.time o500_d.rmse c25_i.ptime c25_i.time
1   0.2367224        0.015      13.844   0.1821954       0.149      0.160
2   0.2480764        0.018      13.196   0.1806898       0.129      0.176
3   0.2341327        0.014      13.052   0.1732342       0.143      0.160
4   0.2321645        0.022      12.474   0.1723150       0.162      0.177
5   0.2338526        0.020      12.499   0.1719941       0.117      0.160
  c25_i.rmse c50_i.ptime c50_i.time c50_i.rmse c100_i.ptime c100_i.time
1  0.4246972       0.098      0.133  0.3768002        0.093       0.127
2  0.4175405       0.087      0.153  0.3711397        0.085       0.141
3  0.4259735       0.100      0.150  0.3724295        0.090       0.137
4  0.4060724       0.124      0.152  0.3745168        0.087       0.133
5  0.4456715       0.123      0.153  0.3740446        0.106       0.146
  c100_i.rmse c250_i.ptime c250_i.time c250_i.rmse c500_i.ptime c500_i.time
1   0.3063203        0.186       0.124   0.2497956        0.442       0.136
2   0.3059354        0.192       0.146   0.2550247        0.480       0.152
3   0.3161231        0.173       0.127   0.2508184        0.447       0.132
4   0.3191743        0.180       0.147   0.2449209        0.486       0.145
5   0.3148288        0.192       0.145   0.2398745        0.476       0.157
  c500_i.rmse c25_d.ptime c25_d.time c25_d.rmse c50_d.ptime c50_d.time
1   0.2014622       0.126      0.357  0.3643447       0.101      0.433
2   0.2034439       0.118      0.388  0.3737856       0.094      0.450
3   0.2127507       0.100      0.386  0.3564173       0.079      0.476
4   0.2012064       0.117      0.386  0.3476443       0.063      0.485
5   0.1988288       0.132      0.401  0.3887599       0.104      0.616
  c50_d.rmse c100_d.ptime c100_d.time c100_d.rmse c250_d.ptime c250_d.time
1  0.3079618        0.058       0.806   0.2551856        0.040       2.907
2  0.2985071        0.079       0.809   0.2546508        0.032       2.960
3  0.3130179        0.054       0.815   0.2592845        0.034       3.114
4  0.3015490        0.044       0.838   0.2560977        0.028       3.491
5  0.3079545        0.051       0.973   0.2445251        0.042       3.606
  c250_d.rmse c500_d.ptime c500_d.time c500_d.rmse s25.ptime s25.time  s25.rmse
1   0.1944805        0.019      13.934   0.1531073     0.043    0.001 0.6755837
2   0.2025759        0.032      13.620   0.1613128     0.061    0.001 0.7162460
3   0.2019540        0.023      13.589   0.1599684     0.065    0.001 0.6262754
4   0.1927887        0.022      13.154   0.1614816     0.049    0.001 0.6362392
5   0.2033635        0.040      13.538   0.1495715     0.049    0.001 0.7660691
  s50.ptime s50.time  s50.rmse s100.ptime s100.time s100.rmse s250.ptime
1     0.070    0.001 0.5561237      0.093     0.003 0.4970449      0.192
2     0.069    0.002 0.6053247      0.123     0.004 0.5103149      0.209
3     0.095    0.002 0.6341564      0.096     0.004 0.4806088      0.213
4     0.056    0.002 0.5738561      0.104     0.003 0.4531222      0.184
5     0.085    0.002 0.6800760      0.099     0.003 0.4692844      0.182
  s250.time s250.rmse s500.ptime s500.time s500.rmse s1000.ptime s1000.time
1     0.007 0.3352100      0.383     0.015 0.2636514       1.256      0.032
2     0.009 0.3727311      0.376     0.017 0.2821740       1.384      0.034
3     0.010 0.3463264      0.373     0.018 0.2764178       1.200      0.035
4     0.009 0.3569106      0.362     0.016 0.2563227       1.196      0.034
5     0.009 0.3680704      0.354     0.016 0.2647121       1.170      0.035
  s1000.rmse
1  0.1931073
2  0.1864533
3  0.1786353
4  0.1866708
5  0.1926985
> 
> proc.time()
   user  system elapsed 
871.371   5.477 891.990 
