
R version 3.0.3 (2014-03-06) -- "Warm Puppy"
Copyright (C) 2014 The R Foundation for Statistical Computing
Platform: x86_64-unknown-linux-gnu (64-bit)

R is free software and comes with ABSOLUTELY NO WARRANTY.
You are welcome to redistribute it under certain conditions.
Type 'license()' or 'licence()' for distribution details.

  Natural language support but running in an English locale

R is a collaborative project with many contributors.
Type 'contributors()' for more information and
'citation()' on how to cite R or R packages in publications.

Type 'demo()' for some demos, 'help()' for on-line help, or
'help.start()' for an HTML browser interface to help.
Type 'q()' to quit R.

> print(.libPaths())
[1] "/usr/local/r-3.0.3/lib64/R/library"
> .libPaths("/mnt/home/rjparker/Rlib")
> print(.libPaths())
[1] "/mnt/home/rjparker/Rlib"            "/usr/local/r-3.0.3/lib64/R/library"
> setwd("/mnt/home/rjparker/git/block_int")
> 
> which_exp <- 1
> which_part <- 2
> source("R/sim_nblocks_pred.R")
Loading required package: spam
Loading required package: grid
Spam version 0.41-0 (2014-02-26) is loaded.
Type 'help( Spam)' or 'demo( spam)' for a short introduction 
and overview of this package.
Help for individual functions is also obtained by adding the
suffix '.spam' to the function name, e.g. 'help( chol.spam)'.

Attaching package: ‘spam’

The following objects are masked from ‘package:base’:

    backsolve, forwardsolve

Loading required package: maps
  pred  p   b tau Nper_p Npred Fzero sigma2
1 TRUE 10 1.5  10   2500  1000     0      1
[1] 0.9181232
$full.time
[1] 0.017

$full.rmse
[1] 0.1240017

$full.time
[1] 0.017

$full.rmse
[1] 0.1240017

$l25.time
[1] 1.054

$l25.rmse
[1] 0.2772155

$l50.time
[1] 1.168

$l50.rmse
[1] 0.2295779

$l100.time
[1] 2.418

$l100.rmse
[1] 0.1945834

$l250.time
[1] 14.243

$l250.rmse
[1] 0.1631086

$l500.time
[1] 75.32

$l500.rmse
[1] 0.1476603

$o25_i.ptime
[1] 0.042

$o25_i.time
[1] 0.129

$o25_i.rmse
[1] 0.6117029

$o50_i.ptime
[1] 0.03

$o50_i.time
[1] 0.104

$o50_i.rmse
[1] 0.5473138

$o100_i.ptime
[1] 0.044

$o100_i.time
[1] 0.098

$o100_i.rmse
[1] 0.4712003

$o250_i.ptime
[1] 0.13

$o250_i.time
[1] 0.1

$o250_i.rmse
[1] 0.3218014

$o500_i.ptime
[1] 0.341

$o500_i.time
[1] 0.103

$o500_i.rmse
[1] 0.2628293

$o25_d.ptime
[1] 0.033

$o25_d.time
[1] 0.25

$o25_d.rmse
[1] 0.4830489

$o50_d.ptime
[1] 0.013

$o50_d.time
[1] 0.333

$o50_d.rmse
[1] 0.4040528

$o100_d.ptime
[1] 0.009

$o100_d.time
[1] 0.657

$o100_d.rmse
[1] 0.3329431

$o250_d.ptime
[1] 0.103

$o250_d.time
[1] 2.013

$o250_d.rmse
[1] 0.232362

$o500_d.ptime
[1] 0.012

$o500_d.time
[1] 7.537

$o500_d.rmse
[1] 0.1808481

$c25_i.ptime
[1] 0.103

$c25_i.time
[1] 0.13

$c25_i.rmse
[1] 0.4261925

$c50_i.ptime
[1] 0.086

$c50_i.time
[1] 0.116

$c50_i.rmse
[1] 0.3572524

$c100_i.ptime
[1] 0.088

$c100_i.time
[1] 0.11

$c100_i.rmse
[1] 0.3024275

$c250_i.ptime
[1] 0.163

$c250_i.time
[1] 0.11

$c250_i.rmse
[1] 0.2548055

$c500_i.ptime
[1] 0.36

$c500_i.time
[1] 0.118

$c500_i.rmse
[1] 0.2035595

$c25_d.ptime
[1] 0.092

$c25_d.time
[1] 0.301

$c25_d.rmse
[1] 0.3496833

$c50_d.ptime
[1] 0.074

$c50_d.time
[1] 0.365

$c50_d.rmse
[1] 0.3096811

$c100_d.ptime
[1] 0.042

$c100_d.time
[1] 0.71

$c100_d.rmse
[1] 0.2499632

$c250_d.ptime
[1] 0.041

$c250_d.time
[1] 2.235

$c250_d.rmse
[1] 0.2017902

$c500_d.ptime
[1] 0.037

$c500_d.time
[1] 8.218

$c500_d.rmse
[1] 0.1602551

$s25.ptime
[1] 0.04

$s25.time
[1] 0.001

$s25.rmse
[1] 0.7131243

$s50.ptime
[1] 0.063

$s50.time
[1] 0.001

$s50.rmse
[1] 0.5397886

$s100.ptime
[1] 0.09

$s100.time
[1] 0.002

$s100.rmse
[1] 0.4255827

$s250.ptime
[1] 0.158

$s250.time
[1] 0.005

$s250.rmse
[1] 0.3454568

$s500.ptime
[1] 0.297

$s500.time
[1] 0.011

$s500.rmse
[1] 0.269627

$s1000.ptime
[1] 0.819

$s1000.time
[1] 0.024

$s1000.rmse
[1] 0.2009311

        seed            p    full.time    full.rmse     l25.time     l25.rmse 
    1989.000       10.000        0.017        0.124        1.054        0.277 
    l50.time     l50.rmse    l100.time    l100.rmse    l250.time    l250.rmse 
       1.168        0.230        2.418        0.195       14.243        0.163 
   l500.time    l500.rmse  o25_i.ptime   o25_i.time   o25_i.rmse  o50_i.ptime 
      75.320        0.148        0.042        0.129        0.612        0.030 
  o50_i.time   o50_i.rmse o100_i.ptime  o100_i.time  o100_i.rmse o250_i.ptime 
       0.104        0.547        0.044        0.098        0.471        0.130 
 o250_i.time  o250_i.rmse o500_i.ptime  o500_i.time  o500_i.rmse  o25_d.ptime 
       0.100        0.322        0.341        0.103        0.263        0.033 
  o25_d.time   o25_d.rmse  o50_d.ptime   o50_d.time   o50_d.rmse o100_d.ptime 
       0.250        0.483        0.013        0.333        0.404        0.009 
 o100_d.time  o100_d.rmse o250_d.ptime  o250_d.time  o250_d.rmse o500_d.ptime 
       0.657        0.333        0.103        2.013        0.232        0.012 
 o500_d.time  o500_d.rmse  c25_i.ptime   c25_i.time   c25_i.rmse  c50_i.ptime 
       7.537        0.181        0.103        0.130        0.426        0.086 
  c50_i.time   c50_i.rmse c100_i.ptime  c100_i.time  c100_i.rmse c250_i.ptime 
       0.116        0.357        0.088        0.110        0.302        0.163 
 c250_i.time  c250_i.rmse c500_i.ptime  c500_i.time  c500_i.rmse  c25_d.ptime 
       0.110        0.255        0.360        0.118        0.204        0.092 
  c25_d.time   c25_d.rmse  c50_d.ptime   c50_d.time   c50_d.rmse c100_d.ptime 
       0.301        0.350        0.074        0.365        0.310        0.042 
 c100_d.time  c100_d.rmse c250_d.ptime  c250_d.time  c250_d.rmse c500_d.ptime 
       0.710        0.250        0.041        2.235        0.202        0.037 
 c500_d.time  c500_d.rmse    s25.ptime     s25.time     s25.rmse    s50.ptime 
       8.218        0.160        0.040        0.001        0.713        0.063 
    s50.time     s50.rmse   s100.ptime    s100.time    s100.rmse   s250.ptime 
       0.001        0.540        0.090        0.002        0.426        0.158 
   s250.time    s250.rmse   s500.ptime    s500.time    s500.rmse  s1000.ptime 
       0.005        0.345        0.297        0.011        0.270        0.819 
  s1000.time   s1000.rmse 
       0.024        0.201 
[1] 0.8777822
$full.time
[1] 0.015

$full.rmse
[1] 0.1170918

$full.time
[1] 0.015

$full.rmse
[1] 0.1170918

$l25.time
[1] 0.88

$l25.rmse
[1] 0.3089221

$l50.time
[1] 1.097

$l50.rmse
[1] 0.2578186

$l100.time
[1] 2.277

$l100.rmse
[1] 0.1956965

$l250.time
[1] 14.15

$l250.rmse
[1] 0.1608938

$l500.time
[1] 75.189

$l500.rmse
[1] 0.1446416

$o25_i.ptime
[1] 0.034

$o25_i.time
[1] 0.115

$o25_i.rmse
[1] 0.6212918

$o50_i.ptime
[1] 0.027

$o50_i.time
[1] 0.094

$o50_i.rmse
[1] 0.5629155

$o100_i.ptime
[1] 0.04

$o100_i.time
[1] 0.089

$o100_i.rmse
[1] 0.468857

$o250_i.ptime
[1] 0.119

$o250_i.time
[1] 0.134

$o250_i.rmse
[1] 0.3366947

$o500_i.ptime
[1] 0.336

$o500_i.time
[1] 0.107

$o500_i.rmse
[1] 0.2475029

$o25_d.ptime
[1] 0.028

$o25_d.time
[1] 0.262

$o25_d.rmse
[1] 0.500195

$o50_d.ptime
[1] 0.013

$o50_d.time
[1] 0.337

$o50_d.rmse
[1] 0.4236234

$o100_d.ptime
[1] 0.008

$o100_d.time
[1] 0.629

$o100_d.rmse
[1] 0.3533855

$o250_d.ptime
[1] 0.012

$o250_d.time
[1] 2.258

$o250_d.rmse
[1] 0.2402686

$o500_d.ptime
[1] 0.019

$o500_d.time
[1] 10.449

$o500_d.rmse
[1] 0.1787223

$c25_i.ptime
[1] 0.164

$c25_i.time
[1] 0.18

$c25_i.rmse
[1] 0.4207581

$c50_i.ptime
[1] 0.092

$c50_i.time
[1] 0.15

$c50_i.rmse
[1] 0.3677062

$c100_i.ptime
[1] 0.114

$c100_i.time
[1] 0.145

$c100_i.rmse
[1] 0.3178115

$c250_i.ptime
[1] 0.19

$c250_i.time
[1] 0.158

$c250_i.rmse
[1] 0.2638869

$c500_i.ptime
[1] 0.491

$c500_i.time
[1] 0.151

$c500_i.rmse
[1] 0.2123505

$c25_d.ptime
[1] 0.133

$c25_d.time
[1] 0.364

$c25_d.rmse
[1] 0.3609308

$c50_d.ptime
[1] 0.08

$c50_d.time
[1] 0.449

$c50_d.rmse
[1] 0.314475

$c100_d.ptime
[1] 0.05

$c100_d.time
[1] 0.77

$c100_d.rmse
[1] 0.250863

$c250_d.ptime
[1] 0.036

$c250_d.time
[1] 2.764

$c250_d.rmse
[1] 0.2070588

$c500_d.ptime
[1] 0.019

$c500_d.time
[1] 10.972

$c500_d.rmse
[1] 0.1621709

$s25.ptime
[1] 0.089

$s25.time
[1] 0.002

$s25.rmse
[1] 0.6756663

$s50.ptime
[1] 0.065

$s50.time
[1] 0.002

$s50.rmse
[1] 0.6356905

$s100.ptime
[1] 0.119

$s100.time
[1] 0.003

$s100.rmse
[1] 0.5462702

$s250.ptime
[1] 0.196

$s250.time
[1] 0.009

$s250.rmse
[1] 0.3679396

$s500.ptime
[1] 0.385

$s500.time
[1] 0.018

$s500.rmse
[1] 0.2675145

$s1000.ptime
[1] 1.214

$s1000.time
[1] 0.034

$s1000.rmse
[1] 0.1850032

        seed            p    full.time    full.rmse     l25.time     l25.rmse 
    1990.000       10.000        0.015        0.117        0.880        0.309 
    l50.time     l50.rmse    l100.time    l100.rmse    l250.time    l250.rmse 
       1.097        0.258        2.277        0.196       14.150        0.161 
   l500.time    l500.rmse  o25_i.ptime   o25_i.time   o25_i.rmse  o50_i.ptime 
      75.189        0.145        0.034        0.115        0.621        0.027 
  o50_i.time   o50_i.rmse o100_i.ptime  o100_i.time  o100_i.rmse o250_i.ptime 
       0.094        0.563        0.040        0.089        0.469        0.119 
 o250_i.time  o250_i.rmse o500_i.ptime  o500_i.time  o500_i.rmse  o25_d.ptime 
       0.134        0.337        0.336        0.107        0.248        0.028 
  o25_d.time   o25_d.rmse  o50_d.ptime   o50_d.time   o50_d.rmse o100_d.ptime 
       0.262        0.500        0.013        0.337        0.424        0.008 
 o100_d.time  o100_d.rmse o250_d.ptime  o250_d.time  o250_d.rmse o500_d.ptime 
       0.629        0.353        0.012        2.258        0.240        0.019 
 o500_d.time  o500_d.rmse  c25_i.ptime   c25_i.time   c25_i.rmse  c50_i.ptime 
      10.449        0.179        0.164        0.180        0.421        0.092 
  c50_i.time   c50_i.rmse c100_i.ptime  c100_i.time  c100_i.rmse c250_i.ptime 
       0.150        0.368        0.114        0.145        0.318        0.190 
 c250_i.time  c250_i.rmse c500_i.ptime  c500_i.time  c500_i.rmse  c25_d.ptime 
       0.158        0.264        0.491        0.151        0.212        0.133 
  c25_d.time   c25_d.rmse  c50_d.ptime   c50_d.time   c50_d.rmse c100_d.ptime 
       0.364        0.361        0.080        0.449        0.314        0.050 
 c100_d.time  c100_d.rmse c250_d.ptime  c250_d.time  c250_d.rmse c500_d.ptime 
       0.770        0.251        0.036        2.764        0.207        0.019 
 c500_d.time  c500_d.rmse    s25.ptime     s25.time     s25.rmse    s50.ptime 
      10.972        0.162        0.089        0.002        0.676        0.065 
    s50.time     s50.rmse   s100.ptime    s100.time    s100.rmse   s250.ptime 
       0.002        0.636        0.119        0.003        0.546        0.196 
   s250.time    s250.rmse   s500.ptime    s500.time    s500.rmse  s1000.ptime 
       0.009        0.368        0.385        0.018        0.268        1.214 
  s1000.time   s1000.rmse 
       0.034        0.185 
[1] 1.053816
$full.time
[1] 0.019

$full.rmse
[1] 0.1139708

$full.time
[1] 0.019

$full.rmse
[1] 0.1139708

$l25.time
[1] 1.247

$l25.rmse
[1] 0.2758116

$l50.time
[1] 1.557

$l50.rmse
[1] 0.2314647

$l100.time
[1] 3.063

$l100.rmse
[1] 0.1935305

$l250.time
[1] 18.41

$l250.rmse
[1] 0.1622975

$l500.time
[1] 92.885

$l500.rmse
[1] 0.14008

$o25_i.ptime
[1] 0.043

$o25_i.time
[1] 0.145

$o25_i.rmse
[1] 0.6978336

$o50_i.ptime
[1] 0.032

$o50_i.time
[1] 0.123

$o50_i.rmse
[1] 0.6130493

$o100_i.ptime
[1] 0.049

$o100_i.time
[1] 0.12

$o100_i.rmse
[1] 0.4972933

$o250_i.ptime
[1] 0.135

$o250_i.time
[1] 0.123

$o250_i.rmse
[1] 0.3407368

$o500_i.ptime
[1] 0.389

$o500_i.time
[1] 0.139

$o500_i.rmse
[1] 0.2631335

$o25_d.ptime
[1] 0.039

$o25_d.time
[1] 0.326

$o25_d.rmse
[1] 0.5529583

$o50_d.ptime
[1] 0.017

$o50_d.time
[1] 0.41

$o50_d.rmse
[1] 0.4671602

$o100_d.ptime
[1] 0.011

$o100_d.time
[1] 0.855

$o100_d.rmse
[1] 0.3545687

$o250_d.ptime
[1] 0.011

$o250_d.time
[1] 2.508

$o250_d.rmse
[1] 0.2483028

$o500_d.ptime
[1] 0.016

$o500_d.time
[1] 9.287

$o500_d.rmse
[1] 0.1780313

$c25_i.ptime
[1] 0.12

$c25_i.time
[1] 0.165

$c25_i.rmse
[1] 0.4648005

$c50_i.ptime
[1] 0.092

$c50_i.time
[1] 0.144

$c50_i.rmse
[1] 0.3985126

$c100_i.ptime
[1] 0.102

$c100_i.time
[1] 0.137

$c100_i.rmse
[1] 0.3185896

$c250_i.ptime
[1] 0.165

$c250_i.time
[1] 0.134

$c250_i.rmse
[1] 0.2531322

$c500_i.ptime
[1] 0.433

$c500_i.time
[1] 0.139

$c500_i.rmse
[1] 0.2279213

$c25_d.ptime
[1] 0.119

$c25_d.time
[1] 0.334

$c25_d.rmse
[1] 0.3874915

$c50_d.ptime
[1] 0.069

$c50_d.time
[1] 0.4

$c50_d.rmse
[1] 0.3190162

$c100_d.ptime
[1] 0.049

$c100_d.time
[1] 0.719

$c100_d.rmse
[1] 0.2484951

$c250_d.ptime
[1] 0.063

$c250_d.time
[1] 2.438

$c250_d.rmse
[1] 0.2101146

$c500_d.ptime
[1] 0.024

$c500_d.time
[1] 9.741

$c500_d.rmse
[1] 0.1591621

$s25.ptime
[1] 0.039

$s25.time
[1] 0.001

$s25.rmse
[1] 0.7291926

$s50.ptime
[1] 0.082

$s50.time
[1] 0.001

$s50.rmse
[1] 0.6731799

$s100.ptime
[1] 0.1

$s100.time
[1] 0.003

$s100.rmse
[1] 0.5305473

$s250.ptime
[1] 0.208

$s250.time
[1] 0.008

$s250.rmse
[1] 0.3704237

$s500.ptime
[1] 0.368

$s500.time
[1] 0.016

$s500.rmse
[1] 0.2597919

$s1000.ptime
[1] 1.103

$s1000.time
[1] 0.034

$s1000.rmse
[1] 0.1814808

        seed            p    full.time    full.rmse     l25.time     l25.rmse 
    1991.000       10.000        0.019        0.114        1.247        0.276 
    l50.time     l50.rmse    l100.time    l100.rmse    l250.time    l250.rmse 
       1.557        0.231        3.063        0.194       18.410        0.162 
   l500.time    l500.rmse  o25_i.ptime   o25_i.time   o25_i.rmse  o50_i.ptime 
      92.885        0.140        0.043        0.145        0.698        0.032 
  o50_i.time   o50_i.rmse o100_i.ptime  o100_i.time  o100_i.rmse o250_i.ptime 
       0.123        0.613        0.049        0.120        0.497        0.135 
 o250_i.time  o250_i.rmse o500_i.ptime  o500_i.time  o500_i.rmse  o25_d.ptime 
       0.123        0.341        0.389        0.139        0.263        0.039 
  o25_d.time   o25_d.rmse  o50_d.ptime   o50_d.time   o50_d.rmse o100_d.ptime 
       0.326        0.553        0.017        0.410        0.467        0.011 
 o100_d.time  o100_d.rmse o250_d.ptime  o250_d.time  o250_d.rmse o500_d.ptime 
       0.855        0.355        0.011        2.508        0.248        0.016 
 o500_d.time  o500_d.rmse  c25_i.ptime   c25_i.time   c25_i.rmse  c50_i.ptime 
       9.287        0.178        0.120        0.165        0.465        0.092 
  c50_i.time   c50_i.rmse c100_i.ptime  c100_i.time  c100_i.rmse c250_i.ptime 
       0.144        0.399        0.102        0.137        0.319        0.165 
 c250_i.time  c250_i.rmse c500_i.ptime  c500_i.time  c500_i.rmse  c25_d.ptime 
       0.134        0.253        0.433        0.139        0.228        0.119 
  c25_d.time   c25_d.rmse  c50_d.ptime   c50_d.time   c50_d.rmse c100_d.ptime 
       0.334        0.387        0.069        0.400        0.319        0.049 
 c100_d.time  c100_d.rmse c250_d.ptime  c250_d.time  c250_d.rmse c500_d.ptime 
       0.719        0.248        0.063        2.438        0.210        0.024 
 c500_d.time  c500_d.rmse    s25.ptime     s25.time     s25.rmse    s50.ptime 
       9.741        0.159        0.039        0.001        0.729        0.082 
    s50.time     s50.rmse   s100.ptime    s100.time    s100.rmse   s250.ptime 
       0.001        0.673        0.100        0.003        0.531        0.208 
   s250.time    s250.rmse   s500.ptime    s500.time    s500.rmse  s1000.ptime 
       0.008        0.370        0.368        0.016        0.260        1.103 
  s1000.time   s1000.rmse 
       0.034        0.181 
[1] 0.7298974
$full.time
[1] 0.018

$full.rmse
[1] 0.1196808

$full.time
[1] 0.018

$full.rmse
[1] 0.1196808

$l25.time
[1] 1.116

$l25.rmse
[1] 0.2625976

$l50.time
[1] 1.426

$l50.rmse
[1] 0.2322454

$l100.time
[1] 2.834

$l100.rmse
[1] 0.1965323

$l250.time
[1] 16.179

$l250.rmse
[1] 0.1673267

$l500.time
[1] 90.375

$l500.rmse
[1] 0.147959

$o25_i.ptime
[1] 0.047

$o25_i.time
[1] 0.16

$o25_i.rmse
[1] 0.6005087

$o50_i.ptime
[1] 0.038

$o50_i.time
[1] 0.137

$o50_i.rmse
[1] 0.539192

$o100_i.ptime
[1] 0.052

$o100_i.time
[1] 0.139

$o100_i.rmse
[1] 0.464862

$o250_i.ptime
[1] 0.15

$o250_i.time
[1] 0.136

$o250_i.rmse
[1] 0.3303292

$o500_i.ptime
[1] 0.41

$o500_i.time
[1] 0.138

$o500_i.rmse
[1] 0.2506327

$o25_d.ptime
[1] 0.04

$o25_d.time
[1] 0.334

$o25_d.rmse
[1] 0.5071271

$o50_d.ptime
[1] 0.016

$o50_d.time
[1] 0.411

$o50_d.rmse
[1] 0.4137009

$o100_d.ptime
[1] 0.015

$o100_d.time
[1] 0.722

$o100_d.rmse
[1] 0.3552207

$o250_d.ptime
[1] 0.011

$o250_d.time
[1] 2.695

$o250_d.rmse
[1] 0.2295239

$o500_d.ptime
[1] 0.016

$o500_d.time
[1] 9.481

$o500_d.rmse
[1] 0.1737902

$c25_i.ptime
[1] 0.111

$c25_i.time
[1] 0.17

$c25_i.rmse
[1] 0.3984013

$c50_i.ptime
[1] 0.085

$c50_i.time
[1] 0.152

$c50_i.rmse
[1] 0.3575049

$c100_i.ptime
[1] 0.103

$c100_i.time
[1] 0.144

$c100_i.rmse
[1] 0.3153847

$c250_i.ptime
[1] 0.17

$c250_i.time
[1] 0.147

$c250_i.rmse
[1] 0.2337722

$c500_i.ptime
[1] 0.442

$c500_i.time
[1] 0.15

$c500_i.rmse
[1] 0.216399

$c25_d.ptime
[1] 0.094

$c25_d.time
[1] 0.37

$c25_d.rmse
[1] 0.3432688

$c50_d.ptime
[1] 0.091

$c50_d.time
[1] 0.447

$c50_d.rmse
[1] 0.3042605

$c100_d.ptime
[1] 0.055

$c100_d.time
[1] 0.763

$c100_d.rmse
[1] 0.2594722

$c250_d.ptime
[1] 0.04

$c250_d.time
[1] 2.535

$c250_d.rmse
[1] 0.1914313

$c500_d.ptime
[1] 0.024

$c500_d.time
[1] 9.792

$c500_d.rmse
[1] 0.1644999

$s25.ptime
[1] 0.064

$s25.time
[1] 0.001

$s25.rmse
[1] 0.6237886

$s50.ptime
[1] 0.06

$s50.time
[1] 0.001

$s50.rmse
[1] 0.5687791

$s100.ptime
[1] 0.092

$s100.time
[1] 0.003

$s100.rmse
[1] 0.4872291

$s250.ptime
[1] 0.178

$s250.time
[1] 0.007

$s250.rmse
[1] 0.3698707

$s500.ptime
[1] 0.355

$s500.time
[1] 0.015

$s500.rmse
[1] 0.2472945

$s1000.ptime
[1] 1.075

$s1000.time
[1] 0.034

$s1000.rmse
[1] 0.1874258

        seed            p    full.time    full.rmse     l25.time     l25.rmse 
    1992.000       10.000        0.018        0.120        1.116        0.263 
    l50.time     l50.rmse    l100.time    l100.rmse    l250.time    l250.rmse 
       1.426        0.232        2.834        0.197       16.179        0.167 
   l500.time    l500.rmse  o25_i.ptime   o25_i.time   o25_i.rmse  o50_i.ptime 
      90.375        0.148        0.047        0.160        0.601        0.038 
  o50_i.time   o50_i.rmse o100_i.ptime  o100_i.time  o100_i.rmse o250_i.ptime 
       0.137        0.539        0.052        0.139        0.465        0.150 
 o250_i.time  o250_i.rmse o500_i.ptime  o500_i.time  o500_i.rmse  o25_d.ptime 
       0.136        0.330        0.410        0.138        0.251        0.040 
  o25_d.time   o25_d.rmse  o50_d.ptime   o50_d.time   o50_d.rmse o100_d.ptime 
       0.334        0.507        0.016        0.411        0.414        0.015 
 o100_d.time  o100_d.rmse o250_d.ptime  o250_d.time  o250_d.rmse o500_d.ptime 
       0.722        0.355        0.011        2.695        0.230        0.016 
 o500_d.time  o500_d.rmse  c25_i.ptime   c25_i.time   c25_i.rmse  c50_i.ptime 
       9.481        0.174        0.111        0.170        0.398        0.085 
  c50_i.time   c50_i.rmse c100_i.ptime  c100_i.time  c100_i.rmse c250_i.ptime 
       0.152        0.358        0.103        0.144        0.315        0.170 
 c250_i.time  c250_i.rmse c500_i.ptime  c500_i.time  c500_i.rmse  c25_d.ptime 
       0.147        0.234        0.442        0.150        0.216        0.094 
  c25_d.time   c25_d.rmse  c50_d.ptime   c50_d.time   c50_d.rmse c100_d.ptime 
       0.370        0.343        0.091        0.447        0.304        0.055 
 c100_d.time  c100_d.rmse c250_d.ptime  c250_d.time  c250_d.rmse c500_d.ptime 
       0.763        0.259        0.040        2.535        0.191        0.024 
 c500_d.time  c500_d.rmse    s25.ptime     s25.time     s25.rmse    s50.ptime 
       9.792        0.164        0.064        0.001        0.624        0.060 
    s50.time     s50.rmse   s100.ptime    s100.time    s100.rmse   s250.ptime 
       0.001        0.569        0.092        0.003        0.487        0.178 
   s250.time    s250.rmse   s500.ptime    s500.time    s500.rmse  s1000.ptime 
       0.007        0.370        0.355        0.015        0.247        1.075 
  s1000.time   s1000.rmse 
       0.034        0.187 
[1] 0.7712694
$full.time
[1] 0.019

$full.rmse
[1] 0.1146684

$full.time
[1] 0.019

$full.rmse
[1] 0.1146684

$l25.time
[1] 1.128

$l25.rmse
[1] 0.2498605

$l50.time
[1] 1.378

$l50.rmse
[1] 0.2119737

$l100.time
[1] 2.683

$l100.rmse
[1] 0.1843507

$l250.time
[1] 16.048

$l250.rmse
[1] 0.1521291

$l500.time
[1] 90.87

$l500.rmse
[1] 0.1346217

$o25_i.ptime
[1] 0.042

$o25_i.time
[1] 0.143

$o25_i.rmse
[1] 0.5764782

$o50_i.ptime
[1] 0.032

$o50_i.time
[1] 0.119

$o50_i.rmse
[1] 0.5227637

$o100_i.ptime
[1] 0.049

$o100_i.time
[1] 0.117

$o100_i.rmse
[1] 0.4562258

$o250_i.ptime
[1] 0.134

$o250_i.time
[1] 0.118

$o250_i.rmse
[1] 0.3239514

$o500_i.ptime
[1] 0.375

$o500_i.time
[1] 0.122

$o500_i.rmse
[1] 0.2536323

$o25_d.ptime
[1] 0.035

$o25_d.time
[1] 0.306

$o25_d.rmse
[1] 0.4780123

$o50_d.ptime
[1] 0.017

$o50_d.time
[1] 0.412

$o50_d.rmse
[1] 0.4301673

$o100_d.ptime
[1] 0.01

$o100_d.time
[1] 0.782

$o100_d.rmse
[1] 0.3338629

$o250_d.ptime
[1] 0.012

$o250_d.time
[1] 2.736

$o250_d.rmse
[1] 0.2342046

$o500_d.ptime
[1] 0.016

$o500_d.time
[1] 9.638

$o500_d.rmse
[1] 0.1680533

$c25_i.ptime
[1] 0.159

$c25_i.time
[1] 0.173

$c25_i.rmse
[1] 0.4096469

$c50_i.ptime
[1] 0.089

$c50_i.time
[1] 0.145

$c50_i.rmse
[1] 0.3508862

$c100_i.ptime
[1] 0.119

$c100_i.time
[1] 0.142

$c100_i.rmse
[1] 0.3032039

$c250_i.ptime
[1] 0.176

$c250_i.time
[1] 0.143

$c250_i.rmse
[1] 0.2521159

$c500_i.ptime
[1] 0.449

$c500_i.time
[1] 0.157

$c500_i.rmse
[1] 0.2044574

$c25_d.ptime
[1] 0.124

$c25_d.time
[1] 0.375

$c25_d.rmse
[1] 0.3421547

$c50_d.ptime
[1] 0.076

$c50_d.time
[1] 0.429

$c50_d.rmse
[1] 0.2975442

$c100_d.ptime
[1] 0.049

$c100_d.time
[1] 0.737

$c100_d.rmse
[1] 0.2472315

$c250_d.ptime
[1] 0.032

$c250_d.time
[1] 2.382

$c250_d.rmse
[1] 0.1933146

$c500_d.ptime
[1] 0.016

$c500_d.time
[1] 9.688

$c500_d.rmse
[1] 0.1509693

$s25.ptime
[1] 0.086

$s25.time
[1] 0.001

$s25.rmse
[1] 0.6219921

$s50.ptime
[1] 0.068

$s50.time
[1] 0.001

$s50.rmse
[1] 0.5407671

$s100.ptime
[1] 0.094

$s100.time
[1] 0.002

$s100.rmse
[1] 0.4768516

$s250.ptime
[1] 0.208

$s250.time
[1] 0.006

$s250.rmse
[1] 0.3569279

$s500.ptime
[1] 0.345

$s500.time
[1] 0.014

$s500.rmse
[1] 0.2584739

$s1000.ptime
[1] 1.068

$s1000.time
[1] 0.031

$s1000.rmse
[1] 0.1823801

        seed            p    full.time    full.rmse     l25.time     l25.rmse 
    1993.000       10.000        0.019        0.115        1.128        0.250 
    l50.time     l50.rmse    l100.time    l100.rmse    l250.time    l250.rmse 
       1.378        0.212        2.683        0.184       16.048        0.152 
   l500.time    l500.rmse  o25_i.ptime   o25_i.time   o25_i.rmse  o50_i.ptime 
      90.870        0.135        0.042        0.143        0.576        0.032 
  o50_i.time   o50_i.rmse o100_i.ptime  o100_i.time  o100_i.rmse o250_i.ptime 
       0.119        0.523        0.049        0.117        0.456        0.134 
 o250_i.time  o250_i.rmse o500_i.ptime  o500_i.time  o500_i.rmse  o25_d.ptime 
       0.118        0.324        0.375        0.122        0.254        0.035 
  o25_d.time   o25_d.rmse  o50_d.ptime   o50_d.time   o50_d.rmse o100_d.ptime 
       0.306        0.478        0.017        0.412        0.430        0.010 
 o100_d.time  o100_d.rmse o250_d.ptime  o250_d.time  o250_d.rmse o500_d.ptime 
       0.782        0.334        0.012        2.736        0.234        0.016 
 o500_d.time  o500_d.rmse  c25_i.ptime   c25_i.time   c25_i.rmse  c50_i.ptime 
       9.638        0.168        0.159        0.173        0.410        0.089 
  c50_i.time   c50_i.rmse c100_i.ptime  c100_i.time  c100_i.rmse c250_i.ptime 
       0.145        0.351        0.119        0.142        0.303        0.176 
 c250_i.time  c250_i.rmse c500_i.ptime  c500_i.time  c500_i.rmse  c25_d.ptime 
       0.143        0.252        0.449        0.157        0.204        0.124 
  c25_d.time   c25_d.rmse  c50_d.ptime   c50_d.time   c50_d.rmse c100_d.ptime 
       0.375        0.342        0.076        0.429        0.298        0.049 
 c100_d.time  c100_d.rmse c250_d.ptime  c250_d.time  c250_d.rmse c500_d.ptime 
       0.737        0.247        0.032        2.382        0.193        0.016 
 c500_d.time  c500_d.rmse    s25.ptime     s25.time     s25.rmse    s50.ptime 
       9.688        0.151        0.086        0.001        0.622        0.068 
    s50.time     s50.rmse   s100.ptime    s100.time    s100.rmse   s250.ptime 
       0.001        0.541        0.094        0.002        0.477        0.208 
   s250.time    s250.rmse   s500.ptime    s500.time    s500.rmse  s1000.ptime 
       0.006        0.357        0.345        0.014        0.258        1.068 
  s1000.time   s1000.rmse 
       0.031        0.182 
  seed  p full.time full.rmse l25.time  l25.rmse l50.time  l50.rmse l100.time
1 1989 10     0.017 0.1240017    1.054 0.2772155    1.168 0.2295779     2.418
2 1990 10     0.015 0.1170918    0.880 0.3089221    1.097 0.2578186     2.277
3 1991 10     0.019 0.1139708    1.247 0.2758116    1.557 0.2314647     3.063
4 1992 10     0.018 0.1196808    1.116 0.2625976    1.426 0.2322454     2.834
5 1993 10     0.019 0.1146684    1.128 0.2498605    1.378 0.2119737     2.683
  l100.rmse l250.time l250.rmse l500.time l500.rmse o25_i.ptime o25_i.time
1 0.1945834    14.243 0.1631086    75.320 0.1476603       0.042      0.129
2 0.1956965    14.150 0.1608938    75.189 0.1446416       0.034      0.115
3 0.1935305    18.410 0.1622975    92.885 0.1400800       0.043      0.145
4 0.1965323    16.179 0.1673267    90.375 0.1479590       0.047      0.160
5 0.1843507    16.048 0.1521291    90.870 0.1346217       0.042      0.143
  o25_i.rmse o50_i.ptime o50_i.time o50_i.rmse o100_i.ptime o100_i.time
1  0.6117029       0.030      0.104  0.5473138        0.044       0.098
2  0.6212918       0.027      0.094  0.5629155        0.040       0.089
3  0.6978336       0.032      0.123  0.6130493        0.049       0.120
4  0.6005087       0.038      0.137  0.5391920        0.052       0.139
5  0.5764782       0.032      0.119  0.5227637        0.049       0.117
  o100_i.rmse o250_i.ptime o250_i.time o250_i.rmse o500_i.ptime o500_i.time
1   0.4712003        0.130       0.100   0.3218014        0.341       0.103
2   0.4688570        0.119       0.134   0.3366947        0.336       0.107
3   0.4972933        0.135       0.123   0.3407368        0.389       0.139
4   0.4648620        0.150       0.136   0.3303292        0.410       0.138
5   0.4562258        0.134       0.118   0.3239514        0.375       0.122
  o500_i.rmse o25_d.ptime o25_d.time o25_d.rmse o50_d.ptime o50_d.time
1   0.2628293       0.033      0.250  0.4830489       0.013      0.333
2   0.2475029       0.028      0.262  0.5001950       0.013      0.337
3   0.2631335       0.039      0.326  0.5529583       0.017      0.410
4   0.2506327       0.040      0.334  0.5071271       0.016      0.411
5   0.2536323       0.035      0.306  0.4780123       0.017      0.412
  o50_d.rmse o100_d.ptime o100_d.time o100_d.rmse o250_d.ptime o250_d.time
1  0.4040528        0.009       0.657   0.3329431        0.103       2.013
2  0.4236234        0.008       0.629   0.3533855        0.012       2.258
3  0.4671602        0.011       0.855   0.3545687        0.011       2.508
4  0.4137009        0.015       0.722   0.3552207        0.011       2.695
5  0.4301673        0.010       0.782   0.3338629        0.012       2.736
  o250_d.rmse o500_d.ptime o500_d.time o500_d.rmse c25_i.ptime c25_i.time
1   0.2323620        0.012       7.537   0.1808481       0.103      0.130
2   0.2402686        0.019      10.449   0.1787223       0.164      0.180
3   0.2483028        0.016       9.287   0.1780313       0.120      0.165
4   0.2295239        0.016       9.481   0.1737902       0.111      0.170
5   0.2342046        0.016       9.638   0.1680533       0.159      0.173
  c25_i.rmse c50_i.ptime c50_i.time c50_i.rmse c100_i.ptime c100_i.time
1  0.4261925       0.086      0.116  0.3572524        0.088       0.110
2  0.4207581       0.092      0.150  0.3677062        0.114       0.145
3  0.4648005       0.092      0.144  0.3985126        0.102       0.137
4  0.3984013       0.085      0.152  0.3575049        0.103       0.144
5  0.4096469       0.089      0.145  0.3508862        0.119       0.142
  c100_i.rmse c250_i.ptime c250_i.time c250_i.rmse c500_i.ptime c500_i.time
1   0.3024275        0.163       0.110   0.2548055        0.360       0.118
2   0.3178115        0.190       0.158   0.2638869        0.491       0.151
3   0.3185896        0.165       0.134   0.2531322        0.433       0.139
4   0.3153847        0.170       0.147   0.2337722        0.442       0.150
5   0.3032039        0.176       0.143   0.2521159        0.449       0.157
  c500_i.rmse c25_d.ptime c25_d.time c25_d.rmse c50_d.ptime c50_d.time
1   0.2035595       0.092      0.301  0.3496833       0.074      0.365
2   0.2123505       0.133      0.364  0.3609308       0.080      0.449
3   0.2279213       0.119      0.334  0.3874915       0.069      0.400
4   0.2163990       0.094      0.370  0.3432688       0.091      0.447
5   0.2044574       0.124      0.375  0.3421547       0.076      0.429
  c50_d.rmse c100_d.ptime c100_d.time c100_d.rmse c250_d.ptime c250_d.time
1  0.3096811        0.042       0.710   0.2499632        0.041       2.235
2  0.3144750        0.050       0.770   0.2508630        0.036       2.764
3  0.3190162        0.049       0.719   0.2484951        0.063       2.438
4  0.3042605        0.055       0.763   0.2594722        0.040       2.535
5  0.2975442        0.049       0.737   0.2472315        0.032       2.382
  c250_d.rmse c500_d.ptime c500_d.time c500_d.rmse s25.ptime s25.time  s25.rmse
1   0.2017902        0.037       8.218   0.1602551     0.040    0.001 0.7131243
2   0.2070588        0.019      10.972   0.1621709     0.089    0.002 0.6756663
3   0.2101146        0.024       9.741   0.1591621     0.039    0.001 0.7291926
4   0.1914313        0.024       9.792   0.1644999     0.064    0.001 0.6237886
5   0.1933146        0.016       9.688   0.1509693     0.086    0.001 0.6219921
  s50.ptime s50.time  s50.rmse s100.ptime s100.time s100.rmse s250.ptime
1     0.063    0.001 0.5397886      0.090     0.002 0.4255827      0.158
2     0.065    0.002 0.6356905      0.119     0.003 0.5462702      0.196
3     0.082    0.001 0.6731799      0.100     0.003 0.5305473      0.208
4     0.060    0.001 0.5687791      0.092     0.003 0.4872291      0.178
5     0.068    0.001 0.5407671      0.094     0.002 0.4768516      0.208
  s250.time s250.rmse s500.ptime s500.time s500.rmse s1000.ptime s1000.time
1     0.005 0.3454568      0.297     0.011 0.2696270       0.819      0.024
2     0.009 0.3679396      0.385     0.018 0.2675145       1.214      0.034
3     0.008 0.3704237      0.368     0.016 0.2597919       1.103      0.034
4     0.007 0.3698707      0.355     0.015 0.2472945       1.075      0.034
5     0.006 0.3569279      0.345     0.014 0.2584739       1.068      0.031
  s1000.rmse
1  0.2009311
2  0.1850032
3  0.1814808
4  0.1874258
5  0.1823801
> 
> proc.time()
   user  system elapsed 
705.629   4.642 723.053 
